{
 "result": true,
 "data": {
  "cursor": {
   "id": 0,
   "ns": "test_database.$cmd.listCollections",
   "firstBatch": [
    {
     "name": "test_collection",
     "type": "collection",
     "options": {
      "validator": {
       "$expr": [
        {
         "$gte": [
          "$total",
          0
         ]
        },
        {
         "$lte": [
          "$status",
          3
         ]
        }
       ]
      }
     },
     "info": {
      "readOnly": false,
      "uuid": {
       "__B64_BINARY__": "8oz5dmxxTkCH1C2Hk5x/5g=="
      }
     },
     "idIndex": {
      "v": 2,
      "key": {
       "_id": 1
      },
      "name": "_id_"
     }
    }
   ]
  },
  "ok": 1
 }
}
