{
 "result": true,
 "data": [
  {
   "_id": "6a342dea5ba6fdb43bedd94e",
   "arrayField": [
    "A",
    "<<MinKey>>"
   ],
   "binaryField": "<Binary data>",
   "boolField": true,
   "dateField": "2025-11-15T10:55:41Z",
   "docField": {
    "code": "const result = 1",
    "number": 10
   },
   "doubleField": 124.456,
   "int32Field": 10,
   "int64Field": 1000,
   "jsField": "const result = [1, 2, 3].map(x => x * 2).filter(x => x > 3);",
   "maxkeyField": "***",
   "minkeyField": "***",
   "nullField": null,
   "oidField": "63ceed18f71dda7d8cf21e8e",
   "regexpField": "/[a-z]+@[a-z]+\\.[a-z]+/i",
   "stringField": "Text",
   "symbolField": "Y",
   "tsField": "Timestamp(1781804522, 0)"
  },
  {
   "_id": "6a342dea5ba6fdb43bedd94d",
   "arrayField": [
    "Value1",
    "Value2"
   ],
   "boolField": true,
   "dateField": "2026-06-18T17:42:02Z",
   "docField": {
    "number": 10,
    "text": "Text"
   },
   "doubleField": 123.456,
   "intField": 200,
   "nullField": null,
   "stringField": "Text"
  }
 ]
}
