{
 "data": {
  "ok": 1,
  "users": [
   {
    "_id": "admin.bayselonarrend",
    "credentials": {
     "SCRAM-SHA-1": {
      "iterationCount": 10000,
      "salt": "Qav4apyB+3UkB53eZtIiEA==",
      "serverKey": "***",
      "storedKey": "***"
     },
     "SCRAM-SHA-256": {
      "iterationCount": 15000,
      "salt": "nLO0xnlSs9iMSpmKP3tEv0hCiwk7helxkaomuQ==",
      "serverKey": "***",
      "storedKey": "***"
     }
    },
    "db": "admin",
    "inheritedAuthenticationRestrictions": [],
    "inheritedPrivileges": [
     {
      "actions": [
       "addShard",
       "allCollectionStats",
       "appendOplogNote",
       "applicationMessage",
       "auditConfigure",
       "authSchemaUpgrade",
       "bypassWriteBlockingMode",
       "cleanupOrphaned",
       "connPoolStats",
       "connPoolSync",
       "dropConnections",
       "flushRouterConfig",
       "forceUUID",
       "fsync",
       "getClusterParameter",
       "getDefaultRWConcern",
       "getCmdLineOpts",
       "getLog",
       "getParameter",
       "getShardMap",
       "hostInfo",
       "inprog",
       "invalidateUserCache",
       "killAnyCursor",
       "killAnySession",
       "killop",
       "listDatabases",
       "listSessions",
       "listShards",
       "logRotate",
       "netstat",
       "oidReset",
       "operationMetrics",
       "queryStatsRead",
       "queryStatsReadTransformed",
       "removeShard",
       "replSetConfigure",
       "replSetGetConfig",
       "replSetGetStatus",
       "replSetResizeOplog",
       "replSetStateChange",
       "resync",
       "rotateCertificates",
       "runTenantMigration",
       "serverStatus",
       "setClusterParameter",
       "setDefaultRWConcern",
       "setFeatureCompatibilityVersion",
       "setParameter",
       "setUserWriteBlockMode",
       "shardedDataDistribution",
       "shardingState",
       "shutdown",
       "top",
       "touch",
       "trafficRecord",
       "unlock",
       "useTenant",
       "useUUID",
       "viewUser",
       "applyOps"
      ],
      "resource": {
       "cluster": true
      }
     },
     {
      "actions": [
       "bypassDocumentValidation",
       "changeCustomData",
       "changePassword",
       "changeStream",
       "clearJumboFlag",
       "collMod",
       "collStats",
       "compact",
       "compactStructuredEncryptionData",
       "convertToCapped",
       "createCollection",
       "createIndex",
       "createRole",
       "createSearchIndexes",
       "createUser",
       "dbHash",
       "dbStats",
       "dropCollection",
       "dropDatabase",
       "dropIndex",
       "dropSearchIndex",
       "dropRole",
       "dropUser",
       "enableProfiler",
       "enableSharding",
       "find",
       "getDatabaseVersion",
       "getShardVersion",
       "grantRole",
       "indexStats",
       "insert",
       "killCursors",
       "listCachedAndActiveUsers",
       "listCollections",
       "listIndexes",
       "listSearchIndexes",
       "moveChunk",
       "planCacheIndexFilter",
       "planCacheRead",
       "planCacheWrite",
       "refineCollectionShardKey",
       "reIndex",
       "remove",
       "renameCollectionSameDB",
       "reshardCollection",
       "revokeRole",
       "setAuthenticationRestriction",
       "splitChunk",
       "splitVector",
       "storageDetails",
       "update",
       "updateSearchIndex",
       "validate",
       "viewRole",
       "viewUser"
      ],
      "resource": {
       "collection": "",
       "db": ""
      }
     },
     {
      "actions": [
       "bypassDocumentValidation",
       "changeCustomData",
       "changePassword",
       "changeStream",
       "clearJumboFlag",
       "collMod",
       "collStats",
       "convertToCapped",
       "createCollection",
       "createIndex",
       "createRole",
       "createSearchIndexes",
       "createUser",
       "dbHash",
       "dbStats",
       "dropCollection",
       "dropRole",
       "dropUser",
       "enableSharding",
       "find",
       "getDatabaseVersion",
       "getShardVersion",
       "grantRole",
       "indexStats",
       "insert",
       "killCursors",
       "listCollections",
       "listIndexes",
       "listSearchIndexes",
       "moveChunk",
       "planCacheRead",
       "refineCollectionShardKey",
       "remove",
       "reshardCollection",
       "revokeRole",
       "setAuthenticationRestriction",
       "splitChunk",
       "splitVector",
       "update",
       "updateSearchIndex",
       "viewRole",
       "viewUser"
      ],
      "resource": {
       "collection": "",
       "db": "config"
      }
     },
     {
      "actions": [
       "collStats",
       "dbStats",
       "getDatabaseVersion",
       "getShardVersion",
       "indexStats"
      ],
      "resource": {
       "collection": "system.sessions",
       "db": "config"
      }
     },
     {
      "actions": [
       "bypassDocumentValidation",
       "changeCustomData",
       "changePassword",
       "changeStream",
       "clearJumboFlag",
       "collMod",
       "collStats",
       "convertToCapped",
       "createCollection",
       "createIndex",
       "createRole",
       "createSearchIndexes",
       "createUser",
       "dbHash",
       "dbStats",
       "dropCollection",
       "dropRole",
       "dropUser",
       "enableSharding",
       "find",
       "getDatabaseVersion",
       "getShardVersion",
       "grantRole",
       "indexStats",
       "insert",
       "killCursors",
       "listCollections",
       "listIndexes",
       "listSearchIndexes",
       "moveChunk",
       "planCacheRead",
       "refineCollectionShardKey",
       "remove",
       "reshardCollection",
       "revokeRole",
       "setAuthenticationRestriction",
       "splitChunk",
       "splitVector",
       "update",
       "updateSearchIndex",
       "viewRole",
       "viewUser"
      ],
      "resource": {
       "collection": "",
       "db": "local"
      }
     },
     {
      "actions": [
       "changeStream",
       "collStats",
       "dbHash",
       "dbStats",
       "find",
       "killCursors",
       "listCollections",
       "listIndexes",
       "listSearchIndexes",
       "planCacheRead"
      ],
      "resource": {
       "collection": "system.js",
       "db": "config"
      }
     },
     {
      "actions": [
       "changeStream",
       "collStats",
       "dbHash",
       "dbStats",
       "find",
       "killCursors",
       "listCollections",
       "listIndexes",
       "listSearchIndexes",
       "planCacheRead"
      ],
      "resource": {
       "collection": "system.js",
       "db": "local"
      }
     },
     {
      "actions": [
       "bypassDocumentValidation",
       "changeStream",
       "collMod",
       "collStats",
       "convertToCapped",
       "createCollection",
       "createIndex",
       "createSearchIndexes",
       "dbHash",
       "dbStats",
       "dropCollection",
       "find",
       "insert",
       "killCursors",
       "listCollections",
       "listIndexes",
       "listSearchIndexes",
       "planCacheRead",
       "updateSearchIndex"
      ],
      "resource": {
       "collection": "system.replset",
       "db": "local"
      }
     },
     {
      "actions": [
       "bypassDocumentValidation",
       "collMod",
       "convertToCapped",
       "createCollection",
       "createIndex",
       "createSearchIndexes",
       "dropCollection",
       "find",
       "insert",
       "remove",
       "update",
       "updateSearchIndex"
      ],
      "resource": {
       "collection": "replset.election",
       "db": "local"
      }
     },
     {
      "actions": [
       "bypassDocumentValidation",
       "collMod",
       "convertToCapped",
       "createCollection",
       "createIndex",
       "createSearchIndexes",
       "dropCollection",
       "find",
       "insert",
       "remove",
       "update",
       "updateSearchIndex"
      ],
      "resource": {
       "collection": "replset.minvalid",
       "db": "local"
      }
     },
     {
      "actions": [
       "changeStream",
       "collStats",
       "convertToCapped",
       "createCollection",
       "dbHash",
       "dbStats",
       "dropCollection",
       "find",
       "killCursors",
       "listCollections",
       "listIndexes",
       "listSearchIndexes",
       "planCacheRead"
      ],
      "resource": {
       "collection": "system.profile",
       "db": ""
      }
     },
     {
      "actions": [
       "bypassDocumentValidation",
       "changeStream",
       "clearJumboFlag",
       "collMod",
       "collStats",
       "compact",
       "compactStructuredEncryptionData",
       "convertToCapped",
       "createCollection",
       "createIndex",
       "createSearchIndexes",
       "dbHash",
       "dbStats",
       "dropCollection",
       "dropDatabase",
       "dropIndex",
       "dropSearchIndex",
       "enableProfiler",
       "enableSharding",
       "find",
       "insert",
       "killCursors",
       "listCollections",
       "listIndexes",
       "listSearchIndexes",
       "moveChunk",
       "planCacheIndexFilter",
       "planCacheRead",
       "planCacheWrite",
       "refineCollectionShardKey",
       "reIndex",
       "remove",
       "renameCollectionSameDB",
       "reshardCollection",
       "splitChunk",
       "splitVector",
       "storageDetails",
       "update",
       "updateSearchIndex",
       "validate"
      ],
      "resource": {
       "system_buckets": ""
      }
     },
     {
      "actions": [
       "collStats",
       "dbCheck",
       "exportCollection",
       "importCollection",
       "listCollections",
       "listIndexes",
       "listSearchIndexes",
       "validate"
      ],
      "resource": {
       "anyResource": true
      }
     },
     {
      "actions": [
       "changeStream",
       "collStats",
       "dbHash",
       "dbStats",
       "find",
       "killCursors",
       "listCollections",
       "listIndexes",
       "listSearchIndexes",
       "planCacheRead"
      ],
      "resource": {
       "collection": "system.healthlog",
       "db": "local"
      }
     },
     {
      "actions": [
       "bypassDocumentValidation",
       "changeStream",
       "collMod",
       "collStats",
       "convertToCapped",
       "createCollection",
       "createIndex",
       "createSearchIndexes",
       "dbHash",
       "dbStats",
       "dropCollection",
       "find",
       "insert",
       "killCursors",
       "listCollections",
       "listIndexes",
       "listSearchIndexes",
       "planCacheRead",
       "remove",
       "update",
       "updateSearchIndex"
      ],
      "resource": {
       "collection": "system.users",
       "db": ""
      }
     },
     {
      "actions": [
       "changeStream",
       "collStats",
       "createIndex",
       "createSearchIndexes",
       "dbHash",
       "dbStats",
       "dropIndex",
       "dropSearchIndex",
       "find",
       "killCursors",
       "listCollections",
       "listIndexes",
       "listSearchIndexes",
       "planCacheRead"
      ],
      "resource": {
       "collection": "system.users",
       "db": "admin"
      }
     },
     {
      "actions": [
       "changeStream",
       "collStats",
       "createIndex",
       "createSearchIndexes",
       "dbHash",
       "dbStats",
       "dropIndex",
       "dropSearchIndex",
       "find",
       "killCursors",
       "listCollections",
       "listIndexes",
       "listSearchIndexes",
       "planCacheRead"
      ],
      "resource": {
       "collection": "system.roles",
       "db": "admin"
      }
     },
     {
      "actions": [
       "bypassDocumentValidation",
       "changeStream",
       "collMod",
       "collStats",
       "convertToCapped",
       "createCollection",
       "createIndex",
       "createSearchIndexes",
       "dbHash",
       "dbStats",
       "dropCollection",
       "find",
       "insert",
       "killCursors",
       "listCollections",
       "listIndexes",
       "listSearchIndexes",
       "planCacheRead",
       "updateSearchIndex"
      ],
      "resource": {
       "collection": "system.version",
       "db": "admin"
      }
     },
     {
      "actions": [
       "bypassDocumentValidation",
       "changeStream",
       "collMod",
       "collStats",
       "convertToCapped",
       "createCollection",
       "createIndex",
       "createSearchIndexes",
       "dbHash",
       "dbStats",
       "dropCollection",
       "find",
       "insert",
       "killCursors",
       "listCollections",
       "listIndexes",
       "listSearchIndexes",
       "planCacheRead",
       "updateSearchIndex"
      ],
      "resource": {
       "collection": "system.backup_users",
       "db": "admin"
      }
     },
     {
      "actions": [
       "bypassDocumentValidation",
       "changeStream",
       "collMod",
       "collStats",
       "compactStructuredEncryptionData",
       "convertToCapped",
       "createCollection",
       "createIndex",
       "createSearchIndexes",
       "dbHash",
       "dbStats",
       "dropCollection",
       "dropIndex",
       "dropSearchIndex",
       "find",
       "insert",
       "killCursors",
       "listCollections",
       "listIndexes",
       "listSearchIndexes",
       "planCacheRead",
       "remove",
       "renameCollectionSameDB",
       "update",
       "updateSearchIndex"
      ],
      "resource": {
       "collection": "system.js",
       "db": ""
      }
     },
     {
      "actions": [
       "find",
       "insert",
       "update"
      ],
      "resource": {
       "collection": "settings",
       "db": "config"
      }
     },
     {
      "actions": [
       "find"
      ],
      "resource": {
       "collection": "tempusers",
       "db": "admin"
      }
     },
     {
      "actions": [
       "find"
      ],
      "resource": {
       "collection": "temproles",
       "db": "admin"
      }
     },
     {
      "actions": [
       "dropCollection"
      ],
      "resource": {
       "collection": "system.views",
       "db": ""
      }
     },
     {
      "actions": [
       "find",
       "remove"
      ],
      "resource": {
       "collection": "system.preimages",
       "db": "config"
      }
     }
    ],
    "inheritedRoles": [
     {
      "db": "admin",
      "role": "root"
     }
    ],
    "mechanisms": [
     "SCRAM-SHA-1",
     "SCRAM-SHA-256"
    ],
    "roles": [
     {
      "db": "admin",
      "role": "root"
     }
    ],
    "user": "bayselonarrend",
    "userId": "<Binary data>"
   },
   {
    "_id": "main.newuser",
    "credentials": {
     "SCRAM-SHA-1": {
      "iterationCount": 10000,
      "salt": "30cimGpnGlqrTaDGvFcTXw==",
      "serverKey": "***",
      "storedKey": "***"
     },
     "SCRAM-SHA-256": {
      "iterationCount": 15000,
      "salt": "cdO4/tKQEopm607XOxAJ1lxDSyloEB/80Hu/Bg==",
      "serverKey": "***",
      "storedKey": "***"
     }
    },
    "db": "main",
    "inheritedAuthenticationRestrictions": [],
    "inheritedPrivileges": [
     {
      "actions": [
       "changeStream",
       "collStats",
       "compactStructuredEncryptionData",
       "convertToCapped",
       "createCollection",
       "createIndex",
       "createSearchIndexes",
       "dbHash",
       "dbStats",
       "dropCollection",
       "dropIndex",
       "dropSearchIndex",
       "find",
       "insert",
       "killCursors",
       "listCollections",
       "listIndexes",
       "listSearchIndexes",
       "planCacheRead",
       "remove",
       "renameCollectionSameDB",
       "update",
       "updateSearchIndex"
      ],
      "resource": {
       "collection": "",
       "db": "main"
      }
     },
     {
      "actions": [
       "changeStream",
       "collStats",
       "compactStructuredEncryptionData",
       "convertToCapped",
       "createCollection",
       "createIndex",
       "createSearchIndexes",
       "dbHash",
       "dbStats",
       "dropCollection",
       "dropIndex",
       "dropSearchIndex",
       "find",
       "insert",
       "killCursors",
       "listCollections",
       "listIndexes",
       "listSearchIndexes",
       "planCacheRead",
       "remove",
       "renameCollectionSameDB",
       "update",
       "updateSearchIndex"
      ],
      "resource": {
       "collection": "system.js",
       "db": "main"
      }
     }
    ],
    "inheritedRoles": [
     {
      "db": "main",
      "role": "readWrite"
     }
    ],
    "mechanisms": [
     "SCRAM-SHA-1",
     "SCRAM-SHA-256"
    ],
    "roles": [
     {
      "db": "main",
      "role": "readWrite"
     }
    ],
    "user": "newuser",
    "userId": "<Binary data>"
   }
  ]
 },
 "result": true
}
