{
 "path": "disk:/86e4cf4f-8d75-47c7-8ddc-52653e0ec960.png",
 "type": "file",
 "name": "86e4cf4f-8d75-47c7-8ddc-52653e0ec960.png",
 "created": "2026-05-21T21:40:36+03:00",
 "modified": "2026-05-21T21:40:36+03:00",
 "size": 2114023,
 "mime_type": "multipart",
 "md5": "9e0176f87f6565a22f78e0f9b39a4d78",
 "sha256": "89f8eb42a35208a17c85036e17237b0aa0657e1841efa6171dc5acbc0dea9e18",
 "media_type": "image",
 "resource_id": "1573541518:0d539f04e784591d0e77cbfc97e08dfd5693da45e301627f9d48e48259fe8e03",
 "revision": 1779388861447057,
 "comment_ids": {
  "public_resource": "1573541518:0d539f04e784591d0e77cbfc97e08dfd5693da45e301627f9d48e48259fe8e03",
  "private_resource": "1573541518:0d539f04e784591d0e77cbfc97e08dfd5693da45e301627f9d48e48259fe8e03"
 },
 "exif": {},
 "antivirus_status": "clean",
 "file": "https://downloader.disk.yandex.ru/disk/713819bfb95256809f59a42c4f95b444d3d965f7235e6ebb28d99f9edc44b..."
}
