{
 "path": "disk:/454ab21a-8330-4d0f-87c0-446b10ac832e.png",
 "type": "file",
 "name": "454ab21a-8330-4d0f-87c0-446b10ac832e.png",
 "created": "2026-06-05T22:54:02+03:00",
 "modified": "2026-06-05T22:54:22+03:00",
 "size": 2114023,
 "mime_type": "multipart",
 "md5": "9e0176f87f6565a22f78e0f9b39a4d78",
 "sha256": "89f8eb42a35208a17c85036e17237b0aa0657e1841efa6171dc5acbc0dea9e18",
 "media_type": "image",
 "resource_id": "1573541518:3df1b842c09732cf1f5130ffb67e3e9d5a1501d5320918a9af269ff34a126ca1",
 "revision": 1780689263059235,
 "comment_ids": {
  "public_resource": "1573541518:3df1b842c09732cf1f5130ffb67e3e9d5a1501d5320918a9af269ff34a126ca1",
  "private_resource": "1573541518:3df1b842c09732cf1f5130ffb67e3e9d5a1501d5320918a9af269ff34a126ca1"
 },
 "exif": {},
 "antivirus_status": "clean",
 "file": "https://downloader.disk.yandex.ru/disk/a3ba602f52141d43d88e53870bc2746446adc352249ff7018f406af5e894c..."
}
