{
 "path": "/",
 "type": "file",
 "name": "2b1215aa-b1b4-4256-ae61-aa0d6661c8bb.png",
 "created": "2026-07-14T06:04:56+00:00",
 "modified": "2026-07-14T06:04:56+00:00",
 "size": 2114023,
 "mime_type": "multipart",
 "md5": "9e0176f87f6565a22f78e0f9b39a4d78",
 "sha256": "89f8eb42a35208a17c85036e17237b0aa0657e1841efa6171dc5acbc0dea9e18",
 "public_key": "***",
 "public_url": "https://yadi.sk/d/JzZ2gaxu-VqMJg",
 "media_type": "image",
 "resource_id": "1573541518:1d6d4762fdb58e138f9ffd28ecc484529eed0662a19b80a2dc63fb6f92e732cb",
 "revision": 1784009134013598,
 "comment_ids": {
  "public_resource": "1573541518:1d6d4762fdb58e138f9ffd28ecc484529eed0662a19b80a2dc63fb6f92e732cb",
  "private_resource": "1573541518:1d6d4762fdb58e138f9ffd28ecc484529eed0662a19b80a2dc63fb6f92e732cb"
 },
 "exif": {},
 "antivirus_status": "clean",
 "file": "https://downloader.disk.yandex.ru/disk/50812295f95cb21fe177e8bd8421cb354061b0b95fbfbf4e8cc9704aa9af66ed/6a5609f0/Kdpe3dFisZLPovVA4r-aBmpkby3AOQiLsayEHYapOMw2ylFGSbZZrsWtGPTvHxG_-QDrqSGFBOOsS3b3gKT1zA%3D%3D?uid=0&filename=2b1215aa-b1b4-4256-ae61-aa0d6661c8bb.png&disposition=attachment&hash=&limit=0&content_type=multipart&owner_uid=0&fsize=2114023&hid=03d7263840468e281bd0b238a26e7d0d&media_type=image&tknv=v3&is_direct_zip_experiment=1&etag=9e0176f87f6565a22f78e0f9b39a4d78",
 "views_count": 0
}
