  
  {
  "user": {
  "login": "bayselonarrend",
  "country": "by",
  "uid": "1573541111",
  "display_name": "bayselonarrend",
  "is_child": false,
  "reg_time": "2024-02-01T22:13:41+00:00"
  },
  "revision": 1707416628219047,
  "system_folders": {
  "photostream": "disk:/Фотокамера/",
  "screenshots": "disk:/Скриншоты/",
  "scans": "disk:/Сканы",
  "messenger": "disk:/Файлы Мессенджера",
  "facebook": "disk:/Социальные сети/Facebook",
  "applications": "disk:/Приложения",
  "downloads": "disk:/Загрузки/",
  "mailru": "disk:/Социальные сети/Мой Мир",
  "attach": "disk:/Почтовые вложения",
  "instagram": "disk:/Социальные сети/Instagram",
  "calendar": "disk:/Материалы встреч",
  "social": "disk:/Социальные сети/",
  "vkontakte": "disk:/Социальные сети/ВКонтакте",
  "google": "disk:/Социальные сети/Google+",
  "odnoklassniki": "disk:/Социальные сети/Одноклассники"
  },
  "unlimited_autoupload_enabled": false,
  "used_space": 73372937,
  "trash_size": 0,
  "reg_time": "2024-02-01T12:13:41+00:00",
  "total_space": 5368709120,
  "is_paid": false,
  "paid_max_file_size": 53687091200,
  "max_file_size": 1073741824
  }
  
