{
 "limit": 2,
 "items": [
  {
   "path": "disk:/Тестовая папка/Мишки.jpg",
   "type": "file",
   "name": "Мишки.jpg",
   "created": "2024-02-01T12:13:45+00:00",
   "modified": "2024-02-10T11:05:03+00:00",
   "size": 1555830,
   "mime_type": "image/jpeg",
   "md5": "569a1c98696050439b5b2a1ecfa52d19",
   "sha256": "d76ce57d8abf4e8eafbc7c85cec59a7a7f12b1d603d51e928be4a3fea0f6817c",
   "preview": "https://downloader.disk.yandex.ru/preview/f2082e1eda56a6df7b3fc7f939414242081338027a4bb10718bae53f18...",
   "media_type": "image",
   "sizes": [
    {
     "url": "https://downloader.disk.yandex.ru/disk/40796c77785bb1e00b206aa6912341574b87dea7c1485f3712ed5e2fc164b...",
     "name": "ORIGINAL"
    },
    {
     "url": "https://downloader.disk.yandex.ru/preview/f2082e1eda56a6df7b3fc7f939414242081338027a4bb10718bae53f18...",
     "name": "DEFAULT"
    },
    {
     "url": "https://downloader.disk.yandex.ru/preview/f2082e1eda56a6df7b3fc7f939414242081338027a4bb10718bae53f18...",
     "name": "XXXS"
    },
    {
     "url": "https://downloader.disk.yandex.ru/preview/f2082e1eda56a6df7b3fc7f939414242081338027a4bb10718bae53f18...",
     "name": "XXS"
    },
    {
     "url": "https://downloader.disk.yandex.ru/preview/f2082e1eda56a6df7b3fc7f939414242081338027a4bb10718bae53f18...",
     "name": "XS"
    },
    {
     "url": "https://downloader.disk.yandex.ru/preview/f2082e1eda56a6df7b3fc7f939414242081338027a4bb10718bae53f18...",
     "name": "S"
    },
    {
     "url": "https://downloader.disk.yandex.ru/preview/f2082e1eda56a6df7b3fc7f939414242081338027a4bb10718bae53f18...",
     "name": "M"
    },
    {
     "url": "https://downloader.disk.yandex.ru/preview/f2082e1eda56a6df7b3fc7f939414242081338027a4bb10718bae53f18...",
     "name": "L"
    },
    {
     "url": "https://downloader.disk.yandex.ru/preview/f2082e1eda56a6df7b3fc7f939414242081338027a4bb10718bae53f18...",
     "name": "XL"
    },
    {
     "url": "https://downloader.disk.yandex.ru/preview/f2082e1eda56a6df7b3fc7f939414242081338027a4bb10718bae53f18...",
     "name": "XXL"
    },
    {
     "url": "https://downloader.disk.yandex.ru/preview/f2082e1eda56a6df7b3fc7f939414242081338027a4bb10718bae53f18...",
     "name": "XXXL"
    },
    {
     "url": "https://downloader.disk.yandex.ru/preview/f2082e1eda56a6df7b3fc7f939414242081338027a4bb10718bae53f18...",
     "name": "C"
    }
   ],
   "resource_id": "1573541518:12897a65b076a5a0a92f3033e271eb251764c1e70ba590f383d55c3da7ef8c60",
   "revision": 1707563104041868,
   "comment_ids": {
    "public_resource": "1573541518:12897a65b076a5a0a92f3033e271eb251764c1e70ba590f383d55c3da7ef8c60",
    "private_resource": "1573541518:12897a65b076a5a0a92f3033e271eb251764c1e70ba590f383d55c3da7ef8c60"
   },
   "exif": {
    "date_time": "2014-12-13T14:29:24+00:00"
   },
   "antivirus_status": "clean",
   "file": "https://downloader.disk.yandex.ru/disk/6393b8510f3dbf40168cbc5002a4527667acf587754d9969137dd05c2932a..."
  },
  {
   "path": "disk:/Тестовая папка/Альпака.png",
   "type": "file",
   "name": "Альпака.png",
   "created": "2024-02-09T08:01:20+00:00",
   "modified": "2024-02-10T11:05:23+00:00",
   "size": 440431,
   "mime_type": "image/png",
   "md5": "8d7bf7d7ee61113f9044f3a28496e458",
   "sha256": "f7607461b40164d5064d1d5085cbe1e94ecb1326e7ff8db857931b2ccd14b7f8",
   "preview": "https://downloader.disk.yandex.ru/preview/18ccf6126de1f9f8417342056b3b45465558dd5c5a6f9e8fbe0a7dba2d...",
   "media_type": "image",
   "sizes": [
    {
     "url": "https://downloader.disk.yandex.ru/disk/07f35a19dbc433ef4448a9ece4d0de5b8b63ce6fcfacbb05758609a20b223...",
     "name": "ORIGINAL"
    },
    {
     "url": "https://downloader.disk.yandex.ru/preview/18ccf6126de1f9f8417342056b3b45465558dd5c5a6f9e8fbe0a7dba2d...",
     "name": "DEFAULT"
    },
    {
     "url": "https://downloader.disk.yandex.ru/preview/18ccf6126de1f9f8417342056b3b45465558dd5c5a6f9e8fbe0a7dba2d...",
     "name": "XXXS"
    },
    {
     "url": "https://downloader.disk.yandex.ru/preview/18ccf6126de1f9f8417342056b3b45465558dd5c5a6f9e8fbe0a7dba2d...",
     "name": "XXS"
    },
    {
     "url": "https://downloader.disk.yandex.ru/preview/18ccf6126de1f9f8417342056b3b45465558dd5c5a6f9e8fbe0a7dba2d...",
     "name": "XS"
    },
    {
     "url": "https://downloader.disk.yandex.ru/preview/18ccf6126de1f9f8417342056b3b45465558dd5c5a6f9e8fbe0a7dba2d...",
     "name": "S"
    },
    {
     "url": "https://downloader.disk.yandex.ru/preview/18ccf6126de1f9f8417342056b3b45465558dd5c5a6f9e8fbe0a7dba2d...",
     "name": "M"
    },
    {
     "url": "https://downloader.disk.yandex.ru/preview/18ccf6126de1f9f8417342056b3b45465558dd5c5a6f9e8fbe0a7dba2d...",
     "name": "L"
    },
    {
     "url": "https://downloader.disk.yandex.ru/preview/18ccf6126de1f9f8417342056b3b45465558dd5c5a6f9e8fbe0a7dba2d...",
     "name": "XL"
    },
    {
     "url": "https://downloader.disk.yandex.ru/preview/18ccf6126de1f9f8417342056b3b45465558dd5c5a6f9e8fbe0a7dba2d...",
     "name": "XXL"
    },
    {
     "url": "https://downloader.disk.yandex.ru/preview/18ccf6126de1f9f8417342056b3b45465558dd5c5a6f9e8fbe0a7dba2d...",
     "name": "XXXL"
    },
    {
     "url": "https://downloader.disk.yandex.ru/preview/18ccf6126de1f9f8417342056b3b45465558dd5c5a6f9e8fbe0a7dba2d...",
     "name": "C"
    }
   ],
   "resource_id": "1573541518:98e55a95f13dc18d7a531ddc8208baa10bdb282970b441243d13a7cd1231a8d1",
   "revision": 1707839673353185,
   "comment_ids": {
    "public_resource": "1573541518:98e55a95f13dc18d7a531ddc8208baa10bdb282970b441243d13a7cd1231a8d1",
    "private_resource": "1573541518:98e55a95f13dc18d7a531ddc8208baa10bdb282970b441243d13a7cd1231a8d1"
   },
   "exif": {},
   "antivirus_status": "clean",
   "file": "https://downloader.disk.yandex.ru/disk/b03531f02b8ea04515696b57798824eef371fd1337076afd6e5c9429f6fe9..."
  }
 ],
 "offset": 1
}
