{
 "data": {
  "cancelled": false,
  "exception": {
   "code": 0,
   "display_text": "",
   "name": "",
   "stack_trace": ""
  },
  "extremes": {
   "BYTES": ""
  },
  "logs": [],
  "output": {
   "meta": [
    {
     "name": "id",
     "type": "UInt64"
    },
    {
     "name": "name",
     "type": "String"
    }
   ],
   "data": [
    {
     "id": "1",
     "name": "John"
    },
    {
     "id": "2",
     "name": "Jane"
    }
   ],
   "rows": 2,
   "statistics": {
    "elapsed": 0.005166434,
    "rows_read": 0,
    "bytes_read": 0
   }
  },
  "output_columns": [],
  "output_format": "JSON",
  "progress": {
   "read_bytes": 42,
   "read_rows": 2,
   "total_rows_to_read": 0,
   "written_bytes": 0,
   "written_rows": 0
  },
  "query_id": "b115f130-86f3-411b-8969-a0fae1904b17",
  "stats": {
   "allocated_bytes": 8448,
   "applied_aggregation": false,
   "applied_limit": false,
   "blocks": 1,
   "rows": 2,
   "rows_before_aggregation": 0,
   "rows_before_limit": 0
  },
  "time_zone": "Europe/Moscow",
  "totals": {
   "BYTES": ""
  }
 },
 "result": true
}
