{
 "result": true,
 "request_sending": {
  "result": true
 },
 "data_sending": [
  {
   "result": true
  },
  {
   "result": true
  },
  {
   "result": true
  },
  {
   "result": true
  }
 ],
 "received_message": {
  "message": {
   "cancelled": false,
   "exception": {
    "code": 0,
    "display_text": "",
    "name": "",
    "stack_trace": ""
   },
   "extremes": "<Binary data>",
   "logs": [],
   "output": "<Binary data>",
   "output_columns": [],
   "output_format": "",
   "progress": {
    "read_bytes": 0,
    "read_rows": 0,
    "total_rows_to_read": 0,
    "written_bytes": 235,
    "written_rows": 5
   },
   "query_id": "4a8ed2f6-21e8-4a52-b29c-2c5c47f41aab",
   "stats": {
    "allocated_bytes": 0,
    "applied_aggregation": false,
    "applied_limit": false,
    "blocks": 0,
    "rows": 0,
    "rows_before_aggregation": 0,
    "rows_before_limit": 0
   },
   "time_zone": "Europe/Moscow",
   "totals": "<Binary data>"
  },
  "result": true
 },
 "stream_closing": {
  "result": true
 }
}
