    {
 "result": {
  "ID": "12216",
  "NAME": "Новое имя файла.jpg",
  "CODE": null,
  "STORAGE_ID": "3",
  "TYPE": "file",
  "PARENT_ID": "3",
  "DELETED_TYPE": 0,
  "GLOBAL_CONTENT_VERSION": "1",
  "FILE_ID": "8426",
  "SIZE": "805189",
  "CREATE_TIME": "2024-10-07T09:26:32+03:00",
  "UPDATE_TIME": "2024-10-07T09:26:53+03:00",
  "DELETE_TIME": "2024-10-07T09:26:53+03:00",
  "CREATED_BY": "1",
  "UPDATED_BY": "1",
  "DELETED_BY": "1",
  "DOWNLOAD_URL": "https://b24-ar17wx.bitrix24.by/rest/1/1o2dojryqvjybc11/download/?token=disk%7CaWQ9MTIyMTYmXz13U0FDUUFFMkhPbFR3RlhzMENDWjJNV1BVRU56YWdzSA%3D%3D%7CImRvd25sb2FkfGRpc2t8YVdROU1USXlNVFltWHoxM1UwRkRVVUZGTWtoUGJGUjNSbGh6TUVORFdqSk5WMUJWUlU1NllXZHpTQT09fDF8MW8yZG9qcnlxdmp5YmMxMSI%3D.zSKHmbXpTEpDdZS5FJ18q36qHySOvHRLQszh0oCXQz4%3D",
  "DETAIL_URL": "https://b24-ar17wx.bitrix24.by/docs/file/Новое имя файла.jpg"
 },
 "time": {
  "start": 1728282413.72303,
  "finish": 1728282413.79983,
  "duration": 0.0768060684204102,
  "processing": 0.0527379512786865,
  "date_start": "2024-10-07T09:26:53+03:00",
  "date_finish": "2024-10-07T09:26:53+03:00",
  "operating_reset_at": 1728283013,
  "operating": 0
 }
}
