{
 "result": {
  "ID": "63386",
  "NAME": "Новый каталог",
  "CODE": null,
  "STORAGE_ID": "3",
  "TYPE": "folder",
  "REAL_OBJECT_ID": "63386",
  "PARENT_ID": "3",
  "DELETED_TYPE": "0",
  "CREATE_TIME": "2026-07-14T08:50:02+00:00",
  "UPDATE_TIME": "2026-07-14T08:50:34+00:00",
  "DELETE_TIME": "2026-07-14T08:50:32+00:00",
  "CREATED_BY": "1",
  "UPDATED_BY": "1",
  "DELETED_BY": "1",
  "DETAIL_URL": "https://b24-ar17wx.bitrix24.by/docs/path/Новый каталог"
 },
 "time": {
  "start": 1784019035,
  "finish": 1784019035.06053,
  "duration": 0.0605289936065674,
  "processing": 0,
  "date_start": "2026-07-14T08:50:35+00:00",
  "date_finish": "2026-07-14T08:50:35+00:00",
  "operating_reset_at": 1784019635,
  "operating": 0
 }
}
