    {
 "result": {
  "ID": "12162",
  "NAME": "Новый каталог",
  "CODE": null,
  "STORAGE_ID": "3",
  "TYPE": "folder",
  "REAL_OBJECT_ID": "12162",
  "PARENT_ID": "3",
  "DELETED_TYPE": 0,
  "CREATE_TIME": "2024-10-06T17:33:15+03:00",
  "UPDATE_TIME": "2024-10-06T17:33:20+03:00",
  "DELETE_TIME": "2024-10-06T17:33:20+03:00",
  "CREATED_BY": "1",
  "UPDATED_BY": "1",
  "DELETED_BY": "1",
  "DETAIL_URL": "https://b24-ar17wx.bitrix24.by/docs/path/Новый каталог"
 },
 "time": {
  "start": 1728225200.19854,
  "finish": 1728225200.25832,
  "duration": 0.0597817897796631,
  "processing": 0.0306241512298584,
  "date_start": "2024-10-06T17:33:20+03:00",
  "date_finish": "2024-10-06T17:33:20+03:00",
  "operating_reset_at": 1728225800,
  "operating": 0
 }
}
