{
 "result": {
  "ID": "63380",
  "NAME": "Новое имя файла.jpg",
  "CODE": null,
  "STORAGE_ID": "3",
  "TYPE": "file",
  "PARENT_ID": "3",
  "DELETED_TYPE": "0",
  "GLOBAL_CONTENT_VERSION": "1",
  "FILE_ID": "43996",
  "SIZE": "805189",
  "CREATE_TIME": "2026-07-14T08:49:26+00:00",
  "UPDATE_TIME": "2026-07-14T08:49:58+00:00",
  "DELETE_TIME": "2026-07-14T08:49:56+00:00",
  "CREATED_BY": "1",
  "UPDATED_BY": "1",
  "DELETED_BY": "1",
  "DOWNLOAD_URL": "https://b24-ar17wx.bitrix24.by/rest/download.json?auth=f204566a006e9f06006b12e40000000100000740ca38d58fdbba5e57352e7432458658&token=disk%7CaWQ9NjMzODAmXz1RNGZrMWZiUERqekozc1k4TWZkN2RxV0RPakdudkxRZg%3D%3D%7CImRvd25sb2FkfGRpc2t8YVdROU5qTXpPREFtWHoxUk5HWnJNV1ppVUVScWVrb3pjMWs0VFdaa04yUnhWMFJQYWtkdWRreFJaZz09fGYyMDQ1NjZhMDA2ZTlmMDYwMDZiMTJlNDAwMDAwMDAxMDAwMDA3NDBjYTM4ZDU4ZmRiYmE1ZTU3MzUyZTc0MzI0NTg2NTgi.QQ2SoWIRsswimMH7sCCRZj80QE0ZWhAyaBlBcqL%2Ff8I%3D",
  "DETAIL_URL": "https://b24-ar17wx.bitrix24.by/docs/file/Новое имя файла.jpg"
 },
 "time": {
  "start": 1784018999,
  "finish": 1784018999.04323,
  "duration": 0.0432260036468506,
  "processing": 0,
  "date_start": "2026-07-14T08:49:59+00:00",
  "date_finish": "2026-07-14T08:49:59+00:00",
  "operating_reset_at": 1784019599,
  "operating": 0
 }
}
