{
 "result": {
  "ID": 63992,
  "NAME": "Картинка1.jpg",
  "CODE": null,
  "STORAGE_ID": "3",
  "TYPE": "file",
  "PARENT_ID": "63980",
  "DELETED_TYPE": 0,
  "GLOBAL_CONTENT_VERSION": 1,
  "FILE_ID": 44432,
  "SIZE": "805191",
  "CREATE_TIME": "2026-07-18T10:37:31+03:00",
  "UPDATE_TIME": "2026-07-18T10:37:31+03:00",
  "DELETE_TIME": null,
  "CREATED_BY": "1",
  "UPDATED_BY": "1",
  "DELETED_BY": null,
  "DOWNLOAD_URL": "https://b24-ar17wx.bitrix24.by/rest/download.json?auth=033a5b6a006e9f06006b12e400000001000007fa15fba836a36e1398e9dc9a9c2cbd1c&token=disk%7CaWQ9NjM5OTImXz1zeUM2ZTYzTzlkSzZuN3piTXo1Y2d2aENmQUNzbFQwUA%3D%3D%7CImRvd25sb2FkfGRpc2t8YVdROU5qTTVPVEltWHoxemVVTTJaVFl6VHpsa1N6WnVOM3BpVFhvMVkyZDJhRU5tUVVOemJGUXdVQT09fDAzM2E1YjZhMDA2ZTlmMDYwMDZiMTJlNDAwMDAwMDAxMDAwMDA3ZmExNWZiYTgzNmEzNmUxMzk4ZTlkYzlhOWMyY2JkMWMi.euwNgYykWRmhhwdSPI%2FgFl1dyfLbAvYFic8xFYM8WU0%3D",
  "DETAIL_URL": "https://b24-ar17wx.bitrix24.by/docs/file/Новый каталог/Картинка1.jpg"
 }
}
