{
 "result": {
  "ID": 63434,
  "NAME": "Картинка1.jpg",
  "CODE": null,
  "STORAGE_ID": "3",
  "TYPE": "file",
  "PARENT_ID": "3",
  "DELETED_TYPE": 0,
  "GLOBAL_CONTENT_VERSION": 1,
  "FILE_ID": 44034,
  "SIZE": "805189",
  "CREATE_TIME": "2026-07-14T10:39:12+00:00",
  "UPDATE_TIME": "2026-07-14T10:39:12+00:00",
  "DELETE_TIME": null,
  "CREATED_BY": "1",
  "UPDATED_BY": "1",
  "DELETED_BY": null,
  "DOWNLOAD_URL": "https://b24-ar17wx.bitrix24.by/rest/download.json?auth=c21e566a006e9f06006b12e400000001000007476e1343f0b00a9eaabd3d46936f2ae2&token=disk%7CaWQ9NjM0MzQmXz0wa0pUajdXM1M2aXJyVGpSUjJVWEROZlBVVUZtQk03WA%3D%3D%7CImRvd25sb2FkfGRpc2t8YVdROU5qTTBNelFtWHowd2EwcFVhamRYTTFNMmFYSnlWR3BTVWpKVldFUk9abEJWVlVadFFrMDNXQT09fGMyMWU1NjZhMDA2ZTlmMDYwMDZiMTJlNDAwMDAwMDAxMDAwMDA3NDc2ZTEzNDNmMGIwMGE5ZWFhYmQzZDQ2OTM2ZjJhZTIi.2zqi2EegcM6AqbOs0yS5f1yxlZTVIGkxy4QOFF6fhW0%3D",
  "DETAIL_URL": "https://b24-ar17wx.bitrix24.by/docs/file/Картинка1.jpg"
 },
 "time": {
  "start": 1784025552,
  "finish": 1784025552.97139,
  "duration": 0.971385955810547,
  "processing": 0,
  "date_start": "2026-07-14T10:39:12+00:00",
  "date_finish": "2026-07-14T10:39:12+00:00",
  "operating_reset_at": 1784026152,
  "operating": 0.318766117095947
 }
}
