{
 "result": [
  {
   "ID": "12",
   "XML_ID": "56479740",
   "ACTIVE": true,
   "NAME": "Bay",
   "LAST_NAME": "Selonarrend",
   "EMAIL": "oarismos@gmail.com",
   "LAST_LOGIN": "2024-07-13T10:17:17+03:00",
   "DATE_REGISTER": "2024-07-13T03:00:00+03:00",
   "IS_ONLINE": "N",
   "TIMESTAMP_X": {},
   "LAST_ACTIVITY_DATE": {},
   "PERSONAL_GENDER": "",
   "PERSONAL_BIRTHDAY": "",
   "UF_EMPLOYMENT_DATE": "",
   "UF_DEPARTMENT": [
    1
   ],
   "USER_TYPE": "employee"
  },
  {
   "ID": "18",
   "XML_ID": "56701916",
   "ACTIVE": true,
   "EMAIL": "hey@exepmple.com",
   "LAST_LOGIN": "",
   "DATE_REGISTER": "2024-07-28T03:00:00+03:00",
   "IS_ONLINE": "N",
   "TIMESTAMP_X": {},
   "PERSONAL_GENDER": "",
   "PERSONAL_BIRTHDAY": "",
   "UF_EMPLOYMENT_DATE": "",
   "UF_DEPARTMENT": [
    1
   ],
   "USER_TYPE": "employee"
  },
  {
   "ID": "34",
   "XML_ID": "56702240",
   "ACTIVE": false,
   "EMAIL": "537fafa9-e5ea-4221-bd46-4f6db2609634@exepmple.org",
   "LAST_LOGIN": "",
   "DATE_REGISTER": "2024-07-28T03:00:00+03:00",
   "IS_ONLINE": "N",
   "TIMESTAMP_X": {},
   "PERSONAL_GENDER": "",
   "PERSONAL_BIRTHDAY": "",
   "UF_EMPLOYMENT_DATE": "",
   "UF_DEPARTMENT": [
    1
   ],
   "USER_TYPE": "employee"
  },
  {
   "ID": "38",
   "XML_ID": "56702244",
   "ACTIVE": false,
   "EMAIL": "442145e1-75e4-4c85-ac6d-e4da44c859a8@exepmple.org",
   "LAST_LOGIN": "",
   "DATE_REGISTER": "2024-07-28T03:00:00+03:00",
   "IS_ONLINE": "N",
   "TIMESTAMP_X": {},
   "PERSONAL_GENDER": "",
   "PERSONAL_BIRTHDAY": "",
   "UF_EMPLOYMENT_DATE": "",
   "UF_DEPARTMENT": [
    1
   ],
   "USER_TYPE": "employee"
  },
  {
   "ID": "42",
   "XML_ID": "56702314",
   "ACTIVE": true,
   "EMAIL": "3f70caee-2203-46ec-b53c-24f1c7092056@exepmple.org",
   "LAST_LOGIN": "",
   "DATE_REGISTER": "2024-07-28T03:00:00+03:00",
   "IS_ONLINE": "N",
   "TIMESTAMP_X": {},
   "PERSONAL_GENDER": "",
   "PERSONAL_BIRTHDAY": "",
   "UF_EMPLOYMENT_DATE": "",
   "UF_DEPARTMENT": [
    1
   ],
   "USER_TYPE": "employee"
  },
  {
   "ID": "46",
   "XML_ID": "56702336",
   "ACTIVE": false,
   "EMAIL": "f23e7d22-016d-4711-aa0f-439951951f35@exepmple.org",
   "LAST_LOGIN": "",
   "DATE_REGISTER": "2024-07-28T03:00:00+03:00",
   "IS_ONLINE": "N",
   "TIMESTAMP_X": {},
   "PERSONAL_GENDER": "",
   "PERSONAL_BIRTHDAY": "",
   "UF_EMPLOYMENT_DATE": "",
   "UF_DEPARTMENT": [
    1
   ],
   "USER_TYPE": "employee"
  },
  {
   "ID": "50",
   "XML_ID": "56702654",
   "ACTIVE": false,
   "EMAIL": "360bd8ae-146c-497b-ae87-0699855f21b7@exepmple.org",
   "LAST_LOGIN": "",
   "DATE_REGISTER": "2024-07-28T03:00:00+03:00",
   "IS_ONLINE": "N",
   "TIMESTAMP_X": {},
   "PERSONAL_GENDER": "",
   "PERSONAL_BIRTHDAY": "",
   "UF_EMPLOYMENT_DATE": "",
   "UF_DEPARTMENT": [
    1
   ],
   "USER_TYPE": "employee"
  },
  {
   "ID": "54",
   "XML_ID": "56721830",
   "ACTIVE": false,
   "EMAIL": "15ea8982-762a-44a0-9c53-c97530015c46@exepmple.org",
   "LAST_LOGIN": "",
   "DATE_REGISTER": "2024-07-29T03:00:00+03:00",
   "IS_ONLINE": "N",
   "TIMESTAMP_X": {},
   "PERSONAL_GENDER": "",
   "PERSONAL_BIRTHDAY": "",
   "UF_EMPLOYMENT_DATE": "",
   "UF_DEPARTMENT": [
    1
   ],
   "USER_TYPE": "employee"
  },
  {
   "ID": "58",
   "XML_ID": "56731228",
   "ACTIVE": false,
   "EMAIL": "60de8e25-7175-44a5-9cdb-cd1fd6ac1e3b@exepmple.org",
   "LAST_LOGIN": "",
   "DATE_REGISTER": "2024-07-30T03:00:00+03:00",
   "IS_ONLINE": "N",
   "TIMESTAMP_X": {},
   "PERSONAL_GENDER": "",
   "PERSONAL_BIRTHDAY": "",
   "UF_EMPLOYMENT_DATE": "",
   "UF_DEPARTMENT": [
    1
   ],
   "USER_TYPE": "employee"
  },
  {
   "ID": "62",
   "XML_ID": "56731718",
   "ACTIVE": false,
   "EMAIL": "6732652a-0dd5-4da6-a4eb-38e9b82a77c1@exepmple.org",
   "LAST_LOGIN": "",
   "DATE_REGISTER": "2024-07-30T03:00:00+03:00",
   "IS_ONLINE": "N",
   "TIMESTAMP_X": {},
   "PERSONAL_GENDER": "",
   "PERSONAL_BIRTHDAY": "",
   "UF_EMPLOYMENT_DATE": "",
   "UF_DEPARTMENT": [
    1
   ],
   "USER_TYPE": "employee"
  },
  {
   "ID": "66",
   "XML_ID": "56732686",
   "ACTIVE": false,
   "EMAIL": "253c0af0-a47c-44d5-9bb3-0bf8c9a8f9e3@exepmple.org",
   "LAST_LOGIN": "",
   "DATE_REGISTER": "2024-07-30T03:00:00+03:00",
   "IS_ONLINE": "N",
   "TIMESTAMP_X": {},
   "PERSONAL_GENDER": "",
   "PERSONAL_BIRTHDAY": "",
   "UF_EMPLOYMENT_DATE": "",
   "UF_DEPARTMENT": [
    1
   ],
   "USER_TYPE": "employee"
  },
  {
   "ID": "70",
   "XML_ID": "56741786",
   "ACTIVE": false,
   "EMAIL": "43e450ae-6ac8-4541-ae7e-58076d1441c5@exepmple.org",
   "LAST_LOGIN": "",
   "DATE_REGISTER": "2024-07-30T03:00:00+03:00",
   "IS_ONLINE": "N",
   "TIMESTAMP_X": {},
   "PERSONAL_GENDER": "",
   "PERSONAL_BIRTHDAY": "",
   "UF_EMPLOYMENT_DATE": "",
   "UF_DEPARTMENT": [
    1
   ],
   "USER_TYPE": "employee"
  },
  {
   "ID": "74",
   "XML_ID": "56741880",
   "ACTIVE": false,
   "EMAIL": "4b50e0e4-4bdb-4bba-8631-14b558dbcc56@exepmple.org",
   "LAST_LOGIN": "",
   "DATE_REGISTER": "2024-07-30T03:00:00+03:00",
   "IS_ONLINE": "N",
   "TIMESTAMP_X": {},
   "PERSONAL_GENDER": "",
   "PERSONAL_BIRTHDAY": "",
   "UF_EMPLOYMENT_DATE": "",
   "UF_DEPARTMENT": [
    1
   ],
   "USER_TYPE": "employee"
  },
  {
   "ID": "78",
   "XML_ID": "56742220",
   "ACTIVE": false,
   "EMAIL": "699568c4-8c29-402b-b385-cd52e98db559@exepmple.org",
   "LAST_LOGIN": "",
   "DATE_REGISTER": "2024-07-30T03:00:00+03:00",
   "IS_ONLINE": "N",
   "TIMESTAMP_X": {},
   "PERSONAL_GENDER": "",
   "PERSONAL_BIRTHDAY": "",
   "UF_EMPLOYMENT_DATE": "",
   "UF_DEPARTMENT": [
    1
   ],
   "USER_TYPE": "employee"
  },
  {
   "ID": "82",
   "XML_ID": "56742236",
   "ACTIVE": false,
   "EMAIL": "b5539023-79a6-4d5d-a7b9-7f1a555dcd55@exepmple.org",
   "LAST_LOGIN": "",
   "DATE_REGISTER": "2024-07-30T03:00:00+03:00",
   "IS_ONLINE": "N",
   "TIMESTAMP_X": {},
   "PERSONAL_GENDER": "",
   "PERSONAL_BIRTHDAY": "",
   "UF_EMPLOYMENT_DATE": "",
   "UF_DEPARTMENT": [
    1
   ],
   "USER_TYPE": "employee"
  },
  {
   "ID": "86",
   "XML_ID": "56800998",
   "ACTIVE": false,
   "EMAIL": "36c63e19-92bb-438c-9a2c-86c404de7a45@exepmple.org",
   "LAST_LOGIN": "",
   "DATE_REGISTER": "2024-08-03T03:00:00+03:00",
   "IS_ONLINE": "N",
   "TIMESTAMP_X": {},
   "PERSONAL_GENDER": "",
   "PERSONAL_BIRTHDAY": "",
   "UF_EMPLOYMENT_DATE": "",
   "UF_DEPARTMENT": [
    1
   ],
   "USER_TYPE": "employee"
  },
  {
   "ID": "90",
   "XML_ID": "56817834",
   "ACTIVE": false,
   "EMAIL": "6d31e690-6b7e-40e8-ac88-ed76ec72a213@exepmple.org",
   "LAST_LOGIN": "",
   "DATE_REGISTER": "2024-08-05T03:00:00+03:00",
   "IS_ONLINE": "N",
   "TIMESTAMP_X": {},
   "PERSONAL_GENDER": "",
   "PERSONAL_BIRTHDAY": "",
   "UF_EMPLOYMENT_DATE": "",
   "UF_DEPARTMENT": [
    1
   ],
   "USER_TYPE": "employee"
  },
  {
   "ID": "94",
   "XML_ID": "56869774",
   "ACTIVE": false,
   "EMAIL": "e5fd45a7-67a2-4807-8c74-3fd58e36d08d@exepmple.org",
   "LAST_LOGIN": "",
   "DATE_REGISTER": "2024-08-07T03:00:00+03:00",
   "IS_ONLINE": "N",
   "TIMESTAMP_X": {},
   "PERSONAL_GENDER": "",
   "PERSONAL_BIRTHDAY": "",
   "UF_EMPLOYMENT_DATE": "",
   "UF_DEPARTMENT": [
    1
   ],
   "USER_TYPE": "employee"
  },
  {
   "ID": "98",
   "XML_ID": "56870062",
   "ACTIVE": false,
   "EMAIL": "c6f307b8-5ae2-44db-80e2-ea15d349e74e@exepmple.org",
   "LAST_LOGIN": "",
   "DATE_REGISTER": "2024-08-07T03:00:00+03:00",
   "IS_ONLINE": "N",
   "TIMESTAMP_X": {},
   "PERSONAL_GENDER": "",
   "PERSONAL_BIRTHDAY": "",
   "UF_EMPLOYMENT_DATE": "",
   "UF_DEPARTMENT": [
    1
   ],
   "USER_TYPE": "employee"
  },
  {
   "ID": "102",
   "XML_ID": "56874214",
   "ACTIVE": false,
   "EMAIL": "8eedbeeb-fa36-42e2-8167-8d898f18756f@exepmple.org",
   "LAST_LOGIN": "",
   "DATE_REGISTER": "2024-08-07T03:00:00+03:00",
   "IS_ONLINE": "N",
   "TIMESTAMP_X": {},
   "PERSONAL_GENDER": "",
   "PERSONAL_BIRTHDAY": "",
   "UF_EMPLOYMENT_DATE": "",
   "UF_DEPARTMENT": [
    1
   ],
   "USER_TYPE": "employee"
  },
  {
   "ID": "106",
   "XML_ID": "56877658",
   "ACTIVE": false,
   "EMAIL": "7f2f6132-8fdd-4827-b86a-5d5c66671428@exepmple.org",
   "LAST_LOGIN": "",
   "DATE_REGISTER": "2024-08-07T03:00:00+03:00",
   "IS_ONLINE": "N",
   "TIMESTAMP_X": {},
   "PERSONAL_GENDER": "",
   "PERSONAL_BIRTHDAY": "",
   "UF_EMPLOYMENT_DATE": "",
   "UF_DEPARTMENT": [
    1
   ],
   "USER_TYPE": "employee"
  },
  {
   "ID": "110",
   "XML_ID": "56909690",
   "ACTIVE": false,
   "EMAIL": "26adc12d-5243-42f5-a0d1-c9c0e1e8b06c@exepmple.org",
   "LAST_LOGIN": "",
   "DATE_REGISTER": "2024-08-09T03:00:00+03:00",
   "IS_ONLINE": "N",
   "TIMESTAMP_X": {},
   "PERSONAL_GENDER": "",
   "PERSONAL_BIRTHDAY": "",
   "UF_EMPLOYMENT_DATE": "",
   "UF_DEPARTMENT": [
    1
   ],
   "USER_TYPE": "employee"
  },
  {
   "ID": "114",
   "XML_ID": "56918798",
   "ACTIVE": false,
   "EMAIL": "17a0459c-5c7d-4933-b320-1c61b0ab0728@exepmple.org",
   "LAST_LOGIN": "",
   "DATE_REGISTER": "2024-08-10T03:00:00+03:00",
   "IS_ONLINE": "N",
   "TIMESTAMP_X": {},
   "PERSONAL_GENDER": "",
   "PERSONAL_BIRTHDAY": "",
   "UF_EMPLOYMENT_DATE": "",
   "UF_DEPARTMENT": [
    1
   ],
   "USER_TYPE": "employee"
  },
  {
   "ID": "118",
   "XML_ID": "56918886",
   "ACTIVE": false,
   "EMAIL": "5ca55f13-333f-43f3-b091-3679ac601bba@exepmple.org",
   "LAST_LOGIN": "",
   "DATE_REGISTER": "2024-08-10T03:00:00+03:00",
   "IS_ONLINE": "N",
   "TIMESTAMP_X": {},
   "PERSONAL_GENDER": "",
   "PERSONAL_BIRTHDAY": "",
   "UF_EMPLOYMENT_DATE": "",
   "UF_DEPARTMENT": [
    1
   ],
   "USER_TYPE": "employee"
  },
  {
   "ID": "122",
   "XML_ID": "56922186",
   "ACTIVE": false,
   "EMAIL": "f8595694-3c4e-4fd6-9092-c6600f57fdd9@exepmple.org",
   "LAST_LOGIN": "",
   "DATE_REGISTER": "2024-08-11T03:00:00+03:00",
   "IS_ONLINE": "N",
   "TIMESTAMP_X": {},
   "PERSONAL_GENDER": "",
   "PERSONAL_BIRTHDAY": "",
   "UF_EMPLOYMENT_DATE": "",
   "UF_DEPARTMENT": [
    1
   ],
   "USER_TYPE": "employee"
  },
  {
   "ID": "126",
   "XML_ID": "56922278",
   "ACTIVE": false,
   "EMAIL": "0ccbddc0-bb99-4469-b42f-51ee0c3f314d@exepmple.org",
   "LAST_LOGIN": "",
   "DATE_REGISTER": "2024-08-11T03:00:00+03:00",
   "IS_ONLINE": "N",
   "TIMESTAMP_X": {},
   "PERSONAL_GENDER": "",
   "PERSONAL_BIRTHDAY": "",
   "UF_EMPLOYMENT_DATE": "",
   "UF_DEPARTMENT": [
    1
   ],
   "USER_TYPE": "employee"
  },
  {
   "ID": "130",
   "XML_ID": "56924458",
   "ACTIVE": false,
   "EMAIL": "0e003f97-ebb7-42ac-af9d-c344a7250a60@exepmple.org",
   "LAST_LOGIN": "",
   "DATE_REGISTER": "2024-08-11T03:00:00+03:00",
   "IS_ONLINE": "N",
   "TIMESTAMP_X": {},
   "PERSONAL_GENDER": "",
   "PERSONAL_BIRTHDAY": "",
   "UF_EMPLOYMENT_DATE": "",
   "UF_DEPARTMENT": [
    1
   ],
   "USER_TYPE": "employee"
  },
  {
   "ID": "134",
   "XML_ID": "56941426",
   "ACTIVE": false,
   "EMAIL": "0cbc2461-b5e4-4fee-b346-400ac0b29c08@exepmple.org",
   "LAST_LOGIN": "",
   "DATE_REGISTER": "2024-08-12T03:00:00+03:00",
   "IS_ONLINE": "N",
   "TIMESTAMP_X": {},
   "PERSONAL_GENDER": "",
   "PERSONAL_BIRTHDAY": "",
   "UF_EMPLOYMENT_DATE": "",
   "UF_DEPARTMENT": [
    1
   ],
   "USER_TYPE": "employee"
  },
  {
   "ID": "138",
   "XML_ID": "56962344",
   "ACTIVE": false,
   "EMAIL": "707eb9f7-17af-4075-b071-b0a620f2eeaf@exepmple.org",
   "LAST_LOGIN": "",
   "DATE_REGISTER": "2024-08-13T03:00:00+03:00",
   "IS_ONLINE": "N",
   "TIMESTAMP_X": {},
   "PERSONAL_GENDER": "",
   "PERSONAL_BIRTHDAY": "",
   "UF_EMPLOYMENT_DATE": "",
   "UF_DEPARTMENT": [
    1
   ],
   "USER_TYPE": "employee"
  },
  {
   "ID": "142",
   "XML_ID": "56968662",
   "ACTIVE": false,
   "EMAIL": "a4521427-055d-4acf-b90c-59f414017a71@exepmple.org",
   "LAST_LOGIN": "",
   "DATE_REGISTER": "2024-08-13T03:00:00+03:00",
   "IS_ONLINE": "N",
   "TIMESTAMP_X": {},
   "PERSONAL_GENDER": "",
   "PERSONAL_BIRTHDAY": "",
   "UF_EMPLOYMENT_DATE": "",
   "UF_DEPARTMENT": [
    1
   ],
   "USER_TYPE": "employee"
  },
  {
   "ID": "146",
   "XML_ID": "56976492",
   "ACTIVE": false,
   "EMAIL": "e2f3de2d-80e0-47e5-acd6-73ddfbf9e309@exepmple.org",
   "LAST_LOGIN": "",
   "DATE_REGISTER": "2024-08-14T03:00:00+03:00",
   "IS_ONLINE": "N",
   "TIMESTAMP_X": {},
   "PERSONAL_GENDER": "",
   "PERSONAL_BIRTHDAY": "",
   "UF_EMPLOYMENT_DATE": "",
   "UF_DEPARTMENT": [
    1
   ],
   "USER_TYPE": "employee"
  },
  {
   "ID": "150",
   "XML_ID": "56976894",
   "ACTIVE": false,
   "EMAIL": "8ec10a9d-3240-4d27-979e-23a51e84f67e@exepmple.org",
   "LAST_LOGIN": "",
   "DATE_REGISTER": "2024-08-14T03:00:00+03:00",
   "IS_ONLINE": "N",
   "TIMESTAMP_X": {},
   "PERSONAL_GENDER": "",
   "PERSONAL_BIRTHDAY": "",
   "UF_EMPLOYMENT_DATE": "",
   "UF_DEPARTMENT": [
    1
   ],
   "USER_TYPE": "employee"
  },
  {
   "ID": "154",
   "XML_ID": "56977284",
   "ACTIVE": false,
   "EMAIL": "980105bb-bdbd-4ff3-a033-5af6d8f2f6cd@exepmple.org",
   "LAST_LOGIN": "",
   "DATE_REGISTER": "2024-08-14T03:00:00+03:00",
   "IS_ONLINE": "N",
   "TIMESTAMP_X": {},
   "PERSONAL_GENDER": "",
   "PERSONAL_BIRTHDAY": "",
   "UF_EMPLOYMENT_DATE": "",
   "UF_DEPARTMENT": [
    1
   ],
   "USER_TYPE": "employee"
  },
  {
   "ID": "158",
   "XML_ID": "56978230",
   "ACTIVE": false,
   "EMAIL": "0c7d7dc2-ccc2-4a12-a73e-19f7ab7efb50@exepmple.org",
   "LAST_LOGIN": "",
   "DATE_REGISTER": "2024-08-14T03:00:00+03:00",
   "IS_ONLINE": "N",
   "TIMESTAMP_X": {},
   "PERSONAL_GENDER": "",
   "PERSONAL_BIRTHDAY": "",
   "UF_EMPLOYMENT_DATE": "",
   "UF_DEPARTMENT": [
    1
   ],
   "USER_TYPE": "employee"
  },
  {
   "ID": "162",
   "XML_ID": "57029978",
   "ACTIVE": false,
   "EMAIL": "c1dd60d9-dc72-470f-b962-11dbb9d12b65@exepmple.org",
   "LAST_LOGIN": "",
   "DATE_REGISTER": "2024-08-17T03:00:00+03:00",
   "IS_ONLINE": "N",
   "TIMESTAMP_X": {},
   "PERSONAL_GENDER": "",
   "PERSONAL_BIRTHDAY": "",
   "UF_EMPLOYMENT_DATE": "",
   "UF_DEPARTMENT": [
    1
   ],
   "USER_TYPE": "employee"
  },
  {
   "ID": "166",
   "XML_ID": "57032610",
   "ACTIVE": false,
   "EMAIL": "aa529ce5-9d21-41f8-9fba-6778a1888905@exepmple.org",
   "LAST_LOGIN": "",
   "DATE_REGISTER": "2024-08-17T03:00:00+03:00",
   "IS_ONLINE": "N",
   "TIMESTAMP_X": {},
   "PERSONAL_GENDER": "",
   "PERSONAL_BIRTHDAY": "",
   "UF_EMPLOYMENT_DATE": "",
   "UF_DEPARTMENT": [
    1
   ],
   "USER_TYPE": "employee"
  },
  {
   "ID": "170",
   "XML_ID": "57032708",
   "ACTIVE": false,
   "EMAIL": "2b6e8c16-8987-4480-a4fa-119d3760509a@exepmple.org",
   "LAST_LOGIN": "",
   "DATE_REGISTER": "2024-08-18T03:00:00+03:00",
   "IS_ONLINE": "N",
   "TIMESTAMP_X": {},
   "PERSONAL_GENDER": "",
   "PERSONAL_BIRTHDAY": "",
   "UF_EMPLOYMENT_DATE": "",
   "UF_DEPARTMENT": [
    1
   ],
   "USER_TYPE": "employee"
  },
  {
   "ID": "174",
   "XML_ID": "57035278",
   "ACTIVE": false,
   "EMAIL": "c3c6c7cf-37e0-4acb-9869-46312bb82c30@exepmple.org",
   "LAST_LOGIN": "",
   "DATE_REGISTER": "2024-08-18T03:00:00+03:00",
   "IS_ONLINE": "N",
   "TIMESTAMP_X": {},
   "PERSONAL_GENDER": "",
   "PERSONAL_BIRTHDAY": "",
   "UF_EMPLOYMENT_DATE": "",
   "UF_DEPARTMENT": [
    1
   ],
   "USER_TYPE": "employee"
  },
  {
   "ID": "178",
   "XML_ID": "57035790",
   "ACTIVE": false,
   "EMAIL": "72b6baab-ec07-487e-944f-6e2f9189b15f@exepmple.org",
   "LAST_LOGIN": "",
   "DATE_REGISTER": "2024-08-18T03:00:00+03:00",
   "IS_ONLINE": "N",
   "TIMESTAMP_X": {},
   "PERSONAL_GENDER": "",
   "PERSONAL_BIRTHDAY": "",
   "UF_EMPLOYMENT_DATE": "",
   "UF_DEPARTMENT": [
    1
   ],
   "USER_TYPE": "employee"
  },
  {
   "ID": "182",
   "XML_ID": "57037052",
   "ACTIVE": false,
   "EMAIL": "bf15b6f1-f534-4ea5-95fd-97772fb1f690@exepmple.org",
   "LAST_LOGIN": "",
   "DATE_REGISTER": "2024-08-18T03:00:00+03:00",
   "IS_ONLINE": "N",
   "TIMESTAMP_X": {},
   "PERSONAL_GENDER": "",
   "PERSONAL_BIRTHDAY": "",
   "UF_EMPLOYMENT_DATE": "",
   "UF_DEPARTMENT": [
    1
   ],
   "USER_TYPE": "employee"
  },
  {
   "ID": "186",
   "XML_ID": "57037212",
   "ACTIVE": false,
   "EMAIL": "fa3227a3-3b2e-4612-bcf8-12a1d6bf2c42@exepmple.org",
   "LAST_LOGIN": "",
   "DATE_REGISTER": "2024-08-18T03:00:00+03:00",
   "IS_ONLINE": "N",
   "TIMESTAMP_X": {},
   "PERSONAL_GENDER": "",
   "PERSONAL_BIRTHDAY": "",
   "UF_EMPLOYMENT_DATE": "",
   "UF_DEPARTMENT": [
    1
   ],
   "USER_TYPE": "employee"
  },
  {
   "ID": "190",
   "XML_ID": "57037354",
   "ACTIVE": false,
   "EMAIL": "19335b54-d5ba-4401-9fd7-4f7e821b1854@exepmple.org",
   "LAST_LOGIN": "",
   "DATE_REGISTER": "2024-08-18T03:00:00+03:00",
   "IS_ONLINE": "N",
   "TIMESTAMP_X": {},
   "PERSONAL_GENDER": "",
   "PERSONAL_BIRTHDAY": "",
   "UF_EMPLOYMENT_DATE": "",
   "UF_DEPARTMENT": [
    1
   ],
   "USER_TYPE": "employee"
  },
  {
   "ID": "194",
   "XML_ID": "57043600",
   "ACTIVE": false,
   "EMAIL": "a6b95bfb-964c-455d-a4c0-8a7d40f72961@exepmple.org",
   "LAST_LOGIN": "",
   "DATE_REGISTER": "2024-08-19T03:00:00+03:00",
   "IS_ONLINE": "N",
   "TIMESTAMP_X": {},
   "PERSONAL_GENDER": "",
   "PERSONAL_BIRTHDAY": "",
   "UF_EMPLOYMENT_DATE": "",
   "UF_DEPARTMENT": [
    1
   ],
   "USER_TYPE": "employee"
  },
  {
   "ID": "198",
   "XML_ID": "57044002",
   "ACTIVE": false,
   "EMAIL": "e84f2fe1-7368-4376-b0b9-ccaf98e19125@exepmple.org",
   "LAST_LOGIN": "",
   "DATE_REGISTER": "2024-08-19T03:00:00+03:00",
   "IS_ONLINE": "N",
   "TIMESTAMP_X": {},
   "PERSONAL_GENDER": "",
   "PERSONAL_BIRTHDAY": "",
   "UF_EMPLOYMENT_DATE": "",
   "UF_DEPARTMENT": [
    1
   ],
   "USER_TYPE": "employee"
  },
  {
   "ID": "202",
   "XML_ID": "57050444",
   "ACTIVE": false,
   "EMAIL": "58c196a2-8710-4c52-b7db-a1947bf6503e@exepmple.org",
   "LAST_LOGIN": "",
   "DATE_REGISTER": "2024-08-19T03:00:00+03:00",
   "IS_ONLINE": "N",
   "TIMESTAMP_X": {},
   "PERSONAL_GENDER": "",
   "PERSONAL_BIRTHDAY": "",
   "UF_EMPLOYMENT_DATE": "",
   "UF_DEPARTMENT": [
    1
   ],
   "USER_TYPE": "employee"
  },
  {
   "ID": "206",
   "XML_ID": "57053524",
   "ACTIVE": false,
   "EMAIL": "8f23b682-689f-43c9-bbc6-3dd61b0fc27f@exepmple.org",
   "LAST_LOGIN": "",
   "DATE_REGISTER": "2024-08-19T03:00:00+03:00",
   "IS_ONLINE": "N",
   "TIMESTAMP_X": {},
   "PERSONAL_GENDER": "",
   "PERSONAL_BIRTHDAY": "",
   "UF_EMPLOYMENT_DATE": "",
   "UF_DEPARTMENT": [
    1
   ],
   "USER_TYPE": "employee"
  },
  {
   "ID": "210",
   "XML_ID": "57058106",
   "ACTIVE": false,
   "EMAIL": "aa9374da-5bf4-4052-8c78-c8c8ae7d0eb2@exepmple.org",
   "LAST_LOGIN": "",
   "DATE_REGISTER": "2024-08-19T03:00:00+03:00",
   "IS_ONLINE": "N",
   "TIMESTAMP_X": {},
   "PERSONAL_GENDER": "",
   "PERSONAL_BIRTHDAY": "",
   "UF_EMPLOYMENT_DATE": "",
   "UF_DEPARTMENT": [
    1
   ],
   "USER_TYPE": "employee"
  },
  {
   "ID": "214",
   "XML_ID": "57073116",
   "ACTIVE": false,
   "EMAIL": "d410b94d-f375-4376-88c8-1a3601688eef@exepmple.org",
   "LAST_LOGIN": "",
   "DATE_REGISTER": "2024-08-20T03:00:00+03:00",
   "IS_ONLINE": "N",
   "TIMESTAMP_X": {},
   "PERSONAL_GENDER": "",
   "PERSONAL_BIRTHDAY": "",
   "UF_EMPLOYMENT_DATE": "",
   "UF_DEPARTMENT": [
    1
   ],
   "USER_TYPE": "employee"
  },
  {
   "ID": "218",
   "XML_ID": "57100856",
   "ACTIVE": false,
   "EMAIL": "c52793ac-b07b-43df-b03a-3077cffba3a5@exepmple.org",
   "LAST_LOGIN": "",
   "DATE_REGISTER": "2024-08-21T03:00:00+03:00",
   "IS_ONLINE": "N",
   "TIMESTAMP_X": {},
   "PERSONAL_GENDER": "",
   "PERSONAL_BIRTHDAY": "",
   "UF_EMPLOYMENT_DATE": "",
   "UF_DEPARTMENT": [
    1
   ],
   "USER_TYPE": "employee"
  },
  {
   "ID": "222",
   "XML_ID": "57101250",
   "ACTIVE": false,
   "EMAIL": "1b9d1e39-759f-48a3-9e21-f4ba702d2cb1@exepmple.org",
   "LAST_LOGIN": "",
   "DATE_REGISTER": "2024-08-21T03:00:00+03:00",
   "IS_ONLINE": "N",
   "TIMESTAMP_X": {},
   "PERSONAL_GENDER": "",
   "PERSONAL_BIRTHDAY": "",
   "UF_EMPLOYMENT_DATE": "",
   "UF_DEPARTMENT": [
    1
   ],
   "USER_TYPE": "employee"
  }
 ],
 "next": 50,
 "total": 807,
 "time": {
  "start": 1767728197,
  "finish": 1767728197.51232,
  "duration": 0.512316942214966,
  "processing": 0,
  "date_start": "2026-01-06T22:36:37+03:00",
  "date_finish": "2026-01-06T22:36:37+03:00",
  "operating_reset_at": 1767728797,
  "operating": 0
 }
}
