    {
 "result": {
  "STATUS": "OPENED",
  "TIME_START": "2024-07-30T07:10:51+00:00",
  "TIME_FINISH": null,
  "DURATION": "00:00:00",
  "TIME_LEAKS": "00:09:59",
  "ACTIVE": false,
  "IP_OPEN": "",
  "IP_CLOSE": "93.125.42.204",
  "LAT_OPEN": 0,
  "LON_OPEN": 0,
  "LAT_CLOSE": 0,
  "LON_CLOSE": 0,
  "TZ_OFFSET": 10800
 },
 "time": {
  "start": 1722328318.11628,
  "finish": 1722328318.39851,
  "duration": 0.282224178314209,
  "processing": 0.181716918945312,
  "date_start": "2024-07-30T08:31:58+00:00",
  "date_finish": "2024-07-30T08:31:58+00:00",
  "operating_reset_at": 1722328918,
  "operating": 0.181692123413086
 }
}
