{
 "result": {
  "task": {
   "id": "11858",
   "parentId": null,
   "title": "Другой заголовок задачи",
   "description": "Другое описание задачи",
   "mark": null,
   "priority": "1",
   "multitask": "N",
   "notViewed": "N",
   "replicate": "N",
   "stageId": "0",
   "sprintId": null,
   "backlogId": null,
   "createdBy": "1",
   "createdDate": "2026-07-13T08:53:35+00:00",
   "responsibleId": "2960",
   "changedBy": "1",
   "changedDate": "2026-07-13T08:54:46+00:00",
   "statusChangedBy": "1",
   "closedBy": "1",
   "closedDate": null,
   "activityDate": "2026-07-13T08:54:46+00:00",
   "dateStart": "2026-07-13T08:54:44+00:00",
   "deadline": "2026-07-14T08:53:00+00:00",
   "startDatePlan": "2026-07-13T08:53:35+00:00",
   "endDatePlan": "2026-07-13T21:00:00+00:00",
   "guid": "{cbc99ee6-dcbe-4d43-94d1-7e79a5b20428}",
   "xmlId": null,
   "commentsCount": null,
   "serviceCommentsCount": null,
   "allowChangeDeadline": "N",
   "allowTimeTracking": "N",
   "taskControl": "N",
   "addInReport": "N",
   "forkedByTemplateId": null,
   "timeEstimate": "0",
   "timeSpentInLogs": null,
   "matchWorkTime": "N",
   "forumTopicId": null,
   "forumId": null,
   "siteId": "s1",
   "subordinate": "Y",
   "exchangeModified": null,
   "exchangeId": null,
   "outlookVersion": "9",
   "viewedDate": null,
   "sorting": null,
   "durationFact": null,
   "isMuted": "N",
   "isPinned": "N",
   "isPinnedInGroup": "N",
   "flowId": "***",
   "chatId": "***",
   "descriptionInBbcode": "Y",
   "status": "3",
   "statusChangedDate": "2026-07-13T08:54:44+00:00",
   "durationPlan": null,
   "durationType": "days",
   "favorite": "N",
   "groupId": "0",
   "auditors": [
    "1"
   ],
   "accomplices": [],
   "checklist": [],
   "group": [],
   "creator": {
    "id": "1",
    "name": "Антон Титовец",
    "link": "/company/personal/user/1/",
    "icon": "https://b24-ar17wx.bitrix24.by/b28528874/resize_cache/30/c0120a8d7c10d63c83e32398d1ec4d9e/main/d7e/d7e99cf556e4ab676463dae2c00ddfbb/a7e0af6899300e3c684caeca5c334d81.jpg",
    "workPosition": null
   },
   "responsible": {
    "id": "2960",
    "name": "Oleg Lama",
    "link": "/company/personal/user/2960/",
    "icon": "/bitrix/images/tasks/default_avatar.png",
    "workPosition": null
   },
   "accomplicesData": [],
   "auditorsData": {
    "1": {
     "id": "1",
     "name": "Антон Титовец",
     "link": "/company/personal/user/1/",
     "icon": "https://b24-ar17wx.bitrix24.by/b28528874/resize_cache/30/c0120a8d7c10d63c83e32398d1ec4d9e/main/d7e/d7e99cf556e4ab676463dae2c00ddfbb/a7e0af6899300e3c684caeca5c334d81.jpg",
     "workPosition": null
    }
   },
   "newCommentsCount": 0,
   "action": {
    "accept": false,
    "decline": false,
    "complete": true,
    "approve": false,
    "disapprove": false,
    "start": false,
    "pause": true,
    "delegate": true,
    "remove": true,
    "edit": true,
    "defer": false,
    "renew": false,
    "create": true,
    "changeDeadline": true,
    "checklistAddItems": true,
    "addFavorite": true,
    "deleteFavorite": false,
    "rate": true,
    "take": false,
    "edit.originator": "***",
    "checklist.reorder": true,
    "elapsedtime.add": true,
    "dayplan.timer.toggle": false,
    "edit.plan": true,
    "checklist.add": true,
    "favorite.add": true,
    "favorite.delete": false
   },
   "checkListTree": {
    "nodeId": 0,
    "fields": {
     "id": null,
     "copiedId": null,
     "entityId": null,
     "userId": 1,
     "createdBy": null,
     "parentId": null,
     "title": "",
     "sortIndex": null,
     "displaySortIndex": "",
     "isComplete": false,
     "isImportant": false,
     "completedCount": 0,
     "members": [],
     "attachments": [],
     "nodeId": null
    },
    "action": [],
    "descendants": []
   },
   "checkListCanAdd": true
  }
 },
 "time": {
  "start": 1783932886,
  "finish": 1783932886.8125,
  "duration": 0.812501907348633,
  "processing": 0,
  "date_start": "2026-07-13T08:54:46+00:00",
  "date_finish": "2026-07-13T08:54:46+00:00",
  "operating_reset_at": 1783933486,
  "operating": 0.161725997924805
 }
}
