{
 "result": {
  "FILES": {
   "upload62608": {
    "id": 62608,
    "chatId": "***",
    "date": {},
    "type": "file",
    "name": "Важный документ.docx",
    "extension": "docx",
    "size": 24071,
    "image": false,
    "status": "done",
    "progress": 100,
    "authorId": 1,
    "authorName": "Антон Титовец",
    "urlPreview": "",
    "urlShow": "https://b24-ar17wx.bitrix24.by/bitrix/services/main/ajax.php?action=disk.api.file.download&SITE_ID=s1&humanRE=1&fileId=62608&exact=N&fileName=%D0%92%D0%B0%D0%B6%D0%BD%D1%8B%D0%B9%20%D0%B4%D0%BE%D0%BA%D1%83%D0%BC%D0%B5%D0%BD%D1%82.docx",
    "urlDownload": "https://b24-ar17wx.bitrix24.by/bitrix/services/main/ajax.php?action=disk.api.file.download&SITE_ID=s1&humanRE=1&fileId=62608&exact=N&fileName=%D0%92%D0%B0%D0%B6%D0%BD%D1%8B%D0%B9%20%D0%B4%D0%BE%D0%BA%D1%83%D0%BC%D0%B5%D0%BD%D1%82.docx",
    "viewerAttrs": {
     "viewer": "",
     "viewerType": "cloud-document",
     "src": "https://b24-ar17wx.bitrix24.by/bitrix/services/main/ajax.php?action=disk.api.file.download&SITE_ID=s1&humanRE=1&fileId=62608&exact=N&fileName=%D0%92%D0%B0%D0%B6%D0%BD%D1%8B%D0%B9%20%D0%B4%D0%BE%D0%BA%D1%83%D0%BC%D0%B5%D0%BD%D1%82.docx",
     "viewerTypeClass": "BX.Disk.Viewer.UnifiedLinkItem",
     "viewerSeparateItem": true,
     "viewerExtension": "disk.viewer.unified-link-item",
     "objectId": "62608",
     "imChatId": "***",
     "title": "Важный документ.docx",
     "unifiedLink": "https://b24-ar17wx.bitrix24.by/doc/DTJROZBo9eL6JCuoHzjK",
     "actions": "[{\"type\":\"download\"},{\"type\":\"copyToMe\",\"text\":\"Сохранить на Диск\",\"action\":\"BXIM.disk.saveToDiskAction\",\"params\":{\"fileId\":\"62608\"},\"extension\":\"disk.viewer.actions\",\"buttonIconClass\":\"ui-btn-icon-cloud\"}]"
    },
    "mediaUrl": {
     "preview": {
      "250": ""
     }
    },
    "isTranscribable": false,
    "isVideoNote": false,
    "isVoiceNote": false
   }
  },
  "DISK_ID": [
   "62608"
  ],
  "FILE_MODELS": {
   "upload62608": {
    "id": 62608,
    "name": "Важный документ.docx",
    "createTime": {},
    "updateTime": {},
    "deleteTime": null,
    "code": null,
    "xmlId": null,
    "storageId": 6,
    "realObjectId": 62608,
    "parentId": 62604,
    "deletedType": 0,
    "createdBy": "1",
    "updatedBy": "1",
    "deletedBy": "0",
    "uniqueCode": "DTJROZBo9eL6JCuoHzjK",
    "typeFile": 4,
    "globalContentVersion": 2,
    "fileId": 43420,
    "size": 24071,
    "etag": "fcc0cca6ad68074fcade149e15744a9e",
    "links": {
     "download": "/bitrix/services/main/ajax.php?action=disk.file.download&SITE_ID=s1&fileId=62608&_uls=e554e7f772d9917dbeeee1ee924d62138ef5b0f0ddc5d2bfc13896a88c350b56",
     "showInGrid": "/bitrix/tools/disk/focus.php?objectId=62608&action=showObjectInGrid&ncc=1"
    }
   }
  },
  "MESSAGE_ID": 107422
 },
 "time": {
  "start": 1782762929,
  "finish": 1782762930.00132,
  "duration": 1.00131988525391,
  "processing": 1,
  "date_start": "2026-06-29T22:55:29+03:00",
  "date_finish": "2026-06-29T22:55:30+03:00",
  "operating_reset_at": 1782763529,
  "operating": 0
 }
}
