    {
 "result": {
  "task": {
   "id": "2356",
   "parentId": null,
   "title": "Другой заголовок задачи",
   "description": "Другое описание задачи",
   "mark": null,
   "priority": "1",
   "multitask": "N",
   "notViewed": "N",
   "replicate": "N",
   "stageId": "0",
   "createdBy": "1",
   "createdDate": "2024-10-07T21:45:55+03:00",
   "responsibleId": "586",
   "changedBy": "1",
   "changedDate": "2024-10-07T21:46:04+03:00",
   "statusChangedBy": "1",
   "closedBy": "0",
   "closedDate": null,
   "activityDate": "2024-10-07T21:46:03+03:00",
   "dateStart": null,
   "deadline": "2024-10-09T00:45:00+03:00",
   "startDatePlan": "2024-10-07T21:45:55+03:00",
   "endDatePlan": "2024-10-08T00:00:00+03:00",
   "guid": "{0fd3d60b-e1ac-40b1-8348-586017785e28}",
   "xmlId": null,
   "commentsCount": "1",
   "serviceCommentsCount": "1",
   "allowChangeDeadline": "N",
   "allowTimeTracking": "N",
   "taskControl": "N",
   "addInReport": "N",
   "forkedByTemplateId": null,
   "timeEstimate": "0",
   "timeSpentInLogs": null,
   "matchWorkTime": "N",
   "forumTopicId": "1638",
   "forumId": "11",
   "siteId": "s1",
   "subordinate": "N",
   "exchangeModified": null,
   "exchangeId": null,
   "outlookVersion": "5",
   "viewedDate": "2024-10-07T21:46:04+03:00",
   "sorting": null,
   "durationFact": null,
   "isMuted": "N",
   "isPinned": "N",
   "isPinnedInGroup": "N",
   "flowId": null,
   "descriptionInBbcode": "Y",
   "status": "6",
   "statusChangedDate": "2024-10-07T21:46:04+03:00",
   "durationPlan": null,
   "durationType": "days",
   "favorite": "N",
   "groupId": "0",
   "auditors": [],
   "accomplices": [],
   "checklist": [],
   "group": [],
   "creator": {
    "id": "1",
    "name": "Антон Титовец",
    "link": "/company/personal/user/1/",
    "icon": "https://b24-ar17wx.bitrix24.by/b28528874/resize_cache/30/c0120a8d7c10d63c83e32398d1ec4d9e/main/d7e/d7e99cf556e4ab676463dae2c00ddfbb/a7e0af6899300e3c684caeca5c334d81.jpg",
    "workPosition": null
   },
   "responsible": {
    "id": "586",
    "name": "Олег Лама",
    "link": "/company/personal/user/586/",
    "icon": "/bitrix/images/tasks/default_avatar.png",
    "workPosition": null
   },
   "accomplicesData": [],
   "auditorsData": [],
   "newCommentsCount": 0,
   "action": {
    "accept": false,
    "decline": false,
    "complete": true,
    "approve": false,
    "disapprove": false,
    "start": false,
    "pause": false,
    "delegate": true,
    "remove": true,
    "edit": true,
    "defer": false,
    "renew": true,
    "create": true,
    "changeDeadline": true,
    "checklistAddItems": true,
    "addFavorite": true,
    "deleteFavorite": false,
    "rate": true,
    "edit.originator": false,
    "checklist.reorder": true,
    "elapsedtime.add": true,
    "dayplan.timer.toggle": false,
    "edit.plan": true,
    "checklist.add": true,
    "favorite.add": true,
    "favorite.delete": false
   },
   "checkListTree": {
    "nodeId": 0,
    "fields": {
     "id": null,
     "copiedId": null,
     "entityId": null,
     "userId": 1,
     "createdBy": null,
     "parentId": null,
     "title": "",
     "sortIndex": null,
     "displaySortIndex": "",
     "isComplete": false,
     "isImportant": false,
     "completedCount": 0,
     "members": [],
     "attachments": []
    },
    "action": [],
    "descendants": []
   },
   "checkListCanAdd": true
  }
 },
 "time": {
  "start": 1728326764.51616,
  "finish": 1728326764.70175,
  "duration": 0.185585021972656,
  "processing": 0.16169810295105,
  "date_start": "2024-10-07T21:46:04+03:00",
  "date_finish": "2024-10-07T21:46:04+03:00",
  "operating_reset_at": 1728327364,
  "operating": 0.161679029464722
 }
}
