{
 "result": {
  "ID": "62584",
  "NAME": "Новый подкаталог 2",
  "CODE": null,
  "STORAGE_ID": "3",
  "TYPE": "folder",
  "REAL_OBJECT_ID": "62584",
  "PARENT_ID": 62580,
  "DELETED_TYPE": "0",
  "CREATE_TIME": "2026-06-29T22:53:07+03:00",
  "UPDATE_TIME": "2026-06-29T22:53:11+03:00",
  "DELETE_TIME": null,
  "CREATED_BY": "1",
  "UPDATED_BY": "1",
  "DELETED_BY": "0",
  "DETAIL_URL": "https://b24-ar17wx.bitrix24.by/docs/path/Новый каталог 2/Новый подкаталог 2"
 },
 "time": {
  "start": 1782762808,
  "finish": 1782762808.19928,
  "duration": 0.19928503036499,
  "processing": 0,
  "date_start": "2026-06-29T22:53:28+03:00",
  "date_finish": "2026-06-29T22:53:28+03:00",
  "operating_reset_at": 1782763408,
  "operating": 0
 }
}
