{
 "result": {
  "ID": "63286",
  "NAME": "Новый каталог",
  "CODE": null,
  "STORAGE_ID": "3",
  "TYPE": "folder",
  "REAL_OBJECT_ID": "63286",
  "PARENT_ID": "3",
  "DELETED_TYPE": "0",
  "CREATE_TIME": "2026-07-14T06:04:20+00:00",
  "UPDATE_TIME": "2026-07-14T06:04:20+00:00",
  "DELETE_TIME": null,
  "CREATED_BY": "1",
  "UPDATED_BY": "1",
  "DELETED_BY": "0",
  "DETAIL_URL": "https://b24-ar17wx.bitrix24.by/docs/path/Новый каталог"
 },
 "time": {
  "start": 1784009062,
  "finish": 1784009062.21169,
  "duration": 0.211692094802856,
  "processing": 0,
  "date_start": "2026-07-14T06:04:22+00:00",
  "date_finish": "2026-07-14T06:04:22+00:00",
  "operating_reset_at": 1784009662,
  "operating": 0
 }
}
