{
 "result": {
  "ID": "63434",
  "NAME": "Новое имя файла.jpg",
  "CODE": null,
  "STORAGE_ID": "3",
  "TYPE": "file",
  "PARENT_ID": 63444,
  "DELETED_TYPE": "0",
  "GLOBAL_CONTENT_VERSION": "1",
  "FILE_ID": "44034",
  "SIZE": "805189",
  "CREATE_TIME": "2026-07-14T10:39:12+00:00",
  "UPDATE_TIME": "2026-07-14T10:39:43+00:00",
  "DELETE_TIME": "2026-07-14T10:39:41+00:00",
  "CREATED_BY": "1",
  "UPDATED_BY": "1",
  "DELETED_BY": "1",
  "DOWNLOAD_URL": "https://b24-ar17wx.bitrix24.by/rest/download.json?auth=c21e566a006e9f06006b12e400000001000007476e1343f0b00a9eaabd3d46936f2ae2&token=disk%7CaWQ9NjM0MzQmXz1ib0tQSlQyUUJrRU9kODVjWkczMUplRjRYRlZaOENsbg%3D%3D%7CImRvd25sb2FkfGRpc2t8YVdROU5qTTBNelFtWHoxaWIwdFFTbFF5VVVKclJVOWtPRFZqV2tjek1VcGxSalJZUmxaYU9FTnNiZz09fGMyMWU1NjZhMDA2ZTlmMDYwMDZiMTJlNDAwMDAwMDAxMDAwMDA3NDc2ZTEzNDNmMGIwMGE5ZWFhYmQzZDQ2OTM2ZjJhZTIi.6o3ZBiQMiU7XN%2B5vnBXI27e%2FN8hUXO%2FQg6pZ5%2Bq9%2BRg%3D",
  "DETAIL_URL": "https://b24-ar17wx.bitrix24.by/docs/file/Новый каталог/Новый подкаталог/Новое имя файла.jpg"
 },
 "time": {
  "start": 1784025595,
  "finish": 1784025595.56199,
  "duration": 0.561990022659302,
  "processing": 0,
  "date_start": "2026-07-14T10:39:55+00:00",
  "date_finish": "2026-07-14T10:39:55+00:00",
  "operating_reset_at": 1784026195,
  "operating": 0
 }
}
