{
 "result": {
  "ID": "63542",
  "NAME": "Новое имя файла.jpg",
  "CODE": null,
  "STORAGE_ID": "3",
  "TYPE": "file",
  "PARENT_ID": "3",
  "DELETED_TYPE": "0",
  "GLOBAL_CONTENT_VERSION": "1",
  "FILE_ID": "44114",
  "SIZE": "805189",
  "CREATE_TIME": "2026-07-15T17:51:32+00:00",
  "UPDATE_TIME": "2026-07-15T17:52:00+00:00",
  "DELETE_TIME": null,
  "CREATED_BY": "1",
  "UPDATED_BY": "1",
  "DELETED_BY": "0",
  "DOWNLOAD_URL": "https://b24-ar17wx.bitrix24.by/rest/download.json?auth=7ed5576a006e9f06006b12e400000001000007fc19816eb37720946083937be8c2c342&token=disk%7CaWQ9NjM1NDImXz04VkNBbTlDYmFGSlAwZlgzdDRUTVJYZTdzeUl6TlpMTQ%3D%3D%7CImRvd25sb2FkfGRpc2t8YVdROU5qTTFOREltWHowNFZrTkJiVGxEWW1GR1NsQXdabGd6ZERSVVRWSllaVGR6ZVVsNlRscE1UUT09fDdlZDU1NzZhMDA2ZTlmMDYwMDZiMTJlNDAwMDAwMDAxMDAwMDA3ZmMxOTgxNmViMzc3MjA5NDYwODM5MzdiZThjMmMzNDIi.je33Af9vvj%2B1yq8Zv3NRH7Pt0Q6d511fOlmBuzaAbjc%3D",
  "DETAIL_URL": "https://b24-ar17wx.bitrix24.by/docs/file/Новое имя файла.jpg"
 },
 "time": {
  "start": 1784137920,
  "finish": 1784137920.93825,
  "duration": 0.938249111175537,
  "processing": 0,
  "date_start": "2026-07-15T17:52:00+00:00",
  "date_finish": "2026-07-15T17:52:00+00:00",
  "operating_reset_at": 1784138520,
  "operating": 0
 }
}
