    {
 "result": {
  "ID": "12336",
  "NAME": "Новое имя файла.jpg",
  "CODE": null,
  "STORAGE_ID": "3",
  "TYPE": "file",
  "PARENT_ID": 12344,
  "DELETED_TYPE": "0",
  "GLOBAL_CONTENT_VERSION": "1",
  "FILE_ID": "8506",
  "SIZE": "805189",
  "CREATE_TIME": "2024-10-07T21:46:24+03:00",
  "UPDATE_TIME": "2024-10-07T21:46:45+03:00",
  "DELETE_TIME": "2024-10-07T21:46:45+03:00",
  "CREATED_BY": "1",
  "UPDATED_BY": "1",
  "DELETED_BY": "1",
  "DOWNLOAD_URL": "https://b24-ar17wx.bitrix24.by/rest/1/1o2dojryqvjybc11/download/?token=disk%7CaWQ9MTIzMzYmXz1jazFlSnJwN25BeXdPM0F2UzhSQVhFeGhwOGNydUZQbQ%3D%3D%7CImRvd25sb2FkfGRpc2t8YVdROU1USXpNelltWHoxamF6RmxTbkp3TjI1QmVYZFBNMEYyVXpoU1FWaEZlR2h3T0dOeWRVWlFiUT09fDF8MW8yZG9qcnlxdmp5YmMxMSI%3D.VYTuJvoE6%2FMAQYphelRQmUmjERH1maR%2F7pg67NLcbcA%3D",
  "DETAIL_URL": "https://b24-ar17wx.bitrix24.by/docs/file/Новый каталог/Новый подкаталог 2/Новое имя файла.jpg"
 },
 "time": {
  "start": 1728326807.1149,
  "finish": 1728326807.16777,
  "duration": 0.052868127822876,
  "processing": 0.0250120162963867,
  "date_start": "2024-10-07T21:46:47+03:00",
  "date_finish": "2024-10-07T21:46:47+03:00",
  "operating_reset_at": 1728327407,
  "operating": 0
 }
}
