    {
 "result": {
  "ID": "12346",
  "NAME": "Новый подкаталог",
  "CODE": null,
  "STORAGE_ID": "3",
  "TYPE": "folder",
  "REAL_OBJECT_ID": "12346",
  "PARENT_ID": 12340,
  "DELETED_TYPE": "0",
  "CREATE_TIME": "2024-10-07T21:46:47+03:00",
  "UPDATE_TIME": "2024-10-07T21:46:47+03:00",
  "DELETE_TIME": null,
  "CREATED_BY": "1",
  "UPDATED_BY": "1",
  "DELETED_BY": "0",
  "DETAIL_URL": "https://b24-ar17wx.bitrix24.by/docs/path/Новый каталог 2/Новый подкаталог"
 },
 "time": {
  "start": 1728326810.9061,
  "finish": 1728326810.95942,
  "duration": 0.053325891494751,
  "processing": 0.028407096862793,
  "date_start": "2024-10-07T21:46:50+03:00",
  "date_finish": "2024-10-07T21:46:50+03:00",
  "operating_reset_at": 1728327410,
  "operating": 0
 }
}
