    {
 "result": {
  "ID": "12154",
  "NAME": "Новое имя файла 2.jpg",
  "CODE": null,
  "STORAGE_ID": "3",
  "TYPE": "file",
  "PARENT_ID": "3",
  "DELETED_TYPE": "0",
  "GLOBAL_CONTENT_VERSION": "1",
  "FILE_ID": "8384",
  "SIZE": "2114023",
  "CREATE_TIME": "2024-10-06T17:32:53+03:00",
  "UPDATE_TIME": "2024-10-06T17:32:53+03:00",
  "DELETE_TIME": null,
  "CREATED_BY": "1",
  "UPDATED_BY": "1",
  "DELETED_BY": "0",
  "DOWNLOAD_URL": "https://b24-ar17wx.bitrix24.by/rest/1/1o2dojryqvjybc11/download/?token=disk%7CaWQ9MTIxNTQmXz13WnF4ZlhQSFFJcXVxazQ3TU5Bdk50SjVkaG5hNFVtMg%3D%3D%7CImRvd25sb2FkfGRpc2t8YVdROU1USXhOVFFtWHoxM1duRjRabGhRU0ZGSmNYVnhhelEzVFU1QmRrNTBTalZrYUc1aE5GVnRNZz09fDF8MW8yZG9qcnlxdmp5YmMxMSI%3D.U2t1NCf9RiCVDePWuexdGUjkX7zrsnV%2FLzt9bgP%2F1jg%3D",
  "DETAIL_URL": "https://b24-ar17wx.bitrix24.by/docs/file/Новое имя файла 2.jpg"
 },
 "time": {
  "start": 1728225194.54427,
  "finish": 1728225194.59047,
  "duration": 0.0462019443511963,
  "processing": 0.0156471729278564,
  "date_start": "2024-10-06T17:33:14+03:00",
  "date_finish": "2024-10-06T17:33:14+03:00",
  "operating_reset_at": 1728225794,
  "operating": 0
 }
}
