{
 "result": {
  "ID": "6736",
  "TITLE": "Плановая продажа",
  "TYPE_ID": "GOODS",
  "STAGE_ID": "NEW",
  "PREVIOUS_STAGE_ID": "",
  "PROBABILITY": "30",
  "CURRENCY_ID": "USD",
  "OPPORTUNITY": "5000.00",
  "IS_MANUAL_OPPORTUNITY": "N",
  "TAX_VALUE": "0.00",
  "LEAD_ID": null,
  "COMPANY_ID": "1",
  "CONTACT_ID": "3",
  "MYCOMPANY_ID": "0",
  "QUOTE_ID": null,
  "BEGINDATE": "2024-01-01T03:00:00+03:00",
  "CLOSEDATE": "2030-01-01T03:00:00+03:00",
  "ASSIGNED_BY_ID": "1",
  "CREATED_BY_ID": "1",
  "MODIFY_BY_ID": "1",
  "DATE_CREATE": "2026-04-23T16:59:54+03:00",
  "DATE_MODIFY": "2026-04-23T16:59:54+03:00",
  "OPENED": "Y",
  "CLOSED": "N",
  "COMMENTS": null,
  "ADDITIONAL_INFO": null,
  "LOCATION_ID": null,
  "CATEGORY_ID": "0",
  "STAGE_SEMANTIC_ID": "P",
  "IS_NEW": "Y",
  "IS_RECURRING": "N",
  "IS_RETURN_CUSTOMER": "N",
  "IS_REPEATED_APPROACH": "N",
  "SOURCE_ID": "",
  "SOURCE_DESCRIPTION": null,
  "ORIGINATOR_ID": "***",
  "ORIGIN_ID": "***",
  "MOVED_BY_ID": "1",
  "MOVED_TIME": "2026-04-23T16:59:54+03:00",
  "LAST_ACTIVITY_TIME": "2026-04-23T16:59:54+03:00",
  "UTM_SOURCE": null,
  "UTM_MEDIUM": null,
  "UTM_CAMPAIGN": null,
  "UTM_CONTENT": null,
  "UTM_TERM": null,
  "LAST_COMMUNICATION_TIME": null,
  "LAST_ACTIVITY_BY": "1"
 },
 "time": {
  "start": 1776952795,
  "finish": 1776952795.9555,
  "duration": 0.955497980117798,
  "processing": 0,
  "date_start": "2026-04-23T16:59:55+03:00",
  "date_finish": "2026-04-23T16:59:55+03:00",
  "operating_reset_at": 1776953395,
  "operating": 0
 }
}
