    {
 "result": {
  "list": [
   {
    "id": "29294",
    "createdDate": "07.10.2024 16:05:48",
    "field": "NEW",
    "value": {
     "from": null,
     "to": null
    },
    "user": {
     "id": "1",
     "name": "Антон",
     "lastName": "Титовец",
     "secondName": null,
     "login": "VKuser657846756"
    }
   },
   {
    "id": "29304",
    "createdDate": "07.10.2024 16:05:54",
    "field": "START_DATE_PLAN",
    "value": {
     "from": "",
     "to": "1728306348"
    },
    "user": {
     "id": "1",
     "name": "Антон",
     "lastName": "Титовец",
     "secondName": null,
     "login": "VKuser657846756"
    }
   },
   {
    "id": "29306",
    "createdDate": "07.10.2024 16:05:54",
    "field": "END_DATE_PLAN",
    "value": {
     "from": "",
     "to": "1728334800"
    },
    "user": {
     "id": "1",
     "name": "Антон",
     "lastName": "Титовец",
     "secondName": null,
     "login": "VKuser657846756"
    }
   },
   {
    "id": "29308",
    "createdDate": "07.10.2024 16:05:54",
    "field": "DURATION_PLAN_SECONDS",
    "value": {
     "from": "",
     "to": "28452"
    },
    "user": {
     "id": "1",
     "name": "Антон",
     "lastName": "Титовец",
     "secondName": null,
     "login": "VKuser657846756"
    }
   },
   {
    "id": "29310",
    "createdDate": "07.10.2024 16:05:55",
    "field": "TITLE",
    "value": {
     "from": "Новая задача",
     "to": "Другой заголовок задачи"
    },
    "user": {
     "id": "1",
     "name": "Антон",
     "lastName": "Титовец",
     "secondName": null,
     "login": "VKuser657846756"
    }
   },
   {
    "id": "29312",
    "createdDate": "07.10.2024 16:05:55",
    "field": "DESCRIPTION",
    "value": {
     "from": "",
     "to": ""
    },
    "user": {
     "id": "1",
     "name": "Антон",
     "lastName": "Титовец",
     "secondName": null,
     "login": "VKuser657846756"
    }
   },
   {
    "id": "29314",
    "createdDate": "07.10.2024 16:05:55",
    "field": "PRIORITY",
    "value": {
     "from": "2",
     "to": "1"
    },
    "user": {
     "id": "1",
     "name": "Антон",
     "lastName": "Титовец",
     "secondName": null,
     "login": "VKuser657846756"
    }
   },
   {
    "id": "29322",
    "createdDate": "07.10.2024 16:05:57",
    "field": "RESPONSIBLE_ID",
    "value": {
     "from": "1",
     "to": "582"
    },
    "user": {
     "id": "1",
     "name": "Антон",
     "lastName": "Титовец",
     "secondName": null,
     "login": "VKuser657846756"
    }
   },
   {
    "id": "29324",
    "createdDate": "07.10.2024 16:05:58",
    "field": "COMMENT",
    "value": {
     "from": null,
     "to": "5818"
    },
    "user": {
     "id": "1",
     "name": "Антон",
     "lastName": "Титовец",
     "secondName": null,
     "login": "VKuser657846756"
    }
   },
   {
    "id": "29330",
    "createdDate": "07.10.2024 16:05:59",
    "field": "STATUS",
    "value": {
     "from": "2",
     "to": "6"
    },
    "user": {
     "id": "1",
     "name": "Антон",
     "lastName": "Титовец",
     "secondName": null,
     "login": "VKuser657846756"
    }
   },
   {
    "id": "29334",
    "createdDate": "07.10.2024 16:06:00",
    "field": "STATUS",
    "value": {
     "from": "6",
     "to": "5"
    },
    "user": {
     "id": "1",
     "name": "Антон",
     "lastName": "Титовец",
     "secondName": null,
     "login": "VKuser657846756"
    }
   },
   {
    "id": "29336",
    "createdDate": "07.10.2024 16:06:00",
    "field": "COMMENT",
    "value": {
     "from": null,
     "to": "5824"
    },
    "user": {
     "id": "1",
     "name": "Антон",
     "lastName": "Титовец",
     "secondName": null,
     "login": "VKuser657846756"
    }
   },
   {
    "id": "29342",
    "createdDate": "07.10.2024 16:06:01",
    "field": "STATUS",
    "value": {
     "from": "5",
     "to": "2"
    },
    "user": {
     "id": "1",
     "name": "Антон",
     "lastName": "Титовец",
     "secondName": null,
     "login": "VKuser657846756"
    }
   },
   {
    "id": "29344",
    "createdDate": "07.10.2024 16:06:01",
    "field": "COMMENT",
    "value": {
     "from": null,
     "to": "5828"
    },
    "user": {
     "id": "1",
     "name": "Антон",
     "lastName": "Титовец",
     "secondName": null,
     "login": "VKuser657846756"
    }
   },
   {
    "id": "29350",
    "createdDate": "07.10.2024 16:06:02",
    "field": "STATUS",
    "value": {
     "from": "2",
     "to": "3"
    },
    "user": {
     "id": "1",
     "name": "Антон",
     "lastName": "Титовец",
     "secondName": null,
     "login": "VKuser657846756"
    }
   },
   {
    "id": "29354",
    "createdDate": "07.10.2024 16:06:04",
    "field": "STATUS",
    "value": {
     "from": "3",
     "to": "2"
    },
    "user": {
     "id": "1",
     "name": "Антон",
     "lastName": "Титовец",
     "secondName": null,
     "login": "VKuser657846756"
    }
   }
  ]
 },
 "time": {
  "start": 1728306365.16902,
  "finish": 1728306365.20316,
  "duration": 0.0341379642486572,
  "processing": 0.00690889358520508,
  "date_start": "2024-10-07T16:06:05+03:00",
  "date_finish": "2024-10-07T16:06:05+03:00",
  "operating_reset_at": 1728306965,
  "operating": 0
 }
}
