    {
 "result": {
  "ID": "1416",
  "TASK_ID": "2346",
  "PARENT_ID": "1414",
  "CREATED_BY": "1",
  "TITLE": "Новый текст пункта чек-листа",
  "SORT_INDEX": "1",
  "IS_COMPLETE": "Y",
  "IS_IMPORTANT": "N",
  "TOGGLED_BY": null,
  "TOGGLED_DATE": "",
  "MEMBERS": [],
  "ATTACHMENTS": []
 },
 "time": {
  "start": 1728306368.15092,
  "finish": 1728306368.20208,
  "duration": 0.0511610507965088,
  "processing": 0.0239851474761963,
  "date_start": "2024-10-07T16:06:08+03:00",
  "date_finish": "2024-10-07T16:06:08+03:00",
  "operating_reset_at": 1728306968,
  "operating": 0
 }
}
