    {
 "ID": "<идентификатор сделки>",
 "ASSIGNED_BY_ID": "<идентификатор ответственного>",
 "BEGINDATE": "<дата начала>",
 "CATEGORY_ID": "<идентификатор направления>",
 "CLOSEDATE": "<дата завершения>",
 "COMPANY_ID": "<идентификатор компании>",
 "CONTACT_ID": "<идентификатор контакта>",
 "CREATED_BY_ID": "<идентификатор автора>",
 "CURRENCY_ID": "<идентификатор валюты>",
 "DATE_CREATE": "<дата создания>",
 "DATE_MODIFY": "<дата изменения>",
 "IS_NEW": "<признак новой сделки (Y|N)>",
 "IS_RECURRING": "<признак шаблона (Y|N)>",
 "IS_RETURN_CUSTOMER": "<признак повторного лида (Y|N)>",
 "LEAD_ID": "<идентификатор привязанного лида>",
 "MODIFY_BY_ID": "<идентификатор автора последнего изменения>",
 "MOVED_BY_ID": "<идентификатор автора перемещения сделки на текущую стадию>",
 "MOVED_TIME": "<дата перемещения сделки на текущую стадию>",
 "OPENED": "<признак доступен для всех (Y|N)>",
 "OPPORTUNITY": "<предполагаемая сумма>",
 "PROBABILITY": "<вероятность>",
 "REQUISITE_ID": "<идентификатор реквизита>",
 "STAGE_ID": "<идентификатор стадии>",
 "TITLE": "<название сделки (можно искать по шаблону [%_])>",
 "TYPE_ID": "<тип сделки>"
}
