    {
 "result": {
  "ID": "12342",
  "NAME": "Новый каталог",
  "CODE": null,
  "STORAGE_ID": "3",
  "TYPE": "folder",
  "REAL_OBJECT_ID": "12342",
  "PARENT_ID": "3",
  "DELETED_TYPE": "0",
  "CREATE_TIME": "2024-10-07T21:46:46+03:00",
  "UPDATE_TIME": "2024-10-07T21:46:46+03:00",
  "DELETE_TIME": null,
  "CREATED_BY": "1",
  "UPDATED_BY": "1",
  "DELETED_BY": "0",
  "DETAIL_URL": "https://b24-ar17wx.bitrix24.by/docs/path/Новый каталог"
 },
 "time": {
  "start": 1728326806.55798,
  "finish": 1728326806.59046,
  "duration": 0.0324780941009522,
  "processing": 0.00513696670532227,
  "date_start": "2024-10-07T21:46:46+03:00",
  "date_finish": "2024-10-07T21:46:46+03:00",
  "operating_reset_at": 1728327406,
  "operating": 0
 }
}
