{
 "result": [
  {
   "ID": "52",
   "TITLE": "Продажа в RUB",
   "TYPE_ID": "GOODS",
   "STAGE_ID": "NEW",
   "PROBABILITY": "30",
   "CURRENCY_ID": "RUB",
   "OPPORTUNITY": "50000.00",
   "IS_MANUAL_OPPORTUNITY": "N",
   "TAX_VALUE": null,
   "LEAD_ID": null,
   "COMPANY_ID": "1",
   "CONTACT_ID": "3",
   "QUOTE_ID": null,
   "BEGINDATE": "2024-01-01T00:00:00+00:00",
   "CLOSEDATE": "2030-01-01T00:00:00+00:00",
   "ASSIGNED_BY_ID": "1",
   "CREATED_BY_ID": "1",
   "MODIFY_BY_ID": "1",
   "DATE_CREATE": "2024-08-25T08:26:58+00:00",
   "DATE_MODIFY": "2024-08-25T08:26:59+00:00",
   "OPENED": "Y",
   "CLOSED": "N",
   "COMMENTS": null,
   "ADDITIONAL_INFO": null,
   "LOCATION_ID": null,
   "CATEGORY_ID": "0",
   "STAGE_SEMANTIC_ID": "P",
   "IS_NEW": "Y",
   "IS_RECURRING": "N",
   "IS_RETURN_CUSTOMER": "N",
   "IS_REPEATED_APPROACH": "N",
   "SOURCE_ID": null,
   "SOURCE_DESCRIPTION": null,
   "ORIGINATOR_ID": null,
   "ORIGIN_ID": null,
   "MOVED_BY_ID": "1",
   "MOVED_TIME": "2024-08-25T08:26:58+00:00",
   "LAST_ACTIVITY_TIME": "2024-08-25T08:26:58+00:00",
   "UTM_SOURCE": null,
   "UTM_MEDIUM": null,
   "UTM_CAMPAIGN": null,
   "UTM_CONTENT": null,
   "UTM_TERM": null,
   "LAST_COMMUNICATION_TIME": null,
   "LAST_ACTIVITY_BY": "1"
  }
 ],
 "total": 1,
 "time": {
  "start": 1761888541,
  "finish": 1761888541.16167,
  "duration": 0.161665916442871,
  "processing": 0,
  "date_start": "2025-10-31T05:29:01+00:00",
  "date_finish": "2025-10-31T05:29:01+00:00",
  "operating_reset_at": 1761889141,
  "operating": 0
 }
}
