{
 "result": {
  "POST_MESSAGE_HTML": null,
  "ID": "18084",
  "AUTHOR_ID": "1",
  "AUTHOR_NAME": "Антон Титовец",
  "AUTHOR_EMAIL": "",
  "POST_DATE": "2025-09-08T09:17:58+00:00",
  "POST_MESSAGE": "Задача изменена, расходимся"
 },
 "time": {
  "start": 1757323113.68149,
  "finish": 1757323113.78316,
  "duration": 0.101669073104858,
  "processing": 0.0660519599914551,
  "date_start": "2025-09-08T09:18:33+00:00",
  "date_finish": "2025-09-08T09:18:33+00:00",
  "operating_reset_at": 1757323713,
  "operating": 0
 }
}
