    {
 "result": [
  {
   "ID": "580",
   "XML_ID": "57933332",
   "ACTIVE": true,
   "EMAIL": "76cd9b1a-a945-4fc7-a281-c1dbf0c3bc0a@exepmple.org",
   "LAST_LOGIN": "",
   "DATE_REGISTER": "2024-10-07T03:00:00+03:00",
   "IS_ONLINE": "N",
   "TIMESTAMP_X": {},
   "PERSONAL_GENDER": "",
   "PERSONAL_BIRTHDAY": "",
   "UF_EMPLOYMENT_DATE": "",
   "UF_DEPARTMENT": [
    1
   ],
   "USER_TYPE": "employee"
  }
 ],
 "total": 1,
 "time": {
  "start": 1728282528.80208,
  "finish": 1728282528.85133,
  "duration": 0.0492520332336426,
  "processing": 0.0210080146789551,
  "date_start": "2024-10-07T09:28:48+03:00",
  "date_finish": "2024-10-07T09:28:48+03:00",
  "operating_reset_at": 1728283128,
  "operating": 0
 }
}
