{
 "result": {
  "task": {
   "id": "10360",
   "parentId": null,
   "title": "Другой заголовок задачи",
   "description": "Другое описание задачи",
   "mark": null,
   "priority": "1",
   "multitask": "N",
   "notViewed": "N",
   "replicate": "N",
   "stageId": "0",
   "sprintId": null,
   "backlogId": null,
   "createdBy": "1",
   "createdDate": "2026-04-27T13:56:36+00:00",
   "responsibleId": "1",
   "changedBy": "1",
   "changedDate": "2026-04-27T13:56:42+00:00",
   "statusChangedBy": null,
   "closedBy": null,
   "closedDate": null,
   "activityDate": "2026-04-27T13:56:42+00:00",
   "dateStart": null,
   "deadline": "2026-04-28T13:56:00+00:00",
   "startDatePlan": "2026-04-27T13:56:36+00:00",
   "endDatePlan": "2026-04-27T21:00:00+00:00",
   "guid": "{4314af3f-2bf9-4e88-bc7d-4f8f67c79a26}",
   "xmlId": null,
   "commentsCount": null,
   "serviceCommentsCount": null,
   "allowChangeDeadline": "N",
   "allowTimeTracking": "N",
   "taskControl": "N",
   "addInReport": "N",
   "forkedByTemplateId": null,
   "timeEstimate": "0",
   "timeSpentInLogs": null,
   "matchWorkTime": "N",
   "forumTopicId": null,
   "forumId": null,
   "siteId": "s1",
   "subordinate": "Y",
   "exchangeModified": null,
   "exchangeId": null,
   "outlookVersion": "3",
   "viewedDate": null,
   "sorting": null,
   "durationFact": null,
   "isMuted": "N",
   "isPinned": "N",
   "isPinnedInGroup": "N",
   "flowId": "***",
   "chatId": "***",
   "descriptionInBbcode": "Y",
   "status": "2",
   "statusChangedDate": "2026-04-27T13:56:42+00:00",
   "durationPlan": null,
   "durationType": "days",
   "favorite": "N",
   "groupId": "0",
   "auditors": [],
   "accomplices": [],
   "checklist": [],
   "group": [],
   "creator": {
    "id": "1",
    "name": "Антон Титовец",
    "link": "/company/personal/user/1/",
    "icon": "https://b24-ar17wx.bitrix24.by/b28528874/resize_cache/30/c0120a8d7c10d63c83e32398d1ec4d9e/main/d7e/d...",
    "workPosition": null
   },
   "responsible": {
    "id": "1",
    "name": "Антон Титовец",
    "link": "/company/personal/user/1/",
    "icon": "https://b24-ar17wx.bitrix24.by/b28528874/resize_cache/30/c0120a8d7c10d63c83e32398d1ec4d9e/main/d7e/d...",
    "workPosition": null
   },
   "accomplicesData": [],
   "auditorsData": [],
   "newCommentsCount": 0,
   "action": {
    "accept": false,
    "decline": false,
    "complete": true,
    "approve": false,
    "disapprove": false,
    "start": true,
    "pause": false,
    "delegate": true,
    "remove": true,
    "edit": true,
    "defer": true,
    "renew": false,
    "create": true,
    "changeDeadline": true,
    "checklistAddItems": true,
    "addFavorite": true,
    "deleteFavorite": false,
    "rate": true,
    "take": false,
    "edit.originator": "***",
    "checklist.reorder": true,
    "elapsedtime.add": true,
    "dayplan.timer.toggle": false,
    "edit.plan": true,
    "checklist.add": true,
    "favorite.add": true,
    "favorite.delete": false
   },
   "checkListTree": {
    "nodeId": 0,
    "fields": {
     "id": null,
     "copiedId": null,
     "entityId": null,
     "userId": 1,
     "createdBy": null,
     "parentId": null,
     "title": "",
     "sortIndex": null,
     "displaySortIndex": "",
     "isComplete": false,
     "isImportant": false,
     "completedCount": 0,
     "members": [],
     "attachments": [],
     "nodeId": null
    },
    "action": [],
    "descendants": []
   },
   "checkListCanAdd": true
  }
 },
 "time": {
  "start": 1777298204,
  "finish": 1777298204.59936,
  "duration": 0.599359035491943,
  "processing": 0,
  "date_start": "2026-04-27T13:56:44+00:00",
  "date_finish": "2026-04-27T13:56:44+00:00",
  "operating_reset_at": 1777298804,
  "operating": 0.113428115844727
 }
}
