{
 "result": [
  {
   "ID": "63442",
   "NAME": "Новый подкаталог 2",
   "CODE": null,
   "STORAGE_ID": "3",
   "TYPE": "folder",
   "REAL_OBJECT_ID": "63442",
   "PARENT_ID": "63440",
   "DELETED_TYPE": "0",
   "CREATE_TIME": "2026-07-14T10:39:53+00:00",
   "UPDATE_TIME": "2026-07-14T10:39:56+00:00",
   "DELETE_TIME": null,
   "CREATED_BY": "1",
   "UPDATED_BY": "1",
   "DELETED_BY": "0",
   "DETAIL_URL": "https://b24-ar17wx.bitrix24.by/docs/path/Новый каталог/Новый подкаталог 2"
  },
  {
   "ID": "63444",
   "NAME": "Новый подкаталог",
   "CODE": null,
   "STORAGE_ID": "3",
   "TYPE": "folder",
   "REAL_OBJECT_ID": "63444",
   "PARENT_ID": "63440",
   "DELETED_TYPE": "0",
   "CREATE_TIME": "2026-07-14T10:39:53+00:00",
   "UPDATE_TIME": "2026-07-14T10:39:55+00:00",
   "DELETE_TIME": null,
   "CREATED_BY": "1",
   "UPDATED_BY": "1",
   "DELETED_BY": "0",
   "DETAIL_URL": "https://b24-ar17wx.bitrix24.by/docs/path/Новый каталог/Новый подкаталог"
  },
  {
   "ID": "63456",
   "NAME": "Новое имя файла.jpg",
   "CODE": null,
   "STORAGE_ID": "3",
   "TYPE": "file",
   "PARENT_ID": "63440",
   "DELETED_TYPE": "0",
   "GLOBAL_CONTENT_VERSION": "1",
   "FILE_ID": "44044",
   "SIZE": "805189",
   "CREATE_TIME": "2026-07-14T10:40:05+00:00",
   "UPDATE_TIME": "2026-07-14T10:40:05+00:00",
   "DELETE_TIME": null,
   "CREATED_BY": "1",
   "UPDATED_BY": "1",
   "DELETED_BY": "0",
   "DOWNLOAD_URL": "https://b24-ar17wx.bitrix24.by/rest/download.json?auth=c21e566a006e9f06006b12e400000001000007476e1343f0b00a9eaabd3d46936f2ae2&token=disk%7CaWQ9NjM0NTYmXz1scFNNdEd4MGxFNE9XMjE1UTU5WW53b1F1bU5RTDB3Mg%3D%3D%7CImRvd25sb2FkfGRpc2t8YVdROU5qTTBOVFltWHoxc2NGTk5kRWQ0TUd4Rk5FOVhNakUxVVRVNVdXNTNiMUYxYlU1UlREQjNNZz09fGMyMWU1NjZhMDA2ZTlmMDYwMDZiMTJlNDAwMDAwMDAxMDAwMDA3NDc2ZTEzNDNmMGIwMGE5ZWFhYmQzZDQ2OTM2ZjJhZTIi.SbIuYc1wN%2B0oq%2FQR41EnZ62%2Fc7r%2FRZz2L%2FKNKJcYX44%3D",
   "DETAIL_URL": "https://b24-ar17wx.bitrix24.by/docs/file/Новый каталог/Новое имя файла.jpg"
  }
 ],
 "total": 3,
 "time": {
  "start": 1784025610,
  "finish": 1784025610.45238,
  "duration": 0.452378988265991,
  "processing": 0,
  "date_start": "2026-07-14T10:40:10+00:00",
  "date_finish": "2026-07-14T10:40:10+00:00",
  "operating_reset_at": 1784026210,
  "operating": 0
 }
}
