    {
 "result": {
  "ID": "12336",
  "NAME": "Новое имя файла.jpg",
  "CODE": null,
  "STORAGE_ID": "3",
  "TYPE": "file",
  "PARENT_ID": "3",
  "DELETED_TYPE": 3,
  "GLOBAL_CONTENT_VERSION": "1",
  "FILE_ID": "8506",
  "SIZE": "805189",
  "CREATE_TIME": "2024-10-07T21:46:24+03:00",
  "UPDATE_TIME": "2024-10-07T21:46:24+03:00",
  "DELETE_TIME": "2024-10-07T21:46:45+03:00",
  "CREATED_BY": "1",
  "UPDATED_BY": "1",
  "DELETED_BY": "1",
  "DOWNLOAD_URL": "https://b24-ar17wx.bitrix24.by/rest/1/1o2dojryqvjybc11/download/?token=disk%7CaWQ9MTIzMzYmXz1MY051WG9xbW1hS2dldmxiRkcyMlFKNVVCYTJzc0M5eA%3D%3D%7CImRvd25sb2FkfGRpc2t8YVdROU1USXpNelltWHoxTVkwNTFXRzl4YlcxaFMyZGxkbXhpUmtjeU1sRktOVlZDWVRKemMwTTVlQT09fDF8MW8yZG9qcnlxdmp5YmMxMSI%3D.ivgBK%2BdsPza9r7KCCJq6h4DuJR5%2Fnl14Jt%2FU6OPfpRw%3D",
  "DETAIL_URL": "https://b24-ar17wx.bitrix24.by/docs/file/Новое имя файла.jpgi17283268055535i"
 },
 "time": {
  "start": 1728326805.52255,
  "finish": 1728326805.57366,
  "duration": 0.0511078834533691,
  "processing": 0.0255579948425293,
  "date_start": "2024-10-07T21:46:45+03:00",
  "date_finish": "2024-10-07T21:46:45+03:00",
  "operating_reset_at": 1728327405,
  "operating": 0
 }
}
