    {
 "result": {
  "ID": "376",
  "TITLE": "Мегаклиент",
  "HONORIFIC": null,
  "NAME": "Петр",
  "SECOND_NAME": null,
  "LAST_NAME": "Петров",
  "COMPANY_TITLE": null,
  "COMPANY_ID": null,
  "CONTACT_ID": "376",
  "IS_RETURN_CUSTOMER": "N",
  "BIRTHDATE": "",
  "SOURCE_ID": null,
  "SOURCE_DESCRIPTION": null,
  "STATUS_ID": "CONVERTED",
  "STATUS_DESCRIPTION": null,
  "POST": null,
  "COMMENTS": null,
  "CURRENCY_ID": "BYN",
  "OPPORTUNITY": "0.00",
  "IS_MANUAL_OPPORTUNITY": "N",
  "HAS_PHONE": "Y",
  "HAS_EMAIL": "Y",
  "HAS_IMOL": "N",
  "ASSIGNED_BY_ID": "1",
  "CREATED_BY_ID": "1",
  "MODIFY_BY_ID": "1",
  "DATE_CREATE": "2024-10-07T21:48:37+03:00",
  "DATE_MODIFY": "2024-10-07T21:48:38+03:00",
  "DATE_CLOSED": "2024-10-07T21:48:38+03:00",
  "STATUS_SEMANTIC_ID": "S",
  "OPENED": "N",
  "ORIGINATOR_ID": null,
  "ORIGIN_ID": null,
  "MOVED_BY_ID": "1",
  "MOVED_TIME": "2024-10-07T21:48:38+03:00",
  "ADDRESS": "ул. Пушкина, д. 10",
  "ADDRESS_2": null,
  "ADDRESS_CITY": null,
  "ADDRESS_POSTAL_CODE": null,
  "ADDRESS_REGION": null,
  "ADDRESS_PROVINCE": null,
  "ADDRESS_COUNTRY": "Россия",
  "ADDRESS_COUNTRY_CODE": null,
  "ADDRESS_LOC_ADDR_ID": "754",
  "UTM_SOURCE": null,
  "UTM_MEDIUM": null,
  "UTM_CAMPAIGN": null,
  "UTM_CONTENT": null,
  "UTM_TERM": null,
  "LAST_ACTIVITY_BY": "1",
  "LAST_ACTIVITY_TIME": "2024-10-07T21:48:37+03:00",
  "EMAIL": [
   {
    "ID": "2230",
    "VALUE_TYPE": "HOME",
    "VALUE": "yo@example.com",
    "TYPE_ID": "EMAIL"
   },
   {
    "ID": "2232",
    "VALUE_TYPE": "WORK",
    "VALUE": "hi@example.com",
    "TYPE_ID": "EMAIL"
   }
  ],
  "PHONE": [
   {
    "ID": "2234",
    "VALUE_TYPE": "WORK",
    "VALUE": "88005553535",
    "TYPE_ID": "PHONE"
   }
  ]
 },
 "time": {
  "start": 1728326919.23974,
  "finish": 1728326919.28179,
  "duration": 0.0420501232147217,
  "processing": 0.0157909393310547,
  "date_start": "2024-10-07T21:48:39+03:00",
  "date_finish": "2024-10-07T21:48:39+03:00",
  "operating_reset_at": 1728327519,
  "operating": 0
 }
}
