    {
 "result": {
  "ID": "12336",
  "NAME": "Картинка1.jpg",
  "CODE": null,
  "STORAGE_ID": "3",
  "TYPE": "file",
  "PARENT_ID": "3",
  "DELETED_TYPE": "0",
  "GLOBAL_CONTENT_VERSION": "1",
  "FILE_ID": "8506",
  "SIZE": "805189",
  "CREATE_TIME": "2024-10-07T21:46:24+03:00",
  "UPDATE_TIME": "2024-10-07T21:46:24+03:00",
  "DELETE_TIME": null,
  "CREATED_BY": "1",
  "UPDATED_BY": "1",
  "DELETED_BY": "0",
  "DOWNLOAD_URL": "https://b24-ar17wx.bitrix24.by/rest/1/1o2dojryqvjybc11/download/?token=disk%7CaWQ9MTIzMzYmXz1HREpzV1ZHVkg3cGlVWG1rNVJwaWFmSHJud1E5TkZ1RA%3D%3D%7CImRvd25sb2FkfGRpc2t8YVdROU1USXpNelltWHoxSFJFcHpWMVpIVmtnM2NHbFZXRzFyTlZKd2FXRm1TSEp1ZDFFNVRrWjFSQT09fDF8MW8yZG9qcnlxdmp5YmMxMSI%3D.g%2BVc2mp5XiOIw%2FtueJzaiaNzw%2BNBQ5D8sbnokvfQQps%3D",
  "DETAIL_URL": "https://b24-ar17wx.bitrix24.by/docs/file/Картинка1.jpg"
 },
 "time": {
  "start": 1728326785.03935,
  "finish": 1728326785.06802,
  "duration": 0.0286719799041748,
  "processing": 0.0052790641784668,
  "date_start": "2024-10-07T21:46:25+03:00",
  "date_finish": "2024-10-07T21:46:25+03:00",
  "operating_reset_at": 1728327385,
  "operating": 0
 }
}
