    {
 "result": {
  "1": [
   {
    "ID": "14",
    "NAME": "Новое событие",
    "DATE_FROM": "27.01.2025 13:01:00",
    "DATE_TO": "27.01.2025 14:01:00",
    "DATE_FROM_TS_UTC": "1737961252",
    "DATE_TO_TS_UTC": "1740567660",
    "~USER_OFFSET_FROM": 0,
    "~USER_OFFSET_TO": 0,
    "DT_SKIP_TIME": "N",
    "TZ_FROM": "Europe/Minsk",
    "TZ_TO": "Europe/Minsk",
    "ACCESSIBILITY": "busy",
    "IMPORTANCE": "high",
    "EVENT_TYPE": null
   },
   {
    "ID": "26",
    "NAME": "Новое событие",
    "DATE_FROM": "27.01.2025 15:20:00",
    "DATE_TO": "27.01.2025 16:20:00",
    "DATE_FROM_TS_UTC": "1737969579",
    "DATE_TO_TS_UTC": "1740576000",
    "~USER_OFFSET_FROM": 0,
    "~USER_OFFSET_TO": 0,
    "DT_SKIP_TIME": "N",
    "TZ_FROM": "Europe/Minsk",
    "TZ_TO": "Europe/Minsk",
    "ACCESSIBILITY": "busy",
    "IMPORTANCE": "high",
    "EVENT_TYPE": null
   },
   {
    "ID": "30",
    "NAME": "Новое событие",
    "DATE_FROM": "27.01.2025 15:20:00",
    "DATE_TO": "27.01.2025 16:20:00",
    "DATE_FROM_TS_UTC": "1737969579",
    "DATE_TO_TS_UTC": "1740576000",
    "~USER_OFFSET_FROM": 0,
    "~USER_OFFSET_TO": 0,
    "DT_SKIP_TIME": "N",
    "TZ_FROM": "Europe/Minsk",
    "TZ_TO": "Europe/Minsk",
    "ACCESSIBILITY": "busy",
    "IMPORTANCE": "high",
    "EVENT_TYPE": null
   }
  ]
 },
 "time": {
  "start": 1737893979.75889,
  "finish": 1737893979.81351,
  "duration": 0.054624080657959,
  "processing": 0.0308010578155518,
  "date_start": "2025-01-26T15:19:39+03:00",
  "date_finish": "2025-01-26T15:19:39+03:00",
  "operating_reset_at": 1737894579,
  "operating": 0
 }
}
