{
 "result": {
  "ID": "4178",
  "TASK_ID": "11178",
  "USER_ID": "10",
  "COMMENT_TEXT": "Трудозатраты по обработке",
  "SECONDS": "7200",
  "MINUTES": "120",
  "SOURCE": "2",
  "CREATED_DATE": "2026-05-15T14:04:42+03:00",
  "DATE_START": "2026-06-15T14:04:42+03:00",
  "DATE_STOP": "2026-06-15T14:04:42+03:00"
 },
 "time": {
  "start": 1781521483,
  "finish": 1781521483.88979,
  "duration": 0.889786005020142,
  "processing": 0,
  "date_start": "2026-06-15T14:04:43+03:00",
  "date_finish": "2026-06-15T14:04:43+03:00",
  "operating_reset_at": 1781522083,
  "operating": 0
 }
}
