{
 "result": [
  {
   "ID": "63170",
   "NAME": "Картинка2.jpg",
   "CODE": null,
   "STORAGE_ID": "3",
   "TYPE": "file",
   "PARENT_ID": "3",
   "DELETED_TYPE": "0",
   "GLOBAL_CONTENT_VERSION": "1",
   "FILE_ID": "43848",
   "SIZE": "2114023",
   "CREATE_TIME": "2026-07-13T12:07:27+00:00",
   "UPDATE_TIME": "2026-07-13T12:07:27+00:00",
   "DELETE_TIME": null,
   "CREATED_BY": "1",
   "UPDATED_BY": "1",
   "DELETED_BY": "0",
   "DOWNLOAD_URL": "https://b24-ar17wx.bitrix24.by/rest/download.json?auth=f1e1546a006e9f06006b12e40000000100000784f2dd54f466eec13c33aa016ffeec83&token=disk%7CaWQ9NjMxNzAmXz1Nc252aEUwdXJ0UjJ3a3ZvUlAyTkNKeTZZUHVmQU9lUQ%3D%3D%7CImRvd25sb2FkfGRpc2t8YVdROU5qTXhOekFtWHoxTmMyNTJhRVV3ZFhKMFVqSjNhM1p2VWxBeVRrTktlVFpaVUhWbVFVOWxVUT09fGYxZTE1NDZhMDA2ZTlmMDYwMDZiMTJlNDAwMDAwMDAxMDAwMDA3ODRmMmRkNTRmNDY2ZWVjMTNjMzNhYTAxNmZmZWVjODMi.Sk6AP%2FR%2FZL99WETD6GI75FbF1Go%2BbicSd8Vj1T3qm6U%3D",
   "DETAIL_URL": "https://b24-ar17wx.bitrix24.by/docs/file/Картинка2.jpg"
  },
  {
   "ID": "63172",
   "NAME": "Картинка1.jpg",
   "CODE": null,
   "STORAGE_ID": "3",
   "TYPE": "file",
   "PARENT_ID": "3",
   "DELETED_TYPE": "0",
   "GLOBAL_CONTENT_VERSION": "1",
   "FILE_ID": "43850",
   "SIZE": "805189",
   "CREATE_TIME": "2026-07-13T12:07:29+00:00",
   "UPDATE_TIME": "2026-07-13T12:07:29+00:00",
   "DELETE_TIME": null,
   "CREATED_BY": "1",
   "UPDATED_BY": "1",
   "DELETED_BY": "0",
   "DOWNLOAD_URL": "https://b24-ar17wx.bitrix24.by/rest/download.json?auth=f1e1546a006e9f06006b12e40000000100000784f2dd54f466eec13c33aa016ffeec83&token=disk%7CaWQ9NjMxNzImXz1QdVFoQzRQVHE0c0tHNTA2cVNhNWtjNHJmSHZtNjc0SA%3D%3D%7CImRvd25sb2FkfGRpc2t8YVdROU5qTXhOekltWHoxUWRWRm9RelJRVkhFMGMwdEhOVEEyY1ZOaE5XdGpOSEptU0hadE5qYzBTQT09fGYxZTE1NDZhMDA2ZTlmMDYwMDZiMTJlNDAwMDAwMDAxMDAwMDA3ODRmMmRkNTRmNDY2ZWVjMTNjMzNhYTAxNmZmZWVjODMi.knDR8y6Y79Fzfly4b0Dv7tr1wMdR95XYq4IX2XEZiVo%3D",
   "DETAIL_URL": "https://b24-ar17wx.bitrix24.by/docs/file/Картинка1.jpg"
  }
 ],
 "total": 2,
 "time": {
  "start": 1783944450,
  "finish": 1783944451.00827,
  "duration": 1.0082700252533,
  "processing": 0,
  "date_start": "2026-07-13T12:07:30+00:00",
  "date_finish": "2026-07-13T12:07:31+00:00",
  "operating_reset_at": 1783945051,
  "operating": 0
 }
}
