{
 "ID": "<идентификатор лида>",
 "ASSIGNED_BY_ID": "<идентификатор ответственного>",
 "COMPANY_ID": "<идентификатор компании>",
 "COMPANY_TITLE": "<наименование компании>",
 "CONTACT_ID": "<идентификатор контакта>",
 "CREATED_BY_ID": "<идентификатор автора>",
 "CURRENCY_ID": "<идентификатор валюты>",
 "DATE_CLOSED": "<дата закрытия>",
 "DATE_CREATE": "<дата создания>",
 "DATE_MODIFY": "<дата изменения>",
 "EMAIL": "<адрес электронной почты>",
 "HAS_EMAIL": "<электронная почта заполнена (Y|N)>",
 "HAS_PHONE": "***",
 "IS_RETURN_CUSTOMER": "<признак повторного лида (Y|N)>",
 "MODIFY_BY_ID": "<идентификатор автора последнего изменения>",
 "MOVED_BY_ID": "<идентификатор автора перемещения лида на текущую стадию>",
 "MOVED_TIME": "<дата перемещения лида на текущую стадию>",
 "OPENED": "<признак доступен для всех (Y|N)>",
 "OPPORTUNITY": "<предполагаемая сумма>",
 "STATUS_ID": "<идентификатор статуса>",
 "TITLE": "<название лида (можно искать по шаблону [%_])>"
}
