{
 "result": {
  "ID": {
   "type": "integer",
   "isRequired": false,
   "isReadOnly": true,
   "isImmutable": false,
   "isMultiple": false,
   "isDynamic": false,
   "title": "ID"
  },
  "TITLE": {
   "type": "string",
   "isRequired": false,
   "isReadOnly": false,
   "isImmutable": false,
   "isMultiple": false,
   "isDynamic": false,
   "title": "Название"
  },
  "TYPE_ID": {
   "type": "crm_status",
   "isRequired": false,
   "isReadOnly": false,
   "isImmutable": false,
   "isMultiple": false,
   "isDynamic": false,
   "statusType": "DEAL_TYPE",
   "title": "Тип"
  },
  "CATEGORY_ID": {
   "type": "crm_category",
   "isRequired": false,
   "isReadOnly": false,
   "isImmutable": true,
   "isMultiple": false,
   "isDynamic": false,
   "title": "Воронка"
  },
  "STAGE_ID": {
   "type": "crm_status",
   "isRequired": false,
   "isReadOnly": false,
   "isImmutable": false,
   "isMultiple": false,
   "isDynamic": false,
   "statusType": "DEAL_STAGE",
   "title": "Стадия сделки"
  },
  "STAGE_SEMANTIC_ID": {
   "type": "string",
   "isRequired": false,
   "isReadOnly": true,
   "isImmutable": false,
   "isMultiple": false,
   "isDynamic": false,
   "title": "Группа стадии"
  },
  "IS_NEW": {
   "type": "char",
   "isRequired": false,
   "isReadOnly": true,
   "isImmutable": false,
   "isMultiple": false,
   "isDynamic": false,
   "title": "Новая сделка"
  },
  "IS_RECURRING": {
   "type": "char",
   "isRequired": false,
   "isReadOnly": false,
   "isImmutable": false,
   "isMultiple": false,
   "isDynamic": false,
   "title": "Регулярная сделка"
  },
  "IS_RETURN_CUSTOMER": {
   "type": "char",
   "isRequired": false,
   "isReadOnly": false,
   "isImmutable": false,
   "isMultiple": false,
   "isDynamic": false,
   "title": "Повторная сделка"
  },
  "IS_REPEATED_APPROACH": {
   "type": "char",
   "isRequired": false,
   "isReadOnly": false,
   "isImmutable": false,
   "isMultiple": false,
   "isDynamic": false,
   "title": "Повторное обращение"
  },
  "PROBABILITY": {
   "type": "integer",
   "isRequired": false,
   "isReadOnly": false,
   "isImmutable": false,
   "isMultiple": false,
   "isDynamic": false,
   "title": "Вероятность"
  },
  "CURRENCY_ID": {
   "type": "crm_currency",
   "isRequired": false,
   "isReadOnly": false,
   "isImmutable": false,
   "isMultiple": false,
   "isDynamic": false,
   "title": "Валюта"
  },
  "OPPORTUNITY": {
   "type": "double",
   "isRequired": false,
   "isReadOnly": false,
   "isImmutable": false,
   "isMultiple": false,
   "isDynamic": false,
   "title": "Сумма"
  },
  "IS_MANUAL_OPPORTUNITY": {
   "type": "char",
   "isRequired": false,
   "isReadOnly": false,
   "isImmutable": false,
   "isMultiple": false,
   "isDynamic": false,
   "title": "IS_MANUAL_OPPORTUNITY"
  },
  "TAX_VALUE": {
   "type": "double",
   "isRequired": false,
   "isReadOnly": false,
   "isImmutable": false,
   "isMultiple": false,
   "isDynamic": false,
   "title": "Ставка налога"
  },
  "COMPANY_ID": {
   "type": "crm_company",
   "isRequired": false,
   "isReadOnly": false,
   "isImmutable": false,
   "isMultiple": false,
   "isDynamic": false,
   "title": "Компания",
   "settings": {
    "parentEntityTypeId": 4
   }
  },
  "CONTACT_ID": {
   "type": "crm_contact",
   "isRequired": false,
   "isReadOnly": false,
   "isImmutable": false,
   "isMultiple": false,
   "isDynamic": false,
   "isDeprecated": true,
   "title": "Контакт"
  },
  "CONTACT_IDS": {
   "type": "crm_contact",
   "isRequired": false,
   "isReadOnly": false,
   "isImmutable": false,
   "isMultiple": true,
   "isDynamic": false,
   "title": "Контакты"
  },
  "QUOTE_ID": {
   "type": "crm_quote",
   "isRequired": false,
   "isReadOnly": true,
   "isImmutable": false,
   "isMultiple": false,
   "isDynamic": false,
   "title": "Предложение",
   "settings": {
    "parentEntityTypeId": 7
   }
  },
  "BEGINDATE": {
   "type": "date",
   "isRequired": false,
   "isReadOnly": false,
   "isImmutable": false,
   "isMultiple": false,
   "isDynamic": false,
   "title": "Дата начала"
  },
  "CLOSEDATE": {
   "type": "date",
   "isRequired": false,
   "isReadOnly": false,
   "isImmutable": false,
   "isMultiple": false,
   "isDynamic": false,
   "title": "Дата завершения"
  },
  "OPENED": {
   "type": "char",
   "isRequired": false,
   "isReadOnly": false,
   "isImmutable": false,
   "isMultiple": false,
   "isDynamic": false,
   "title": "Доступна для всех"
  },
  "CLOSED": {
   "type": "char",
   "isRequired": false,
   "isReadOnly": false,
   "isImmutable": false,
   "isMultiple": false,
   "isDynamic": false,
   "title": "Закрыта"
  },
  "COMMENTS": {
   "type": "string",
   "isRequired": false,
   "isReadOnly": false,
   "isImmutable": false,
   "isMultiple": false,
   "isDynamic": false,
   "title": "Комментарий"
  },
  "ASSIGNED_BY_ID": {
   "type": "user",
   "isRequired": false,
   "isReadOnly": false,
   "isImmutable": false,
   "isMultiple": false,
   "isDynamic": false,
   "title": "Ответственный"
  },
  "CREATED_BY_ID": {
   "type": "user",
   "isRequired": false,
   "isReadOnly": true,
   "isImmutable": false,
   "isMultiple": false,
   "isDynamic": false,
   "title": "Кем создана"
  },
  "MODIFY_BY_ID": {
   "type": "user",
   "isRequired": false,
   "isReadOnly": true,
   "isImmutable": false,
   "isMultiple": false,
   "isDynamic": false,
   "title": "Кем изменена"
  },
  "MOVED_BY_ID": {
   "type": "user",
   "isRequired": false,
   "isReadOnly": true,
   "isImmutable": false,
   "isMultiple": false,
   "isDynamic": false,
   "title": "MOVED_BY_ID"
  },
  "DATE_CREATE": {
   "type": "datetime",
   "isRequired": false,
   "isReadOnly": true,
   "isImmutable": false,
   "isMultiple": false,
   "isDynamic": false,
   "title": "Дата создания"
  },
  "DATE_MODIFY": {
   "type": "datetime",
   "isRequired": false,
   "isReadOnly": true,
   "isImmutable": false,
   "isMultiple": false,
   "isDynamic": false,
   "title": "Дата изменения"
  },
  "MOVED_TIME": {
   "type": "datetime",
   "isRequired": false,
   "isReadOnly": true,
   "isImmutable": false,
   "isMultiple": false,
   "isDynamic": false,
   "title": "MOVED_TIME"
  },
  "SOURCE_ID": {
   "type": "crm_status",
   "isRequired": false,
   "isReadOnly": false,
   "isImmutable": false,
   "isMultiple": false,
   "isDynamic": false,
   "statusType": "SOURCE",
   "title": "Источник"
  },
  "SOURCE_DESCRIPTION": {
   "type": "string",
   "isRequired": false,
   "isReadOnly": false,
   "isImmutable": false,
   "isMultiple": false,
   "isDynamic": false,
   "title": "Дополнительно об источнике"
  },
  "LEAD_ID": {
   "type": "crm_lead",
   "isRequired": false,
   "isReadOnly": true,
   "isImmutable": false,
   "isMultiple": false,
   "isDynamic": false,
   "title": "Лид",
   "settings": {
    "parentEntityTypeId": 1
   }
  },
  "ADDITIONAL_INFO": {
   "type": "string",
   "isRequired": false,
   "isReadOnly": false,
   "isImmutable": false,
   "isMultiple": false,
   "isDynamic": false,
   "title": "Дополнительная информация"
  },
  "LOCATION_ID": {
   "type": "location",
   "isRequired": false,
   "isReadOnly": false,
   "isImmutable": false,
   "isMultiple": false,
   "isDynamic": false,
   "title": "Местоположение"
  },
  "ORIGINATOR_ID": {
   "type": "string",
   "isRequired": false,
   "isReadOnly": false,
   "isImmutable": false,
   "isMultiple": false,
   "isDynamic": false,
   "title": "Внешний источник"
  },
  "ORIGIN_ID": {
   "type": "string",
   "isRequired": false,
   "isReadOnly": false,
   "isImmutable": false,
   "isMultiple": false,
   "isDynamic": false,
   "title": "Идентификатор элемента во внешнем источнике"
  },
  "UTM_SOURCE": {
   "type": "string",
   "isRequired": false,
   "isReadOnly": false,
   "isImmutable": false,
   "isMultiple": false,
   "isDynamic": false,
   "title": "Рекламная система"
  },
  "UTM_MEDIUM": {
   "type": "string",
   "isRequired": false,
   "isReadOnly": false,
   "isImmutable": false,
   "isMultiple": false,
   "isDynamic": false,
   "title": "Тип трафика"
  },
  "UTM_CAMPAIGN": {
   "type": "string",
   "isRequired": false,
   "isReadOnly": false,
   "isImmutable": false,
   "isMultiple": false,
   "isDynamic": false,
   "title": "Обозначение рекламной кампании"
  },
  "UTM_CONTENT": {
   "type": "string",
   "isRequired": false,
   "isReadOnly": false,
   "isImmutable": false,
   "isMultiple": false,
   "isDynamic": false,
   "title": "Содержание кампании"
  },
  "UTM_TERM": {
   "type": "string",
   "isRequired": false,
   "isReadOnly": false,
   "isImmutable": false,
   "isMultiple": false,
   "isDynamic": false,
   "title": "Условие поиска кампании"
  },
  "LAST_ACTIVITY_TIME": {
   "type": "datetime",
   "isRequired": false,
   "isReadOnly": false,
   "isImmutable": false,
   "isMultiple": false,
   "isDynamic": false,
   "title": "LAST_ACTIVITY_TIME"
  },
  "LAST_ACTIVITY_BY": {
   "type": "user",
   "isRequired": false,
   "isReadOnly": false,
   "isImmutable": false,
   "isMultiple": false,
   "isDynamic": false,
   "title": "LAST_ACTIVITY_BY"
  },
  "LAST_COMMUNICATION_TIME": {
   "type": "string",
   "isRequired": false,
   "isReadOnly": true,
   "isImmutable": false,
   "isMultiple": false,
   "isDynamic": false,
   "title": "LAST_COMMUNICATION_TIME"
  }
 },
 "time": {
  "start": 1765367907,
  "finish": 1765367907.39675,
  "duration": 0.396750926971436,
  "processing": 0,
  "date_start": "2025-12-10T14:58:27+03:00",
  "date_finish": "2025-12-10T14:58:27+03:00",
  "operating_reset_at": 1765368507,
  "operating": 0
 }
}
