    {
 "result": [
  {
   "id": 842,
   "taskId": 2330,
   "commentId": 5792,
   "createdBy": 1,
   "createdAt": "2024-10-06T17:32:46+03:00",
   "updatedAt": "2024-10-06T17:32:46+03:00",
   "status": 0,
   "text": "Задача изменена, расходимся",
   "formattedText": "Задача изменена, расходимся",
   "files": []
  },
  {
   "id": 840,
   "taskId": 2330,
   "commentId": 5790,
   "createdBy": 1,
   "createdAt": "2024-10-06T17:32:46+03:00",
   "updatedAt": "2024-10-06T17:32:46+03:00",
   "status": 0,
   "text": "Задача изменена, не расходимся",
   "formattedText": "Задача изменена, не расходимся",
   "files": []
  }
 ],
 "time": {
  "start": 1728225167.19374,
  "finish": 1728225167.22898,
  "duration": 0.0352418422698975,
  "processing": 0.0082089900970459,
  "date_start": "2024-10-06T17:32:47+03:00",
  "date_finish": "2024-10-06T17:32:47+03:00",
  "operating_reset_at": 1728225767,
  "operating": 0
 }
}
