{
 "result": [
  {
   "ID": "4808",
   "PARENT_ID": "4808",
   "ACTIVE": "Y",
   "DELETED": "N",
   "CAL_TYPE": "user",
   "OWNER_ID": "1",
   "NAME": "Новое событие",
   "DATE_FROM": "05.06.2026 21:48:00",
   "DATE_TO": "05.06.2026 22:48:00",
   "ORIGINAL_DATE_FROM": "***",
   "TZ_FROM": "Europe/Minsk",
   "TZ_TO": "Europe/Minsk",
   "TZ_OFFSET_FROM": "10800",
   "TZ_OFFSET_TO": "10800",
   "DATE_FROM_TS_UTC": "1780674470",
   "DATE_TO_TS_UTC": "1783280880",
   "DT_SKIP_TIME": "N",
   "DT_LENGTH": 3600,
   "EVENT_TYPE": null,
   "CREATED_BY": "1",
   "DATE_CREATE": "04.06.2026 21:47:49",
   "TIMESTAMP_X": "04.06.2026 21:47:49",
   "DESCRIPTION": "Описание события",
   "DT_FROM": null,
   "DT_TO": null,
   "PRIVATE_EVENT": "1",
   "ACCESSIBILITY": "quest",
   "IMPORTANCE": "normal",
   "IS_MEETING": true,
   "MEETING_STATUS": "H",
   "MEETING_HOST": "1",
   "MEETING": {
    "HOST_NAME": "Антон Титовец",
    "NOTIFY": true,
    "REINVITE": "***",
    "ALLOW_INVITE": "***",
    "HIDE_GUESTS": true,
    "MEETING_CREATOR": 1,
    "LANGUAGE_ID": "ru",
    "MAIL_FROM": false
   },
   "LOCATION": "Офис",
   "REMIND": [
    {
     "type": "day",
     "count": 1
    }
   ],
   "COLOR": "#230000",
   "TEXT_COLOR": "",
   "RRULE": {
    "FREQ": "DAILY",
    "COUNT": 3,
    "INTERVAL": 10,
    "UNTIL": "15.06.2026",
    "~UNTIL": "15.06.2026",
    "UNTIL_TS": 1781481600
   },
   "EXDATE": "",
   "DAV_XML_ID": "20260605T184800Z-659e0f9c7ed0389a927c2886e928103b@b24-ar17wx.bitrix24.by",
   "G_EVENT_ID": "",
   "DAV_EXCH_LABEL": "",
   "CAL_DAV_LABEL": "",
   "VERSION": "1",
   "ATTENDEES_CODES": [
    "U1",
    "U10"
   ],
   "RECURRENCE_ID": null,
   "RELATIONS": "",
   "SECTION_ID": "2538",
   "SYNC_STATUS": null,
   "UF_CRM_CAL_EVENT": null,
   "UF_WEBDAV_CAL_EVENT": null,
   "SECTION_DAV_XML_ID": null,
   "DATE_FROM_FORMATTED": "Fri Jun 05 2026 21:48:00",
   "DATE_TO_FORMATTED": "Fri Jun 05 2026 22:48:00",
   "IS_DAYLIGHT_SAVING_TZ": "N",
   "SECT_ID": "2538",
   "OPTIONS": null,
   "ATTENDEE_LIST": [
    {
     "id": 1,
     "entryId": "4808",
     "status": "H"
    },
    {
     "id": 10,
     "entryId": "4810",
     "status": "Q"
    }
   ],
   "COLLAB_ID": null,
   "~RRULE_DESCRIPTION": "каждый 10-й день, от 05.06.2026 до 15.06.2026",
   "attendeesEntityList": [
    {
     "entityId": "user",
     "id": 1
    },
    {
     "entityId": "user",
     "id": 10
    }
   ],
   "~DATE_FROM": "05.06.2026 21:48:00",
   "~DATE_TO": "05.06.2026 22:48:00",
   "RINDEX": 0,
   "~USER_OFFSET_FROM": 0,
   "~USER_OFFSET_TO": 0
  },
  {
   "ID": "4812",
   "PARENT_ID": "4812",
   "ACTIVE": "Y",
   "DELETED": "N",
   "CAL_TYPE": "user",
   "OWNER_ID": "1",
   "NAME": "Новое событие",
   "DATE_FROM": "05.06.2026 21:48:00",
   "DATE_TO": "05.06.2026 22:48:00",
   "ORIGINAL_DATE_FROM": "***",
   "TZ_FROM": "Europe/Minsk",
   "TZ_TO": "Europe/Minsk",
   "TZ_OFFSET_FROM": "10800",
   "TZ_OFFSET_TO": "10800",
   "DATE_FROM_TS_UTC": "1780674470",
   "DATE_TO_TS_UTC": "1783280880",
   "DT_SKIP_TIME": "N",
   "DT_LENGTH": 3600,
   "EVENT_TYPE": null,
   "CREATED_BY": "1",
   "DATE_CREATE": "04.06.2026 21:47:50",
   "TIMESTAMP_X": "04.06.2026 21:47:50",
   "DESCRIPTION": "Описание события",
   "DT_FROM": null,
   "DT_TO": null,
   "PRIVATE_EVENT": "1",
   "ACCESSIBILITY": "quest",
   "IMPORTANCE": "normal",
   "IS_MEETING": true,
   "MEETING_STATUS": "H",
   "MEETING_HOST": "1",
   "MEETING": {
    "HOST_NAME": "Антон Титовец",
    "NOTIFY": true,
    "REINVITE": "***",
    "ALLOW_INVITE": "***",
    "HIDE_GUESTS": true,
    "MEETING_CREATOR": 1,
    "LANGUAGE_ID": "ru",
    "MAIL_FROM": false
   },
   "LOCATION": "Офис",
   "REMIND": [
    {
     "type": "day",
     "count": 1
    }
   ],
   "COLOR": "#230000",
   "TEXT_COLOR": "",
   "RRULE": {
    "FREQ": "DAILY",
    "COUNT": 3,
    "INTERVAL": 10,
    "UNTIL": "15.06.2026",
    "~UNTIL": "15.06.2026",
    "UNTIL_TS": 1781481600
   },
   "EXDATE": "",
   "DAV_XML_ID": "20260605T184800Z-c99383233db04ec6736dc87979398131@b24-ar17wx.bitrix24.by",
   "G_EVENT_ID": "",
   "DAV_EXCH_LABEL": "",
   "CAL_DAV_LABEL": "",
   "VERSION": "1",
   "ATTENDEES_CODES": [
    "U1",
    "U10"
   ],
   "RECURRENCE_ID": null,
   "RELATIONS": "",
   "SECTION_ID": "2540",
   "SYNC_STATUS": null,
   "UF_CRM_CAL_EVENT": null,
   "UF_WEBDAV_CAL_EVENT": null,
   "SECTION_DAV_XML_ID": null,
   "DATE_FROM_FORMATTED": "Fri Jun 05 2026 21:48:00",
   "DATE_TO_FORMATTED": "Fri Jun 05 2026 22:48:00",
   "IS_DAYLIGHT_SAVING_TZ": "N",
   "SECT_ID": "2540",
   "OPTIONS": null,
   "ATTENDEE_LIST": [
    {
     "id": 1,
     "entryId": "4812",
     "status": "H"
    },
    {
     "id": 10,
     "entryId": "4814",
     "status": "Q"
    }
   ],
   "COLLAB_ID": null,
   "~RRULE_DESCRIPTION": "каждый 10-й день, от 05.06.2026 до 15.06.2026",
   "attendeesEntityList": [
    {
     "entityId": "user",
     "id": 1
    },
    {
     "entityId": "user",
     "id": 10
    }
   ],
   "~DATE_FROM": "05.06.2026 21:48:00",
   "~DATE_TO": "05.06.2026 22:48:00",
   "RINDEX": 0,
   "~USER_OFFSET_FROM": 0,
   "~USER_OFFSET_TO": 0
  }
 ],
 "time": {
  "start": 1780598873,
  "finish": 1780598873.28139,
  "duration": 0.281393051147461,
  "processing": 0,
  "date_start": "2026-06-04T21:47:53+03:00",
  "date_finish": "2026-06-04T21:47:53+03:00",
  "operating_reset_at": 1780599473,
  "operating": 0
 }
}
