    {
 "result": [
  {
   "ID": "2",
   "TITLE": "Мегаклиент",
   "HONORIFIC": null,
   "NAME": "Петр",
   "SECOND_NAME": null,
   "LAST_NAME": "Петров",
   "COMPANY_TITLE": null,
   "COMPANY_ID": null,
   "CONTACT_ID": "2",
   "IS_RETURN_CUSTOMER": "N",
   "BIRTHDATE": "",
   "SOURCE_ID": null,
   "SOURCE_DESCRIPTION": null,
   "STATUS_ID": "CONVERTED",
   "STATUS_DESCRIPTION": null,
   "POST": null,
   "COMMENTS": null,
   "CURRENCY_ID": "BYN",
   "OPPORTUNITY": "0.00",
   "IS_MANUAL_OPPORTUNITY": "N",
   "HAS_PHONE": "N",
   "HAS_EMAIL": "N",
   "HAS_IMOL": "N",
   "ASSIGNED_BY_ID": "1",
   "CREATED_BY_ID": "1",
   "MODIFY_BY_ID": "1",
   "DATE_CREATE": "2024-08-22T16:25:57+00:00",
   "DATE_MODIFY": "2024-08-22T16:25:58+00:00",
   "DATE_CLOSED": "2024-08-22T16:25:58+00:00",
   "STATUS_SEMANTIC_ID": "S",
   "OPENED": "N",
   "ORIGINATOR_ID": null,
   "ORIGIN_ID": null,
   "MOVED_BY_ID": "1",
   "MOVED_TIME": "2024-08-22T16:25:58+00:00",
   "ADDRESS": "ул. Пушкина, д. 10",
   "ADDRESS_2": null,
   "ADDRESS_CITY": null,
   "ADDRESS_POSTAL_CODE": null,
   "ADDRESS_REGION": null,
   "ADDRESS_PROVINCE": null,
   "ADDRESS_COUNTRY": "Россия",
   "ADDRESS_COUNTRY_CODE": null,
   "ADDRESS_LOC_ADDR_ID": "2",
   "UTM_SOURCE": null,
   "UTM_MEDIUM": null,
   "UTM_CAMPAIGN": null,
   "UTM_CONTENT": null,
   "UTM_TERM": null,
   "LAST_ACTIVITY_BY": "1",
   "LAST_ACTIVITY_TIME": "2024-08-22T16:25:57+00:00"
  },
  {
   "ID": "4",
   "TITLE": "Мегаклиент",
   "HONORIFIC": null,
   "NAME": "Петр",
   "SECOND_NAME": null,
   "LAST_NAME": "Петров",
   "COMPANY_TITLE": null,
   "COMPANY_ID": null,
   "CONTACT_ID": "4",
   "IS_RETURN_CUSTOMER": "N",
   "BIRTHDATE": "",
   "SOURCE_ID": null,
   "SOURCE_DESCRIPTION": null,
   "STATUS_ID": "CONVERTED",
   "STATUS_DESCRIPTION": null,
   "POST": null,
   "COMMENTS": null,
   "CURRENCY_ID": "BYN",
   "OPPORTUNITY": "0.00",
   "IS_MANUAL_OPPORTUNITY": "N",
   "HAS_PHONE": "N",
   "HAS_EMAIL": "N",
   "HAS_IMOL": "N",
   "ASSIGNED_BY_ID": "1",
   "CREATED_BY_ID": "1",
   "MODIFY_BY_ID": "1",
   "DATE_CREATE": "2024-08-22T16:40:17+00:00",
   "DATE_MODIFY": "2024-08-22T16:40:17+00:00",
   "DATE_CLOSED": "2024-08-22T16:40:17+00:00",
   "STATUS_SEMANTIC_ID": "S",
   "OPENED": "N",
   "ORIGINATOR_ID": null,
   "ORIGIN_ID": null,
   "MOVED_BY_ID": "1",
   "MOVED_TIME": "2024-08-22T16:40:17+00:00",
   "ADDRESS": "ул. Пушкина, д. 10",
   "ADDRESS_2": null,
   "ADDRESS_CITY": null,
   "ADDRESS_POSTAL_CODE": null,
   "ADDRESS_REGION": null,
   "ADDRESS_PROVINCE": null,
   "ADDRESS_COUNTRY": "Россия",
   "ADDRESS_COUNTRY_CODE": null,
   "ADDRESS_LOC_ADDR_ID": "6",
   "UTM_SOURCE": null,
   "UTM_MEDIUM": null,
   "UTM_CAMPAIGN": null,
   "UTM_CONTENT": null,
   "UTM_TERM": null,
   "LAST_ACTIVITY_BY": "1",
   "LAST_ACTIVITY_TIME": "2024-08-22T16:40:17+00:00"
  },
  {
   "ID": "6",
   "TITLE": "Мегаклиент",
   "HONORIFIC": null,
   "NAME": "Иван",
   "SECOND_NAME": null,
   "LAST_NAME": "Иванов",
   "COMPANY_TITLE": null,
   "COMPANY_ID": null,
   "CONTACT_ID": "6",
   "IS_RETURN_CUSTOMER": "N",
   "BIRTHDATE": "",
   "SOURCE_ID": null,
   "SOURCE_DESCRIPTION": null,
   "STATUS_ID": "CONVERTED",
   "STATUS_DESCRIPTION": null,
   "POST": null,
   "COMMENTS": null,
   "CURRENCY_ID": "BYN",
   "OPPORTUNITY": "0.00",
   "IS_MANUAL_OPPORTUNITY": "N",
   "HAS_PHONE": "N",
   "HAS_EMAIL": "N",
   "HAS_IMOL": "N",
   "ASSIGNED_BY_ID": "1",
   "CREATED_BY_ID": "1",
   "MODIFY_BY_ID": "1",
   "DATE_CREATE": "2024-08-22T16:40:18+00:00",
   "DATE_MODIFY": "2024-08-22T16:40:18+00:00",
   "DATE_CLOSED": "2024-08-22T16:40:18+00:00",
   "STATUS_SEMANTIC_ID": "S",
   "OPENED": "N",
   "ORIGINATOR_ID": null,
   "ORIGIN_ID": null,
   "MOVED_BY_ID": "1",
   "MOVED_TIME": "2024-08-22T16:40:18+00:00",
   "ADDRESS": "ул. Пушкина, д. 10",
   "ADDRESS_2": null,
   "ADDRESS_CITY": null,
   "ADDRESS_POSTAL_CODE": null,
   "ADDRESS_REGION": null,
   "ADDRESS_PROVINCE": null,
   "ADDRESS_COUNTRY": "Россия",
   "ADDRESS_COUNTRY_CODE": null,
   "ADDRESS_LOC_ADDR_ID": "10",
   "UTM_SOURCE": null,
   "UTM_MEDIUM": null,
   "UTM_CAMPAIGN": null,
   "UTM_CONTENT": null,
   "UTM_TERM": null,
   "LAST_ACTIVITY_BY": "1",
   "LAST_ACTIVITY_TIME": "2024-08-22T16:40:18+00:00"
  },
  {
   "ID": "8",
   "TITLE": "Мегаклиент",
   "HONORIFIC": null,
   "NAME": "Петр",
   "SECOND_NAME": null,
   "LAST_NAME": "Петров",
   "COMPANY_TITLE": null,
   "COMPANY_ID": null,
   "CONTACT_ID": "8",
   "IS_RETURN_CUSTOMER": "N",
   "BIRTHDATE": "",
   "SOURCE_ID": null,
   "SOURCE_DESCRIPTION": null,
   "STATUS_ID": "CONVERTED",
   "STATUS_DESCRIPTION": null,
   "POST": null,
   "COMMENTS": null,
   "CURRENCY_ID": "BYN",
   "OPPORTUNITY": "0.00",
   "IS_MANUAL_OPPORTUNITY": "N",
   "HAS_PHONE": "Y",
   "HAS_EMAIL": "Y",
   "HAS_IMOL": "N",
   "ASSIGNED_BY_ID": "1",
   "CREATED_BY_ID": "1",
   "MODIFY_BY_ID": "1",
   "DATE_CREATE": "2024-08-22T16:48:12+00:00",
   "DATE_MODIFY": "2024-08-22T16:48:12+00:00",
   "DATE_CLOSED": "2024-08-22T16:48:12+00:00",
   "STATUS_SEMANTIC_ID": "S",
   "OPENED": "N",
   "ORIGINATOR_ID": null,
   "ORIGIN_ID": null,
   "MOVED_BY_ID": "1",
   "MOVED_TIME": "2024-08-22T16:48:12+00:00",
   "ADDRESS": "ул. Пушкина, д. 10",
   "ADDRESS_2": null,
   "ADDRESS_CITY": null,
   "ADDRESS_POSTAL_CODE": null,
   "ADDRESS_REGION": null,
   "ADDRESS_PROVINCE": null,
   "ADDRESS_COUNTRY": "Россия",
   "ADDRESS_COUNTRY_CODE": null,
   "ADDRESS_LOC_ADDR_ID": "14",
   "UTM_SOURCE": null,
   "UTM_MEDIUM": null,
   "UTM_CAMPAIGN": null,
   "UTM_CONTENT": null,
   "UTM_TERM": null,
   "LAST_ACTIVITY_BY": "1",
   "LAST_ACTIVITY_TIME": "2024-08-22T16:48:12+00:00"
  },
  {
   "ID": "10",
   "TITLE": "Мегаклиент",
   "HONORIFIC": null,
   "NAME": "Иван",
   "SECOND_NAME": null,
   "LAST_NAME": "Иванов",
   "COMPANY_TITLE": null,
   "COMPANY_ID": null,
   "CONTACT_ID": "10",
   "IS_RETURN_CUSTOMER": "N",
   "BIRTHDATE": "",
   "SOURCE_ID": null,
   "SOURCE_DESCRIPTION": null,
   "STATUS_ID": "CONVERTED",
   "STATUS_DESCRIPTION": null,
   "POST": null,
   "COMMENTS": null,
   "CURRENCY_ID": "BYN",
   "OPPORTUNITY": "0.00",
   "IS_MANUAL_OPPORTUNITY": "N",
   "HAS_PHONE": "Y",
   "HAS_EMAIL": "Y",
   "HAS_IMOL": "N",
   "ASSIGNED_BY_ID": "1",
   "CREATED_BY_ID": "1",
   "MODIFY_BY_ID": "1",
   "DATE_CREATE": "2024-08-22T16:48:13+00:00",
   "DATE_MODIFY": "2024-08-22T16:48:13+00:00",
   "DATE_CLOSED": "2024-08-22T16:48:13+00:00",
   "STATUS_SEMANTIC_ID": "S",
   "OPENED": "N",
   "ORIGINATOR_ID": null,
   "ORIGIN_ID": null,
   "MOVED_BY_ID": "1",
   "MOVED_TIME": "2024-08-22T16:48:13+00:00",
   "ADDRESS": "ул. Пушкина, д. 10",
   "ADDRESS_2": null,
   "ADDRESS_CITY": null,
   "ADDRESS_POSTAL_CODE": null,
   "ADDRESS_REGION": null,
   "ADDRESS_PROVINCE": null,
   "ADDRESS_COUNTRY": "Россия",
   "ADDRESS_COUNTRY_CODE": null,
   "ADDRESS_LOC_ADDR_ID": "18",
   "UTM_SOURCE": null,
   "UTM_MEDIUM": null,
   "UTM_CAMPAIGN": null,
   "UTM_CONTENT": null,
   "UTM_TERM": null,
   "LAST_ACTIVITY_BY": "1",
   "LAST_ACTIVITY_TIME": "2024-08-22T16:48:13+00:00"
  },
  {
   "ID": "12",
   "TITLE": "Мегаклиент",
   "HONORIFIC": null,
   "NAME": "Петр",
   "SECOND_NAME": null,
   "LAST_NAME": "Петров",
   "COMPANY_TITLE": null,
   "COMPANY_ID": null,
   "CONTACT_ID": "12",
   "IS_RETURN_CUSTOMER": "N",
   "BIRTHDATE": "",
   "SOURCE_ID": null,
   "SOURCE_DESCRIPTION": null,
   "STATUS_ID": "CONVERTED",
   "STATUS_DESCRIPTION": null,
   "POST": null,
   "COMMENTS": null,
   "CURRENCY_ID": "BYN",
   "OPPORTUNITY": "0.00",
   "IS_MANUAL_OPPORTUNITY": "N",
   "HAS_PHONE": "Y",
   "HAS_EMAIL": "Y",
   "HAS_IMOL": "N",
   "ASSIGNED_BY_ID": "1",
   "CREATED_BY_ID": "1",
   "MODIFY_BY_ID": "1",
   "DATE_CREATE": "2024-08-22T17:00:19+00:00",
   "DATE_MODIFY": "2024-08-22T17:00:20+00:00",
   "DATE_CLOSED": "2024-08-22T17:00:20+00:00",
   "STATUS_SEMANTIC_ID": "S",
   "OPENED": "N",
   "ORIGINATOR_ID": null,
   "ORIGIN_ID": null,
   "MOVED_BY_ID": "1",
   "MOVED_TIME": "2024-08-22T17:00:20+00:00",
   "ADDRESS": "ул. Пушкина, д. 10",
   "ADDRESS_2": null,
   "ADDRESS_CITY": null,
   "ADDRESS_POSTAL_CODE": null,
   "ADDRESS_REGION": null,
   "ADDRESS_PROVINCE": null,
   "ADDRESS_COUNTRY": "Россия",
   "ADDRESS_COUNTRY_CODE": null,
   "ADDRESS_LOC_ADDR_ID": "22",
   "UTM_SOURCE": null,
   "UTM_MEDIUM": null,
   "UTM_CAMPAIGN": null,
   "UTM_CONTENT": null,
   "UTM_TERM": null,
   "LAST_ACTIVITY_BY": "1",
   "LAST_ACTIVITY_TIME": "2024-08-22T17:00:19+00:00"
  },
  {
   "ID": "14",
   "TITLE": "Мегаклиент",
   "HONORIFIC": null,
   "NAME": "Иван",
   "SECOND_NAME": null,
   "LAST_NAME": "Иванов",
   "COMPANY_TITLE": null,
   "COMPANY_ID": null,
   "CONTACT_ID": "14",
   "IS_RETURN_CUSTOMER": "N",
   "BIRTHDATE": "",
   "SOURCE_ID": null,
   "SOURCE_DESCRIPTION": null,
   "STATUS_ID": "CONVERTED",
   "STATUS_DESCRIPTION": null,
   "POST": null,
   "COMMENTS": null,
   "CURRENCY_ID": "BYN",
   "OPPORTUNITY": "0.00",
   "IS_MANUAL_OPPORTUNITY": "N",
   "HAS_PHONE": "Y",
   "HAS_EMAIL": "Y",
   "HAS_IMOL": "N",
   "ASSIGNED_BY_ID": "1",
   "CREATED_BY_ID": "1",
   "MODIFY_BY_ID": "1",
   "DATE_CREATE": "2024-08-22T17:00:20+00:00",
   "DATE_MODIFY": "2024-08-22T17:00:20+00:00",
   "DATE_CLOSED": "2024-08-22T17:00:20+00:00",
   "STATUS_SEMANTIC_ID": "S",
   "OPENED": "N",
   "ORIGINATOR_ID": null,
   "ORIGIN_ID": null,
   "MOVED_BY_ID": "1",
   "MOVED_TIME": "2024-08-22T17:00:20+00:00",
   "ADDRESS": "ул. Пушкина, д. 10",
   "ADDRESS_2": null,
   "ADDRESS_CITY": null,
   "ADDRESS_POSTAL_CODE": null,
   "ADDRESS_REGION": null,
   "ADDRESS_PROVINCE": null,
   "ADDRESS_COUNTRY": "Россия",
   "ADDRESS_COUNTRY_CODE": null,
   "ADDRESS_LOC_ADDR_ID": "26",
   "UTM_SOURCE": null,
   "UTM_MEDIUM": null,
   "UTM_CAMPAIGN": null,
   "UTM_CONTENT": null,
   "UTM_TERM": null,
   "LAST_ACTIVITY_BY": "1",
   "LAST_ACTIVITY_TIME": "2024-08-22T17:00:20+00:00"
  },
  {
   "ID": "16",
   "TITLE": "Мегаклиент",
   "HONORIFIC": null,
   "NAME": "Петр",
   "SECOND_NAME": null,
   "LAST_NAME": "Петров",
   "COMPANY_TITLE": null,
   "COMPANY_ID": null,
   "CONTACT_ID": "16",
   "IS_RETURN_CUSTOMER": "N",
   "BIRTHDATE": "",
   "SOURCE_ID": null,
   "SOURCE_DESCRIPTION": null,
   "STATUS_ID": "CONVERTED",
   "STATUS_DESCRIPTION": null,
   "POST": null,
   "COMMENTS": null,
   "CURRENCY_ID": "BYN",
   "OPPORTUNITY": "0.00",
   "IS_MANUAL_OPPORTUNITY": "N",
   "HAS_PHONE": "Y",
   "HAS_EMAIL": "Y",
   "HAS_IMOL": "N",
   "ASSIGNED_BY_ID": "1",
   "CREATED_BY_ID": "1",
   "MODIFY_BY_ID": "1",
   "DATE_CREATE": "2024-08-22T17:01:03+00:00",
   "DATE_MODIFY": "2024-08-22T17:01:03+00:00",
   "DATE_CLOSED": "2024-08-22T17:01:03+00:00",
   "STATUS_SEMANTIC_ID": "S",
   "OPENED": "N",
   "ORIGINATOR_ID": null,
   "ORIGIN_ID": null,
   "MOVED_BY_ID": "1",
   "MOVED_TIME": "2024-08-22T17:01:03+00:00",
   "ADDRESS": "ул. Пушкина, д. 10",
   "ADDRESS_2": null,
   "ADDRESS_CITY": null,
   "ADDRESS_POSTAL_CODE": null,
   "ADDRESS_REGION": null,
   "ADDRESS_PROVINCE": null,
   "ADDRESS_COUNTRY": "Россия",
   "ADDRESS_COUNTRY_CODE": null,
   "ADDRESS_LOC_ADDR_ID": "30",
   "UTM_SOURCE": null,
   "UTM_MEDIUM": null,
   "UTM_CAMPAIGN": null,
   "UTM_CONTENT": null,
   "UTM_TERM": null,
   "LAST_ACTIVITY_BY": "1",
   "LAST_ACTIVITY_TIME": "2024-08-22T17:01:03+00:00"
  },
  {
   "ID": "18",
   "TITLE": "Мегаклиент",
   "HONORIFIC": null,
   "NAME": "Иван",
   "SECOND_NAME": null,
   "LAST_NAME": "Иванов",
   "COMPANY_TITLE": null,
   "COMPANY_ID": null,
   "CONTACT_ID": "18",
   "IS_RETURN_CUSTOMER": "N",
   "BIRTHDATE": "",
   "SOURCE_ID": null,
   "SOURCE_DESCRIPTION": null,
   "STATUS_ID": "CONVERTED",
   "STATUS_DESCRIPTION": null,
   "POST": null,
   "COMMENTS": null,
   "CURRENCY_ID": "BYN",
   "OPPORTUNITY": "0.00",
   "IS_MANUAL_OPPORTUNITY": "N",
   "HAS_PHONE": "Y",
   "HAS_EMAIL": "Y",
   "HAS_IMOL": "N",
   "ASSIGNED_BY_ID": "1",
   "CREATED_BY_ID": "1",
   "MODIFY_BY_ID": "1",
   "DATE_CREATE": "2024-08-22T17:01:03+00:00",
   "DATE_MODIFY": "2024-08-22T17:01:04+00:00",
   "DATE_CLOSED": "2024-08-22T17:01:04+00:00",
   "STATUS_SEMANTIC_ID": "S",
   "OPENED": "N",
   "ORIGINATOR_ID": null,
   "ORIGIN_ID": null,
   "MOVED_BY_ID": "1",
   "MOVED_TIME": "2024-08-22T17:01:04+00:00",
   "ADDRESS": "ул. Пушкина, д. 10",
   "ADDRESS_2": null,
   "ADDRESS_CITY": null,
   "ADDRESS_POSTAL_CODE": null,
   "ADDRESS_REGION": null,
   "ADDRESS_PROVINCE": null,
   "ADDRESS_COUNTRY": "Россия",
   "ADDRESS_COUNTRY_CODE": null,
   "ADDRESS_LOC_ADDR_ID": "34",
   "UTM_SOURCE": null,
   "UTM_MEDIUM": null,
   "UTM_CAMPAIGN": null,
   "UTM_CONTENT": null,
   "UTM_TERM": null,
   "LAST_ACTIVITY_BY": "1",
   "LAST_ACTIVITY_TIME": "2024-08-22T17:01:03+00:00"
  },
  {
   "ID": "20",
   "TITLE": "Суперклиент",
   "HONORIFIC": null,
   "NAME": "Петр",
   "SECOND_NAME": null,
   "LAST_NAME": "Петров",
   "COMPANY_TITLE": null,
   "COMPANY_ID": null,
   "CONTACT_ID": "20",
   "IS_RETURN_CUSTOMER": "N",
   "BIRTHDATE": "",
   "SOURCE_ID": null,
   "SOURCE_DESCRIPTION": null,
   "STATUS_ID": "CONVERTED",
   "STATUS_DESCRIPTION": null,
   "POST": null,
   "COMMENTS": null,
   "CURRENCY_ID": "BYN",
   "OPPORTUNITY": "0.00",
   "IS_MANUAL_OPPORTUNITY": "N",
   "HAS_PHONE": "Y",
   "HAS_EMAIL": "Y",
   "HAS_IMOL": "N",
   "ASSIGNED_BY_ID": "1",
   "CREATED_BY_ID": "1",
   "MODIFY_BY_ID": "1",
   "DATE_CREATE": "2024-08-22T17:01:39+00:00",
   "DATE_MODIFY": "2024-08-22T17:01:40+00:00",
   "DATE_CLOSED": "2024-08-22T17:01:39+00:00",
   "STATUS_SEMANTIC_ID": "S",
   "OPENED": "N",
   "ORIGINATOR_ID": null,
   "ORIGIN_ID": null,
   "MOVED_BY_ID": "1",
   "MOVED_TIME": "2024-08-22T17:01:39+00:00",
   "ADDRESS": "ул. Лермонтова, д. 20",
   "ADDRESS_2": null,
   "ADDRESS_CITY": null,
   "ADDRESS_POSTAL_CODE": null,
   "ADDRESS_REGION": null,
   "ADDRESS_PROVINCE": null,
   "ADDRESS_COUNTRY": "Беларусь",
   "ADDRESS_COUNTRY_CODE": null,
   "ADDRESS_LOC_ADDR_ID": "38",
   "UTM_SOURCE": null,
   "UTM_MEDIUM": null,
   "UTM_CAMPAIGN": null,
   "UTM_CONTENT": null,
   "UTM_TERM": null,
   "LAST_ACTIVITY_BY": "1",
   "LAST_ACTIVITY_TIME": "2024-08-22T17:01:39+00:00"
  },
  {
   "ID": "22",
   "TITLE": "Мегаклиент",
   "HONORIFIC": null,
   "NAME": "Иван",
   "SECOND_NAME": null,
   "LAST_NAME": "Иванов",
   "COMPANY_TITLE": null,
   "COMPANY_ID": null,
   "CONTACT_ID": "22",
   "IS_RETURN_CUSTOMER": "N",
   "BIRTHDATE": "",
   "SOURCE_ID": null,
   "SOURCE_DESCRIPTION": null,
   "STATUS_ID": "CONVERTED",
   "STATUS_DESCRIPTION": null,
   "POST": null,
   "COMMENTS": null,
   "CURRENCY_ID": "BYN",
   "OPPORTUNITY": "0.00",
   "IS_MANUAL_OPPORTUNITY": "N",
   "HAS_PHONE": "Y",
   "HAS_EMAIL": "Y",
   "HAS_IMOL": "N",
   "ASSIGNED_BY_ID": "1",
   "CREATED_BY_ID": "1",
   "MODIFY_BY_ID": "1",
   "DATE_CREATE": "2024-08-22T17:01:39+00:00",
   "DATE_MODIFY": "2024-08-22T17:01:40+00:00",
   "DATE_CLOSED": "2024-08-22T17:01:40+00:00",
   "STATUS_SEMANTIC_ID": "S",
   "OPENED": "N",
   "ORIGINATOR_ID": null,
   "ORIGIN_ID": null,
   "MOVED_BY_ID": "1",
   "MOVED_TIME": "2024-08-22T17:01:40+00:00",
   "ADDRESS": "ул. Пушкина, д. 10",
   "ADDRESS_2": null,
   "ADDRESS_CITY": null,
   "ADDRESS_POSTAL_CODE": null,
   "ADDRESS_REGION": null,
   "ADDRESS_PROVINCE": null,
   "ADDRESS_COUNTRY": "Россия",
   "ADDRESS_COUNTRY_CODE": null,
   "ADDRESS_LOC_ADDR_ID": "42",
   "UTM_SOURCE": null,
   "UTM_MEDIUM": null,
   "UTM_CAMPAIGN": null,
   "UTM_CONTENT": null,
   "UTM_TERM": null,
   "LAST_ACTIVITY_BY": "1",
   "LAST_ACTIVITY_TIME": "2024-08-22T17:01:39+00:00"
  }
 ],
 "total": 11,
 "time": {
  "start": 1724348719.71606,
  "finish": 1724348719.77655,
  "duration": 0.0604829788208008,
  "processing": 0.0332400798797607,
  "date_start": "2024-08-22T17:45:19+00:00",
  "date_finish": "2024-08-22T17:45:19+00:00",
  "operating_reset_at": 1724349319,
  "operating": 0
 }
}
