{
 "result": {
  "list": [
   {
    "id": 141236,
    "createdDate": "2026-06-18T17:31:44+03:00",
    "field": "NEW",
    "value": {
     "from": null,
     "to": null
    },
    "user": {
     "id": 1,
     "name": "Антон",
     "lastName": "Титовец",
     "secondName": "",
     "login": "VKuser657846756"
    }
   },
   {
    "id": 141238,
    "createdDate": "2026-06-18T17:31:46+03:00",
    "field": "START_DATE_PLAN",
    "value": {
     "from": "",
     "to": "1781793104"
    },
    "user": {
     "id": 1,
     "name": "Антон",
     "lastName": "Титовец",
     "secondName": "",
     "login": "VKuser657846756"
    }
   },
   {
    "id": 141240,
    "createdDate": "2026-06-18T17:31:46+03:00",
    "field": "END_DATE_PLAN",
    "value": {
     "from": "",
     "to": "1781816400"
    },
    "user": {
     "id": 1,
     "name": "Антон",
     "lastName": "Титовец",
     "secondName": "",
     "login": "VKuser657846756"
    }
   },
   {
    "id": 141252,
    "createdDate": "2026-06-18T17:31:51+03:00",
    "field": "TITLE",
    "value": {
     "from": "Новая задача",
     "to": "Другой заголовок задачи"
    },
    "user": {
     "id": 1,
     "name": "Антон",
     "lastName": "Титовец",
     "secondName": "",
     "login": "VKuser657846756"
    }
   },
   {
    "id": 141254,
    "createdDate": "2026-06-18T17:31:51+03:00",
    "field": "DESCRIPTION",
    "value": {
     "from": "",
     "to": ""
    },
    "user": {
     "id": 1,
     "name": "Антон",
     "lastName": "Титовец",
     "secondName": "",
     "login": "VKuser657846756"
    }
   },
   {
    "id": 141256,
    "createdDate": "2026-06-18T17:31:51+03:00",
    "field": "PRIORITY",
    "value": {
     "from": "2",
     "to": "1"
    },
    "user": {
     "id": 1,
     "name": "Антон",
     "lastName": "Титовец",
     "secondName": "",
     "login": "VKuser657846756"
    }
   },
   {
    "id": 141260,
    "createdDate": "2026-06-18T17:32:01+03:00",
    "field": "RESPONSIBLE_ID",
    "value": {
     "from": "1",
     "to": "2960"
    },
    "user": {
     "id": 1,
     "name": "Антон",
     "lastName": "Титовец",
     "secondName": "",
     "login": "VKuser657846756"
    }
   },
   {
    "id": 141264,
    "createdDate": "2026-06-18T17:32:03+03:00",
    "field": "STATUS",
    "value": {
     "from": "2",
     "to": "6"
    },
    "user": {
     "id": 1,
     "name": "Антон",
     "lastName": "Титовец",
     "secondName": "",
     "login": "VKuser657846756"
    }
   },
   {
    "id": 141268,
    "createdDate": "2026-06-18T17:32:05+03:00",
    "field": "STATUS",
    "value": {
     "from": "6",
     "to": "5"
    },
    "user": {
     "id": 1,
     "name": "Антон",
     "lastName": "Титовец",
     "secondName": "",
     "login": "VKuser657846756"
    }
   },
   {
    "id": 141272,
    "createdDate": "2026-06-18T17:32:09+03:00",
    "field": "STATUS",
    "value": {
     "from": "5",
     "to": "2"
    },
    "user": {
     "id": 1,
     "name": "Антон",
     "lastName": "Титовец",
     "secondName": "",
     "login": "VKuser657846756"
    }
   },
   {
    "id": 141276,
    "createdDate": "2026-06-18T17:32:11+03:00",
    "field": "STATUS",
    "value": {
     "from": "2",
     "to": "3"
    },
    "user": {
     "id": 1,
     "name": "Антон",
     "lastName": "Титовец",
     "secondName": "",
     "login": "VKuser657846756"
    }
   },
   {
    "id": 141280,
    "createdDate": "2026-06-18T17:32:12+03:00",
    "field": "AUDITORS",
    "value": {
     "from": "",
     "to": "1"
    },
    "user": {
     "id": 1,
     "name": "Антон",
     "lastName": "Титовец",
     "secondName": "",
     "login": "VKuser657846756"
    }
   },
   {
    "id": 141284,
    "createdDate": "2026-06-18T17:32:14+03:00",
    "field": "AUDITORS",
    "value": {
     "from": "1",
     "to": ""
    },
    "user": {
     "id": 1,
     "name": "Антон",
     "lastName": "Титовец",
     "secondName": "",
     "login": "VKuser657846756"
    }
   },
   {
    "id": 141288,
    "createdDate": "2026-06-18T17:32:15+03:00",
    "field": "STATUS",
    "value": {
     "from": "3",
     "to": "2"
    },
    "user": {
     "id": 1,
     "name": "Антон",
     "lastName": "Титовец",
     "secondName": "",
     "login": "VKuser657846756"
    }
   }
  ]
 },
 "time": {
  "start": 1781793137,
  "finish": 1781793137.3289,
  "duration": 0.328896045684814,
  "processing": 0,
  "date_start": "2026-06-18T17:32:17+03:00",
  "date_finish": "2026-06-18T17:32:17+03:00",
  "operating_reset_at": 1781793737,
  "operating": 0
 }
}
