{
 "result": {
  "ID": "62576",
  "NAME": "Картинка1.jpg",
  "CODE": null,
  "STORAGE_ID": "3",
  "TYPE": "file",
  "PARENT_ID": "3",
  "DELETED_TYPE": "0",
  "GLOBAL_CONTENT_VERSION": "1",
  "FILE_ID": "43400",
  "SIZE": "805189",
  "CREATE_TIME": "2026-06-29T22:52:29+03:00",
  "UPDATE_TIME": "2026-06-29T22:52:29+03:00",
  "DELETE_TIME": null,
  "CREATED_BY": "1",
  "UPDATED_BY": "1",
  "DELETED_BY": "0",
  "DOWNLOAD_URL": "https://b24-ar17wx.bitrix24.by/rest/download.json?auth=02da426a006e9f06006b12e40000000100000796476970df7ab9414309ec72e9316e1e&token=disk%7CaWQ9NjI1NzYmXz1tNjdpdmFXTnRQY0xxeEk2WG9MWlp2RkFLN3pUY3BFRg%3D%3D%7CImRvd25sb2FkfGRpc2t8YVdROU5qSTFOelltWHoxdE5qZHBkbUZYVG5SUVkweHhlRWsyV0c5TVdscDJSa0ZMTjNwVVkzQkZSZz09fDAyZGE0MjZhMDA2ZTlmMDYwMDZiMTJlNDAwMDAwMDAxMDAwMDA3OTY0NzY5NzBkZjdhYjk0MTQzMDllYzcyZTkzMTZlMWUi.HDIP2KLksJloxWhwJjOmugpOFdcxYRJET8kdfaSXed0%3D",
  "DETAIL_URL": "https://b24-ar17wx.bitrix24.by/docs/file/Картинка1.jpg"
 },
 "time": {
  "start": 1782762752,
  "finish": 1782762752.86376,
  "duration": 0.863763093948364,
  "processing": 0,
  "date_start": "2026-06-29T22:52:32+03:00",
  "date_finish": "2026-06-29T22:52:32+03:00",
  "operating_reset_at": 1782763352,
  "operating": 0
 }
}
