{
 "result": [
  {
   "id": 2854,
   "taskId": 7752,
   "commentId": 18084,
   "createdBy": 1,
   "createdAt": "2025-09-08T09:17:58+00:00",
   "updatedAt": "2025-09-08T09:17:58+00:00",
   "status": 0,
   "text": "Задача изменена, расходимся",
   "formattedText": "Задача изменена, расходимся",
   "files": []
  },
  {
   "id": 2852,
   "taskId": 7752,
   "commentId": 18082,
   "createdBy": 1,
   "createdAt": "2025-09-08T09:17:55+00:00",
   "updatedAt": "2025-09-08T09:17:55+00:00",
   "status": 0,
   "text": "Задача изменена, не расходимся",
   "formattedText": "Задача изменена, не расходимся",
   "files": []
  }
 ],
 "time": {
  "start": 1757323097.05832,
  "finish": 1757323097.10475,
  "duration": 0.0464231967926025,
  "processing": 0.0105948448181152,
  "date_start": "2025-09-08T09:18:17+00:00",
  "date_finish": "2025-09-08T09:18:17+00:00",
  "operating_reset_at": 1757323697,
  "operating": 0
 }
}
