    {
 "result": [
  {
   "ID": "14",
   "NAME": "Новый календарь",
   "GAPI_CALENDAR_ID": null,
   "DESCRIPTION": "Мой новый календарь",
   "COLOR": "#FFFFFF",
   "TEXT_COLOR": "#000000",
   "EXPORT": {
    "ALLOW": true,
    "LINK": "&type=user&owner=1&ncc=1&user=1&sec_id=14&sign=0340726e9becd635c244fe6b70681010&bx_hit_hash=2WWi7bjQ9bin1IgiayYGE09H5tOGUsvK"
   },
   "CAL_TYPE": "user",
   "OWNER_ID": "1",
   "CREATED_BY": "1",
   "DATE_CREATE": "2025-01-18 14:11:00",
   "TIMESTAMP_X": "2025-01-18 14:11:00",
   "CAL_DAV_CON": null,
   "SYNC_TOKEN": null,
   "PAGE_TOKEN": null,
   "EXTERNAL_TYPE": "local",
   "ACCESS": {
    "G2": 31,
    "U1": 39
   },
   "IS_COLLAB": false,
   "PERM": {
    "view_time": true,
    "view_title": true,
    "view_full": true,
    "add": true,
    "edit": true,
    "edit_section": true,
    "access": true
   }
  },
  {
   "ID": "16",
   "NAME": "Новый календарь",
   "GAPI_CALENDAR_ID": null,
   "DESCRIPTION": "Мой новый календарь",
   "COLOR": "#FFFFFF",
   "TEXT_COLOR": "#000000",
   "EXPORT": {
    "ALLOW": true,
    "LINK": "&type=user&owner=1&ncc=1&user=1&sec_id=16&sign=11c87d77756ee426d52a887c1f0e9451&bx_hit_hash=2WWi7bjQ9bin1IgiayYGE09H5tOGUsvK"
   },
   "CAL_TYPE": "user",
   "OWNER_ID": "1",
   "CREATED_BY": "1",
   "DATE_CREATE": "2025-01-18 16:06:00",
   "TIMESTAMP_X": "2025-01-18 16:06:00",
   "CAL_DAV_CON": null,
   "SYNC_TOKEN": null,
   "PAGE_TOKEN": null,
   "EXTERNAL_TYPE": "local",
   "ACCESS": {
    "G2": 31,
    "U1": 39
   },
   "IS_COLLAB": false,
   "PERM": {
    "view_time": true,
    "view_title": true,
    "view_full": true,
    "add": true,
    "edit": true,
    "edit_section": true,
    "access": true
   }
  },
  {
   "ID": "26",
   "NAME": "Новый календарь",
   "GAPI_CALENDAR_ID": null,
   "DESCRIPTION": "Мой новый календарь",
   "COLOR": "#FFFFFF",
   "TEXT_COLOR": "#000000",
   "EXPORT": {
    "ALLOW": true,
    "LINK": "&type=user&owner=1&ncc=1&user=1&sec_id=26&sign=db0466517eac35c3a5834f513aea8336&bx_hit_hash=2WWi7bjQ9bin1IgiayYGE09H5tOGUsvK"
   },
   "CAL_TYPE": "user",
   "OWNER_ID": "1",
   "CREATED_BY": "1",
   "DATE_CREATE": "2025-01-18 18:05:00",
   "TIMESTAMP_X": "2025-01-18 18:05:00",
   "CAL_DAV_CON": null,
   "SYNC_TOKEN": null,
   "PAGE_TOKEN": null,
   "EXTERNAL_TYPE": "local",
   "ACCESS": {
    "G2": 31,
    "U1": 39
   },
   "IS_COLLAB": false,
   "PERM": {
    "view_time": true,
    "view_title": true,
    "view_full": true,
    "add": true,
    "edit": true,
    "edit_section": true,
    "access": true
   }
  },
  {
   "ID": "28",
   "NAME": "Новый календарь",
   "GAPI_CALENDAR_ID": null,
   "DESCRIPTION": "Мой новый календарь",
   "COLOR": "#FFFFFF",
   "TEXT_COLOR": "#000000",
   "EXPORT": {
    "ALLOW": true,
    "LINK": "&type=user&owner=1&ncc=1&user=1&sec_id=28&sign=c82932e1cd2ef5da6c427850617091f9&bx_hit_hash=2WWi7bjQ9bin1IgiayYGE09H5tOGUsvK"
   },
   "CAL_TYPE": "user",
   "OWNER_ID": "1",
   "CREATED_BY": "1",
   "DATE_CREATE": "2025-01-18 18:06:00",
   "TIMESTAMP_X": "2025-01-18 18:06:00",
   "CAL_DAV_CON": null,
   "SYNC_TOKEN": null,
   "PAGE_TOKEN": null,
   "EXTERNAL_TYPE": "local",
   "ACCESS": {
    "G2": 31,
    "U1": 39
   },
   "IS_COLLAB": false,
   "PERM": {
    "view_time": true,
    "view_title": true,
    "view_full": true,
    "add": true,
    "edit": true,
    "edit_section": true,
    "access": true
   }
  },
  {
   "ID": "30",
   "NAME": "Другой календарь",
   "GAPI_CALENDAR_ID": null,
   "DESCRIPTION": "Мой другой новый календарь",
   "COLOR": "#FFFFFF",
   "TEXT_COLOR": "#000000",
   "EXPORT": {
    "ALLOW": true,
    "LINK": "&type=user&owner=1&ncc=1&user=1&sec_id=30&sign=5ff79556b34fde9a232364e2a3576979&bx_hit_hash=2WWi7bjQ9bin1IgiayYGE09H5tOGUsvK"
   },
   "CAL_TYPE": "user",
   "OWNER_ID": "1",
   "CREATED_BY": "1",
   "DATE_CREATE": "2025-01-18 18:06:00",
   "TIMESTAMP_X": "2025-01-18 18:06:00",
   "CAL_DAV_CON": null,
   "SYNC_TOKEN": null,
   "PAGE_TOKEN": null,
   "EXTERNAL_TYPE": "local",
   "ACCESS": {
    "G2": 31,
    "U1": 39
   },
   "IS_COLLAB": false,
   "PERM": {
    "view_time": true,
    "view_title": true,
    "view_full": true,
    "add": true,
    "edit": true,
    "edit_section": true,
    "access": true
   }
  },
  {
   "ID": "48",
   "NAME": "Новое имя календаря",
   "GAPI_CALENDAR_ID": null,
   "DESCRIPTION": "Этот календарь был изменен",
   "COLOR": "#FFFFFF",
   "TEXT_COLOR": "#000000",
   "EXPORT": {
    "ALLOW": true,
    "LINK": "&type=user&owner=1&ncc=1&user=1&sec_id=48&sign=8e5edae36d92c0db3d3519ffe24a90e0&bx_hit_hash=2WWi7bjQ9bin1IgiayYGE09H5tOGUsvK"
   },
   "CAL_TYPE": "user",
   "OWNER_ID": "1",
   "CREATED_BY": "1",
   "DATE_CREATE": "2025-01-18 20:40:00",
   "TIMESTAMP_X": "2025-01-18 20:40:00",
   "CAL_DAV_CON": null,
   "SYNC_TOKEN": null,
   "PAGE_TOKEN": null,
   "EXTERNAL_TYPE": "local",
   "ACCESS": {
    "G2": 31,
    "U1": 39
   },
   "IS_COLLAB": false,
   "PERM": {
    "view_time": true,
    "view_title": true,
    "view_full": true,
    "add": true,
    "edit": true,
    "edit_section": true,
    "access": true
   }
  },
  {
   "ID": "50",
   "NAME": "Новое имя календаря",
   "GAPI_CALENDAR_ID": null,
   "DESCRIPTION": "Этот календарь был изменен",
   "COLOR": "#FFFFFF",
   "TEXT_COLOR": "#000000",
   "EXPORT": {
    "ALLOW": true,
    "LINK": "&type=user&owner=1&ncc=1&user=1&sec_id=50&sign=dd927b91efc59463597cb5b777155afe&bx_hit_hash=2WWi7bjQ9bin1IgiayYGE09H5tOGUsvK"
   },
   "CAL_TYPE": "user",
   "OWNER_ID": "1",
   "CREATED_BY": "1",
   "DATE_CREATE": "2025-01-18 20:40:00",
   "TIMESTAMP_X": "2025-01-18 20:40:00",
   "CAL_DAV_CON": null,
   "SYNC_TOKEN": null,
   "PAGE_TOKEN": null,
   "EXTERNAL_TYPE": "local",
   "ACCESS": {
    "G2": 31,
    "U1": 39
   },
   "IS_COLLAB": false,
   "PERM": {
    "view_time": true,
    "view_title": true,
    "view_full": true,
    "add": true,
    "edit": true,
    "edit_section": true,
    "access": true
   }
  }
 ],
 "time": {
  "start": 1737222008.1556,
  "finish": 1737222008.18434,
  "duration": 0.0287430286407471,
  "processing": 0.00466179847717285,
  "date_start": "2025-01-18T20:40:08+03:00",
  "date_finish": "2025-01-18T20:40:08+03:00",
  "operating_reset_at": 1737222608,
  "operating": 0
 }
}
