{
 "result": {
  "1": [
   {
    "ID": "4968",
    "NAME": "[Под вопросом]",
    "DATE_FROM": "16.06.2026 14:07:00",
    "DATE_TO": "16.06.2026 15:07:00",
    "DATE_FROM_TS_UTC": "1781597220",
    "DATE_TO_TS_UTC": "1784203620",
    "~USER_OFFSET_FROM": 0,
    "~USER_OFFSET_TO": 0,
    "DT_SKIP_TIME": "N",
    "TZ_FROM": "Europe/Minsk",
    "TZ_TO": "Europe/Minsk",
    "ACCESSIBILITY": "quest",
    "IMPORTANCE": "low",
    "EVENT_TYPE": null
   },
   {
    "ID": "4972",
    "NAME": "[Под вопросом]",
    "DATE_FROM": "16.06.2026 14:07:00",
    "DATE_TO": "16.06.2026 15:07:00",
    "DATE_FROM_TS_UTC": "1781597220",
    "DATE_TO_TS_UTC": "1784203620",
    "~USER_OFFSET_FROM": 0,
    "~USER_OFFSET_TO": 0,
    "DT_SKIP_TIME": "N",
    "TZ_FROM": "Europe/Minsk",
    "TZ_TO": "Europe/Minsk",
    "ACCESSIBILITY": "quest",
    "IMPORTANCE": "low",
    "EVENT_TYPE": null
   }
  ]
 },
 "time": {
  "start": 1781521655,
  "finish": 1781521655.56232,
  "duration": 0.562314987182617,
  "processing": 0,
  "date_start": "2026-06-15T14:07:35+03:00",
  "date_finish": "2026-06-15T14:07:35+03:00",
  "operating_reset_at": 1781522255,
  "operating": 0
 }
}
