{
 "result": [
  {
   "ID": "4140",
   "TASK_ID": "11086",
   "USER_ID": "1",
   "COMMENT_TEXT": "",
   "SECONDS": "3600",
   "MINUTES": "60",
   "SOURCE": "2",
   "CREATED_DATE": "2026-06-11T10:48:56+03:00",
   "DATE_START": "2026-06-11T10:48:56+03:00",
   "DATE_STOP": "2026-06-11T10:48:56+03:00"
  },
  {
   "ID": "4142",
   "TASK_ID": "11086",
   "USER_ID": "10",
   "COMMENT_TEXT": "Трудозатраты по обработке",
   "SECONDS": "7200",
   "MINUTES": "120",
   "SOURCE": "2",
   "CREATED_DATE": "2026-05-11T10:48:56+03:00",
   "DATE_START": "2026-06-11T10:48:56+03:00",
   "DATE_STOP": "2026-06-11T10:48:56+03:00"
  }
 ],
 "total": 2,
 "time": {
  "start": 1781164138,
  "finish": 1781164138.17408,
  "duration": 0.174083948135376,
  "processing": 0,
  "date_start": "2026-06-11T10:48:58+03:00",
  "date_finish": "2026-06-11T10:48:58+03:00",
  "operating_reset_at": 1781164738,
  "operating": 0
 }
}
