{
 "result": {
  "ID": "3982",
  "TITLE": "Мегаклиент",
  "HONORIFIC": null,
  "NAME": "Иван",
  "SECOND_NAME": null,
  "LAST_NAME": "Иванов",
  "COMPANY_TITLE": null,
  "COMPANY_ID": null,
  "CONTACT_ID": "3982",
  "IS_RETURN_CUSTOMER": "N",
  "BIRTHDATE": "",
  "SOURCE_ID": "CALL",
  "SOURCE_DESCRIPTION": null,
  "STATUS_ID": "CONVERTED",
  "STATUS_DESCRIPTION": null,
  "POST": null,
  "COMMENTS": null,
  "CURRENCY_ID": "BYN",
  "OPPORTUNITY": "0.00",
  "IS_MANUAL_OPPORTUNITY": "N",
  "HAS_PHONE": "***",
  "HAS_EMAIL": "Y",
  "HAS_IMOL": "N",
  "ASSIGNED_BY_ID": "1",
  "CREATED_BY_ID": "1",
  "MODIFY_BY_ID": "1",
  "DATE_CREATE": "2026-07-13T08:59:58+00:00",
  "DATE_MODIFY": "2026-07-13T08:59:59+00:00",
  "DATE_CLOSED": "2026-07-12T21:00:00+00:00",
  "STATUS_SEMANTIC_ID": "S",
  "OPENED": "Y",
  "ORIGINATOR_ID": "***",
  "ORIGIN_ID": "***",
  "MOVED_BY_ID": "1",
  "MOVED_TIME": "2026-07-13T08:59:59+00:00",
  "ADDRESS": "ул. Пушкина, д. 10",
  "ADDRESS_2": null,
  "ADDRESS_CITY": null,
  "ADDRESS_POSTAL_CODE": null,
  "ADDRESS_REGION": null,
  "ADDRESS_PROVINCE": null,
  "ADDRESS_COUNTRY": "Россия",
  "ADDRESS_COUNTRY_CODE": null,
  "ADDRESS_LOC_ADDR_ID": "7966",
  "UTM_SOURCE": null,
  "UTM_MEDIUM": null,
  "UTM_CAMPAIGN": null,
  "UTM_CONTENT": null,
  "UTM_TERM": null,
  "LAST_COMMUNICATION_TIME": null,
  "LAST_ACTIVITY_BY": "1",
  "LAST_ACTIVITY_TIME": "2026-07-13T08:59:58+00:00",
  "EMAIL": [
   {
    "ID": "23882",
    "VALUE_TYPE": "HOME",
    "VALUE": "yo@example.com",
    "TYPE_ID": "EMAIL"
   },
   {
    "ID": "23884",
    "VALUE_TYPE": "WORK",
    "VALUE": "hi@example.com",
    "TYPE_ID": "EMAIL"
   }
  ],
  "PHONE": [
   {
    "ID": "23886",
    "VALUE_TYPE": "WORK",
    "VALUE": "88005553535",
    "TYPE_ID": "PHONE"
   }
  ]
 },
 "time": {
  "start": 1783933200,
  "finish": 1783933200.84132,
  "duration": 0.84132194519043,
  "processing": 0,
  "date_start": "2026-07-13T09:00:00+00:00",
  "date_finish": "2026-07-13T09:00:00+00:00",
  "operating_reset_at": 1783933800,
  "operating": 0
 }
}
