{
 "result": [
  {
   "ID": "4238",
   "XML_ID": "77209854",
   "ACTIVE": true,
   "NAME": "Олег",
   "LAST_NAME": "Лама",
   "EMAIL": "f27fd1ce-5b7e-41d1-9327-34e9fd987ce0@example.org",
   "LAST_LOGIN": "",
   "DATE_REGISTER": "2026-07-18T00:00:00+00:00",
   "IS_ONLINE": "N",
   "TIMESTAMP_X": {},
   "PERSONAL_GENDER": "",
   "PERSONAL_BIRTHDAY": "",
   "PERSONAL_MOBILE": "88003553535",
   "UF_EMPLOYMENT_DATE": "",
   "UF_DEPARTMENT": [
    7
   ],
   "USER_TYPE": "employee"
  }
 ],
 "total": 1,
 "time": {
  "start": 1784359630,
  "finish": 1784359630.4645,
  "duration": 0.464498996734619,
  "processing": 0,
  "date_start": "2026-07-18T07:27:10+00:00",
  "date_finish": "2026-07-18T07:27:10+00:00",
  "operating_reset_at": 1784360230,
  "operating": 0
 }
}
