{
 "result": {
  "chat_id": "***",
  "messages": [
   {
    "id": 3808,
    "chat_id": "***",
    "author_id": 1,
    "date": "2024-07-13T17:45:29+03:00",
    "text": "Сообщение для теста",
    "unread": false,
    "uuid": null,
    "replaces": [],
    "params": [],
    "disappearing_date": null
   },
   {
    "id": 4286,
    "chat_id": "***",
    "author_id": 1,
    "date": "2024-07-13T19:06:51+03:00",
    "text": "Текст сообщения",
    "unread": false,
    "uuid": null,
    "replaces": [],
    "params": [],
    "disappearing_date": null
   },
   {
    "id": 4366,
    "chat_id": "***",
    "author_id": 1,
    "date": "2024-07-13T19:40:58+03:00",
    "text": "Message text",
    "unread": false,
    "uuid": null,
    "replaces": [],
    "params": [],
    "disappearing_date": null
   },
   {
    "id": 4406,
    "chat_id": "***",
    "author_id": 1,
    "date": "2024-07-13T22:57:33+03:00",
    "text": "Это сообщение было удалено",
    "unread": false,
    "uuid": null,
    "replaces": [],
    "params": {
     "IS_DELETED": "Y"
    },
    "disappearing_date": null
   },
   {
    "id": 4446,
    "chat_id": "***",
    "author_id": 1,
    "date": "2024-07-13T23:21:27+03:00",
    "text": "Текст сообщения",
    "unread": false,
    "uuid": null,
    "replaces": [],
    "params": [],
    "disappearing_date": null
   },
   {
    "id": 4486,
    "chat_id": "***",
    "author_id": 1,
    "date": "2024-07-13T23:22:30+03:00",
    "text": "Это сообщение было удалено",
    "unread": false,
    "uuid": null,
    "replaces": [],
    "params": {
     "IS_DELETED": "Y"
    },
    "disappearing_date": null
   },
   {
    "id": 4526,
    "chat_id": "***",
    "author_id": 1,
    "date": "2024-07-13T23:41:21+03:00",
    "text": "Это сообщение было удалено",
    "unread": false,
    "uuid": null,
    "replaces": [],
    "params": {
     "IS_DELETED": "Y"
    },
    "disappearing_date": null
   },
   {
    "id": 4668,
    "chat_id": "***",
    "author_id": 1,
    "date": "2024-07-14T11:10:33+03:00",
    "text": "Это сообщение было удалено",
    "unread": false,
    "uuid": null,
    "replaces": [],
    "params": {
     "IS_DELETED": "Y"
    },
    "disappearing_date": null
   },
   {
    "id": 4708,
    "chat_id": "***",
    "author_id": 1,
    "date": "2024-07-14T11:22:56+03:00",
    "text": "Это сообщение было удалено",
    "unread": false,
    "uuid": null,
    "replaces": [],
    "params": {
     "IS_DELETED": "Y"
    },
    "disappearing_date": null
   },
   {
    "id": 4748,
    "chat_id": "***",
    "author_id": 1,
    "date": "2024-07-14T11:26:01+03:00",
    "text": "Это сообщение было удалено",
    "unread": false,
    "uuid": null,
    "replaces": [],
    "params": {
     "IS_DELETED": "Y"
    },
    "disappearing_date": null
   },
   {
    "id": 4788,
    "chat_id": "***",
    "author_id": 1,
    "date": "2024-07-14T11:28:01+03:00",
    "text": "Это сообщение было удалено",
    "unread": false,
    "uuid": null,
    "replaces": [],
    "params": {
     "IS_DELETED": "Y"
    },
    "disappearing_date": null
   },
   {
    "id": 4828,
    "chat_id": "***",
    "author_id": 1,
    "date": "2024-07-14T11:28:36+03:00",
    "text": "Это сообщение было удалено",
    "unread": false,
    "uuid": null,
    "replaces": [],
    "params": {
     "IS_DELETED": "Y"
    },
    "disappearing_date": null
   },
   {
    "id": 4868,
    "chat_id": "***",
    "author_id": 1,
    "date": "2024-07-14T11:30:18+03:00",
    "text": "Это сообщение было удалено",
    "unread": false,
    "uuid": null,
    "replaces": [],
    "params": {
     "IS_DELETED": "Y"
    },
    "disappearing_date": null
   },
   {
    "id": 4908,
    "chat_id": "***",
    "author_id": 1,
    "date": "2024-07-14T11:52:24+03:00",
    "text": "Это сообщение было удалено",
    "unread": false,
    "uuid": null,
    "replaces": [],
    "params": {
     "IS_DELETED": "Y"
    },
    "disappearing_date": null
   },
   {
    "id": 4948,
    "chat_id": "***",
    "author_id": 1,
    "date": "2024-07-14T11:53:31+03:00",
    "text": "Это сообщение было удалено",
    "unread": false,
    "uuid": null,
    "replaces": [],
    "params": {
     "IS_DELETED": "Y"
    },
    "disappearing_date": null
   },
   {
    "id": 4990,
    "chat_id": "***",
    "author_id": 1,
    "date": "2024-07-14T11:57:06+03:00",
    "text": "Это сообщение было удалено",
    "unread": false,
    "uuid": null,
    "replaces": [],
    "params": {
     "IS_DELETED": "Y"
    },
    "disappearing_date": null
   },
   {
    "id": 5060,
    "chat_id": "***",
    "author_id": 1,
    "date": "2024-07-14T11:59:43+03:00",
    "text": "Это сообщение было удалено",
    "unread": false,
    "uuid": null,
    "replaces": [],
    "params": {
     "IS_DELETED": "Y"
    },
    "disappearing_date": null
   },
   {
    "id": 5140,
    "chat_id": "***",
    "author_id": 1,
    "date": "2024-07-14T12:29:40+03:00",
    "text": "Это сообщение было удалено",
    "unread": false,
    "uuid": null,
    "replaces": [],
    "params": {
     "IS_DELETED": "Y"
    },
    "disappearing_date": null
   },
   {
    "id": 5182,
    "chat_id": "***",
    "author_id": 1,
    "date": "2024-07-14T12:35:56+03:00",
    "text": "Это сообщение было удалено",
    "unread": false,
    "uuid": null,
    "replaces": [],
    "params": {
     "IS_DELETED": "Y"
    },
    "disappearing_date": null
   },
   {
    "id": 86306,
    "chat_id": "***",
    "author_id": 0,
    "date": "2026-04-06T22:01:28+03:00",
    "text": "Это сообщение было удалено.",
    "unread": false,
    "uuid": null,
    "replaces": [],
    "params": {
     "IS_DELETED": "Y"
    },
    "disappearing_date": null
   }
  ],
  "users": [
   {
    "id": 1,
    "active": true,
    "name": "Антон Титовец",
    "first_name": "Антон",
    "last_name": "Титовец",
    "work_position": null,
    "color": "#df532d",
    "avatar": "https://cdn-ru.bitrix24.by/b28528874/resize_cache/30/ff58db95aecdfa09ae61b51b5fd8f63f/main/d7e/d7e99...",
    "avatar_hr": "https://cdn-ru.bitrix24.by/b28528874/resize_cache/30/ff58db95aecdfa09ae61b51b5fd8f63f/main/d7e/d7e99...",
    "gender": "M",
    "birthday": "",
    "extranet": false,
    "network": false,
    "bot": false,
    "connector": false,
    "external_auth_id": "socservices",
    "status": "online",
    "idle": false,
    "last_activity_date": "2026-03-03T19:33:56+03:00",
    "mobile_last_date": false,
    "desktop_last_date": false,
    "absent": false,
    "departments": [
     1,
     638
    ],
    "phones": "***",
    "bot_data": null,
    "type": "user",
    "website": "",
    "email": "no-reply@bitrix24.com"
   }
  ],
  "files": []
 },
 "time": {
  "start": 1776952727,
  "finish": 1776952727.06008,
  "duration": 0.0600850582122803,
  "processing": 0,
  "date_start": "2026-04-23T16:58:47+03:00",
  "date_finish": "2026-04-23T16:58:47+03:00",
  "operating_reset_at": 1776953327,
  "operating": 0
 }
}
