    {
 "result": {
  "ID": "259",
  "ENTITY_ID": "TASKS_TASK",
  "FIELD_NAME": "UF_BIRTHDAY_FIELD",
  "USER_TYPE_ID": "date",
  "XML_ID": null,
  "SORT": "100",
  "MULTIPLE": "N",
  "MANDATORY": "N",
  "SHOW_FILTER": "N",
  "SHOW_IN_LIST": "Y",
  "EDIT_IN_LIST": "Y",
  "IS_SEARCHABLE": "N",
  "SETTINGS": {
   "DEFAULT_VALUE": {
    "TYPE": "NONE",
    "VALUE": ""
   }
  },
  "EDIT_FORM_LABEL": {
   "ar": "UF_BIRTHDAY_FIELD",
   "br": "UF_BIRTHDAY_FIELD",
   "de": "UF_BIRTHDAY_FIELD",
   "en": "UF_BIRTHDAY_FIELD",
   "fr": "UF_BIRTHDAY_FIELD",
   "id": "UF_BIRTHDAY_FIELD",
   "it": "UF_BIRTHDAY_FIELD",
   "ja": "UF_BIRTHDAY_FIELD",
   "la": "UF_BIRTHDAY_FIELD",
   "ms": "UF_BIRTHDAY_FIELD",
   "pl": "UF_BIRTHDAY_FIELD",
   "ru": "UF_BIRTHDAY_FIELD",
   "sc": "UF_BIRTHDAY_FIELD",
   "tc": "UF_BIRTHDAY_FIELD",
   "th": "UF_BIRTHDAY_FIELD",
   "tr": "UF_BIRTHDAY_FIELD",
   "ua": "UF_BIRTHDAY_FIELD",
   "vn": "UF_BIRTHDAY_FIELD"
  },
  "LIST_COLUMN_LABEL": {
   "ar": "UF_BIRTHDAY_FIELD",
   "br": "UF_BIRTHDAY_FIELD",
   "de": "UF_BIRTHDAY_FIELD",
   "en": "UF_BIRTHDAY_FIELD",
   "fr": "UF_BIRTHDAY_FIELD",
   "id": "UF_BIRTHDAY_FIELD",
   "it": "UF_BIRTHDAY_FIELD",
   "ja": "UF_BIRTHDAY_FIELD",
   "la": "UF_BIRTHDAY_FIELD",
   "ms": "UF_BIRTHDAY_FIELD",
   "pl": "UF_BIRTHDAY_FIELD",
   "ru": "UF_BIRTHDAY_FIELD",
   "sc": "UF_BIRTHDAY_FIELD",
   "tc": "UF_BIRTHDAY_FIELD",
   "th": "UF_BIRTHDAY_FIELD",
   "tr": "UF_BIRTHDAY_FIELD",
   "ua": "UF_BIRTHDAY_FIELD",
   "vn": "UF_BIRTHDAY_FIELD"
  },
  "LIST_FILTER_LABEL": {
   "ar": "UF_BIRTHDAY_FIELD",
   "br": "UF_BIRTHDAY_FIELD",
   "de": "UF_BIRTHDAY_FIELD",
   "en": "UF_BIRTHDAY_FIELD",
   "fr": "UF_BIRTHDAY_FIELD",
   "id": "UF_BIRTHDAY_FIELD",
   "it": "UF_BIRTHDAY_FIELD",
   "ja": "UF_BIRTHDAY_FIELD",
   "la": "UF_BIRTHDAY_FIELD",
   "ms": "UF_BIRTHDAY_FIELD",
   "pl": "UF_BIRTHDAY_FIELD",
   "ru": "UF_BIRTHDAY_FIELD",
   "sc": "UF_BIRTHDAY_FIELD",
   "tc": "UF_BIRTHDAY_FIELD",
   "th": "UF_BIRTHDAY_FIELD",
   "tr": "UF_BIRTHDAY_FIELD",
   "ua": "UF_BIRTHDAY_FIELD",
   "vn": "UF_BIRTHDAY_FIELD"
  },
  "ERROR_MESSAGE": {
   "ar": "UF_BIRTHDAY_FIELD",
   "br": "UF_BIRTHDAY_FIELD",
   "de": "UF_BIRTHDAY_FIELD",
   "en": "UF_BIRTHDAY_FIELD",
   "fr": "UF_BIRTHDAY_FIELD",
   "id": "UF_BIRTHDAY_FIELD",
   "it": "UF_BIRTHDAY_FIELD",
   "ja": "UF_BIRTHDAY_FIELD",
   "la": "UF_BIRTHDAY_FIELD",
   "ms": "UF_BIRTHDAY_FIELD",
   "pl": "UF_BIRTHDAY_FIELD",
   "ru": "UF_BIRTHDAY_FIELD",
   "sc": "UF_BIRTHDAY_FIELD",
   "tc": "UF_BIRTHDAY_FIELD",
   "th": "UF_BIRTHDAY_FIELD",
   "tr": "UF_BIRTHDAY_FIELD",
   "ua": "UF_BIRTHDAY_FIELD",
   "vn": "UF_BIRTHDAY_FIELD"
  },
  "HELP_MESSAGE": {
   "ar": "UF_BIRTHDAY_FIELD",
   "br": "UF_BIRTHDAY_FIELD",
   "de": "UF_BIRTHDAY_FIELD",
   "en": "UF_BIRTHDAY_FIELD",
   "fr": "UF_BIRTHDAY_FIELD",
   "id": "UF_BIRTHDAY_FIELD",
   "it": "UF_BIRTHDAY_FIELD",
   "ja": "UF_BIRTHDAY_FIELD",
   "la": "UF_BIRTHDAY_FIELD",
   "ms": "UF_BIRTHDAY_FIELD",
   "pl": "UF_BIRTHDAY_FIELD",
   "ru": "UF_BIRTHDAY_FIELD",
   "sc": "UF_BIRTHDAY_FIELD",
   "tc": "UF_BIRTHDAY_FIELD",
   "th": "UF_BIRTHDAY_FIELD",
   "tr": "UF_BIRTHDAY_FIELD",
   "ua": "UF_BIRTHDAY_FIELD",
   "vn": "UF_BIRTHDAY_FIELD"
  }
 },
 "total": 0,
 "time": {
  "start": 1722114797.07392,
  "finish": 1722114797.09485,
  "duration": 0.0209290981292725,
  "processing": 0.000898122787475586,
  "date_start": "2024-07-27T21:13:17+00:00",
  "date_finish": "2024-07-27T21:13:17+00:00",
  "operating_reset_at": 1722115397,
  "operating": 0
 }
}
