{
 "result": {
  "142": {
   "ID": "142",
   "TITLE": "Новое имя стадии стадии",
   "SORT": "100",
   "COLOR": "000000",
   "SYSTEM_TYPE": "NEW",
   "ENTITY_ID": "1",
   "ENTITY_TYPE": "U",
   "ADDITIONAL_FILTER": [],
   "TO_UPDATE": [],
   "TO_UPDATE_ACCESS": null,
   "CAN_SORT_ITEMS": true
  },
  "20": {
   "ID": "20",
   "TITLE": "Новая стадия",
   "SORT": "200",
   "COLOR": "0026FF",
   "SYSTEM_TYPE": "",
   "ENTITY_ID": "1",
   "ENTITY_TYPE": "U",
   "ADDITIONAL_FILTER": [],
   "TO_UPDATE": [],
   "TO_UPDATE_ACCESS": null
  },
  "24": {
   "ID": "24",
   "TITLE": "Название",
   "SORT": "300",
   "COLOR": "75d900",
   "SYSTEM_TYPE": "",
   "ENTITY_ID": "1",
   "ENTITY_TYPE": "U",
   "ADDITIONAL_FILTER": [],
   "TO_UPDATE": [],
   "TO_UPDATE_ACCESS": null
  },
  "16": {
   "ID": "16",
   "TITLE": "Новая стадия",
   "SORT": "400",
   "COLOR": "0026FF",
   "SYSTEM_TYPE": "",
   "ENTITY_ID": "1",
   "ENTITY_TYPE": "U",
   "ADDITIONAL_FILTER": [],
   "TO_UPDATE": [],
   "TO_UPDATE_ACCESS": null
  },
  "18": {
   "ID": "18",
   "TITLE": "Новая стадия 2",
   "SORT": "500",
   "COLOR": "0026FF",
   "SYSTEM_TYPE": "",
   "ENTITY_ID": "1",
   "ENTITY_TYPE": "U",
   "ADDITIONAL_FILTER": [],
   "TO_UPDATE": [],
   "TO_UPDATE_ACCESS": null
  },
  "12": {
   "ID": "12",
   "TITLE": "Новая стадия",
   "SORT": "600",
   "COLOR": "0026FF",
   "SYSTEM_TYPE": "",
   "ENTITY_ID": "1",
   "ENTITY_TYPE": "U",
   "ADDITIONAL_FILTER": [],
   "TO_UPDATE": [],
   "TO_UPDATE_ACCESS": null
  },
  "14": {
   "ID": "14",
   "TITLE": "Новая стадия 2",
   "SORT": "700",
   "COLOR": "0026FF",
   "SYSTEM_TYPE": "",
   "ENTITY_ID": "1",
   "ENTITY_TYPE": "U",
   "ADDITIONAL_FILTER": [],
   "TO_UPDATE": [],
   "TO_UPDATE_ACCESS": null
  },
  "8": {
   "ID": "8",
   "TITLE": "Новая стадия",
   "SORT": "800",
   "COLOR": "0026FF",
   "SYSTEM_TYPE": "",
   "ENTITY_ID": "1",
   "ENTITY_TYPE": "U",
   "ADDITIONAL_FILTER": [],
   "TO_UPDATE": [],
   "TO_UPDATE_ACCESS": null
  },
  "10": {
   "ID": "10",
   "TITLE": "Новая стадия 2",
   "SORT": "900",
   "COLOR": "0026FF",
   "SYSTEM_TYPE": "",
   "ENTITY_ID": "1",
   "ENTITY_TYPE": "U",
   "ADDITIONAL_FILTER": [],
   "TO_UPDATE": [],
   "TO_UPDATE_ACCESS": null
  },
  "6": {
   "ID": "6",
   "TITLE": "Новая стадия",
   "SORT": "1000",
   "COLOR": "0026FF",
   "SYSTEM_TYPE": "",
   "ENTITY_ID": "1",
   "ENTITY_TYPE": "U",
   "ADDITIONAL_FILTER": [],
   "TO_UPDATE": [],
   "TO_UPDATE_ACCESS": null
  },
  "3498": {
   "ID": "3498",
   "TITLE": "Новая стадия",
   "SORT": "1100",
   "COLOR": "0026FF",
   "SYSTEM_TYPE": "",
   "ENTITY_ID": "1",
   "ENTITY_TYPE": "U",
   "ADDITIONAL_FILTER": [],
   "TO_UPDATE": [],
   "TO_UPDATE_ACCESS": null
  },
  "3500": {
   "ID": "3500",
   "TITLE": "Новая стадия 2",
   "SORT": "1200",
   "COLOR": "0026FF",
   "SYSTEM_TYPE": "",
   "ENTITY_ID": "1",
   "ENTITY_TYPE": "U",
   "ADDITIONAL_FILTER": [],
   "TO_UPDATE": [],
   "TO_UPDATE_ACCESS": null
  },
  "2836": {
   "ID": "2836",
   "TITLE": "Новая стадия",
   "SORT": "1300",
   "COLOR": "0026FF",
   "SYSTEM_TYPE": "",
   "ENTITY_ID": "1",
   "ENTITY_TYPE": "U",
   "ADDITIONAL_FILTER": [],
   "TO_UPDATE": [],
   "TO_UPDATE_ACCESS": null
  },
  "2784": {
   "ID": "2784",
   "TITLE": "Новая стадия",
   "SORT": "1400",
   "COLOR": "0026FF",
   "SYSTEM_TYPE": "",
   "ENTITY_ID": "1",
   "ENTITY_TYPE": "U",
   "ADDITIONAL_FILTER": [],
   "TO_UPDATE": [],
   "TO_UPDATE_ACCESS": null
  },
  "2786": {
   "ID": "2786",
   "TITLE": "Новая стадия 2",
   "SORT": "1500",
   "COLOR": "0026FF",
   "SYSTEM_TYPE": "",
   "ENTITY_ID": "1",
   "ENTITY_TYPE": "U",
   "ADDITIONAL_FILTER": [],
   "TO_UPDATE": [],
   "TO_UPDATE_ACCESS": null
  },
  "2782": {
   "ID": "2782",
   "TITLE": "Новая стадия",
   "SORT": "1600",
   "COLOR": "0026FF",
   "SYSTEM_TYPE": "",
   "ENTITY_ID": "1",
   "ENTITY_TYPE": "U",
   "ADDITIONAL_FILTER": [],
   "TO_UPDATE": [],
   "TO_UPDATE_ACCESS": null
  },
  "2760": {
   "ID": "2760",
   "TITLE": "Новая стадия",
   "SORT": "1700",
   "COLOR": "0026FF",
   "SYSTEM_TYPE": "",
   "ENTITY_ID": "1",
   "ENTITY_TYPE": "U",
   "ADDITIONAL_FILTER": [],
   "TO_UPDATE": [],
   "TO_UPDATE_ACCESS": null
  },
  "2500": {
   "ID": "2500",
   "TITLE": "New stage",
   "SORT": "1800",
   "COLOR": "0026FF",
   "SYSTEM_TYPE": "",
   "ENTITY_ID": "1",
   "ENTITY_TYPE": "U",
   "ADDITIONAL_FILTER": [],
   "TO_UPDATE": [],
   "TO_UPDATE_ACCESS": null
  },
  "1960": {
   "ID": "1960",
   "TITLE": "Новая стадия",
   "SORT": "1900",
   "COLOR": "0026FF",
   "SYSTEM_TYPE": "",
   "ENTITY_ID": "1",
   "ENTITY_TYPE": "U",
   "ADDITIONAL_FILTER": [],
   "TO_UPDATE": [],
   "TO_UPDATE_ACCESS": null
  },
  "1962": {
   "ID": "1962",
   "TITLE": "Новая стадия 2",
   "SORT": "2000",
   "COLOR": "0026FF",
   "SYSTEM_TYPE": "",
   "ENTITY_ID": "1",
   "ENTITY_TYPE": "U",
   "ADDITIONAL_FILTER": [],
   "TO_UPDATE": [],
   "TO_UPDATE_ACCESS": null
  },
  "1210": {
   "ID": "1210",
   "TITLE": "Новая стадия",
   "SORT": "2100",
   "COLOR": "0026FF",
   "SYSTEM_TYPE": "",
   "ENTITY_ID": "1",
   "ENTITY_TYPE": "U",
   "ADDITIONAL_FILTER": [],
   "TO_UPDATE": [],
   "TO_UPDATE_ACCESS": null
  },
  "1212": {
   "ID": "1212",
   "TITLE": "Новая стадия 2",
   "SORT": "2200",
   "COLOR": "0026FF",
   "SYSTEM_TYPE": "",
   "ENTITY_ID": "1",
   "ENTITY_TYPE": "U",
   "ADDITIONAL_FILTER": [],
   "TO_UPDATE": [],
   "TO_UPDATE_ACCESS": null
  },
  "996": {
   "ID": "996",
   "TITLE": "New stage",
   "SORT": "2300",
   "COLOR": "0026FF",
   "SYSTEM_TYPE": "",
   "ENTITY_ID": "1",
   "ENTITY_TYPE": "U",
   "ADDITIONAL_FILTER": [],
   "TO_UPDATE": [],
   "TO_UPDATE_ACCESS": null
  },
  "994": {
   "ID": "994",
   "TITLE": "New stage",
   "SORT": "2400",
   "COLOR": "0026FF",
   "SYSTEM_TYPE": "",
   "ENTITY_ID": "1",
   "ENTITY_TYPE": "U",
   "ADDITIONAL_FILTER": [],
   "TO_UPDATE": [],
   "TO_UPDATE_ACCESS": null
  },
  "992": {
   "ID": "992",
   "TITLE": "New stage",
   "SORT": "2500",
   "COLOR": "0026FF",
   "SYSTEM_TYPE": "",
   "ENTITY_ID": "1",
   "ENTITY_TYPE": "U",
   "ADDITIONAL_FILTER": [],
   "TO_UPDATE": [],
   "TO_UPDATE_ACCESS": null
  },
  "720": {
   "ID": "720",
   "TITLE": "Новая стадия",
   "SORT": "2600",
   "COLOR": "0026FF",
   "SYSTEM_TYPE": "",
   "ENTITY_ID": "1",
   "ENTITY_TYPE": "U",
   "ADDITIONAL_FILTER": [],
   "TO_UPDATE": [],
   "TO_UPDATE_ACCESS": null
  },
  "494": {
   "ID": "494",
   "TITLE": "New stage name",
   "SORT": "2700",
   "COLOR": "000000",
   "SYSTEM_TYPE": "",
   "ENTITY_ID": "1",
   "ENTITY_TYPE": "U",
   "ADDITIONAL_FILTER": [],
   "TO_UPDATE": [],
   "TO_UPDATE_ACCESS": null
  },
  "496": {
   "ID": "496",
   "TITLE": "New stage 2",
   "SORT": "2800",
   "COLOR": "0026FF",
   "SYSTEM_TYPE": "",
   "ENTITY_ID": "1",
   "ENTITY_TYPE": "U",
   "ADDITIONAL_FILTER": [],
   "TO_UPDATE": [],
   "TO_UPDATE_ACCESS": null
  },
  "264": {
   "ID": "264",
   "TITLE": "Новая стадия",
   "SORT": "2900",
   "COLOR": "0026FF",
   "SYSTEM_TYPE": "",
   "ENTITY_ID": "1",
   "ENTITY_TYPE": "U",
   "ADDITIONAL_FILTER": [],
   "TO_UPDATE": [],
   "TO_UPDATE_ACCESS": null
  },
  "138": {
   "ID": "138",
   "TITLE": "Новая стадия",
   "SORT": "3000",
   "COLOR": "0026FF",
   "SYSTEM_TYPE": "",
   "ENTITY_ID": "1",
   "ENTITY_TYPE": "U",
   "ADDITIONAL_FILTER": [],
   "TO_UPDATE": [],
   "TO_UPDATE_ACCESS": null
  },
  "140": {
   "ID": "140",
   "TITLE": "Новая стадия 2",
   "SORT": "3100",
   "COLOR": "0026FF",
   "SYSTEM_TYPE": "",
   "ENTITY_ID": "1",
   "ENTITY_TYPE": "U",
   "ADDITIONAL_FILTER": [],
   "TO_UPDATE": [],
   "TO_UPDATE_ACCESS": null
  },
  "122": {
   "ID": "122",
   "TITLE": "Новая стадия",
   "SORT": "3200",
   "COLOR": "0026FF",
   "SYSTEM_TYPE": "",
   "ENTITY_ID": "1",
   "ENTITY_TYPE": "U",
   "ADDITIONAL_FILTER": [],
   "TO_UPDATE": [],
   "TO_UPDATE_ACCESS": null
  },
  "124": {
   "ID": "124",
   "TITLE": "Новая стадия 2",
   "SORT": "3300",
   "COLOR": "0026FF",
   "SYSTEM_TYPE": "",
   "ENTITY_ID": "1",
   "ENTITY_TYPE": "U",
   "ADDITIONAL_FILTER": [],
   "TO_UPDATE": [],
   "TO_UPDATE_ACCESS": null
  },
  "120": {
   "ID": "120",
   "TITLE": "Новая стадия 2",
   "SORT": "3400",
   "COLOR": "0026FF",
   "SYSTEM_TYPE": "",
   "ENTITY_ID": "1",
   "ENTITY_TYPE": "U",
   "ADDITIONAL_FILTER": [],
   "TO_UPDATE": [],
   "TO_UPDATE_ACCESS": null
  },
  "114": {
   "ID": "114",
   "TITLE": "Новая стадия",
   "SORT": "3500",
   "COLOR": "0026FF",
   "SYSTEM_TYPE": "",
   "ENTITY_ID": "1",
   "ENTITY_TYPE": "U",
   "ADDITIONAL_FILTER": [],
   "TO_UPDATE": [],
   "TO_UPDATE_ACCESS": null
  },
  "116": {
   "ID": "116",
   "TITLE": "Новая стадия 2",
   "SORT": "3600",
   "COLOR": "0026FF",
   "SYSTEM_TYPE": "",
   "ENTITY_ID": "1",
   "ENTITY_TYPE": "U",
   "ADDITIONAL_FILTER": [],
   "TO_UPDATE": [],
   "TO_UPDATE_ACCESS": null
  },
  "112": {
   "ID": "112",
   "TITLE": "Новая стадия 2",
   "SORT": "3700",
   "COLOR": "0026FF",
   "SYSTEM_TYPE": "",
   "ENTITY_ID": "1",
   "ENTITY_TYPE": "U",
   "ADDITIONAL_FILTER": [],
   "TO_UPDATE": [],
   "TO_UPDATE_ACCESS": null
  },
  "108": {
   "ID": "108",
   "TITLE": "Новая стадия 2",
   "SORT": "3800",
   "COLOR": "0026FF",
   "SYSTEM_TYPE": "",
   "ENTITY_ID": "1",
   "ENTITY_TYPE": "U",
   "ADDITIONAL_FILTER": [],
   "TO_UPDATE": [],
   "TO_UPDATE_ACCESS": null
  },
  "104": {
   "ID": "104",
   "TITLE": "Новая стадия 2",
   "SORT": "3900",
   "COLOR": "0026FF",
   "SYSTEM_TYPE": "",
   "ENTITY_ID": "1",
   "ENTITY_TYPE": "U",
   "ADDITIONAL_FILTER": [],
   "TO_UPDATE": [],
   "TO_UPDATE_ACCESS": null
  },
  "100": {
   "ID": "100",
   "TITLE": "Новая стадия 2",
   "SORT": "4000",
   "COLOR": "0026FF",
   "SYSTEM_TYPE": "",
   "ENTITY_ID": "1",
   "ENTITY_TYPE": "U",
   "ADDITIONAL_FILTER": [],
   "TO_UPDATE": [],
   "TO_UPDATE_ACCESS": null
  },
  "96": {
   "ID": "96",
   "TITLE": "Новая стадия 2",
   "SORT": "4100",
   "COLOR": "0026FF",
   "SYSTEM_TYPE": "",
   "ENTITY_ID": "1",
   "ENTITY_TYPE": "U",
   "ADDITIONAL_FILTER": [],
   "TO_UPDATE": [],
   "TO_UPDATE_ACCESS": null
  },
  "90": {
   "ID": "90",
   "TITLE": "Новая стадия",
   "SORT": "4200",
   "COLOR": "0026FF",
   "SYSTEM_TYPE": "",
   "ENTITY_ID": "1",
   "ENTITY_TYPE": "U",
   "ADDITIONAL_FILTER": [],
   "TO_UPDATE": [],
   "TO_UPDATE_ACCESS": null
  },
  "92": {
   "ID": "92",
   "TITLE": "Новая стадия 2",
   "SORT": "4300",
   "COLOR": "0026FF",
   "SYSTEM_TYPE": "",
   "ENTITY_ID": "1",
   "ENTITY_TYPE": "U",
   "ADDITIONAL_FILTER": [],
   "TO_UPDATE": [],
   "TO_UPDATE_ACCESS": null
  },
  "74": {
   "ID": "74",
   "TITLE": "Новая стадия",
   "SORT": "4400",
   "COLOR": "0026FF",
   "SYSTEM_TYPE": "",
   "ENTITY_ID": "1",
   "ENTITY_TYPE": "U",
   "ADDITIONAL_FILTER": [],
   "TO_UPDATE": [],
   "TO_UPDATE_ACCESS": null
  },
  "76": {
   "ID": "76",
   "TITLE": "Новая стадия 2",
   "SORT": "4500",
   "COLOR": "0026FF",
   "SYSTEM_TYPE": "",
   "ENTITY_ID": "1",
   "ENTITY_TYPE": "U",
   "ADDITIONAL_FILTER": [],
   "TO_UPDATE": [],
   "TO_UPDATE_ACCESS": null
  },
  "70": {
   "ID": "70",
   "TITLE": "Новая стадия",
   "SORT": "4600",
   "COLOR": "0026FF",
   "SYSTEM_TYPE": "",
   "ENTITY_ID": "1",
   "ENTITY_TYPE": "U",
   "ADDITIONAL_FILTER": [],
   "TO_UPDATE": [],
   "TO_UPDATE_ACCESS": null
  },
  "72": {
   "ID": "72",
   "TITLE": "Новая стадия 2",
   "SORT": "4700",
   "COLOR": "0026FF",
   "SYSTEM_TYPE": "",
   "ENTITY_ID": "1",
   "ENTITY_TYPE": "U",
   "ADDITIONAL_FILTER": [],
   "TO_UPDATE": [],
   "TO_UPDATE_ACCESS": null
  },
  "66": {
   "ID": "66",
   "TITLE": "Новая стадия",
   "SORT": "4800",
   "COLOR": "0026FF",
   "SYSTEM_TYPE": "",
   "ENTITY_ID": "1",
   "ENTITY_TYPE": "U",
   "ADDITIONAL_FILTER": [],
   "TO_UPDATE": [],
   "TO_UPDATE_ACCESS": null
  },
  "68": {
   "ID": "68",
   "TITLE": "Новая стадия 2",
   "SORT": "4900",
   "COLOR": "0026FF",
   "SYSTEM_TYPE": "",
   "ENTITY_ID": "1",
   "ENTITY_TYPE": "U",
   "ADDITIONAL_FILTER": [],
   "TO_UPDATE": [],
   "TO_UPDATE_ACCESS": null
  },
  "62": {
   "ID": "62",
   "TITLE": "Новая стадия",
   "SORT": "5000",
   "COLOR": "0026FF",
   "SYSTEM_TYPE": "",
   "ENTITY_ID": "1",
   "ENTITY_TYPE": "U",
   "ADDITIONAL_FILTER": [],
   "TO_UPDATE": [],
   "TO_UPDATE_ACCESS": null
  },
  "64": {
   "ID": "64",
   "TITLE": "Новая стадия 2",
   "SORT": "5100",
   "COLOR": "0026FF",
   "SYSTEM_TYPE": "",
   "ENTITY_ID": "1",
   "ENTITY_TYPE": "U",
   "ADDITIONAL_FILTER": [],
   "TO_UPDATE": [],
   "TO_UPDATE_ACCESS": null
  },
  "46": {
   "ID": "46",
   "TITLE": "Новая стадия",
   "SORT": "5200",
   "COLOR": "0026FF",
   "SYSTEM_TYPE": "",
   "ENTITY_ID": "1",
   "ENTITY_TYPE": "U",
   "ADDITIONAL_FILTER": [],
   "TO_UPDATE": [],
   "TO_UPDATE_ACCESS": null
  },
  "48": {
   "ID": "48",
   "TITLE": "Новая стадия 2",
   "SORT": "5300",
   "COLOR": "0026FF",
   "SYSTEM_TYPE": "",
   "ENTITY_ID": "1",
   "ENTITY_TYPE": "U",
   "ADDITIONAL_FILTER": [],
   "TO_UPDATE": [],
   "TO_UPDATE_ACCESS": null
  },
  "42": {
   "ID": "42",
   "TITLE": "Новая стадия",
   "SORT": "5400",
   "COLOR": "0026FF",
   "SYSTEM_TYPE": "",
   "ENTITY_ID": "1",
   "ENTITY_TYPE": "U",
   "ADDITIONAL_FILTER": [],
   "TO_UPDATE": [],
   "TO_UPDATE_ACCESS": null
  },
  "44": {
   "ID": "44",
   "TITLE": "Новая стадия 2",
   "SORT": "5500",
   "COLOR": "0026FF",
   "SYSTEM_TYPE": "",
   "ENTITY_ID": "1",
   "ENTITY_TYPE": "U",
   "ADDITIONAL_FILTER": [],
   "TO_UPDATE": [],
   "TO_UPDATE_ACCESS": null
  },
  "38": {
   "ID": "38",
   "TITLE": "Новая стадия",
   "SORT": "5600",
   "COLOR": "0026FF",
   "SYSTEM_TYPE": "",
   "ENTITY_ID": "1",
   "ENTITY_TYPE": "U",
   "ADDITIONAL_FILTER": [],
   "TO_UPDATE": [],
   "TO_UPDATE_ACCESS": null
  },
  "40": {
   "ID": "40",
   "TITLE": "Новая стадия 2",
   "SORT": "5700",
   "COLOR": "0026FF",
   "SYSTEM_TYPE": "",
   "ENTITY_ID": "1",
   "ENTITY_TYPE": "U",
   "ADDITIONAL_FILTER": [],
   "TO_UPDATE": [],
   "TO_UPDATE_ACCESS": null
  },
  "34": {
   "ID": "34",
   "TITLE": "Новая стадия",
   "SORT": "5800",
   "COLOR": "0026FF",
   "SYSTEM_TYPE": "",
   "ENTITY_ID": "1",
   "ENTITY_TYPE": "U",
   "ADDITIONAL_FILTER": [],
   "TO_UPDATE": [],
   "TO_UPDATE_ACCESS": null
  },
  "36": {
   "ID": "36",
   "TITLE": "Новая стадия 2",
   "SORT": "5900",
   "COLOR": "0026FF",
   "SYSTEM_TYPE": "",
   "ENTITY_ID": "1",
   "ENTITY_TYPE": "U",
   "ADDITIONAL_FILTER": [],
   "TO_UPDATE": [],
   "TO_UPDATE_ACCESS": null
  },
  "2": {
   "ID": "2",
   "TITLE": "Не спланированы",
   "SORT": "6000",
   "COLOR": "00C4FB",
   "SYSTEM_TYPE": "",
   "ENTITY_ID": "1",
   "ENTITY_TYPE": "U",
   "ADDITIONAL_FILTER": [],
   "TO_UPDATE": [],
   "TO_UPDATE_ACCESS": null
  },
  "4": {
   "ID": "4",
   "TITLE": "Сделаю на неделе",
   "SORT": "6100",
   "COLOR": "47D1E2",
   "SYSTEM_TYPE": "",
   "ENTITY_ID": "1",
   "ENTITY_TYPE": "U",
   "ADDITIONAL_FILTER": [],
   "TO_UPDATE": [],
   "TO_UPDATE_ACCESS": null
  }
 },
 "time": {
  "start": 1767728053,
  "finish": 1767728053.65912,
  "duration": 0.659115076065064,
  "processing": 0,
  "date_start": "2026-01-06T22:34:13+03:00",
  "date_finish": "2026-01-06T22:34:13+03:00",
  "operating_reset_at": 1767728653,
  "operating": 0
 }
}
