    {
 "result": [
  {
   "ID": "12164",
   "NAME": "Новый подкаталог 2",
   "CODE": null,
   "STORAGE_ID": "3",
   "TYPE": "folder",
   "REAL_OBJECT_ID": "12164",
   "PARENT_ID": "12162",
   "DELETED_TYPE": "0",
   "CREATE_TIME": "2024-10-06T17:33:15+03:00",
   "UPDATE_TIME": "2024-10-06T17:33:16+03:00",
   "DELETE_TIME": null,
   "CREATED_BY": "1",
   "UPDATED_BY": "1",
   "DELETED_BY": "0",
   "DETAIL_URL": "https://b24-ar17wx.bitrix24.by/docs/path/Новый каталог/Новый подкаталог 2"
  },
  {
   "ID": "12166",
   "NAME": "Новый подкаталог",
   "CODE": null,
   "STORAGE_ID": "3",
   "TYPE": "folder",
   "REAL_OBJECT_ID": "12166",
   "PARENT_ID": "12162",
   "DELETED_TYPE": "0",
   "CREATE_TIME": "2024-10-06T17:33:16+03:00",
   "UPDATE_TIME": "2024-10-06T17:33:16+03:00",
   "DELETE_TIME": null,
   "CREATED_BY": "1",
   "UPDATED_BY": "1",
   "DELETED_BY": "0",
   "DETAIL_URL": "https://b24-ar17wx.bitrix24.by/docs/path/Новый каталог/Новый подкаталог"
  },
  {
   "ID": "12184",
   "NAME": "Новое имя файла.jpg",
   "CODE": null,
   "STORAGE_ID": "3",
   "TYPE": "file",
   "PARENT_ID": "12162",
   "DELETED_TYPE": "0",
   "GLOBAL_CONTENT_VERSION": "1",
   "FILE_ID": "8398",
   "SIZE": "805189",
   "CREATE_TIME": "2024-10-06T17:33:19+03:00",
   "UPDATE_TIME": "2024-10-06T17:33:19+03:00",
   "DELETE_TIME": null,
   "CREATED_BY": "1",
   "UPDATED_BY": "1",
   "DELETED_BY": "0",
   "DOWNLOAD_URL": "https://b24-ar17wx.bitrix24.by/rest/1/1o2dojryqvjybc11/download/?token=disk%7CaWQ9MTIxODQmXz10bFQ2S1NOZjlTVXF1Wjd2eTF5elJ0b0xBRDRTUlpieg%3D%3D%7CImRvd25sb2FkfGRpc2t8YVdROU1USXhPRFFtWHoxMGJGUTJTMU5PWmpsVFZYRjFXamQyZVRGNWVsSjBiMHhCUkRSVFVscGllZz09fDF8MW8yZG9qcnlxdmp5YmMxMSI%3D.m0%2B5v9fYxkKCQv5M4xHnea7IOPqO%2F0QOKt%2BK7eyNVMY%3D",
   "DETAIL_URL": "https://b24-ar17wx.bitrix24.by/docs/file/Новый каталог/Новое имя файла.jpg"
  }
 ],
 "total": 3,
 "time": {
  "start": 1728225199.63562,
  "finish": 1728225199.66694,
  "duration": 0.0313229560852051,
  "processing": 0.00700998306274414,
  "date_start": "2024-10-06T17:33:19+03:00",
  "date_finish": "2024-10-06T17:33:19+03:00",
  "operating_reset_at": 1728225799,
  "operating": 0
 }
}
