{
 "result": {
  "ID": "5524",
  "PARENT_ID": "5524",
  "DELETED": "N",
  "CAL_TYPE": "user",
  "OWNER_ID": "1",
  "NAME": "Новое событие",
  "DATE_FROM": "14.07.2026 19:23:00",
  "DATE_TO": "14.07.2026 20:23:00",
  "ORIGINAL_DATE_FROM": "***",
  "TZ_FROM": "Europe/Minsk",
  "TZ_TO": "Europe/Minsk",
  "TZ_OFFSET_FROM": "10800",
  "TZ_OFFSET_TO": "10800",
  "DATE_FROM_TS_UTC": "1784035354",
  "DATE_TO_TS_UTC": "1786641780",
  "DT_SKIP_TIME": "N",
  "DT_LENGTH": 3600,
  "EVENT_TYPE": null,
  "CREATED_BY": "1",
  "DATE_CREATE": "13.07.2026 19:22:33",
  "TIMESTAMP_X": "13.07.2026 19:22:33",
  "DESCRIPTION": "Описание события",
  "PRIVATE_EVENT": "1",
  "ACCESSIBILITY": "quest",
  "IMPORTANCE": "normal",
  "IS_MEETING": true,
  "MEETING_STATUS": "H",
  "MEETING_HOST": "1",
  "MEETING": {
   "HOST_NAME": "Антон Титовец",
   "NOTIFY": true,
   "REINVITE": "***",
   "ALLOW_INVITE": "***",
   "HIDE_GUESTS": true,
   "MEETING_CREATOR": 1,
   "LANGUAGE_ID": "ru",
   "MAIL_FROM": false
  },
  "LOCATION": "Офис",
  "REMIND": [
   {
    "type": "day",
    "count": 1
   }
  ],
  "COLOR": "#230000",
  "RRULE": {
   "FREQ": "DAILY",
   "COUNT": 3,
   "INTERVAL": 10,
   "UNTIL": "24.07.2026",
   "~UNTIL": "24.07.2026",
   "UNTIL_TS": 1784851200
  },
  "EXDATE": "",
  "DAV_XML_ID": "20260714T162300Z-79611418271d2e4f372d6f8d3c1d4d00@b24-ar17wx.bitrix24.by",
  "G_EVENT_ID": "",
  "DAV_EXCH_LABEL": "",
  "CAL_DAV_LABEL": "",
  "VERSION": "1",
  "ATTENDEES_CODES": [
   "U1",
   "U10"
  ],
  "RECURRENCE_ID": null,
  "RELATIONS": "",
  "SECTION_ID": "2900",
  "SYNC_STATUS": null,
  "UF_CRM_CAL_EVENT": null,
  "UF_WEBDAV_CAL_EVENT": null,
  "SECTION_DAV_XML_ID": null,
  "DATE_FROM_FORMATTED": "Tue Jul 14 2026 19:23:00",
  "DATE_TO_FORMATTED": "Tue Jul 14 2026 20:23:00",
  "IS_DAYLIGHT_SAVING_TZ": "N",
  "SECT_ID": "2900",
  "OPTIONS": null,
  "ATTENDEE_LIST": [
   {
    "id": 1,
    "entryId": "5524",
    "status": "H"
   },
   {
    "id": 10,
    "entryId": "5526",
    "status": "Q"
   }
  ],
  "COLLAB_ID": null,
  "~RRULE_DESCRIPTION": "каждый 10-й день, от 14.07.2026 до 24.07.2026",
  "attendeesEntityList": [
   {
    "entityId": "user",
    "id": 1
   },
   {
    "entityId": "user",
    "id": 10
   }
  ],
  "~DESCRIPTION": "Описание события",
  "~USER_OFFSET_FROM": 0,
  "~USER_OFFSET_TO": 0
 },
 "time": {
  "start": 1783959757,
  "finish": 1783959757.83226,
  "duration": 0.832254886627197,
  "processing": 0,
  "date_start": "2026-07-13T19:22:37+03:00",
  "date_finish": "2026-07-13T19:22:37+03:00",
  "operating_reset_at": 1783960357,
  "operating": 0
 }
}
