{
 "result": [
  {
   "ID": "8696",
   "TASK_ID": "11928",
   "PARENT_ID": 0,
   "CREATED_BY": "1",
   "TITLE": "BX_CHECKLIST_1",
   "SORT_INDEX": "0",
   "IS_COMPLETE": "N",
   "IS_IMPORTANT": "N",
   "TOGGLED_BY": null,
   "TOGGLED_DATE": "",
   "MEMBERS": [],
   "ATTACHMENTS": []
  },
  {
   "ID": "8698",
   "TASK_ID": "11928",
   "PARENT_ID": "8696",
   "CREATED_BY": "1",
   "TITLE": "Новый текст пункта чек-листа",
   "SORT_INDEX": "1",
   "IS_COMPLETE": "N",
   "IS_IMPORTANT": "N",
   "TOGGLED_BY": null,
   "TOGGLED_DATE": "",
   "MEMBERS": [],
   "ATTACHMENTS": []
  }
 ],
 "time": {
  "start": 1784094210,
  "finish": 1784094210.78737,
  "duration": 0.787374019622803,
  "processing": 0,
  "date_start": "2026-07-15T05:43:30+00:00",
  "date_finish": "2026-07-15T05:43:30+00:00",
  "operating_reset_at": 1784094810,
  "operating": 0
 }
}
