{
 "result": {
  "ID": "59754",
  "NAME": "Новый каталог",
  "CODE": null,
  "STORAGE_ID": "3",
  "TYPE": "folder",
  "REAL_OBJECT_ID": "59754",
  "PARENT_ID": "3",
  "DELETED_TYPE": "0",
  "CREATE_TIME": "2026-06-15T14:04:07+03:00",
  "UPDATE_TIME": "2026-06-15T14:04:07+03:00",
  "DELETE_TIME": null,
  "CREATED_BY": "1",
  "UPDATED_BY": "1",
  "DELETED_BY": "0",
  "DETAIL_URL": "https://b24-ar17wx.bitrix24.by/docs/path/Новый каталог"
 },
 "time": {
  "start": 1781521449,
  "finish": 1781521449.78577,
  "duration": 0.785768985748291,
  "processing": 0,
  "date_start": "2026-06-15T14:04:09+03:00",
  "date_finish": "2026-06-15T14:04:09+03:00",
  "operating_reset_at": 1781522049,
  "operating": 0
 }
}
