{
 "result": [
  {
   "id": 10,
   "active": true,
   "name": "Techno Pizza",
   "first_name": "Techno",
   "last_name": "Pizza",
   "work_position": null,
   "color": "#ab7761",
   "avatar": "",
   "avatar_hr": "https://b24-ar17wx.bitrix24.by/bitrix/js/im/images/blank.gif",
   "gender": "M",
   "birthday": "",
   "extranet": false,
   "network": false,
   "bot": false,
   "connector": false,
   "external_auth_id": "socservices",
   "status": "online",
   "idle": false,
   "last_activity_date": "2024-07-13T18:36:23+00:00",
   "mobile_last_date": false,
   "desktop_last_date": false,
   "absent": false,
   "departments": [
    1,
    640,
    2952
   ],
   "phones": false,
   "bot_data": null,
   "type": "user"
  },
  {
   "id": 1,
   "active": true,
   "name": "Антон Титовец",
   "first_name": "Антон",
   "last_name": "Титовец",
   "work_position": null,
   "color": "#df532d",
   "avatar": "https://cdn-ru.bitrix24.by/b28528874/resize_cache/30/ff58db95aecdfa09ae61b51b5fd8f63f/main/d7e/d7e99cf556e4ab676463dae2c00ddfbb/a7e0af6899300e3c684caeca5c334d81.jpg",
   "avatar_hr": "https://cdn-ru.bitrix24.by/b28528874/resize_cache/30/ff58db95aecdfa09ae61b51b5fd8f63f/main/d7e/d7e99cf556e4ab676463dae2c00ddfbb/a7e0af6899300e3c684caeca5c334d81.jpg",
   "gender": "M",
   "birthday": "",
   "extranet": false,
   "network": false,
   "bot": false,
   "connector": false,
   "external_auth_id": "socservices",
   "status": "online",
   "idle": false,
   "last_activity_date": "2025-10-30T14:19:41+00:00",
   "mobile_last_date": false,
   "desktop_last_date": false,
   "absent": false,
   "departments": [
    1,
    638,
    2952
   ],
   "phones": false,
   "bot_data": null,
   "type": "user"
  }
 ],
 "total": 2,
 "time": {
  "start": 1761896904,
  "finish": 1761896904.25668,
  "duration": 0.256685018539429,
  "processing": 0,
  "date_start": "2025-10-31T07:48:24+00:00",
  "date_finish": "2025-10-31T07:48:24+00:00",
  "operating_reset_at": 1761897504,
  "operating": 0
 }
}
