{
 "result": {
  "ID": "63926",
  "NAME": "Новый каталог",
  "CODE": null,
  "STORAGE_ID": "3",
  "TYPE": "folder",
  "REAL_OBJECT_ID": "63926",
  "PARENT_ID": "3",
  "DELETED_TYPE": "3",
  "CREATE_TIME": "2026-07-18T07:24:03+00:00",
  "UPDATE_TIME": "2026-07-18T07:24:20+00:00",
  "DELETE_TIME": "2026-07-18T07:24:27+00:00",
  "CREATED_BY": "1",
  "UPDATED_BY": "1",
  "DELETED_BY": "1",
  "DETAIL_URL": "https://b24-ar17wx.bitrix24.by/docs/path/Новый каталог"
 },
 "time": {
  "start": 1784359468,
  "finish": 1784359468.66188,
  "duration": 0.661885023117066,
  "processing": 0,
  "date_start": "2026-07-18T07:24:28+00:00",
  "date_finish": "2026-07-18T07:24:28+00:00",
  "operating_reset_at": 1784360068,
  "operating": 0
 }
}
