    {
 "result": {
  "ID": "804",
  "TASK_ID": "2344",
  "USER_ID": "1",
  "COMMENT_TEXT": "",
  "SECONDS": "3600",
  "MINUTES": "60",
  "SOURCE": "2",
  "CREATED_DATE": "2024-10-07T09:27:07+03:00",
  "DATE_START": "2024-10-07T09:27:07+03:00",
  "DATE_STOP": "2024-10-07T09:27:07+03:00"
 },
 "time": {
  "start": 1728282428.01892,
  "finish": 1728282428.08319,
  "duration": 0.0642650127410889,
  "processing": 0.0367588996887207,
  "date_start": "2024-10-07T09:27:08+03:00",
  "date_finish": "2024-10-07T09:27:08+03:00",
  "operating_reset_at": 1728283028,
  "operating": 0
 }
}
