{
 "result": {
  "ID": "8002",
  "TASK_ID": "11040",
  "PARENT_ID": "8000",
  "CREATED_BY": "1",
  "TITLE": "Новый текст пункта чек-листа",
  "SORT_INDEX": "1",
  "IS_COMPLETE": "N",
  "IS_IMPORTANT": "N",
  "TOGGLED_BY": null,
  "TOGGLED_DATE": "",
  "MEMBERS": [],
  "ATTACHMENTS": []
 },
 "time": {
  "start": 1780930498,
  "finish": 1780930498.91872,
  "duration": 0.918721914291382,
  "processing": 0,
  "date_start": "2026-06-08T17:54:58+03:00",
  "date_finish": "2026-06-08T17:54:58+03:00",
  "operating_reset_at": 1780931098,
  "operating": 0
 }
}
