{
 "result": {
  "10": {
   "id": 10,
   "active": true,
   "name": "Techno Pizza",
   "first_name": "Techno",
   "last_name": "Pizza",
   "work_position": null,
   "color": "#ab7761",
   "avatar": "",
   "avatar_hr": "https://b24-ar17wx.bitrix24.by/bitrix/js/im/images/blank.gif",
   "gender": "M",
   "birthday": "",
   "extranet": false,
   "network": false,
   "bot": false,
   "connector": false,
   "external_auth_id": "socservices",
   "status": "online",
   "idle": false,
   "last_activity_date": "2024-07-13T21:36:23+03:00",
   "mobile_last_date": false,
   "desktop_last_date": false,
   "absent": false,
   "departments": [
    1,
    640
   ],
   "phones": "***",
   "bot_data": null,
   "type": "user",
   "website": "",
   "email": "iscript13@gmail.com"
  }
 },
 "time": {
  "start": 1780598749,
  "finish": 1780598749.80249,
  "duration": 0.802486896514892,
  "processing": 0,
  "date_start": "2026-06-04T21:45:49+03:00",
  "date_finish": "2026-06-04T21:45:49+03:00",
  "operating_reset_at": 1780599349,
  "operating": 0
 }
}
