    {
 "result": [
  {
   "ID": "2",
   "TITLE": "Мегаклиент",
   "TYPE_ID": "SALE",
   "STAGE_ID": "NEW",
   "PROBABILITY": null,
   "CURRENCY_ID": "BYN",
   "OPPORTUNITY": "0.00",
   "IS_MANUAL_OPPORTUNITY": "N",
   "TAX_VALUE": null,
   "LEAD_ID": "2",
   "COMPANY_ID": "0",
   "CONTACT_ID": "2",
   "QUOTE_ID": null,
   "BEGINDATE": "2024-08-22T00:00:00+00:00",
   "CLOSEDATE": "2024-08-29T00:00:00+00:00",
   "ASSIGNED_BY_ID": "1",
   "CREATED_BY_ID": "1",
   "MODIFY_BY_ID": "1",
   "DATE_CREATE": "2024-08-22T16:25:58+00:00",
   "DATE_MODIFY": "2024-08-22T16:25:58+00:00",
   "OPENED": "N",
   "CLOSED": "N",
   "COMMENTS": null,
   "ADDITIONAL_INFO": null,
   "LOCATION_ID": null,
   "CATEGORY_ID": "0",
   "STAGE_SEMANTIC_ID": "P",
   "IS_NEW": "Y",
   "IS_RECURRING": "N",
   "IS_RETURN_CUSTOMER": "N",
   "IS_REPEATED_APPROACH": "N",
   "SOURCE_ID": null,
   "SOURCE_DESCRIPTION": null,
   "ORIGINATOR_ID": null,
   "ORIGIN_ID": null,
   "MOVED_BY_ID": "1",
   "MOVED_TIME": "2024-08-22T16:25:58+00:00",
   "LAST_ACTIVITY_TIME": "2024-08-22T16:25:58+00:00",
   "UTM_SOURCE": null,
   "UTM_MEDIUM": null,
   "UTM_CAMPAIGN": null,
   "UTM_CONTENT": null,
   "UTM_TERM": null,
   "LAST_ACTIVITY_BY": "1"
  },
  {
   "ID": "4",
   "TITLE": "Мегаклиент",
   "TYPE_ID": "SALE",
   "STAGE_ID": "NEW",
   "PROBABILITY": null,
   "CURRENCY_ID": "BYN",
   "OPPORTUNITY": "0.00",
   "IS_MANUAL_OPPORTUNITY": "N",
   "TAX_VALUE": null,
   "LEAD_ID": "4",
   "COMPANY_ID": "0",
   "CONTACT_ID": "4",
   "QUOTE_ID": null,
   "BEGINDATE": "2024-08-22T00:00:00+00:00",
   "CLOSEDATE": "2024-08-29T00:00:00+00:00",
   "ASSIGNED_BY_ID": "1",
   "CREATED_BY_ID": "1",
   "MODIFY_BY_ID": "1",
   "DATE_CREATE": "2024-08-22T16:40:17+00:00",
   "DATE_MODIFY": "2024-08-22T16:40:18+00:00",
   "OPENED": "N",
   "CLOSED": "N",
   "COMMENTS": null,
   "ADDITIONAL_INFO": null,
   "LOCATION_ID": null,
   "CATEGORY_ID": "0",
   "STAGE_SEMANTIC_ID": "P",
   "IS_NEW": "Y",
   "IS_RECURRING": "N",
   "IS_RETURN_CUSTOMER": "N",
   "IS_REPEATED_APPROACH": "N",
   "SOURCE_ID": null,
   "SOURCE_DESCRIPTION": null,
   "ORIGINATOR_ID": null,
   "ORIGIN_ID": null,
   "MOVED_BY_ID": "1",
   "MOVED_TIME": "2024-08-22T16:40:17+00:00",
   "LAST_ACTIVITY_TIME": "2024-08-22T16:40:17+00:00",
   "UTM_SOURCE": null,
   "UTM_MEDIUM": null,
   "UTM_CAMPAIGN": null,
   "UTM_CONTENT": null,
   "UTM_TERM": null,
   "LAST_ACTIVITY_BY": "1"
  },
  {
   "ID": "6",
   "TITLE": "Мегаклиент",
   "TYPE_ID": "SALE",
   "STAGE_ID": "NEW",
   "PROBABILITY": null,
   "CURRENCY_ID": "BYN",
   "OPPORTUNITY": "0.00",
   "IS_MANUAL_OPPORTUNITY": "N",
   "TAX_VALUE": null,
   "LEAD_ID": "6",
   "COMPANY_ID": "0",
   "CONTACT_ID": "6",
   "QUOTE_ID": null,
   "BEGINDATE": "2024-08-22T00:00:00+00:00",
   "CLOSEDATE": "2024-08-29T00:00:00+00:00",
   "ASSIGNED_BY_ID": "1",
   "CREATED_BY_ID": "1",
   "MODIFY_BY_ID": "1",
   "DATE_CREATE": "2024-08-22T16:40:18+00:00",
   "DATE_MODIFY": "2024-08-22T16:40:18+00:00",
   "OPENED": "N",
   "CLOSED": "N",
   "COMMENTS": null,
   "ADDITIONAL_INFO": null,
   "LOCATION_ID": null,
   "CATEGORY_ID": "0",
   "STAGE_SEMANTIC_ID": "P",
   "IS_NEW": "Y",
   "IS_RECURRING": "N",
   "IS_RETURN_CUSTOMER": "N",
   "IS_REPEATED_APPROACH": "N",
   "SOURCE_ID": null,
   "SOURCE_DESCRIPTION": null,
   "ORIGINATOR_ID": null,
   "ORIGIN_ID": null,
   "MOVED_BY_ID": "1",
   "MOVED_TIME": "2024-08-22T16:40:18+00:00",
   "LAST_ACTIVITY_TIME": "2024-08-22T16:40:18+00:00",
   "UTM_SOURCE": null,
   "UTM_MEDIUM": null,
   "UTM_CAMPAIGN": null,
   "UTM_CONTENT": null,
   "UTM_TERM": null,
   "LAST_ACTIVITY_BY": "1"
  },
  {
   "ID": "8",
   "TITLE": "Мегаклиент",
   "TYPE_ID": "SALE",
   "STAGE_ID": "NEW",
   "PROBABILITY": null,
   "CURRENCY_ID": "BYN",
   "OPPORTUNITY": "0.00",
   "IS_MANUAL_OPPORTUNITY": "N",
   "TAX_VALUE": null,
   "LEAD_ID": "8",
   "COMPANY_ID": "0",
   "CONTACT_ID": "8",
   "QUOTE_ID": null,
   "BEGINDATE": "2024-08-22T00:00:00+00:00",
   "CLOSEDATE": "2024-08-29T00:00:00+00:00",
   "ASSIGNED_BY_ID": "1",
   "CREATED_BY_ID": "1",
   "MODIFY_BY_ID": "1",
   "DATE_CREATE": "2024-08-22T16:48:12+00:00",
   "DATE_MODIFY": "2024-08-22T16:48:12+00:00",
   "OPENED": "N",
   "CLOSED": "N",
   "COMMENTS": null,
   "ADDITIONAL_INFO": null,
   "LOCATION_ID": null,
   "CATEGORY_ID": "0",
   "STAGE_SEMANTIC_ID": "P",
   "IS_NEW": "Y",
   "IS_RECURRING": "N",
   "IS_RETURN_CUSTOMER": "N",
   "IS_REPEATED_APPROACH": "N",
   "SOURCE_ID": null,
   "SOURCE_DESCRIPTION": null,
   "ORIGINATOR_ID": null,
   "ORIGIN_ID": null,
   "MOVED_BY_ID": "1",
   "MOVED_TIME": "2024-08-22T16:48:12+00:00",
   "LAST_ACTIVITY_TIME": "2024-08-22T16:48:12+00:00",
   "UTM_SOURCE": null,
   "UTM_MEDIUM": null,
   "UTM_CAMPAIGN": null,
   "UTM_CONTENT": null,
   "UTM_TERM": null,
   "LAST_ACTIVITY_BY": "1"
  },
  {
   "ID": "10",
   "TITLE": "Мегаклиент",
   "TYPE_ID": "SALE",
   "STAGE_ID": "NEW",
   "PROBABILITY": null,
   "CURRENCY_ID": "BYN",
   "OPPORTUNITY": "0.00",
   "IS_MANUAL_OPPORTUNITY": "N",
   "TAX_VALUE": null,
   "LEAD_ID": "10",
   "COMPANY_ID": "0",
   "CONTACT_ID": "10",
   "QUOTE_ID": null,
   "BEGINDATE": "2024-08-22T00:00:00+00:00",
   "CLOSEDATE": "2024-08-29T00:00:00+00:00",
   "ASSIGNED_BY_ID": "1",
   "CREATED_BY_ID": "1",
   "MODIFY_BY_ID": "1",
   "DATE_CREATE": "2024-08-22T16:48:13+00:00",
   "DATE_MODIFY": "2024-08-22T16:48:13+00:00",
   "OPENED": "N",
   "CLOSED": "N",
   "COMMENTS": null,
   "ADDITIONAL_INFO": null,
   "LOCATION_ID": null,
   "CATEGORY_ID": "0",
   "STAGE_SEMANTIC_ID": "P",
   "IS_NEW": "Y",
   "IS_RECURRING": "N",
   "IS_RETURN_CUSTOMER": "N",
   "IS_REPEATED_APPROACH": "N",
   "SOURCE_ID": null,
   "SOURCE_DESCRIPTION": null,
   "ORIGINATOR_ID": null,
   "ORIGIN_ID": null,
   "MOVED_BY_ID": "1",
   "MOVED_TIME": "2024-08-22T16:48:13+00:00",
   "LAST_ACTIVITY_TIME": "2024-08-22T16:48:13+00:00",
   "UTM_SOURCE": null,
   "UTM_MEDIUM": null,
   "UTM_CAMPAIGN": null,
   "UTM_CONTENT": null,
   "UTM_TERM": null,
   "LAST_ACTIVITY_BY": "1"
  },
  {
   "ID": "12",
   "TITLE": "Мегаклиент",
   "TYPE_ID": "SALE",
   "STAGE_ID": "NEW",
   "PROBABILITY": null,
   "CURRENCY_ID": "BYN",
   "OPPORTUNITY": "0.00",
   "IS_MANUAL_OPPORTUNITY": "N",
   "TAX_VALUE": null,
   "LEAD_ID": "12",
   "COMPANY_ID": "0",
   "CONTACT_ID": "12",
   "QUOTE_ID": null,
   "BEGINDATE": "2024-08-22T00:00:00+00:00",
   "CLOSEDATE": "2024-08-29T00:00:00+00:00",
   "ASSIGNED_BY_ID": "1",
   "CREATED_BY_ID": "1",
   "MODIFY_BY_ID": "1",
   "DATE_CREATE": "2024-08-22T17:00:19+00:00",
   "DATE_MODIFY": "2024-08-22T17:00:20+00:00",
   "OPENED": "N",
   "CLOSED": "N",
   "COMMENTS": null,
   "ADDITIONAL_INFO": null,
   "LOCATION_ID": null,
   "CATEGORY_ID": "0",
   "STAGE_SEMANTIC_ID": "P",
   "IS_NEW": "Y",
   "IS_RECURRING": "N",
   "IS_RETURN_CUSTOMER": "N",
   "IS_REPEATED_APPROACH": "N",
   "SOURCE_ID": null,
   "SOURCE_DESCRIPTION": null,
   "ORIGINATOR_ID": null,
   "ORIGIN_ID": null,
   "MOVED_BY_ID": "1",
   "MOVED_TIME": "2024-08-22T17:00:19+00:00",
   "LAST_ACTIVITY_TIME": "2024-08-22T17:00:19+00:00",
   "UTM_SOURCE": null,
   "UTM_MEDIUM": null,
   "UTM_CAMPAIGN": null,
   "UTM_CONTENT": null,
   "UTM_TERM": null,
   "LAST_ACTIVITY_BY": "1"
  },
  {
   "ID": "14",
   "TITLE": "Мегаклиент",
   "TYPE_ID": "SALE",
   "STAGE_ID": "NEW",
   "PROBABILITY": null,
   "CURRENCY_ID": "BYN",
   "OPPORTUNITY": "0.00",
   "IS_MANUAL_OPPORTUNITY": "N",
   "TAX_VALUE": null,
   "LEAD_ID": "14",
   "COMPANY_ID": "0",
   "CONTACT_ID": "14",
   "QUOTE_ID": null,
   "BEGINDATE": "2024-08-22T00:00:00+00:00",
   "CLOSEDATE": "2024-08-29T00:00:00+00:00",
   "ASSIGNED_BY_ID": "1",
   "CREATED_BY_ID": "1",
   "MODIFY_BY_ID": "1",
   "DATE_CREATE": "2024-08-22T17:00:20+00:00",
   "DATE_MODIFY": "2024-08-22T17:00:21+00:00",
   "OPENED": "N",
   "CLOSED": "N",
   "COMMENTS": null,
   "ADDITIONAL_INFO": null,
   "LOCATION_ID": null,
   "CATEGORY_ID": "0",
   "STAGE_SEMANTIC_ID": "P",
   "IS_NEW": "Y",
   "IS_RECURRING": "N",
   "IS_RETURN_CUSTOMER": "N",
   "IS_REPEATED_APPROACH": "N",
   "SOURCE_ID": null,
   "SOURCE_DESCRIPTION": null,
   "ORIGINATOR_ID": null,
   "ORIGIN_ID": null,
   "MOVED_BY_ID": "1",
   "MOVED_TIME": "2024-08-22T17:00:20+00:00",
   "LAST_ACTIVITY_TIME": "2024-08-22T17:00:20+00:00",
   "UTM_SOURCE": null,
   "UTM_MEDIUM": null,
   "UTM_CAMPAIGN": null,
   "UTM_CONTENT": null,
   "UTM_TERM": null,
   "LAST_ACTIVITY_BY": "1"
  },
  {
   "ID": "16",
   "TITLE": "Мегаклиент",
   "TYPE_ID": "SALE",
   "STAGE_ID": "NEW",
   "PROBABILITY": null,
   "CURRENCY_ID": "BYN",
   "OPPORTUNITY": "0.00",
   "IS_MANUAL_OPPORTUNITY": "N",
   "TAX_VALUE": null,
   "LEAD_ID": "16",
   "COMPANY_ID": "0",
   "CONTACT_ID": "16",
   "QUOTE_ID": null,
   "BEGINDATE": "2024-08-22T00:00:00+00:00",
   "CLOSEDATE": "2024-08-29T00:00:00+00:00",
   "ASSIGNED_BY_ID": "1",
   "CREATED_BY_ID": "1",
   "MODIFY_BY_ID": "1",
   "DATE_CREATE": "2024-08-22T17:01:03+00:00",
   "DATE_MODIFY": "2024-08-22T17:01:03+00:00",
   "OPENED": "N",
   "CLOSED": "N",
   "COMMENTS": null,
   "ADDITIONAL_INFO": null,
   "LOCATION_ID": null,
   "CATEGORY_ID": "0",
   "STAGE_SEMANTIC_ID": "P",
   "IS_NEW": "Y",
   "IS_RECURRING": "N",
   "IS_RETURN_CUSTOMER": "N",
   "IS_REPEATED_APPROACH": "N",
   "SOURCE_ID": null,
   "SOURCE_DESCRIPTION": null,
   "ORIGINATOR_ID": null,
   "ORIGIN_ID": null,
   "MOVED_BY_ID": "1",
   "MOVED_TIME": "2024-08-22T17:01:03+00:00",
   "LAST_ACTIVITY_TIME": "2024-08-22T17:01:03+00:00",
   "UTM_SOURCE": null,
   "UTM_MEDIUM": null,
   "UTM_CAMPAIGN": null,
   "UTM_CONTENT": null,
   "UTM_TERM": null,
   "LAST_ACTIVITY_BY": "1"
  },
  {
   "ID": "18",
   "TITLE": "Мегаклиент",
   "TYPE_ID": "SALE",
   "STAGE_ID": "NEW",
   "PROBABILITY": null,
   "CURRENCY_ID": "BYN",
   "OPPORTUNITY": "0.00",
   "IS_MANUAL_OPPORTUNITY": "N",
   "TAX_VALUE": null,
   "LEAD_ID": "18",
   "COMPANY_ID": "0",
   "CONTACT_ID": "18",
   "QUOTE_ID": null,
   "BEGINDATE": "2024-08-22T00:00:00+00:00",
   "CLOSEDATE": "2024-08-29T00:00:00+00:00",
   "ASSIGNED_BY_ID": "1",
   "CREATED_BY_ID": "1",
   "MODIFY_BY_ID": "1",
   "DATE_CREATE": "2024-08-22T17:01:04+00:00",
   "DATE_MODIFY": "2024-08-22T17:01:04+00:00",
   "OPENED": "N",
   "CLOSED": "N",
   "COMMENTS": null,
   "ADDITIONAL_INFO": null,
   "LOCATION_ID": null,
   "CATEGORY_ID": "0",
   "STAGE_SEMANTIC_ID": "P",
   "IS_NEW": "Y",
   "IS_RECURRING": "N",
   "IS_RETURN_CUSTOMER": "N",
   "IS_REPEATED_APPROACH": "N",
   "SOURCE_ID": null,
   "SOURCE_DESCRIPTION": null,
   "ORIGINATOR_ID": null,
   "ORIGIN_ID": null,
   "MOVED_BY_ID": "1",
   "MOVED_TIME": "2024-08-22T17:01:04+00:00",
   "LAST_ACTIVITY_TIME": "2024-08-22T17:01:04+00:00",
   "UTM_SOURCE": null,
   "UTM_MEDIUM": null,
   "UTM_CAMPAIGN": null,
   "UTM_CONTENT": null,
   "UTM_TERM": null,
   "LAST_ACTIVITY_BY": "1"
  },
  {
   "ID": "20",
   "TITLE": "Мегаклиент",
   "TYPE_ID": "SALE",
   "STAGE_ID": "NEW",
   "PROBABILITY": null,
   "CURRENCY_ID": "BYN",
   "OPPORTUNITY": "0.00",
   "IS_MANUAL_OPPORTUNITY": "N",
   "TAX_VALUE": null,
   "LEAD_ID": "20",
   "COMPANY_ID": "0",
   "CONTACT_ID": "20",
   "QUOTE_ID": null,
   "BEGINDATE": "2024-08-22T00:00:00+00:00",
   "CLOSEDATE": "2024-08-29T00:00:00+00:00",
   "ASSIGNED_BY_ID": "1",
   "CREATED_BY_ID": "1",
   "MODIFY_BY_ID": "1",
   "DATE_CREATE": "2024-08-22T17:01:39+00:00",
   "DATE_MODIFY": "2024-08-22T17:01:39+00:00",
   "OPENED": "N",
   "CLOSED": "N",
   "COMMENTS": null,
   "ADDITIONAL_INFO": null,
   "LOCATION_ID": null,
   "CATEGORY_ID": "0",
   "STAGE_SEMANTIC_ID": "P",
   "IS_NEW": "Y",
   "IS_RECURRING": "N",
   "IS_RETURN_CUSTOMER": "N",
   "IS_REPEATED_APPROACH": "N",
   "SOURCE_ID": null,
   "SOURCE_DESCRIPTION": null,
   "ORIGINATOR_ID": null,
   "ORIGIN_ID": null,
   "MOVED_BY_ID": "1",
   "MOVED_TIME": "2024-08-22T17:01:39+00:00",
   "LAST_ACTIVITY_TIME": "2024-08-22T17:01:39+00:00",
   "UTM_SOURCE": null,
   "UTM_MEDIUM": null,
   "UTM_CAMPAIGN": null,
   "UTM_CONTENT": null,
   "UTM_TERM": null,
   "LAST_ACTIVITY_BY": "1"
  },
  {
   "ID": "22",
   "TITLE": "Мегаклиент",
   "TYPE_ID": "SALE",
   "STAGE_ID": "NEW",
   "PROBABILITY": null,
   "CURRENCY_ID": "BYN",
   "OPPORTUNITY": "0.00",
   "IS_MANUAL_OPPORTUNITY": "N",
   "TAX_VALUE": null,
   "LEAD_ID": "22",
   "COMPANY_ID": "0",
   "CONTACT_ID": "22",
   "QUOTE_ID": null,
   "BEGINDATE": "2024-08-22T00:00:00+00:00",
   "CLOSEDATE": "2024-08-29T00:00:00+00:00",
   "ASSIGNED_BY_ID": "1",
   "CREATED_BY_ID": "1",
   "MODIFY_BY_ID": "1",
   "DATE_CREATE": "2024-08-22T17:01:40+00:00",
   "DATE_MODIFY": "2024-08-22T17:01:40+00:00",
   "OPENED": "N",
   "CLOSED": "N",
   "COMMENTS": null,
   "ADDITIONAL_INFO": null,
   "LOCATION_ID": null,
   "CATEGORY_ID": "0",
   "STAGE_SEMANTIC_ID": "P",
   "IS_NEW": "Y",
   "IS_RECURRING": "N",
   "IS_RETURN_CUSTOMER": "N",
   "IS_REPEATED_APPROACH": "N",
   "SOURCE_ID": null,
   "SOURCE_DESCRIPTION": null,
   "ORIGINATOR_ID": null,
   "ORIGIN_ID": null,
   "MOVED_BY_ID": "1",
   "MOVED_TIME": "2024-08-22T17:01:40+00:00",
   "LAST_ACTIVITY_TIME": "2024-08-22T17:01:40+00:00",
   "UTM_SOURCE": null,
   "UTM_MEDIUM": null,
   "UTM_CAMPAIGN": null,
   "UTM_CONTENT": null,
   "UTM_TERM": null,
   "LAST_ACTIVITY_BY": "1"
  },
  {
   "ID": "24",
   "TITLE": "Мегаклиент",
   "TYPE_ID": "SALE",
   "STAGE_ID": "NEW",
   "PROBABILITY": null,
   "CURRENCY_ID": "BYN",
   "OPPORTUNITY": "0.00",
   "IS_MANUAL_OPPORTUNITY": "N",
   "TAX_VALUE": null,
   "LEAD_ID": null,
   "COMPANY_ID": "0",
   "CONTACT_ID": "24",
   "QUOTE_ID": null,
   "BEGINDATE": "2024-08-22T00:00:00+00:00",
   "CLOSEDATE": "2024-08-29T00:00:00+00:00",
   "ASSIGNED_BY_ID": "1",
   "CREATED_BY_ID": "1",
   "MODIFY_BY_ID": "1",
   "DATE_CREATE": "2024-08-22T17:02:15+00:00",
   "DATE_MODIFY": "2024-08-22T17:02:15+00:00",
   "OPENED": "N",
   "CLOSED": "N",
   "COMMENTS": null,
   "ADDITIONAL_INFO": null,
   "LOCATION_ID": null,
   "CATEGORY_ID": "0",
   "STAGE_SEMANTIC_ID": "P",
   "IS_NEW": "Y",
   "IS_RECURRING": "N",
   "IS_RETURN_CUSTOMER": "N",
   "IS_REPEATED_APPROACH": "N",
   "SOURCE_ID": null,
   "SOURCE_DESCRIPTION": null,
   "ORIGINATOR_ID": null,
   "ORIGIN_ID": null,
   "MOVED_BY_ID": "1",
   "MOVED_TIME": "2024-08-22T17:02:15+00:00",
   "LAST_ACTIVITY_TIME": "2024-08-22T17:02:15+00:00",
   "UTM_SOURCE": null,
   "UTM_MEDIUM": null,
   "UTM_CAMPAIGN": null,
   "UTM_CONTENT": null,
   "UTM_TERM": null,
   "LAST_ACTIVITY_BY": "1"
  },
  {
   "ID": "26",
   "TITLE": "Мегаклиент",
   "TYPE_ID": "SALE",
   "STAGE_ID": "NEW",
   "PROBABILITY": null,
   "CURRENCY_ID": "BYN",
   "OPPORTUNITY": "0.00",
   "IS_MANUAL_OPPORTUNITY": "N",
   "TAX_VALUE": null,
   "LEAD_ID": null,
   "COMPANY_ID": "0",
   "CONTACT_ID": "26",
   "QUOTE_ID": null,
   "BEGINDATE": "2024-08-22T00:00:00+00:00",
   "CLOSEDATE": "2024-08-29T00:00:00+00:00",
   "ASSIGNED_BY_ID": "1",
   "CREATED_BY_ID": "1",
   "MODIFY_BY_ID": "1",
   "DATE_CREATE": "2024-08-22T17:02:16+00:00",
   "DATE_MODIFY": "2024-08-22T17:02:16+00:00",
   "OPENED": "N",
   "CLOSED": "N",
   "COMMENTS": null,
   "ADDITIONAL_INFO": null,
   "LOCATION_ID": null,
   "CATEGORY_ID": "0",
   "STAGE_SEMANTIC_ID": "P",
   "IS_NEW": "Y",
   "IS_RECURRING": "N",
   "IS_RETURN_CUSTOMER": "N",
   "IS_REPEATED_APPROACH": "N",
   "SOURCE_ID": null,
   "SOURCE_DESCRIPTION": null,
   "ORIGINATOR_ID": null,
   "ORIGIN_ID": null,
   "MOVED_BY_ID": "1",
   "MOVED_TIME": "2024-08-22T17:02:16+00:00",
   "LAST_ACTIVITY_TIME": "2024-08-22T17:02:16+00:00",
   "UTM_SOURCE": null,
   "UTM_MEDIUM": null,
   "UTM_CAMPAIGN": null,
   "UTM_CONTENT": null,
   "UTM_TERM": null,
   "LAST_ACTIVITY_BY": "1"
  },
  {
   "ID": "28",
   "TITLE": "Мегаклиент",
   "TYPE_ID": "SALE",
   "STAGE_ID": "NEW",
   "PROBABILITY": null,
   "CURRENCY_ID": "BYN",
   "OPPORTUNITY": "0.00",
   "IS_MANUAL_OPPORTUNITY": "N",
   "TAX_VALUE": null,
   "LEAD_ID": null,
   "COMPANY_ID": "0",
   "CONTACT_ID": "28",
   "QUOTE_ID": null,
   "BEGINDATE": "2024-08-22T00:00:00+00:00",
   "CLOSEDATE": "2024-08-29T00:00:00+00:00",
   "ASSIGNED_BY_ID": "1",
   "CREATED_BY_ID": "1",
   "MODIFY_BY_ID": "1",
   "DATE_CREATE": "2024-08-22T17:45:22+00:00",
   "DATE_MODIFY": "2024-08-22T17:45:22+00:00",
   "OPENED": "N",
   "CLOSED": "N",
   "COMMENTS": null,
   "ADDITIONAL_INFO": null,
   "LOCATION_ID": null,
   "CATEGORY_ID": "0",
   "STAGE_SEMANTIC_ID": "P",
   "IS_NEW": "Y",
   "IS_RECURRING": "N",
   "IS_RETURN_CUSTOMER": "N",
   "IS_REPEATED_APPROACH": "N",
   "SOURCE_ID": null,
   "SOURCE_DESCRIPTION": null,
   "ORIGINATOR_ID": null,
   "ORIGIN_ID": null,
   "MOVED_BY_ID": "1",
   "MOVED_TIME": "2024-08-22T17:45:22+00:00",
   "LAST_ACTIVITY_TIME": "2024-08-22T17:45:22+00:00",
   "UTM_SOURCE": null,
   "UTM_MEDIUM": null,
   "UTM_CAMPAIGN": null,
   "UTM_CONTENT": null,
   "UTM_TERM": null,
   "LAST_ACTIVITY_BY": "1"
  },
  {
   "ID": "30",
   "TITLE": "Мегаклиент",
   "TYPE_ID": "SALE",
   "STAGE_ID": "NEW",
   "PROBABILITY": null,
   "CURRENCY_ID": "BYN",
   "OPPORTUNITY": "0.00",
   "IS_MANUAL_OPPORTUNITY": "N",
   "TAX_VALUE": null,
   "LEAD_ID": null,
   "COMPANY_ID": "0",
   "CONTACT_ID": "30",
   "QUOTE_ID": null,
   "BEGINDATE": "2024-08-22T00:00:00+00:00",
   "CLOSEDATE": "2024-08-29T00:00:00+00:00",
   "ASSIGNED_BY_ID": "1",
   "CREATED_BY_ID": "1",
   "MODIFY_BY_ID": "1",
   "DATE_CREATE": "2024-08-22T17:45:23+00:00",
   "DATE_MODIFY": "2024-08-22T17:45:24+00:00",
   "OPENED": "N",
   "CLOSED": "N",
   "COMMENTS": null,
   "ADDITIONAL_INFO": null,
   "LOCATION_ID": null,
   "CATEGORY_ID": "0",
   "STAGE_SEMANTIC_ID": "P",
   "IS_NEW": "Y",
   "IS_RECURRING": "N",
   "IS_RETURN_CUSTOMER": "N",
   "IS_REPEATED_APPROACH": "N",
   "SOURCE_ID": null,
   "SOURCE_DESCRIPTION": null,
   "ORIGINATOR_ID": null,
   "ORIGIN_ID": null,
   "MOVED_BY_ID": "1",
   "MOVED_TIME": "2024-08-22T17:45:23+00:00",
   "LAST_ACTIVITY_TIME": "2024-08-22T17:45:23+00:00",
   "UTM_SOURCE": null,
   "UTM_MEDIUM": null,
   "UTM_CAMPAIGN": null,
   "UTM_CONTENT": null,
   "UTM_TERM": null,
   "LAST_ACTIVITY_BY": "1"
  },
  {
   "ID": "32",
   "TITLE": "MegaClient",
   "TYPE_ID": "SALE",
   "STAGE_ID": "NEW",
   "PROBABILITY": null,
   "CURRENCY_ID": "BYN",
   "OPPORTUNITY": "0.00",
   "IS_MANUAL_OPPORTUNITY": "N",
   "TAX_VALUE": null,
   "LEAD_ID": null,
   "COMPANY_ID": "0",
   "CONTACT_ID": "32",
   "QUOTE_ID": null,
   "BEGINDATE": "2024-08-24T00:00:00+00:00",
   "CLOSEDATE": "2024-08-31T00:00:00+00:00",
   "ASSIGNED_BY_ID": "1",
   "CREATED_BY_ID": "1",
   "MODIFY_BY_ID": "1",
   "DATE_CREATE": "2024-08-24T09:03:14+00:00",
   "DATE_MODIFY": "2024-08-24T09:03:14+00:00",
   "OPENED": "N",
   "CLOSED": "N",
   "COMMENTS": null,
   "ADDITIONAL_INFO": null,
   "LOCATION_ID": null,
   "CATEGORY_ID": "0",
   "STAGE_SEMANTIC_ID": "P",
   "IS_NEW": "Y",
   "IS_RECURRING": "N",
   "IS_RETURN_CUSTOMER": "N",
   "IS_REPEATED_APPROACH": "N",
   "SOURCE_ID": null,
   "SOURCE_DESCRIPTION": null,
   "ORIGINATOR_ID": null,
   "ORIGIN_ID": null,
   "MOVED_BY_ID": "1",
   "MOVED_TIME": "2024-08-24T09:03:14+00:00",
   "LAST_ACTIVITY_TIME": "2024-08-24T09:03:14+00:00",
   "UTM_SOURCE": null,
   "UTM_MEDIUM": null,
   "UTM_CAMPAIGN": null,
   "UTM_CONTENT": null,
   "UTM_TERM": null,
   "LAST_ACTIVITY_BY": "1"
  },
  {
   "ID": "34",
   "TITLE": "MegaClient",
   "TYPE_ID": "SALE",
   "STAGE_ID": "NEW",
   "PROBABILITY": null,
   "CURRENCY_ID": "BYN",
   "OPPORTUNITY": "0.00",
   "IS_MANUAL_OPPORTUNITY": "N",
   "TAX_VALUE": null,
   "LEAD_ID": null,
   "COMPANY_ID": "0",
   "CONTACT_ID": "34",
   "QUOTE_ID": null,
   "BEGINDATE": "2024-08-24T00:00:00+00:00",
   "CLOSEDATE": "2024-08-31T00:00:00+00:00",
   "ASSIGNED_BY_ID": "1",
   "CREATED_BY_ID": "1",
   "MODIFY_BY_ID": "1",
   "DATE_CREATE": "2024-08-24T09:03:15+00:00",
   "DATE_MODIFY": "2024-08-24T09:03:15+00:00",
   "OPENED": "N",
   "CLOSED": "N",
   "COMMENTS": null,
   "ADDITIONAL_INFO": null,
   "LOCATION_ID": null,
   "CATEGORY_ID": "0",
   "STAGE_SEMANTIC_ID": "P",
   "IS_NEW": "Y",
   "IS_RECURRING": "N",
   "IS_RETURN_CUSTOMER": "N",
   "IS_REPEATED_APPROACH": "N",
   "SOURCE_ID": null,
   "SOURCE_DESCRIPTION": null,
   "ORIGINATOR_ID": null,
   "ORIGIN_ID": null,
   "MOVED_BY_ID": "1",
   "MOVED_TIME": "2024-08-24T09:03:15+00:00",
   "LAST_ACTIVITY_TIME": "2024-08-24T09:03:15+00:00",
   "UTM_SOURCE": null,
   "UTM_MEDIUM": null,
   "UTM_CAMPAIGN": null,
   "UTM_CONTENT": null,
   "UTM_TERM": null,
   "LAST_ACTIVITY_BY": "1"
  },
  {
   "ID": "36",
   "TITLE": "Мегаклиент",
   "TYPE_ID": "SALE",
   "STAGE_ID": "NEW",
   "PROBABILITY": null,
   "CURRENCY_ID": "BYN",
   "OPPORTUNITY": "0.00",
   "IS_MANUAL_OPPORTUNITY": "N",
   "TAX_VALUE": null,
   "LEAD_ID": null,
   "COMPANY_ID": "0",
   "CONTACT_ID": "36",
   "QUOTE_ID": null,
   "BEGINDATE": "2024-08-24T00:00:00+00:00",
   "CLOSEDATE": "2024-08-31T00:00:00+00:00",
   "ASSIGNED_BY_ID": "1",
   "CREATED_BY_ID": "1",
   "MODIFY_BY_ID": "1",
   "DATE_CREATE": "2024-08-24T10:41:00+00:00",
   "DATE_MODIFY": "2024-08-24T10:41:00+00:00",
   "OPENED": "N",
   "CLOSED": "N",
   "COMMENTS": null,
   "ADDITIONAL_INFO": null,
   "LOCATION_ID": null,
   "CATEGORY_ID": "0",
   "STAGE_SEMANTIC_ID": "P",
   "IS_NEW": "Y",
   "IS_RECURRING": "N",
   "IS_RETURN_CUSTOMER": "N",
   "IS_REPEATED_APPROACH": "N",
   "SOURCE_ID": null,
   "SOURCE_DESCRIPTION": null,
   "ORIGINATOR_ID": null,
   "ORIGIN_ID": null,
   "MOVED_BY_ID": "1",
   "MOVED_TIME": "2024-08-24T10:41:00+00:00",
   "LAST_ACTIVITY_TIME": "2024-08-24T10:41:00+00:00",
   "UTM_SOURCE": null,
   "UTM_MEDIUM": null,
   "UTM_CAMPAIGN": null,
   "UTM_CONTENT": null,
   "UTM_TERM": null,
   "LAST_ACTIVITY_BY": "1"
  },
  {
   "ID": "38",
   "TITLE": "Мегаклиент",
   "TYPE_ID": "SALE",
   "STAGE_ID": "NEW",
   "PROBABILITY": null,
   "CURRENCY_ID": "BYN",
   "OPPORTUNITY": "0.00",
   "IS_MANUAL_OPPORTUNITY": "N",
   "TAX_VALUE": null,
   "LEAD_ID": null,
   "COMPANY_ID": "0",
   "CONTACT_ID": "38",
   "QUOTE_ID": null,
   "BEGINDATE": "2024-08-24T00:00:00+00:00",
   "CLOSEDATE": "2024-08-31T00:00:00+00:00",
   "ASSIGNED_BY_ID": "1",
   "CREATED_BY_ID": "1",
   "MODIFY_BY_ID": "1",
   "DATE_CREATE": "2024-08-24T10:41:01+00:00",
   "DATE_MODIFY": "2024-08-24T10:41:02+00:00",
   "OPENED": "N",
   "CLOSED": "N",
   "COMMENTS": null,
   "ADDITIONAL_INFO": null,
   "LOCATION_ID": null,
   "CATEGORY_ID": "0",
   "STAGE_SEMANTIC_ID": "P",
   "IS_NEW": "Y",
   "IS_RECURRING": "N",
   "IS_RETURN_CUSTOMER": "N",
   "IS_REPEATED_APPROACH": "N",
   "SOURCE_ID": null,
   "SOURCE_DESCRIPTION": null,
   "ORIGINATOR_ID": null,
   "ORIGIN_ID": null,
   "MOVED_BY_ID": "1",
   "MOVED_TIME": "2024-08-24T10:41:01+00:00",
   "LAST_ACTIVITY_TIME": "2024-08-24T10:41:01+00:00",
   "UTM_SOURCE": null,
   "UTM_MEDIUM": null,
   "UTM_CAMPAIGN": null,
   "UTM_CONTENT": null,
   "UTM_TERM": null,
   "LAST_ACTIVITY_BY": "1"
  },
  {
   "ID": "48",
   "TITLE": "Плановая продажа",
   "TYPE_ID": "GOODS",
   "STAGE_ID": "NEW",
   "PROBABILITY": "30",
   "CURRENCY_ID": "USD",
   "OPPORTUNITY": "5000.00",
   "IS_MANUAL_OPPORTUNITY": "N",
   "TAX_VALUE": null,
   "LEAD_ID": null,
   "COMPANY_ID": "1",
   "CONTACT_ID": "3",
   "QUOTE_ID": null,
   "BEGINDATE": "2024-01-01T00:00:00+00:00",
   "CLOSEDATE": "2030-01-01T00:00:00+00:00",
   "ASSIGNED_BY_ID": "1",
   "CREATED_BY_ID": "1",
   "MODIFY_BY_ID": "1",
   "DATE_CREATE": "2024-08-25T08:24:47+00:00",
   "DATE_MODIFY": "2024-08-25T08:24:47+00:00",
   "OPENED": "Y",
   "CLOSED": "N",
   "COMMENTS": null,
   "ADDITIONAL_INFO": null,
   "LOCATION_ID": null,
   "CATEGORY_ID": "0",
   "STAGE_SEMANTIC_ID": "P",
   "IS_NEW": "Y",
   "IS_RECURRING": "N",
   "IS_RETURN_CUSTOMER": "N",
   "IS_REPEATED_APPROACH": "N",
   "SOURCE_ID": null,
   "SOURCE_DESCRIPTION": null,
   "ORIGINATOR_ID": null,
   "ORIGIN_ID": null,
   "MOVED_BY_ID": "1",
   "MOVED_TIME": "2024-08-25T08:24:47+00:00",
   "LAST_ACTIVITY_TIME": "2024-08-25T08:24:47+00:00",
   "UTM_SOURCE": null,
   "UTM_MEDIUM": null,
   "UTM_CAMPAIGN": null,
   "UTM_CONTENT": null,
   "UTM_TERM": null,
   "LAST_ACTIVITY_BY": "1"
  },
  {
   "ID": "50",
   "TITLE": "Другая сделака",
   "TYPE_ID": "GOODS",
   "STAGE_ID": "NEW",
   "PROBABILITY": "30",
   "CURRENCY_ID": "USD",
   "OPPORTUNITY": "5000.00",
   "IS_MANUAL_OPPORTUNITY": "N",
   "TAX_VALUE": null,
   "LEAD_ID": null,
   "COMPANY_ID": "1",
   "CONTACT_ID": "3",
   "QUOTE_ID": null,
   "BEGINDATE": "2024-01-01T00:00:00+00:00",
   "CLOSEDATE": "2031-01-01T00:00:00+00:00",
   "ASSIGNED_BY_ID": "1",
   "CREATED_BY_ID": "1",
   "MODIFY_BY_ID": "1",
   "DATE_CREATE": "2024-08-25T08:24:47+00:00",
   "DATE_MODIFY": "2024-08-25T08:24:47+00:00",
   "OPENED": "Y",
   "CLOSED": "N",
   "COMMENTS": null,
   "ADDITIONAL_INFO": null,
   "LOCATION_ID": null,
   "CATEGORY_ID": "0",
   "STAGE_SEMANTIC_ID": "P",
   "IS_NEW": "Y",
   "IS_RECURRING": "N",
   "IS_RETURN_CUSTOMER": "N",
   "IS_REPEATED_APPROACH": "N",
   "SOURCE_ID": null,
   "SOURCE_DESCRIPTION": null,
   "ORIGINATOR_ID": null,
   "ORIGIN_ID": null,
   "MOVED_BY_ID": "1",
   "MOVED_TIME": "2024-08-25T08:24:47+00:00",
   "LAST_ACTIVITY_TIME": "2024-08-25T08:24:47+00:00",
   "UTM_SOURCE": null,
   "UTM_MEDIUM": null,
   "UTM_CAMPAIGN": null,
   "UTM_CONTENT": null,
   "UTM_TERM": null,
   "LAST_ACTIVITY_BY": "1"
  },
  {
   "ID": "52",
   "TITLE": "Продажа в RUB",
   "TYPE_ID": "GOODS",
   "STAGE_ID": "NEW",
   "PROBABILITY": "30",
   "CURRENCY_ID": "RUB",
   "OPPORTUNITY": "50000.00",
   "IS_MANUAL_OPPORTUNITY": "N",
   "TAX_VALUE": null,
   "LEAD_ID": null,
   "COMPANY_ID": "1",
   "CONTACT_ID": "3",
   "QUOTE_ID": null,
   "BEGINDATE": "2024-01-01T00:00:00+00:00",
   "CLOSEDATE": "2030-01-01T00:00:00+00:00",
   "ASSIGNED_BY_ID": "1",
   "CREATED_BY_ID": "1",
   "MODIFY_BY_ID": "1",
   "DATE_CREATE": "2024-08-25T08:26:58+00:00",
   "DATE_MODIFY": "2024-08-25T08:26:59+00:00",
   "OPENED": "Y",
   "CLOSED": "N",
   "COMMENTS": null,
   "ADDITIONAL_INFO": null,
   "LOCATION_ID": null,
   "CATEGORY_ID": "0",
   "STAGE_SEMANTIC_ID": "P",
   "IS_NEW": "Y",
   "IS_RECURRING": "N",
   "IS_RETURN_CUSTOMER": "N",
   "IS_REPEATED_APPROACH": "N",
   "SOURCE_ID": null,
   "SOURCE_DESCRIPTION": null,
   "ORIGINATOR_ID": null,
   "ORIGIN_ID": null,
   "MOVED_BY_ID": "1",
   "MOVED_TIME": "2024-08-25T08:26:58+00:00",
   "LAST_ACTIVITY_TIME": "2024-08-25T08:26:58+00:00",
   "UTM_SOURCE": null,
   "UTM_MEDIUM": null,
   "UTM_CAMPAIGN": null,
   "UTM_CONTENT": null,
   "UTM_TERM": null,
   "LAST_ACTIVITY_BY": "1"
  },
  {
   "ID": "54",
   "TITLE": "Будущая сделака в RUB",
   "TYPE_ID": "GOODS",
   "STAGE_ID": "NEW",
   "PROBABILITY": "30",
   "CURRENCY_ID": "RUB",
   "OPPORTUNITY": "50000.00",
   "IS_MANUAL_OPPORTUNITY": "N",
   "TAX_VALUE": null,
   "LEAD_ID": null,
   "COMPANY_ID": "1",
   "CONTACT_ID": "3",
   "QUOTE_ID": null,
   "BEGINDATE": "2025-01-01T00:00:00+00:00",
   "CLOSEDATE": "2031-01-01T00:00:00+00:00",
   "ASSIGNED_BY_ID": "1",
   "CREATED_BY_ID": "1",
   "MODIFY_BY_ID": "1",
   "DATE_CREATE": "2024-08-25T08:26:58+00:00",
   "DATE_MODIFY": "2024-08-25T08:26:59+00:00",
   "OPENED": "Y",
   "CLOSED": "N",
   "COMMENTS": null,
   "ADDITIONAL_INFO": null,
   "LOCATION_ID": null,
   "CATEGORY_ID": "0",
   "STAGE_SEMANTIC_ID": "P",
   "IS_NEW": "Y",
   "IS_RECURRING": "N",
   "IS_RETURN_CUSTOMER": "N",
   "IS_REPEATED_APPROACH": "N",
   "SOURCE_ID": null,
   "SOURCE_DESCRIPTION": null,
   "ORIGINATOR_ID": null,
   "ORIGIN_ID": null,
   "MOVED_BY_ID": "1",
   "MOVED_TIME": "2024-08-25T08:26:58+00:00",
   "LAST_ACTIVITY_TIME": "2024-08-25T08:26:58+00:00",
   "UTM_SOURCE": null,
   "UTM_MEDIUM": null,
   "UTM_CAMPAIGN": null,
   "UTM_CONTENT": null,
   "UTM_TERM": null,
   "LAST_ACTIVITY_BY": "1"
  },
  {
   "ID": "60",
   "TITLE": "Мегаклиент",
   "TYPE_ID": "SALE",
   "STAGE_ID": "NEW",
   "PROBABILITY": null,
   "CURRENCY_ID": "BYN",
   "OPPORTUNITY": "0.00",
   "IS_MANUAL_OPPORTUNITY": "N",
   "TAX_VALUE": null,
   "LEAD_ID": null,
   "COMPANY_ID": "0",
   "CONTACT_ID": "40",
   "QUOTE_ID": null,
   "BEGINDATE": "2024-08-25T00:00:00+00:00",
   "CLOSEDATE": "2024-09-01T00:00:00+00:00",
   "ASSIGNED_BY_ID": "1",
   "CREATED_BY_ID": "1",
   "MODIFY_BY_ID": "1",
   "DATE_CREATE": "2024-08-25T10:01:46+00:00",
   "DATE_MODIFY": "2024-08-25T10:01:46+00:00",
   "OPENED": "N",
   "CLOSED": "N",
   "COMMENTS": null,
   "ADDITIONAL_INFO": null,
   "LOCATION_ID": null,
   "CATEGORY_ID": "0",
   "STAGE_SEMANTIC_ID": "P",
   "IS_NEW": "Y",
   "IS_RECURRING": "N",
   "IS_RETURN_CUSTOMER": "N",
   "IS_REPEATED_APPROACH": "N",
   "SOURCE_ID": null,
   "SOURCE_DESCRIPTION": null,
   "ORIGINATOR_ID": null,
   "ORIGIN_ID": null,
   "MOVED_BY_ID": "1",
   "MOVED_TIME": "2024-08-25T10:01:46+00:00",
   "LAST_ACTIVITY_TIME": "2024-08-25T10:01:46+00:00",
   "UTM_SOURCE": null,
   "UTM_MEDIUM": null,
   "UTM_CAMPAIGN": null,
   "UTM_CONTENT": null,
   "UTM_TERM": null,
   "LAST_ACTIVITY_BY": "1"
  },
  {
   "ID": "62",
   "TITLE": "Мегаклиент",
   "TYPE_ID": "SALE",
   "STAGE_ID": "NEW",
   "PROBABILITY": null,
   "CURRENCY_ID": "BYN",
   "OPPORTUNITY": "0.00",
   "IS_MANUAL_OPPORTUNITY": "N",
   "TAX_VALUE": null,
   "LEAD_ID": null,
   "COMPANY_ID": "0",
   "CONTACT_ID": "42",
   "QUOTE_ID": null,
   "BEGINDATE": "2024-08-25T00:00:00+00:00",
   "CLOSEDATE": "2024-09-01T00:00:00+00:00",
   "ASSIGNED_BY_ID": "1",
   "CREATED_BY_ID": "1",
   "MODIFY_BY_ID": "1",
   "DATE_CREATE": "2024-08-25T10:01:47+00:00",
   "DATE_MODIFY": "2024-08-25T10:01:47+00:00",
   "OPENED": "N",
   "CLOSED": "N",
   "COMMENTS": null,
   "ADDITIONAL_INFO": null,
   "LOCATION_ID": null,
   "CATEGORY_ID": "0",
   "STAGE_SEMANTIC_ID": "P",
   "IS_NEW": "Y",
   "IS_RECURRING": "N",
   "IS_RETURN_CUSTOMER": "N",
   "IS_REPEATED_APPROACH": "N",
   "SOURCE_ID": null,
   "SOURCE_DESCRIPTION": null,
   "ORIGINATOR_ID": null,
   "ORIGIN_ID": null,
   "MOVED_BY_ID": "1",
   "MOVED_TIME": "2024-08-25T10:01:47+00:00",
   "LAST_ACTIVITY_TIME": "2024-08-25T10:01:47+00:00",
   "UTM_SOURCE": null,
   "UTM_MEDIUM": null,
   "UTM_CAMPAIGN": null,
   "UTM_CONTENT": null,
   "UTM_TERM": null,
   "LAST_ACTIVITY_BY": "1"
  }
 ],
 "total": 25,
 "time": {
  "start": 1724580118.85574,
  "finish": 1724580118.89977,
  "duration": 0.0440340042114258,
  "processing": 0.0219089984893799,
  "date_start": "2024-08-25T10:01:58+00:00",
  "date_finish": "2024-08-25T10:01:58+00:00",
  "operating_reset_at": 1724580718,
  "operating": 0
 }
}
