    {
 "result": {
  "ID": "12282",
  "NAME": "Новый каталог",
  "CODE": null,
  "STORAGE_ID": "3",
  "TYPE": "folder",
  "REAL_OBJECT_ID": "12282",
  "PARENT_ID": "3",
  "DELETED_TYPE": 3,
  "CREATE_TIME": "2024-10-07T16:06:47+03:00",
  "UPDATE_TIME": "2024-10-07T16:06:52+03:00",
  "DELETE_TIME": "2024-10-07T16:06:53+03:00",
  "CREATED_BY": "1",
  "UPDATED_BY": "1",
  "DELETED_BY": "1",
  "DETAIL_URL": "https://b24-ar17wx.bitrix24.by/docs/path/Новый каталог"
 },
 "time": {
  "start": 1728306413.07512,
  "finish": 1728306413.14056,
  "duration": 0.0654430389404297,
  "processing": 0.0380730628967285,
  "date_start": "2024-10-07T16:06:53+03:00",
  "date_finish": "2024-10-07T16:06:53+03:00",
  "operating_reset_at": 1728307013,
  "operating": 0
 }
}
