{
 "result": {
  "work_time_start": "9",
  "work_time_end": "19",
  "year_holidays": "1.01,2.01,7.01,23.02,8.03,1.05,9.05,12.06,4.11",
  "year_workdays": "31.12",
  "week_holidays": [
   "SA",
   "SU"
  ],
  "week_start": "MO",
  "user_name_template": "#NAME# #LAST_NAME#",
  "sync_by_push": "",
  "user_show_login": "1",
  "path_to_user": "/company/personal/user/#user_id#/",
  "path_to_user_calendar": "/company/personal/user/#user_id#/calendar/",
  "path_to_group": "/workgroups/group/#group_id#/",
  "path_to_group_calendar": "/workgroups/group/#group_id#/calendar/",
  "path_to_vr": "",
  "path_to_rm": "",
  "rm_iblock_type": "",
  "rm_iblock_id": "",
  "dep_manager_sub": "1",
  "denied_superpose_types": [],
  "pathes_for_sites": "",
  "pathes": [],
  "forum_id": "1",
  "rm_for_sites": "1",
  "path_to_type_company_calendar": "/calendar/",
  "path_to_type_events": "",
  "path_to_type_location": ""
 },
 "time": {
  "start": 1758055152.99292,
  "finish": 1758055153.0198,
  "duration": 0.0268831253051758,
  "processing": 0.00263500213623047,
  "date_start": "2025-09-16T23:39:12+03:00",
  "date_finish": "2025-09-16T23:39:13+03:00",
  "operating_reset_at": 1758055753,
  "operating": 0
 }
}
