{
 "result": [
  {
   "POST_MESSAGE_HTML": null,
   "ID": "18206",
   "AUTHOR_ID": "1",
   "AUTHOR_NAME": "Антон Титовец",
   "AUTHOR_EMAIL": "",
   "POST_DATE": "2025-09-10T18:22:48+00:00",
   "POST_MESSAGE": "Задача изменена, не расходимся"
  },
  {
   "POST_MESSAGE_HTML": null,
   "ID": "18208",
   "AUTHOR_ID": "1",
   "AUTHOR_NAME": "Антон Титовец",
   "AUTHOR_EMAIL": "",
   "POST_DATE": "2025-09-10T18:22:50+00:00",
   "POST_MESSAGE": "Задача изменена, расходимся"
  }
 ],
 "time": {
  "start": 1757528594.36846,
  "finish": 1757528594.41728,
  "duration": 0.048818826675415,
  "processing": 0.0247781276702881,
  "date_start": "2025-09-10T18:23:14+00:00",
  "date_finish": "2025-09-10T18:23:14+00:00",
  "operating_reset_at": 1757529194,
  "operating": 0
 }
}
