{
 "result": [
  {
   "ID": "8",
   "TITLE": "Мегаклиент",
   "HONORIFIC": null,
   "NAME": "Петр",
   "SECOND_NAME": null,
   "LAST_NAME": "Петров",
   "COMPANY_TITLE": null,
   "COMPANY_ID": null,
   "CONTACT_ID": "8",
   "IS_RETURN_CUSTOMER": "N",
   "BIRTHDATE": "",
   "SOURCE_ID": null,
   "SOURCE_DESCRIPTION": null,
   "STATUS_ID": "CONVERTED",
   "STATUS_DESCRIPTION": null,
   "POST": null,
   "COMMENTS": null,
   "CURRENCY_ID": "BYN",
   "OPPORTUNITY": "0.00",
   "IS_MANUAL_OPPORTUNITY": "N",
   "HAS_PHONE": "***",
   "HAS_EMAIL": "Y",
   "HAS_IMOL": "N",
   "ASSIGNED_BY_ID": "1",
   "CREATED_BY_ID": "1",
   "MODIFY_BY_ID": "1",
   "DATE_CREATE": "2024-08-22T19:48:12+03:00",
   "DATE_MODIFY": "2024-08-22T19:48:12+03:00",
   "DATE_CLOSED": "2024-08-22T19:48:12+03:00",
   "STATUS_SEMANTIC_ID": "S",
   "OPENED": "N",
   "ORIGINATOR_ID": "***",
   "ORIGIN_ID": "***",
   "MOVED_BY_ID": "1",
   "MOVED_TIME": "2024-08-22T19:48:12+03:00",
   "ADDRESS": "ул. Пушкина, д. 10",
   "ADDRESS_2": null,
   "ADDRESS_CITY": null,
   "ADDRESS_POSTAL_CODE": null,
   "ADDRESS_REGION": null,
   "ADDRESS_PROVINCE": null,
   "ADDRESS_COUNTRY": "Россия",
   "ADDRESS_COUNTRY_CODE": null,
   "ADDRESS_LOC_ADDR_ID": "14",
   "UTM_SOURCE": null,
   "UTM_MEDIUM": null,
   "UTM_CAMPAIGN": null,
   "UTM_CONTENT": null,
   "UTM_TERM": null,
   "LAST_COMMUNICATION_TIME": null,
   "LAST_ACTIVITY_BY": "1",
   "LAST_ACTIVITY_TIME": "2024-08-22T19:48:12+03:00"
  },
  {
   "ID": "10",
   "TITLE": "Мегаклиент",
   "HONORIFIC": null,
   "NAME": "Иван",
   "SECOND_NAME": null,
   "LAST_NAME": "Иванов",
   "COMPANY_TITLE": null,
   "COMPANY_ID": null,
   "CONTACT_ID": "10",
   "IS_RETURN_CUSTOMER": "N",
   "BIRTHDATE": "",
   "SOURCE_ID": null,
   "SOURCE_DESCRIPTION": null,
   "STATUS_ID": "CONVERTED",
   "STATUS_DESCRIPTION": null,
   "POST": null,
   "COMMENTS": null,
   "CURRENCY_ID": "BYN",
   "OPPORTUNITY": "0.00",
   "IS_MANUAL_OPPORTUNITY": "N",
   "HAS_PHONE": "***",
   "HAS_EMAIL": "Y",
   "HAS_IMOL": "N",
   "ASSIGNED_BY_ID": "1",
   "CREATED_BY_ID": "1",
   "MODIFY_BY_ID": "1",
   "DATE_CREATE": "2024-08-22T19:48:13+03:00",
   "DATE_MODIFY": "2024-08-22T19:48:13+03:00",
   "DATE_CLOSED": "2024-08-22T19:48:13+03:00",
   "STATUS_SEMANTIC_ID": "S",
   "OPENED": "N",
   "ORIGINATOR_ID": "***",
   "ORIGIN_ID": "***",
   "MOVED_BY_ID": "1",
   "MOVED_TIME": "2024-08-22T19:48:13+03:00",
   "ADDRESS": "ул. Пушкина, д. 10",
   "ADDRESS_2": null,
   "ADDRESS_CITY": null,
   "ADDRESS_POSTAL_CODE": null,
   "ADDRESS_REGION": null,
   "ADDRESS_PROVINCE": null,
   "ADDRESS_COUNTRY": "Россия",
   "ADDRESS_COUNTRY_CODE": null,
   "ADDRESS_LOC_ADDR_ID": "18",
   "UTM_SOURCE": null,
   "UTM_MEDIUM": null,
   "UTM_CAMPAIGN": null,
   "UTM_CONTENT": null,
   "UTM_TERM": null,
   "LAST_COMMUNICATION_TIME": null,
   "LAST_ACTIVITY_BY": "1",
   "LAST_ACTIVITY_TIME": "2024-08-22T19:48:13+03:00"
  },
  {
   "ID": "12",
   "TITLE": "Мегаклиент",
   "HONORIFIC": null,
   "NAME": "Петр",
   "SECOND_NAME": null,
   "LAST_NAME": "Петров",
   "COMPANY_TITLE": null,
   "COMPANY_ID": null,
   "CONTACT_ID": "12",
   "IS_RETURN_CUSTOMER": "N",
   "BIRTHDATE": "",
   "SOURCE_ID": null,
   "SOURCE_DESCRIPTION": null,
   "STATUS_ID": "CONVERTED",
   "STATUS_DESCRIPTION": null,
   "POST": null,
   "COMMENTS": null,
   "CURRENCY_ID": "BYN",
   "OPPORTUNITY": "0.00",
   "IS_MANUAL_OPPORTUNITY": "N",
   "HAS_PHONE": "***",
   "HAS_EMAIL": "Y",
   "HAS_IMOL": "N",
   "ASSIGNED_BY_ID": "1",
   "CREATED_BY_ID": "1",
   "MODIFY_BY_ID": "1",
   "DATE_CREATE": "2024-08-22T20:00:19+03:00",
   "DATE_MODIFY": "2024-08-22T20:00:20+03:00",
   "DATE_CLOSED": "2024-08-22T20:00:20+03:00",
   "STATUS_SEMANTIC_ID": "S",
   "OPENED": "N",
   "ORIGINATOR_ID": "***",
   "ORIGIN_ID": "***",
   "MOVED_BY_ID": "1",
   "MOVED_TIME": "2024-08-22T20:00:20+03:00",
   "ADDRESS": "ул. Пушкина, д. 10",
   "ADDRESS_2": null,
   "ADDRESS_CITY": null,
   "ADDRESS_POSTAL_CODE": null,
   "ADDRESS_REGION": null,
   "ADDRESS_PROVINCE": null,
   "ADDRESS_COUNTRY": "Россия",
   "ADDRESS_COUNTRY_CODE": null,
   "ADDRESS_LOC_ADDR_ID": "22",
   "UTM_SOURCE": null,
   "UTM_MEDIUM": null,
   "UTM_CAMPAIGN": null,
   "UTM_CONTENT": null,
   "UTM_TERM": null,
   "LAST_COMMUNICATION_TIME": null,
   "LAST_ACTIVITY_BY": "1",
   "LAST_ACTIVITY_TIME": "2024-08-22T20:00:19+03:00"
  },
  {
   "ID": "14",
   "TITLE": "Мегаклиент",
   "HONORIFIC": null,
   "NAME": "Иван",
   "SECOND_NAME": null,
   "LAST_NAME": "Иванов",
   "COMPANY_TITLE": null,
   "COMPANY_ID": null,
   "CONTACT_ID": "14",
   "IS_RETURN_CUSTOMER": "N",
   "BIRTHDATE": "",
   "SOURCE_ID": null,
   "SOURCE_DESCRIPTION": null,
   "STATUS_ID": "CONVERTED",
   "STATUS_DESCRIPTION": null,
   "POST": null,
   "COMMENTS": null,
   "CURRENCY_ID": "BYN",
   "OPPORTUNITY": "0.00",
   "IS_MANUAL_OPPORTUNITY": "N",
   "HAS_PHONE": "***",
   "HAS_EMAIL": "Y",
   "HAS_IMOL": "N",
   "ASSIGNED_BY_ID": "1",
   "CREATED_BY_ID": "1",
   "MODIFY_BY_ID": "1",
   "DATE_CREATE": "2024-08-22T20:00:20+03:00",
   "DATE_MODIFY": "2024-08-22T20:00:20+03:00",
   "DATE_CLOSED": "2024-08-22T20:00:20+03:00",
   "STATUS_SEMANTIC_ID": "S",
   "OPENED": "N",
   "ORIGINATOR_ID": "***",
   "ORIGIN_ID": "***",
   "MOVED_BY_ID": "1",
   "MOVED_TIME": "2024-08-22T20:00:20+03:00",
   "ADDRESS": "ул. Пушкина, д. 10",
   "ADDRESS_2": null,
   "ADDRESS_CITY": null,
   "ADDRESS_POSTAL_CODE": null,
   "ADDRESS_REGION": null,
   "ADDRESS_PROVINCE": null,
   "ADDRESS_COUNTRY": "Россия",
   "ADDRESS_COUNTRY_CODE": null,
   "ADDRESS_LOC_ADDR_ID": "26",
   "UTM_SOURCE": null,
   "UTM_MEDIUM": null,
   "UTM_CAMPAIGN": null,
   "UTM_CONTENT": null,
   "UTM_TERM": null,
   "LAST_COMMUNICATION_TIME": null,
   "LAST_ACTIVITY_BY": "1",
   "LAST_ACTIVITY_TIME": "2024-08-22T20:00:20+03:00"
  },
  {
   "ID": "16",
   "TITLE": "Мегаклиент",
   "HONORIFIC": null,
   "NAME": "Петр",
   "SECOND_NAME": null,
   "LAST_NAME": "Петров",
   "COMPANY_TITLE": null,
   "COMPANY_ID": null,
   "CONTACT_ID": "16",
   "IS_RETURN_CUSTOMER": "N",
   "BIRTHDATE": "",
   "SOURCE_ID": null,
   "SOURCE_DESCRIPTION": null,
   "STATUS_ID": "CONVERTED",
   "STATUS_DESCRIPTION": null,
   "POST": null,
   "COMMENTS": null,
   "CURRENCY_ID": "BYN",
   "OPPORTUNITY": "0.00",
   "IS_MANUAL_OPPORTUNITY": "N",
   "HAS_PHONE": "***",
   "HAS_EMAIL": "Y",
   "HAS_IMOL": "N",
   "ASSIGNED_BY_ID": "1",
   "CREATED_BY_ID": "1",
   "MODIFY_BY_ID": "1",
   "DATE_CREATE": "2024-08-22T20:01:03+03:00",
   "DATE_MODIFY": "2024-08-22T20:01:03+03:00",
   "DATE_CLOSED": "2024-08-22T20:01:03+03:00",
   "STATUS_SEMANTIC_ID": "S",
   "OPENED": "N",
   "ORIGINATOR_ID": "***",
   "ORIGIN_ID": "***",
   "MOVED_BY_ID": "1",
   "MOVED_TIME": "2024-08-22T20:01:03+03:00",
   "ADDRESS": "ул. Пушкина, д. 10",
   "ADDRESS_2": null,
   "ADDRESS_CITY": null,
   "ADDRESS_POSTAL_CODE": null,
   "ADDRESS_REGION": null,
   "ADDRESS_PROVINCE": null,
   "ADDRESS_COUNTRY": "Россия",
   "ADDRESS_COUNTRY_CODE": null,
   "ADDRESS_LOC_ADDR_ID": "30",
   "UTM_SOURCE": null,
   "UTM_MEDIUM": null,
   "UTM_CAMPAIGN": null,
   "UTM_CONTENT": null,
   "UTM_TERM": null,
   "LAST_COMMUNICATION_TIME": null,
   "LAST_ACTIVITY_BY": "1",
   "LAST_ACTIVITY_TIME": "2024-08-22T20:01:03+03:00"
  },
  {
   "ID": "18",
   "TITLE": "Мегаклиент",
   "HONORIFIC": null,
   "NAME": "Иван",
   "SECOND_NAME": null,
   "LAST_NAME": "Иванов",
   "COMPANY_TITLE": null,
   "COMPANY_ID": null,
   "CONTACT_ID": "18",
   "IS_RETURN_CUSTOMER": "N",
   "BIRTHDATE": "",
   "SOURCE_ID": null,
   "SOURCE_DESCRIPTION": null,
   "STATUS_ID": "CONVERTED",
   "STATUS_DESCRIPTION": null,
   "POST": null,
   "COMMENTS": null,
   "CURRENCY_ID": "BYN",
   "OPPORTUNITY": "0.00",
   "IS_MANUAL_OPPORTUNITY": "N",
   "HAS_PHONE": "***",
   "HAS_EMAIL": "Y",
   "HAS_IMOL": "N",
   "ASSIGNED_BY_ID": "1",
   "CREATED_BY_ID": "1",
   "MODIFY_BY_ID": "1",
   "DATE_CREATE": "2024-08-22T20:01:03+03:00",
   "DATE_MODIFY": "2024-08-22T20:01:04+03:00",
   "DATE_CLOSED": "2024-08-22T20:01:04+03:00",
   "STATUS_SEMANTIC_ID": "S",
   "OPENED": "N",
   "ORIGINATOR_ID": "***",
   "ORIGIN_ID": "***",
   "MOVED_BY_ID": "1",
   "MOVED_TIME": "2024-08-22T20:01:04+03:00",
   "ADDRESS": "ул. Пушкина, д. 10",
   "ADDRESS_2": null,
   "ADDRESS_CITY": null,
   "ADDRESS_POSTAL_CODE": null,
   "ADDRESS_REGION": null,
   "ADDRESS_PROVINCE": null,
   "ADDRESS_COUNTRY": "Россия",
   "ADDRESS_COUNTRY_CODE": null,
   "ADDRESS_LOC_ADDR_ID": "34",
   "UTM_SOURCE": null,
   "UTM_MEDIUM": null,
   "UTM_CAMPAIGN": null,
   "UTM_CONTENT": null,
   "UTM_TERM": null,
   "LAST_COMMUNICATION_TIME": null,
   "LAST_ACTIVITY_BY": "1",
   "LAST_ACTIVITY_TIME": "2024-08-22T20:01:03+03:00"
  },
  {
   "ID": "22",
   "TITLE": "Мегаклиент",
   "HONORIFIC": null,
   "NAME": "Иван",
   "SECOND_NAME": null,
   "LAST_NAME": "Иванов",
   "COMPANY_TITLE": null,
   "COMPANY_ID": null,
   "CONTACT_ID": "22",
   "IS_RETURN_CUSTOMER": "N",
   "BIRTHDATE": "",
   "SOURCE_ID": null,
   "SOURCE_DESCRIPTION": null,
   "STATUS_ID": "CONVERTED",
   "STATUS_DESCRIPTION": null,
   "POST": null,
   "COMMENTS": null,
   "CURRENCY_ID": "BYN",
   "OPPORTUNITY": "0.00",
   "IS_MANUAL_OPPORTUNITY": "N",
   "HAS_PHONE": "***",
   "HAS_EMAIL": "Y",
   "HAS_IMOL": "N",
   "ASSIGNED_BY_ID": "1",
   "CREATED_BY_ID": "1",
   "MODIFY_BY_ID": "1",
   "DATE_CREATE": "2024-08-22T20:01:39+03:00",
   "DATE_MODIFY": "2024-08-22T20:01:40+03:00",
   "DATE_CLOSED": "2024-08-22T20:01:40+03:00",
   "STATUS_SEMANTIC_ID": "S",
   "OPENED": "N",
   "ORIGINATOR_ID": "***",
   "ORIGIN_ID": "***",
   "MOVED_BY_ID": "1",
   "MOVED_TIME": "2024-08-22T20:01:40+03:00",
   "ADDRESS": "ул. Пушкина, д. 10",
   "ADDRESS_2": null,
   "ADDRESS_CITY": null,
   "ADDRESS_POSTAL_CODE": null,
   "ADDRESS_REGION": null,
   "ADDRESS_PROVINCE": null,
   "ADDRESS_COUNTRY": "Россия",
   "ADDRESS_COUNTRY_CODE": null,
   "ADDRESS_LOC_ADDR_ID": "42",
   "UTM_SOURCE": null,
   "UTM_MEDIUM": null,
   "UTM_CAMPAIGN": null,
   "UTM_CONTENT": null,
   "UTM_TERM": null,
   "LAST_COMMUNICATION_TIME": null,
   "LAST_ACTIVITY_BY": "1",
   "LAST_ACTIVITY_TIME": "2024-08-22T20:01:39+03:00"
  }
 ],
 "total": 7,
 "time": {
  "start": 1765367895,
  "finish": 1765367895.416,
  "duration": 0.416001081466675,
  "processing": 0,
  "date_start": "2025-12-10T14:58:15+03:00",
  "date_finish": "2025-12-10T14:58:15+03:00",
  "operating_reset_at": 1765368495,
  "operating": 0
 }
}
