{
 "result": {
  "id": 10,
  "parent_chat_id": "***",
  "parent_message_id": 0,
  "name": "",
  "description": null,
  "owner": 10,
  "extranet": false,
  "avatar": "",
  "color": "#ab7761",
  "type": "private",
  "counter": 4,
  "user_counter": 0,
  "message_count": 982,
  "unread_id": 3810,
  "restrictions": {
   "avatar": true,
   "rename": true,
   "extend": true,
   "call": true,
   "mute": true,
   "leave": true,
   "leave_owner": true,
   "send": true,
   "user_list": true
  },
  "last_message_id": 99046,
  "last_id": 16,
  "marked_id": 0,
  "disk_folder_id": 0,
  "entity_type": "",
  "entity_id": "",
  "entity_data_1": "",
  "entity_data_2": "",
  "entity_data_3": "",
  "mute_list": [],
  "date_create": "2024-06-15T19:48:49+03:00",
  "message_type": "P",
  "public": "",
  "role": "member",
  "entity_link": {
   "type": "",
   "url": "",
   "id": ""
  },
  "text_field_enabled": true,
  "background_id": null,
  "permissions": {
   "manage_users_add": "member",
   "manage_users_delete": "manager",
   "manage_ui": "member",
   "manage_settings": "owner",
   "manage_messages": "member",
   "can_post": "member"
  },
  "is_new": false,
  "readed_list": [
   {
    "user_id": 10,
    "user_name": "Techno Pizza",
    "message_id": 3854,
    "date": null
   }
  ],
  "manager_list": [],
  "last_message_views": {
   "message_id": 99046,
   "first_viewers": [],
   "count_of_viewers": 0
  },
  "dialog_id": "10"
 },
 "time": {
  "start": 1781514111,
  "finish": 1781514111.42218,
  "duration": 0.422182083129883,
  "processing": 0,
  "date_start": "2026-06-15T12:01:51+03:00",
  "date_finish": "2026-06-15T12:01:51+03:00",
  "operating_reset_at": 1781514711,
  "operating": 0
 }
}
