    {
 "result": [
  {
   "ID": "14",
   "PARENT_ID": "14",
   "ACTIVE": "Y",
   "DELETED": "N",
   "CAL_TYPE": "user",
   "OWNER_ID": "1",
   "NAME": "Новое событие",
   "DATE_FROM": "27.01.2025 13:01:00",
   "DATE_TO": "27.01.2025 14:01:00",
   "ORIGINAL_DATE_FROM": null,
   "TZ_FROM": "Europe/Minsk",
   "TZ_TO": "Europe/Minsk",
   "TZ_OFFSET_FROM": "10800",
   "TZ_OFFSET_TO": "10800",
   "DATE_FROM_TS_UTC": "1737961252",
   "DATE_TO_TS_UTC": "1740567660",
   "DT_SKIP_TIME": "N",
   "DT_LENGTH": 3600,
   "EVENT_TYPE": null,
   "CREATED_BY": "1",
   "DATE_CREATE": "26.01.2025 13:00:52",
   "TIMESTAMP_X": "26.01.2025 13:00:52",
   "DT_FROM": null,
   "DT_TO": null,
   "PRIVATE_EVENT": "",
   "ACCESSIBILITY": "busy",
   "IMPORTANCE": "high",
   "IS_MEETING": true,
   "MEETING_STATUS": "H",
   "MEETING_HOST": "1",
   "MEETING": {
    "HOST_NAME": "Антон Титовец",
    "TEXT": null,
    "OPEN": false,
    "NOTIFY": true,
    "REINVITE": false,
    "MAIL_FROM": false
   },
   "LOCATION": "Офис",
   "REMIND": [
    {
     "type": "day",
     "count": 1
    }
   ],
   "COLOR": "#230000",
   "TEXT_COLOR": "",
   "RRULE": {
    "FREQ": "DAILY",
    "COUNT": 3,
    "INTERVAL": 10,
    "UNTIL": "01.01.2038",
    "~UNTIL": "",
    "UNTIL_TS": 2145916800
   },
   "EXDATE": "",
   "DAV_XML_ID": "20250127T100100Z-33ac403e08da922f1d7b75fd348ed623@b24-ar17wx.bitrix24.by",
   "G_EVENT_ID": "",
   "DAV_EXCH_LABEL": "",
   "CAL_DAV_LABEL": "",
   "VERSION": "1",
   "ATTENDEES_CODES": [
    "U1",
    "U10"
   ],
   "RECURRENCE_ID": null,
   "RELATIONS": "",
   "SECTION_ID": "108",
   "SYNC_STATUS": null,
   "UF_CRM_CAL_EVENT": false,
   "UF_WEBDAV_CAL_EVENT": false,
   "SECTION_DAV_XML_ID": null,
   "DATE_FROM_FORMATTED": "Mon Jan 27 2025 13:01:00",
   "DATE_TO_FORMATTED": "Mon Jan 27 2025 14:01:00",
   "SECT_ID": "108",
   "OPTIONS": null,
   "ATTENDEE_LIST": [
    {
     "id": 1,
     "entryId": "14",
     "status": "H"
    },
    {
     "id": 10,
     "entryId": "16",
     "status": "Q"
    }
   ],
   "COLLAB_ID": null,
   "~RRULE_DESCRIPTION": "каждый 10-й день, от 27.01.2025, 3 раз(а)",
   "attendeesEntityList": [
    {
     "entityId": "user",
     "id": 1
    },
    {
     "entityId": "user",
     "id": 10
    }
   ],
   "~DATE_FROM": "27.01.2025 13:01:00",
   "~DATE_TO": "27.01.2025 14:01:00",
   "RINDEX": 0,
   "~USER_OFFSET_FROM": 0,
   "~USER_OFFSET_TO": 0
  },
  {
   "ID": "14",
   "PARENT_ID": "14",
   "ACTIVE": "Y",
   "DELETED": "N",
   "CAL_TYPE": "user",
   "OWNER_ID": "1",
   "NAME": "Новое событие",
   "DATE_FROM": "06.02.2025 13:01:00",
   "DATE_TO": "06.02.2025 14:01:00",
   "ORIGINAL_DATE_FROM": null,
   "TZ_FROM": "Europe/Minsk",
   "TZ_TO": "Europe/Minsk",
   "TZ_OFFSET_FROM": "10800",
   "TZ_OFFSET_TO": "10800",
   "DATE_FROM_TS_UTC": "1737961252",
   "DATE_TO_TS_UTC": "1740567660",
   "DT_SKIP_TIME": "N",
   "DT_LENGTH": 3600,
   "EVENT_TYPE": null,
   "CREATED_BY": "1",
   "DATE_CREATE": "26.01.2025 13:00:52",
   "TIMESTAMP_X": "26.01.2025 13:00:52",
   "DT_FROM": null,
   "DT_TO": null,
   "PRIVATE_EVENT": "",
   "ACCESSIBILITY": "busy",
   "IMPORTANCE": "high",
   "IS_MEETING": true,
   "MEETING_STATUS": "H",
   "MEETING_HOST": "1",
   "MEETING": {
    "HOST_NAME": "Антон Титовец",
    "TEXT": null,
    "OPEN": false,
    "NOTIFY": true,
    "REINVITE": false,
    "MAIL_FROM": false
   },
   "LOCATION": "Офис",
   "REMIND": [
    {
     "type": "day",
     "count": 1
    }
   ],
   "COLOR": "#230000",
   "TEXT_COLOR": "",
   "RRULE": {
    "FREQ": "DAILY",
    "COUNT": 3,
    "INTERVAL": 10,
    "UNTIL": "01.01.2038",
    "~UNTIL": "",
    "UNTIL_TS": 2145916800
   },
   "EXDATE": "",
   "DAV_XML_ID": "20250127T100100Z-33ac403e08da922f1d7b75fd348ed623@b24-ar17wx.bitrix24.by",
   "G_EVENT_ID": "",
   "DAV_EXCH_LABEL": "",
   "CAL_DAV_LABEL": "",
   "VERSION": "1",
   "ATTENDEES_CODES": [
    "U1",
    "U10"
   ],
   "RECURRENCE_ID": null,
   "RELATIONS": "",
   "SECTION_ID": "108",
   "SYNC_STATUS": null,
   "UF_CRM_CAL_EVENT": false,
   "UF_WEBDAV_CAL_EVENT": false,
   "SECTION_DAV_XML_ID": null,
   "DATE_FROM_FORMATTED": "Thu Feb 06 2025 13:01:00",
   "DATE_TO_FORMATTED": "Thu Feb 06 2025 14:01:00",
   "SECT_ID": "108",
   "OPTIONS": null,
   "ATTENDEE_LIST": [
    {
     "id": 1,
     "entryId": "14",
     "status": "H"
    },
    {
     "id": 10,
     "entryId": "16",
     "status": "Q"
    }
   ],
   "COLLAB_ID": null,
   "~RRULE_DESCRIPTION": "каждый 10-й день, от 27.01.2025, 3 раз(а)",
   "attendeesEntityList": [
    {
     "entityId": "user",
     "id": 1
    },
    {
     "entityId": "user",
     "id": 10
    }
   ],
   "~DATE_FROM": "27.01.2025 13:01:00",
   "~DATE_TO": "27.01.2025 14:01:00",
   "RINDEX": 1,
   "~USER_OFFSET_FROM": 0,
   "~USER_OFFSET_TO": 0
  },
  {
   "ID": "14",
   "PARENT_ID": "14",
   "ACTIVE": "Y",
   "DELETED": "N",
   "CAL_TYPE": "user",
   "OWNER_ID": "1",
   "NAME": "Новое событие",
   "DATE_FROM": "16.02.2025 13:01:00",
   "DATE_TO": "16.02.2025 14:01:00",
   "ORIGINAL_DATE_FROM": null,
   "TZ_FROM": "Europe/Minsk",
   "TZ_TO": "Europe/Minsk",
   "TZ_OFFSET_FROM": "10800",
   "TZ_OFFSET_TO": "10800",
   "DATE_FROM_TS_UTC": "1737961252",
   "DATE_TO_TS_UTC": "1740567660",
   "DT_SKIP_TIME": "N",
   "DT_LENGTH": 3600,
   "EVENT_TYPE": null,
   "CREATED_BY": "1",
   "DATE_CREATE": "26.01.2025 13:00:52",
   "TIMESTAMP_X": "26.01.2025 13:00:52",
   "DT_FROM": null,
   "DT_TO": null,
   "PRIVATE_EVENT": "",
   "ACCESSIBILITY": "busy",
   "IMPORTANCE": "high",
   "IS_MEETING": true,
   "MEETING_STATUS": "H",
   "MEETING_HOST": "1",
   "MEETING": {
    "HOST_NAME": "Антон Титовец",
    "TEXT": null,
    "OPEN": false,
    "NOTIFY": true,
    "REINVITE": false,
    "MAIL_FROM": false
   },
   "LOCATION": "Офис",
   "REMIND": [
    {
     "type": "day",
     "count": 1
    }
   ],
   "COLOR": "#230000",
   "TEXT_COLOR": "",
   "RRULE": {
    "FREQ": "DAILY",
    "COUNT": 3,
    "INTERVAL": 10,
    "UNTIL": "01.01.2038",
    "~UNTIL": "",
    "UNTIL_TS": 2145916800
   },
   "EXDATE": "",
   "DAV_XML_ID": "20250127T100100Z-33ac403e08da922f1d7b75fd348ed623@b24-ar17wx.bitrix24.by",
   "G_EVENT_ID": "",
   "DAV_EXCH_LABEL": "",
   "CAL_DAV_LABEL": "",
   "VERSION": "1",
   "ATTENDEES_CODES": [
    "U1",
    "U10"
   ],
   "RECURRENCE_ID": null,
   "RELATIONS": "",
   "SECTION_ID": "108",
   "SYNC_STATUS": null,
   "UF_CRM_CAL_EVENT": false,
   "UF_WEBDAV_CAL_EVENT": false,
   "SECTION_DAV_XML_ID": null,
   "DATE_FROM_FORMATTED": "Sun Feb 16 2025 13:01:00",
   "DATE_TO_FORMATTED": "Sun Feb 16 2025 14:01:00",
   "SECT_ID": "108",
   "OPTIONS": null,
   "ATTENDEE_LIST": [
    {
     "id": 1,
     "entryId": "14",
     "status": "H"
    },
    {
     "id": 10,
     "entryId": "16",
     "status": "Q"
    }
   ],
   "COLLAB_ID": null,
   "~RRULE_DESCRIPTION": "каждый 10-й день, от 27.01.2025, 3 раз(а)",
   "attendeesEntityList": [
    {
     "entityId": "user",
     "id": 1
    },
    {
     "entityId": "user",
     "id": 10
    }
   ],
   "~DATE_FROM": "27.01.2025 13:01:00",
   "~DATE_TO": "27.01.2025 14:01:00",
   "RINDEX": 2,
   "~USER_OFFSET_FROM": 0,
   "~USER_OFFSET_TO": 0
  },
  {
   "ID": "42",
   "PARENT_ID": "42",
   "ACTIVE": "Y",
   "DELETED": "N",
   "CAL_TYPE": "user",
   "OWNER_ID": "1",
   "NAME": "Новое событие",
   "DATE_FROM": "28.01.2025 20:31:00",
   "DATE_TO": "28.01.2025 21:31:00",
   "ORIGINAL_DATE_FROM": null,
   "TZ_FROM": "Europe/Minsk",
   "TZ_TO": "Europe/Minsk",
   "TZ_OFFSET_FROM": "10800",
   "TZ_OFFSET_TO": "10800",
   "DATE_FROM_TS_UTC": "1738074675",
   "DATE_TO_TS_UTC": "1740681060",
   "DT_SKIP_TIME": "N",
   "DT_LENGTH": 3600,
   "EVENT_TYPE": null,
   "CREATED_BY": "1",
   "DATE_CREATE": "27.01.2025 20:31:15",
   "TIMESTAMP_X": "27.01.2025 20:31:15",
   "DT_FROM": null,
   "DT_TO": null,
   "PRIVATE_EVENT": "",
   "ACCESSIBILITY": "busy",
   "IMPORTANCE": "high",
   "IS_MEETING": true,
   "MEETING_STATUS": "H",
   "MEETING_HOST": "1",
   "MEETING": {
    "HOST_NAME": "Антон Титовец",
    "TEXT": null,
    "OPEN": false,
    "NOTIFY": true,
    "REINVITE": false,
    "MAIL_FROM": false
   },
   "LOCATION": "Офис",
   "REMIND": [
    {
     "type": "day",
     "count": 1
    }
   ],
   "COLOR": "#230000",
   "TEXT_COLOR": "",
   "RRULE": {
    "FREQ": "DAILY",
    "COUNT": 3,
    "INTERVAL": 10,
    "UNTIL": "01.01.2038",
    "~UNTIL": "",
    "UNTIL_TS": 2145916800
   },
   "EXDATE": "",
   "DAV_XML_ID": "20250128T173100Z-c6a839a52e409c777e1fd5c638fa3d16@b24-ar17wx.bitrix24.by",
   "G_EVENT_ID": "",
   "DAV_EXCH_LABEL": "",
   "CAL_DAV_LABEL": "",
   "VERSION": "1",
   "ATTENDEES_CODES": [
    "U1",
    "U10"
   ],
   "RECURRENCE_ID": null,
   "RELATIONS": "",
   "SECTION_ID": "124",
   "SYNC_STATUS": null,
   "UF_CRM_CAL_EVENT": false,
   "UF_WEBDAV_CAL_EVENT": false,
   "SECTION_DAV_XML_ID": null,
   "DATE_FROM_FORMATTED": "Tue Jan 28 2025 20:31:00",
   "DATE_TO_FORMATTED": "Tue Jan 28 2025 21:31:00",
   "SECT_ID": "124",
   "OPTIONS": null,
   "ATTENDEE_LIST": [
    {
     "id": 1,
     "entryId": "42",
     "status": "H"
    },
    {
     "id": 10,
     "entryId": "44",
     "status": "Q"
    }
   ],
   "COLLAB_ID": null,
   "~RRULE_DESCRIPTION": "каждый 10-й день, от 28.01.2025, 3 раз(а)",
   "attendeesEntityList": [
    {
     "entityId": "user",
     "id": 1
    },
    {
     "entityId": "user",
     "id": 10
    }
   ],
   "~DATE_FROM": "28.01.2025 20:31:00",
   "~DATE_TO": "28.01.2025 21:31:00",
   "RINDEX": 0,
   "~USER_OFFSET_FROM": 0,
   "~USER_OFFSET_TO": 0
  },
  {
   "ID": "42",
   "PARENT_ID": "42",
   "ACTIVE": "Y",
   "DELETED": "N",
   "CAL_TYPE": "user",
   "OWNER_ID": "1",
   "NAME": "Новое событие",
   "DATE_FROM": "07.02.2025 20:31:00",
   "DATE_TO": "07.02.2025 21:31:00",
   "ORIGINAL_DATE_FROM": null,
   "TZ_FROM": "Europe/Minsk",
   "TZ_TO": "Europe/Minsk",
   "TZ_OFFSET_FROM": "10800",
   "TZ_OFFSET_TO": "10800",
   "DATE_FROM_TS_UTC": "1738074675",
   "DATE_TO_TS_UTC": "1740681060",
   "DT_SKIP_TIME": "N",
   "DT_LENGTH": 3600,
   "EVENT_TYPE": null,
   "CREATED_BY": "1",
   "DATE_CREATE": "27.01.2025 20:31:15",
   "TIMESTAMP_X": "27.01.2025 20:31:15",
   "DT_FROM": null,
   "DT_TO": null,
   "PRIVATE_EVENT": "",
   "ACCESSIBILITY": "busy",
   "IMPORTANCE": "high",
   "IS_MEETING": true,
   "MEETING_STATUS": "H",
   "MEETING_HOST": "1",
   "MEETING": {
    "HOST_NAME": "Антон Титовец",
    "TEXT": null,
    "OPEN": false,
    "NOTIFY": true,
    "REINVITE": false,
    "MAIL_FROM": false
   },
   "LOCATION": "Офис",
   "REMIND": [
    {
     "type": "day",
     "count": 1
    }
   ],
   "COLOR": "#230000",
   "TEXT_COLOR": "",
   "RRULE": {
    "FREQ": "DAILY",
    "COUNT": 3,
    "INTERVAL": 10,
    "UNTIL": "01.01.2038",
    "~UNTIL": "",
    "UNTIL_TS": 2145916800
   },
   "EXDATE": "",
   "DAV_XML_ID": "20250128T173100Z-c6a839a52e409c777e1fd5c638fa3d16@b24-ar17wx.bitrix24.by",
   "G_EVENT_ID": "",
   "DAV_EXCH_LABEL": "",
   "CAL_DAV_LABEL": "",
   "VERSION": "1",
   "ATTENDEES_CODES": [
    "U1",
    "U10"
   ],
   "RECURRENCE_ID": null,
   "RELATIONS": "",
   "SECTION_ID": "124",
   "SYNC_STATUS": null,
   "UF_CRM_CAL_EVENT": false,
   "UF_WEBDAV_CAL_EVENT": false,
   "SECTION_DAV_XML_ID": null,
   "DATE_FROM_FORMATTED": "Fri Feb 07 2025 20:31:00",
   "DATE_TO_FORMATTED": "Fri Feb 07 2025 21:31:00",
   "SECT_ID": "124",
   "OPTIONS": null,
   "ATTENDEE_LIST": [
    {
     "id": 1,
     "entryId": "42",
     "status": "H"
    },
    {
     "id": 10,
     "entryId": "44",
     "status": "Q"
    }
   ],
   "COLLAB_ID": null,
   "~RRULE_DESCRIPTION": "каждый 10-й день, от 28.01.2025, 3 раз(а)",
   "attendeesEntityList": [
    {
     "entityId": "user",
     "id": 1
    },
    {
     "entityId": "user",
     "id": 10
    }
   ],
   "~DATE_FROM": "28.01.2025 20:31:00",
   "~DATE_TO": "28.01.2025 21:31:00",
   "RINDEX": 1,
   "~USER_OFFSET_FROM": 0,
   "~USER_OFFSET_TO": 0
  },
  {
   "ID": "42",
   "PARENT_ID": "42",
   "ACTIVE": "Y",
   "DELETED": "N",
   "CAL_TYPE": "user",
   "OWNER_ID": "1",
   "NAME": "Новое событие",
   "DATE_FROM": "17.02.2025 20:31:00",
   "DATE_TO": "17.02.2025 21:31:00",
   "ORIGINAL_DATE_FROM": null,
   "TZ_FROM": "Europe/Minsk",
   "TZ_TO": "Europe/Minsk",
   "TZ_OFFSET_FROM": "10800",
   "TZ_OFFSET_TO": "10800",
   "DATE_FROM_TS_UTC": "1738074675",
   "DATE_TO_TS_UTC": "1740681060",
   "DT_SKIP_TIME": "N",
   "DT_LENGTH": 3600,
   "EVENT_TYPE": null,
   "CREATED_BY": "1",
   "DATE_CREATE": "27.01.2025 20:31:15",
   "TIMESTAMP_X": "27.01.2025 20:31:15",
   "DT_FROM": null,
   "DT_TO": null,
   "PRIVATE_EVENT": "",
   "ACCESSIBILITY": "busy",
   "IMPORTANCE": "high",
   "IS_MEETING": true,
   "MEETING_STATUS": "H",
   "MEETING_HOST": "1",
   "MEETING": {
    "HOST_NAME": "Антон Титовец",
    "TEXT": null,
    "OPEN": false,
    "NOTIFY": true,
    "REINVITE": false,
    "MAIL_FROM": false
   },
   "LOCATION": "Офис",
   "REMIND": [
    {
     "type": "day",
     "count": 1
    }
   ],
   "COLOR": "#230000",
   "TEXT_COLOR": "",
   "RRULE": {
    "FREQ": "DAILY",
    "COUNT": 3,
    "INTERVAL": 10,
    "UNTIL": "01.01.2038",
    "~UNTIL": "",
    "UNTIL_TS": 2145916800
   },
   "EXDATE": "",
   "DAV_XML_ID": "20250128T173100Z-c6a839a52e409c777e1fd5c638fa3d16@b24-ar17wx.bitrix24.by",
   "G_EVENT_ID": "",
   "DAV_EXCH_LABEL": "",
   "CAL_DAV_LABEL": "",
   "VERSION": "1",
   "ATTENDEES_CODES": [
    "U1",
    "U10"
   ],
   "RECURRENCE_ID": null,
   "RELATIONS": "",
   "SECTION_ID": "124",
   "SYNC_STATUS": null,
   "UF_CRM_CAL_EVENT": false,
   "UF_WEBDAV_CAL_EVENT": false,
   "SECTION_DAV_XML_ID": null,
   "DATE_FROM_FORMATTED": "Mon Feb 17 2025 20:31:00",
   "DATE_TO_FORMATTED": "Mon Feb 17 2025 21:31:00",
   "SECT_ID": "124",
   "OPTIONS": null,
   "ATTENDEE_LIST": [
    {
     "id": 1,
     "entryId": "42",
     "status": "H"
    },
    {
     "id": 10,
     "entryId": "44",
     "status": "Q"
    }
   ],
   "COLLAB_ID": null,
   "~RRULE_DESCRIPTION": "каждый 10-й день, от 28.01.2025, 3 раз(а)",
   "attendeesEntityList": [
    {
     "entityId": "user",
     "id": 1
    },
    {
     "entityId": "user",
     "id": 10
    }
   ],
   "~DATE_FROM": "28.01.2025 20:31:00",
   "~DATE_TO": "28.01.2025 21:31:00",
   "RINDEX": 2,
   "~USER_OFFSET_FROM": 0,
   "~USER_OFFSET_TO": 0
  },
  {
   "ID": "46",
   "PARENT_ID": "46",
   "ACTIVE": "Y",
   "DELETED": "N",
   "CAL_TYPE": "user",
   "OWNER_ID": "1",
   "NAME": "Новое событие",
   "DATE_FROM": "28.01.2025 20:31:00",
   "DATE_TO": "28.01.2025 21:31:00",
   "ORIGINAL_DATE_FROM": null,
   "TZ_FROM": "Europe/Minsk",
   "TZ_TO": "Europe/Minsk",
   "TZ_OFFSET_FROM": "10800",
   "TZ_OFFSET_TO": "10800",
   "DATE_FROM_TS_UTC": "1738074675",
   "DATE_TO_TS_UTC": "1740681060",
   "DT_SKIP_TIME": "N",
   "DT_LENGTH": 3600,
   "EVENT_TYPE": null,
   "CREATED_BY": "1",
   "DATE_CREATE": "27.01.2025 20:31:15",
   "TIMESTAMP_X": "27.01.2025 20:31:15",
   "DT_FROM": null,
   "DT_TO": null,
   "PRIVATE_EVENT": "",
   "ACCESSIBILITY": "busy",
   "IMPORTANCE": "high",
   "IS_MEETING": true,
   "MEETING_STATUS": "H",
   "MEETING_HOST": "1",
   "MEETING": {
    "HOST_NAME": "Антон Титовец",
    "TEXT": null,
    "OPEN": false,
    "NOTIFY": true,
    "REINVITE": false,
    "MAIL_FROM": false
   },
   "LOCATION": "Офис",
   "REMIND": [
    {
     "type": "day",
     "count": 1
    }
   ],
   "COLOR": "#230000",
   "TEXT_COLOR": "",
   "RRULE": {
    "FREQ": "DAILY",
    "COUNT": 3,
    "INTERVAL": 10,
    "UNTIL": "01.01.2038",
    "~UNTIL": "",
    "UNTIL_TS": 2145916800
   },
   "EXDATE": "",
   "DAV_XML_ID": "20250128T173100Z-c6a839a52e409c777e1fd5c638fa3d16@b24-ar17wx.bitrix24.by",
   "G_EVENT_ID": "",
   "DAV_EXCH_LABEL": "",
   "CAL_DAV_LABEL": "",
   "VERSION": "1",
   "ATTENDEES_CODES": [
    "U1",
    "U10"
   ],
   "RECURRENCE_ID": null,
   "RELATIONS": "",
   "SECTION_ID": "126",
   "SYNC_STATUS": null,
   "UF_CRM_CAL_EVENT": false,
   "UF_WEBDAV_CAL_EVENT": false,
   "SECTION_DAV_XML_ID": null,
   "DATE_FROM_FORMATTED": "Tue Jan 28 2025 20:31:00",
   "DATE_TO_FORMATTED": "Tue Jan 28 2025 21:31:00",
   "SECT_ID": "126",
   "OPTIONS": null,
   "ATTENDEE_LIST": [
    {
     "id": 1,
     "entryId": "46",
     "status": "H"
    },
    {
     "id": 10,
     "entryId": "48",
     "status": "Q"
    }
   ],
   "COLLAB_ID": null,
   "~RRULE_DESCRIPTION": "каждый 10-й день, от 28.01.2025, 3 раз(а)",
   "attendeesEntityList": [
    {
     "entityId": "user",
     "id": 1
    },
    {
     "entityId": "user",
     "id": 10
    }
   ],
   "~DATE_FROM": "28.01.2025 20:31:00",
   "~DATE_TO": "28.01.2025 21:31:00",
   "RINDEX": 0,
   "~USER_OFFSET_FROM": 0,
   "~USER_OFFSET_TO": 0
  },
  {
   "ID": "46",
   "PARENT_ID": "46",
   "ACTIVE": "Y",
   "DELETED": "N",
   "CAL_TYPE": "user",
   "OWNER_ID": "1",
   "NAME": "Новое событие",
   "DATE_FROM": "07.02.2025 20:31:00",
   "DATE_TO": "07.02.2025 21:31:00",
   "ORIGINAL_DATE_FROM": null,
   "TZ_FROM": "Europe/Minsk",
   "TZ_TO": "Europe/Minsk",
   "TZ_OFFSET_FROM": "10800",
   "TZ_OFFSET_TO": "10800",
   "DATE_FROM_TS_UTC": "1738074675",
   "DATE_TO_TS_UTC": "1740681060",
   "DT_SKIP_TIME": "N",
   "DT_LENGTH": 3600,
   "EVENT_TYPE": null,
   "CREATED_BY": "1",
   "DATE_CREATE": "27.01.2025 20:31:15",
   "TIMESTAMP_X": "27.01.2025 20:31:15",
   "DT_FROM": null,
   "DT_TO": null,
   "PRIVATE_EVENT": "",
   "ACCESSIBILITY": "busy",
   "IMPORTANCE": "high",
   "IS_MEETING": true,
   "MEETING_STATUS": "H",
   "MEETING_HOST": "1",
   "MEETING": {
    "HOST_NAME": "Антон Титовец",
    "TEXT": null,
    "OPEN": false,
    "NOTIFY": true,
    "REINVITE": false,
    "MAIL_FROM": false
   },
   "LOCATION": "Офис",
   "REMIND": [
    {
     "type": "day",
     "count": 1
    }
   ],
   "COLOR": "#230000",
   "TEXT_COLOR": "",
   "RRULE": {
    "FREQ": "DAILY",
    "COUNT": 3,
    "INTERVAL": 10,
    "UNTIL": "01.01.2038",
    "~UNTIL": "",
    "UNTIL_TS": 2145916800
   },
   "EXDATE": "",
   "DAV_XML_ID": "20250128T173100Z-c6a839a52e409c777e1fd5c638fa3d16@b24-ar17wx.bitrix24.by",
   "G_EVENT_ID": "",
   "DAV_EXCH_LABEL": "",
   "CAL_DAV_LABEL": "",
   "VERSION": "1",
   "ATTENDEES_CODES": [
    "U1",
    "U10"
   ],
   "RECURRENCE_ID": null,
   "RELATIONS": "",
   "SECTION_ID": "126",
   "SYNC_STATUS": null,
   "UF_CRM_CAL_EVENT": false,
   "UF_WEBDAV_CAL_EVENT": false,
   "SECTION_DAV_XML_ID": null,
   "DATE_FROM_FORMATTED": "Fri Feb 07 2025 20:31:00",
   "DATE_TO_FORMATTED": "Fri Feb 07 2025 21:31:00",
   "SECT_ID": "126",
   "OPTIONS": null,
   "ATTENDEE_LIST": [
    {
     "id": 1,
     "entryId": "46",
     "status": "H"
    },
    {
     "id": 10,
     "entryId": "48",
     "status": "Q"
    }
   ],
   "COLLAB_ID": null,
   "~RRULE_DESCRIPTION": "каждый 10-й день, от 28.01.2025, 3 раз(а)",
   "attendeesEntityList": [
    {
     "entityId": "user",
     "id": 1
    },
    {
     "entityId": "user",
     "id": 10
    }
   ],
   "~DATE_FROM": "28.01.2025 20:31:00",
   "~DATE_TO": "28.01.2025 21:31:00",
   "RINDEX": 1,
   "~USER_OFFSET_FROM": 0,
   "~USER_OFFSET_TO": 0
  },
  {
   "ID": "46",
   "PARENT_ID": "46",
   "ACTIVE": "Y",
   "DELETED": "N",
   "CAL_TYPE": "user",
   "OWNER_ID": "1",
   "NAME": "Новое событие",
   "DATE_FROM": "17.02.2025 20:31:00",
   "DATE_TO": "17.02.2025 21:31:00",
   "ORIGINAL_DATE_FROM": null,
   "TZ_FROM": "Europe/Minsk",
   "TZ_TO": "Europe/Minsk",
   "TZ_OFFSET_FROM": "10800",
   "TZ_OFFSET_TO": "10800",
   "DATE_FROM_TS_UTC": "1738074675",
   "DATE_TO_TS_UTC": "1740681060",
   "DT_SKIP_TIME": "N",
   "DT_LENGTH": 3600,
   "EVENT_TYPE": null,
   "CREATED_BY": "1",
   "DATE_CREATE": "27.01.2025 20:31:15",
   "TIMESTAMP_X": "27.01.2025 20:31:15",
   "DT_FROM": null,
   "DT_TO": null,
   "PRIVATE_EVENT": "",
   "ACCESSIBILITY": "busy",
   "IMPORTANCE": "high",
   "IS_MEETING": true,
   "MEETING_STATUS": "H",
   "MEETING_HOST": "1",
   "MEETING": {
    "HOST_NAME": "Антон Титовец",
    "TEXT": null,
    "OPEN": false,
    "NOTIFY": true,
    "REINVITE": false,
    "MAIL_FROM": false
   },
   "LOCATION": "Офис",
   "REMIND": [
    {
     "type": "day",
     "count": 1
    }
   ],
   "COLOR": "#230000",
   "TEXT_COLOR": "",
   "RRULE": {
    "FREQ": "DAILY",
    "COUNT": 3,
    "INTERVAL": 10,
    "UNTIL": "01.01.2038",
    "~UNTIL": "",
    "UNTIL_TS": 2145916800
   },
   "EXDATE": "",
   "DAV_XML_ID": "20250128T173100Z-c6a839a52e409c777e1fd5c638fa3d16@b24-ar17wx.bitrix24.by",
   "G_EVENT_ID": "",
   "DAV_EXCH_LABEL": "",
   "CAL_DAV_LABEL": "",
   "VERSION": "1",
   "ATTENDEES_CODES": [
    "U1",
    "U10"
   ],
   "RECURRENCE_ID": null,
   "RELATIONS": "",
   "SECTION_ID": "126",
   "SYNC_STATUS": null,
   "UF_CRM_CAL_EVENT": false,
   "UF_WEBDAV_CAL_EVENT": false,
   "SECTION_DAV_XML_ID": null,
   "DATE_FROM_FORMATTED": "Mon Feb 17 2025 20:31:00",
   "DATE_TO_FORMATTED": "Mon Feb 17 2025 21:31:00",
   "SECT_ID": "126",
   "OPTIONS": null,
   "ATTENDEE_LIST": [
    {
     "id": 1,
     "entryId": "46",
     "status": "H"
    },
    {
     "id": 10,
     "entryId": "48",
     "status": "Q"
    }
   ],
   "COLLAB_ID": null,
   "~RRULE_DESCRIPTION": "каждый 10-й день, от 28.01.2025, 3 раз(а)",
   "attendeesEntityList": [
    {
     "entityId": "user",
     "id": 1
    },
    {
     "entityId": "user",
     "id": 10
    }
   ],
   "~DATE_FROM": "28.01.2025 20:31:00",
   "~DATE_TO": "28.01.2025 21:31:00",
   "RINDEX": 2,
   "~USER_OFFSET_FROM": 0,
   "~USER_OFFSET_TO": 0
  },
  {
   "ID": "58",
   "PARENT_ID": "58",
   "ACTIVE": "Y",
   "DELETED": "N",
   "CAL_TYPE": "user",
   "OWNER_ID": "1",
   "NAME": "Новое событие",
   "DATE_FROM": "28.01.2025 22:29:00",
   "DATE_TO": "28.01.2025 23:29:00",
   "ORIGINAL_DATE_FROM": null,
   "TZ_FROM": "Europe/Minsk",
   "TZ_TO": "Europe/Minsk",
   "TZ_OFFSET_FROM": "10800",
   "TZ_OFFSET_TO": "10800",
   "DATE_FROM_TS_UTC": "1738081739",
   "DATE_TO_TS_UTC": "1740688140",
   "DT_SKIP_TIME": "N",
   "DT_LENGTH": 3600,
   "EVENT_TYPE": null,
   "CREATED_BY": "1",
   "DATE_CREATE": "27.01.2025 22:28:59",
   "TIMESTAMP_X": "27.01.2025 22:28:59",
   "DT_FROM": null,
   "DT_TO": null,
   "PRIVATE_EVENT": "",
   "ACCESSIBILITY": "busy",
   "IMPORTANCE": "high",
   "IS_MEETING": true,
   "MEETING_STATUS": "H",
   "MEETING_HOST": "1",
   "MEETING": {
    "HOST_NAME": "Антон Титовец",
    "TEXT": null,
    "OPEN": false,
    "NOTIFY": true,
    "REINVITE": false,
    "MAIL_FROM": false
   },
   "LOCATION": "Офис",
   "REMIND": [
    {
     "type": "day",
     "count": 1
    }
   ],
   "COLOR": "#230000",
   "TEXT_COLOR": "",
   "RRULE": {
    "FREQ": "DAILY",
    "COUNT": 3,
    "INTERVAL": 10,
    "UNTIL": "01.01.2038",
    "~UNTIL": "",
    "UNTIL_TS": 2145916800
   },
   "EXDATE": "",
   "DAV_XML_ID": "20250128T192900Z-165159ccf926f8fd81fef570b48b3c08@b24-ar17wx.bitrix24.by",
   "G_EVENT_ID": "",
   "DAV_EXCH_LABEL": "",
   "CAL_DAV_LABEL": "",
   "VERSION": "1",
   "ATTENDEES_CODES": [
    "U1",
    "U10"
   ],
   "RECURRENCE_ID": null,
   "RELATIONS": "",
   "SECTION_ID": "132",
   "SYNC_STATUS": null,
   "UF_CRM_CAL_EVENT": false,
   "UF_WEBDAV_CAL_EVENT": false,
   "SECTION_DAV_XML_ID": null,
   "DATE_FROM_FORMATTED": "Tue Jan 28 2025 22:29:00",
   "DATE_TO_FORMATTED": "Tue Jan 28 2025 23:29:00",
   "SECT_ID": "132",
   "OPTIONS": null,
   "ATTENDEE_LIST": [
    {
     "id": 1,
     "entryId": "58",
     "status": "H"
    },
    {
     "id": 10,
     "entryId": "60",
     "status": "Q"
    }
   ],
   "COLLAB_ID": null,
   "~RRULE_DESCRIPTION": "каждый 10-й день, от 28.01.2025, 3 раз(а)",
   "attendeesEntityList": [
    {
     "entityId": "user",
     "id": 1
    },
    {
     "entityId": "user",
     "id": 10
    }
   ],
   "~DATE_FROM": "28.01.2025 22:29:00",
   "~DATE_TO": "28.01.2025 23:29:00",
   "RINDEX": 0,
   "~USER_OFFSET_FROM": 0,
   "~USER_OFFSET_TO": 0
  },
  {
   "ID": "58",
   "PARENT_ID": "58",
   "ACTIVE": "Y",
   "DELETED": "N",
   "CAL_TYPE": "user",
   "OWNER_ID": "1",
   "NAME": "Новое событие",
   "DATE_FROM": "07.02.2025 22:29:00",
   "DATE_TO": "07.02.2025 23:29:00",
   "ORIGINAL_DATE_FROM": null,
   "TZ_FROM": "Europe/Minsk",
   "TZ_TO": "Europe/Minsk",
   "TZ_OFFSET_FROM": "10800",
   "TZ_OFFSET_TO": "10800",
   "DATE_FROM_TS_UTC": "1738081739",
   "DATE_TO_TS_UTC": "1740688140",
   "DT_SKIP_TIME": "N",
   "DT_LENGTH": 3600,
   "EVENT_TYPE": null,
   "CREATED_BY": "1",
   "DATE_CREATE": "27.01.2025 22:28:59",
   "TIMESTAMP_X": "27.01.2025 22:28:59",
   "DT_FROM": null,
   "DT_TO": null,
   "PRIVATE_EVENT": "",
   "ACCESSIBILITY": "busy",
   "IMPORTANCE": "high",
   "IS_MEETING": true,
   "MEETING_STATUS": "H",
   "MEETING_HOST": "1",
   "MEETING": {
    "HOST_NAME": "Антон Титовец",
    "TEXT": null,
    "OPEN": false,
    "NOTIFY": true,
    "REINVITE": false,
    "MAIL_FROM": false
   },
   "LOCATION": "Офис",
   "REMIND": [
    {
     "type": "day",
     "count": 1
    }
   ],
   "COLOR": "#230000",
   "TEXT_COLOR": "",
   "RRULE": {
    "FREQ": "DAILY",
    "COUNT": 3,
    "INTERVAL": 10,
    "UNTIL": "01.01.2038",
    "~UNTIL": "",
    "UNTIL_TS": 2145916800
   },
   "EXDATE": "",
   "DAV_XML_ID": "20250128T192900Z-165159ccf926f8fd81fef570b48b3c08@b24-ar17wx.bitrix24.by",
   "G_EVENT_ID": "",
   "DAV_EXCH_LABEL": "",
   "CAL_DAV_LABEL": "",
   "VERSION": "1",
   "ATTENDEES_CODES": [
    "U1",
    "U10"
   ],
   "RECURRENCE_ID": null,
   "RELATIONS": "",
   "SECTION_ID": "132",
   "SYNC_STATUS": null,
   "UF_CRM_CAL_EVENT": false,
   "UF_WEBDAV_CAL_EVENT": false,
   "SECTION_DAV_XML_ID": null,
   "DATE_FROM_FORMATTED": "Fri Feb 07 2025 22:29:00",
   "DATE_TO_FORMATTED": "Fri Feb 07 2025 23:29:00",
   "SECT_ID": "132",
   "OPTIONS": null,
   "ATTENDEE_LIST": [
    {
     "id": 1,
     "entryId": "58",
     "status": "H"
    },
    {
     "id": 10,
     "entryId": "60",
     "status": "Q"
    }
   ],
   "COLLAB_ID": null,
   "~RRULE_DESCRIPTION": "каждый 10-й день, от 28.01.2025, 3 раз(а)",
   "attendeesEntityList": [
    {
     "entityId": "user",
     "id": 1
    },
    {
     "entityId": "user",
     "id": 10
    }
   ],
   "~DATE_FROM": "28.01.2025 22:29:00",
   "~DATE_TO": "28.01.2025 23:29:00",
   "RINDEX": 1,
   "~USER_OFFSET_FROM": 0,
   "~USER_OFFSET_TO": 0
  },
  {
   "ID": "58",
   "PARENT_ID": "58",
   "ACTIVE": "Y",
   "DELETED": "N",
   "CAL_TYPE": "user",
   "OWNER_ID": "1",
   "NAME": "Новое событие",
   "DATE_FROM": "17.02.2025 22:29:00",
   "DATE_TO": "17.02.2025 23:29:00",
   "ORIGINAL_DATE_FROM": null,
   "TZ_FROM": "Europe/Minsk",
   "TZ_TO": "Europe/Minsk",
   "TZ_OFFSET_FROM": "10800",
   "TZ_OFFSET_TO": "10800",
   "DATE_FROM_TS_UTC": "1738081739",
   "DATE_TO_TS_UTC": "1740688140",
   "DT_SKIP_TIME": "N",
   "DT_LENGTH": 3600,
   "EVENT_TYPE": null,
   "CREATED_BY": "1",
   "DATE_CREATE": "27.01.2025 22:28:59",
   "TIMESTAMP_X": "27.01.2025 22:28:59",
   "DT_FROM": null,
   "DT_TO": null,
   "PRIVATE_EVENT": "",
   "ACCESSIBILITY": "busy",
   "IMPORTANCE": "high",
   "IS_MEETING": true,
   "MEETING_STATUS": "H",
   "MEETING_HOST": "1",
   "MEETING": {
    "HOST_NAME": "Антон Титовец",
    "TEXT": null,
    "OPEN": false,
    "NOTIFY": true,
    "REINVITE": false,
    "MAIL_FROM": false
   },
   "LOCATION": "Офис",
   "REMIND": [
    {
     "type": "day",
     "count": 1
    }
   ],
   "COLOR": "#230000",
   "TEXT_COLOR": "",
   "RRULE": {
    "FREQ": "DAILY",
    "COUNT": 3,
    "INTERVAL": 10,
    "UNTIL": "01.01.2038",
    "~UNTIL": "",
    "UNTIL_TS": 2145916800
   },
   "EXDATE": "",
   "DAV_XML_ID": "20250128T192900Z-165159ccf926f8fd81fef570b48b3c08@b24-ar17wx.bitrix24.by",
   "G_EVENT_ID": "",
   "DAV_EXCH_LABEL": "",
   "CAL_DAV_LABEL": "",
   "VERSION": "1",
   "ATTENDEES_CODES": [
    "U1",
    "U10"
   ],
   "RECURRENCE_ID": null,
   "RELATIONS": "",
   "SECTION_ID": "132",
   "SYNC_STATUS": null,
   "UF_CRM_CAL_EVENT": false,
   "UF_WEBDAV_CAL_EVENT": false,
   "SECTION_DAV_XML_ID": null,
   "DATE_FROM_FORMATTED": "Mon Feb 17 2025 22:29:00",
   "DATE_TO_FORMATTED": "Mon Feb 17 2025 23:29:00",
   "SECT_ID": "132",
   "OPTIONS": null,
   "ATTENDEE_LIST": [
    {
     "id": 1,
     "entryId": "58",
     "status": "H"
    },
    {
     "id": 10,
     "entryId": "60",
     "status": "Q"
    }
   ],
   "COLLAB_ID": null,
   "~RRULE_DESCRIPTION": "каждый 10-й день, от 28.01.2025, 3 раз(а)",
   "attendeesEntityList": [
    {
     "entityId": "user",
     "id": 1
    },
    {
     "entityId": "user",
     "id": 10
    }
   ],
   "~DATE_FROM": "28.01.2025 22:29:00",
   "~DATE_TO": "28.01.2025 23:29:00",
   "RINDEX": 2,
   "~USER_OFFSET_FROM": 0,
   "~USER_OFFSET_TO": 0
  },
  {
   "ID": "62",
   "PARENT_ID": "62",
   "ACTIVE": "Y",
   "DELETED": "N",
   "CAL_TYPE": "user",
   "OWNER_ID": "1",
   "NAME": "Новое событие",
   "DATE_FROM": "28.01.2025 22:29:00",
   "DATE_TO": "28.01.2025 23:29:00",
   "ORIGINAL_DATE_FROM": null,
   "TZ_FROM": "Europe/Minsk",
   "TZ_TO": "Europe/Minsk",
   "TZ_OFFSET_FROM": "10800",
   "TZ_OFFSET_TO": "10800",
   "DATE_FROM_TS_UTC": "1738081739",
   "DATE_TO_TS_UTC": "1740688140",
   "DT_SKIP_TIME": "N",
   "DT_LENGTH": 3600,
   "EVENT_TYPE": null,
   "CREATED_BY": "1",
   "DATE_CREATE": "27.01.2025 22:28:59",
   "TIMESTAMP_X": "27.01.2025 22:28:59",
   "DT_FROM": null,
   "DT_TO": null,
   "PRIVATE_EVENT": "",
   "ACCESSIBILITY": "busy",
   "IMPORTANCE": "high",
   "IS_MEETING": true,
   "MEETING_STATUS": "H",
   "MEETING_HOST": "1",
   "MEETING": {
    "HOST_NAME": "Антон Титовец",
    "TEXT": null,
    "OPEN": false,
    "NOTIFY": true,
    "REINVITE": false,
    "MAIL_FROM": false
   },
   "LOCATION": "Офис",
   "REMIND": [
    {
     "type": "day",
     "count": 1
    }
   ],
   "COLOR": "#230000",
   "TEXT_COLOR": "",
   "RRULE": {
    "FREQ": "DAILY",
    "COUNT": 3,
    "INTERVAL": 10,
    "UNTIL": "01.01.2038",
    "~UNTIL": "",
    "UNTIL_TS": 2145916800
   },
   "EXDATE": "",
   "DAV_XML_ID": "20250128T192900Z-165159ccf926f8fd81fef570b48b3c08@b24-ar17wx.bitrix24.by",
   "G_EVENT_ID": "",
   "DAV_EXCH_LABEL": "",
   "CAL_DAV_LABEL": "",
   "VERSION": "1",
   "ATTENDEES_CODES": [
    "U1",
    "U10"
   ],
   "RECURRENCE_ID": null,
   "RELATIONS": "",
   "SECTION_ID": "134",
   "SYNC_STATUS": null,
   "UF_CRM_CAL_EVENT": false,
   "UF_WEBDAV_CAL_EVENT": false,
   "SECTION_DAV_XML_ID": null,
   "DATE_FROM_FORMATTED": "Tue Jan 28 2025 22:29:00",
   "DATE_TO_FORMATTED": "Tue Jan 28 2025 23:29:00",
   "SECT_ID": "134",
   "OPTIONS": null,
   "ATTENDEE_LIST": [
    {
     "id": 1,
     "entryId": "62",
     "status": "H"
    },
    {
     "id": 10,
     "entryId": "64",
     "status": "Q"
    }
   ],
   "COLLAB_ID": null,
   "~RRULE_DESCRIPTION": "каждый 10-й день, от 28.01.2025, 3 раз(а)",
   "attendeesEntityList": [
    {
     "entityId": "user",
     "id": 1
    },
    {
     "entityId": "user",
     "id": 10
    }
   ],
   "~DATE_FROM": "28.01.2025 22:29:00",
   "~DATE_TO": "28.01.2025 23:29:00",
   "RINDEX": 0,
   "~USER_OFFSET_FROM": 0,
   "~USER_OFFSET_TO": 0
  },
  {
   "ID": "62",
   "PARENT_ID": "62",
   "ACTIVE": "Y",
   "DELETED": "N",
   "CAL_TYPE": "user",
   "OWNER_ID": "1",
   "NAME": "Новое событие",
   "DATE_FROM": "07.02.2025 22:29:00",
   "DATE_TO": "07.02.2025 23:29:00",
   "ORIGINAL_DATE_FROM": null,
   "TZ_FROM": "Europe/Minsk",
   "TZ_TO": "Europe/Minsk",
   "TZ_OFFSET_FROM": "10800",
   "TZ_OFFSET_TO": "10800",
   "DATE_FROM_TS_UTC": "1738081739",
   "DATE_TO_TS_UTC": "1740688140",
   "DT_SKIP_TIME": "N",
   "DT_LENGTH": 3600,
   "EVENT_TYPE": null,
   "CREATED_BY": "1",
   "DATE_CREATE": "27.01.2025 22:28:59",
   "TIMESTAMP_X": "27.01.2025 22:28:59",
   "DT_FROM": null,
   "DT_TO": null,
   "PRIVATE_EVENT": "",
   "ACCESSIBILITY": "busy",
   "IMPORTANCE": "high",
   "IS_MEETING": true,
   "MEETING_STATUS": "H",
   "MEETING_HOST": "1",
   "MEETING": {
    "HOST_NAME": "Антон Титовец",
    "TEXT": null,
    "OPEN": false,
    "NOTIFY": true,
    "REINVITE": false,
    "MAIL_FROM": false
   },
   "LOCATION": "Офис",
   "REMIND": [
    {
     "type": "day",
     "count": 1
    }
   ],
   "COLOR": "#230000",
   "TEXT_COLOR": "",
   "RRULE": {
    "FREQ": "DAILY",
    "COUNT": 3,
    "INTERVAL": 10,
    "UNTIL": "01.01.2038",
    "~UNTIL": "",
    "UNTIL_TS": 2145916800
   },
   "EXDATE": "",
   "DAV_XML_ID": "20250128T192900Z-165159ccf926f8fd81fef570b48b3c08@b24-ar17wx.bitrix24.by",
   "G_EVENT_ID": "",
   "DAV_EXCH_LABEL": "",
   "CAL_DAV_LABEL": "",
   "VERSION": "1",
   "ATTENDEES_CODES": [
    "U1",
    "U10"
   ],
   "RECURRENCE_ID": null,
   "RELATIONS": "",
   "SECTION_ID": "134",
   "SYNC_STATUS": null,
   "UF_CRM_CAL_EVENT": false,
   "UF_WEBDAV_CAL_EVENT": false,
   "SECTION_DAV_XML_ID": null,
   "DATE_FROM_FORMATTED": "Fri Feb 07 2025 22:29:00",
   "DATE_TO_FORMATTED": "Fri Feb 07 2025 23:29:00",
   "SECT_ID": "134",
   "OPTIONS": null,
   "ATTENDEE_LIST": [
    {
     "id": 1,
     "entryId": "62",
     "status": "H"
    },
    {
     "id": 10,
     "entryId": "64",
     "status": "Q"
    }
   ],
   "COLLAB_ID": null,
   "~RRULE_DESCRIPTION": "каждый 10-й день, от 28.01.2025, 3 раз(а)",
   "attendeesEntityList": [
    {
     "entityId": "user",
     "id": 1
    },
    {
     "entityId": "user",
     "id": 10
    }
   ],
   "~DATE_FROM": "28.01.2025 22:29:00",
   "~DATE_TO": "28.01.2025 23:29:00",
   "RINDEX": 1,
   "~USER_OFFSET_FROM": 0,
   "~USER_OFFSET_TO": 0
  },
  {
   "ID": "62",
   "PARENT_ID": "62",
   "ACTIVE": "Y",
   "DELETED": "N",
   "CAL_TYPE": "user",
   "OWNER_ID": "1",
   "NAME": "Новое событие",
   "DATE_FROM": "17.02.2025 22:29:00",
   "DATE_TO": "17.02.2025 23:29:00",
   "ORIGINAL_DATE_FROM": null,
   "TZ_FROM": "Europe/Minsk",
   "TZ_TO": "Europe/Minsk",
   "TZ_OFFSET_FROM": "10800",
   "TZ_OFFSET_TO": "10800",
   "DATE_FROM_TS_UTC": "1738081739",
   "DATE_TO_TS_UTC": "1740688140",
   "DT_SKIP_TIME": "N",
   "DT_LENGTH": 3600,
   "EVENT_TYPE": null,
   "CREATED_BY": "1",
   "DATE_CREATE": "27.01.2025 22:28:59",
   "TIMESTAMP_X": "27.01.2025 22:28:59",
   "DT_FROM": null,
   "DT_TO": null,
   "PRIVATE_EVENT": "",
   "ACCESSIBILITY": "busy",
   "IMPORTANCE": "high",
   "IS_MEETING": true,
   "MEETING_STATUS": "H",
   "MEETING_HOST": "1",
   "MEETING": {
    "HOST_NAME": "Антон Титовец",
    "TEXT": null,
    "OPEN": false,
    "NOTIFY": true,
    "REINVITE": false,
    "MAIL_FROM": false
   },
   "LOCATION": "Офис",
   "REMIND": [
    {
     "type": "day",
     "count": 1
    }
   ],
   "COLOR": "#230000",
   "TEXT_COLOR": "",
   "RRULE": {
    "FREQ": "DAILY",
    "COUNT": 3,
    "INTERVAL": 10,
    "UNTIL": "01.01.2038",
    "~UNTIL": "",
    "UNTIL_TS": 2145916800
   },
   "EXDATE": "",
   "DAV_XML_ID": "20250128T192900Z-165159ccf926f8fd81fef570b48b3c08@b24-ar17wx.bitrix24.by",
   "G_EVENT_ID": "",
   "DAV_EXCH_LABEL": "",
   "CAL_DAV_LABEL": "",
   "VERSION": "1",
   "ATTENDEES_CODES": [
    "U1",
    "U10"
   ],
   "RECURRENCE_ID": null,
   "RELATIONS": "",
   "SECTION_ID": "134",
   "SYNC_STATUS": null,
   "UF_CRM_CAL_EVENT": false,
   "UF_WEBDAV_CAL_EVENT": false,
   "SECTION_DAV_XML_ID": null,
   "DATE_FROM_FORMATTED": "Mon Feb 17 2025 22:29:00",
   "DATE_TO_FORMATTED": "Mon Feb 17 2025 23:29:00",
   "SECT_ID": "134",
   "OPTIONS": null,
   "ATTENDEE_LIST": [
    {
     "id": 1,
     "entryId": "62",
     "status": "H"
    },
    {
     "id": 10,
     "entryId": "64",
     "status": "Q"
    }
   ],
   "COLLAB_ID": null,
   "~RRULE_DESCRIPTION": "каждый 10-й день, от 28.01.2025, 3 раз(а)",
   "attendeesEntityList": [
    {
     "entityId": "user",
     "id": 1
    },
    {
     "entityId": "user",
     "id": 10
    }
   ],
   "~DATE_FROM": "28.01.2025 22:29:00",
   "~DATE_TO": "28.01.2025 23:29:00",
   "RINDEX": 2,
   "~USER_OFFSET_FROM": 0,
   "~USER_OFFSET_TO": 0
  }
 ],
 "time": {
  "start": 1738006140.31788,
  "finish": 1738006140.39397,
  "duration": 0.0760970115661621,
  "processing": 0.0483071804046631,
  "date_start": "2025-01-27T22:29:00+03:00",
  "date_finish": "2025-01-27T22:29:00+03:00",
  "operating_reset_at": 1738006740,
  "operating": 0
 }
}
