    {
 "result": {
  "view": "month",
  "CalendarSelCont": false,
  "SPCalendarSelCont": false,
  "meetSection": false,
  "crmSection": false,
  "showDeclined": true,
  "denyBusyInvitation": false,
  "collapseOffHours": "N",
  "showWeekNumbers": "N",
  "showTasks": "Y",
  "syncTasks": "N",
  "showCompletedTasks": "N",
  "lastUsedSection": false,
  "sendFromEmail": false,
  "defaultSections": [],
  "syncPeriodPast": 3,
  "syncPeriodFuture": 12,
  "defaultReminders": {
   "fullDay": {
    "type": "daybefore",
    "before": 0,
    "time": 480
   },
   "withTime": {
    "type": "min",
    "count": 15
   }
  },
  "timezoneName": "Europe/Moscow",
  "timezoneOffsetUTC": 10800,
  "timezoneDefaultName": ""
 },
 "time": {
  "start": 1737292093.52361,
  "finish": 1737292093.64966,
  "duration": 0.126047134399414,
  "processing": 0.00532412528991699,
  "date_start": "2025-01-19T16:08:13+03:00",
  "date_finish": "2025-01-19T16:08:13+03:00",
  "operating_reset_at": 1737292693,
  "operating": 0
 }
}
