    {
 "result": {
  "id": 966,
  "parent_chat_id": 0,
  "parent_message_id": 0,
  "name": "Новый заголовок чата",
  "description": "Это новый чат",
  "owner": 1,
  "extranet": false,
  "avatar": "https://cdn-ru.bitrix24.by/b28528874/resize_cache/8482/ff58db95aecdfa09ae61b51b5fd8f63f/disk/06b/06b49cc0c4490aea3e281692f335be6c/c97ddd75dc26054a692826e25ca4ed12",
  "color": "#8474c8",
  "type": "open",
  "counter": 8,
  "user_counter": 3,
  "message_count": 10,
  "unread_id": 17360,
  "restrictions": {
   "avatar": true,
   "rename": true,
   "extend": true,
   "call": true,
   "mute": true,
   "leave": true,
   "leave_owner": true,
   "send": true,
   "user_list": true
  },
  "last_message_id": 17392,
  "last_id": 0,
  "marked_id": 0,
  "disk_folder_id": 0,
  "entity_type": "",
  "entity_id": "",
  "entity_data_1": "",
  "entity_data_2": "",
  "entity_data_3": "",
  "mute_list": [],
  "date_create": "2024-10-07T16:07:31+03:00",
  "message_type": "O",
  "disappearing_time": 0,
  "public": "",
  "role": "owner",
  "entity_link": {
   "type": "",
   "url": ""
  },
  "permissions": {
   "manage_users_add": "member",
   "manage_users_delete": "manager",
   "manage_ui": "member",
   "manage_settings": "owner",
   "manage_messages": "member",
   "can_post": "member"
  },
  "is_new": false,
  "readed_list": [
   {
    "user_id": 10,
    "user_name": "Techno Pizza",
    "message_id": 17368,
    "date": null
   },
   {
    "user_id": 12,
    "user_name": "Bay Selonarrend",
    "message_id": 17368,
    "date": null
   }
  ],
  "manager_list": [
   1
  ],
  "last_message_views": {
   "message_id": 17392,
   "first_viewers": [],
   "count_of_viewers": 0
  },
  "dialog_id": "chat966"
 },
 "time": {
  "start": 1728306486.97417,
  "finish": 1728306487.01687,
  "duration": 0.0427048206329346,
  "processing": 0.0166890621185303,
  "date_start": "2024-10-07T16:08:06+03:00",
  "date_finish": "2024-10-07T16:08:07+03:00",
  "operating_reset_at": 1728307087,
  "operating": 0
 }
}
