    {
 "result": [
  {
   "ID": "1398",
   "TASK_ID": "2326",
   "PARENT_ID": 0,
   "CREATED_BY": "1",
   "TITLE": "BX_CHECKLIST_1",
   "SORT_INDEX": "0",
   "IS_COMPLETE": "N",
   "IS_IMPORTANT": "N",
   "TOGGLED_BY": null,
   "TOGGLED_DATE": "",
   "MEMBERS": [],
   "ATTACHMENTS": []
  },
  {
   "ID": "1400",
   "TASK_ID": "2326",
   "PARENT_ID": "1398",
   "CREATED_BY": "1",
   "TITLE": "Новый текст пункта чек-листа",
   "SORT_INDEX": "1",
   "IS_COMPLETE": "Y",
   "IS_IMPORTANT": "N",
   "TOGGLED_BY": null,
   "TOGGLED_DATE": "",
   "MEMBERS": [],
   "ATTACHMENTS": []
  }
 ],
 "time": {
  "start": 1728225160.4816,
  "finish": 1728225160.53054,
  "duration": 0.0489411354064941,
  "processing": 0.025162935256958,
  "date_start": "2024-10-06T17:32:40+03:00",
  "date_finish": "2024-10-06T17:32:40+03:00",
  "operating_reset_at": 1728225760,
  "operating": 0
 }
}
