{
 "result": {
  "ID": "63326",
  "NAME": "Новое имя файла.jpg",
  "CODE": null,
  "STORAGE_ID": "3",
  "TYPE": "file",
  "PARENT_ID": "3",
  "DELETED_TYPE": "3",
  "GLOBAL_CONTENT_VERSION": "1",
  "FILE_ID": "43954",
  "SIZE": "805189",
  "CREATE_TIME": "2026-07-14T06:16:27+00:00",
  "UPDATE_TIME": "2026-07-14T06:16:54+00:00",
  "DELETE_TIME": "2026-07-14T06:16:55+00:00",
  "CREATED_BY": "1",
  "UPDATED_BY": "1",
  "DELETED_BY": "1",
  "DOWNLOAD_URL": "https://b24-ar17wx.bitrix24.by/rest/download.json?auth=e9e0556a006e9f06006b12e40000000100000798f2910f65299f2ab87d5f579692511e&token=disk%7CaWQ9NjMzMjYmXz1Ub0RRN3JBVVA0RnE5SkVHVmNiT1Z0THZlaDhVMTBsOQ%3D%3D%7CImRvd25sb2FkfGRpc2t8YVdROU5qTXpNalltWHoxVWIwUlJOM0pCVlZBMFJuRTVTa1ZIVm1OaVQxWjBUSFpsYURoVk1UQnNPUT09fGU5ZTA1NTZhMDA2ZTlmMDYwMDZiMTJlNDAwMDAwMDAxMDAwMDA3OThmMjkxMGY2NTI5OWYyYWI4N2Q1ZjU3OTY5MjUxMWUi.6uQ9xiAoUgEjjCyk3mmVRfl3nMqKZ3qWL6aWMII4N1o%3D",
  "DETAIL_URL": "https://b24-ar17wx.bitrix24.by/docs/file/Новое имя файла.jpgi17840098159396i"
 },
 "time": {
  "start": 1784009816,
  "finish": 1784009816.92335,
  "duration": 0.923352003097534,
  "processing": 0,
  "date_start": "2026-07-14T06:16:56+00:00",
  "date_finish": "2026-07-14T06:16:56+00:00",
  "operating_reset_at": 1784010416,
  "operating": 0
 }
}
