{
 "result": [
  {
   "ID": "4206",
   "NAME": "Подчиненное подразделение",
   "SORT": 500,
   "PARENT": "4204",
   "UF_HEAD": "1"
  },
  {
   "ID": "638",
   "NAME": "Подчиненное подразделение",
   "SORT": 500,
   "PARENT": "636",
   "UF_HEAD": "1"
  }
 ],
 "total": 2,
 "time": {
  "start": 1783933170,
  "finish": 1783933170.28322,
  "duration": 0.283221960067749,
  "processing": 0,
  "date_start": "2026-07-13T08:59:30+00:00",
  "date_finish": "2026-07-13T08:59:30+00:00",
  "operating_reset_at": 1783933770,
  "operating": 0
 }
}
