    {
 "result": [
  {
   "ID": "808",
   "TASK_ID": "2354",
   "USER_ID": "1",
   "COMMENT_TEXT": "",
   "SECONDS": "3600",
   "MINUTES": "60",
   "SOURCE": "2",
   "CREATED_DATE": "2024-10-07T16:07:02+03:00",
   "DATE_START": "2024-10-07T16:07:02+03:00",
   "DATE_STOP": "2024-10-07T16:07:02+03:00"
  },
  {
   "ID": "810",
   "TASK_ID": "2354",
   "USER_ID": "10",
   "COMMENT_TEXT": "Трудозатраты по обработке",
   "SECONDS": "7200",
   "MINUTES": "120",
   "SOURCE": "2",
   "CREATED_DATE": "2024-09-07T16:07:02+03:00",
   "DATE_START": "2024-10-07T16:07:02+03:00",
   "DATE_STOP": "2024-10-07T16:07:02+03:00"
  }
 ],
 "total": 2,
 "time": {
  "start": 1728306422.94198,
  "finish": 1728306423.08604,
  "duration": 0.144063949584961,
  "processing": 0.026494026184082,
  "date_start": "2024-10-07T16:07:02+03:00",
  "date_finish": "2024-10-07T16:07:03+03:00",
  "operating_reset_at": 1728307023,
  "operating": 0
 }
}
