    {
 "result": {
  "tasks": [
   {
    "id": "268",
    "parentId": null,
    "title": "Другой заголовок задачи",
    "description": "Другое описание задачи",
    "mark": null,
    "priority": "1",
    "multitask": "N",
    "notViewed": "N",
    "replicate": "N",
    "stageId": "0",
    "createdBy": "1",
    "createdDate": "2024-07-03T16:21:01+03:00",
    "responsibleId": "10",
    "changedBy": "1",
    "changedDate": "2024-07-03T16:21:14+03:00",
    "statusChangedBy": "1",
    "closedBy": "0",
    "closedDate": null,
    "activityDate": "2024-07-04T20:03:10+03:00",
    "dateStart": "2024-07-03T16:21:12+03:00",
    "deadline": "2024-07-04T16:21:00+03:00",
    "startDatePlan": null,
    "endDatePlan": null,
    "guid": "{29e9893d-226b-43a1-80bb-60af6434070f}",
    "xmlId": null,
    "commentsCount": "4",
    "serviceCommentsCount": "4",
    "allowChangeDeadline": "N",
    "allowTimeTracking": "N",
    "taskControl": "N",
    "addInReport": "N",
    "forkedByTemplateId": null,
    "timeEstimate": "0",
    "timeSpentInLogs": null,
    "matchWorkTime": "N",
    "forumTopicId": "258",
    "forumId": "11",
    "siteId": "s1",
    "subordinate": "N",
    "exchangeModified": null,
    "exchangeId": null,
    "outlookVersion": "9",
    "viewedDate": "2024-07-04T20:03:10+03:00",
    "sorting": "1024.0000000",
    "durationFact": null,
    "isMuted": "N",
    "isPinned": "N",
    "isPinnedInGroup": "N",
    "flowId": null,
    "descriptionInBbcode": "Y",
    "status": "2",
    "statusChangedDate": "2024-07-03T16:21:14+03:00",
    "durationPlan": null,
    "durationType": "days",
    "favorite": "N",
    "groupId": "0",
    "auditors": [],
    "accomplices": [],
    "newCommentsCount": 0,
    "group": [],
    "creator": {
     "id": "1",
     "name": "Антон Титовец",
     "link": "/company/personal/user/1/",
     "icon": "https://b24-ar17wx.bitrix24.by/b28528874/resize_cache/30/c0120a8d7c10d63c83e32398d1ec4d9e/main/d7e/d7e99cf556e4ab676463dae2c00ddfbb/a7e0af6899300e3c684caeca5c334d81.jpg",
     "workPosition": null
    },
    "responsible": {
     "id": "10",
     "name": "Techno Pizza",
     "link": "/company/personal/user/10/",
     "icon": "/bitrix/images/tasks/default_avatar.png",
     "workPosition": null
    },
    "accomplicesData": [],
    "auditorsData": [],
    "subStatus": "-1"
   },
   {
    "id": "270",
    "parentId": null,
    "title": "Другой заголовок задачи",
    "description": "Другое описание задачи",
    "mark": null,
    "priority": "1",
    "multitask": "N",
    "notViewed": "N",
    "replicate": "N",
    "stageId": "0",
    "createdBy": "1",
    "createdDate": "2024-07-03T16:21:02+03:00",
    "responsibleId": "10",
    "changedBy": "1",
    "changedDate": "2024-07-03T16:21:14+03:00",
    "statusChangedBy": "1",
    "closedBy": "0",
    "closedDate": null,
    "activityDate": "2024-07-04T20:03:10+03:00",
    "dateStart": "2024-07-03T16:21:13+03:00",
    "deadline": "2024-07-04T16:21:00+03:00",
    "startDatePlan": null,
    "endDatePlan": null,
    "guid": "{c8004012-7ca9-42da-b985-a1c0e90a285a}",
    "xmlId": null,
    "commentsCount": "4",
    "serviceCommentsCount": "4",
    "allowChangeDeadline": "N",
    "allowTimeTracking": "N",
    "taskControl": "N",
    "addInReport": "N",
    "forkedByTemplateId": null,
    "timeEstimate": "0",
    "timeSpentInLogs": null,
    "matchWorkTime": "N",
    "forumTopicId": "260",
    "forumId": "11",
    "siteId": "s1",
    "subordinate": "N",
    "exchangeModified": null,
    "exchangeId": null,
    "outlookVersion": "9",
    "viewedDate": "2024-07-04T20:03:10+03:00",
    "sorting": null,
    "durationFact": null,
    "isMuted": "N",
    "isPinned": "N",
    "isPinnedInGroup": "N",
    "flowId": null,
    "descriptionInBbcode": "Y",
    "status": "2",
    "statusChangedDate": "2024-07-03T16:21:14+03:00",
    "durationPlan": null,
    "durationType": "days",
    "favorite": "N",
    "groupId": "0",
    "auditors": [],
    "accomplices": [],
    "newCommentsCount": 0,
    "group": [],
    "creator": {
     "id": "1",
     "name": "Антон Титовец",
     "link": "/company/personal/user/1/",
     "icon": "https://b24-ar17wx.bitrix24.by/b28528874/resize_cache/30/c0120a8d7c10d63c83e32398d1ec4d9e/main/d7e/d7e99cf556e4ab676463dae2c00ddfbb/a7e0af6899300e3c684caeca5c334d81.jpg",
     "workPosition": null
    },
    "responsible": {
     "id": "10",
     "name": "Techno Pizza",
     "link": "/company/personal/user/10/",
     "icon": "/bitrix/images/tasks/default_avatar.png",
     "workPosition": null
    },
    "accomplicesData": [],
    "auditorsData": [],
    "subStatus": "-1"
   },
   {
    "id": "416",
    "parentId": null,
    "title": "Another task title",
    "description": "Another task description",
    "mark": null,
    "priority": "1",
    "multitask": "N",
    "notViewed": "N",
    "replicate": "N",
    "stageId": "0",
    "createdBy": "1",
    "createdDate": "2024-07-04T22:53:04+03:00",
    "responsibleId": "10",
    "changedBy": "1",
    "changedDate": "2024-07-04T22:53:36+03:00",
    "statusChangedBy": "1",
    "closedBy": "0",
    "closedDate": null,
    "activityDate": "2024-07-06T22:50:57+03:00",
    "dateStart": "2024-07-04T22:53:30+03:00",
    "deadline": "2024-07-05T22:53:00+03:00",
    "startDatePlan": "2024-07-04T22:53:04+03:00",
    "endDatePlan": "2024-07-05T00:00:00+03:00",
    "guid": "{a2800091-63c1-4486-8895-c88982204c78}",
    "xmlId": null,
    "commentsCount": "4",
    "serviceCommentsCount": "4",
    "allowChangeDeadline": "N",
    "allowTimeTracking": "N",
    "taskControl": "N",
    "addInReport": "N",
    "forkedByTemplateId": null,
    "timeEstimate": "0",
    "timeSpentInLogs": null,
    "matchWorkTime": "N",
    "forumTopicId": "378",
    "forumId": "11",
    "siteId": "s1",
    "subordinate": "N",
    "exchangeModified": null,
    "exchangeId": null,
    "outlookVersion": "18",
    "viewedDate": "2024-07-06T22:50:57+03:00",
    "sorting": null,
    "durationFact": null,
    "isMuted": "N",
    "isPinned": "N",
    "isPinnedInGroup": "N",
    "flowId": null,
    "descriptionInBbcode": "Y",
    "status": "2",
    "statusChangedDate": "2024-07-04T22:53:35+03:00",
    "durationPlan": null,
    "durationType": "days",
    "favorite": "N",
    "groupId": "0",
    "auditors": [],
    "accomplices": [],
    "newCommentsCount": 0,
    "group": [],
    "creator": {
     "id": "1",
     "name": "Антон Титовец",
     "link": "/company/personal/user/1/",
     "icon": "https://b24-ar17wx.bitrix24.by/b28528874/resize_cache/30/c0120a8d7c10d63c83e32398d1ec4d9e/main/d7e/d7e99cf556e4ab676463dae2c00ddfbb/a7e0af6899300e3c684caeca5c334d81.jpg",
     "workPosition": null
    },
    "responsible": {
     "id": "10",
     "name": "Techno Pizza",
     "link": "/company/personal/user/10/",
     "icon": "/bitrix/images/tasks/default_avatar.png",
     "workPosition": null
    },
    "accomplicesData": [],
    "auditorsData": [],
    "subStatus": "-1"
   },
   {
    "id": "418",
    "parentId": null,
    "title": "Another task title",
    "description": "Another task description",
    "mark": null,
    "priority": "1",
    "multitask": "N",
    "notViewed": "N",
    "replicate": "N",
    "stageId": "0",
    "createdBy": "1",
    "createdDate": "2024-07-04T22:53:05+03:00",
    "responsibleId": "10",
    "changedBy": "1",
    "changedDate": "2024-07-04T22:53:36+03:00",
    "statusChangedBy": "1",
    "closedBy": "0",
    "closedDate": null,
    "activityDate": "2024-07-06T22:50:57+03:00",
    "dateStart": "2024-07-04T22:53:31+03:00",
    "deadline": "2024-07-05T22:53:00+03:00",
    "startDatePlan": "2024-07-04T22:53:05+03:00",
    "endDatePlan": "2024-07-05T00:00:00+03:00",
    "guid": "{e27d2087-9450-4a51-8d67-f7aa52e14c00}",
    "xmlId": null,
    "commentsCount": "4",
    "serviceCommentsCount": "4",
    "allowChangeDeadline": "N",
    "allowTimeTracking": "N",
    "taskControl": "N",
    "addInReport": "N",
    "forkedByTemplateId": null,
    "timeEstimate": "0",
    "timeSpentInLogs": null,
    "matchWorkTime": "N",
    "forumTopicId": "380",
    "forumId": "11",
    "siteId": "s1",
    "subordinate": "N",
    "exchangeModified": null,
    "exchangeId": null,
    "outlookVersion": "10",
    "viewedDate": "2024-07-06T22:50:57+03:00",
    "sorting": null,
    "durationFact": null,
    "isMuted": "N",
    "isPinned": "N",
    "isPinnedInGroup": "N",
    "flowId": null,
    "descriptionInBbcode": "Y",
    "status": "2",
    "statusChangedDate": "2024-07-04T22:53:36+03:00",
    "durationPlan": null,
    "durationType": "days",
    "favorite": "N",
    "groupId": "0",
    "auditors": [],
    "accomplices": [],
    "newCommentsCount": 0,
    "group": [],
    "creator": {
     "id": "1",
     "name": "Антон Титовец",
     "link": "/company/personal/user/1/",
     "icon": "https://b24-ar17wx.bitrix24.by/b28528874/resize_cache/30/c0120a8d7c10d63c83e32398d1ec4d9e/main/d7e/d7e99cf556e4ab676463dae2c00ddfbb/a7e0af6899300e3c684caeca5c334d81.jpg",
     "workPosition": null
    },
    "responsible": {
     "id": "10",
     "name": "Techno Pizza",
     "link": "/company/personal/user/10/",
     "icon": "/bitrix/images/tasks/default_avatar.png",
     "workPosition": null
    },
    "accomplicesData": [],
    "auditorsData": [],
    "subStatus": "-1"
   },
   {
    "id": "446",
    "parentId": null,
    "title": "Другой заголовок задачи",
    "description": "Другое описание задачи",
    "mark": null,
    "priority": "1",
    "multitask": "N",
    "notViewed": "N",
    "replicate": "N",
    "stageId": "0",
    "createdBy": "1",
    "createdDate": "2024-07-06T23:37:49+03:00",
    "responsibleId": "10",
    "changedBy": "1",
    "changedDate": "2024-07-06T23:38:21+03:00",
    "statusChangedBy": "1",
    "closedBy": "0",
    "closedDate": null,
    "activityDate": "2024-07-08T19:28:21+03:00",
    "dateStart": "2024-07-06T23:38:15+03:00",
    "deadline": "2024-07-07T23:37:00+03:00",
    "startDatePlan": "2024-07-06T23:37:49+03:00",
    "endDatePlan": "2024-07-07T00:00:00+03:00",
    "guid": "{73bfc2c5-733e-41c7-85ab-870b51fb0b3e}",
    "xmlId": null,
    "commentsCount": "4",
    "serviceCommentsCount": "4",
    "allowChangeDeadline": "N",
    "allowTimeTracking": "N",
    "taskControl": "N",
    "addInReport": "N",
    "forkedByTemplateId": null,
    "timeEstimate": "0",
    "timeSpentInLogs": null,
    "matchWorkTime": "N",
    "forumTopicId": "436",
    "forumId": "11",
    "siteId": "s1",
    "subordinate": "N",
    "exchangeModified": null,
    "exchangeId": null,
    "outlookVersion": "18",
    "viewedDate": "2024-07-08T19:28:21+03:00",
    "sorting": null,
    "durationFact": null,
    "isMuted": "N",
    "isPinned": "N",
    "isPinnedInGroup": "N",
    "flowId": null,
    "descriptionInBbcode": "Y",
    "status": "2",
    "statusChangedDate": "2024-07-06T23:38:20+03:00",
    "durationPlan": null,
    "durationType": "days",
    "favorite": "N",
    "groupId": "0",
    "auditors": [],
    "accomplices": [],
    "newCommentsCount": 0,
    "group": [],
    "creator": {
     "id": "1",
     "name": "Антон Титовец",
     "link": "/company/personal/user/1/",
     "icon": "https://b24-ar17wx.bitrix24.by/b28528874/resize_cache/30/c0120a8d7c10d63c83e32398d1ec4d9e/main/d7e/d7e99cf556e4ab676463dae2c00ddfbb/a7e0af6899300e3c684caeca5c334d81.jpg",
     "workPosition": null
    },
    "responsible": {
     "id": "10",
     "name": "Techno Pizza",
     "link": "/company/personal/user/10/",
     "icon": "/bitrix/images/tasks/default_avatar.png",
     "workPosition": null
    },
    "accomplicesData": [],
    "auditorsData": [],
    "subStatus": "-1"
   },
   {
    "id": "448",
    "parentId": null,
    "title": "Другой заголовок задачи",
    "description": "Другое описание задачи",
    "mark": null,
    "priority": "1",
    "multitask": "N",
    "notViewed": "N",
    "replicate": "N",
    "stageId": "0",
    "createdBy": "1",
    "createdDate": "2024-07-06T23:37:50+03:00",
    "responsibleId": "10",
    "changedBy": "1",
    "changedDate": "2024-07-06T23:38:21+03:00",
    "statusChangedBy": "1",
    "closedBy": "0",
    "closedDate": null,
    "activityDate": "2024-07-08T19:28:22+03:00",
    "dateStart": "2024-07-06T23:38:16+03:00",
    "deadline": "2024-07-07T23:37:00+03:00",
    "startDatePlan": "2024-07-06T23:37:50+03:00",
    "endDatePlan": "2024-07-07T00:00:00+03:00",
    "guid": "{380a8058-fde6-43b8-8338-1e4c3407800b}",
    "xmlId": null,
    "commentsCount": "4",
    "serviceCommentsCount": "4",
    "allowChangeDeadline": "N",
    "allowTimeTracking": "N",
    "taskControl": "N",
    "addInReport": "N",
    "forkedByTemplateId": null,
    "timeEstimate": "0",
    "timeSpentInLogs": null,
    "matchWorkTime": "N",
    "forumTopicId": "438",
    "forumId": "11",
    "siteId": "s1",
    "subordinate": "N",
    "exchangeModified": null,
    "exchangeId": null,
    "outlookVersion": "10",
    "viewedDate": "2024-07-08T19:28:22+03:00",
    "sorting": null,
    "durationFact": null,
    "isMuted": "N",
    "isPinned": "N",
    "isPinnedInGroup": "N",
    "flowId": null,
    "descriptionInBbcode": "Y",
    "status": "2",
    "statusChangedDate": "2024-07-06T23:38:21+03:00",
    "durationPlan": null,
    "durationType": "days",
    "favorite": "N",
    "groupId": "0",
    "auditors": [],
    "accomplices": [],
    "newCommentsCount": 0,
    "group": [],
    "creator": {
     "id": "1",
     "name": "Антон Титовец",
     "link": "/company/personal/user/1/",
     "icon": "https://b24-ar17wx.bitrix24.by/b28528874/resize_cache/30/c0120a8d7c10d63c83e32398d1ec4d9e/main/d7e/d7e99cf556e4ab676463dae2c00ddfbb/a7e0af6899300e3c684caeca5c334d81.jpg",
     "workPosition": null
    },
    "responsible": {
     "id": "10",
     "name": "Techno Pizza",
     "link": "/company/personal/user/10/",
     "icon": "/bitrix/images/tasks/default_avatar.png",
     "workPosition": null
    },
    "accomplicesData": [],
    "auditorsData": [],
    "subStatus": "-1"
   },
   {
    "id": "550",
    "parentId": null,
    "title": "Другой заголовок задачи",
    "description": "Другое описание задачи",
    "mark": null,
    "priority": "1",
    "multitask": "N",
    "notViewed": "N",
    "replicate": "N",
    "stageId": "0",
    "createdBy": "1",
    "createdDate": "2024-07-10T21:58:17+03:00",
    "responsibleId": "10",
    "changedBy": "1",
    "changedDate": "2024-07-10T21:58:30+03:00",
    "statusChangedBy": "1",
    "closedBy": "0",
    "closedDate": null,
    "activityDate": "2024-07-11T22:05:13+03:00",
    "dateStart": "2024-07-10T21:58:29+03:00",
    "deadline": "2024-07-11T21:58:00+03:00",
    "startDatePlan": "2024-07-10T21:58:17+03:00",
    "endDatePlan": "2024-07-11T00:00:00+03:00",
    "guid": "{08ea81bd-c87c-4a43-86f3-3ceae2038048}",
    "xmlId": null,
    "commentsCount": "4",
    "serviceCommentsCount": "4",
    "allowChangeDeadline": "N",
    "allowTimeTracking": "N",
    "taskControl": "N",
    "addInReport": "N",
    "forkedByTemplateId": null,
    "timeEstimate": "0",
    "timeSpentInLogs": null,
    "matchWorkTime": "N",
    "forumTopicId": "522",
    "forumId": "11",
    "siteId": "s1",
    "subordinate": "N",
    "exchangeModified": null,
    "exchangeId": null,
    "outlookVersion": "10",
    "viewedDate": "2024-07-11T22:05:13+03:00",
    "sorting": null,
    "durationFact": null,
    "isMuted": "N",
    "isPinned": "N",
    "isPinnedInGroup": "N",
    "flowId": null,
    "descriptionInBbcode": "Y",
    "status": "2",
    "statusChangedDate": "2024-07-10T21:58:30+03:00",
    "durationPlan": null,
    "durationType": "days",
    "favorite": "N",
    "groupId": "0",
    "auditors": [],
    "accomplices": [],
    "newCommentsCount": 0,
    "group": [],
    "creator": {
     "id": "1",
     "name": "Антон Титовец",
     "link": "/company/personal/user/1/",
     "icon": "https://b24-ar17wx.bitrix24.by/b28528874/resize_cache/30/c0120a8d7c10d63c83e32398d1ec4d9e/main/d7e/d7e99cf556e4ab676463dae2c00ddfbb/a7e0af6899300e3c684caeca5c334d81.jpg",
     "workPosition": null
    },
    "responsible": {
     "id": "10",
     "name": "Techno Pizza",
     "link": "/company/personal/user/10/",
     "icon": "/bitrix/images/tasks/default_avatar.png",
     "workPosition": null
    },
    "accomplicesData": [],
    "auditorsData": [],
    "subStatus": "-1"
   },
   {
    "id": "552",
    "parentId": null,
    "title": "Другой заголовок задачи",
    "description": "Другое описание задачи",
    "mark": null,
    "priority": "1",
    "multitask": "N",
    "notViewed": "N",
    "replicate": "N",
    "stageId": "0",
    "createdBy": "1",
    "createdDate": "2024-07-10T21:58:17+03:00",
    "responsibleId": "10",
    "changedBy": "1",
    "changedDate": "2024-07-10T21:58:30+03:00",
    "statusChangedBy": "1",
    "closedBy": "0",
    "closedDate": null,
    "activityDate": "2024-07-11T22:05:13+03:00",
    "dateStart": "2024-07-10T21:58:29+03:00",
    "deadline": "2024-07-11T21:58:00+03:00",
    "startDatePlan": "2024-07-10T21:58:17+03:00",
    "endDatePlan": "2024-07-11T00:00:00+03:00",
    "guid": "{3f42a87a-8b77-4a22-b63c-d7a50f83663b}",
    "xmlId": null,
    "commentsCount": "4",
    "serviceCommentsCount": "4",
    "allowChangeDeadline": "N",
    "allowTimeTracking": "N",
    "taskControl": "N",
    "addInReport": "N",
    "forkedByTemplateId": null,
    "timeEstimate": "0",
    "timeSpentInLogs": null,
    "matchWorkTime": "N",
    "forumTopicId": "524",
    "forumId": "11",
    "siteId": "s1",
    "subordinate": "N",
    "exchangeModified": null,
    "exchangeId": null,
    "outlookVersion": "10",
    "viewedDate": "2024-07-11T22:05:13+03:00",
    "sorting": null,
    "durationFact": null,
    "isMuted": "N",
    "isPinned": "N",
    "isPinnedInGroup": "N",
    "flowId": null,
    "descriptionInBbcode": "Y",
    "status": "2",
    "statusChangedDate": "2024-07-10T21:58:30+03:00",
    "durationPlan": null,
    "durationType": "days",
    "favorite": "N",
    "groupId": "0",
    "auditors": [],
    "accomplices": [],
    "newCommentsCount": 0,
    "group": [],
    "creator": {
     "id": "1",
     "name": "Антон Титовец",
     "link": "/company/personal/user/1/",
     "icon": "https://b24-ar17wx.bitrix24.by/b28528874/resize_cache/30/c0120a8d7c10d63c83e32398d1ec4d9e/main/d7e/d7e99cf556e4ab676463dae2c00ddfbb/a7e0af6899300e3c684caeca5c334d81.jpg",
     "workPosition": null
    },
    "responsible": {
     "id": "10",
     "name": "Techno Pizza",
     "link": "/company/personal/user/10/",
     "icon": "/bitrix/images/tasks/default_avatar.png",
     "workPosition": null
    },
    "accomplicesData": [],
    "auditorsData": [],
    "subStatus": "-1"
   },
   {
    "id": "562",
    "parentId": null,
    "title": "Другой заголовок задачи",
    "description": "Другое описание задачи",
    "mark": null,
    "priority": "1",
    "multitask": "N",
    "notViewed": "N",
    "replicate": "N",
    "stageId": "0",
    "createdBy": "1",
    "createdDate": "2024-07-10T22:13:26+03:00",
    "responsibleId": "10",
    "changedBy": "1",
    "changedDate": "2024-07-10T22:13:39+03:00",
    "statusChangedBy": "1",
    "closedBy": "0",
    "closedDate": null,
    "activityDate": "2024-07-11T22:17:02+03:00",
    "dateStart": "2024-07-10T22:13:38+03:00",
    "deadline": "2024-07-11T22:13:00+03:00",
    "startDatePlan": "2024-07-10T22:13:26+03:00",
    "endDatePlan": "2024-07-11T00:00:00+03:00",
    "guid": "{ef4a247f-e681-4f7a-9a3c-94c701c354dc}",
    "xmlId": null,
    "commentsCount": "4",
    "serviceCommentsCount": "4",
    "allowChangeDeadline": "N",
    "allowTimeTracking": "N",
    "taskControl": "N",
    "addInReport": "N",
    "forkedByTemplateId": null,
    "timeEstimate": "0",
    "timeSpentInLogs": null,
    "matchWorkTime": "N",
    "forumTopicId": "532",
    "forumId": "11",
    "siteId": "s1",
    "subordinate": "N",
    "exchangeModified": null,
    "exchangeId": null,
    "outlookVersion": "10",
    "viewedDate": "2024-07-11T22:17:02+03:00",
    "sorting": null,
    "durationFact": null,
    "isMuted": "N",
    "isPinned": "N",
    "isPinnedInGroup": "N",
    "flowId": null,
    "descriptionInBbcode": "Y",
    "status": "2",
    "statusChangedDate": "2024-07-10T22:13:39+03:00",
    "durationPlan": null,
    "durationType": "days",
    "favorite": "N",
    "groupId": "0",
    "auditors": [],
    "accomplices": [],
    "newCommentsCount": 0,
    "group": [],
    "creator": {
     "id": "1",
     "name": "Антон Титовец",
     "link": "/company/personal/user/1/",
     "icon": "https://b24-ar17wx.bitrix24.by/b28528874/resize_cache/30/c0120a8d7c10d63c83e32398d1ec4d9e/main/d7e/d7e99cf556e4ab676463dae2c00ddfbb/a7e0af6899300e3c684caeca5c334d81.jpg",
     "workPosition": null
    },
    "responsible": {
     "id": "10",
     "name": "Techno Pizza",
     "link": "/company/personal/user/10/",
     "icon": "/bitrix/images/tasks/default_avatar.png",
     "workPosition": null
    },
    "accomplicesData": [],
    "auditorsData": [],
    "subStatus": "-1"
   },
   {
    "id": "564",
    "parentId": null,
    "title": "Другой заголовок задачи",
    "description": "Другое описание задачи",
    "mark": null,
    "priority": "1",
    "multitask": "N",
    "notViewed": "N",
    "replicate": "N",
    "stageId": "0",
    "createdBy": "1",
    "createdDate": "2024-07-10T22:13:26+03:00",
    "responsibleId": "10",
    "changedBy": "1",
    "changedDate": "2024-07-10T22:13:39+03:00",
    "statusChangedBy": "1",
    "closedBy": "0",
    "closedDate": null,
    "activityDate": "2024-07-11T22:17:02+03:00",
    "dateStart": "2024-07-10T22:13:38+03:00",
    "deadline": "2024-07-11T22:13:00+03:00",
    "startDatePlan": "2024-07-10T22:13:26+03:00",
    "endDatePlan": "2024-07-11T00:00:00+03:00",
    "guid": "{7cbc70d7-18a5-4285-bb2b-ac0ad733555c}",
    "xmlId": null,
    "commentsCount": "4",
    "serviceCommentsCount": "4",
    "allowChangeDeadline": "N",
    "allowTimeTracking": "N",
    "taskControl": "N",
    "addInReport": "N",
    "forkedByTemplateId": null,
    "timeEstimate": "0",
    "timeSpentInLogs": null,
    "matchWorkTime": "N",
    "forumTopicId": "534",
    "forumId": "11",
    "siteId": "s1",
    "subordinate": "N",
    "exchangeModified": null,
    "exchangeId": null,
    "outlookVersion": "10",
    "viewedDate": "2024-07-11T22:17:02+03:00",
    "sorting": null,
    "durationFact": null,
    "isMuted": "N",
    "isPinned": "N",
    "isPinnedInGroup": "N",
    "flowId": null,
    "descriptionInBbcode": "Y",
    "status": "2",
    "statusChangedDate": "2024-07-10T22:13:39+03:00",
    "durationPlan": null,
    "durationType": "days",
    "favorite": "N",
    "groupId": "0",
    "auditors": [],
    "accomplices": [],
    "newCommentsCount": 0,
    "group": [],
    "creator": {
     "id": "1",
     "name": "Антон Титовец",
     "link": "/company/personal/user/1/",
     "icon": "https://b24-ar17wx.bitrix24.by/b28528874/resize_cache/30/c0120a8d7c10d63c83e32398d1ec4d9e/main/d7e/d7e99cf556e4ab676463dae2c00ddfbb/a7e0af6899300e3c684caeca5c334d81.jpg",
     "workPosition": null
    },
    "responsible": {
     "id": "10",
     "name": "Techno Pizza",
     "link": "/company/personal/user/10/",
     "icon": "/bitrix/images/tasks/default_avatar.png",
     "workPosition": null
    },
    "accomplicesData": [],
    "auditorsData": [],
    "subStatus": "-1"
   },
   {
    "id": "574",
    "parentId": null,
    "title": "Другой заголовок задачи",
    "description": "Другое описание задачи",
    "mark": null,
    "priority": "1",
    "multitask": "N",
    "notViewed": "N",
    "replicate": "N",
    "stageId": "0",
    "createdBy": "1",
    "createdDate": "2024-07-10T22:30:28+03:00",
    "responsibleId": "10",
    "changedBy": "1",
    "changedDate": "2024-07-10T22:30:42+03:00",
    "statusChangedBy": "1",
    "closedBy": "0",
    "closedDate": null,
    "activityDate": "2024-07-12T18:53:05+03:00",
    "dateStart": "2024-07-10T22:30:40+03:00",
    "deadline": "2024-07-11T22:30:00+03:00",
    "startDatePlan": "2024-07-10T22:30:28+03:00",
    "endDatePlan": "2024-07-11T00:00:00+03:00",
    "guid": "{96da9846-94d4-4280-b5cd-33be002ea05e}",
    "xmlId": null,
    "commentsCount": "4",
    "serviceCommentsCount": "4",
    "allowChangeDeadline": "N",
    "allowTimeTracking": "N",
    "taskControl": "N",
    "addInReport": "N",
    "forkedByTemplateId": null,
    "timeEstimate": "0",
    "timeSpentInLogs": null,
    "matchWorkTime": "N",
    "forumTopicId": "544",
    "forumId": "11",
    "siteId": "s1",
    "subordinate": "N",
    "exchangeModified": null,
    "exchangeId": null,
    "outlookVersion": "10",
    "viewedDate": "2024-07-12T18:53:05+03:00",
    "sorting": null,
    "durationFact": null,
    "isMuted": "N",
    "isPinned": "N",
    "isPinnedInGroup": "N",
    "flowId": null,
    "descriptionInBbcode": "Y",
    "status": "2",
    "statusChangedDate": "2024-07-10T22:30:42+03:00",
    "durationPlan": null,
    "durationType": "days",
    "favorite": "N",
    "groupId": "0",
    "auditors": [],
    "accomplices": [],
    "newCommentsCount": 0,
    "group": [],
    "creator": {
     "id": "1",
     "name": "Антон Титовец",
     "link": "/company/personal/user/1/",
     "icon": "https://b24-ar17wx.bitrix24.by/b28528874/resize_cache/30/c0120a8d7c10d63c83e32398d1ec4d9e/main/d7e/d7e99cf556e4ab676463dae2c00ddfbb/a7e0af6899300e3c684caeca5c334d81.jpg",
     "workPosition": null
    },
    "responsible": {
     "id": "10",
     "name": "Techno Pizza",
     "link": "/company/personal/user/10/",
     "icon": "/bitrix/images/tasks/default_avatar.png",
     "workPosition": null
    },
    "accomplicesData": [],
    "auditorsData": [],
    "subStatus": "-1"
   },
   {
    "id": "576",
    "parentId": null,
    "title": "Другой заголовок задачи",
    "description": "Другое описание задачи",
    "mark": null,
    "priority": "1",
    "multitask": "N",
    "notViewed": "N",
    "replicate": "N",
    "stageId": "0",
    "createdBy": "1",
    "createdDate": "2024-07-10T22:30:28+03:00",
    "responsibleId": "10",
    "changedBy": "1",
    "changedDate": "2024-07-10T22:30:42+03:00",
    "statusChangedBy": "1",
    "closedBy": "0",
    "closedDate": null,
    "activityDate": "2024-07-12T18:53:05+03:00",
    "dateStart": "2024-07-10T22:30:40+03:00",
    "deadline": "2024-07-11T22:30:00+03:00",
    "startDatePlan": "2024-07-10T22:30:28+03:00",
    "endDatePlan": "2024-07-11T00:00:00+03:00",
    "guid": "{21f65cec-5632-4766-aa40-e97926b17649}",
    "xmlId": null,
    "commentsCount": "4",
    "serviceCommentsCount": "4",
    "allowChangeDeadline": "N",
    "allowTimeTracking": "N",
    "taskControl": "N",
    "addInReport": "N",
    "forkedByTemplateId": null,
    "timeEstimate": "0",
    "timeSpentInLogs": null,
    "matchWorkTime": "N",
    "forumTopicId": "546",
    "forumId": "11",
    "siteId": "s1",
    "subordinate": "N",
    "exchangeModified": null,
    "exchangeId": null,
    "outlookVersion": "10",
    "viewedDate": "2024-07-12T18:53:05+03:00",
    "sorting": null,
    "durationFact": null,
    "isMuted": "N",
    "isPinned": "N",
    "isPinnedInGroup": "N",
    "flowId": null,
    "descriptionInBbcode": "Y",
    "status": "2",
    "statusChangedDate": "2024-07-10T22:30:42+03:00",
    "durationPlan": null,
    "durationType": "days",
    "favorite": "N",
    "groupId": "0",
    "auditors": [],
    "accomplices": [],
    "newCommentsCount": 0,
    "group": [],
    "creator": {
     "id": "1",
     "name": "Антон Титовец",
     "link": "/company/personal/user/1/",
     "icon": "https://b24-ar17wx.bitrix24.by/b28528874/resize_cache/30/c0120a8d7c10d63c83e32398d1ec4d9e/main/d7e/d7e99cf556e4ab676463dae2c00ddfbb/a7e0af6899300e3c684caeca5c334d81.jpg",
     "workPosition": null
    },
    "responsible": {
     "id": "10",
     "name": "Techno Pizza",
     "link": "/company/personal/user/10/",
     "icon": "/bitrix/images/tasks/default_avatar.png",
     "workPosition": null
    },
    "accomplicesData": [],
    "auditorsData": [],
    "subStatus": "-1"
   },
   {
    "id": "578",
    "parentId": null,
    "title": "Другой заголовок задачи",
    "description": "Другое описание задачи",
    "mark": null,
    "priority": "1",
    "multitask": "N",
    "notViewed": "N",
    "replicate": "N",
    "stageId": "0",
    "createdBy": "1",
    "createdDate": "2024-07-10T22:31:57+03:00",
    "responsibleId": "10",
    "changedBy": "1",
    "changedDate": "2024-07-10T22:32:11+03:00",
    "statusChangedBy": "1",
    "closedBy": "0",
    "closedDate": null,
    "activityDate": "2024-07-12T18:53:05+03:00",
    "dateStart": "2024-07-10T22:32:09+03:00",
    "deadline": "2024-07-11T22:31:00+03:00",
    "startDatePlan": "2024-07-10T22:31:57+03:00",
    "endDatePlan": "2024-07-11T00:00:00+03:00",
    "guid": "{95474036-2577-49aa-8e96-872419e47993}",
    "xmlId": null,
    "commentsCount": "4",
    "serviceCommentsCount": "4",
    "allowChangeDeadline": "N",
    "allowTimeTracking": "N",
    "taskControl": "N",
    "addInReport": "N",
    "forkedByTemplateId": null,
    "timeEstimate": "0",
    "timeSpentInLogs": null,
    "matchWorkTime": "N",
    "forumTopicId": "548",
    "forumId": "11",
    "siteId": "s1",
    "subordinate": "N",
    "exchangeModified": null,
    "exchangeId": null,
    "outlookVersion": "10",
    "viewedDate": "2024-07-12T18:53:05+03:00",
    "sorting": null,
    "durationFact": null,
    "isMuted": "N",
    "isPinned": "N",
    "isPinnedInGroup": "N",
    "flowId": null,
    "descriptionInBbcode": "Y",
    "status": "2",
    "statusChangedDate": "2024-07-10T22:32:11+03:00",
    "durationPlan": null,
    "durationType": "days",
    "favorite": "N",
    "groupId": "0",
    "auditors": [],
    "accomplices": [],
    "newCommentsCount": 0,
    "group": [],
    "creator": {
     "id": "1",
     "name": "Антон Титовец",
     "link": "/company/personal/user/1/",
     "icon": "https://b24-ar17wx.bitrix24.by/b28528874/resize_cache/30/c0120a8d7c10d63c83e32398d1ec4d9e/main/d7e/d7e99cf556e4ab676463dae2c00ddfbb/a7e0af6899300e3c684caeca5c334d81.jpg",
     "workPosition": null
    },
    "responsible": {
     "id": "10",
     "name": "Techno Pizza",
     "link": "/company/personal/user/10/",
     "icon": "/bitrix/images/tasks/default_avatar.png",
     "workPosition": null
    },
    "accomplicesData": [],
    "auditorsData": [],
    "subStatus": "-1"
   },
   {
    "id": "580",
    "parentId": null,
    "title": "Другой заголовок задачи",
    "description": "Другое описание задачи",
    "mark": null,
    "priority": "1",
    "multitask": "N",
    "notViewed": "N",
    "replicate": "N",
    "stageId": "0",
    "createdBy": "1",
    "createdDate": "2024-07-10T22:31:57+03:00",
    "responsibleId": "10",
    "changedBy": "1",
    "changedDate": "2024-07-10T22:32:11+03:00",
    "statusChangedBy": "1",
    "closedBy": "0",
    "closedDate": null,
    "activityDate": "2024-07-12T18:53:05+03:00",
    "dateStart": "2024-07-10T22:32:10+03:00",
    "deadline": "2024-07-11T22:31:00+03:00",
    "startDatePlan": "2024-07-10T22:31:57+03:00",
    "endDatePlan": "2024-07-11T00:00:00+03:00",
    "guid": "{f5aa0699-685b-4f9b-ac91-13faff9a59fd}",
    "xmlId": null,
    "commentsCount": "4",
    "serviceCommentsCount": "4",
    "allowChangeDeadline": "N",
    "allowTimeTracking": "N",
    "taskControl": "N",
    "addInReport": "N",
    "forkedByTemplateId": null,
    "timeEstimate": "0",
    "timeSpentInLogs": null,
    "matchWorkTime": "N",
    "forumTopicId": "550",
    "forumId": "11",
    "siteId": "s1",
    "subordinate": "N",
    "exchangeModified": null,
    "exchangeId": null,
    "outlookVersion": "10",
    "viewedDate": "2024-07-12T18:53:05+03:00",
    "sorting": null,
    "durationFact": null,
    "isMuted": "N",
    "isPinned": "N",
    "isPinnedInGroup": "N",
    "flowId": null,
    "descriptionInBbcode": "Y",
    "status": "2",
    "statusChangedDate": "2024-07-10T22:32:11+03:00",
    "durationPlan": null,
    "durationType": "days",
    "favorite": "N",
    "groupId": "0",
    "auditors": [],
    "accomplices": [],
    "newCommentsCount": 0,
    "group": [],
    "creator": {
     "id": "1",
     "name": "Антон Титовец",
     "link": "/company/personal/user/1/",
     "icon": "https://b24-ar17wx.bitrix24.by/b28528874/resize_cache/30/c0120a8d7c10d63c83e32398d1ec4d9e/main/d7e/d7e99cf556e4ab676463dae2c00ddfbb/a7e0af6899300e3c684caeca5c334d81.jpg",
     "workPosition": null
    },
    "responsible": {
     "id": "10",
     "name": "Techno Pizza",
     "link": "/company/personal/user/10/",
     "icon": "/bitrix/images/tasks/default_avatar.png",
     "workPosition": null
    },
    "accomplicesData": [],
    "auditorsData": [],
    "subStatus": "-1"
   },
   {
    "id": "582",
    "parentId": null,
    "title": "Другой заголовок задачи",
    "description": "Другое описание задачи",
    "mark": null,
    "priority": "1",
    "multitask": "N",
    "notViewed": "N",
    "replicate": "N",
    "stageId": "0",
    "createdBy": "1",
    "createdDate": "2024-07-10T22:34:23+03:00",
    "responsibleId": "10",
    "changedBy": "1",
    "changedDate": "2024-07-10T22:34:37+03:00",
    "statusChangedBy": "1",
    "closedBy": "0",
    "closedDate": null,
    "activityDate": "2024-07-12T18:53:05+03:00",
    "dateStart": "2024-07-10T22:34:35+03:00",
    "deadline": "2024-07-11T22:34:00+03:00",
    "startDatePlan": "2024-07-10T22:34:23+03:00",
    "endDatePlan": "2024-07-11T00:00:00+03:00",
    "guid": "{e56e187e-ee52-4884-a6c7-8861e630692e}",
    "xmlId": null,
    "commentsCount": "4",
    "serviceCommentsCount": "4",
    "allowChangeDeadline": "N",
    "allowTimeTracking": "N",
    "taskControl": "N",
    "addInReport": "N",
    "forkedByTemplateId": null,
    "timeEstimate": "0",
    "timeSpentInLogs": null,
    "matchWorkTime": "N",
    "forumTopicId": "552",
    "forumId": "11",
    "siteId": "s1",
    "subordinate": "N",
    "exchangeModified": null,
    "exchangeId": null,
    "outlookVersion": "10",
    "viewedDate": "2024-07-12T18:53:05+03:00",
    "sorting": null,
    "durationFact": null,
    "isMuted": "N",
    "isPinned": "N",
    "isPinnedInGroup": "N",
    "flowId": null,
    "descriptionInBbcode": "Y",
    "status": "2",
    "statusChangedDate": "2024-07-10T22:34:37+03:00",
    "durationPlan": null,
    "durationType": "days",
    "favorite": "N",
    "groupId": "0",
    "auditors": [],
    "accomplices": [],
    "newCommentsCount": 0,
    "group": [],
    "creator": {
     "id": "1",
     "name": "Антон Титовец",
     "link": "/company/personal/user/1/",
     "icon": "https://b24-ar17wx.bitrix24.by/b28528874/resize_cache/30/c0120a8d7c10d63c83e32398d1ec4d9e/main/d7e/d7e99cf556e4ab676463dae2c00ddfbb/a7e0af6899300e3c684caeca5c334d81.jpg",
     "workPosition": null
    },
    "responsible": {
     "id": "10",
     "name": "Techno Pizza",
     "link": "/company/personal/user/10/",
     "icon": "/bitrix/images/tasks/default_avatar.png",
     "workPosition": null
    },
    "accomplicesData": [],
    "auditorsData": [],
    "subStatus": "-1"
   },
   {
    "id": "584",
    "parentId": null,
    "title": "Другой заголовок задачи",
    "description": "Другое описание задачи",
    "mark": null,
    "priority": "1",
    "multitask": "N",
    "notViewed": "N",
    "replicate": "N",
    "stageId": "0",
    "createdBy": "1",
    "createdDate": "2024-07-10T22:34:23+03:00",
    "responsibleId": "10",
    "changedBy": "1",
    "changedDate": "2024-07-10T22:34:37+03:00",
    "statusChangedBy": "1",
    "closedBy": "0",
    "closedDate": null,
    "activityDate": "2024-07-12T18:53:04+03:00",
    "dateStart": "2024-07-10T22:34:36+03:00",
    "deadline": "2024-07-11T22:34:00+03:00",
    "startDatePlan": "2024-07-10T22:34:23+03:00",
    "endDatePlan": "2024-07-11T00:00:00+03:00",
    "guid": "{2e144a55-dd85-48e1-95aa-d82aac81c96d}",
    "xmlId": null,
    "commentsCount": "4",
    "serviceCommentsCount": "4",
    "allowChangeDeadline": "N",
    "allowTimeTracking": "N",
    "taskControl": "N",
    "addInReport": "N",
    "forkedByTemplateId": null,
    "timeEstimate": "0",
    "timeSpentInLogs": null,
    "matchWorkTime": "N",
    "forumTopicId": "554",
    "forumId": "11",
    "siteId": "s1",
    "subordinate": "N",
    "exchangeModified": null,
    "exchangeId": null,
    "outlookVersion": "10",
    "viewedDate": "2024-07-12T18:53:04+03:00",
    "sorting": null,
    "durationFact": null,
    "isMuted": "N",
    "isPinned": "N",
    "isPinnedInGroup": "N",
    "flowId": null,
    "descriptionInBbcode": "Y",
    "status": "2",
    "statusChangedDate": "2024-07-10T22:34:37+03:00",
    "durationPlan": null,
    "durationType": "days",
    "favorite": "N",
    "groupId": "0",
    "auditors": [],
    "accomplices": [],
    "newCommentsCount": 0,
    "group": [],
    "creator": {
     "id": "1",
     "name": "Антон Титовец",
     "link": "/company/personal/user/1/",
     "icon": "https://b24-ar17wx.bitrix24.by/b28528874/resize_cache/30/c0120a8d7c10d63c83e32398d1ec4d9e/main/d7e/d7e99cf556e4ab676463dae2c00ddfbb/a7e0af6899300e3c684caeca5c334d81.jpg",
     "workPosition": null
    },
    "responsible": {
     "id": "10",
     "name": "Techno Pizza",
     "link": "/company/personal/user/10/",
     "icon": "/bitrix/images/tasks/default_avatar.png",
     "workPosition": null
    },
    "accomplicesData": [],
    "auditorsData": [],
    "subStatus": "-1"
   },
   {
    "id": "590",
    "parentId": null,
    "title": "Another task title",
    "description": "Another task description",
    "mark": null,
    "priority": "1",
    "multitask": "N",
    "notViewed": "N",
    "replicate": "N",
    "stageId": "0",
    "createdBy": "1",
    "createdDate": "2024-07-10T23:12:02+03:00",
    "responsibleId": "10",
    "changedBy": "1",
    "changedDate": "2024-07-10T23:12:49+03:00",
    "statusChangedBy": "1",
    "closedBy": "0",
    "closedDate": null,
    "activityDate": "2024-07-12T18:53:04+03:00",
    "dateStart": "2024-07-10T23:12:42+03:00",
    "deadline": "2024-07-11T23:12:00+03:00",
    "startDatePlan": "2024-07-10T23:12:02+03:00",
    "endDatePlan": "2024-07-11T00:00:00+03:00",
    "guid": "{bd14d1f0-adbb-44f9-ac7e-9166fca54c76}",
    "xmlId": null,
    "commentsCount": "4",
    "serviceCommentsCount": "4",
    "allowChangeDeadline": "N",
    "allowTimeTracking": "N",
    "taskControl": "N",
    "addInReport": "N",
    "forkedByTemplateId": null,
    "timeEstimate": "0",
    "timeSpentInLogs": null,
    "matchWorkTime": "N",
    "forumTopicId": "560",
    "forumId": "11",
    "siteId": "s1",
    "subordinate": "N",
    "exchangeModified": null,
    "exchangeId": null,
    "outlookVersion": "10",
    "viewedDate": "2024-07-12T18:53:04+03:00",
    "sorting": null,
    "durationFact": null,
    "isMuted": "N",
    "isPinned": "N",
    "isPinnedInGroup": "N",
    "flowId": null,
    "descriptionInBbcode": "Y",
    "status": "2",
    "statusChangedDate": "2024-07-10T23:12:49+03:00",
    "durationPlan": null,
    "durationType": "days",
    "favorite": "N",
    "groupId": "0",
    "auditors": [],
    "accomplices": [],
    "newCommentsCount": 0,
    "group": [],
    "creator": {
     "id": "1",
     "name": "Антон Титовец",
     "link": "/company/personal/user/1/",
     "icon": "https://b24-ar17wx.bitrix24.by/b28528874/resize_cache/30/c0120a8d7c10d63c83e32398d1ec4d9e/main/d7e/d7e99cf556e4ab676463dae2c00ddfbb/a7e0af6899300e3c684caeca5c334d81.jpg",
     "workPosition": null
    },
    "responsible": {
     "id": "10",
     "name": "Techno Pizza",
     "link": "/company/personal/user/10/",
     "icon": "/bitrix/images/tasks/default_avatar.png",
     "workPosition": null
    },
    "accomplicesData": [],
    "auditorsData": [],
    "subStatus": "-1"
   },
   {
    "id": "592",
    "parentId": null,
    "title": "Another task title",
    "description": "Another task description",
    "mark": null,
    "priority": "1",
    "multitask": "N",
    "notViewed": "N",
    "replicate": "N",
    "stageId": "0",
    "createdBy": "1",
    "createdDate": "2024-07-10T23:12:04+03:00",
    "responsibleId": "10",
    "changedBy": "1",
    "changedDate": "2024-07-10T23:12:51+03:00",
    "statusChangedBy": "1",
    "closedBy": "0",
    "closedDate": null,
    "activityDate": "2024-07-12T18:53:04+03:00",
    "dateStart": "2024-07-10T23:12:44+03:00",
    "deadline": "2024-07-11T23:12:00+03:00",
    "startDatePlan": "2024-07-10T23:12:04+03:00",
    "endDatePlan": "2024-07-11T00:00:00+03:00",
    "guid": "{a59cbd1b-c80e-4af2-927a-af9723ee5dbf}",
    "xmlId": null,
    "commentsCount": "4",
    "serviceCommentsCount": "4",
    "allowChangeDeadline": "N",
    "allowTimeTracking": "N",
    "taskControl": "N",
    "addInReport": "N",
    "forkedByTemplateId": null,
    "timeEstimate": "0",
    "timeSpentInLogs": null,
    "matchWorkTime": "N",
    "forumTopicId": "562",
    "forumId": "11",
    "siteId": "s1",
    "subordinate": "N",
    "exchangeModified": null,
    "exchangeId": null,
    "outlookVersion": "10",
    "viewedDate": "2024-07-12T18:53:04+03:00",
    "sorting": null,
    "durationFact": null,
    "isMuted": "N",
    "isPinned": "N",
    "isPinnedInGroup": "N",
    "flowId": null,
    "descriptionInBbcode": "Y",
    "status": "2",
    "statusChangedDate": "2024-07-10T23:12:51+03:00",
    "durationPlan": null,
    "durationType": "days",
    "favorite": "N",
    "groupId": "0",
    "auditors": [],
    "accomplices": [],
    "newCommentsCount": 0,
    "group": [],
    "creator": {
     "id": "1",
     "name": "Антон Титовец",
     "link": "/company/personal/user/1/",
     "icon": "https://b24-ar17wx.bitrix24.by/b28528874/resize_cache/30/c0120a8d7c10d63c83e32398d1ec4d9e/main/d7e/d7e99cf556e4ab676463dae2c00ddfbb/a7e0af6899300e3c684caeca5c334d81.jpg",
     "workPosition": null
    },
    "responsible": {
     "id": "10",
     "name": "Techno Pizza",
     "link": "/company/personal/user/10/",
     "icon": "/bitrix/images/tasks/default_avatar.png",
     "workPosition": null
    },
    "accomplicesData": [],
    "auditorsData": [],
    "subStatus": "-1"
   }
  ]
 },
 "total": 18,
 "time": {
  "start": 1728306365.35747,
  "finish": 1728306365.43305,
  "duration": 0.0755851268768311,
  "processing": 0.0463709831237793,
  "date_start": "2024-10-07T16:06:05+03:00",
  "date_finish": "2024-10-07T16:06:05+03:00",
  "operating_reset_at": 1728306965,
  "operating": 0
 }
}
