{
 "view": "<стандартное представление: day, week, month, list>",
 "meetSection": "<календарь для приглашений>",
 "crmSection": "<календарь для CRM>",
 "showDeclined": "<показывать отклоненные события>",
 "denyBusyInvitation": "<запрещать приглашать в событие, если время занято>",
 "collapseOffHours": "<скрывать нерабочее время: Y,N>",
 "showWeekNumbers": "<показывать номер недель: Y,N>",
 "showTasks": "<отображать задачи: Y,N>",
 "syncTasks": "<синхронизировать календарь задач: Y,N>",
 "showCompletedTasks": "<отображать завершенные задачи: Y,N>",
 "lastUsedSection": "<календарь событий по умолчанию>",
 "sendFromEmail": "<E-mail для отправки почтовых приглашений>",
 "defaultSections": "<настройки предустановленных календарей>",
 "syncPeriodPast": "<количество месяцев для синхронизации в прошлом периоде>",
 "syncPeriodFuture": "<количество месяцев для синхронизации в будущем периоде>",
 "defaultReminders": {
  "fullDay": [
   {
    "type": "<временной тип напоминания: min, hour, day>",
    "count": "<числовое значение временного промежутка>"
   }
  ],
  "withTime": [
   {
    "type": "<временной тип напоминания: min, hour, day>",
    "count": "<числовое значение временного промежутка>"
   }
  ]
 }
}
