{
 "result": {
  "task": {
   "id": "7906",
   "title": "Другой заголовок задачи",
   "description": "Другое описание задачи",
   "descriptionInBbcode": "Y",
   "declineReason": "",
   "priority": "1",
   "notViewed": "N",
   "statusComplete": "2",
   "multitask": "N",
   "stageId": "0",
   "responsibleId": "2620",
   "responsibleName": "Oleg",
   "responsibleLastName": "Lama",
   "responsibleSecondName": null,
   "responsibleLogin": "2cf82062-37c7-4e25-9533-5194ec9fcb4f@exepmple.org",
   "responsibleWorkPosition": null,
   "responsiblePhoto": null,
   "dateStart": null,
   "durationFact": null,
   "timeEstimate": "0",
   "timeSpentInLogs": null,
   "replicate": "N",
   "deadline": "2025-09-15T19:03:00+00:00",
   "deadlineOrig": "15.09.2025 22:03:00",
   "startDatePlan": "2025-09-14T19:03:54+00:00",
   "endDatePlan": "2025-09-14T21:00:00+00:00",
   "createdBy": "1",
   "createdByName": "Антон",
   "createdByLastName": "Титовец",
   "createdBySecondName": null,
   "createdByLogin": "VKuser657846756",
   "createdByWorkPosition": null,
   "createdByPhoto": "30",
   "createdDate": "2025-09-14T19:03:54+00:00",
   "changedBy": "1",
   "changedDate": "2025-09-14T19:04:52+00:00",
   "statusChangedBy": "1",
   "closedBy": "1",
   "closedDate": "2025-09-14T19:04:52+00:00",
   "activityDate": "2025-09-14T19:04:52+00:00",
   "guid": "{b3c1358f-345e-4db3-a271-f705c6c3f017}",
   "xmlId": null,
   "mark": null,
   "allowChangeDeadline": "N",
   "allowTimeTracking": "N",
   "matchWorkTime": "N",
   "taskControl": "N",
   "addInReport": "N",
   "forumTopicId": "5146",
   "parentId": null,
   "commentsCount": "2",
   "serviceCommentsCount": "2",
   "forumId": "11",
   "siteId": "s1",
   "subordinate": "Y",
   "exchangeModified": null,
   "exchangeId": null,
   "outlookVersion": "6",
   "viewedDate": "2025-09-14T19:04:52+00:00",
   "deadlineCounted": "0",
   "forkedByTemplateId": null,
   "sorting": null,
   "durationPlanSeconds": null,
   "durationTypeAll": "days",
   "scenarioName": [
    "default"
   ],
   "isRegular": "N",
   "flowId": null,
   "isMuted": "N",
   "isPinned": "N",
   "isPinnedInGroup": "N",
   "ufCrmTask": false,
   "ufTaskWebdavFiles": false,
   "ufMailMessage": null,
   "status": "5",
   "statusChangedDate": "2025-09-14T19:04:52+00:00",
   "durationPlan": null,
   "durationType": "days",
   "favorite": "N",
   "groupId": "0",
   "auditors": [],
   "accomplices": [],
   "tags": [],
   "checklist": [],
   "files": [],
   "dependsOn": [],
   "group": [],
   "creator": {
    "id": "1",
    "name": "Антон Титовец",
    "link": "/company/personal/user/1/",
    "icon": "https://b24-ar17wx.bitrix24.by/b28528874/resize_cache/30/c0120a8d7c10d63c83e32398d1ec4d9e/main/d7e/d7e99cf556e4ab676463dae2c00ddfbb/a7e0af6899300e3c684caeca5c334d81.jpg",
    "workPosition": null
   },
   "responsible": {
    "id": "2620",
    "name": "Oleg Lama",
    "link": "/company/personal/user/2620/",
    "icon": "/bitrix/images/tasks/default_avatar.png",
    "workPosition": null
   },
   "accomplicesData": [],
   "auditorsData": [],
   "newCommentsCount": 0,
   "action": {
    "accept": false,
    "decline": false,
    "complete": false,
    "approve": false,
    "disapprove": false,
    "start": false,
    "pause": false,
    "delegate": false,
    "remove": true,
    "edit": true,
    "defer": false,
    "renew": true,
    "create": true,
    "changeDeadline": true,
    "checklistAddItems": true,
    "addFavorite": true,
    "deleteFavorite": false,
    "rate": true,
    "take": false,
    "edit.originator": false,
    "checklist.reorder": true,
    "elapsedtime.add": true,
    "dayplan.timer.toggle": false,
    "edit.plan": true,
    "checklist.add": true,
    "favorite.add": true,
    "favorite.delete": false
   },
   "checkListTree": {
    "nodeId": 0,
    "fields": {
     "id": null,
     "copiedId": null,
     "entityId": null,
     "userId": 1,
     "createdBy": null,
     "parentId": null,
     "title": "",
     "sortIndex": null,
     "displaySortIndex": "",
     "isComplete": false,
     "isImportant": false,
     "completedCount": 0,
     "members": [],
     "attachments": [],
     "nodeId": null
    },
    "action": [],
    "descendants": []
   },
   "checkListCanAdd": true
  }
 },
 "time": {
  "start": 1757876702.12424,
  "finish": 1757876702.19891,
  "duration": 0.0746748447418213,
  "processing": 0.040215015411377,
  "date_start": "2025-09-14T19:05:02+00:00",
  "date_finish": "2025-09-14T19:05:02+00:00",
  "operating_reset_at": 1757877302,
  "operating": 0
 }
}
