    {
 "result": {
  "task": {
   "id": "2336",
   "title": "Другой заголовок задачи",
   "description": "Другое описание задачи",
   "descriptionInBbcode": "Y",
   "declineReason": "",
   "priority": "1",
   "notViewed": "N",
   "statusComplete": "1",
   "multitask": "N",
   "stageId": "0",
   "responsibleId": "578",
   "responsibleName": "Олег",
   "responsibleLastName": "Лама",
   "responsibleSecondName": null,
   "responsibleLogin": "65acdef4-b084-4b48-b31d-3eb5a2e1ddb0@exepmple.org",
   "responsibleWorkPosition": null,
   "responsiblePhoto": null,
   "dateStart": "2024-10-07T09:26:11+03:00",
   "durationFact": null,
   "timeEstimate": "0",
   "timeSpentInLogs": null,
   "replicate": "N",
   "deadline": "2024-10-08T12:25:00+03:00",
   "deadlineOrig": "08.10.2024 12:25:00",
   "startDatePlan": "2024-10-07T09:25:58+03:00",
   "endDatePlan": "2024-10-08T00:00:00+03:00",
   "createdBy": "1",
   "createdByName": "Антон",
   "createdByLastName": "Титовец",
   "createdBySecondName": null,
   "createdByLogin": "VKuser657846756",
   "createdByWorkPosition": null,
   "createdByPhoto": "30",
   "createdDate": "2024-10-07T09:25:58+03:00",
   "changedBy": "1",
   "changedDate": "2024-10-07T09:26:12+03:00",
   "statusChangedBy": "1",
   "closedBy": "0",
   "closedDate": null,
   "activityDate": "2024-10-07T09:26:11+03:00",
   "guid": "{0e1eed26-5974-4550-abe3-4e27a9d8cb41}",
   "xmlId": null,
   "mark": null,
   "allowChangeDeadline": "N",
   "allowTimeTracking": "N",
   "matchWorkTime": "N",
   "taskControl": "N",
   "addInReport": "N",
   "forumTopicId": "1626",
   "parentId": null,
   "commentsCount": "3",
   "serviceCommentsCount": "3",
   "forumId": "11",
   "siteId": "s1",
   "subordinate": "N",
   "exchangeModified": null,
   "exchangeId": null,
   "outlookVersion": "9",
   "viewedDate": "2024-10-07T09:26:11+03:00",
   "deadlineCounted": "0",
   "forkedByTemplateId": null,
   "sorting": null,
   "durationPlanSeconds": null,
   "durationTypeAll": "days",
   "scenarioName": [
    "default"
   ],
   "isRegular": "N",
   "flowId": null,
   "isMuted": "N",
   "isPinned": "N",
   "isPinnedInGroup": "N",
   "ufCrmTask": false,
   "ufTaskWebdavFiles": false,
   "ufMailMessage": null,
   "status": "3",
   "statusChangedDate": "2024-10-07T09:26:11+03:00",
   "durationPlan": null,
   "durationType": "days",
   "favorite": "N",
   "groupId": "0",
   "auditors": [],
   "accomplices": [],
   "tags": [],
   "checklist": [],
   "files": [],
   "dependsOn": [],
   "group": [],
   "creator": {
    "id": "1",
    "name": "Антон Титовец",
    "link": "/company/personal/user/1/",
    "icon": "https://b24-ar17wx.bitrix24.by/b28528874/resize_cache/30/c0120a8d7c10d63c83e32398d1ec4d9e/main/d7e/d7e99cf556e4ab676463dae2c00ddfbb/a7e0af6899300e3c684caeca5c334d81.jpg",
    "workPosition": null
   },
   "responsible": {
    "id": "578",
    "name": "Олег Лама",
    "link": "/company/personal/user/578/",
    "icon": "/bitrix/images/tasks/default_avatar.png",
    "workPosition": null
   },
   "accomplicesData": [],
   "auditorsData": [],
   "newCommentsCount": 0,
   "action": {
    "accept": false,
    "decline": false,
    "complete": true,
    "approve": false,
    "disapprove": false,
    "start": false,
    "pause": true,
    "delegate": true,
    "remove": true,
    "edit": true,
    "defer": false,
    "renew": false,
    "create": true,
    "changeDeadline": true,
    "checklistAddItems": true,
    "addFavorite": true,
    "deleteFavorite": false,
    "rate": true,
    "edit.originator": false,
    "checklist.reorder": true,
    "elapsedtime.add": true,
    "dayplan.timer.toggle": false,
    "edit.plan": true,
    "checklist.add": true,
    "favorite.add": true,
    "favorite.delete": false
   },
   "checkListTree": {
    "nodeId": 0,
    "fields": {
     "id": null,
     "copiedId": null,
     "entityId": null,
     "userId": 1,
     "createdBy": null,
     "parentId": null,
     "title": "",
     "sortIndex": null,
     "displaySortIndex": "",
     "isComplete": false,
     "isImportant": false,
     "completedCount": 0,
     "members": [],
     "attachments": []
    },
    "action": [],
    "descendants": []
   },
   "checkListCanAdd": true
  }
 },
 "time": {
  "start": 1728282373.07114,
  "finish": 1728282373.13035,
  "duration": 0.0592141151428223,
  "processing": 0.0339851379394531,
  "date_start": "2024-10-07T09:26:13+03:00",
  "date_finish": "2024-10-07T09:26:13+03:00",
  "operating_reset_at": 1728282973,
  "operating": 0
 }
}
