{
 "result": {
  "task": {
   "id": "10230",
   "parentId": null,
   "title": "Другой заголовок задачи",
   "description": "Другое описание задачи",
   "mark": null,
   "priority": "1",
   "multitask": "N",
   "notViewed": "N",
   "replicate": "N",
   "stageId": "0",
   "sprintId": null,
   "backlogId": null,
   "createdBy": "1",
   "createdDate": "2026-04-06T21:57:16+03:00",
   "responsibleId": "2960",
   "changedBy": "1",
   "changedDate": "2026-04-06T21:57:49+03:00",
   "statusChangedBy": "1",
   "closedBy": "1",
   "closedDate": null,
   "activityDate": "2026-04-06T21:57:47+03:00",
   "dateStart": "2026-04-06T21:57:47+03:00",
   "deadline": "2026-04-07T21:57:00+03:00",
   "startDatePlan": "2026-04-06T21:57:16+03:00",
   "endDatePlan": "2026-04-07T00:00:00+03:00",
   "guid": "{8f64005a-0642-4b0a-a67b-02c9c3eedea1}",
   "xmlId": null,
   "commentsCount": null,
   "serviceCommentsCount": null,
   "allowChangeDeadline": "N",
   "allowTimeTracking": "N",
   "taskControl": "N",
   "addInReport": "N",
   "forkedByTemplateId": null,
   "timeEstimate": "0",
   "timeSpentInLogs": null,
   "matchWorkTime": "N",
   "forumTopicId": null,
   "forumId": null,
   "siteId": "s1",
   "subordinate": "Y",
   "exchangeModified": null,
   "exchangeId": null,
   "outlookVersion": "9",
   "viewedDate": null,
   "sorting": null,
   "durationFact": null,
   "isMuted": "N",
   "isPinned": "N",
   "isPinnedInGroup": "N",
   "flowId": "***",
   "chatId": "***",
   "descriptionInBbcode": "Y",
   "status": "3",
   "statusChangedDate": "2026-04-06T21:57:47+03:00",
   "durationPlan": null,
   "durationType": "days",
   "favorite": "N",
   "groupId": "0",
   "auditors": [],
   "accomplices": [],
   "checklist": [],
   "group": [],
   "creator": {
    "id": "1",
    "name": "Антон Титовец",
    "link": "/company/personal/user/1/",
    "icon": "https://b24-ar17wx.bitrix24.by/b28528874/resize_cache/30/c0120a8d7c10d63c83e32398d1ec4d9e/main/d7e/d...",
    "workPosition": null
   },
   "responsible": {
    "id": "2960",
    "name": "Oleg Lama",
    "link": "/company/personal/user/2960/",
    "icon": "/bitrix/images/tasks/default_avatar.png",
    "workPosition": null
   },
   "accomplicesData": [],
   "auditorsData": [],
   "newCommentsCount": 0,
   "action": {
    "accept": false,
    "decline": false,
    "complete": true,
    "approve": false,
    "disapprove": false,
    "start": false,
    "pause": true,
    "delegate": true,
    "remove": true,
    "edit": true,
    "defer": false,
    "renew": false,
    "create": true,
    "changeDeadline": true,
    "checklistAddItems": true,
    "addFavorite": true,
    "deleteFavorite": false,
    "rate": true,
    "take": false,
    "edit.originator": "***",
    "checklist.reorder": true,
    "elapsedtime.add": true,
    "dayplan.timer.toggle": false,
    "edit.plan": true,
    "checklist.add": true,
    "favorite.add": true,
    "favorite.delete": false
   },
   "checkListTree": {
    "nodeId": 0,
    "fields": {
     "id": null,
     "copiedId": null,
     "entityId": null,
     "userId": 1,
     "createdBy": null,
     "parentId": null,
     "title": "",
     "sortIndex": null,
     "displaySortIndex": "",
     "isComplete": false,
     "isImportant": false,
     "completedCount": 0,
     "members": [],
     "attachments": [],
     "nodeId": null
    },
    "action": [],
    "descendants": []
   },
   "checkListCanAdd": true
  }
 },
 "time": {
  "start": 1775501871,
  "finish": 1775501871.91083,
  "duration": 0.91083288192749,
  "processing": 0,
  "date_start": "2026-04-06T21:57:51+03:00",
  "date_finish": "2026-04-06T21:57:51+03:00",
  "operating_reset_at": 1775502471,
  "operating": 0
 }
}
