{
 "result": {
  "task": {
   "id": "7982",
   "parentId": null,
   "title": "Другой заголовок задачи",
   "description": "Другое описание задачи",
   "mark": null,
   "priority": "1",
   "multitask": "N",
   "notViewed": "N",
   "replicate": "N",
   "stageId": "0",
   "sprintId": null,
   "backlogId": null,
   "createdBy": "1",
   "createdDate": "2025-09-15T20:21:43+00:00",
   "responsibleId": "2660",
   "changedBy": "1",
   "changedDate": "2025-09-15T20:23:14+00:00",
   "statusChangedBy": "1",
   "closedBy": "0",
   "closedDate": null,
   "activityDate": "2025-09-15T20:22:54+00:00",
   "dateStart": "2025-09-15T20:22:59+00:00",
   "deadline": "2025-09-16T20:21:00+00:00",
   "startDatePlan": "2025-09-15T20:21:43+00:00",
   "endDatePlan": "2025-09-15T21:00:00+00:00",
   "guid": "{41f7f57f-1c63-428f-bbfd-760c96b3a5d6}",
   "xmlId": null,
   "commentsCount": "3",
   "serviceCommentsCount": "3",
   "allowChangeDeadline": "N",
   "allowTimeTracking": "N",
   "taskControl": "N",
   "addInReport": "N",
   "forkedByTemplateId": null,
   "timeEstimate": "0",
   "timeSpentInLogs": null,
   "matchWorkTime": "N",
   "forumTopicId": "5194",
   "forumId": "11",
   "siteId": "s1",
   "subordinate": "Y",
   "exchangeModified": null,
   "exchangeId": null,
   "outlookVersion": "10",
   "viewedDate": "2025-09-15T20:22:54+00:00",
   "sorting": null,
   "durationFact": null,
   "isMuted": "N",
   "isPinned": "N",
   "isPinnedInGroup": "N",
   "flowId": null,
   "descriptionInBbcode": "Y",
   "status": "2",
   "statusChangedDate": "2025-09-15T20:23:14+00:00",
   "durationPlan": null,
   "durationType": "days",
   "favorite": "N",
   "groupId": "0",
   "auditors": [],
   "accomplices": [],
   "checklist": [],
   "group": [],
   "creator": {
    "id": "1",
    "name": "Антон Титовец",
    "link": "/company/personal/user/1/",
    "icon": "https://b24-ar17wx.bitrix24.by/b28528874/resize_cache/30/c0120a8d7c10d63c83e32398d1ec4d9e/main/d7e/d7e99cf556e4ab676463dae2c00ddfbb/a7e0af6899300e3c684caeca5c334d81.jpg",
    "workPosition": null
   },
   "responsible": {
    "id": "2660",
    "name": "Олег Лама",
    "link": "/company/personal/user/2660/",
    "icon": "/bitrix/images/tasks/default_avatar.png",
    "workPosition": null
   },
   "accomplicesData": [],
   "auditorsData": [],
   "newCommentsCount": 0,
   "action": {
    "accept": false,
    "decline": false,
    "complete": true,
    "approve": false,
    "disapprove": false,
    "start": true,
    "pause": false,
    "delegate": true,
    "remove": true,
    "edit": true,
    "defer": true,
    "renew": false,
    "create": true,
    "changeDeadline": true,
    "checklistAddItems": true,
    "addFavorite": true,
    "deleteFavorite": false,
    "rate": true,
    "take": false,
    "edit.originator": false,
    "checklist.reorder": true,
    "elapsedtime.add": true,
    "dayplan.timer.toggle": false,
    "edit.plan": true,
    "checklist.add": true,
    "favorite.add": true,
    "favorite.delete": false
   },
   "checkListTree": {
    "nodeId": 0,
    "fields": {
     "id": null,
     "copiedId": null,
     "entityId": null,
     "userId": 1,
     "createdBy": null,
     "parentId": null,
     "title": "",
     "sortIndex": null,
     "displaySortIndex": "",
     "isComplete": false,
     "isImportant": false,
     "completedCount": 0,
     "members": [],
     "attachments": [],
     "nodeId": null
    },
    "action": [],
    "descendants": []
   },
   "checkListCanAdd": true
  }
 },
 "time": {
  "start": 1757967794.46898,
  "finish": 1757967794.67632,
  "duration": 0.207337856292725,
  "processing": 0.181818008422852,
  "date_start": "2025-09-15T20:23:14+00:00",
  "date_finish": "2025-09-15T20:23:14+00:00",
  "operating_reset_at": 1757968394,
  "operating": 0.181797027587891
 }
}
