    {
 "result": {
  "task": {
   "id": "2376",
   "title": "Другой заголовок задачи",
   "description": "Другое описание задачи",
   "descriptionInBbcode": "Y",
   "declineReason": "",
   "priority": "1",
   "notViewed": "N",
   "statusComplete": "2",
   "multitask": "N",
   "stageId": "0",
   "responsibleId": "594",
   "responsibleName": "Oleg",
   "responsibleLastName": "Lama",
   "responsibleSecondName": null,
   "responsibleLogin": "584b160c-03dc-4548-a898-282d95334643@exepmple.org",
   "responsibleWorkPosition": null,
   "responsiblePhoto": null,
   "dateStart": null,
   "durationFact": null,
   "timeEstimate": "0",
   "timeSpentInLogs": null,
   "replicate": "N",
   "deadline": "2024-10-09T23:48:00+03:00",
   "deadlineOrig": "09.10.2024 23:48:00",
   "startDatePlan": "2024-10-08T20:48:35+03:00",
   "endDatePlan": "2024-10-09T00:00:00+03:00",
   "createdBy": "1",
   "createdByName": "Антон",
   "createdByLastName": "Титовец",
   "createdBySecondName": null,
   "createdByLogin": "VKuser657846756",
   "createdByWorkPosition": null,
   "createdByPhoto": "30",
   "createdDate": "2024-10-08T20:48:35+03:00",
   "changedBy": "1",
   "changedDate": "2024-10-08T20:48:45+03:00",
   "statusChangedBy": "1",
   "closedBy": "1",
   "closedDate": "2024-10-08T20:48:45+03:00",
   "activityDate": "2024-10-08T20:48:45+03:00",
   "guid": "{e7e5de1d-0eaa-41b1-8b7c-37834f07b5cc}",
   "xmlId": null,
   "mark": null,
   "allowChangeDeadline": "N",
   "allowTimeTracking": "N",
   "matchWorkTime": "N",
   "taskControl": "N",
   "addInReport": "N",
   "forumTopicId": "1650",
   "parentId": null,
   "commentsCount": "2",
   "serviceCommentsCount": "2",
   "forumId": "11",
   "siteId": "s1",
   "subordinate": "N",
   "exchangeModified": null,
   "exchangeId": null,
   "outlookVersion": "6",
   "viewedDate": "2024-10-08T20:48:45+03:00",
   "deadlineCounted": "0",
   "forkedByTemplateId": null,
   "sorting": null,
   "durationPlanSeconds": null,
   "durationTypeAll": "days",
   "scenarioName": [
    "default"
   ],
   "isRegular": "N",
   "flowId": null,
   "isMuted": "N",
   "isPinned": "N",
   "isPinnedInGroup": "N",
   "ufCrmTask": false,
   "ufTaskWebdavFiles": false,
   "ufMailMessage": null,
   "status": "5",
   "statusChangedDate": "2024-10-08T20:48:45+03:00",
   "durationPlan": null,
   "durationType": "days",
   "favorite": "N",
   "groupId": "0",
   "auditors": [],
   "accomplices": [],
   "tags": [],
   "checklist": [],
   "files": [],
   "dependsOn": [],
   "group": [],
   "creator": {
    "id": "1",
    "name": "Антон Титовец",
    "link": "/company/personal/user/1/",
    "icon": "https://b24-ar17wx.bitrix24.by/b28528874/resize_cache/30/c0120a8d7c10d63c83e32398d1ec4d9e/main/d7e/d7e99cf556e4ab676463dae2c00ddfbb/a7e0af6899300e3c684caeca5c334d81.jpg",
    "workPosition": null
   },
   "responsible": {
    "id": "594",
    "name": "Oleg Lama",
    "link": "/company/personal/user/594/",
    "icon": "/bitrix/images/tasks/default_avatar.png",
    "workPosition": null
   },
   "accomplicesData": [],
   "auditorsData": [],
   "newCommentsCount": 0,
   "action": {
    "accept": false,
    "decline": false,
    "complete": false,
    "approve": false,
    "disapprove": false,
    "start": false,
    "pause": false,
    "delegate": false,
    "remove": true,
    "edit": true,
    "defer": false,
    "renew": true,
    "create": true,
    "changeDeadline": true,
    "checklistAddItems": true,
    "addFavorite": true,
    "deleteFavorite": false,
    "rate": true,
    "edit.originator": false,
    "checklist.reorder": true,
    "elapsedtime.add": true,
    "dayplan.timer.toggle": false,
    "edit.plan": true,
    "checklist.add": true,
    "favorite.add": true,
    "favorite.delete": false
   },
   "checkListTree": {
    "nodeId": 0,
    "fields": {
     "id": null,
     "copiedId": null,
     "entityId": null,
     "userId": 1,
     "createdBy": null,
     "parentId": null,
     "title": "",
     "sortIndex": null,
     "displaySortIndex": "",
     "isComplete": false,
     "isImportant": false,
     "completedCount": 0,
     "members": [],
     "attachments": []
    },
    "action": [],
    "descendants": []
   },
   "checkListCanAdd": true
  }
 },
 "time": {
  "start": 1728409726.20928,
  "finish": 1728409726.2681,
  "duration": 0.0588231086730957,
  "processing": 0.034060001373291,
  "date_start": "2024-10-08T20:48:46+03:00",
  "date_finish": "2024-10-08T20:48:46+03:00",
  "operating_reset_at": 1728410326,
  "operating": 0
 }
}
