    {
 "result": {
  "ID": 12302,
  "NAME": "Новое имя файла.jpg",
  "CODE": null,
  "STORAGE_ID": "3",
  "TYPE": "file",
  "PARENT_ID": "12280",
  "DELETED_TYPE": 0,
  "GLOBAL_CONTENT_VERSION": 1,
  "FILE_ID": 8476,
  "SIZE": "805189",
  "CREATE_TIME": "2024-10-07T16:06:51+03:00",
  "UPDATE_TIME": "2024-10-07T16:06:51+03:00",
  "DELETE_TIME": null,
  "CREATED_BY": "1",
  "UPDATED_BY": "1",
  "DELETED_BY": null,
  "DOWNLOAD_URL": "https://b24-ar17wx.bitrix24.by/rest/1/1o2dojryqvjybc11/download/?token=disk%7CaWQ9MTIzMDImXz1tdlVNeFZPdkhwdVNDbG1OSjdaYm5QVGx4V1pUc1JtZQ%3D%3D%7CImRvd25sb2FkfGRpc2t8YVdROU1USXpNREltWHoxdGRsVk5lRlpQZGtod2RWTkRiRzFPU2pkYVltNVFWR3g0VjFwVWMxSnRaUT09fDF8MW8yZG9qcnlxdmp5YmMxMSI%3D.oxuVXeS7cAodfBRHaM4fxKwHDnuS%2FEyM2I0oXL8G%2BOM%3D",
  "DETAIL_URL": "https://b24-ar17wx.bitrix24.by/docs/file/Новый каталог 2/Новое имя файла.jpg"
 },
 "time": {
  "start": 1728306411.92185,
  "finish": 1728306412.00688,
  "duration": 0.0850341320037842,
  "processing": 0.0542140007019043,
  "date_start": "2024-10-07T16:06:51+03:00",
  "date_finish": "2024-10-07T16:06:52+03:00",
  "operating_reset_at": 1728307011,
  "operating": 0
 }
}
