{
 "result": {
  "ID": 60084,
  "NAME": "Новый подкаталог",
  "CODE": null,
  "STORAGE_ID": "3",
  "TYPE": "folder",
  "REAL_OBJECT_ID": 60084,
  "PARENT_ID": "60080",
  "DELETED_TYPE": 0,
  "CREATE_TIME": "2026-06-15T21:05:17+03:00",
  "UPDATE_TIME": "2026-06-15T21:05:17+03:00",
  "DELETE_TIME": null,
  "CREATED_BY": "1",
  "UPDATED_BY": "1",
  "DELETED_BY": null,
  "DETAIL_URL": "https://b24-ar17wx.bitrix24.by/docs/path/Новый каталог/Новый подкаталог 2/Новый подкаталог"
 },
 "time": {
  "start": 1781546717,
  "finish": 1781546717.93752,
  "duration": 0.937520980834961,
  "processing": 0,
  "date_start": "2026-06-15T21:05:17+03:00",
  "date_finish": "2026-06-15T21:05:17+03:00",
  "operating_reset_at": 1781547317,
  "operating": 0
 }
}
