{
 "result": {
  "ID": 58846,
  "NAME": "Новое имя файла.jpg",
  "CODE": null,
  "STORAGE_ID": "3",
  "TYPE": "file",
  "PARENT_ID": "58830",
  "DELETED_TYPE": 0,
  "GLOBAL_CONTENT_VERSION": 1,
  "FILE_ID": 40618,
  "SIZE": "805189",
  "CREATE_TIME": "2026-06-06T20:28:47+03:00",
  "UPDATE_TIME": "2026-06-06T20:28:48+03:00",
  "DELETE_TIME": null,
  "CREATED_BY": "1",
  "UPDATED_BY": "1",
  "DELETED_BY": null,
  "DOWNLOAD_URL": "https://b24-ar17wx.bitrix24.by/rest/download.json?auth=3966246a006e9f06006b12e400000001000007b4a3a35...",
  "DETAIL_URL": "https://b24-ar17wx.bitrix24.by/docs/file/Новый каталог/Новое имя файла.jpg"
 },
 "time": {
  "start": 1780766927,
  "finish": 1780766928.03621,
  "duration": 1.03621196746826,
  "processing": 1,
  "date_start": "2026-06-06T20:28:47+03:00",
  "date_finish": "2026-06-06T20:28:48+03:00",
  "operating_reset_at": 1780767527,
  "operating": 0
 }
}
