    {
 "result": {
  "ID": 12220,
  "NAME": "Новый каталог 2",
  "CODE": null,
  "STORAGE_ID": "3",
  "TYPE": "folder",
  "REAL_OBJECT_ID": 12220,
  "PARENT_ID": "3",
  "DELETED_TYPE": 0,
  "CREATE_TIME": "2024-10-07T09:26:53+03:00",
  "UPDATE_TIME": "2024-10-07T09:26:53+03:00",
  "DELETE_TIME": null,
  "CREATED_BY": "1",
  "UPDATED_BY": "1",
  "DELETED_BY": null,
  "DETAIL_URL": "https://b24-ar17wx.bitrix24.by/docs/path/Новый каталог 2"
 },
 "time": {
  "start": 1728282413.94575,
  "finish": 1728282414.00377,
  "duration": 0.0580229759216309,
  "processing": 0.0332870483398438,
  "date_start": "2024-10-07T09:26:53+03:00",
  "date_finish": "2024-10-07T09:26:54+03:00",
  "operating_reset_at": 1728283013,
  "operating": 0
 }
}
