{
 "result": {
  "ID": 63390,
  "NAME": "Новый подкаталог",
  "CODE": null,
  "STORAGE_ID": "3",
  "TYPE": "folder",
  "REAL_OBJECT_ID": 63390,
  "PARENT_ID": "63386",
  "DELETED_TYPE": 0,
  "CREATE_TIME": "2026-07-14T08:50:11+00:00",
  "UPDATE_TIME": "2026-07-14T08:50:11+00:00",
  "DELETE_TIME": null,
  "CREATED_BY": "1",
  "UPDATED_BY": "1",
  "DELETED_BY": null,
  "DETAIL_URL": "https://b24-ar17wx.bitrix24.by/docs/path/Новый каталог/Новый подкаталог"
 },
 "time": {
  "start": 1784019011,
  "finish": 1784019011.4362,
  "duration": 0.436203956604004,
  "processing": 0,
  "date_start": "2026-07-14T08:50:11+00:00",
  "date_finish": "2026-07-14T08:50:11+00:00",
  "operating_reset_at": 1784019611,
  "operating": 0
 }
}
