{
 "result": {
  "id": 2874,
  "taskId": 7808,
  "commentId": 18208,
  "createdBy": 1,
  "createdAt": "2025-09-10T18:22:50+00:00",
  "updatedAt": "2025-09-10T18:22:50+00:00",
  "status": 0,
  "text": "Задача изменена, расходимся",
  "formattedText": "Задача изменена, расходимся",
  "files": null
 },
 "time": {
  "start": 1757528580.25789,
  "finish": 1757528580.3119,
  "duration": 0.0540149211883545,
  "processing": 0.0291872024536133,
  "date_start": "2025-09-10T18:23:00+00:00",
  "date_finish": "2025-09-10T18:23:00+00:00",
  "operating_reset_at": 1757529180,
  "operating": 0
 }
}
