    {
 "result": {
  "ID": 12344,
  "NAME": "Новый подкаталог 2",
  "CODE": null,
  "STORAGE_ID": "3",
  "TYPE": "folder",
  "REAL_OBJECT_ID": 12344,
  "PARENT_ID": "12342",
  "DELETED_TYPE": 0,
  "CREATE_TIME": "2024-10-07T21:46:46+03:00",
  "UPDATE_TIME": "2024-10-07T21:46:46+03:00",
  "DELETE_TIME": null,
  "CREATED_BY": "1",
  "UPDATED_BY": "1",
  "DELETED_BY": null,
  "DETAIL_URL": "https://b24-ar17wx.bitrix24.by/docs/path/Новый каталог/Новый подкаталог 2"
 },
 "time": {
  "start": 1728326806.90527,
  "finish": 1728326806.95681,
  "duration": 0.0515429973602295,
  "processing": 0.0241138935089111,
  "date_start": "2024-10-07T21:46:46+03:00",
  "date_finish": "2024-10-07T21:46:46+03:00",
  "operating_reset_at": 1728327406,
  "operating": 0
 }
}
