    {
 "result": {
  "id": 848,
  "taskId": 2350,
  "commentId": 5834,
  "createdBy": 1,
  "createdAt": "2024-10-07T16:06:16+03:00",
  "updatedAt": "2024-10-07T16:06:16+03:00",
  "status": 0,
  "text": "Задача изменена, не расходимся",
  "formattedText": "Задача изменена, не расходимся",
  "files": null
 },
 "time": {
  "start": 1728306377.42372,
  "finish": 1728306377.52476,
  "duration": 0.101047992706299,
  "processing": 0.0497679710388184,
  "date_start": "2024-10-07T16:06:17+03:00",
  "date_finish": "2024-10-07T16:06:17+03:00",
  "operating_reset_at": 1728306977,
  "operating": 0
 }
}
