{
 "result": {
  "ID": 58128,
  "NAME": "Новый каталог",
  "CODE": null,
  "STORAGE_ID": "3",
  "TYPE": "folder",
  "REAL_OBJECT_ID": 58128,
  "PARENT_ID": "3",
  "DELETED_TYPE": 0,
  "CREATE_TIME": "2026-05-26T17:53:39+00:00",
  "UPDATE_TIME": "2026-05-26T17:53:39+00:00",
  "DELETE_TIME": null,
  "CREATED_BY": "1",
  "UPDATED_BY": "1",
  "DELETED_BY": null,
  "DETAIL_URL": "https://b24-ar17wx.bitrix24.by/docs/path/Новый каталог"
 },
 "time": {
  "start": 1779818019,
  "finish": 1779818019.09344,
  "duration": 0.0934419631958008,
  "processing": 0,
  "date_start": "2026-05-26T17:53:39+00:00",
  "date_finish": "2026-05-26T17:53:39+00:00",
  "operating_reset_at": 1779818619,
  "operating": 0
 }
}
