{
 "status": 200,
 "response": {},
 "headers": {
  "Accept-Ranges": "bytes",
  "Location": "/0cbc9089",
  "Vary": "Accept-Encoding",
  "Server": "Microsoft-IIS/10.0",
  "Strict-Transport-Security": "max-age=31536000; includeSubDomains",
  "X-Amz-Id-2": "dd9025bab4ad464b049177c95eb6ebf374d3b3fd1af9251148b658df7ac2e3e8",
  "X-Amz-Request-Id": "1899F7CC0AB3D800",
  "X-Content-Type-Options": "nosniff",
  "X-Ratelimit-Limit": "3088",
  "X-Ratelimit-Remaining": "3088",
  "X-XSS-Protection": "1; mode=block",
  "X-Powered-By": "ARR/3.0",
  "Date": "Thu, 05 Mar 2026 14:19:43 GMT",
  "Content-Length": "0"
 }
}
