 {
 "status": 404,
 "response": {
  "Error": {
   "Code": "NoSuchBucket",
   "Message": "The specified bucket does not exist",
   "BucketName": "opi-dirbucket3",
   "Resource": "/opi-dirbucket3/",
   "RequestId": "1852113CB56CCE72",
   "HostId": "0757065d17b69556603743b9ea63f04bc7b9f349245bbff6b0ba901258e9c169"
  }
 },
 "headers": {
  "Accept-Ranges": "bytes",
  "Content-Length": "329",
  "Content-Type": "application/xml",
  "Date": "Mon, 14 Jul 2025 08:35:57 GMT",
  "Server": "MinIO",
  "Strict-Transport-Security": "max-age=31536000; includeSubDomains",
  "Vary": "Origin,Accept-Encoding",
  "X-Amz-Id-2": "0757065d17b69556603743b9ea63f04bc7b9f349245bbff6b0ba901258e9c169",
  "X-Amz-Request-Id": "1852113CB56CCE72",
  "X-Content-Type-Options": "nosniff",
  "X-Xss-Protection": "1; mode=block"
 }
}
