 {
 "status": 200,
 "response": {
  "VersioningConfiguration": {
   "Status": "Enabled"
  }
 },
 "headers": {
  "Accept-Ranges": "bytes",
  "Content-Length": "123",
  "Content-Type": "application/xml",
  "Date": "Sun, 17 Nov 2024 19:19:09 GMT",
  "Server": "MinIO",
  "Strict-Transport-Security": "max-age=31536000; includeSubDomains",
  "Vary": "Origin,Accept-Encoding",
  "X-Amz-Id-2": "057275ee0636b36a8256f409a6ff665de46bfaa1f0d5faf2d1b4f312e55c34fa",
  "X-Amz-Request-Id": "1808D7A271D34A45",
  "X-Content-Type-Options": "nosniff",
  "X-Xss-Protection": "1; mode=block"
 }
}
