 {
 "status": 200,
 "response": {
  "Tagging": {
   "TagSet": {
    "Tag": [
     {
      "Key": "MyTag1",
      "Value": "SomeValue"
     },
     {
      "Key": "MyTag2",
      "Value": "AnotherOne"
     }
    ]
   }
  }
 },
 "headers": {
  "Accept-Ranges": "bytes",
  "Content-Length": "141",
  "Content-Type": "application/xml",
  "Date": "Mon, 18 Nov 2024 10:58:47 GMT",
  "Server": "MinIO",
  "Strict-Transport-Security": "max-age=31536000; includeSubDomains",
  "Vary": "Origin,Accept-Encoding",
  "X-Amz-Id-2": "e602da57d0c30b8c7034fcfe129917205f80f7bab979408e71da5d1441c85e79",
  "X-Amz-Request-Id": "18090AE8F40AEF87",
  "X-Content-Type-Options": "nosniff",
  "X-Xss-Protection": "1; mode=block"
 }
}
