{
 "status": 200,
 "response": {
  "Tagging": {
   "TagSet": {
    "Tag": [
     {
      "Key": "***",
      "Value": "SomeValue"
     },
     {
      "Key": "***",
      "Value": "AnotherOne"
     }
    ]
   }
  }
 },
 "headers": {
  "Accept-Ranges": "bytes",
  "Vary": "Accept-Encoding",
  "Server": "Microsoft-IIS/10.0",
  "Strict-Transport-Security": "max-age=31536000; includeSubDomains",
  "X-Amz-Id-2": "dd9025bab4ad464b049177c95eb6ebf374d3b3fd1af9251148b658df7ac2e3e8",
  "X-Amz-Request-Id": "18A01CEB46CF54BF",
  "X-Content-Type-Options": "nosniff",
  "X-Ratelimit-Limit": "6373",
  "X-Ratelimit-Remaining": "6373",
  "X-XSS-Protection": "1; mode=block",
  "X-Powered-By": "ARR/3.0",
  "Date": "Wed, 25 Mar 2026 14:47:30 GMT",
  "Content-Type": "application/xml",
  "Content-Length": "180"
 }
}
