{
 "status": 200,
 "response": {
  "InitiateMultipartUploadResult": {
   "Bucket": "bb4368cf",
   "Key": "***",
   "UploadId": "MGI2Y2U2YTAtMDYxZC00NzkwLTk3YmEtOTM0NDY2MWFjZGYwLmMxZDg4N2I1LTJlY2UtNGVhMi04ZjZjLTUzNGYwNTA4OTUxNngxNzg0NDc4OTcwMTE4MTQ0Mzcw"
  }
 },
 "headers": {
  "Accept-Ranges": "bytes",
  "Vary": "Accept-Encoding",
  "Server": "Microsoft-IIS/10.0",
  "Strict-Transport-Security": "max-age=31536000; includeSubDomains",
  "X-Amz-Id-2": "dd9025bab4ad464b049177c95eb6ebf374d3b3fd1af9251148b658df7ac2e3e8",
  "X-Amz-Request-Id": "18C3BE2B33090DBE",
  "X-Content-Type-Options": "nosniff",
  "X-Ratelimit-Limit": "6364",
  "X-Ratelimit-Remaining": "6364",
  "X-XSS-Protection": "1; mode=block",
  "X-Powered-By": "ARR/3.0",
  "Date": "Sun, 19 Jul 2026 16:36:09 GMT",
  "Content-Type": "application/xml",
  "Content-Length": "346"
 }
}
