 {
 "status": 200,
 "response": {
  "InitiateMultipartUploadResult": {
   "Bucket": "opi-gpbucket3",
   "Key": "fileChunked.mp3",
   "UploadId": "MDk2NGE5MDUtNDcxZS00ZDljLTkzYjMtODM5ZDM4NGMyMWVhLjIxM2MwMjY0LTRmZTEtNDY4OC1iOTlhLWM5YjM3ODQyNDBkMA"
  }
 },
 "headers": {
  "Accept-Ranges": "bytes",
  "Content-Length": "325",
  "Content-Type": "application/xml",
  "Date": "Fri, 22 Nov 2024 10:12:21 GMT",
  "Server": "MinIO",
  "Strict-Transport-Security": "max-age=31536000; includeSubDomains",
  "Vary": "Origin,Accept-Encoding",
  "X-Amz-Id-2": "057275ee0636b36a8256f409a6ff665de46bfaa1f0d5faf2d1b4f312e55c34fa",
  "X-Amz-Request-Id": "180A42B27C7402D0",
  "X-Content-Type-Options": "nosniff",
  "X-Xss-Protection": "1; mode=block"
 }
}
