{
 "status": 200,
 "response": {
  "ListBucketResult": {
   "Name": "1438bb04",
   "Prefix": {},
   "KeyCount": "***",
   "MaxKeys": "***",
   "IsTruncated": "false",
   "Contents": {
    "Key": "***",
    "LastModified": "2026-05-25T14:29:01.827Z",
    "ETag": "\"9e0176f87f6565a22f78e0f9b39a4d78\"",
    "Size": "2114023",
    "StorageClass": "STANDARD"
   }
  }
 },
 "headers": {
  "Accept-Ranges": "bytes",
  "Vary": "Accept-Encoding",
  "Server": "Microsoft-IIS/10.0",
  "Strict-Transport-Security": "max-age=31536000; includeSubDomains",
  "X-Amz-Id-2": "dd9025bab4ad464b049177c95eb6ebf374d3b3fd1af9251148b658df7ac2e3e8",
  "X-Amz-Request-Id": "18B2D556ED620733",
  "X-Content-Type-Options": "nosniff",
  "X-Ratelimit-Limit": "6518",
  "X-Ratelimit-Remaining": "6518",
  "X-XSS-Protection": "1; mode=block",
  "X-Powered-By": "ARR/3.0",
  "Date": "Mon, 25 May 2026 14:29:32 GMT",
  "Content-Type": "application/xml",
  "Content-Length": "446"
 }
}
