{
 "status": 200,
 "response": {
  "ListVersionsResult": {
   "Name": "5da34d1e",
   "Prefix": "pic",
   "KeyMarker": {},
   "NextVersionIdMarker": {},
   "VersionIdMarker": {},
   "MaxKeys": "***",
   "IsTruncated": "false",
   "Version": {
    "Key": "***",
    "LastModified": "2026-06-18T17:46:50.510Z",
    "ETag": "\"9e0176f87f6565a22f78e0f9b39a4d78\"",
    "Size": "2114023",
    "Owner": {
     "ID": "02d6176db174dc93cb1b899f7c6078f08654445fe8cf1b6ce98d8855f66bdbf4",
     "DisplayName": "minio"
    },
    "StorageClass": "STANDARD",
    "IsLatest": "true",
    "VersionId": "null"
   }
  }
 },
 "headers": {
  "Accept-Ranges": "bytes",
  "Vary": "Accept-Encoding",
  "Server": "Microsoft-IIS/10.0",
  "Strict-Transport-Security": "max-age=31536000; includeSubDomains",
  "X-Amz-Id-2": "dd9025bab4ad464b049177c95eb6ebf374d3b3fd1af9251148b658df7ac2e3e8",
  "X-Amz-Request-Id": "18BA3E0DC2985B9C",
  "X-Content-Type-Options": "nosniff",
  "X-Ratelimit-Limit": "6209",
  "X-Ratelimit-Remaining": "6209",
  "X-XSS-Protection": "1; mode=block",
  "X-Powered-By": "ARR/3.0",
  "Date": "Thu, 18 Jun 2026 17:47:10 GMT",
  "Content-Type": "application/xml",
  "Content-Length": "702"
 }
}
