{
 "data": {
  "ok": 1,
  "roles": [
   {
    "_id": "admin.newrole",
    "db": "admin",
    "inheritedPrivileges": [
     {
      "actions": [
       "find",
       "insert",
       "update"
      ],
      "resource": {
       "collection": "new_collection",
       "db": "admin"
      }
     },
     {
      "actions": [
       "changeCustomData",
       "changePassword",
       "changeStream",
       "collStats",
       "createRole",
       "createUser",
       "dbHash",
       "dbStats",
       "dropRole",
       "dropUser",
       "find",
       "grantRole",
       "killCursors",
       "listCollections",
       "listIndexes",
       "listSearchIndexes",
       "planCacheRead",
       "revokeRole",
       "setAuthenticationRestriction",
       "viewRole",
       "viewUser"
      ],
      "resource": {
       "collection": "",
       "db": "admin"
      }
     },
     {
      "actions": [
       "changeStream",
       "collStats",
       "dbHash",
       "dbStats",
       "find",
       "killCursors",
       "listCollections",
       "listIndexes",
       "listSearchIndexes",
       "planCacheRead"
      ],
      "resource": {
       "collection": "system.js",
       "db": "admin"
      }
     }
    ],
    "inheritedRoles": [
     {
      "db": "admin",
      "role": "userAdmin"
     },
     {
      "db": "admin",
      "role": "read"
     }
    ],
    "isBuiltin": false,
    "privileges": [
     {
      "actions": [
       "find",
       "insert",
       "update"
      ],
      "resource": {
       "collection": "new_collection",
       "db": "admin"
      }
     }
    ],
    "role": "newrole",
    "roles": [
     {
      "db": "admin",
      "role": "read"
     },
     {
      "db": "admin",
      "role": "userAdmin"
     }
    ]
   }
  ]
 },
 "result": true
}
