{
 "result": true,
 "data": {
  "cursor": {
   "nextBatch": [
    {
     "_id": "692975bc19f0de9b3eb7149b",
     "stringField": "Текст",
     "intField": 200,
     "doubleField": 123.456,
     "boolField": true,
     "arrayField": [
      "***",
      "***"
     ],
     "docField": {
      "text": "Текст",
      "number": 10
     },
     "dateField": "2025-11-28T10:13:16.779Z",
     "binaryField": {
      "__B64_BINARY__": "0KLQtdC60YHRgg=="
     },
     "nullField": null
    }
   ],
   "id": 0,
   "ns": "main.new_collection"
  },
  "ok": 1
 }
}
