{
 "data": {
  "cursor": {
   "firstBatch": [
    {
     "_id": "6a3436b55ba6fdb43bedde2a",
     "arrayField": [
      "A",
      "<<MinKey>>"
     ],
     "binaryField": "<Двоичные данные>",
     "boolField": true,
     "dateField": "2025-11-15T10:55:41Z",
     "docField": {
      "code": "const result = 1",
      "number": 10
     },
     "doubleField": 124.456,
     "int32Field": 10,
     "int64Field": 1000,
     "jsField": "const result = [1, 2, 3].map(x => x * 2).filter(x => x > 3);",
     "maxkeyField": "***",
     "minkeyField": "***",
     "nullField": null,
     "oidField": "63ceed18f71dda7d8cf21e8e",
     "regexpField": "/[a-z]+@[a-z]+\\.[a-z]+/i",
     "stringField": "Текст",
     "symbolField": "Y",
     "tsField": "Timestamp(1781806773, 0)"
    }
   ],
   "id": 116909815974854952,
   "ns": "main.new_collection"
  },
  "ok": 1
 },
 "result": true
}
