{
 "result": true,
 "data": {
  "users": [
   {
    "_id": "admin.bayselonarrend",
    "userId": {
     "__B64_BINARY__": "o/sTQLP2Q0Gh/ktdyTzYEw=="
    },
    "user": "bayselonarrend",
    "db": "admin",
    "mechanisms": [
     null,
     null
    ],
    "credentials": {
     "SCRAM-SHA-1": {
      "iterationCount": 10000,
      "salt": "uJIHxzZApTwt+kxKvyGNFQ==",
      "storedKey": "***",
      "serverKey": "***"
     },
     "SCRAM-SHA-256": {
      "iterationCount": 15000,
      "salt": "5AWQEtOv0LtrbiyyPowpiiixAz+yuDiU5ckYMQ==",
      "storedKey": "***",
      "serverKey": "***"
     }
    },
    "roles": [
     {
      "role": "root",
      "db": "admin"
     }
    ],
    "inheritedRoles": [
     {
      "role": "root",
      "db": "admin"
     }
    ],
    "inheritedPrivileges": [
     {
      "resource": {
       "cluster": true
      },
      "actions": [
       null,
       null,
       null,
       null,
       null,
       null,
       null,
       null,
       null,
       null,
       null,
       null,
       null,
       null,
       null,
       null,
       null,
       null,
       null,
       null,
       null,
       null,
       null,
       null,
       null,
       null,
       null,
       null,
       null,
       null,
       null,
       null,
       null,
       null,
       null,
       null,
       null,
       null,
       null,
       null,
       null,
       null,
       null,
       null,
       null,
       null,
       null,
       null,
       null,
       null,
       null,
       null,
       null,
       null,
       null,
       null,
       null,
       null,
       null,
       null,
       null
      ]
     },
     {
      "resource": {
       "db": "",
       "collection": ""
      },
      "actions": [
       null,
       null,
       null,
       null,
       null,
       null,
       null,
       null,
       null,
       null,
       null,
       null,
       null,
       null,
       null,
       null,
       null,
       null,
       null,
       null,
       null,
       null,
       null,
       null,
       null,
       null,
       null,
       null,
       null,
       null,
       null,
       null,
       null,
       null,
       null,
       null,
       null,
       null,
       null,
       null,
       null,
       null,
       null,
       null,
       null,
       null,
       null,
       null,
       null,
       null,
       null,
       null,
       null,
       null,
       null
      ]
     },
     {
      "resource": {
       "db": "config",
       "collection": ""
      },
      "actions": [
       null,
       null,
       null,
       null,
       null,
       null,
       null,
       null,
       null,
       null,
       null,
       null,
       null,
       null,
       null,
       null,
       null,
       null,
       null,
       null,
       null,
       null,
       null,
       null,
       null,
       null,
       null,
       null,
       null,
       null,
       null,
       null,
       null,
       null,
       null,
       null,
       null,
       null,
       null,
       null,
       null,
       null
      ]
     },
     {
      "resource": {
       "db": "config",
       "collection": "system.sessions"
      },
      "actions": [
       null,
       null,
       null,
       null,
       null
      ]
     },
     {
      "resource": {
       "db": "local",
       "collection": ""
      },
      "actions": [
       null,
       null,
       null,
       null,
       null,
       null,
       null,
       null,
       null,
       null,
       null,
       null,
       null,
       null,
       null,
       null,
       null,
       null,
       null,
       null,
       null,
       null,
       null,
       null,
       null,
       null,
       null,
       null,
       null,
       null,
       null,
       null,
       null,
       null,
       null,
       null,
       null,
       null,
       null,
       null,
       null,
       null
      ]
     },
     {
      "resource": {
       "db": "config",
       "collection": "system.js"
      },
      "actions": [
       null,
       null,
       null,
       null,
       null,
       null,
       null,
       null,
       null,
       null
      ]
     },
     {
      "resource": {
       "db": "local",
       "collection": "system.js"
      },
      "actions": [
       null,
       null,
       null,
       null,
       null,
       null,
       null,
       null,
       null,
       null
      ]
     },
     {
      "resource": {
       "db": "local",
       "collection": "system.replset"
      },
      "actions": [
       null,
       null,
       null,
       null,
       null,
       null,
       null,
       null,
       null,
       null,
       null,
       null,
       null,
       null,
       null,
       null,
       null,
       null,
       null
      ]
     },
     {
      "resource": {
       "db": "local",
       "collection": "replset.election"
      },
      "actions": [
       null,
       null,
       null,
       null,
       null,
       null,
       null,
       null,
       null,
       null,
       null,
       null
      ]
     },
     {
      "resource": {
       "db": "local",
       "collection": "replset.minvalid"
      },
      "actions": [
       null,
       null,
       null,
       null,
       null,
       null,
       null,
       null,
       null,
       null,
       null,
       null
      ]
     },
     {
      "resource": {
       "db": "",
       "collection": "system.profile"
      },
      "actions": [
       null,
       null,
       null,
       null,
       null,
       null,
       null,
       null,
       null,
       null,
       null,
       null,
       null
      ]
     },
     {
      "resource": {
       "system_buckets": ""
      },
      "actions": [
       null,
       null,
       null,
       null,
       null,
       null,
       null,
       null,
       null,
       null,
       null,
       null,
       null,
       null,
       null,
       null,
       null,
       null,
       null,
       null,
       null,
       null,
       null,
       null,
       null,
       null,
       null,
       null,
       null,
       null,
       null,
       null,
       null,
       null,
       null,
       null,
       null,
       null,
       null,
       null
      ]
     },
     {
      "resource": {
       "anyResource": true
      },
      "actions": [
       null,
       null,
       null,
       null,
       null,
       null,
       null,
       null
      ]
     },
     {
      "resource": {
       "db": "local",
       "collection": "system.healthlog"
      },
      "actions": [
       null,
       null,
       null,
       null,
       null,
       null,
       null,
       null,
       null,
       null
      ]
     },
     {
      "resource": {
       "db": "",
       "collection": "system.users"
      },
      "actions": [
       null,
       null,
       null,
       null,
       null,
       null,
       null,
       null,
       null,
       null,
       null,
       null,
       null,
       null,
       null,
       null,
       null,
       null,
       null,
       null,
       null
      ]
     },
     {
      "resource": {
       "db": "admin",
       "collection": "system.users"
      },
      "actions": [
       null,
       null,
       null,
       null,
       null,
       null,
       null,
       null,
       null,
       null,
       null,
       null,
       null,
       null
      ]
     },
     {
      "resource": {
       "db": "admin",
       "collection": "system.roles"
      },
      "actions": [
       null,
       null,
       null,
       null,
       null,
       null,
       null,
       null,
       null,
       null,
       null,
       null,
       null,
       null
      ]
     },
     {
      "resource": {
       "db": "admin",
       "collection": "system.version"
      },
      "actions": [
       null,
       null,
       null,
       null,
       null,
       null,
       null,
       null,
       null,
       null,
       null,
       null,
       null,
       null,
       null,
       null,
       null,
       null,
       null
      ]
     },
     {
      "resource": {
       "db": "admin",
       "collection": "system.backup_users"
      },
      "actions": [
       null,
       null,
       null,
       null,
       null,
       null,
       null,
       null,
       null,
       null,
       null,
       null,
       null,
       null,
       null,
       null,
       null,
       null,
       null
      ]
     },
     {
      "resource": {
       "db": "",
       "collection": "system.js"
      },
      "actions": [
       null,
       null,
       null,
       null,
       null,
       null,
       null,
       null,
       null,
       null,
       null,
       null,
       null,
       null,
       null,
       null,
       null,
       null,
       null,
       null,
       null,
       null,
       null,
       null,
       null
      ]
     },
     {
      "resource": {
       "db": "config",
       "collection": "settings"
      },
      "actions": [
       null,
       null,
       null
      ]
     },
     {
      "resource": {
       "db": "admin",
       "collection": "tempusers"
      },
      "actions": [
       null
      ]
     },
     {
      "resource": {
       "db": "admin",
       "collection": "temproles"
      },
      "actions": [
       null
      ]
     },
     {
      "resource": {
       "db": "",
       "collection": "system.views"
      },
      "actions": [
       null
      ]
     },
     {
      "resource": {
       "db": "config",
       "collection": "system.preimages"
      },
      "actions": [
       null,
       null
      ]
     }
    ],
    "inheritedAuthenticationRestrictions": []
   },
   {
    "_id": "main.newuser",
    "userId": {
     "__B64_BINARY__": "dwfAY4zRROa/gtsY8dzklg=="
    },
    "user": "newuser",
    "db": "main",
    "mechanisms": [
     null,
     null
    ],
    "credentials": {
     "SCRAM-SHA-1": {
      "iterationCount": 10000,
      "salt": "zoP3OR6HnH3i21ay5jQ1EQ==",
      "storedKey": "***",
      "serverKey": "***"
     },
     "SCRAM-SHA-256": {
      "iterationCount": 15000,
      "salt": "UHymdFs7MD7kon3QAmop6G2io+L0zY8+5xB+tw==",
      "storedKey": "***",
      "serverKey": "***"
     }
    },
    "roles": [
     {
      "role": "readWrite",
      "db": "main"
     }
    ],
    "inheritedRoles": [
     {
      "role": "readWrite",
      "db": "main"
     }
    ],
    "inheritedPrivileges": [
     {
      "resource": {
       "db": "main",
       "collection": ""
      },
      "actions": [
       null,
       null,
       null,
       null,
       null,
       null,
       null,
       null,
       null,
       null,
       null,
       null,
       null,
       null,
       null,
       null,
       null,
       null,
       null,
       null,
       null,
       null,
       null
      ]
     },
     {
      "resource": {
       "db": "main",
       "collection": "system.js"
      },
      "actions": [
       null,
       null,
       null,
       null,
       null,
       null,
       null,
       null,
       null,
       null,
       null,
       null,
       null,
       null,
       null,
       null,
       null,
       null,
       null,
       null,
       null,
       null,
       null
      ]
     }
    ],
    "inheritedAuthenticationRestrictions": []
   }
  ],
  "ok": 1
 }
}
