{
 "spreadsheetId": "1KrMZjVbWZ0YjtKUfIVlkfC7pxgQ0O2-oONq_h2AU7qs",
 "totalUpdatedRows": 4,
 "totalUpdatedColumns": 2,
 "totalUpdatedCells": 8,
 "totalUpdatedSheets": 1,
 "responses": [
  {
   "spreadsheetId": "1KrMZjVbWZ0YjtKUfIVlkfC7pxgQ0O2-oONq_h2AU7qs",
   "updatedRange": "'Лист2'!A1",
   "updatedRows": 1,
   "updatedColumns": 1,
   "updatedCells": 1
  },
  {
   "spreadsheetId": "1KrMZjVbWZ0YjtKUfIVlkfC7pxgQ0O2-oONq_h2AU7qs",
   "updatedRange": "'Лист2'!A2",
   "updatedRows": 1,
   "updatedColumns": 1,
   "updatedCells": 1
  },
  {
   "spreadsheetId": "1KrMZjVbWZ0YjtKUfIVlkfC7pxgQ0O2-oONq_h2AU7qs",
   "updatedRange": "'Лист2'!B2",
   "updatedRows": 1,
   "updatedColumns": 1,
   "updatedCells": 1
  },
  {
   "spreadsheetId": "1KrMZjVbWZ0YjtKUfIVlkfC7pxgQ0O2-oONq_h2AU7qs",
   "updatedRange": "'Лист2'!B3",
   "updatedRows": 1,
   "updatedColumns": 1,
   "updatedCells": 1
  },
  {
   "spreadsheetId": "1KrMZjVbWZ0YjtKUfIVlkfC7pxgQ0O2-oONq_h2AU7qs",
   "updatedRange": "'Лист2'!A3",
   "updatedRows": 1,
   "updatedColumns": 1,
   "updatedCells": 1
  },
  {
   "spreadsheetId": "1KrMZjVbWZ0YjtKUfIVlkfC7pxgQ0O2-oONq_h2AU7qs",
   "updatedRange": "'Лист2'!A4",
   "updatedRows": 1,
   "updatedColumns": 1,
   "updatedCells": 1
  },
  {
   "spreadsheetId": "1KrMZjVbWZ0YjtKUfIVlkfC7pxgQ0O2-oONq_h2AU7qs",
   "updatedRange": "'Лист2'!B1",
   "updatedRows": 1,
   "updatedColumns": 1,
   "updatedCells": 1
  },
  {
   "spreadsheetId": "1KrMZjVbWZ0YjtKUfIVlkfC7pxgQ0O2-oONq_h2AU7qs",
   "updatedRange": "'Лист2'!B4",
   "updatedRows": 1,
   "updatedColumns": 1,
   "updatedCells": 1
  }
 ]
}
