{
 "tariff_code": "<Код тарифа (подробнее см. приложение 1)>",
 "recipient": {
  "company": "<Название компании>",
  "name": "<ФИО контактного лица>",
  "passport_series": "***",
  "passport_number": "***",
  "passport_date_of_issue": "***",
  "passport_organization": "***",
  "tin": "<ИНН>",
  "passport_date_of_birth": "***",
  "email": "<Email как RFC 2822>",
  "contragent_type": "<Тип отправителя: LEGAL_ENTITY, INDIVIDUAL >",
  "phones": [
   {
    "number": "<Номер телефона>",
    "additional": "<Дополнительная информация (добавочный номер)>"
   }
  ]
 },
 "packages": [
  {
   "number": "<Номер упаковки>",
   "weight": "<Общий вес (в граммах)>",
   "length": "<Габариты упаковки. Длина (в сантиметрах)>",
   "width": "***",
   "height": "<Габариты упаковки. Высота (в сантиметрах)>",
   "comment": "<Комментарий к упаковке>",
   "items": [
    {
     "name": "<Наименование товара>",
     "ware_key": "***",
     "marking": "<Маркировка товара>",
     "payment": {
      "value": "<Сумма наложенного платежа, в том числе и НДС>",
      "vat_sum": "<Сумма НДС>",
      "vat_rate": "<Ставка НДС (значение - 0, 10, 12, 20, null - нет НДС)>"
     },
     "cost": "<Объявленная стоимость товара>",
     "weight": "<Вес (за единицу товара, в граммах)>",
     "weight_gross": "<Вес брутто>",
     "amount": "<Количество единиц товара (в штуках)>",
     "name_i18n": "<Наименование на иностранном языке>",
     "brand": "<Бренд на иностранном языке>",
     "country_code": "<Код страны производителя товара ISO_3166-1_alpha-2>",
     "material": "<Код материала>",
     "wifi_gsm": "<Содержит wifi или gsm>",
     "url": "<Ссылка на сайт интернет-магазина с описанием товара>"
    }
   ]
  }
 ],
 "additional_order_types": "<Дополнительный тип заказа>",
 "comment": "<Комментарий к заказу>",
 "developer_key": "***",
 "shipment_point": "<Код ПВЗ СДЭК для самостоятельного привоза клиентом>",
 "delivery_point": "<Код офиса СДЭК, на который будет доставлена посылка>",
 "date_invoice": "<Дата инвойса>",
 "shipper_name": "<Грузоотправитель>",
 "shipper_address": "<Адрес грузоотправителя>",
 "sender": {
  "company": "<Название компании>",
  "name": "<ФИО контактного лица>",
  "email": "<Email для оповещений RFC 2822>",
  "passport_series": "***",
  "passport_number": "***",
  "passport_date_of_issue": "***",
  "passport_organization": "***",
  "tin": "<ИНН>",
  "passport_date_of_birth": "***",
  "contragent_type": "<Тип отправителя: LEGAL_ENTITY, INDIVIDUAL>",
  "phones": [
   {
    "number": "<Номер телефона>",
    "additional": "<Дополнительная информация (добавочный номер)>"
   }
  ]
 },
 "from_location": {
  "code": "<Код населенного пункта СДЭК>",
  "fias_guid": "<Уникальный идентификатор ФИАС>",
  "postal_code": "<Почтовый индекс>",
  "longitude": "<Долгота>",
  "latitude": "<Широта>",
  "country_code": "<Код страны в формате  ISO_3166-1_alpha-2>",
  "region": "<Название региона, уточняющий параметр для поля city>",
  "region_code": "<Код региона СДЭК, уточняющий параметр для поля city>",
  "sub_region": "<Название района региона, уточняющий параметр для поля region>",
  "city": "<Название города, уточняющий параметр для postal_code>",
  "kladr_code": "<Код КЛАДР>",
  "address": "<Строка адреса >"
 },
 "to_location": {
  "code": "<Код населенного пункта СДЭК>",
  "fias_guid": "<Уникальный идентификатор ФИАС>",
  "postal_code": "<Почтовый индекс>",
  "longitude": "<Долгота>",
  "latitude": "<Широта>",
  "country_code": "<Код страны в формате  ISO_3166-1_alpha-2>",
  "region": "<Название региона, уточняющий параметр для поля city>",
  "region_code": "<Код региона СДЭК, уточняющий параметр для поля city>",
  "sub_region": "<Название района региона, уточняющий параметр для поля region>",
  "city": "<Название города, уточняющий параметр для postal_code>",
  "kladr_code": "<Код КЛАДР>",
  "address": "<Строка адреса >"
 },
 "services": {
  "code": "<Тип дополнительной услуги>",
  "parameter": "<Параметр дополнительной услуги>"
 },
 "print": "<Необходимость сформировать печатную форму>",
 "is_client_return": "***",
 "accompanying_number": "<Номер сопроводительной накладной>",
 "widget_token": "***"
}
