{
 "entity": {
  "uuid": "918ac139-cb8a-43a7-9c6f-7c7a15b498b4",
  "orders": [
   {
    "order_uuid": "90b97fb5-0e8f-4605-817c-b715506db0ff"
   }
  ],
  "copy_count": 1,
  "format": "A5",
  "url": "https://api.edu.cdek.ru/v2/print/barcodes/918ac139-cb8a-43a7-9c6f-7c7a15b498b4.pdf",
  "lang": "RUS",
  "statuses": [
   {
    "code": "ACCEPTED",
    "name": "Принят",
    "date_time": "2026-07-15T17:47:31+00:00"
   },
   {
    "code": "PROCESSING",
    "name": "Формируется",
    "date_time": "2026-07-15T17:47:31+00:00"
   },
   {
    "code": "READY",
    "name": "Сформирован",
    "date_time": "2026-07-15T17:47:31+00:00"
   }
  ]
 },
 "requests": [
  {
   "request_uuid": "49e8dbff-cbc7-42be-a31b-bdda9b3f9eee",
   "type": "CREATE",
   "date_time": "2026-07-15T17:47:31+00:00",
   "state": "SUCCESSFUL"
  }
 ],
 "related_entities": []
}
