{
 "entity": {
  "uuid": "67365f60-827a-4c72-92d2-ee3da5b0186c",
  "orders": [
   {
    "order_uuid": "8cde35c5-5c46-4ca4-81f3-e3ff7cb9bc59"
   }
  ],
  "copy_count": 1,
  "type": "tpl_russia",
  "url": "https://api.edu.cdek.ru/v2/print/orders/67365f60-827a-4c72-92d2-ee3da5b0186c.pdf",
  "statuses": [
   {
    "code": "ACCEPTED",
    "name": "Принят",
    "date_time": "2026-06-08T18:00:57+03:00"
   },
   {
    "code": "PROCESSING",
    "name": "Формируется",
    "date_time": "2026-06-08T18:00:57+03:00"
   },
   {
    "code": "READY",
    "name": "Сформирован",
    "date_time": "2026-06-08T18:00:58+03:00"
   }
  ]
 },
 "requests": [
  {
   "request_uuid": "24109420-a2eb-4489-a9a3-4f90af90af38",
   "type": "CREATE",
   "date_time": "2026-06-08T18:00:57+03:00",
   "state": "SUCCESSFUL"
  }
 ],
 "related_entities": []
}
