{
 "entity": {
  "cdek_number": "1106207236",
  "order_uuid": "4fa76244-4641-4f7c-9c7a-e8297f2c6f04",
  "date": "2026-07-27",
  "time_from": "10:00",
  "time_to": "17:00",
  "comment": "Офис группы компаний",
  "to_location": {
   "code": 270,
   "city": "Новосибирск",
   "fias_guid": "0c5b2444-70a0-4932-980c-b4dc0d3f02b5",
   "kladr_code": "7700000000000",
   "country_code": "RU",
   "region": "Новосибирск",
   "sub_region": "Новосибирск",
   "longitude": 37.6204,
   "latitude": 55.754,
   "address": "ул. Блюхера, 33",
   "postal_code": "109004"
  },
  "uuid": "e91662f7-f902-40e1-af7e-7c69a0861847",
  "statuses": [
   {
    "code": "INVALID",
    "name": "Некорректна",
    "date_time": "2026-07-13T19:17:21+03:00"
   },
   {
    "code": "ACCEPTED",
    "name": "Принята",
    "date_time": "2026-07-13T19:17:20+03:00"
   }
  ]
 },
 "requests": [
  {
   "request_uuid": "d2044460-d39f-4eb4-8c53-c47a9d0b34fb",
   "type": "CREATE",
   "date_time": "2026-07-13T19:17:20+03:00",
   "state": "INVALID",
   "errors": [
    {
     "code": "delivery_date_forbidden",
     "message": "Доставка в указанную дату не осуществляется"
    }
   ]
  }
 ],
 "related_entities": []
}
