{
 "date": "<Дата доставки, согласованная с получателем>",
 "cdek_number": "<Номер заказа СДЭК>",
 "order_uuid": "<Идентификатор заказа в ИС СДЭК>",
 "time_from": "<Время доставки С, согласованное с получателем>",
 "time_to": "<Время доставки ПО, согласованное с получателем>",
 "comment": "<Комментарий>",
 "delivery_point": "<Буквенно-цифровой код ПВЗ СДЭК>",
 "to_location": {
  "code": "<Код населенного пункта СДЭК>",
  "fias_guid": "<Уникальный идентификатор ФИАС>",
  "postal_code": "<Почтовый индекс>",
  "longitude": "<Долгота>",
  "latitude": "<Широта>",
  "country_code": "<Код страны в формате  ISO_3166-1_alpha-2>",
  "region": "<Название региона>",
  "region_code": "<Код региона>",
  "sub_region": "<Название района региона>",
  "city": "<Название города>",
  "kladr_code": "<Код КЛАДР>",
  "address": "<Строка адреса>"
 }
}
