{
 "intake_date": "<Дата ожидания курьера>",
 "intake_time_from": "<Время начала ожидания курьера>",
 "intake_time_to": "<Время окончания ожидания курьера>",
 "cdek_number": "<Номер заказа СДЭК>",
 "order_uuid": "<Идентификатор заказа в ИС СДЭК>",
 "lunch_time_from": "<Время начала обеда>",
 "lunch_time_to": "<Время окончания обеда>",
 "name": "<Описание груза>",
 "weight": "<Общий вес (в граммах)>",
 "length": "<Габариты упаковки. Длина (в сантиметрах)>",
 "width": "***",
 "height": "<Габариты упаковки. Высота (в сантиметрах)>",
 "comment": "<Комментарий к заявке для курьера>",
 "need_call": "<Необходим прозвон отправителя>",
 "courier_power_of_attorney": "<Курьеру необходима доверенность>",
 "courier_identity_card": "<Курьеру необходим документ удостоверяющий личность>",
 "sender": {
  "company": "<Название компании отправителя>",
  "name": "<ФИО контактного лица>",
  "contragent_type": "<Тип отправителя: LEGAL_ENTITY, INDIVIDUAL>",
  "phones": [
   {
    "number": "<Номер телефона>",
    "additional": "<Дополнительная информация (добавочный номер)>"
   }
  ]
 },
 "from_location": {
  "code": "<Код населенного пункта СДЭК>",
  "fias_guid": "<Уникальный идентификатор ФИАС>",
  "postal_code": "<Почтовый индекс>",
  "longitude": "<Долгота>",
  "latitude": "<Широта>",
  "country_code": "<Код страны>",
  "region": "<Название региона, уточняющий параметр для поля city>",
  "region_code": "<Код региона СДЭК, уточняющий параметр для поля city>",
  "sub_region": "<Название района региона, уточняющий параметр для поля region>",
  "city": "<Название города, уточняющий параметр для postal_code>",
  "kladr_code": "<Код КЛАДР. Устаревшее поле>",
  "address": "<Строка адреса>"
 }
}
