{
 "date_intervals": [
  {
   "date": "2026-07-22",
   "time_intervals": [
    {
     "start_time": "09:00:00",
     "end_time": "18:00:00"
    },
    {
     "start_time": "09:00:00",
     "end_time": "14:00:00"
    },
    {
     "start_time": "14:00:00",
     "end_time": "18:00:00"
    },
    {
     "start_time": "18:00:00",
     "end_time": "22:00:00"
    }
   ]
  },
  {
   "date": "2026-07-29",
   "time_intervals": [
    {
     "start_time": "09:00:00",
     "end_time": "18:00:00"
    },
    {
     "start_time": "09:00:00",
     "end_time": "14:00:00"
    },
    {
     "start_time": "14:00:00",
     "end_time": "18:00:00"
    },
    {
     "start_time": "18:00:00",
     "end_time": "22:00:00"
    }
   ]
  },
  {
   "date": "2026-08-05",
   "time_intervals": [
    {
     "start_time": "09:00:00",
     "end_time": "18:00:00"
    },
    {
     "start_time": "09:00:00",
     "end_time": "14:00:00"
    },
    {
     "start_time": "14:00:00",
     "end_time": "18:00:00"
    },
    {
     "start_time": "18:00:00",
     "end_time": "22:00:00"
    }
   ]
  },
  {
   "date": "2026-08-12",
   "time_intervals": [
    {
     "start_time": "09:00:00",
     "end_time": "18:00:00"
    },
    {
     "start_time": "09:00:00",
     "end_time": "14:00:00"
    },
    {
     "start_time": "14:00:00",
     "end_time": "18:00:00"
    },
    {
     "start_time": "18:00:00",
     "end_time": "22:00:00"
    }
   ]
  },
  {
   "date": "2026-08-19",
   "time_intervals": [
    {
     "start_time": "09:00:00",
     "end_time": "18:00:00"
    },
    {
     "start_time": "09:00:00",
     "end_time": "14:00:00"
    },
    {
     "start_time": "14:00:00",
     "end_time": "18:00:00"
    },
    {
     "start_time": "18:00:00",
     "end_time": "22:00:00"
    }
   ]
  }
 ]
}
