    {
 "intake_date": "",
 "intake_time_from": "",
 "intake_time_to": "",
 "cdek_number": "",
 "order_uuid": "",
 "lunch_time_from": "",
 "lunch_time_to": "",
 "name": "",
 "weight": "",
 "length": "",
 "width": "",
 "height": "",
 "comment": "",
 "need_call": "",
 "courier_power_of_attorney": "",
 "courier_identity_card": "",
 "sender": {
  "company": "",
  "name": "",
  "contragent_type": "",
  "phones": [
   {
    "number": "",
    "additional": ""
   }
  ]
 },
 "from_location": {
  "code": "",
  "fias_guid": "",
  "postal_code": "",
  "longitude": "",
  "latitude": "",
  "country_code": "",
  "region": "",
  "region_code": "",
  "sub_region": "",
  "city": "",
  "kladr_code": "",
  "address": ""
 }
}
