{
 "entity": {
  "uuid": "ceb14506-d67b-4c23-89b6-b946dd9d2508",
  "cdek_number": "1109910073",
  "order_uuid": "5f2ce3bc-96cf-4683-8817-10f9b27b3917",
  "intake_date": "2026-06-19",
  "intake_number": "13312382",
  "intake_time_from": "10:00",
  "intake_time_to": "17:00",
  "name": "Консолидированный груз",
  "weight": 1000,
  "length": 10,
  "width": "***",
  "height": 10,
  "comment": "Комментарий курьеру",
  "sender": {
   "company": "Компания",
   "name": "Компания",
   "contragent_type": "LEGAL_ENTITY",
   "phones": [
    {
     "number": "79589441654"
    }
   ],
   "passport_requirements_satisfied": "***"
  },
  "from_location": {
   "code": 44,
   "city_uuid": "7e8f36ba-d937-4ce4-8d53-e44177db6469",
   "city": "Москва",
   "fias_guid": "0c5b2444-70a0-4932-980c-b4dc0d3f02b5",
   "country_code": "RU",
   "country": "Россия",
   "region": "Москва",
   "region_code": 81,
   "sub_region": "Москва",
   "longitude": 37.61556,
   "latitude": 55.75222,
   "address": "ул. Блюхера, 32"
  },
  "to_location": {
   "code": 44,
   "city_uuid": "7e8f36ba-d937-4ce4-8d53-e44177db6469",
   "city": "Москва",
   "country_code": "RU",
   "country": "Россия",
   "region": "Москва",
   "region_code": 81,
   "longitude": 37.831928,
   "latitude": 55.644399,
   "address": "Россия, Москва, Москва, ул. Энергетиков, 22 корп. 2",
   "postal_code": "140091"
  },
  "need_call": false,
  "statuses": [
   {
    "code": "READY_FOR_APPOINTMENT",
    "name": "Готова к назначению",
    "date_time": "2026-06-18T17:01:03+00:00"
   },
   {
    "code": "CREATED",
    "name": "Создан",
    "date_time": "2026-06-18T17:01:03+00:00"
   },
   {
    "code": "ACCEPTED",
    "name": "Принят",
    "date_time": "2026-06-18T17:01:03+00:00"
   }
  ],
  "packages": [
   {
    "package_id": "e1d7c9ad-0dbb-4ea9-b9e5-636ead3c8f9e",
    "weight": 1000,
    "length": 10,
    "width": "***",
    "height": 10
   }
  ]
 },
 "requests": [
  {
   "request_uuid": "b368cc11-e79c-481f-a74e-cb57d30164ee",
   "type": "CREATE",
   "date_time": "2026-06-18T17:01:02+00:00",
   "state": "SUCCESSFUL"
  }
 ]
}
