{
 "postal_code": "<Почтовый индекс города, для которого необходим список офисов>",
 "city_code": "<Код населенного пункта СДЭК>",
 "type": "<Тип офиса: PVZ, POSTAMAT, ALL>",
 "country_code": "<Код страны в формате ISO_3166-1_alpha-2>",
 "region_code": "<Код региона по базе СДЭК>",
 "have_cashless": "<Наличие терминала оплаты>",
 "have_cash": "<Есть прием наличных>",
 "allowed_cod": "<Разрешен наложенный платеж>",
 "is_dressing_room": "<Наличие примерочной>",
 "weight_max": "<Максимальный вес в кг, который может принять офис>",
 "weight_min": "<Минимальный вес в кг, который принимает офис>",
 "lang": "<Локализация офиса>",
 "take_only": "<Является ли офис только пунктом выдачи>",
 "is_handout": "<Является пунктом выдачи>",
 "is_reception": "<Есть ли в офисе приём заказов>",
 "fias_guid": "<Код города ФИАС>",
 "code": "<Код ПВЗ>",
 "is_ltl": "<Работает ли офис с LTL>",
 "fulfillment": "<Работает ли офис с Фулфилмент.Приход>",
 "size": "<Ограничение выборки результата>",
 "page": "<Номер страницы выборки результата>"
}
