{
 "path": "disk:/498b564d-db83-4012-a4cb-8d01041d8eb2.png",
 "type": "file",
 "name": "498b564d-db83-4012-a4cb-8d01041d8eb2.png",
 "created": "2026-05-26T14:01:21+00:00",
 "modified": "2026-05-26T14:01:21+00:00",
 "size": 2114023,
 "mime_type": "multipart",
 "md5": "9e0176f87f6565a22f78e0f9b39a4d78",
 "sha256": "89f8eb42a35208a17c85036e17237b0aa0657e1841efa6171dc5acbc0dea9e18",
 "media_type": "image",
 "resource_id": "1573541518:f1d29359d2fb94dbae81176d67c316ad2889ae9e610577a892603caa55b9a686",
 "revision": 1779804111797234,
 "comment_ids": {
  "public_resource": "1573541518:f1d29359d2fb94dbae81176d67c316ad2889ae9e610577a892603caa55b9a686",
  "private_resource": "1573541518:f1d29359d2fb94dbae81176d67c316ad2889ae9e610577a892603caa55b9a686"
 },
 "exif": {},
 "antivirus_status": "clean",
 "file": "https://downloader.disk.yandex.ru/disk/74bee55719c4de46538dd676c6b1a6da267ed99085116ef21caca4a54a77c..."
}
