{
 "path": "disk:/9031f7c4-b723-4106-93c5-413b6e1aed94",
 "type": "dir",
 "name": "9031f7c4-b723-4106-93c5-413b6e1aed94",
 "created": "2026-05-26T08:45:20+00:00",
 "modified": "2026-05-26T08:45:20+00:00",
 "_embedded": {
  "path": "disk:/9031f7c4-b723-4106-93c5-413b6e1aed94",
  "limit": 20,
  "offset": 0,
  "sort": "",
  "total": 0,
  "items": []
 },
 "resource_id": "1573541518:c5409be25578c067d39017e4743cb244d393b3e46a997e8b93c44c5b11b4b50b",
 "revision": 1779785120662940,
 "comment_ids": {
  "public_resource": "1573541518:c5409be25578c067d39017e4743cb244d393b3e46a997e8b93c44c5b11b4b50b",
  "private_resource": "1573541518:c5409be25578c067d39017e4743cb244d393b3e46a997e8b93c44c5b11b4b50b"
 },
 "exif": {}
}
