{
 "path": "disk:/4fa8a1dd-409e-43e8-b945-941026465b46.png",
 "type": "file",
 "name": "4fa8a1dd-409e-43e8-b945-941026465b46.png",
 "created": "2026-05-25T14:01:23+00:00",
 "modified": "2026-05-25T14:01:42+00:00",
 "size": 2114023,
 "mime_type": "multipart",
 "md5": "9e0176f87f6565a22f78e0f9b39a4d78",
 "sha256": "89f8eb42a35208a17c85036e17237b0aa0657e1841efa6171dc5acbc0dea9e18",
 "media_type": "image",
 "resource_id": "1573541518:7e904b09b42222ed95557a1bdc9ff532a197c9874143a4ea2aed8ad66e97c883",
 "revision": 1779717702787331,
 "comment_ids": {
  "public_resource": "1573541518:7e904b09b42222ed95557a1bdc9ff532a197c9874143a4ea2aed8ad66e97c883",
  "private_resource": "1573541518:7e904b09b42222ed95557a1bdc9ff532a197c9874143a4ea2aed8ad66e97c883"
 },
 "exif": {},
 "antivirus_status": "clean",
 "file": "https://downloader.disk.yandex.ru/disk/e6bc87fd987ab9896fa404b8b98b8f6dc6dc034d575de13cf81294071a269..."
}
