{
 "path": "disk:/72a69265-f04e-400e-bb42-d498e13e4e94.png",
 "type": "file",
 "name": "72a69265-f04e-400e-bb42-d498e13e4e94.png",
 "created": "2026-07-19T16:33:41+00:00",
 "modified": "2026-07-19T16:33:41+00:00",
 "size": 2114023,
 "mime_type": "multipart",
 "md5": "9e0176f87f6565a22f78e0f9b39a4d78",
 "sha256": "89f8eb42a35208a17c85036e17237b0aa0657e1841efa6171dc5acbc0dea9e18",
 "public_key": "***",
 "public_url": "https://yadi.sk/d/j0Zr2qHFl8RkiA",
 "media_type": "image",
 "resource_id": "1573541518:62c96e3a71b76b75e0f2020c01c2e3ca7e97f464a32a31224c8c0b7afe6c5dc8",
 "revision": 1784478858393750,
 "comment_ids": {
  "public_resource": "1573541518:62c96e3a71b76b75e0f2020c01c2e3ca7e97f464a32a31224c8c0b7afe6c5dc8",
  "private_resource": "1573541518:62c96e3a71b76b75e0f2020c01c2e3ca7e97f464a32a31224c8c0b7afe6c5dc8"
 },
 "exif": {},
 "antivirus_status": "clean",
 "file": "https://downloader.disk.yandex.ru/disk/92a558bbc77e0e0f54786a1f30432d50c5aa83c17c60c5fff6cbd08fe7e1a3bb/6a5d34ca/Kdpe3dFisZLPovVA4r-aBmpkby3AOQiLsayEHYapOMw2ylFGSbZZrsWtGPTvHxG_-QDrqSGFBOOsS3b3gKT1zA%3D%3D?uid=1573541518&filename=72a69265-f04e-400e-bb42-d498e13e4e94.png&disposition=attachment&hash=&limit=0&content_type=multipart&owner_uid=1573541518&fsize=2114023&hid=03d7263840468e281bd0b238a26e7d0d&media_type=image&tknv=v3&is_direct_zip_experiment=1&etag=9e0176f87f6565a22f78e0f9b39a4d78"
}
