[
 {
  "chatId": "***",
  "phoneNumber": "***"
 },
 {
  "chatId": "***",
  "phoneNumber": "***"
 },
 {
  "chatId": "***",
  "phoneNumber": "***"
 },
 {
  "chatId": "***",
  "phoneNumber": "***"
 },
 {
  "chatId": "***",
  "phoneNumber": "***"
 },
 {
  "chatId": "***",
  "phoneNumber": "***"
 },
 {
  "chatId": "***",
  "phoneNumber": "***"
 },
 {
  "chatId": "***",
  "phoneNumber": "***"
 },
 {
  "chatId": "***",
  "phoneNumber": "***"
 },
 {
  "chatId": "***",
  "phoneNumber": "***"
 },
 {
  "chatId": "***",
  "phoneNumber": "***"
 },
 {
  "chatId": "***",
  "phoneNumber": "***"
 },
 {
  "chatId": "***",
  "phoneNumber": "***"
 },
 {
  "chatId": "***",
  "phoneNumber": "***"
 },
 {
  "chatId": "***",
  "phoneNumber": "***"
 },
 {
  "chatId": "***",
  "phoneNumber": "***"
 },
 {
  "chatId": "***",
  "phoneNumber": "***"
 },
 {
  "chatId": "***",
  "phoneNumber": "***"
 },
 {
  "chatId": "***",
  "phoneNumber": "***"
 },
 {
  "chatId": "***",
  "phoneNumber": "***"
 },
 {
  "chatId": "***",
  "phoneNumber": "***"
 },
 {
  "chatId": "***",
  "phoneNumber": "***"
 },
 {
  "chatId": "***",
  "phoneNumber": "***"
 },
 {
  "chatId": "***",
  "phoneNumber": "***"
 },
 {
  "chatId": "***",
  "phoneNumber": "***"
 },
 {
  "chatId": "***",
  "phoneNumber": "***"
 },
 {
  "chatId": "***",
  "phoneNumber": "***"
 },
 {
  "chatId": "***",
  "phoneNumber": "***"
 },
 {
  "chatId": "***",
  "phoneNumber": "***"
 },
 {
  "chatId": "***",
  "phoneNumber": "***"
 },
 {
  "chatId": "***",
  "phoneNumber": "***"
 },
 {
  "chatId": "***",
  "phoneNumber": "***"
 },
 {
  "chatId": "***",
  "phoneNumber": "***"
 },
 {
  "chatId": "***",
  "phoneNumber": "***"
 },
 {
  "chatId": "***",
  "phoneNumber": "***"
 },
 {
  "chatId": "***",
  "phoneNumber": "***"
 },
 {
  "chatId": "***",
  "phoneNumber": "***"
 },
 {
  "chatId": "***",
  "phoneNumber": "***"
 },
 {
  "chatId": "***",
  "phoneNumber": "***"
 },
 {
  "chatId": "***",
  "phoneNumber": "***"
 },
 {
  "chatId": "***",
  "phoneNumber": "***"
 },
 {
  "chatId": "***",
  "phoneNumber": "***"
 },
 {
  "chatId": "***",
  "phoneNumber": "***"
 },
 {
  "chatId": "***",
  "phoneNumber": "***"
 },
 {
  "chatId": "***",
  "phoneNumber": "***"
 },
 {
  "chatId": "***",
  "phoneNumber": "***"
 },
 {
  "chatId": "***",
  "phoneNumber": "***"
 },
 {
  "chatId": "***",
  "phoneNumber": "***"
 },
 {
  "chatId": "***",
  "phoneNumber": "***"
 },
 {
  "chatId": "***",
  "phoneNumber": "***"
 },
 {
  "chatId": "***",
  "phoneNumber": "***"
 },
 {
  "chatId": "***",
  "phoneNumber": "***"
 },
 {
  "chatId": "***",
  "phoneNumber": "***"
 },
 {
  "chatId": "***",
  "phoneNumber": "***"
 },
 {
  "chatId": "***",
  "phoneNumber": "***"
 },
 {
  "chatId": "***",
  "phoneNumber": "***"
 },
 {
  "chatId": "***",
  "phoneNumber": "***"
 }
]
