{
 "receiptId": 1,
 "body": {
  "typeWebhook": "outgoingAPIMessageReceived",
  "instanceData": {
   "idInstance": "***",
   "wid": "***",
   "typeInstance": "v3"
  },
  "timestamp": 1779718652,
  "idMessage": "1779718651227",
  "senderData": {
   "chatId": "***",
   "chatName": "***",
   "sender": "***",
   "senderName": "***",
   "senderContactName": "***",
   "senderPhoneNumber": "***"
  },
  "messageData": {
   "typeMessage": "imageMessage",
   "fileMessageData": {
    "downloadUrl": "https://mediaout-3100.storage.yandexcloud.net/3100309139/29a6e554-9439-4a71-ac4d-5c01d17d9cf4.jpg",
    "caption": "Описание файла",
    "fileName": "photo.jpg",
    "jpegThumbnail": "UklGRiIBAABXRUJQVlA4IBYBAADQCACdASoyACYAP3Guy2E0rKglqBVZypAuCUAZXgDDgZvlC9W+/2dNt9X9heotrVGtU5fk+sPA...",
    "isAnimated": false,
    "mimeType": "image/jpeg",
    "forwardingScore": 0,
    "isForwarded": false
   }
  }
 }
}
