[
 {
  "type": "outgoing",
  "idMessage": "1779799208887",
  "timestamp": 1779799211,
  "typeMessage": "videoMessage",
  "chatId": "***",
  "downloadUrl": "https://mediaout-3100.storage.yandexcloud.net/3100309139/27d68445-a0f7-4d1e-b8c3-a00a5c559c98.mp4",
  "caption": "File description",
  "fileName": "vid.mp4",
  "jpegThumbnail": "UklGRgIBAABXRUJQVlA4IPYAAADQCACdASoyACYAP3GqxVm0raevqrv9+pAuCUAZ1gGliBxqO0qzotW3ldLyKD9F5oQCfx1Splps...",
  "mimeType": "video/mp4",
  "isAnimated": false,
  "isForwarded": false,
  "forwardingScore": 0,
  "statusMessage": "delivered",
  "sendByApi": "***",
  "editedMessageId": "",
  "deletedMessageId": "",
  "videoNote": false,
  "isEdited": false,
  "isDeleted": false
 },
 {
  "type": "outgoing",
  "idMessage": "1779799206950",
  "timestamp": 1779799207,
  "typeMessage": "imageMessage",
  "chatId": "***",
  "downloadUrl": "https://mediaout-3100.storage.yandexcloud.net/3100309139/0a34f3ca-ede3-4e41-9f90-3d598e1b9089.jpg",
  "caption": "File description",
  "fileName": "photo.jpg",
  "jpegThumbnail": "UklGRiIBAABXRUJQVlA4IBYBAADQCACdASoyACYAP3Guy2E0rKglqBVZypAuCUAZXgDDgZvlC9W+/2dNt9X9heotrVGtU5fk+sPA...",
  "mimeType": "image/jpeg",
  "isAnimated": false,
  "isForwarded": false,
  "forwardingScore": 0,
  "statusMessage": "delivered",
  "sendByApi": "***",
  "editedMessageId": "",
  "deletedMessageId": "",
  "videoNote": false,
  "isEdited": false,
  "isDeleted": false
 },
 {
  "type": "outgoing",
  "idMessage": "1779799203475",
  "timestamp": 1779799205,
  "typeMessage": "extendedTextMessage",
  "chatId": "***",
  "textMessage": "Message text",
  "extendedTextMessage": {
   "text": "Message text",
   "description": "",
   "title": "",
   "previewType": "None",
   "jpegThumbnail": "",
   "forwardingScore": 0,
   "isForwarded": false
  },
  "statusMessage": "delivered",
  "sendByApi": "***",
  "deletedMessageId": "",
  "editedMessageId": "",
  "isEdited": false,
  "isDeleted": false
 }
]
