[
 {
  "messageID": "1765230967878",
  "type": "sendFileByUrl",
  "body": {
   "chatId": "-69544535654485",
   "urlFile": "https://hut.openintegrations.dev/test_data/picture.jpg",
   "fileName": "photo.jpg",
   "typingTime": null,
   "typingType": "text"
  }
 },
 {
  "messageID": "1765230968440",
  "type": "sendFileByUrl",
  "body": {
   "chatId": "-69544535654485",
   "urlFile": "https://hut.openintegrations.dev/test_data/video.mp4",
   "fileName": "vid.mp4",
   "caption": "File description",
   "typingTime": 1000,
   "typingType": "file"
  }
 }
]
