{
 "title": "Тестовый Atom фид",
 "id": "https://example.com/feed",
 "link": "https://example.com",
 "updated": "2026-04-27T14:32:22",
 "entries": [
  {
   "title": "Первая запись",
   "id": "https://example.com/entry1",
   "link": "https://example.com/entry1",
   "updated": "2026-04-27T14:32:22",
   "summary": "Краткое описание первой записи",
   "content": "Полное содержимое первой записи",
   "author": "Автор Первый",
   "published": "2026-04-27T14:32:22"
  },
  {
   "title": "Вторая запись",
   "id": "https://example.com/entry2",
   "link": "https://example.com/entry2",
   "updated": "2026-04-27T14:32:22",
   "summary": "Краткое описание второй записи",
   "content": "Полное содержимое второй записи",
   "author": "Автор Второй",
   "published": "2026-04-27T14:32:22"
  }
 ]
}
