{
 "kind": "calendar#calendarListEntry",
 "etag": "\"1781804385223647\"",
 "id": "bf3554ca10c7566b558c16e680b566d4b734cf70055092b2a3737f80d81eea56@group.calendar.google.com",
 "summary": "New name",
 "description": "New description",
 "timeZone": "Europe/Moscow",
 "dataOwner": "bayselonarrend@gmail.com",
 "colorId": "16",
 "backgroundColor": "#4986e7",
 "foregroundColor": "#000000",
 "selected": true,
 "accessRole": "owner",
 "defaultReminders": [],
 "conferenceProperties": {
  "allowedConferenceSolutionTypes": [
   "hangoutsMeet"
  ]
 }
}
