{
 "kind": "calendar#calendar",
 "etag": "\"Qn32R-sXogGRxtfToyZZ2d3GJhg\"",
 "id": "77951deeacbbe527551f2b0c2547a816c1f85e30433f7b9e233c6d9932ec23f4@group.calendar.google.com",
 "summary": "TestCalendar",
 "timeZone": "Europe/Moscow",
 "dataOwner": "bayselonarrend@gmail.com",
 "conferenceProperties": {
  "allowedConferenceSolutionTypes": [
   "hangoutsMeet"
  ]
 },
 "labelProperties": {
  "eventLabels": [
   {
    "id": "019fbef3-c107-4a4f-88ac-50750b5b8e0f",
    "backgroundColor": "#33b679"
   },
   {
    "id": "0b42e3b4-7eb9-4d7c-bf5e-0d7985737ad6",
    "backgroundColor": "#c0ca33"
   },
   {
    "id": "1cc05980-0b82-4ba6-b007-bda0025dd696",
    "backgroundColor": "#4285f4"
   },
   {
    "id": "34da14d0-0ea0-463c-9162-462845a275fd",
    "backgroundColor": "#d50000"
   },
   {
    "id": "34e2cd34-ac71-48b8-9dec-a87077518931",
    "backgroundColor": "#8e24aa"
   },
   {
    "id": "3c9cf8c4-defe-44e9-9940-b55604831f5c",
    "backgroundColor": "#7986cb"
   },
   {
    "id": "56937dcc-1b9d-40cd-a475-cfe33003e5e2",
    "backgroundColor": "#ef6c00"
   },
   {
    "id": "608db231-9a8a-436c-9cbe-a97d63250642",
    "backgroundColor": "#e4c441"
   },
   {
    "id": "62a4e69d-2b17-4414-bdd9-4d2bb336b246",
    "backgroundColor": "#f6bf26"
   },
   {
    "id": "6b28a347-6ba2-4903-9416-27acd6c1116d",
    "backgroundColor": "#3f51b5"
   },
   {
    "id": "71f85976-6e86-4f27-a617-7655311e9ae5",
    "backgroundColor": "#009688"
   },
   {
    "id": "7489e286-77ed-491a-baa8-03592b706f67",
    "backgroundColor": "#e67c73"
   },
   {
    "id": "795dccdc-138e-446f-a4df-1b7808bcb30c",
    "backgroundColor": "#f09300"
   },
   {
    "id": "82dd99a7-ebda-4401-abe1-cc5f2db148a0",
    "backgroundColor": "#d81b60"
   },
   {
    "id": "9817e009-45ba-4af8-97f4-8a667e2425c2",
    "backgroundColor": "#a79b8e"
   },
   {
    "id": "abbd224f-71bc-4ab8-8093-94490953835b",
    "backgroundColor": "#f4511e"
   },
   {
    "id": "cb2676e4-4eac-41fb-8d84-83ae3b856da8",
    "backgroundColor": "#795548"
   },
   {
    "id": "cc2016fd-aec8-4b08-a0c7-79a287bdd562",
    "backgroundColor": "#9e69af"
   },
   {
    "id": "cf489fdd-9f22-41d8-8f63-f3895df28f27",
    "backgroundColor": "#7cb342"
   },
   {
    "id": "e8a9b7a5-85dd-408f-9692-911d9c706629",
    "backgroundColor": "#0b8043"
   },
   {
    "id": "ea1895fd-7ece-49af-8342-185d3521e143",
    "backgroundColor": "#616161"
   },
   {
    "id": "ebf60912-4d7b-402d-97ed-2e7bff4381db",
    "backgroundColor": "#b39ddb"
   },
   {
    "id": "edfce89a-b18c-4478-a25e-1ee1ca878e68",
    "backgroundColor": "#039be5"
   },
   {
    "id": "f8bfdfed-b276-4d12-875a-c0d2ede0b926",
    "backgroundColor": "#ad1457"
   }
  ]
 }
}
