{
 "kind": "calendar#event",
 "etag": "\"3559595213876286\"",
 "id": "kt88paf7si5panma8ah6v5duds",
 "status": "confirmed",
 "htmlLink": "https://www.google.com/calendar/event?eid=a3Q4OHBhZjdzaTVwYW5tYThhaDZ2NWR1ZHMgZWQwYzM5MGQzZmNhNjk3Zm...",
 "created": "2026-05-26T12:13:25Z",
 "updated": "2026-05-26T12:13:26.938Z",
 "summary": "New event",
 "description": "New event description",
 "location": "InOffice",
 "creator": {
  "email": "bayselonarrend@gmail.com"
 },
 "organizer": {
  "email": "ed0c390d3fca697fa23d3c429a31d6d7cd8a3bb3be27d8632882391b2952c0b6@group.calendar.google.com",
  "displayName": "TestCalendar",
  "self": true
 },
 "start": {
  "dateTime": "2026-05-26T18:13:26+03:00",
  "timeZone": "Europe/Moscow"
 },
 "end": {
  "dateTime": "2026-05-26T19:13:26+03:00",
  "timeZone": "Europe/Moscow"
 },
 "iCalUID": "kt88paf7si5panma8ah6v5duds@google.com",
 "sequence": 0,
 "reminders": {
  "useDefault": true
 },
 "attachments": [
  {
   "fileUrl": "https://hut.openintegrations.dev/test_data/picture.jpg",
   "title": "Image1",
   "iconLink": ""
  },
  {
   "fileUrl": "https://hut.openintegrations.dev/test_data/picture2.jpg",
   "title": "Image2",
   "iconLink": ""
  }
 ],
 "eventType": "default"
}
