 [
 {
  "kind": "calendar#calendarListEntry",
  "etag": "\"1713008096300000\"",
  "id": "bayselonarrend@gmail.com",
  "summary": "Тестовый календарь (изм.)",
  "description": "ТестовоеОписание",
  "timeZone": "Europe/Minsk",
  "colorId": "19",
  "backgroundColor": "#fffff0",
  "foregroundColor": "#000000",
  "accessRole": "owner",
  "defaultReminders": [],
  "notificationSettings": {
   "notifications": [
    {
     "type": "eventCreation",
     "method": "email"
    },
    {
     "type": "eventChange",
     "method": "email"
    },
    {
     "type": "eventCancellation",
     "method": "email"
    },
    {
     "type": "eventResponse",
     "method": "email"
    }
   ]
  },
  "primary": true,
  "conferenceProperties": {
   "allowedConferenceSolutionTypes": [
    "hangoutsMeet"
   ]
  }
 },
 {
  "kind": "calendar#calendarListEntry",
  "etag": "\"1720626834830000\"",
  "id": "ab71c432a2cd06ecad2f5c517b3540f04d56df7aadb6df1d7b001ea4d6ac4398@group.calendar.google.com",
  "summary": "Тестовый календарь (изм.)",
  "description": "Тестовое описание",
  "timeZone": "Europe/Moscow",
  "colorId": "6",
  "backgroundColor": "#ffd800",
  "foregroundColor": "#000000",
  "accessRole": "owner",
  "defaultReminders": [],
  "conferenceProperties": {
   "allowedConferenceSolutionTypes": [
    "hangoutsMeet"
   ]
  }
 },
 {
  "kind": "calendar#calendarListEntry",
  "etag": "\"1720626835116000\"",
  "id": "c1aa2a1fe0ac12393b65eab12294daf3a09c12d5b7e54571774ddc001c4de938@group.calendar.google.com",
  "summary": "\\u0422\\u0435\\u0441\\u0442\\u043e\\u0432\\u044b\\u0439 \\u043a\\u0430\\u043b\\u0435\\u043d\\u0434\\u0430\\u0440\\u044c",
  "timeZone": "Europe/Moscow",
  "colorId": "5",
  "backgroundColor": "#ff7537",
  "foregroundColor": "#000000",
  "selected": true,
  "accessRole": "owner",
  "defaultReminders": [],
  "conferenceProperties": {
   "allowedConferenceSolutionTypes": [
    "hangoutsMeet"
   ]
  }
 },
 {
  "kind": "calendar#calendarListEntry",
  "etag": "\"1720626835376000\"",
  "id": "ru.by#holiday@group.v.calendar.google.com",
  "summary": "Праздники Беларуси",
  "description": "Праздники и памятные даты Беларуси",
  "timeZone": "Europe/Minsk",
  "colorId": "8",
  "backgroundColor": "#16a765",
  "foregroundColor": "#000000",
  "selected": true,
  "accessRole": "reader",
  "defaultReminders": [],
  "conferenceProperties": {
   "allowedConferenceSolutionTypes": [
    "hangoutsMeet"
   ]
  }
 },
 {
  "kind": "calendar#calendarListEntry",
  "etag": "\"1720626835701000\"",
  "id": "b0b7ceee4056c516b0718eed0a1e4ad8694259935a6d2ffc056325df06232841@group.calendar.google.com",
  "summary": "Тестовый календарь (изм.)",
  "description": "Тестовое описание",
  "timeZone": "Europe/Moscow",
  "colorId": "6",
  "backgroundColor": "#ffd800",
  "foregroundColor": "#000000",
  "accessRole": "owner",
  "defaultReminders": [],
  "conferenceProperties": {
   "allowedConferenceSolutionTypes": [
    "hangoutsMeet"
   ]
  }
 },
 {
  "kind": "calendar#calendarListEntry",
  "etag": "\"1720626835924000\"",
  "id": "25f80e38669312d27a9c7441f065887c6beaacf63af84ea67ebd9251a6b5f32b@group.calendar.google.com",
  "summary": "Тестовый календарь (изм.)",
  "description": "Тестовое описание",
  "timeZone": "Europe/Moscow",
  "colorId": "6",
  "backgroundColor": "#ffd800",
  "foregroundColor": "#000000",
  "accessRole": "owner",
  "defaultReminders": [],
  "conferenceProperties": {
   "allowedConferenceSolutionTypes": [
    "hangoutsMeet"
   ]
  }
 },
 {
  "kind": "calendar#calendarListEntry",
  "etag": "\"1720626836240000\"",
  "id": "36c14edd62c430b5646cbcaecfc67ee7fe7252d1d315ba3b099efca66084f7ff@group.calendar.google.com",
  "summary": "Тестовый календарь (изм.)",
  "description": "Тестовое описание",
  "timeZone": "Europe/Moscow",
  "colorId": "11",
  "backgroundColor": "#fbe983",
  "foregroundColor": "#000000",
  "selected": true,
  "accessRole": "owner",
  "defaultReminders": [],
  "conferenceProperties": {
   "allowedConferenceSolutionTypes": [
    "hangoutsMeet"
   ]
  }
 },
 {
  "kind": "calendar#calendarListEntry",
  "etag": "\"1720626836552000\"",
  "id": "a22bce47d6f960fa5bfff31b30a35f3c714a3d74d41542220ad983cd60a4a350@group.calendar.google.com",
  "summary": "Тестовый календарь (изм.)",
  "description": "Тестовое описание",
  "timeZone": "Europe/Moscow",
  "colorId": "4",
  "backgroundColor": "#fa573c",
  "foregroundColor": "#000000",
  "selected": true,
  "accessRole": "owner",
  "defaultReminders": [],
  "conferenceProperties": {
   "allowedConferenceSolutionTypes": [
    "hangoutsMeet"
   ]
  }
 },
 {
  "kind": "calendar#calendarListEntry",
  "etag": "\"1720626836894000\"",
  "id": "27fa1adb67cec264c029a505c32b08107e25b436fe52c7fada93dbf37f01f275@group.calendar.google.com",
  "summary": "Тестовый календарь (изм.)",
  "description": "Тестовое описание",
  "timeZone": "UTC",
  "colorId": "24",
  "backgroundColor": "#a47ae2",
  "foregroundColor": "#000000",
  "selected": true,
  "accessRole": "owner",
  "defaultReminders": [],
  "conferenceProperties": {
   "allowedConferenceSolutionTypes": [
    "hangoutsMeet"
   ]
  }
 },
 {
  "kind": "calendar#calendarListEntry",
  "etag": "\"1720626837326000\"",
  "id": "addressbook#contacts@group.v.calendar.google.com",
  "summary": "Дни рождения",
  "description": "Показывает дни рождения, годовщины и другие значимые события для людей в Google Контактах.",
  "timeZone": "Europe/Minsk",
  "colorId": "13",
  "backgroundColor": "#92e1c0",
  "foregroundColor": "#000000",
  "accessRole": "reader",
  "defaultReminders": [],
  "conferenceProperties": {
   "allowedConferenceSolutionTypes": [
    "hangoutsMeet"
   ]
  }
 },
 {
  "kind": "calendar#calendarListEntry",
  "etag": "\"1720626837869000\"",
  "id": "2347ec77566007b224623d07cc9e34bdd423c479146ef29d8691319c78879350@group.calendar.google.com",
  "summary": "Тестовый календарь (изм.)",
  "description": "Тестовое описание",
  "timeZone": "UTC",
  "colorId": "20",
  "backgroundColor": "#cabdbf",
  "foregroundColor": "#000000",
  "selected": true,
  "accessRole": "owner",
  "defaultReminders": [],
  "conferenceProperties": {
   "allowedConferenceSolutionTypes": [
    "hangoutsMeet"
   ]
  }
 },
 {
  "kind": "calendar#calendarListEntry",
  "etag": "\"1720626838417000\"",
  "id": "154d90fb7073c749acf0da663982621cfa34b6133560d8584db300ebd6c75973@group.calendar.google.com",
  "summary": "Тестовый календарь",
  "timeZone": "Europe/Moscow",
  "colorId": "24",
  "backgroundColor": "#a47ae2",
  "foregroundColor": "#000000",
  "selected": true,
  "accessRole": "owner",
  "defaultReminders": [],
  "conferenceProperties": {
   "allowedConferenceSolutionTypes": [
    "hangoutsMeet"
   ]
  }
 },
 {
  "kind": "calendar#calendarListEntry",
  "etag": "\"1720626838903000\"",
  "id": "039cc890cfa96cef7e399ecf0e84dac3510d797967a8dee424f526702da548da@group.calendar.google.com",
  "summary": "Тестовый календарь (изм.)",
  "description": "Тестовое описание",
  "timeZone": "Europe/Moscow",
  "colorId": "6",
  "backgroundColor": "#ffd800",
  "foregroundColor": "#000000",
  "accessRole": "owner",
  "defaultReminders": [],
  "conferenceProperties": {
   "allowedConferenceSolutionTypes": [
    "hangoutsMeet"
   ]
  }
 },
 {
  "kind": "calendar#calendarListEntry",
  "etag": "\"1720626839292000\"",
  "id": "a6c0bcf02064d42cc38a2839fe74be071edeae7f048922e81b18102fa085380d@group.calendar.google.com",
  "summary": "Тестовый календарь (изм.)",
  "description": "Тестовое описание",
  "timeZone": "Europe/Moscow",
  "colorId": "17",
  "backgroundColor": "#9a9cff",
  "foregroundColor": "#000000",
  "selected": true,
  "accessRole": "owner",
  "defaultReminders": [],
  "conferenceProperties": {
   "allowedConferenceSolutionTypes": [
    "hangoutsMeet"
   ]
  }
 },
 {
  "kind": "calendar#calendarListEntry",
  "etag": "\"1720626839614000\"",
  "id": "28581c5857115dcfb63cd640c1fee116a2b7b0c12004a17c62961290e5f10c99@group.calendar.google.com",
  "summary": "Тестовый календарь (изм.)",
  "description": "Тестовое описание",
  "timeZone": "Europe/Moscow",
  "colorId": "6",
  "backgroundColor": "#ffd800",
  "foregroundColor": "#000000",
  "accessRole": "owner",
  "defaultReminders": [],
  "conferenceProperties": {
   "allowedConferenceSolutionTypes": [
    "hangoutsMeet"
   ]
  }
 },
 {
  "kind": "calendar#calendarListEntry",
  "etag": "\"1720626839896000\"",
  "id": "f916244082e86cafd5cc352c9752f634705395288ee3defefc08d77d8d0838cc@group.calendar.google.com",
  "summary": "Тестовый календарь",
  "timeZone": "Europe/Moscow",
  "colorId": "15",
  "backgroundColor": "#9fc6e7",
  "foregroundColor": "#000000",
  "selected": true,
  "accessRole": "owner",
  "defaultReminders": [],
  "conferenceProperties": {
   "allowedConferenceSolutionTypes": [
    "hangoutsMeet"
   ]
  }
 },
 {
  "kind": "calendar#calendarListEntry",
  "etag": "\"1720626840237000\"",
  "id": "e649e48d256c628fe40542bd6a86e8ba349860674a302602f2949be974043f4f@group.calendar.google.com",
  "summary": "Тестовый календарь",
  "timeZone": "Europe/Moscow",
  "colorId": "22",
  "backgroundColor": "#f691b2",
  "foregroundColor": "#000000",
  "selected": true,
  "accessRole": "owner",
  "defaultReminders": [],
  "conferenceProperties": {
   "allowedConferenceSolutionTypes": [
    "hangoutsMeet"
   ]
  }
 },
 {
  "kind": "calendar#calendarListEntry",
  "etag": "\"1720626840573000\"",
  "id": "3830ed16a060d63eb276a6fdc1e056ec3dc96736c4ea2f37f80bde42469085fb@group.calendar.google.com",
  "summary": "Bayselonarrend",
  "timeZone": "Europe/Minsk",
  "colorId": "23",
  "backgroundColor": "#cd74e6",
  "foregroundColor": "#000000",
  "accessRole": "owner",
  "defaultReminders": [],
  "conferenceProperties": {
   "allowedConferenceSolutionTypes": [
    "hangoutsMeet"
   ]
  }
 },
 {
  "kind": "calendar#calendarListEntry",
  "etag": "\"1720626840868000\"",
  "id": "c5bd30cbe946857d374787855c34db7d7396b98fef39196cdee6fd22ea32bbd8@group.calendar.google.com",
  "summary": "Тестовый календарь (изм.)",
  "description": "Тестовое описание",
  "timeZone": "Europe/Moscow",
  "colorId": "6",
  "backgroundColor": "#ffd800",
  "foregroundColor": "#000000",
  "accessRole": "owner",
  "defaultReminders": [],
  "conferenceProperties": {
   "allowedConferenceSolutionTypes": [
    "hangoutsMeet"
   ]
  }
 },
 {
  "kind": "calendar#calendarListEntry",
  "etag": "\"1720626841088000\"",
  "id": "d21abdc4be1d233edc0078bccc4e2efe4752059b2c21280ce99dba34c1c4ab27@group.calendar.google.com",
  "summary": "Тестовый календарь (изм.)",
  "description": "Тестовое описание",
  "timeZone": "Europe/Moscow",
  "colorId": "6",
  "backgroundColor": "#ffd800",
  "foregroundColor": "#000000",
  "accessRole": "owner",
  "defaultReminders": [],
  "conferenceProperties": {
   "allowedConferenceSolutionTypes": [
    "hangoutsMeet"
   ]
  }
 },
 {
  "kind": "calendar#calendarListEntry",
  "etag": "\"1720626841362000\"",
  "id": "d464d99f1fa2297d32d64c31e950bd121b12424403efb99f677be79b7aefd65b@group.calendar.google.com",
  "summary": "\\u0422\\u0435\\u0441\\u0442\\u043e\\u0432\\u044b\\u0439 \\u043a\\u0430\\u043b\\u0435\\u043d\\u0434\\u0430\\u0440\\u044c",
  "timeZone": "Europe/Moscow",
  "colorId": "6",
  "backgroundColor": "#ffad46",
  "foregroundColor": "#000000",
  "selected": true,
  "accessRole": "owner",
  "defaultReminders": [],
  "conferenceProperties": {
   "allowedConferenceSolutionTypes": [
    "hangoutsMeet"
   ]
  }
 },
 {
  "kind": "calendar#calendarListEntry",
  "etag": "\"1720626841710000\"",
  "id": "ceb07fa94b73bea00ec34d410beda48728af27707eafeee55447b24788ea97a6@group.calendar.google.com",
  "summary": "Тестовый календарь (изм.)",
  "description": "Тестовое описание",
  "timeZone": "Europe/Moscow",
  "colorId": "7",
  "backgroundColor": "#42d692",
  "foregroundColor": "#000000",
  "selected": true,
  "accessRole": "owner",
  "defaultReminders": [],
  "conferenceProperties": {
   "allowedConferenceSolutionTypes": [
    "hangoutsMeet"
   ]
  }
 },
 {
  "kind": "calendar#calendarListEntry",
  "etag": "\"1727572365074000\"",
  "id": "15a74591a9d4eabc92b895c9114b521553c3ff87429ca58f8a5c43f6a79bc122@group.calendar.google.com",
  "summary": "Тестовый календарь",
  "timeZone": "Europe/Moscow",
  "colorId": "10",
  "backgroundColor": "#b3dc6c",
  "foregroundColor": "#000000",
  "selected": true,
  "accessRole": "owner",
  "defaultReminders": [],
  "conferenceProperties": {
   "allowedConferenceSolutionTypes": [
    "hangoutsMeet"
   ]
  }
 },
 {
  "kind": "calendar#calendarListEntry",
  "etag": "\"1727572366284000\"",
  "id": "e3cfdb50c1585cc03163ad3ad84555f7238babbd80a7f9de47184427e8cc5788@group.calendar.google.com",
  "summary": "Новое наименование",
  "description": "Новое описание",
  "timeZone": "Europe/Moscow",
  "colorId": "6",
  "backgroundColor": "#ffd800",
  "foregroundColor": "#000000",
  "accessRole": "owner",
  "defaultReminders": [],
  "conferenceProperties": {
   "allowedConferenceSolutionTypes": [
    "hangoutsMeet"
   ]
  }
 },
 {
  "kind": "calendar#calendarListEntry",
  "etag": "\"1727608764642000\"",
  "id": "4c7a7fff8dcb480197c95cd4bbac49b25ea6eb9b58730e232c00581aef03afb8@group.calendar.google.com",
  "summary": "Новое наименование",
  "description": "Новое описание",
  "timeZone": "Europe/Moscow",
  "colorId": "6",
  "backgroundColor": "#ffd800",
  "foregroundColor": "#000000",
  "accessRole": "owner",
  "defaultReminders": [],
  "conferenceProperties": {
   "allowedConferenceSolutionTypes": [
    "hangoutsMeet"
   ]
  }
 }
]
