[
 {
  "kind": "calendar#event",
  "etag": "\"3559608390034462\"",
  "id": "1fbgednhburavkoh3qor3mi30c",
  "status": "confirmed",
  "htmlLink": "https://www.google.com/calendar/event?eid=MWZiZ2VkbmhidXJhdmtvaDNxb3IzbWkzMGMgMmUyYTA4OGFmMDVjMWQ4OG...",
  "created": "2026-05-26T14:03:06Z",
  "updated": "2026-05-26T14:03:15.017Z",
  "summary": "New event",
  "description": "New event description",
  "location": "InOffice",
  "creator": {
   "email": "bayselonarrend@gmail.com"
  },
  "organizer": {
   "email": "2e2a088af05c1d88f3793172eae35d956b6303f5c1504210c14594fd60e13212@group.calendar.google.com",
   "displayName": "TestCalendar",
   "self": true
  },
  "start": {
   "dateTime": "2026-05-26T14:03:05+00:00",
   "timeZone": "Europe/Moscow"
  },
  "end": {
   "dateTime": "2026-05-26T15:03:05+00:00",
   "timeZone": "Europe/Moscow"
  },
  "iCalUID": "1fbgednhburavkoh3qor3mi30c@google.com",
  "sequence": 0,
  "reminders": {
   "useDefault": true
  },
  "attachments": [
   {
    "fileUrl": "https://hut.openintegrations.dev/test_data/picture.jpg",
    "title": "Image1",
    "iconLink": ""
   },
   {
    "fileUrl": "https://hut.openintegrations.dev/test_data/picture2.jpg",
    "title": "Image2",
    "iconLink": ""
   }
  ],
  "eventType": "default"
 }
]
