{
 "kind": "calendar#event",
 "etag": "\"3548859584827646\"",
 "id": "afsf90dg5s3u1bd0cba1fks42s",
 "status": "confirmed",
 "htmlLink": "https://www.google.com/calendar/event?eid=YWZzZjkwZGc1czN1MWJkMGNiYTFma3M0MnMgNjMzNTVhMjZmMzhhOGQ2Yz...",
 "created": "2026-03-25T09:09:51Z",
 "updated": "2026-03-25T09:09:52.413Z",
 "summary": "New event",
 "description": "New event description",
 "location": "InOffice",
 "creator": {
  "email": "bayselonarrend@gmail.com"
 },
 "organizer": {
  "email": "63355a26f38a8d6c75849c7848655a7b639d555406cf71a0e9208ea0a59ae37f@group.calendar.google.com",
  "displayName": "TestCalendar",
  "self": true
 },
 "start": {
  "dateTime": "2026-03-25T09:09:51+00:00",
  "timeZone": "Europe/Moscow"
 },
 "end": {
  "dateTime": "2026-03-25T10:09:51+00:00",
  "timeZone": "Europe/Moscow"
 },
 "iCalUID": "afsf90dg5s3u1bd0cba1fks42s@google.com",
 "sequence": 0,
 "reminders": {
  "useDefault": true
 },
 "attachments": [
  {
   "fileUrl": "https://hut.openintegrations.dev/test_data/picture.jpg",
   "title": "Image1",
   "iconLink": ""
  },
  {
   "fileUrl": "https://hut.openintegrations.dev/test_data/picture2.jpg",
   "title": "Image2",
   "iconLink": ""
  }
 ],
 "eventType": "default"
}
