{
 "kind": "calendar#event",
 "etag": "\"3568961760586046\"",
 "id": "rss31qjeoul132n62ir4vrnl6s",
 "status": "cancelled",
 "htmlLink": "https://www.google.com/calendar/event?eid=cnNzMzFxamVvdWwxMzJuNjJpcjR2cm5sNnMgMjJkZTgxYjI3NTM5MzRmYzIzN2QyMjAzMjQ0MDU3Njc5OWMxYmQ2NmY5MGEwNDg2NmJjYTNiNzg1ZGQ0MzQwZUBn",
 "created": "2026-07-19T17:07:57Z",
 "updated": "2026-07-19T17:08:00.293Z",
 "summary": "New event",
 "description": "New event description",
 "location": "InOffice",
 "creator": {
  "email": "bayselonarrend@gmail.com"
 },
 "organizer": {
  "email": "bayselonarrend@gmail.com"
 },
 "start": {
  "dateTime": "2026-07-19T17:07:57+00:00",
  "timeZone": "Europe/Moscow"
 },
 "end": {
  "dateTime": "2026-07-19T18:07:57+00:00",
  "timeZone": "Europe/Moscow"
 },
 "iCalUID": "rss31qjeoul132n62ir4vrnl6s@google.com",
 "sequence": 0,
 "reminders": {
  "useDefault": true
 },
 "attachments": [
  {
   "fileUrl": "https://releases.openintegrations.dev/test_data/picture.jpg",
   "title": "Image1",
   "iconLink": ""
  },
  {
   "fileUrl": "https://releases.openintegrations.dev/test_data/picture2.jpg",
   "title": "Image2",
   "iconLink": ""
  }
 ],
 "eventType": "default"
}
