 {
 "ok": true,
 "result": {
  "message_id": 4995,
  "from": {
   "id": 6129457865,
   "is_bot": true,
   "first_name": "Бот Виталий",
   "username": "sicheebot"
  },
  "chat": {
   "id": 461699897,
   "first_name": "Anton",
   "last_name": "Titowets",
   "username": "JKIee",
   "type": "private"
  },
  "date": 1717780204,
  "forward_origin": {
   "type": "channel",
   "chat": {
    "id": -1001893407333,
    "title": "Тестовый канал",
    "username": "testsichee",
    "type": "channel"
   },
   "message_id": 5041,
   "date": 1717780089
  },
  "forward_from_chat": {
   "id": -1001893407333,
   "title": "Тестовый канал",
   "username": "testsichee",
   "type": "channel"
  },
  "forward_from_message_id": 5041,
  "forward_date": 1717780089,
  "text": "Строковое значение"
 }
}
