 {
 "ok": true,
 "result": [
  {
   "update_id": 291366286,
   "channel_post": {
    "message_id": 5040,
    "sender_chat": {
     "id": -1001893407333,
     "title": "Тестовый канал",
     "username": "testsichee",
     "type": "channel"
    },
    "chat": {
     "id": -1001893407333,
     "title": "Тестовый канал",
     "username": "testsichee",
     "type": "channel"
    },
    "date": 1717745993,
    "pinned_message": {
     "message_id": 5025,
     "sender_chat": {
      "id": -1001893407333,
      "title": "Тестовый канал",
      "username": "testsichee",
      "type": "channel"
     },
     "chat": {
      "id": -1001893407333,
      "title": "Тестовый канал",
      "username": "testsichee",
      "type": "channel"
     },
     "date": 1717745800,
     "text": "Строковое значение"
    }
   }
  },
  {
   "update_id": 291366287,
   "message": {
    "message_id": 2728,
    "from": {
     "id": 6129457865,
     "is_bot": true,
     "first_name": "Бот Виталий",
     "username": "sicheebot"
    },
    "chat": {
     "id": -1001971186208,
     "title": "Тест",
     "is_forum": true,
     "type": "supergroup"
    },
    "date": 1717746013,
    "message_thread_id": 2728,
    "forum_topic_created": {
     "name": "TestTopic d1c76909-f602-402f-b04c-289527e75a98",
     "icon_color": 7322096,
     "icon_custom_emoji_id": "5357419403325481346"
    },
    "is_topic_message": true
   }
  },
  {
   "update_id": 291366288,
   "message": {
    "message_id": 2730,
    "from": {
     "id": 6129457865,
     "is_bot": true,
     "first_name": "Бот Виталий",
     "username": "sicheebot"
    },
    "chat": {
     "id": -1001971186208,
     "title": "Тест",
     "is_forum": true,
     "type": "supergroup"
    },
    "date": 1717746014,
    "message_thread_id": 2728,
    "reply_to_message": {
     "message_id": 2728,
     "from": {
      "id": 6129457865,
      "is_bot": true,
      "first_name": "Бот Виталий",
      "username": "sicheebot"
     },
     "chat": {
      "id": -1001971186208,
      "title": "Тест",
      "is_forum": true,
      "type": "supergroup"
     },
     "date": 1717746013,
     "message_thread_id": 2728,
     "forum_topic_created": {
      "name": "TestTopic d1c76909-f602-402f-b04c-289527e75a98",
      "icon_color": 7322096,
      "icon_custom_emoji_id": "5357419403325481346"
     },
     "is_topic_message": true
    },
    "forum_topic_edited": {
     "name": "NewTestTitle",
     "icon_custom_emoji_id": "5310132165583840589"
    },
    "is_topic_message": true
   }
  },
  {
   "update_id": 291366289,
   "message": {
    "message_id": 2731,
    "from": {
     "id": 6129457865,
     "is_bot": true,
     "first_name": "Бот Виталий",
     "username": "sicheebot"
    },
    "chat": {
     "id": -1001971186208,
     "title": "Тест",
     "is_forum": true,
     "type": "supergroup"
    },
    "date": 1717746019,
    "forum_topic_reopened": {}
   }
  },
  {
   "update_id": 291366290,
   "message": {
    "message_id": 2732,
    "from": {
     "id": 6129457865,
     "is_bot": true,
     "first_name": "Бот Виталий",
     "username": "sicheebot"
    },
    "chat": {
     "id": -1001971186208,
     "title": "Тест",
     "is_forum": true,
     "type": "supergroup"
    },
    "date": 1717746019,
    "forum_topic_closed": {}
   }
  },
  {
   "update_id": 291366291,
   "message": {
    "message_id": 2733,
    "from": {
     "id": 6129457865,
     "is_bot": true,
     "first_name": "Бот Виталий",
     "username": "sicheebot"
    },
    "chat": {
     "id": -1001971186208,
     "title": "Тест",
     "is_forum": true,
     "type": "supergroup"
    },
    "date": 1717746020,
    "message_thread_id": 2728,
    "reply_to_message": {
     "message_id": 2728,
     "from": {
      "id": 6129457865,
      "is_bot": true,
      "first_name": "Бот Виталий",
      "username": "sicheebot"
     },
     "chat": {
      "id": -1001971186208,
      "title": "Тест",
      "is_forum": true,
      "type": "supergroup"
     },
     "date": 1717746013,
     "message_thread_id": 2728,
     "forum_topic_created": {
      "name": "TestTopic d1c76909-f602-402f-b04c-289527e75a98",
      "icon_color": 7322096,
      "icon_custom_emoji_id": "5357419403325481346"
     },
     "is_topic_message": true
    },
    "forum_topic_closed": {},
    "is_topic_message": true
   }
  },
  {
   "update_id": 291366292,
   "message": {
    "message_id": 2734,
    "from": {
     "id": 6129457865,
     "is_bot": true,
     "first_name": "Бот Виталий",
     "username": "sicheebot"
    },
    "chat": {
     "id": -1001971186208,
     "title": "Тест",
     "is_forum": true,
     "type": "supergroup"
    },
    "date": 1717746041,
    "forum_topic_reopened": {}
   }
  },
  {
   "update_id": 291366293,
   "message": {
    "message_id": 2735,
    "from": {
     "id": 6129457865,
     "is_bot": true,
     "first_name": "Бот Виталий",
     "username": "sicheebot"
    },
    "chat": {
     "id": -1001971186208,
     "title": "Тест",
     "is_forum": true,
     "type": "supergroup"
    },
    "date": 1717746041,
    "message_thread_id": 2728,
    "reply_to_message": {
     "message_id": 2728,
     "from": {
      "id": 6129457865,
      "is_bot": true,
      "first_name": "Бот Виталий",
      "username": "sicheebot"
     },
     "chat": {
      "id": -1001971186208,
      "title": "Тест",
      "is_forum": true,
      "type": "supergroup"
     },
     "date": 1717746013,
     "message_thread_id": 2728,
     "forum_topic_created": {
      "name": "TestTopic d1c76909-f602-402f-b04c-289527e75a98",
      "icon_color": 7322096,
      "icon_custom_emoji_id": "5357419403325481346"
     },
     "is_topic_message": true
    },
    "forum_topic_reopened": {},
    "is_topic_message": true
   }
  },
  {
   "update_id": 291366294,
   "message": {
    "message_id": 2736,
    "from": {
     "id": 6129457865,
     "is_bot": true,
     "first_name": "Бот Виталий",
     "username": "sicheebot"
    },
    "chat": {
     "id": -1001971186208,
     "title": "Тест",
     "is_forum": true,
     "type": "supergroup"
    },
    "date": 1717746089,
    "forum_topic_edited": {
     "name": "New main thread name e100c896-da48-4c75-b80e-4908535d71f0"
    }
   }
  },
  {
   "update_id": 291366295,
   "message": {
    "message_id": 2737,
    "from": {
     "id": 6129457865,
     "is_bot": true,
     "first_name": "Бот Виталий",
     "username": "sicheebot"
    },
    "chat": {
     "id": -1001971186208,
     "title": "Тест",
     "is_forum": true,
     "type": "supergroup"
    },
    "date": 1717746095,
    "general_forum_topic_hidden": {}
   }
  },
  {
   "update_id": 291366296,
   "message": {
    "message_id": 2738,
    "from": {
     "id": 6129457865,
     "is_bot": true,
     "first_name": "Бот Виталий",
     "username": "sicheebot"
    },
    "chat": {
     "id": -1001971186208,
     "title": "Тест",
     "is_forum": true,
     "type": "supergroup"
    },
    "date": 1717746100,
    "general_forum_topic_unhidden": {}
   }
  }
 ]
}
