 {
 "ok": true,
 "result": {
  "message_id": 4985,
  "from": {
   "id": 6129457865,
   "is_bot": true,
   "first_name": "Бот Виталий",
   "username": "sicheebot"
  },
  "chat": {
   "id": 461699897,
   "first_name": "Anton",
   "last_name": "Titowets",
   "username": "JKIee",
   "type": "private"
  },
  "date": 1717780100,
  "photo": [
   {
    "file_id": "AgACAgIAAxkDAAITeWZjPoRr0L0N5mNw5I9eIX_UqcOKAAKa2TEbvv6xSgxyd39G8AuyAQADAgADcwADNQQ",
    "file_unique_id": "AQADmtkxG77-sUp4",
    "file_size": 1568,
    "width": 90,
    "height": 67
   },
   {
    "file_id": "AgACAgIAAxkDAAITeWZjPoRr0L0N5mNw5I9eIX_UqcOKAAKa2TEbvv6xSgxyd39G8AuyAQADAgADbQADNQQ",
    "file_unique_id": "AQADmtkxG77-sUpy",
    "file_size": 21633,
    "width": 320,
    "height": 240
   },
   {
    "file_id": "AgACAgIAAxkDAAITeWZjPoRr0L0N5mNw5I9eIX_UqcOKAAKa2TEbvv6xSgxyd39G8AuyAQADAgADeAADNQQ",
    "file_unique_id": "AQADmtkxG77-sUp9",
    "file_size": 99260,
    "width": 800,
    "height": 600
   },
   {
    "file_id": "AgACAgIAAxkDAAITeWZjPoRr0L0N5mNw5I9eIX_UqcOKAAKa2TEbvv6xSgxyd39G8AuyAQADAgADeQADNQQ",
    "file_unique_id": "AQADmtkxG77-sUp-",
    "file_size": 218651,
    "width": 1280,
    "height": 960
   },
   {
    "file_id": "AgACAgIAAxkDAAITeWZjPoRr0L0N5mNw5I9eIX_UqcOKAAKa2TEbvv6xSgxyd39G8AuyAQADAgADdwADNQQ",
    "file_unique_id": "AQADmtkxG77-sUp8",
    "file_size": 650214,
    "width": 2560,
    "height": 1920
   }
  ],
  "caption": "Строковое значение"
 }
}
