 {
 "ok": true,
 "result": [
  {
   "message_id": 4939,
   "from": {
    "id": 6129457865,
    "is_bot": true,
    "first_name": "Бот Виталий",
    "username": "sicheebot"
   },
   "chat": {
    "id": 461699897,
    "first_name": "Anton",
    "last_name": "Titowets",
    "username": "JKIee",
    "type": "private"
   },
   "date": 1717594328,
   "media_group_id": "13740754631654554",
   "photo": [
    {
     "file_id": "AgACAgIAAxkDAAITS2ZgaNiskzwBobndwCsjifBl6gznAAKa2TEbvv6xSgxyd39G8AuyAQADAgADcwADNQQ",
     "file_unique_id": "AQADmtkxG77-sUp4",
     "file_size": 1568,
     "width": 90,
     "height": 67
    },
    {
     "file_id": "AgACAgIAAxkDAAITS2ZgaNiskzwBobndwCsjifBl6gznAAKa2TEbvv6xSgxyd39G8AuyAQADAgADbQADNQQ",
     "file_unique_id": "AQADmtkxG77-sUpy",
     "file_size": 21633,
     "width": 320,
     "height": 240
    },
    {
     "file_id": "AgACAgIAAxkDAAITS2ZgaNiskzwBobndwCsjifBl6gznAAKa2TEbvv6xSgxyd39G8AuyAQADAgADeAADNQQ",
     "file_unique_id": "AQADmtkxG77-sUp9",
     "file_size": 99260,
     "width": 800,
     "height": 600
    },
    {
     "file_id": "AgACAgIAAxkDAAITS2ZgaNiskzwBobndwCsjifBl6gznAAKa2TEbvv6xSgxyd39G8AuyAQADAgADeQADNQQ",
     "file_unique_id": "AQADmtkxG77-sUp-",
     "file_size": 218651,
     "width": 1280,
     "height": 960
    },
    {
     "file_id": "AgACAgIAAxkDAAITS2ZgaNiskzwBobndwCsjifBl6gznAAKa2TEbvv6xSgxyd39G8AuyAQADAgADdwADNQQ",
     "file_unique_id": "AQADmtkxG77-sUp8",
     "file_size": 650214,
     "width": 2560,
     "height": 1920
    }
   ],
   "caption": "Строковое значение"
  },
  {
   "message_id": 4940,
   "from": {
    "id": 6129457865,
    "is_bot": true,
    "first_name": "Бот Виталий",
    "username": "sicheebot"
   },
   "chat": {
    "id": 461699897,
    "first_name": "Anton",
    "last_name": "Titowets",
    "username": "JKIee",
    "type": "private"
   },
   "date": 1717594328,
   "media_group_id": "13740754631654554",
   "video": {
    "duration": 5,
    "width": 640,
    "height": 480,
    "file_name": "video1",
    "mime_type": "video/mp4",
    "thumbnail": {
     "file_id": "AAMCAgADGQMAAhNMZmBo2FT0PM1Thl0QfjkQxIXedD0AAo9MAAIGUwFLxtjWJ_IR1qIBAAdtAAM1BA",
     "file_unique_id": "AQADj0wAAgZTAUty",
     "file_size": 20106,
     "width": 320,
     "height": 240
    },
    "thumb": {
     "file_id": "AAMCAgADGQMAAhNMZmBo2FT0PM1Thl0QfjkQxIXedD0AAo9MAAIGUwFLxtjWJ_IR1qIBAAdtAAM1BA",
     "file_unique_id": "AQADj0wAAgZTAUty",
     "file_size": 20106,
     "width": 320,
     "height": 240
    },
    "file_id": "BAACAgIAAxkDAAITTGZgaNhU9DzNU4ZdEH45EMSF3nQ9AAKPTAACBlMBS8bY1ifyEdaiNQQ",
    "file_unique_id": "AgADj0wAAgZTAUs",
    "file_size": 1137878
   }
  }
 ]
}
