 {
 "ok": true,
 "result": {
  "message_id": 4935,
  "from": {
   "id": 6129457865,
   "is_bot": true,
   "first_name": "Бот Виталий",
   "username": "sicheebot"
  },
  "chat": {
   "id": 461699897,
   "first_name": "Anton",
   "last_name": "Titowets",
   "username": "JKIee",
   "type": "private"
  },
  "date": 1717594268,
  "video": {
   "duration": 5,
   "width": 640,
   "height": 480,
   "file_name": "video",
   "mime_type": "video/mp4",
   "thumbnail": {
    "file_id": "AAMCAgADGQMAAhNHZmBomxBC1tNhQvFoh8MffeiLysoAAolMAAIGUwFL7l_3PyRgHzwBAAdtAAM1BA",
    "file_unique_id": "AQADiUwAAgZTAUty",
    "file_size": 20106,
    "width": 320,
    "height": 240
   },
   "thumb": {
    "file_id": "AAMCAgADGQMAAhNHZmBomxBC1tNhQvFoh8MffeiLysoAAolMAAIGUwFL7l_3PyRgHzwBAAdtAAM1BA",
    "file_unique_id": "AQADiUwAAgZTAUty",
    "file_size": 20106,
    "width": 320,
    "height": 240
   },
   "file_id": "BAACAgIAAxkDAAITR2ZgaJsQQtbTYULxaIfDH33oi8rKAAKJTAACBlMBS-5f9z8kYB88NQQ",
   "file_unique_id": "AgADiUwAAgZTAUs",
   "file_size": 1137878
  },
  "caption": "Строковое значение"
 }
}
