 {
 "ok": true,
 "result": {
  "message_id": 4989,
  "from": {
   "id": 6129457865,
   "is_bot": true,
   "first_name": "Бот Виталий",
   "username": "sicheebot"
  },
  "chat": {
   "id": 461699897,
   "first_name": "Anton",
   "last_name": "Titowets",
   "username": "JKIee",
   "type": "private"
  },
  "date": 1717780148,
  "animation": {
   "file_name": "animation.gif.mp4",
   "mime_type": "video/mp4",
   "duration": 3,
   "width": 220,
   "height": 220,
   "thumbnail": {
    "file_id": "AAMCAgADGQMAAhN9ZmM-tJCCMcYFWzuhKAABMTUhnMlIAAITVwACy0oYS9QPZOVtmKIOAQAHbQADNQQ",
    "file_unique_id": "AQADE1cAAstKGEty",
    "file_size": 11352,
    "width": 220,
    "height": 220
   },
   "thumb": {
    "file_id": "AAMCAgADGQMAAhN9ZmM-tJCCMcYFWzuhKAABMTUhnMlIAAITVwACy0oYS9QPZOVtmKIOAQAHbQADNQQ",
    "file_unique_id": "AQADE1cAAstKGEty",
    "file_size": 11352,
    "width": 220,
    "height": 220
   },
   "file_id": "CgACAgIAAxkDAAITfWZjPrSQgjHGBVs7oSgAATE1IZzJSAACE1cAAstKGEvUD2TlbZiiDjUE",
   "file_unique_id": "AgADE1cAAstKGEs",
   "file_size": 85157
  },
  "document": {
   "file_name": "animation.gif.mp4",
   "mime_type": "video/mp4",
   "thumbnail": {
    "file_id": "AAMCAgADGQMAAhN9ZmM-tJCCMcYFWzuhKAABMTUhnMlIAAITVwACy0oYS9QPZOVtmKIOAQAHbQADNQQ",
    "file_unique_id": "AQADE1cAAstKGEty",
    "file_size": 11352,
    "width": 220,
    "height": 220
   },
   "thumb": {
    "file_id": "AAMCAgADGQMAAhN9ZmM-tJCCMcYFWzuhKAABMTUhnMlIAAITVwACy0oYS9QPZOVtmKIOAQAHbQADNQQ",
    "file_unique_id": "AQADE1cAAstKGEty",
    "file_size": 11352,
    "width": 220,
    "height": 220
   },
   "file_id": "CgACAgIAAxkDAAITfWZjPrSQgjHGBVs7oSgAATE1IZzJSAACE1cAAstKGEvUD2TlbZiiDjUE",
   "file_unique_id": "AgADE1cAAstKGEs",
   "file_size": 85157
  },
  "caption": "Строковое значение"
 }
}
