 {
 "ok": true,
 "result": {
  "message_id": 4936,
  "from": {
   "id": 6129457865,
   "is_bot": true,
   "first_name": "Бот Виталий",
   "username": "sicheebot"
  },
  "chat": {
   "id": 461699897,
   "first_name": "Anton",
   "last_name": "Titowets",
   "username": "JKIee",
   "type": "private"
  },
  "date": 1717594293,
  "audio": {
   "duration": 228,
   "file_name": "audio",
   "mime_type": "audio/mpeg",
   "title": "Dogs",
   "performer": "Motorhead",
   "file_id": "CQACAgIAAxkDAAITSGZgaLTNbxObUoWmlibPRJkoTXxbAAKLTAACBlMBS69wQrpUaJtqNQQ",
   "file_unique_id": "AgADi0wAAgZTAUs",
   "file_size": 9229352
  },
  "caption": "Строковое значение"
 }
}
