    {
 "ok": true,
 "result": {
  "message_id": 4926,
  "from": {
   "id": 6129457865,
   "is_bot": true,
   "first_name": "Бот Виталий",
   "username": "sicheebot"
  },
  "chat": {
   "id": 461699897,
   "first_name": "Anton",
   "last_name": "Titowets",
   "username": "JKIee",
   "type": "private"
  },
  "date": 1717583642,
  "animation": {
   "file_name": "animation.gif.mp4",
   "mime_type": "video/mp4",
   "duration": 3,
   "width": 220,
   "height": 220,
   "thumbnail": {
    "file_id": "AAMCAgADGQMAAhM-ZmA_GvQjfRfM48YB22VDAhDZtZUAAhVKAAIGUwFL-ONkAWJF8WMBAAdtAAM1BA",
    "file_unique_id": "AQADFUoAAgZTAUty",
    "file_size": 11352,
    "width": 220,
    "height": 220
   },
   "thumb": {
    "file_id": "AAMCAgADGQMAAhM-ZmA_GvQjfRfM48YB22VDAhDZtZUAAhVKAAIGUwFL-ONkAWJF8WMBAAdtAAM1BA",
    "file_unique_id": "AQADFUoAAgZTAUty",
    "file_size": 11352,
    "width": 220,
    "height": 220
   },
   "file_id": "CgACAgIAAxkDAAITPmZgPxr0I30XzOPGAdtlQwIQ2bWVAAIVSgACBlMBS_jjZAFiRfFjNQQ",
   "file_unique_id": "AgADFUoAAgZTAUs",
   "file_size": 84941
  },
  "document": {
   "file_name": "animation.gif.mp4",
   "mime_type": "video/mp4",
   "thumbnail": {
    "file_id": "AAMCAgADGQMAAhM-ZmA_GvQjfRfM48YB22VDAhDZtZUAAhVKAAIGUwFL-ONkAWJF8WMBAAdtAAM1BA",
    "file_unique_id": "AQADFUoAAgZTAUty",
    "file_size": 11352,
    "width": 220,
    "height": 220
   },
   "thumb": {
    "file_id": "AAMCAgADGQMAAhM-ZmA_GvQjfRfM48YB22VDAhDZtZUAAhVKAAIGUwFL-ONkAWJF8WMBAAdtAAM1BA",
    "file_unique_id": "AQADFUoAAgZTAUty",
    "file_size": 11352,
    "width": 220,
    "height": 220
   },
   "file_id": "CgACAgIAAxkDAAITPmZgPxr0I30XzOPGAdtlQwIQ2bWVAAIVSgACBlMBS_jjZAFiRfFjNQQ",
   "file_unique_id": "AgADFUoAAgZTAUs",
   "file_size": 84941
  },
  "caption": "Строковое значение"
 }
}
