    {
 "ok": true,
 "result": [
  {
   "message_id": 5039,
   "from": {
    "id": 6129457865,
    "is_bot": true,
    "first_name": "Бот Виталий",
    "username": "sicheebot"
   },
   "chat": {
    "id": 461699897,
    "first_name": "Anton",
    "last_name": "Titowets",
    "username": "JKIee",
    "type": "private"
   },
   "date": 1717845229,
   "media_group_id": "13742761839673690",
   "photo": [
    {
     "file_id": "AgACAgIAAxkDAAITr2ZkPO12PuU3dxWbDyhOrbtugPMGAAKa2TEbvv6xSgxyd39G8AuyAQADAgADcwADNQQ",
     "file_unique_id": "AQADmtkxG77-sUp4",
     "file_size": 1568,
     "width": 90,
     "height": 67
    },
    {
     "file_id": "AgACAgIAAxkDAAITr2ZkPO12PuU3dxWbDyhOrbtugPMGAAKa2TEbvv6xSgxyd39G8AuyAQADAgADbQADNQQ",
     "file_unique_id": "AQADmtkxG77-sUpy",
     "file_size": 21633,
     "width": 320,
     "height": 240
    },
    {
     "file_id": "AgACAgIAAxkDAAITr2ZkPO12PuU3dxWbDyhOrbtugPMGAAKa2TEbvv6xSgxyd39G8AuyAQADAgADeAADNQQ",
     "file_unique_id": "AQADmtkxG77-sUp9",
     "file_size": 99260,
     "width": 800,
     "height": 600
    },
    {
     "file_id": "AgACAgIAAxkDAAITr2ZkPO12PuU3dxWbDyhOrbtugPMGAAKa2TEbvv6xSgxyd39G8AuyAQADAgADeQADNQQ",
     "file_unique_id": "AQADmtkxG77-sUp-",
     "file_size": 218651,
     "width": 1280,
     "height": 960
    },
    {
     "file_id": "AgACAgIAAxkDAAITr2ZkPO12PuU3dxWbDyhOrbtugPMGAAKa2TEbvv6xSgxyd39G8AuyAQADAgADdwADNQQ",
     "file_unique_id": "AQADmtkxG77-sUp8",
     "file_size": 650214,
     "width": 2560,
     "height": 1920
    }
   ],
   "caption": "Строковое значение"
  },
  {
   "message_id": 5040,
   "from": {
    "id": 6129457865,
    "is_bot": true,
    "first_name": "Бот Виталий",
    "username": "sicheebot"
   },
   "chat": {
    "id": 461699897,
    "first_name": "Anton",
    "last_name": "Titowets",
    "username": "JKIee",
    "type": "private"
   },
   "date": 1717845229,
   "media_group_id": "13742761839673690",
   "video": {
    "duration": 5,
    "width": 640,
    "height": 480,
    "file_name": "video1",
    "mime_type": "video/mp4",
    "thumbnail": {
     "file_id": "AAMCAgADGQMAAhOwZmQ87S1VI-hslmNirCOIJ1vxEcQAAj1aAAJBPyBL_JokBHuM_swBAAdtAAM1BA",
     "file_unique_id": "AQADPVoAAkE_IEty",
     "file_size": 20106,
     "width": 320,
     "height": 240
    },
    "thumb": {
     "file_id": "AAMCAgADGQMAAhOwZmQ87S1VI-hslmNirCOIJ1vxEcQAAj1aAAJBPyBL_JokBHuM_swBAAdtAAM1BA",
     "file_unique_id": "AQADPVoAAkE_IEty",
     "file_size": 20106,
     "width": 320,
     "height": 240
    },
    "file_id": "BAACAgIAAxkDAAITsGZkPO0tVSPobJZjYqwjiCdb8RHEAAI9WgACQT8gS_yaJAR7jP7MNQQ",
    "file_unique_id": "AgADPVoAAkE_IEs",
    "file_size": 1137878
   }
  }
 ]
}
