    {
 "ok": true,
 "result": {
  "message_id": 4600,
  "from": {
   "id": 6129457865,
   "is_bot": true,
   "first_name": "Бот Виталий",
   "username": "sicheebot"
  },
  "chat": {
   "id": 461699897,
   "first_name": "Anton",
   "last_name": "Titowets",
   "username": "JKIee",
   "type": "private"
  },
  "date": 1716965602,
  "poll": {
   "id": "5384614921495381596",
   "question": "Какой ваш любимый цвет?",
   "options": [
    {
     "text": "Красный",
     "voter_count": 0
    },
    {
     "text": "Желтый",
     "voter_count": 0
    },
    {
     "text": "Зеленый",
     "voter_count": 0
    },
    {
     "text": "Синий",
     "voter_count": 0
    }
   ],
   "total_voter_count": 0,
   "is_closed": false,
   "is_anonymous": false,
   "type": "regular",
   "allows_multiple_answers": false
  }
 }
}
