    {
 "ok": true,
 "result": {
  "message_id": 5035,
  "from": {
   "id": 6129457865,
   "is_bot": true,
   "first_name": "Бот Виталий",
   "username": "sicheebot"
  },
  "chat": {
   "id": 461699897,
   "first_name": "Anton",
   "last_name": "Titowets",
   "username": "JKIee",
   "type": "private"
  },
  "date": 1717845184,
  "video": {
   "duration": 5,
   "width": 640,
   "height": 480,
   "file_name": "video",
   "mime_type": "video/mp4",
   "thumbnail": {
    "file_id": "AAMCAgADGQMAAhOrZmQ8wGclRpG5fWBFXn8iWxkiafkAAjlaAAJBPyBLMAsMhbpENv8BAAdtAAM1BA",
    "file_unique_id": "AQADOVoAAkE_IEty",
    "file_size": 20106,
    "width": 320,
    "height": 240
   },
   "thumb": {
    "file_id": "AAMCAgADGQMAAhOrZmQ8wGclRpG5fWBFXn8iWxkiafkAAjlaAAJBPyBLMAsMhbpENv8BAAdtAAM1BA",
    "file_unique_id": "AQADOVoAAkE_IEty",
    "file_size": 20106,
    "width": 320,
    "height": 240
   },
   "file_id": "BAACAgIAAxkDAAITq2ZkPMBnJUaRuX1gRV5_IlsZImn5AAI5WgACQT8gSzALDIW6RDb_NQQ",
   "file_unique_id": "AgADOVoAAkE_IEs",
   "file_size": 1137878
  },
  "caption": "Строковое значение"
 }
}
