    {
 "ok": true,
 "result": [
  {
   "update_id": 291365978,
   "channel_post": {
    "message_id": 4653,
    "sender_chat": {
     "id": -1001893407333,
     "title": "Тестовый канал",
     "username": "testsichee",
     "type": "channel"
    },
    "chat": {
     "id": -1001893407333,
     "title": "Тестовый канал",
     "username": "testsichee",
     "type": "channel"
    },
    "date": 1717000248,
    "pinned_message": {
     "message_id": 4638,
     "sender_chat": {
      "id": -1001893407333,
      "title": "Тестовый канал",
      "username": "testsichee",
      "type": "channel"
     },
     "chat": {
      "id": -1001893407333,
      "title": "Тестовый канал",
      "username": "testsichee",
      "type": "channel"
     },
     "date": 1717000111,
     "text": "Строковое значение"
    }
   }
  },
  {
   "update_id": 291365979,
   "message": {
    "message_id": 2424,
    "from": {
     "id": 6129457865,
     "is_bot": true,
     "first_name": "Бот Виталий",
     "username": "sicheebot"
    },
    "chat": {
     "id": -1001971186208,
     "title": "Тест",
     "is_forum": true,
     "type": "supergroup"
    },
    "date": 1717000272,
    "message_thread_id": 2424,
    "forum_topic_created": {
     "name": "Тестовая тема d74dd12d-dd23-49ae-94fd-b4bd5e98be31",
     "icon_color": 7322096,
     "icon_custom_emoji_id": "5357419403325481346"
    },
    "is_topic_message": true
   }
  },
  {
   "update_id": 291365980,
   "message": {
    "message_id": 2426,
    "from": {
     "id": 6129457865,
     "is_bot": true,
     "first_name": "Бот Виталий",
     "username": "sicheebot"
    },
    "chat": {
     "id": -1001971186208,
     "title": "Тест",
     "is_forum": true,
     "type": "supergroup"
    },
    "date": 1717000273,
    "message_thread_id": 2424,
    "reply_to_message": {
     "message_id": 2424,
     "from": {
      "id": 6129457865,
      "is_bot": true,
      "first_name": "Бот Виталий",
      "username": "sicheebot"
     },
     "chat": {
      "id": -1001971186208,
      "title": "Тест",
      "is_forum": true,
      "type": "supergroup"
     },
     "date": 1717000272,
     "message_thread_id": 2424,
     "forum_topic_created": {
      "name": "Тестовая тема d74dd12d-dd23-49ae-94fd-b4bd5e98be31",
      "icon_color": 7322096,
      "icon_custom_emoji_id": "5357419403325481346"
     },
     "is_topic_message": true
    },
    "forum_topic_edited": {
     "name": "Новый тестовый заголовок",
     "icon_custom_emoji_id": "5310132165583840589"
    },
    "is_topic_message": true
   }
  },
  {
   "update_id": 291365981,
   "message": {
    "message_id": 2427,
    "from": {
     "id": 6129457865,
     "is_bot": true,
     "first_name": "Бот Виталий",
     "username": "sicheebot"
    },
    "chat": {
     "id": -1001971186208,
     "title": "Тест",
     "is_forum": true,
     "type": "supergroup"
    },
    "date": 1717000278,
    "forum_topic_reopened": {}
   }
  },
  {
   "update_id": 291365982,
   "message": {
    "message_id": 2428,
    "from": {
     "id": 6129457865,
     "is_bot": true,
     "first_name": "Бот Виталий",
     "username": "sicheebot"
    },
    "chat": {
     "id": -1001971186208,
     "title": "Тест",
     "is_forum": true,
     "type": "supergroup"
    },
    "date": 1717000278,
    "forum_topic_closed": {}
   }
  },
  {
   "update_id": 291365983,
   "message": {
    "message_id": 2429,
    "from": {
     "id": 6129457865,
     "is_bot": true,
     "first_name": "Бот Виталий",
     "username": "sicheebot"
    },
    "chat": {
     "id": -1001971186208,
     "title": "Тест",
     "is_forum": true,
     "type": "supergroup"
    },
    "date": 1717000278,
    "message_thread_id": 2424,
    "reply_to_message": {
     "message_id": 2424,
     "from": {
      "id": 6129457865,
      "is_bot": true,
      "first_name": "Бот Виталий",
      "username": "sicheebot"
     },
     "chat": {
      "id": -1001971186208,
      "title": "Тест",
      "is_forum": true,
      "type": "supergroup"
     },
     "date": 1717000272,
     "message_thread_id": 2424,
     "forum_topic_created": {
      "name": "Тестовая тема d74dd12d-dd23-49ae-94fd-b4bd5e98be31",
      "icon_color": 7322096,
      "icon_custom_emoji_id": "5357419403325481346"
     },
     "is_topic_message": true
    },
    "forum_topic_closed": {},
    "is_topic_message": true
   }
  },
  {
   "update_id": 291365984,
   "message": {
    "message_id": 2430,
    "from": {
     "id": 6129457865,
     "is_bot": true,
     "first_name": "Бот Виталий",
     "username": "sicheebot"
    },
    "chat": {
     "id": -1001971186208,
     "title": "Тест",
     "is_forum": true,
     "type": "supergroup"
    },
    "date": 1717000303,
    "forum_topic_reopened": {}
   }
  },
  {
   "update_id": 291365985,
   "message": {
    "message_id": 2431,
    "from": {
     "id": 6129457865,
     "is_bot": true,
     "first_name": "Бот Виталий",
     "username": "sicheebot"
    },
    "chat": {
     "id": -1001971186208,
     "title": "Тест",
     "is_forum": true,
     "type": "supergroup"
    },
    "date": 1717000303,
    "message_thread_id": 2424,
    "reply_to_message": {
     "message_id": 2424,
     "from": {
      "id": 6129457865,
      "is_bot": true,
      "first_name": "Бот Виталий",
      "username": "sicheebot"
     },
     "chat": {
      "id": -1001971186208,
      "title": "Тест",
      "is_forum": true,
      "type": "supergroup"
     },
     "date": 1717000272,
     "message_thread_id": 2424,
     "forum_topic_created": {
      "name": "Тестовая тема d74dd12d-dd23-49ae-94fd-b4bd5e98be31",
      "icon_color": 7322096,
      "icon_custom_emoji_id": "5357419403325481346"
     },
     "is_topic_message": true
    },
    "forum_topic_reopened": {},
    "is_topic_message": true
   }
  },
  {
   "update_id": 291365986,
   "message": {
    "message_id": 2432,
    "from": {
     "id": 6129457865,
     "is_bot": true,
     "first_name": "Бот Виталий",
     "username": "sicheebot"
    },
    "chat": {
     "id": -1001971186208,
     "title": "Тест",
     "is_forum": true,
     "type": "supergroup"
    },
    "date": 1717000360,
    "forum_topic_edited": {
     "name": "Новое имя главной темы 72f60d11-b454-46ab-9ec2-1ef9562f0368"
    }
   }
  },
  {
   "update_id": 291365987,
   "message": {
    "message_id": 2433,
    "from": {
     "id": 6129457865,
     "is_bot": true,
     "first_name": "Бот Виталий",
     "username": "sicheebot"
    },
    "chat": {
     "id": -1001971186208,
     "title": "Тест",
     "is_forum": true,
     "type": "supergroup"
    },
    "date": 1717000367,
    "general_forum_topic_hidden": {}
   }
  },
  {
   "update_id": 291365988,
   "message": {
    "message_id": 2434,
    "from": {
     "id": 6129457865,
     "is_bot": true,
     "first_name": "Бот Виталий",
     "username": "sicheebot"
    },
    "chat": {
     "id": -1001971186208,
     "title": "Тест",
     "is_forum": true,
     "type": "supergroup"
    },
    "date": 1717000372,
    "general_forum_topic_unhidden": {}
   }
  }
 ]
}
