"MAIN ---" 
	linux-vdso.so.1 (0x00007ffc1a585000)
	libssl.so.3 => not found
	libcrypto.so.3 => not found
	libpthread.so.0 => /lib64/libpthread.so.0 (0x00007f0610b67000)
	libc.so.6 => /lib64/libc.so.6 (0x00007f0610790000)
	libdl.so.2 => /lib64/libdl.so.2 (0x00007f061058c000)
	/lib64/ld-linux-x86-64.so.2 (0x00007f0610d87000)
GLIBC_2.2.5
GLIBC_2.3
GLIBC_2.3.4
GLIBC_2.14
GLIBC_2.17
"FOLV ---" 
	linux-vdso.so.1 (0x00007ffee3b7a000)
	libssl.so.1.1 => /lib64/libssl.so.1.1 (0x00007fa5cff61000)
	libcrypto.so.1.1 => /lib64/libcrypto.so.1.1 (0x00007fa5cfa76000)
	libpthread.so.0 => /lib64/libpthread.so.0 (0x00007fa5cf856000)
	libc.so.6 => /lib64/libc.so.6 (0x00007fa5cf47f000)
	libdl.so.2 => /lib64/libdl.so.2 (0x00007fa5cf27b000)
	/lib64/ld-linux-x86-64.so.2 (0x00007fa5d01f6000)
	libz.so.1 => /lib64/libz.so.1 (0x00007fa5cf063000)
GLIBC_2.2.5
GLIBC_2.3
GLIBC_2.3.4
GLIBC_2.14
GLIBC_2.17
