[
 {
  "type": "outgoing",
  "idMessage": "3EB06B0D4A783F510C2BBF",
  "timestamp": 1779819658,
  "typeMessage": "extendedTextMessage",
  "chatId": "***",
  "textMessage": "Новое сообщение",
  "extendedTextMessage": {
   "text": "Новое сообщение",
   "description": "",
   "title": "",
   "previewType": "None",
   "jpegThumbnail": "",
   "forwardingScore": 1,
   "isForwarded": true
  },
  "statusMessage": "sent",
  "sendByApi": "***",
  "deletedMessageId": "",
  "editedMessageId": "",
  "isEdited": false,
  "isDeleted": false
 },
 {
  "type": "outgoing",
  "idMessage": "3EB0A64472A1BCB9D8B58F",
  "timestamp": 1779819657,
  "typeMessage": "contactMessage",
  "chatId": "***",
  "contact": {
   "displayName": "Велосипед",
   "vcard": "BEGIN:VCARD\nVERSION:3.0\nN:;;;\nFN:Велосипед\nORG:Велосипед\nTEL;type=CELL;type=VOICE;waid=79001234568:+...",
   "forwardingScore": 0,
   "isForwarded": false
  },
  "quotedMessage": {
   "stanzaId": "3EB094A64CC86F2F0C5B63",
   "participant": "1234567890@c.us",
   "typeMessage": "contactMessage",
   "contact": {
    "displayName": "Артем Евпаторийский Петрович",
    "vcard": "BEGIN:VCARD\nVERSION:3.0\nN:Петрович;Артем;Евпаторийский;\nFN:Артем Евпаторийский Петрович\nORG:Велосипе...",
    "forwardingScore": 0,
    "isForwarded": false
   },
   "deletedMessageId": "",
   "editedMessageId": "",
   "isEdited": false,
   "isDeleted": false
  },
  "statusMessage": "sent",
  "sendByApi": "***",
  "deletedMessageId": "",
  "editedMessageId": "",
  "isEdited": false,
  "isDeleted": false
 },
 {
  "type": "outgoing",
  "idMessage": "3EB0E234C057CB3FF67B8E",
  "timestamp": 1779819657,
  "typeMessage": "deletedMessage",
  "chatId": "***",
  "deletedMessageData": {
   "stanzaId": "3EB0CD45FB7B1D7132D1A2"
  },
  "statusMessage": "sent",
  "sendByApi": "***"
 },
 {
  "type": "outgoing",
  "idMessage": "3EB094A64CC86F2F0C5B63",
  "timestamp": 1779819656,
  "typeMessage": "contactMessage",
  "chatId": "***",
  "contact": {
   "displayName": "Артем Евпаторийский Петрович",
   "vcard": "BEGIN:VCARD\nVERSION:3.0\nN:Петрович;Артем;Евпаторийский;\nFN:Артем Евпаторийский Петрович\nORG:Велосипе...",
   "forwardingScore": 0,
   "isForwarded": false
  },
  "statusMessage": "sent",
  "sendByApi": "***",
  "deletedMessageId": "",
  "editedMessageId": "",
  "isEdited": false,
  "isDeleted": false
 },
 {
  "type": "outgoing",
  "idMessage": "3EB02D8EC2A82AED8A1D4B",
  "timestamp": 1779819654,
  "typeMessage": "locationMessage",
  "chatId": "***",
  "location": {
   "nameLocation": "",
   "address": "",
   "jpegThumbnail": "",
   "latitude": 53.908522,
   "longitude": 27.574821,
   "forwardingScore": 0,
   "isForwarded": false
  },
  "quotedMessage": {
   "stanzaId": "3EB0C32751D59C813C0127",
   "participant": "1234567890@c.us",
   "typeMessage": "locationMessage",
   "location": {
    "nameLocation": "Площадь Победы, Минск",
    "address": "пл. Победы",
    "jpegThumbnail": "",
    "latitude": 53.908522,
    "longitude": 27.574821,
    "forwardingScore": 0,
    "isForwarded": false
   },
   "deletedMessageId": "",
   "editedMessageId": "",
   "isEdited": false,
   "isDeleted": false
  },
  "statusMessage": "sent",
  "sendByApi": "***",
  "deletedMessageId": "",
  "editedMessageId": "",
  "isEdited": false,
  "isDeleted": false
 },
 {
  "type": "outgoing",
  "idMessage": "3EB0C32751D59C813C0127",
  "timestamp": 1779819653,
  "typeMessage": "locationMessage",
  "chatId": "***",
  "location": {
   "nameLocation": "Площадь Победы, Минск",
   "address": "пл. Победы",
   "jpegThumbnail": "",
   "latitude": 53.908522,
   "longitude": 27.574821,
   "forwardingScore": 0,
   "isForwarded": false
  },
  "statusMessage": "sent",
  "sendByApi": "***",
  "deletedMessageId": "",
  "editedMessageId": "",
  "isEdited": false,
  "isDeleted": false
 },
 {
  "type": "outgoing",
  "idMessage": "3EB0B1C0095A8B05703AEE",
  "timestamp": 1779819652,
  "typeMessage": "pollMessage",
  "chatId": "***",
  "pollMessageData": {
   "name": "Какой ваш любимый цвет?",
   "options": [
    {
     "optionName": "Красный"
    },
    {
     "optionName": "Желтый"
    },
    {
     "optionName": "Зеленый"
    }
   ],
   "multipleAnswers": true
  },
  "statusMessage": "sent",
  "sendByApi": "***",
  "deletedMessageId": "",
  "editedMessageId": "",
  "isEdited": false,
  "isDeleted": false
 },
 {
  "type": "outgoing",
  "idMessage": "3EB0299E2F971496AAFF2D",
  "timestamp": 1779819651,
  "typeMessage": "pollMessage",
  "chatId": "***",
  "pollMessageData": {
   "name": "Какой ваш любимый цвет?",
   "options": [
    {
     "optionName": "Красный"
    },
    {
     "optionName": "Желтый"
    },
    {
     "optionName": "Зеленый"
    }
   ],
   "multipleAnswers": false
  },
  "statusMessage": "sent",
  "sendByApi": "***",
  "deletedMessageId": "",
  "editedMessageId": "",
  "isEdited": false,
  "isDeleted": false
 },
 {
  "type": "outgoing",
  "idMessage": "3EB048CB973186FD9970FB",
  "timestamp": 1779819650,
  "typeMessage": "videoMessage",
  "chatId": "***",
  "downloadUrl": "",
  "caption": "Описание файла",
  "fileName": "",
  "jpegThumbnail": "/9j/2wCEAAEBAQEBAQEBAQEBAQEBAQEBAQEBAQEBAQEBAQEBAQEBAQEBAQEBAQEBAQEBAQEBAQEBAQEBAQEBAQEBAQEBAQEBAQEB...",
  "mimeType": "video/mp4",
  "isAnimated": false,
  "isForwarded": false,
  "forwardingScore": 0,
  "quotedMessage": {
   "stanzaId": "3EB02992B46069A835AE7F",
   "participant": "1234567890@c.us",
   "typeMessage": "imageMessage",
   "downloadUrl": "",
   "caption": "Описание файла",
   "fileName": "",
   "jpegThumbnail": "",
   "mimeType": "image/jpeg",
   "isAnimated": false,
   "isForwarded": false,
   "forwardingScore": 0,
   "editedMessageId": "",
   "deletedMessageId": "",
   "videoNote": false,
   "isEdited": false,
   "isDeleted": false
  },
  "statusMessage": "sent",
  "sendByApi": "***",
  "editedMessageId": "",
  "deletedMessageId": "",
  "videoNote": false,
  "isEdited": false,
  "isDeleted": false
 },
 {
  "type": "outgoing",
  "idMessage": "3EB02992B46069A835AE7F",
  "timestamp": 1779819646,
  "typeMessage": "imageMessage",
  "chatId": "***",
  "downloadUrl": "https://hut.openintegrations.dev/test_data/picture.jpg",
  "caption": "Описание файла",
  "fileName": "picture.jpg",
  "jpegThumbnail": "",
  "mimeType": "image/jpeg",
  "isAnimated": false,
  "isForwarded": false,
  "forwardingScore": 0,
  "statusMessage": "sent",
  "sendByApi": "***",
  "editedMessageId": "",
  "deletedMessageId": "",
  "videoNote": false,
  "isEdited": false,
  "isDeleted": false
 },
 {
  "type": "outgoing",
  "idMessage": "3EB0AFBDE91DB60E796B5D",
  "timestamp": 1779819641,
  "typeMessage": "videoMessage",
  "chatId": "***",
  "downloadUrl": "",
  "caption": "Описание файла",
  "fileName": "",
  "jpegThumbnail": "/9j/2wCEAAEBAQEBAQEBAQEBAQEBAQEBAQEBAQEBAQEBAQEBAQEBAQEBAQEBAQEBAQEBAQEBAQEBAQEBAQEBAQEBAQEBAQEBAQEB...",
  "mimeType": "video/mp4",
  "isAnimated": false,
  "isForwarded": false,
  "forwardingScore": 0,
  "quotedMessage": {
   "stanzaId": "3EB0A8F765406F2E9AA4EC",
   "participant": "1234567890@c.us",
   "typeMessage": "imageMessage",
   "downloadUrl": "",
   "caption": "Описание файла",
   "fileName": "",
   "jpegThumbnail": "",
   "mimeType": "image/jpeg",
   "isAnimated": false,
   "isForwarded": false,
   "forwardingScore": 0,
   "editedMessageId": "",
   "deletedMessageId": "",
   "videoNote": false,
   "isEdited": false,
   "isDeleted": false
  },
  "statusMessage": "sent",
  "sendByApi": "***",
  "editedMessageId": "",
  "deletedMessageId": "",
  "videoNote": false,
  "isEdited": false,
  "isDeleted": false
 },
 {
  "type": "outgoing",
  "idMessage": "3EB0A8F765406F2E9AA4EC",
  "timestamp": 1779819639,
  "typeMessage": "imageMessage",
  "chatId": "***",
  "downloadUrl": "https://do-mediaout-7105.fra1.digitaloceanspaces.com/7105187566/432edaea-2336-490f-b612-46f659bc2587...",
  "caption": "Описание файла",
  "fileName": "432edaea-2336-490f-b612-46f659bc2587.jpg",
  "jpegThumbnail": "",
  "mimeType": "image/jpeg",
  "isAnimated": false,
  "isForwarded": false,
  "forwardingScore": 0,
  "statusMessage": "sent",
  "sendByApi": "***",
  "editedMessageId": "",
  "deletedMessageId": "",
  "videoNote": false,
  "isEdited": false,
  "isDeleted": false
 },
 {
  "type": "outgoing",
  "idMessage": "3EB0653DE1004546BDBBBA",
  "timestamp": 1779819635,
  "typeMessage": "quotedMessage",
  "chatId": "***",
  "extendedTextMessage": {
   "text": "Новое сообщение",
   "stanzaId": "3EB0CD45FB7B1D7132D1A2",
   "participant": "1234567890@c.us"
  },
  "quotedMessage": {
   "stanzaId": "3EB0CD45FB7B1D7132D1A2",
   "participant": "1234567890@c.us",
   "typeMessage": "extendedTextMessage",
   "textMessage": "Новое сообщение",
   "extendedTextMessage": {
    "text": "Новое сообщение",
    "description": "",
    "title": "",
    "previewType": "None",
    "jpegThumbnail": "",
    "forwardingScore": 0,
    "isForwarded": false
   },
   "editedMessageId": "",
   "deletedMessageId": "",
   "isEdited": false,
   "isDeleted": false
  },
  "statusMessage": "sent",
  "sendByApi": "***",
  "deletedMessageId": "",
  "editedMessageId": "",
  "isEdited": false,
  "isDeleted": false
 },
 {
  "type": "outgoing",
  "idMessage": "3EB0CD45FB7B1D7132D1A2",
  "timestamp": 1779819634,
  "typeMessage": "extendedTextMessage",
  "chatId": "***",
  "textMessage": "Новый текст сообщения",
  "extendedTextMessage": {
   "text": "Новый текст сообщения",
   "description": "",
   "title": "",
   "previewType": "None",
   "jpegThumbnail": "",
   "forwardingScore": 0,
   "isForwarded": false
  },
  "statusMessage": "sent",
  "sendByApi": "***",
  "deletedMessageId": "3EB0E234C057CB3FF67B8E",
  "editedMessageId": "3EB042D4570BE5AFBB9FC4",
  "isEdited": true,
  "isDeleted": true
 },
 {
  "type": "outgoing",
  "idMessage": "3EB05F15CC75565BDEEF14",
  "timestamp": 1779817037,
  "typeMessage": "deletedMessage",
  "chatId": "***",
  "deletedMessageData": {
   "stanzaId": "3EB04B69DF1BCDA9F202EC"
  },
  "statusMessage": "sent",
  "sendByApi": "***"
 },
 {
  "type": "outgoing",
  "idMessage": "3EB0961D1B0CBD723A86B9",
  "timestamp": 1779817030,
  "typeMessage": "extendedTextMessage",
  "chatId": "***",
  "textMessage": "Новое сообщение",
  "extendedTextMessage": {
   "text": "Новое сообщение",
   "description": "",
   "title": "",
   "previewType": "None",
   "jpegThumbnail": "",
   "forwardingScore": 1,
   "isForwarded": true
  },
  "statusMessage": "sent",
  "sendByApi": "***",
  "deletedMessageId": "",
  "editedMessageId": "",
  "isEdited": false,
  "isDeleted": false
 },
 {
  "type": "outgoing",
  "idMessage": "3EB06EE88201DB341A2150",
  "timestamp": 1779817027,
  "typeMessage": "contactMessage",
  "chatId": "***",
  "contact": {
   "displayName": "Велосипед",
   "vcard": "BEGIN:VCARD\nVERSION:3.0\nN:;;;\nFN:Велосипед\nORG:Велосипед\nTEL;type=CELL;type=VOICE;waid=79001234568:+...",
   "forwardingScore": 0,
   "isForwarded": false
  },
  "quotedMessage": {
   "stanzaId": "3EB0089C7602685149D0C6",
   "participant": "1234567890@c.us",
   "typeMessage": "contactMessage",
   "contact": {
    "displayName": "Артем Евпаторийский Петрович",
    "vcard": "BEGIN:VCARD\nVERSION:3.0\nN:Петрович;Артем;Евпаторийский;\nFN:Артем Евпаторийский Петрович\nORG:Велосипе...",
    "forwardingScore": 0,
    "isForwarded": false
   },
   "deletedMessageId": "",
   "editedMessageId": "",
   "isEdited": false,
   "isDeleted": false
  },
  "statusMessage": "sent",
  "sendByApi": "***",
  "deletedMessageId": "",
  "editedMessageId": "",
  "isEdited": false,
  "isDeleted": false
 },
 {
  "type": "outgoing",
  "idMessage": "3EB0089C7602685149D0C6",
  "timestamp": 1779817024,
  "typeMessage": "contactMessage",
  "chatId": "***",
  "contact": {
   "displayName": "Артем Евпаторийский Петрович",
   "vcard": "BEGIN:VCARD\nVERSION:3.0\nN:Петрович;Артем;Евпаторийский;\nFN:Артем Евпаторийский Петрович\nORG:Велосипе...",
   "forwardingScore": 0,
   "isForwarded": false
  },
  "statusMessage": "sent",
  "sendByApi": "***",
  "deletedMessageId": "",
  "editedMessageId": "",
  "isEdited": false,
  "isDeleted": false
 },
 {
  "type": "outgoing",
  "idMessage": "3EB0D44989DA05FFDB9819",
  "timestamp": 1779817022,
  "typeMessage": "locationMessage",
  "chatId": "***",
  "location": {
   "nameLocation": "",
   "address": "",
   "jpegThumbnail": "",
   "latitude": 53.908522,
   "longitude": 27.574821,
   "forwardingScore": 0,
   "isForwarded": false
  },
  "quotedMessage": {
   "stanzaId": "3EB09FE24C40B7FB8E2912",
   "participant": "1234567890@c.us",
   "typeMessage": "locationMessage",
   "location": {
    "nameLocation": "Площадь Победы, Минск",
    "address": "пл. Победы",
    "jpegThumbnail": "",
    "latitude": 53.908522,
    "longitude": 27.574821,
    "forwardingScore": 0,
    "isForwarded": false
   },
   "deletedMessageId": "",
   "editedMessageId": "",
   "isEdited": false,
   "isDeleted": false
  },
  "statusMessage": "sent",
  "sendByApi": "***",
  "deletedMessageId": "",
  "editedMessageId": "",
  "isEdited": false,
  "isDeleted": false
 },
 {
  "type": "outgoing",
  "idMessage": "3EB09FE24C40B7FB8E2912",
  "timestamp": 1779817021,
  "typeMessage": "locationMessage",
  "chatId": "***",
  "location": {
   "nameLocation": "Площадь Победы, Минск",
   "address": "пл. Победы",
   "jpegThumbnail": "",
   "latitude": 53.908522,
   "longitude": 27.574821,
   "forwardingScore": 0,
   "isForwarded": false
  },
  "statusMessage": "sent",
  "sendByApi": "***",
  "deletedMessageId": "",
  "editedMessageId": "",
  "isEdited": false,
  "isDeleted": false
 },
 {
  "type": "outgoing",
  "idMessage": "3EB011DF86564F0438E9A9",
  "timestamp": 1779817020,
  "typeMessage": "pollMessage",
  "chatId": "***",
  "pollMessageData": {
   "name": "Какой ваш любимый цвет?",
   "options": [
    {
     "optionName": "Красный"
    },
    {
     "optionName": "Желтый"
    },
    {
     "optionName": "Зеленый"
    }
   ],
   "multipleAnswers": true
  },
  "statusMessage": "sent",
  "sendByApi": "***",
  "deletedMessageId": "",
  "editedMessageId": "",
  "isEdited": false,
  "isDeleted": false
 },
 {
  "type": "outgoing",
  "idMessage": "3EB0831340D20E2B9914D6",
  "timestamp": 1779817019,
  "typeMessage": "pollMessage",
  "chatId": "***",
  "pollMessageData": {
   "name": "Какой ваш любимый цвет?",
   "options": [
    {
     "optionName": "Красный"
    },
    {
     "optionName": "Желтый"
    },
    {
     "optionName": "Зеленый"
    }
   ],
   "multipleAnswers": false
  },
  "statusMessage": "sent",
  "sendByApi": "***",
  "deletedMessageId": "",
  "editedMessageId": "",
  "isEdited": false,
  "isDeleted": false
 },
 {
  "type": "outgoing",
  "idMessage": "3EB0DD244C6FBBB9014AF7",
  "timestamp": 1779817018,
  "typeMessage": "videoMessage",
  "chatId": "***",
  "downloadUrl": "",
  "caption": "Описание файла",
  "fileName": "",
  "jpegThumbnail": "/9j/2wCEAAEBAQEBAQEBAQEBAQEBAQEBAQEBAQEBAQEBAQEBAQEBAQEBAQEBAQEBAQEBAQEBAQEBAQEBAQEBAQEBAQEBAQEBAQEB...",
  "mimeType": "video/mp4",
  "isAnimated": false,
  "isForwarded": false,
  "forwardingScore": 0,
  "quotedMessage": {
   "stanzaId": "3EB08288FD12DCF1720EE8",
   "participant": "1234567890@c.us",
   "typeMessage": "imageMessage",
   "downloadUrl": "",
   "caption": "Описание файла",
   "fileName": "",
   "jpegThumbnail": "",
   "mimeType": "image/jpeg",
   "isAnimated": false,
   "isForwarded": false,
   "forwardingScore": 0,
   "editedMessageId": "",
   "deletedMessageId": "",
   "videoNote": false,
   "isEdited": false,
   "isDeleted": false
  },
  "statusMessage": "sent",
  "sendByApi": "***",
  "editedMessageId": "",
  "deletedMessageId": "",
  "videoNote": false,
  "isEdited": false,
  "isDeleted": false
 },
 {
  "type": "outgoing",
  "idMessage": "3EB08288FD12DCF1720EE8",
  "timestamp": 1779817015,
  "typeMessage": "imageMessage",
  "chatId": "***",
  "downloadUrl": "https://hut.openintegrations.dev/test_data/picture.jpg",
  "caption": "Описание файла",
  "fileName": "picture.jpg",
  "jpegThumbnail": "",
  "mimeType": "image/jpeg",
  "isAnimated": false,
  "isForwarded": false,
  "forwardingScore": 0,
  "statusMessage": "sent",
  "sendByApi": "***",
  "editedMessageId": "",
  "deletedMessageId": "",
  "videoNote": false,
  "isEdited": false,
  "isDeleted": false
 },
 {
  "type": "outgoing",
  "idMessage": "3EB026A2464D39F0178F2E",
  "timestamp": 1779817009,
  "typeMessage": "videoMessage",
  "chatId": "***",
  "downloadUrl": "",
  "caption": "Описание файла",
  "fileName": "",
  "jpegThumbnail": "/9j/2wCEAAEBAQEBAQEBAQEBAQEBAQEBAQEBAQEBAQEBAQEBAQEBAQEBAQEBAQEBAQEBAQEBAQEBAQEBAQEBAQEBAQEBAQEBAQEB...",
  "mimeType": "video/mp4",
  "isAnimated": false,
  "isForwarded": false,
  "forwardingScore": 0,
  "quotedMessage": {
   "stanzaId": "3EB056EEFDD823C93FCE36",
   "participant": "1234567890@c.us",
   "typeMessage": "imageMessage",
   "downloadUrl": "",
   "caption": "Описание файла",
   "fileName": "",
   "jpegThumbnail": "",
   "mimeType": "image/jpeg",
   "isAnimated": false,
   "isForwarded": false,
   "forwardingScore": 0,
   "editedMessageId": "",
   "deletedMessageId": "",
   "videoNote": false,
   "isEdited": false,
   "isDeleted": false
  },
  "statusMessage": "sent",
  "sendByApi": "***",
  "editedMessageId": "",
  "deletedMessageId": "",
  "videoNote": false,
  "isEdited": false,
  "isDeleted": false
 },
 {
  "type": "outgoing",
  "idMessage": "3EB056EEFDD823C93FCE36",
  "timestamp": 1779817005,
  "typeMessage": "imageMessage",
  "chatId": "***",
  "downloadUrl": "https://do-mediaout-7105.fra1.digitaloceanspaces.com/7105187566/bf4822a6-1b44-4694-8dcb-e1fe5beae1a0...",
  "caption": "Описание файла",
  "fileName": "bf4822a6-1b44-4694-8dcb-e1fe5beae1a0.jpg",
  "jpegThumbnail": "",
  "mimeType": "image/jpeg",
  "isAnimated": false,
  "isForwarded": false,
  "forwardingScore": 0,
  "statusMessage": "sent",
  "sendByApi": "***",
  "editedMessageId": "",
  "deletedMessageId": "",
  "videoNote": false,
  "isEdited": false,
  "isDeleted": false
 },
 {
  "type": "outgoing",
  "idMessage": "3EB06E2E2D1F5929E51201",
  "timestamp": 1779816998,
  "typeMessage": "quotedMessage",
  "chatId": "***",
  "extendedTextMessage": {
   "text": "Новое сообщение",
   "stanzaId": "3EB04B69DF1BCDA9F202EC",
   "participant": "1234567890@c.us"
  },
  "quotedMessage": {
   "stanzaId": "3EB04B69DF1BCDA9F202EC",
   "participant": "1234567890@c.us",
   "typeMessage": "extendedTextMessage",
   "textMessage": "Новое сообщение",
   "extendedTextMessage": {
    "text": "Новое сообщение",
    "description": "",
    "title": "",
    "previewType": "None",
    "jpegThumbnail": "",
    "forwardingScore": 0,
    "isForwarded": false
   },
   "editedMessageId": "",
   "deletedMessageId": "",
   "isEdited": false,
   "isDeleted": false
  },
  "statusMessage": "sent",
  "sendByApi": "***",
  "deletedMessageId": "",
  "editedMessageId": "",
  "isEdited": false,
  "isDeleted": false
 },
 {
  "type": "outgoing",
  "idMessage": "3EB04B69DF1BCDA9F202EC",
  "timestamp": 1779816997,
  "typeMessage": "extendedTextMessage",
  "chatId": "***",
  "textMessage": "Новый текст сообщения",
  "extendedTextMessage": {
   "text": "Новый текст сообщения",
   "description": "",
   "title": "",
   "previewType": "None",
   "jpegThumbnail": "",
   "forwardingScore": 0,
   "isForwarded": false
  },
  "statusMessage": "sent",
  "sendByApi": "***",
  "deletedMessageId": "3EB05F15CC75565BDEEF14",
  "editedMessageId": "3EB024CF8ED067E6623A0D",
  "isEdited": true,
  "isDeleted": true
 },
 {
  "type": "outgoing",
  "idMessage": "3EB0A7ACC2E0D6C5CD9F09",
  "timestamp": 1779814476,
  "typeMessage": "pollMessage",
  "chatId": "***",
  "pollMessageData": {
   "name": "Какой ваш любимый цвет?",
   "options": [
    {
     "optionName": "Красный"
    },
    {
     "optionName": "Желтый"
    },
    {
     "optionName": "Зеленый"
    }
   ],
   "multipleAnswers": false
  },
  "statusMessage": "sent",
  "sendByApi": "***",
  "deletedMessageId": "",
  "editedMessageId": "",
  "isEdited": false,
  "isDeleted": false
 },
 {
  "type": "outgoing",
  "idMessage": "3EB0B3D98CF115933EAA09",
  "timestamp": 1779814476,
  "typeMessage": "pollMessage",
  "chatId": "***",
  "pollMessageData": {
   "name": "Какой ваш любимый цвет?",
   "options": [
    {
     "optionName": "Красный"
    },
    {
     "optionName": "Желтый"
    },
    {
     "optionName": "Зеленый"
    }
   ],
   "multipleAnswers": true
  },
  "statusMessage": "sent",
  "sendByApi": "***",
  "deletedMessageId": "",
  "editedMessageId": "",
  "isEdited": false,
  "isDeleted": false
 },
 {
  "type": "outgoing",
  "idMessage": "3EB064201383D11FEE8692",
  "timestamp": 1779814475,
  "typeMessage": "videoMessage",
  "chatId": "***",
  "downloadUrl": "",
  "caption": "Описание файла",
  "fileName": "",
  "jpegThumbnail": "/9j/2wCEAAEBAQEBAQEBAQEBAQEBAQEBAQEBAQEBAQEBAQEBAQEBAQEBAQEBAQEBAQEBAQEBAQEBAQEBAQEBAQEBAQEBAQEBAQEB...",
  "mimeType": "video/mp4",
  "isAnimated": false,
  "isForwarded": false,
  "forwardingScore": 0,
  "quotedMessage": {
   "stanzaId": "3EB06359BC68079A5FD1F1",
   "participant": "1234567890@c.us",
   "typeMessage": "imageMessage",
   "downloadUrl": "",
   "caption": "Описание файла",
   "fileName": "",
   "jpegThumbnail": "",
   "mimeType": "image/jpeg",
   "isAnimated": false,
   "isForwarded": false,
   "forwardingScore": 0,
   "editedMessageId": "",
   "deletedMessageId": "",
   "videoNote": false,
   "isEdited": false,
   "isDeleted": false
  },
  "statusMessage": "sent",
  "sendByApi": "***",
  "editedMessageId": "",
  "deletedMessageId": "",
  "videoNote": false,
  "isEdited": false,
  "isDeleted": false
 },
 {
  "type": "outgoing",
  "idMessage": "3EB06359BC68079A5FD1F1",
  "timestamp": 1779814472,
  "typeMessage": "imageMessage",
  "chatId": "***",
  "downloadUrl": "https://hut.openintegrations.dev/test_data/picture.jpg",
  "caption": "Описание файла",
  "fileName": "picture.jpg",
  "jpegThumbnail": "",
  "mimeType": "image/jpeg",
  "isAnimated": false,
  "isForwarded": false,
  "forwardingScore": 0,
  "statusMessage": "sent",
  "sendByApi": "***",
  "editedMessageId": "",
  "deletedMessageId": "",
  "videoNote": false,
  "isEdited": false,
  "isDeleted": false
 },
 {
  "type": "outgoing",
  "idMessage": "3EB0DFDBBCAAD273321066",
  "timestamp": 1779814471,
  "typeMessage": "deletedMessage",
  "chatId": "***",
  "deletedMessageData": {
   "stanzaId": "3EB07260FD65849308F6B1"
  },
  "statusMessage": "sent",
  "sendByApi": "***"
 },
 {
  "type": "outgoing",
  "idMessage": "3EB0E34EC2987AC1866107",
  "timestamp": 1779814468,
  "typeMessage": "videoMessage",
  "chatId": "***",
  "downloadUrl": "",
  "caption": "Описание файла",
  "fileName": "",
  "jpegThumbnail": "/9j/2wCEAAEBAQEBAQEBAQEBAQEBAQEBAQEBAQEBAQEBAQEBAQEBAQEBAQEBAQEBAQEBAQEBAQEBAQEBAQEBAQEBAQEBAQEBAQEB...",
  "mimeType": "video/mp4",
  "isAnimated": false,
  "isForwarded": false,
  "forwardingScore": 0,
  "quotedMessage": {
   "stanzaId": "3EB0A3DE0C12F5590DC2B0",
   "participant": "1234567890@c.us",
   "typeMessage": "imageMessage",
   "downloadUrl": "",
   "caption": "Описание файла",
   "fileName": "",
   "jpegThumbnail": "",
   "mimeType": "image/jpeg",
   "isAnimated": false,
   "isForwarded": false,
   "forwardingScore": 0,
   "editedMessageId": "",
   "deletedMessageId": "",
   "videoNote": false,
   "isEdited": false,
   "isDeleted": false
  },
  "statusMessage": "sent",
  "sendByApi": "***",
  "editedMessageId": "",
  "deletedMessageId": "",
  "videoNote": false,
  "isEdited": false,
  "isDeleted": false
 },
 {
  "type": "outgoing",
  "idMessage": "3EB0A3DE0C12F5590DC2B0",
  "timestamp": 1779814466,
  "typeMessage": "imageMessage",
  "chatId": "***",
  "downloadUrl": "https://do-mediaout-7105.fra1.digitaloceanspaces.com/7105187566/44772d4e-40b6-4620-8c40-09b846da5bf5...",
  "caption": "Описание файла",
  "fileName": "44772d4e-40b6-4620-8c40-09b846da5bf5.jpg",
  "jpegThumbnail": "",
  "mimeType": "image/jpeg",
  "isAnimated": false,
  "isForwarded": false,
  "forwardingScore": 0,
  "statusMessage": "sent",
  "sendByApi": "***",
  "editedMessageId": "",
  "deletedMessageId": "",
  "videoNote": false,
  "isEdited": false,
  "isDeleted": false
 },
 {
  "type": "outgoing",
  "idMessage": "3EB0BF850EF97E075248C5",
  "timestamp": 1779814463,
  "typeMessage": "quotedMessage",
  "chatId": "***",
  "extendedTextMessage": {
   "text": "Новое сообщение",
   "stanzaId": "3EB07260FD65849308F6B1",
   "participant": "1234567890@c.us"
  },
  "quotedMessage": {
   "stanzaId": "3EB07260FD65849308F6B1",
   "participant": "1234567890@c.us",
   "typeMessage": "extendedTextMessage",
   "textMessage": "Новое сообщение",
   "extendedTextMessage": {
    "text": "Новое сообщение",
    "description": "",
    "title": "",
    "previewType": "None",
    "jpegThumbnail": "",
    "forwardingScore": 0,
    "isForwarded": false
   },
   "editedMessageId": "",
   "deletedMessageId": "",
   "isEdited": false,
   "isDeleted": false
  },
  "statusMessage": "sent",
  "sendByApi": "***",
  "deletedMessageId": "",
  "editedMessageId": "",
  "isEdited": false,
  "isDeleted": false
 },
 {
  "type": "outgoing",
  "idMessage": "3EB07260FD65849308F6B1",
  "timestamp": 1779814462,
  "typeMessage": "extendedTextMessage",
  "chatId": "***",
  "textMessage": "Новое сообщение",
  "extendedTextMessage": {
   "text": "Новое сообщение",
   "description": "",
   "title": "",
   "previewType": "None",
   "jpegThumbnail": "",
   "forwardingScore": 0,
   "isForwarded": false
  },
  "statusMessage": "sent",
  "sendByApi": "***",
  "deletedMessageId": "3EB0DFDBBCAAD273321066",
  "editedMessageId": "",
  "isEdited": false,
  "isDeleted": true
 },
 {
  "type": "outgoing",
  "idMessage": "3EB0771447C3C127BB15CE",
  "timestamp": 1779810001,
  "typeMessage": "videoMessage",
  "chatId": "***",
  "downloadUrl": "",
  "caption": "Описание файла",
  "fileName": "",
  "jpegThumbnail": "/9j/2wCEAAEBAQEBAQEBAQEBAQEBAQEBAQEBAQEBAQEBAQEBAQEBAQEBAQEBAQEBAQEBAQEBAQEBAQEBAQEBAQEBAQEBAQEBAQEB...",
  "mimeType": "video/mp4",
  "isAnimated": false,
  "isForwarded": false,
  "forwardingScore": 0,
  "quotedMessage": {
   "stanzaId": "3EB065F3B1733ECF1B5D96",
   "participant": "1234567890@c.us",
   "typeMessage": "imageMessage",
   "downloadUrl": "",
   "caption": "Описание файла",
   "fileName": "",
   "jpegThumbnail": "",
   "mimeType": "image/jpeg",
   "isAnimated": false,
   "isForwarded": false,
   "forwardingScore": 0,
   "editedMessageId": "",
   "deletedMessageId": "",
   "videoNote": false,
   "isEdited": false,
   "isDeleted": false
  },
  "statusMessage": "sent",
  "sendByApi": "***",
  "editedMessageId": "",
  "deletedMessageId": "",
  "videoNote": false,
  "isEdited": false,
  "isDeleted": false
 },
 {
  "type": "outgoing",
  "idMessage": "3EB065F3B1733ECF1B5D96",
  "timestamp": 1779809998,
  "typeMessage": "imageMessage",
  "chatId": "***",
  "downloadUrl": "https://hut.openintegrations.dev/test_data/picture.jpg",
  "caption": "Описание файла",
  "fileName": "picture.jpg",
  "jpegThumbnail": "",
  "mimeType": "image/jpeg",
  "isAnimated": false,
  "isForwarded": false,
  "forwardingScore": 0,
  "statusMessage": "sent",
  "sendByApi": "***",
  "editedMessageId": "",
  "deletedMessageId": "",
  "videoNote": false,
  "isEdited": false,
  "isDeleted": false
 },
 {
  "type": "outgoing",
  "idMessage": "3EB0F6A824069167FDBBFC",
  "timestamp": 1779809995,
  "typeMessage": "deletedMessage",
  "chatId": "***",
  "deletedMessageData": {
   "stanzaId": "3EB08BE3BC8653D9A4C0B1"
  },
  "statusMessage": "sent",
  "sendByApi": "***"
 },
 {
  "type": "outgoing",
  "idMessage": "3EB0F5BD2AE69E423FFDC1",
  "timestamp": 1779809992,
  "typeMessage": "videoMessage",
  "chatId": "***",
  "downloadUrl": "",
  "caption": "Описание файла",
  "fileName": "",
  "jpegThumbnail": "/9j/2wCEAAEBAQEBAQEBAQEBAQEBAQEBAQEBAQEBAQEBAQEBAQEBAQEBAQEBAQEBAQEBAQEBAQEBAQEBAQEBAQEBAQEBAQEBAQEB...",
  "mimeType": "video/mp4",
  "isAnimated": false,
  "isForwarded": false,
  "forwardingScore": 0,
  "quotedMessage": {
   "stanzaId": "3EB09B52A6FB6A3A1C6613",
   "participant": "1234567890@c.us",
   "typeMessage": "imageMessage",
   "downloadUrl": "",
   "caption": "Описание файла",
   "fileName": "",
   "jpegThumbnail": "",
   "mimeType": "image/jpeg",
   "isAnimated": false,
   "isForwarded": false,
   "forwardingScore": 0,
   "editedMessageId": "",
   "deletedMessageId": "",
   "videoNote": false,
   "isEdited": false,
   "isDeleted": false
  },
  "statusMessage": "sent",
  "sendByApi": "***",
  "editedMessageId": "",
  "deletedMessageId": "",
  "videoNote": false,
  "isEdited": false,
  "isDeleted": false
 },
 {
  "type": "outgoing",
  "idMessage": "3EB09B52A6FB6A3A1C6613",
  "timestamp": 1779809990,
  "typeMessage": "imageMessage",
  "chatId": "***",
  "downloadUrl": "https://do-mediaout-7105.fra1.digitaloceanspaces.com/7105187566/b1a8c89b-f053-4b53-8acd-812eae35a6df...",
  "caption": "Описание файла",
  "fileName": "b1a8c89b-f053-4b53-8acd-812eae35a6df.jpg",
  "jpegThumbnail": "",
  "mimeType": "image/jpeg",
  "isAnimated": false,
  "isForwarded": false,
  "forwardingScore": 0,
  "statusMessage": "sent",
  "sendByApi": "***",
  "editedMessageId": "",
  "deletedMessageId": "",
  "videoNote": false,
  "isEdited": false,
  "isDeleted": false
 },
 {
  "type": "outgoing",
  "idMessage": "3EB0A8BEB4F8B53661CEB4",
  "timestamp": 1779809987,
  "typeMessage": "quotedMessage",
  "chatId": "***",
  "extendedTextMessage": {
   "text": "Новое сообщение",
   "stanzaId": "3EB08BE3BC8653D9A4C0B1",
   "participant": "1234567890@c.us"
  },
  "quotedMessage": {
   "stanzaId": "3EB08BE3BC8653D9A4C0B1",
   "participant": "1234567890@c.us",
   "typeMessage": "extendedTextMessage",
   "textMessage": "Новое сообщение",
   "extendedTextMessage": {
    "text": "Новое сообщение",
    "description": "",
    "title": "",
    "previewType": "None",
    "jpegThumbnail": "",
    "forwardingScore": 0,
    "isForwarded": false
   },
   "editedMessageId": "",
   "deletedMessageId": "",
   "isEdited": false,
   "isDeleted": false
  },
  "statusMessage": "sent",
  "sendByApi": "***",
  "deletedMessageId": "",
  "editedMessageId": "",
  "isEdited": false,
  "isDeleted": false
 },
 {
  "type": "outgoing",
  "idMessage": "3EB08BE3BC8653D9A4C0B1",
  "timestamp": 1779809986,
  "typeMessage": "extendedTextMessage",
  "chatId": "***",
  "textMessage": "Новое сообщение",
  "extendedTextMessage": {
   "text": "Новое сообщение",
   "description": "",
   "title": "",
   "previewType": "None",
   "jpegThumbnail": "",
   "forwardingScore": 0,
   "isForwarded": false
  },
  "statusMessage": "sent",
  "sendByApi": "***",
  "deletedMessageId": "3EB0F6A824069167FDBBFC",
  "editedMessageId": "",
  "isEdited": false,
  "isDeleted": true
 },
 {
  "type": "outgoing",
  "idMessage": "3EB08F3CEBADEDA6EF52C9",
  "timestamp": 1779807367,
  "typeMessage": "locationMessage",
  "chatId": "***",
  "location": {
   "nameLocation": "Площадь Победы, Минск",
   "address": "пл. Победы",
   "jpegThumbnail": "",
   "latitude": 53.908522,
   "longitude": 27.574821,
   "forwardingScore": 0,
   "isForwarded": false
  },
  "statusMessage": "sent",
  "sendByApi": "***",
  "deletedMessageId": "",
  "editedMessageId": "",
  "isEdited": false,
  "isDeleted": false
 },
 {
  "type": "outgoing",
  "idMessage": "3EB081AA39604A169CAA91",
  "timestamp": 1779807366,
  "typeMessage": "pollMessage",
  "chatId": "***",
  "pollMessageData": {
   "name": "Какой ваш любимый цвет?",
   "options": [
    {
     "optionName": "Красный"
    },
    {
     "optionName": "Желтый"
    },
    {
     "optionName": "Зеленый"
    }
   ],
   "multipleAnswers": true
  },
  "statusMessage": "sent",
  "sendByApi": "***",
  "deletedMessageId": "",
  "editedMessageId": "",
  "isEdited": false,
  "isDeleted": false
 },
 {
  "type": "outgoing",
  "idMessage": "3EB07CCAF6DC8B7D392333",
  "timestamp": 1779807365,
  "typeMessage": "pollMessage",
  "chatId": "***",
  "pollMessageData": {
   "name": "Какой ваш любимый цвет?",
   "options": [
    {
     "optionName": "Красный"
    },
    {
     "optionName": "Желтый"
    },
    {
     "optionName": "Зеленый"
    }
   ],
   "multipleAnswers": false
  },
  "statusMessage": "sent",
  "sendByApi": "***",
  "deletedMessageId": "",
  "editedMessageId": "",
  "isEdited": false,
  "isDeleted": false
 },
 {
  "type": "outgoing",
  "idMessage": "3EB08CCDB1DAE6B674BBA5",
  "timestamp": 1779807365,
  "typeMessage": "deletedMessage",
  "chatId": "***",
  "deletedMessageData": {
   "stanzaId": "3EB0A821B76A42059583EE"
  },
  "statusMessage": "sent",
  "sendByApi": "***"
 },
 {
  "type": "outgoing",
  "idMessage": "3EB0A7AB4ADE00F2D29743",
  "timestamp": 1779807364,
  "typeMessage": "videoMessage",
  "chatId": "***",
  "downloadUrl": "",
  "caption": "Описание файла",
  "fileName": "",
  "jpegThumbnail": "/9j/2wCEAAEBAQEBAQEBAQEBAQEBAQEBAQEBAQEBAQEBAQEBAQEBAQEBAQEBAQEBAQEBAQEBAQEBAQEBAQEBAQEBAQEBAQEBAQEB...",
  "mimeType": "video/mp4",
  "isAnimated": false,
  "isForwarded": false,
  "forwardingScore": 0,
  "quotedMessage": {
   "stanzaId": "3EB036BA975332049393BD",
   "participant": "1234567890@c.us",
   "typeMessage": "imageMessage",
   "downloadUrl": "",
   "caption": "Описание файла",
   "fileName": "",
   "jpegThumbnail": "",
   "mimeType": "image/jpeg",
   "isAnimated": false,
   "isForwarded": false,
   "forwardingScore": 0,
   "editedMessageId": "",
   "deletedMessageId": "",
   "videoNote": false,
   "isEdited": false,
   "isDeleted": false
  },
  "statusMessage": "sent",
  "sendByApi": "***",
  "editedMessageId": "",
  "deletedMessageId": "",
  "videoNote": false,
  "isEdited": false,
  "isDeleted": false
 },
 {
  "type": "outgoing",
  "idMessage": "3EB036BA975332049393BD",
  "timestamp": 1779807362,
  "typeMessage": "imageMessage",
  "chatId": "***",
  "downloadUrl": "https://hut.openintegrations.dev/test_data/picture.jpg",
  "caption": "Описание файла",
  "fileName": "picture.jpg",
  "jpegThumbnail": "",
  "mimeType": "image/jpeg",
  "isAnimated": false,
  "isForwarded": false,
  "forwardingScore": 0,
  "statusMessage": "sent",
  "sendByApi": "***",
  "editedMessageId": "",
  "deletedMessageId": "",
  "videoNote": false,
  "isEdited": false,
  "isDeleted": false
 },
 {
  "type": "outgoing",
  "idMessage": "3EB017933205CE4764F274",
  "timestamp": 1779807361,
  "typeMessage": "videoMessage",
  "chatId": "***",
  "downloadUrl": "",
  "caption": "Описание файла",
  "fileName": "",
  "jpegThumbnail": "/9j/2wCEAAEBAQEBAQEBAQEBAQEBAQEBAQEBAQEBAQEBAQEBAQEBAQEBAQEBAQEBAQEBAQEBAQEBAQEBAQEBAQEBAQEBAQEBAQEB...",
  "mimeType": "video/mp4",
  "isAnimated": false,
  "isForwarded": false,
  "forwardingScore": 0,
  "quotedMessage": {
   "stanzaId": "3EB092DCB3D75466FA27E7",
   "participant": "1234567890@c.us",
   "typeMessage": "imageMessage",
   "downloadUrl": "",
   "caption": "Описание файла",
   "fileName": "",
   "jpegThumbnail": "",
   "mimeType": "image/jpeg",
   "isAnimated": false,
   "isForwarded": false,
   "forwardingScore": 0,
   "editedMessageId": "",
   "deletedMessageId": "",
   "videoNote": false,
   "isEdited": false,
   "isDeleted": false
  },
  "statusMessage": "sent",
  "sendByApi": "***",
  "editedMessageId": "",
  "deletedMessageId": "",
  "videoNote": false,
  "isEdited": false,
  "isDeleted": false
 },
 {
  "type": "outgoing",
  "idMessage": "3EB092DCB3D75466FA27E7",
  "timestamp": 1779807359,
  "typeMessage": "imageMessage",
  "chatId": "***",
  "downloadUrl": "https://do-mediaout-7105.fra1.digitaloceanspaces.com/7105187566/dfe1d7a6-50d7-46fc-a42e-b78da6800310...",
  "caption": "Описание файла",
  "fileName": "dfe1d7a6-50d7-46fc-a42e-b78da6800310.jpg",
  "jpegThumbnail": "",
  "mimeType": "image/jpeg",
  "isAnimated": false,
  "isForwarded": false,
  "forwardingScore": 0,
  "statusMessage": "sent",
  "sendByApi": "***",
  "editedMessageId": "",
  "deletedMessageId": "",
  "videoNote": false,
  "isEdited": false,
  "isDeleted": false
 },
 {
  "type": "outgoing",
  "idMessage": "3EB01C6A1BC1B68AD3B17F",
  "timestamp": 1779807354,
  "typeMessage": "quotedMessage",
  "chatId": "***",
  "extendedTextMessage": {
   "text": "Новое сообщение",
   "stanzaId": "3EB0A821B76A42059583EE",
   "participant": "1234567890@c.us"
  },
  "quotedMessage": {
   "stanzaId": "3EB0A821B76A42059583EE",
   "participant": "1234567890@c.us",
   "typeMessage": "extendedTextMessage",
   "textMessage": "Новое сообщение",
   "extendedTextMessage": {
    "text": "Новое сообщение",
    "description": "",
    "title": "",
    "previewType": "None",
    "jpegThumbnail": "",
    "forwardingScore": 0,
    "isForwarded": false
   },
   "editedMessageId": "",
   "deletedMessageId": "",
   "isEdited": false,
   "isDeleted": false
  },
  "statusMessage": "sent",
  "sendByApi": "***",
  "deletedMessageId": "",
  "editedMessageId": "",
  "isEdited": false,
  "isDeleted": false
 },
 {
  "type": "outgoing",
  "idMessage": "3EB0A821B76A42059583EE",
  "timestamp": 1779807353,
  "typeMessage": "extendedTextMessage",
  "chatId": "***",
  "textMessage": "Новое сообщение",
  "extendedTextMessage": {
   "text": "Новое сообщение",
   "description": "",
   "title": "",
   "previewType": "None",
   "jpegThumbnail": "",
   "forwardingScore": 0,
   "isForwarded": false
  },
  "statusMessage": "sent",
  "sendByApi": "***",
  "deletedMessageId": "3EB08CCDB1DAE6B674BBA5",
  "editedMessageId": "",
  "isEdited": false,
  "isDeleted": true
 },
 {
  "type": "outgoing",
  "idMessage": "3EB047DE5F8BAD18C81F43",
  "timestamp": 1779807323,
  "typeMessage": "extendedTextMessage",
  "chatId": "***",
  "textMessage": "Новое сообщение",
  "extendedTextMessage": {
   "text": "Новое сообщение",
   "description": "",
   "title": "",
   "previewType": "None",
   "jpegThumbnail": "",
   "forwardingScore": 1,
   "isForwarded": true
  },
  "statusMessage": "sent",
  "sendByApi": "***",
  "deletedMessageId": "",
  "editedMessageId": "",
  "isEdited": false,
  "isDeleted": false
 },
 {
  "type": "outgoing",
  "idMessage": "3EB082E8E0652E0695736A",
  "timestamp": 1779807322,
  "typeMessage": "contactMessage",
  "chatId": "***",
  "contact": {
   "displayName": "Велосипед",
   "vcard": "BEGIN:VCARD\nVERSION:3.0\nN:;;;\nFN:Велосипед\nORG:Велосипед\nTEL;type=CELL;type=VOICE;waid=79001234568:+...",
   "forwardingScore": 0,
   "isForwarded": false
  },
  "quotedMessage": {
   "stanzaId": "3EB059D9ACD2C453A9B0F0",
   "participant": "1234567890@c.us",
   "typeMessage": "contactMessage",
   "contact": {
    "displayName": "Артем Евпаторийский Петрович",
    "vcard": "BEGIN:VCARD\nVERSION:3.0\nN:Петрович;Артем;Евпаторийский;\nFN:Артем Евпаторийский Петрович\nORG:Велосипе...",
    "forwardingScore": 0,
    "isForwarded": false
   },
   "deletedMessageId": "",
   "editedMessageId": "",
   "isEdited": false,
   "isDeleted": false
  },
  "statusMessage": "sent",
  "sendByApi": "***",
  "deletedMessageId": "",
  "editedMessageId": "",
  "isEdited": false,
  "isDeleted": false
 },
 {
  "type": "outgoing",
  "idMessage": "3EB059D9ACD2C453A9B0F0",
  "timestamp": 1779807321,
  "typeMessage": "contactMessage",
  "chatId": "***",
  "contact": {
   "displayName": "Артем Евпаторийский Петрович",
   "vcard": "BEGIN:VCARD\nVERSION:3.0\nN:Петрович;Артем;Евпаторийский;\nFN:Артем Евпаторийский Петрович\nORG:Велосипе...",
   "forwardingScore": 0,
   "isForwarded": false
  },
  "statusMessage": "sent",
  "sendByApi": "***",
  "deletedMessageId": "",
  "editedMessageId": "",
  "isEdited": false,
  "isDeleted": false
 },
 {
  "type": "outgoing",
  "idMessage": "3EB0D8FBA0768AE56936E1",
  "timestamp": 1779807320,
  "typeMessage": "deletedMessage",
  "chatId": "***",
  "deletedMessageData": {
   "stanzaId": "3EB0FBF0A087E0AED0C6C5"
  },
  "statusMessage": "sent",
  "sendByApi": "***"
 },
 {
  "type": "outgoing",
  "idMessage": "3EB037AE4B92B35E2CB9C5",
  "timestamp": 1779807320,
  "typeMessage": "locationMessage",
  "chatId": "***",
  "location": {
   "nameLocation": "",
   "address": "",
   "jpegThumbnail": "",
   "latitude": 53.908522,
   "longitude": 27.574821,
   "forwardingScore": 0,
   "isForwarded": false
  },
  "quotedMessage": {
   "stanzaId": "3EB0DAC03BEA14A4690673",
   "participant": "1234567890@c.us",
   "typeMessage": "locationMessage",
   "location": {
    "nameLocation": "Площадь Победы, Минск",
    "address": "пл. Победы",
    "jpegThumbnail": "",
    "latitude": 53.908522,
    "longitude": 27.574821,
    "forwardingScore": 0,
    "isForwarded": false
   },
   "deletedMessageId": "",
   "editedMessageId": "",
   "isEdited": false,
   "isDeleted": false
  },
  "statusMessage": "sent",
  "sendByApi": "***",
  "deletedMessageId": "",
  "editedMessageId": "",
  "isEdited": false,
  "isDeleted": false
 },
 {
  "type": "outgoing",
  "idMessage": "3EB0DAC03BEA14A4690673",
  "timestamp": 1779807319,
  "typeMessage": "locationMessage",
  "chatId": "***",
  "location": {
   "nameLocation": "Площадь Победы, Минск",
   "address": "пл. Победы",
   "jpegThumbnail": "",
   "latitude": 53.908522,
   "longitude": 27.574821,
   "forwardingScore": 0,
   "isForwarded": false
  },
  "statusMessage": "sent",
  "sendByApi": "***",
  "deletedMessageId": "",
  "editedMessageId": "",
  "isEdited": false,
  "isDeleted": false
 },
 {
  "type": "outgoing",
  "idMessage": "3EB0635091C44C693DAD74",
  "timestamp": 1779807318,
  "typeMessage": "pollMessage",
  "chatId": "***",
  "pollMessageData": {
   "name": "Какой ваш любимый цвет?",
   "options": [
    {
     "optionName": "Красный"
    },
    {
     "optionName": "Желтый"
    },
    {
     "optionName": "Зеленый"
    }
   ],
   "multipleAnswers": true
  },
  "statusMessage": "sent",
  "sendByApi": "***",
  "deletedMessageId": "",
  "editedMessageId": "",
  "isEdited": false,
  "isDeleted": false
 },
 {
  "type": "outgoing",
  "idMessage": "3EB0B96E08A9430C8E8773",
  "timestamp": 1779807317,
  "typeMessage": "pollMessage",
  "chatId": "***",
  "pollMessageData": {
   "name": "Какой ваш любимый цвет?",
   "options": [
    {
     "optionName": "Красный"
    },
    {
     "optionName": "Желтый"
    },
    {
     "optionName": "Зеленый"
    }
   ],
   "multipleAnswers": false
  },
  "statusMessage": "sent",
  "sendByApi": "***",
  "deletedMessageId": "",
  "editedMessageId": "",
  "isEdited": false,
  "isDeleted": false
 },
 {
  "type": "outgoing",
  "idMessage": "3EB09F697FE4362C75DC26",
  "timestamp": 1779807316,
  "typeMessage": "videoMessage",
  "chatId": "***",
  "downloadUrl": "",
  "caption": "Описание файла",
  "fileName": "",
  "jpegThumbnail": "/9j/2wCEAAEBAQEBAQEBAQEBAQEBAQEBAQEBAQEBAQEBAQEBAQEBAQEBAQEBAQEBAQEBAQEBAQEBAQEBAQEBAQEBAQEBAQEBAQEB...",
  "mimeType": "video/mp4",
  "isAnimated": false,
  "isForwarded": false,
  "forwardingScore": 0,
  "quotedMessage": {
   "stanzaId": "3EB0503BDB247B8D736CB6",
   "participant": "1234567890@c.us",
   "typeMessage": "imageMessage",
   "downloadUrl": "",
   "caption": "Описание файла",
   "fileName": "",
   "jpegThumbnail": "",
   "mimeType": "image/jpeg",
   "isAnimated": false,
   "isForwarded": false,
   "forwardingScore": 0,
   "editedMessageId": "",
   "deletedMessageId": "",
   "videoNote": false,
   "isEdited": false,
   "isDeleted": false
  },
  "statusMessage": "sent",
  "sendByApi": "***",
  "editedMessageId": "",
  "deletedMessageId": "",
  "videoNote": false,
  "isEdited": false,
  "isDeleted": false
 },
 {
  "type": "outgoing",
  "idMessage": "3EB0503BDB247B8D736CB6",
  "timestamp": 1779807315,
  "typeMessage": "imageMessage",
  "chatId": "***",
  "downloadUrl": "https://hut.openintegrations.dev/test_data/picture.jpg",
  "caption": "Описание файла",
  "fileName": "picture.jpg",
  "jpegThumbnail": "",
  "mimeType": "image/jpeg",
  "isAnimated": false,
  "isForwarded": false,
  "forwardingScore": 0,
  "statusMessage": "sent",
  "sendByApi": "***",
  "editedMessageId": "",
  "deletedMessageId": "",
  "videoNote": false,
  "isEdited": false,
  "isDeleted": false
 },
 {
  "type": "outgoing",
  "idMessage": "3EB0F2E1D1B38269D7328F",
  "timestamp": 1779807314,
  "typeMessage": "videoMessage",
  "chatId": "***",
  "downloadUrl": "",
  "caption": "Описание файла",
  "fileName": "",
  "jpegThumbnail": "/9j/2wCEAAEBAQEBAQEBAQEBAQEBAQEBAQEBAQEBAQEBAQEBAQEBAQEBAQEBAQEBAQEBAQEBAQEBAQEBAQEBAQEBAQEBAQEBAQEB...",
  "mimeType": "video/mp4",
  "isAnimated": false,
  "isForwarded": false,
  "forwardingScore": 0,
  "quotedMessage": {
   "stanzaId": "3EB0A7951826DD0B0960E7",
   "participant": "1234567890@c.us",
   "typeMessage": "imageMessage",
   "downloadUrl": "",
   "caption": "Описание файла",
   "fileName": "",
   "jpegThumbnail": "",
   "mimeType": "image/jpeg",
   "isAnimated": false,
   "isForwarded": false,
   "forwardingScore": 0,
   "editedMessageId": "",
   "deletedMessageId": "",
   "videoNote": false,
   "isEdited": false,
   "isDeleted": false
  },
  "statusMessage": "sent",
  "sendByApi": "***",
  "editedMessageId": "",
  "deletedMessageId": "",
  "videoNote": false,
  "isEdited": false,
  "isDeleted": false
 },
 {
  "type": "outgoing",
  "idMessage": "3EB0A7951826DD0B0960E7",
  "timestamp": 1779807312,
  "typeMessage": "imageMessage",
  "chatId": "***",
  "downloadUrl": "https://do-mediaout-7105.fra1.digitaloceanspaces.com/7105187566/8d495813-c450-43b3-a3f8-848d9ac03273...",
  "caption": "Описание файла",
  "fileName": "8d495813-c450-43b3-a3f8-848d9ac03273.jpg",
  "jpegThumbnail": "",
  "mimeType": "image/jpeg",
  "isAnimated": false,
  "isForwarded": false,
  "forwardingScore": 0,
  "statusMessage": "sent",
  "sendByApi": "***",
  "editedMessageId": "",
  "deletedMessageId": "",
  "videoNote": false,
  "isEdited": false,
  "isDeleted": false
 },
 {
  "type": "outgoing",
  "idMessage": "3EB042FCCADE8EC0511352",
  "timestamp": 1779807308,
  "typeMessage": "quotedMessage",
  "chatId": "***",
  "extendedTextMessage": {
   "text": "Новое сообщение",
   "stanzaId": "3EB0FBF0A087E0AED0C6C5",
   "participant": "1234567890@c.us"
  },
  "quotedMessage": {
   "stanzaId": "3EB0FBF0A087E0AED0C6C5",
   "participant": "1234567890@c.us",
   "typeMessage": "extendedTextMessage",
   "textMessage": "Новое сообщение",
   "extendedTextMessage": {
    "text": "Новое сообщение",
    "description": "",
    "title": "",
    "previewType": "None",
    "jpegThumbnail": "",
    "forwardingScore": 0,
    "isForwarded": false
   },
   "editedMessageId": "",
   "deletedMessageId": "",
   "isEdited": false,
   "isDeleted": false
  },
  "statusMessage": "sent",
  "sendByApi": "***",
  "deletedMessageId": "",
  "editedMessageId": "",
  "isEdited": false,
  "isDeleted": false
 },
 {
  "type": "outgoing",
  "idMessage": "3EB0FBF0A087E0AED0C6C5",
  "timestamp": 1779807306,
  "typeMessage": "extendedTextMessage",
  "chatId": "***",
  "textMessage": "Новое сообщение",
  "extendedTextMessage": {
   "text": "Новое сообщение",
   "description": "",
   "title": "",
   "previewType": "None",
   "jpegThumbnail": "",
   "forwardingScore": 0,
   "isForwarded": false
  },
  "statusMessage": "sent",
  "sendByApi": "***",
  "deletedMessageId": "3EB0D8FBA0768AE56936E1",
  "editedMessageId": "",
  "isEdited": false,
  "isDeleted": true
 },
 {
  "type": "outgoing",
  "idMessage": "3EB08D9B2DD354640CE2D5",
  "timestamp": 1779805977,
  "typeMessage": "deletedMessage",
  "chatId": "***",
  "deletedMessageData": {
   "stanzaId": "3EB01108AB4DCCC1772556"
  },
  "statusMessage": "sent",
  "sendByApi": "***"
 },
 {
  "type": "outgoing",
  "idMessage": "3EB04F9417509032C93ABE",
  "timestamp": 1779805977,
  "typeMessage": "extendedTextMessage",
  "chatId": "***",
  "textMessage": "New message",
  "extendedTextMessage": {
   "text": "New message",
   "description": "",
   "title": "",
   "previewType": "None",
   "jpegThumbnail": "",
   "forwardingScore": 1,
   "isForwarded": true
  },
  "statusMessage": "sent",
  "sendByApi": "***",
  "deletedMessageId": "",
  "editedMessageId": "",
  "isEdited": false,
  "isDeleted": false
 },
 {
  "type": "outgoing",
  "idMessage": "3EB0337008C26C0CFC18C6",
  "timestamp": 1779805976,
  "typeMessage": "contactMessage",
  "chatId": "***",
  "contact": {
   "displayName": "Bicycle",
   "vcard": "BEGIN:VCARD\nVERSION:3.0\nN:;;;\nFN:Bicycle\nORG:Bicycle\nTEL;type=CELL;type=VOICE;waid=79001234568:+7900...",
   "forwardingScore": 0,
   "isForwarded": false
  },
  "quotedMessage": {
   "stanzaId": "3EB0D9A2316CD6BD955436",
   "participant": "1234567890@c.us",
   "typeMessage": "contactMessage",
   "contact": {
    "displayName": "Artem Evpatoriysky Petrovich",
    "vcard": "BEGIN:VCARD\nVERSION:3.0\nN:Petrovich;Artem;Evpatoriysky;\nFN:Artem Evpatoriysky Petrovich\nORG:Bicycle\n...",
    "forwardingScore": 0,
    "isForwarded": false
   },
   "deletedMessageId": "",
   "editedMessageId": "",
   "isEdited": false,
   "isDeleted": false
  },
  "statusMessage": "sent",
  "sendByApi": "***",
  "deletedMessageId": "",
  "editedMessageId": "",
  "isEdited": false,
  "isDeleted": false
 },
 {
  "type": "outgoing",
  "idMessage": "3EB0D9A2316CD6BD955436",
  "timestamp": 1779805975,
  "typeMessage": "contactMessage",
  "chatId": "***",
  "contact": {
   "displayName": "Artem Evpatoriysky Petrovich",
   "vcard": "BEGIN:VCARD\nVERSION:3.0\nN:Petrovich;Artem;Evpatoriysky;\nFN:Artem Evpatoriysky Petrovich\nORG:Bicycle\n...",
   "forwardingScore": 0,
   "isForwarded": false
  },
  "statusMessage": "sent",
  "sendByApi": "***",
  "deletedMessageId": "",
  "editedMessageId": "",
  "isEdited": false,
  "isDeleted": false
 },
 {
  "type": "outgoing",
  "idMessage": "3EB06E2D6DA5AB79766C71",
  "timestamp": 1779805974,
  "typeMessage": "locationMessage",
  "chatId": "***",
  "location": {
   "nameLocation": "",
   "address": "",
   "jpegThumbnail": "",
   "latitude": 53.908522,
   "longitude": 27.574821,
   "forwardingScore": 0,
   "isForwarded": false
  },
  "quotedMessage": {
   "stanzaId": "3EB0A859DEFDBACCCA8F3D",
   "participant": "1234567890@c.us",
   "typeMessage": "locationMessage",
   "location": {
    "nameLocation": "Victory Square, Minsk",
    "address": "Victory sq.",
    "jpegThumbnail": "",
    "latitude": 53.908522,
    "longitude": 27.574821,
    "forwardingScore": 0,
    "isForwarded": false
   },
   "deletedMessageId": "",
   "editedMessageId": "",
   "isEdited": false,
   "isDeleted": false
  },
  "statusMessage": "sent",
  "sendByApi": "***",
  "deletedMessageId": "",
  "editedMessageId": "",
  "isEdited": false,
  "isDeleted": false
 },
 {
  "type": "outgoing",
  "idMessage": "3EB0A859DEFDBACCCA8F3D",
  "timestamp": 1779805973,
  "typeMessage": "locationMessage",
  "chatId": "***",
  "location": {
   "nameLocation": "Victory Square, Minsk",
   "address": "Victory sq.",
   "jpegThumbnail": "",
   "latitude": 53.908522,
   "longitude": 27.574821,
   "forwardingScore": 0,
   "isForwarded": false
  },
  "statusMessage": "sent",
  "sendByApi": "***",
  "deletedMessageId": "",
  "editedMessageId": "",
  "isEdited": false,
  "isDeleted": false
 },
 {
  "type": "outgoing",
  "idMessage": "3EB05B1D5C8A89D95E2ABB",
  "timestamp": 1779805972,
  "typeMessage": "pollMessage",
  "chatId": "***",
  "pollMessageData": {
   "name": "What's your favorite color??",
   "options": [
    {
     "optionName": "Red"
    },
    {
     "optionName": "Yellow"
    },
    {
     "optionName": "Green"
    }
   ],
   "multipleAnswers": true
  },
  "statusMessage": "sent",
  "sendByApi": "***",
  "deletedMessageId": "",
  "editedMessageId": "",
  "isEdited": false,
  "isDeleted": false
 },
 {
  "type": "outgoing",
  "idMessage": "3EB08F73F4A00B612CD0DE",
  "timestamp": 1779805970,
  "typeMessage": "pollMessage",
  "chatId": "***",
  "pollMessageData": {
   "name": "What's your favorite color??",
   "options": [
    {
     "optionName": "Red"
    },
    {
     "optionName": "Yellow"
    },
    {
     "optionName": "Green"
    }
   ],
   "multipleAnswers": false
  },
  "statusMessage": "sent",
  "sendByApi": "***",
  "deletedMessageId": "",
  "editedMessageId": "",
  "isEdited": false,
  "isDeleted": false
 },
 {
  "type": "outgoing",
  "idMessage": "3EB084F24B6089D5268C41",
  "timestamp": 1779805969,
  "typeMessage": "videoMessage",
  "chatId": "***",
  "downloadUrl": "",
  "caption": "File description",
  "fileName": "",
  "jpegThumbnail": "/9j/2wCEAAEBAQEBAQEBAQEBAQEBAQEBAQEBAQEBAQEBAQEBAQEBAQEBAQEBAQEBAQEBAQEBAQEBAQEBAQEBAQEBAQEBAQEBAQEB...",
  "mimeType": "video/mp4",
  "isAnimated": false,
  "isForwarded": false,
  "forwardingScore": 0,
  "quotedMessage": {
   "stanzaId": "3EB0D55ADCC6DCF03680F7",
   "participant": "1234567890@c.us",
   "typeMessage": "imageMessage",
   "downloadUrl": "",
   "caption": "File description",
   "fileName": "",
   "jpegThumbnail": "",
   "mimeType": "image/jpeg",
   "isAnimated": false,
   "isForwarded": false,
   "forwardingScore": 0,
   "editedMessageId": "",
   "deletedMessageId": "",
   "videoNote": false,
   "isEdited": false,
   "isDeleted": false
  },
  "statusMessage": "sent",
  "sendByApi": "***",
  "editedMessageId": "",
  "deletedMessageId": "",
  "videoNote": false,
  "isEdited": false,
  "isDeleted": false
 },
 {
  "type": "outgoing",
  "idMessage": "3EB0D55ADCC6DCF03680F7",
  "timestamp": 1779805965,
  "typeMessage": "imageMessage",
  "chatId": "***",
  "downloadUrl": "https://hut.openintegrations.dev/test_data/picture.jpg",
  "caption": "File description",
  "fileName": "picture.jpg",
  "jpegThumbnail": "",
  "mimeType": "image/jpeg",
  "isAnimated": false,
  "isForwarded": false,
  "forwardingScore": 0,
  "statusMessage": "sent",
  "sendByApi": "***",
  "editedMessageId": "",
  "deletedMessageId": "",
  "videoNote": false,
  "isEdited": false,
  "isDeleted": false
 },
 {
  "type": "outgoing",
  "idMessage": "3EB021889D1432952658FD",
  "timestamp": 1779805961,
  "typeMessage": "videoMessage",
  "chatId": "***",
  "downloadUrl": "",
  "caption": "File description",
  "fileName": "",
  "jpegThumbnail": "/9j/2wCEAAEBAQEBAQEBAQEBAQEBAQEBAQEBAQEBAQEBAQEBAQEBAQEBAQEBAQEBAQEBAQEBAQEBAQEBAQEBAQEBAQEBAQEBAQEB...",
  "mimeType": "video/mp4",
  "isAnimated": false,
  "isForwarded": false,
  "forwardingScore": 0,
  "quotedMessage": {
   "stanzaId": "3EB070D0D0DCD65A666F38",
   "participant": "1234567890@c.us",
   "typeMessage": "imageMessage",
   "downloadUrl": "",
   "caption": "File description",
   "fileName": "",
   "jpegThumbnail": "",
   "mimeType": "image/jpeg",
   "isAnimated": false,
   "isForwarded": false,
   "forwardingScore": 0,
   "editedMessageId": "",
   "deletedMessageId": "",
   "videoNote": false,
   "isEdited": false,
   "isDeleted": false
  },
  "statusMessage": "sent",
  "sendByApi": "***",
  "editedMessageId": "",
  "deletedMessageId": "",
  "videoNote": false,
  "isEdited": false,
  "isDeleted": false
 },
 {
  "type": "outgoing",
  "idMessage": "3EB070D0D0DCD65A666F38",
  "timestamp": 1779805959,
  "typeMessage": "imageMessage",
  "chatId": "***",
  "downloadUrl": "https://do-mediaout-7105.fra1.digitaloceanspaces.com/7105187566/97d95105-713c-4c85-bd5a-221b4e4abca0...",
  "caption": "File description",
  "fileName": "97d95105-713c-4c85-bd5a-221b4e4abca0.jpg",
  "jpegThumbnail": "",
  "mimeType": "image/jpeg",
  "isAnimated": false,
  "isForwarded": false,
  "forwardingScore": 0,
  "statusMessage": "sent",
  "sendByApi": "***",
  "editedMessageId": "",
  "deletedMessageId": "",
  "videoNote": false,
  "isEdited": false,
  "isDeleted": false
 },
 {
  "type": "outgoing",
  "idMessage": "3EB013BA61CB64BD125B3B",
  "timestamp": 1779805955,
  "typeMessage": "quotedMessage",
  "chatId": "***",
  "extendedTextMessage": {
   "text": "New message",
   "stanzaId": "3EB01108AB4DCCC1772556",
   "participant": "1234567890@c.us"
  },
  "quotedMessage": {
   "stanzaId": "3EB01108AB4DCCC1772556",
   "participant": "1234567890@c.us",
   "typeMessage": "extendedTextMessage",
   "textMessage": "New message",
   "extendedTextMessage": {
    "text": "New message",
    "description": "",
    "title": "",
    "previewType": "None",
    "jpegThumbnail": "",
    "forwardingScore": 0,
    "isForwarded": false
   },
   "editedMessageId": "",
   "deletedMessageId": "",
   "isEdited": false,
   "isDeleted": false
  },
  "statusMessage": "sent",
  "sendByApi": "***",
  "deletedMessageId": "",
  "editedMessageId": "",
  "isEdited": false,
  "isDeleted": false
 },
 {
  "type": "outgoing",
  "idMessage": "3EB01108AB4DCCC1772556",
  "timestamp": 1779805954,
  "typeMessage": "extendedTextMessage",
  "chatId": "***",
  "textMessage": "New message text",
  "extendedTextMessage": {
   "text": "New message text",
   "description": "",
   "title": "",
   "previewType": "None",
   "jpegThumbnail": "",
   "forwardingScore": 0,
   "isForwarded": false
  },
  "statusMessage": "sent",
  "sendByApi": "***",
  "deletedMessageId": "3EB08D9B2DD354640CE2D5",
  "editedMessageId": "3EB058E565954F63527536",
  "isEdited": true,
  "isDeleted": true
 },
 {
  "type": "outgoing",
  "idMessage": "3EB079519273960B37DA42",
  "timestamp": 1779801106,
  "typeMessage": "extendedTextMessage",
  "chatId": "***",
  "textMessage": "Новое сообщение",
  "extendedTextMessage": {
   "text": "Новое сообщение",
   "description": "",
   "title": "",
   "previewType": "None",
   "jpegThumbnail": "",
   "forwardingScore": 1,
   "isForwarded": true
  },
  "statusMessage": "sent",
  "sendByApi": "***",
  "deletedMessageId": "",
  "editedMessageId": "",
  "isEdited": false,
  "isDeleted": false
 },
 {
  "type": "outgoing",
  "idMessage": "3EB068E4F4B3FB0EA6F2E4",
  "timestamp": 1779801105,
  "typeMessage": "contactMessage",
  "chatId": "***",
  "contact": {
   "displayName": "Велосипед",
   "vcard": "BEGIN:VCARD\nVERSION:3.0\nN:;;;\nFN:Велосипед\nORG:Велосипед\nTEL;type=CELL;type=VOICE;waid=79001234568:+...",
   "forwardingScore": 0,
   "isForwarded": false
  },
  "quotedMessage": {
   "stanzaId": "3EB01C3729A26404B12A4E",
   "participant": "1234567890@c.us",
   "typeMessage": "contactMessage",
   "contact": {
    "displayName": "Артем Евпаторийский Петрович",
    "vcard": "BEGIN:VCARD\nVERSION:3.0\nN:Петрович;Артем;Евпаторийский;\nFN:Артем Евпаторийский Петрович\nORG:Велосипе...",
    "forwardingScore": 0,
    "isForwarded": false
   },
   "deletedMessageId": "",
   "editedMessageId": "",
   "isEdited": false,
   "isDeleted": false
  },
  "statusMessage": "sent",
  "sendByApi": "***",
  "deletedMessageId": "",
  "editedMessageId": "",
  "isEdited": false,
  "isDeleted": false
 },
 {
  "type": "outgoing",
  "idMessage": "3EB09BB3FF908C635B1CE4",
  "timestamp": 1779801105,
  "typeMessage": "deletedMessage",
  "chatId": "***",
  "deletedMessageData": {
   "stanzaId": "3EB0FF6AAA3B3B88DA600F"
  },
  "statusMessage": "sent",
  "sendByApi": "***"
 },
 {
  "type": "outgoing",
  "idMessage": "3EB01C3729A26404B12A4E",
  "timestamp": 1779801104,
  "typeMessage": "contactMessage",
  "chatId": "***",
  "contact": {
   "displayName": "Артем Евпаторийский Петрович",
   "vcard": "BEGIN:VCARD\nVERSION:3.0\nN:Петрович;Артем;Евпаторийский;\nFN:Артем Евпаторийский Петрович\nORG:Велосипе...",
   "forwardingScore": 0,
   "isForwarded": false
  },
  "statusMessage": "sent",
  "sendByApi": "***",
  "deletedMessageId": "",
  "editedMessageId": "",
  "isEdited": false,
  "isDeleted": false
 },
 {
  "type": "outgoing",
  "idMessage": "3EB07AA1C796261A41A8C5",
  "timestamp": 1779801103,
  "typeMessage": "locationMessage",
  "chatId": "***",
  "location": {
   "nameLocation": "",
   "address": "",
   "jpegThumbnail": "",
   "latitude": 53.908522,
   "longitude": 27.574821,
   "forwardingScore": 0,
   "isForwarded": false
  },
  "quotedMessage": {
   "stanzaId": "3EB06F3D2636DF6B0F2A85",
   "participant": "1234567890@c.us",
   "typeMessage": "locationMessage",
   "location": {
    "nameLocation": "Площадь Победы, Минск",
    "address": "пл. Победы",
    "jpegThumbnail": "",
    "latitude": 53.908522,
    "longitude": 27.574821,
    "forwardingScore": 0,
    "isForwarded": false
   },
   "deletedMessageId": "",
   "editedMessageId": "",
   "isEdited": false,
   "isDeleted": false
  },
  "statusMessage": "sent",
  "sendByApi": "***",
  "deletedMessageId": "",
  "editedMessageId": "",
  "isEdited": false,
  "isDeleted": false
 },
 {
  "type": "outgoing",
  "idMessage": "3EB06F3D2636DF6B0F2A85",
  "timestamp": 1779801102,
  "typeMessage": "locationMessage",
  "chatId": "***",
  "location": {
   "nameLocation": "Площадь Победы, Минск",
   "address": "пл. Победы",
   "jpegThumbnail": "",
   "latitude": 53.908522,
   "longitude": 27.574821,
   "forwardingScore": 0,
   "isForwarded": false
  },
  "statusMessage": "sent",
  "sendByApi": "***",
  "deletedMessageId": "",
  "editedMessageId": "",
  "isEdited": false,
  "isDeleted": false
 },
 {
  "type": "outgoing",
  "idMessage": "3EB0F0447578522978E60B",
  "timestamp": 1779801101,
  "typeMessage": "pollMessage",
  "chatId": "***",
  "pollMessageData": {
   "name": "Какой ваш любимый цвет?",
   "options": [
    {
     "optionName": "Красный"
    },
    {
     "optionName": "Желтый"
    },
    {
     "optionName": "Зеленый"
    }
   ],
   "multipleAnswers": true
  },
  "statusMessage": "sent",
  "sendByApi": "***",
  "deletedMessageId": "",
  "editedMessageId": "",
  "isEdited": false,
  "isDeleted": false
 },
 {
  "type": "outgoing",
  "idMessage": "3EB079F92490960BF3F089",
  "timestamp": 1779801100,
  "typeMessage": "pollMessage",
  "chatId": "***",
  "pollMessageData": {
   "name": "Какой ваш любимый цвет?",
   "options": [
    {
     "optionName": "Красный"
    },
    {
     "optionName": "Желтый"
    },
    {
     "optionName": "Зеленый"
    }
   ],
   "multipleAnswers": false
  },
  "statusMessage": "sent",
  "sendByApi": "***",
  "deletedMessageId": "",
  "editedMessageId": "",
  "isEdited": false,
  "isDeleted": false
 },
 {
  "type": "outgoing",
  "idMessage": "3EB020003D6B4D0A914759",
  "timestamp": 1779801098,
  "typeMessage": "videoMessage",
  "chatId": "***",
  "downloadUrl": "",
  "caption": "Описание файла",
  "fileName": "",
  "jpegThumbnail": "/9j/2wCEAAEBAQEBAQEBAQEBAQEBAQEBAQEBAQEBAQEBAQEBAQEBAQEBAQEBAQEBAQEBAQEBAQEBAQEBAQEBAQEBAQEBAQEBAQEB...",
  "mimeType": "video/mp4",
  "isAnimated": false,
  "isForwarded": false,
  "forwardingScore": 0,
  "quotedMessage": {
   "stanzaId": "3EB01F5410D4362ACE1230",
   "participant": "1234567890@c.us",
   "typeMessage": "imageMessage",
   "downloadUrl": "",
   "caption": "Описание файла",
   "fileName": "",
   "jpegThumbnail": "",
   "mimeType": "image/jpeg",
   "isAnimated": false,
   "isForwarded": false,
   "forwardingScore": 0,
   "editedMessageId": "",
   "deletedMessageId": "",
   "videoNote": false,
   "isEdited": false,
   "isDeleted": false
  },
  "statusMessage": "sent",
  "sendByApi": "***",
  "editedMessageId": "",
  "deletedMessageId": "",
  "videoNote": false,
  "isEdited": false,
  "isDeleted": false
 },
 {
  "type": "outgoing",
  "idMessage": "3EB01F5410D4362ACE1230",
  "timestamp": 1779801095,
  "typeMessage": "imageMessage",
  "chatId": "***",
  "downloadUrl": "https://hut.openintegrations.dev/test_data/picture.jpg",
  "caption": "Описание файла",
  "fileName": "picture.jpg",
  "jpegThumbnail": "",
  "mimeType": "image/jpeg",
  "isAnimated": false,
  "isForwarded": false,
  "forwardingScore": 0,
  "statusMessage": "sent",
  "sendByApi": "***",
  "editedMessageId": "",
  "deletedMessageId": "",
  "videoNote": false,
  "isEdited": false,
  "isDeleted": false
 },
 {
  "type": "outgoing",
  "idMessage": "3EB0083B05F133C92C806B",
  "timestamp": 1779801090,
  "typeMessage": "videoMessage",
  "chatId": "***",
  "downloadUrl": "",
  "caption": "Описание файла",
  "fileName": "",
  "jpegThumbnail": "/9j/2wCEAAEBAQEBAQEBAQEBAQEBAQEBAQEBAQEBAQEBAQEBAQEBAQEBAQEBAQEBAQEBAQEBAQEBAQEBAQEBAQEBAQEBAQEBAQEB...",
  "mimeType": "video/mp4",
  "isAnimated": false,
  "isForwarded": false,
  "forwardingScore": 0,
  "quotedMessage": {
   "stanzaId": "3EB0ADAB4FBEF7FA8F9470",
   "participant": "1234567890@c.us",
   "typeMessage": "imageMessage",
   "downloadUrl": "",
   "caption": "Описание файла",
   "fileName": "",
   "jpegThumbnail": "",
   "mimeType": "image/jpeg",
   "isAnimated": false,
   "isForwarded": false,
   "forwardingScore": 0,
   "editedMessageId": "",
   "deletedMessageId": "",
   "videoNote": false,
   "isEdited": false,
   "isDeleted": false
  },
  "statusMessage": "sent",
  "sendByApi": "***",
  "editedMessageId": "",
  "deletedMessageId": "",
  "videoNote": false,
  "isEdited": false,
  "isDeleted": false
 },
 {
  "type": "outgoing",
  "idMessage": "3EB0ADAB4FBEF7FA8F9470",
  "timestamp": 1779801087,
  "typeMessage": "imageMessage",
  "chatId": "***",
  "downloadUrl": "https://do-mediaout-7105.fra1.digitaloceanspaces.com/7105187566/52336c22-a21a-47c8-96c5-8dcc2e25dbee...",
  "caption": "Описание файла",
  "fileName": "52336c22-a21a-47c8-96c5-8dcc2e25dbee.jpg",
  "jpegThumbnail": "",
  "mimeType": "image/jpeg",
  "isAnimated": false,
  "isForwarded": false,
  "forwardingScore": 0,
  "statusMessage": "sent",
  "sendByApi": "***",
  "editedMessageId": "",
  "deletedMessageId": "",
  "videoNote": false,
  "isEdited": false,
  "isDeleted": false
 },
 {
  "type": "outgoing",
  "idMessage": "3EB0D3FF2983B0FB9683D8",
  "timestamp": 1779801082,
  "typeMessage": "quotedMessage",
  "chatId": "***",
  "extendedTextMessage": {
   "text": "Новое сообщение",
   "stanzaId": "3EB0FF6AAA3B3B88DA600F",
   "participant": "1234567890@c.us"
  },
  "quotedMessage": {
   "stanzaId": "3EB0FF6AAA3B3B88DA600F",
   "participant": "1234567890@c.us",
   "typeMessage": "extendedTextMessage",
   "textMessage": "Новое сообщение",
   "extendedTextMessage": {
    "text": "Новое сообщение",
    "description": "",
    "title": "",
    "previewType": "None",
    "jpegThumbnail": "",
    "forwardingScore": 0,
    "isForwarded": false
   },
   "editedMessageId": "",
   "deletedMessageId": "",
   "isEdited": false,
   "isDeleted": false
  },
  "statusMessage": "sent",
  "sendByApi": "***",
  "deletedMessageId": "",
  "editedMessageId": "",
  "isEdited": false,
  "isDeleted": false
 },
 {
  "type": "outgoing",
  "idMessage": "3EB0FF6AAA3B3B88DA600F",
  "timestamp": 1779801081,
  "typeMessage": "extendedTextMessage",
  "chatId": "***",
  "textMessage": "Новый текст сообщения",
  "extendedTextMessage": {
   "text": "Новый текст сообщения",
   "description": "",
   "title": "",
   "previewType": "None",
   "jpegThumbnail": "",
   "forwardingScore": 0,
   "isForwarded": false
  },
  "statusMessage": "sent",
  "sendByApi": "***",
  "deletedMessageId": "3EB09BB3FF908C635B1CE4",
  "editedMessageId": "3EB01CEDE98F7FDC6299EB",
  "isEdited": true,
  "isDeleted": true
 },
 {
  "type": "outgoing",
  "idMessage": "3EB0AD0C9137D726C58DC2",
  "timestamp": 1779799169,
  "typeMessage": "pollMessage",
  "chatId": "***",
  "pollMessageData": {
   "name": "What's your favorite color??",
   "options": [
    {
     "optionName": "Red"
    },
    {
     "optionName": "Yellow"
    },
    {
     "optionName": "Green"
    }
   ],
   "multipleAnswers": false
  },
  "statusMessage": "sent",
  "sendByApi": "***",
  "deletedMessageId": "",
  "editedMessageId": "",
  "isEdited": false,
  "isDeleted": false
 },
 {
  "type": "outgoing",
  "idMessage": "3EB09E3250CC4A6B5D1834",
  "timestamp": 1779799168,
  "typeMessage": "videoMessage",
  "chatId": "***",
  "downloadUrl": "",
  "caption": "File description",
  "fileName": "",
  "jpegThumbnail": "/9j/2wCEAAEBAQEBAQEBAQEBAQEBAQEBAQEBAQEBAQEBAQEBAQEBAQEBAQEBAQEBAQEBAQEBAQEBAQEBAQEBAQEBAQEBAQEBAQEB...",
  "mimeType": "video/mp4",
  "isAnimated": false,
  "isForwarded": false,
  "forwardingScore": 0,
  "quotedMessage": {
   "stanzaId": "3EB05833F029FEA9AF9C18",
   "participant": "1234567890@c.us",
   "typeMessage": "imageMessage",
   "downloadUrl": "",
   "caption": "File description",
   "fileName": "",
   "jpegThumbnail": "",
   "mimeType": "image/jpeg",
   "isAnimated": false,
   "isForwarded": false,
   "forwardingScore": 0,
   "editedMessageId": "",
   "deletedMessageId": "",
   "videoNote": false,
   "isEdited": false,
   "isDeleted": false
  },
  "statusMessage": "sent",
  "sendByApi": "***",
  "editedMessageId": "",
  "deletedMessageId": "",
  "videoNote": false,
  "isEdited": false,
  "isDeleted": false
 },
 {
  "type": "outgoing",
  "idMessage": "3EB05833F029FEA9AF9C18",
  "timestamp": 1779799165,
  "typeMessage": "imageMessage",
  "chatId": "***",
  "downloadUrl": "https://hut.openintegrations.dev/test_data/picture.jpg",
  "caption": "File description",
  "fileName": "picture.jpg",
  "jpegThumbnail": "",
  "mimeType": "image/jpeg",
  "isAnimated": false,
  "isForwarded": false,
  "forwardingScore": 0,
  "statusMessage": "sent",
  "sendByApi": "***",
  "editedMessageId": "",
  "deletedMessageId": "",
  "videoNote": false,
  "isEdited": false,
  "isDeleted": false
 },
 {
  "type": "outgoing",
  "idMessage": "3EB0262272595A297C606B",
  "timestamp": 1779799164,
  "typeMessage": "deletedMessage",
  "chatId": "***",
  "deletedMessageData": {
   "stanzaId": "3EB01379DFAF0B169D51A3"
  },
  "statusMessage": "sent",
  "sendByApi": "***"
 }
]
