{
 "receiptId": 1,
 "body": {
  "typeWebhook": "outgoingAPIMessageReceived",
  "instanceData": {
   "idInstance": "***",
   "wid": "***",
   "typeInstance": "whatsapp"
  },
  "timestamp": 1779786967,
  "idMessage": "3EB0E8771BEC4519AB5E6D",
  "senderData": {
   "chatId": "***",
   "chatName": "***",
   "sender": "***",
   "senderName": "***",
   "senderContactName": "***"
  },
  "messageData": {
   "typeMessage": "imageMessage",
   "fileMessageData": {
    "downloadUrl": "https://do-mediaout-7105.fra1.digitaloceanspaces.com/7105187566/a00784f7-16e2-47ab-b342-ebbb21f53e02...",
    "caption": "File description",
    "fileName": "a00784f7-16e2-47ab-b342-ebbb21f53e02.jpg",
    "jpegThumbnail": "",
    "isAnimated": false,
    "mimeType": "image/jpeg",
    "forwardingScore": 0,
    "isForwarded": false
   }
  }
 }
}
