{
 "groupId": "120363426142713931@g.us",
 "owner": "***",
 "subject": "New group",
 "description": "",
 "creation": 1781462447,
 "subjectTime": 1781462447,
 "subjectOwner": "375447830891@c.us",
 "groupInviteLink": "***",
 "ephemeralExpiration": 0,
 "allowParticipantsEditGroupSettings": true,
 "allowParticipantsSendMessages": true,
 "allowParticipantsAddMembers": false,
 "allowParticipantsSendInviteLink": "***",
 "allowParticipantsSendMessageHistory": true,
 "isCommunity": false,
 "isCommunityAnnounce": false,
 "size": 1,
 "participants": [
  {
   "id": "***",
   "lid": "78714469634134@lid",
   "phoneNumber": "***",
   "isAdmin": true,
   "isSuperAdmin": true
  }
 ]
}
