[
 {
  "type": "outgoing",
  "idMessage": "3EB0980B619A9384748042",
  "timestamp": 1780690905,
  "typeMessage": "videoMessage",
  "chatId": "***",
  "downloadUrl": "",
  "caption": "Описание файла",
  "fileName": "",
  "jpegThumbnail": "/9j/2wCEAAEBAQEBAQEBAQEBAQEBAQEBAQEBAQEBAQEBAQEBAQEBAQEBAQEBAQEBAQEBAQEBAQEBAQEBAQEBAQEBAQEBAQEBAQEB...",
  "mimeType": "video/mp4",
  "isAnimated": false,
  "isForwarded": false,
  "forwardingScore": 0,
  "quotedMessage": {
   "stanzaId": "3EB0FEB22AE038E49D64C5",
   "participant": "1234567890@c.us",
   "typeMessage": "imageMessage",
   "downloadUrl": "",
   "caption": "Описание файла",
   "fileName": "",
   "jpegThumbnail": "",
   "mimeType": "image/jpeg",
   "isAnimated": false,
   "isForwarded": false,
   "forwardingScore": 0,
   "editedMessageId": "",
   "deletedMessageId": "",
   "videoNote": false,
   "isEdited": false,
   "isDeleted": false
  },
  "statusMessage": "sent",
  "sendByApi": "***",
  "editedMessageId": "",
  "deletedMessageId": "",
  "videoNote": false,
  "isEdited": false,
  "isDeleted": false
 },
 {
  "type": "outgoing",
  "idMessage": "3EB0FEB22AE038E49D64C5",
  "timestamp": 1780690901,
  "typeMessage": "imageMessage",
  "chatId": "***",
  "downloadUrl": "https://hut.openintegrations.dev/test_data/picture.jpg",
  "caption": "Описание файла",
  "fileName": "picture.jpg",
  "jpegThumbnail": "",
  "mimeType": "image/jpeg",
  "isAnimated": false,
  "isForwarded": false,
  "forwardingScore": 0,
  "statusMessage": "sent",
  "sendByApi": "***",
  "editedMessageId": "",
  "deletedMessageId": "",
  "videoNote": false,
  "isEdited": false,
  "isDeleted": false
 },
 {
  "type": "outgoing",
  "idMessage": "3EB0B7346B7B10EAD134A7",
  "timestamp": 1780690899,
  "typeMessage": "deletedMessage",
  "chatId": "***",
  "deletedMessageData": {
   "stanzaId": "3EB05302315AE553F145E9"
  },
  "statusMessage": "sent",
  "sendByApi": "***"
 },
 {
  "type": "outgoing",
  "idMessage": "3EB0D9ECF585F212D1D626",
  "timestamp": 1780690896,
  "typeMessage": "videoMessage",
  "chatId": "***",
  "downloadUrl": "",
  "caption": "Описание файла",
  "fileName": "",
  "jpegThumbnail": "/9j/2wCEAAEBAQEBAQEBAQEBAQEBAQEBAQEBAQEBAQEBAQEBAQEBAQEBAQEBAQEBAQEBAQEBAQEBAQEBAQEBAQEBAQEBAQEBAQEB...",
  "mimeType": "video/mp4",
  "isAnimated": false,
  "isForwarded": false,
  "forwardingScore": 0,
  "quotedMessage": {
   "stanzaId": "3EB0452F5D3EBC979CBA43",
   "participant": "1234567890@c.us",
   "typeMessage": "imageMessage",
   "downloadUrl": "",
   "caption": "Описание файла",
   "fileName": "",
   "jpegThumbnail": "",
   "mimeType": "image/jpeg",
   "isAnimated": false,
   "isForwarded": false,
   "forwardingScore": 0,
   "editedMessageId": "",
   "deletedMessageId": "",
   "videoNote": false,
   "isEdited": false,
   "isDeleted": false
  },
  "statusMessage": "sent",
  "sendByApi": "***",
  "editedMessageId": "",
  "deletedMessageId": "",
  "videoNote": false,
  "isEdited": false,
  "isDeleted": false
 },
 {
  "type": "outgoing",
  "idMessage": "3EB0452F5D3EBC979CBA43",
  "timestamp": 1780690894,
  "typeMessage": "imageMessage",
  "chatId": "***",
  "downloadUrl": "https://do-mediaout-7105.fra1.digitaloceanspaces.com/7105187566/cdb40ebd-94be-4ab4-b9ae-1868c6b78050...",
  "caption": "Описание файла",
  "fileName": "cdb40ebd-94be-4ab4-b9ae-1868c6b78050.jpg",
  "jpegThumbnail": "",
  "mimeType": "image/jpeg",
  "isAnimated": false,
  "isForwarded": false,
  "forwardingScore": 0,
  "statusMessage": "sent",
  "sendByApi": "***",
  "editedMessageId": "",
  "deletedMessageId": "",
  "videoNote": false,
  "isEdited": false,
  "isDeleted": false
 },
 {
  "type": "outgoing",
  "idMessage": "3EB0AA77B0544A695F72C7",
  "timestamp": 1780690890,
  "typeMessage": "quotedMessage",
  "chatId": "***",
  "extendedTextMessage": {
   "text": "Новое сообщение",
   "stanzaId": "3EB05302315AE553F145E9",
   "participant": "1234567890@c.us"
  },
  "quotedMessage": {
   "stanzaId": "3EB05302315AE553F145E9",
   "participant": "1234567890@c.us",
   "typeMessage": "extendedTextMessage",
   "textMessage": "Новое сообщение",
   "extendedTextMessage": {
    "text": "Новое сообщение",
    "description": "",
    "title": "",
    "previewType": "None",
    "jpegThumbnail": "",
    "forwardingScore": 0,
    "isForwarded": false
   },
   "editedMessageId": "",
   "deletedMessageId": "",
   "isEdited": false,
   "isDeleted": false
  },
  "statusMessage": "sent",
  "sendByApi": "***",
  "deletedMessageId": "",
  "editedMessageId": "",
  "isEdited": false,
  "isDeleted": false
 },
 {
  "type": "outgoing",
  "idMessage": "3EB05302315AE553F145E9",
  "timestamp": 1780690889,
  "typeMessage": "extendedTextMessage",
  "chatId": "***",
  "textMessage": "Новое сообщение",
  "extendedTextMessage": {
   "text": "Новое сообщение",
   "description": "",
   "title": "",
   "previewType": "None",
   "jpegThumbnail": "",
   "forwardingScore": 0,
   "isForwarded": false
  },
  "statusMessage": "sent",
  "sendByApi": "***",
  "deletedMessageId": "3EB0B7346B7B10EAD134A7",
  "editedMessageId": "",
  "isEdited": false,
  "isDeleted": true
 }
]
