{
 "type": "outgoing",
 "idMessage": "3EB0AB4D780D332996EA34",
 "timestamp": 1784359992,
 "typeMessage": "extendedTextMessage",
 "chatId": "***",
 "textMessage": "Новый текст сообщения",
 "extendedTextMessage": {
  "text": "Новый текст сообщения",
  "description": "",
  "title": "",
  "previewType": "None",
  "jpegThumbnail": "",
  "forwardingScore": 0,
  "isForwarded": false
 },
 "statusMessage": "sent",
 "sendByApi": "***",
 "deletedMessageId": "3EB0439CF42F49E0C1BC8E",
 "editedMessageId": "3EB00FCA4A2F989650E5E7",
 "isEdited": true,
 "isDeleted": true
}
