    {
 "wid": "375447830891@c.us",
 "countryInstance": "",
 "typeAccount": "",
 "webhookUrl": "",
 "webhookUrlToken": "",
 "delaySendMessagesMilliseconds": 0,
 "markIncomingMessagesReaded": "no",
 "markIncomingMessagesReadedOnReply": "no",
 "sharedSession": "no",
 "proxyInstance": "system proxy",
 "outgoingWebhook": "no",
 "outgoingMessageWebhook": "no",
 "outgoingAPIMessageWebhook": "no",
 "incomingWebhook": "no",
 "deviceWebhook": "no",
 "statusInstanceWebhook": "no",
 "stateWebhook": "no",
 "enableMessagesHistory": "no",
 "keepOnlineStatus": "no",
 "pollMessageWebhook": "yes",
 "incomingBlockWebhook": "no",
 "incomingCallWebhook": "no",
 "editedMessageWebhook": "yes",
 "deletedMessageWebhook": "yes"
}
