    {
 "data": [
  {
   "cid": 0,
   "dflt_value": null,
   "name": "id",
   "notnull": 0,
   "pk": 1,
   "type": "INTEGER"
  },
  {
   "cid": 1,
   "dflt_value": null,
   "name": "name",
   "notnull": 0,
   "pk": 0,
   "type": "TEXT"
  },
  {
   "cid": 2,
   "dflt_value": null,
   "name": "age",
   "notnull": 0,
   "pk": 0,
   "type": "INTEGER"
  },
  {
   "cid": 3,
   "dflt_value": null,
   "name": "salary",
   "notnull": 0,
   "pk": 0,
   "type": "REAL"
  },
  {
   "cid": 4,
   "dflt_value": null,
   "name": "is_active",
   "notnull": 0,
   "pk": 0,
   "type": "BOOLEAN"
  },
  {
   "cid": 5,
   "dflt_value": null,
   "name": "created_at",
   "notnull": 0,
   "pk": 0,
   "type": "DATETIME"
  },
  {
   "cid": 6,
   "dflt_value": null,
   "name": "data",
   "notnull": 0,
   "pk": 0,
   "type": "BLOB"
  },
  {
   "cid": 7,
   "dflt_value": null,
   "name": "new_col",
   "notnull": 0,
   "pk": 0,
   "type": "TEXT"
  }
 ],
 "result": true
}
