    {
 "data": [
  {
   "age": 25,
   "created_at": "2025-01-04 15:01:55",
   "is_active": 1,
   "name": "Vitaly",
   "salary": 1000.12
  },
  {
   "age": 20,
   "created_at": "2025-01-04 15:01:55",
   "is_active": 0,
   "name": "Lesha",
   "salary": 200.2
  },
  {
   "age": 25,
   "created_at": "2025-01-04 15:01:55",
   "is_active": 1,
   "name": "Vitaly",
   "salary": 1000.12
  },
  {
   "age": 20,
   "created_at": "2025-01-04 15:01:55",
   "is_active": 0,
   "name": "Lesha",
   "salary": 200.2
  },
  {
   "age": 25,
   "created_at": "2025-01-04 15:01:55",
   "is_active": 1,
   "name": "Vitaly",
   "salary": 1000.12
  }
 ],
 "result": true
}
