{
 "args": {},
 "data": "{\r\n \"Поле1\": 10,\r\n \"Поле2\": \"Текст\"\r\n}",
 "files": {},
 "form": {},
 "headers": {
  "Accept": "*/*",
  "Accept-Charset": "utf-8",
  "Accept-Encoding": "gzip",
  "Connection": "Keep-Alive",
  "Content-Length": "51",
  "Content-Type": "application/json; charset=utf-8",
  "Host": "bin.openintegrations.dev",
  "Max-Forwards": "10",
  "User-Agent": "1Script v$2.0.1.0",
  "X-Arr-Log-Id": "b341ae73-c26a-4a7d-aeca-9728872428fe",
  "X-Arr-Ssl": "2048|256|C=BE, O=GlobalSign nv-sa, CN=GlobalSign GCC R6 AlphaSSL CA 2025|CN=*.openintegrations.dev",
  "X-Forwarded-Host": "bin.openintegrations.dev",
  "X-Original-Url": "***"
 },
 "json": {
  "Поле1": 10,
  "Поле2": "Текст"
 },
 "origin": "***",
 "url": "https://bin.openintegrations.dev/post"
}
