{
 "args": {},
 "data": "--ea2552c2fd6a41dda0ada7f8acc2d24c\r\nContent-Type: application/json; charset=UTF-8\r\n\r\n{\r\n \"Поле1\": 10...",
 "files": {},
 "form": {},
 "headers": {
  "Accept": "*/*",
  "Accept-Charset": "utf-8",
  "Accept-Encoding": "gzip",
  "Connection": "Keep-Alive",
  "Content-Length": "223",
  "Content-Type": "multipart/related; boundary=ea2552c2fd6a41dda0ada7f8acc2d24c",
  "Host": "bin.openintegrations.dev",
  "Max-Forwards": "10",
  "User-Agent": "1Script v$2.0.1.0",
  "X-Arr-Log-Id": "b2e0116e-db12-4c3b-a3ae-b5387f355b6b",
  "X-Arr-Ssl": "2048|256|C=BE, O=GlobalSign nv-sa, CN=GlobalSign GCC R6 AlphaSSL CA 2025|CN=*.openintegrations.dev",
  "X-Forwarded-Host": "bin.openintegrations.dev",
  "X-Original-Url": "***"
 },
 "json": null,
 "origin": "***",
 "url": "https://bin.openintegrations.dev/post"
}
