{
 "args": {},
 "headers": {
  "Accept": "*/*",
  "Accept-Charset": "utf-8",
  "Accept-Encoding": "gzip",
  "Authorization": "AWS4-HMAC-SHA256 Credential=AccessKey/20260718/Region/s3/aws4_request, SignedHeaders=host;x-amz-content-sha256;x-amz-date, Signature=8d5bcaa6fe2e83c6b7ef7511dae15e44775e8ec24219981148197e3a765d5d7b",
  "Connection": "Keep-Alive",
  "Content-Length": "0",
  "Host": "bin.openintegrations.dev",
  "Max-Forwards": "10",
  "User-Agent": "1Script v$2.0.1.0",
  "X-Amz-Content-Sha256": "e3b0c44298fc1c149afbf4c8996fb92427ae41e4649b934ca495991b7852b855",
  "X-Amz-Date": "20260718T072234Z",
  "X-Arr-Log-Id": "ceb39a3f-f586-4468-ac94-4cc3b863e39b",
  "X-Arr-Ssl": "2048|256|C=BE, O=GlobalSign nv-sa, CN=GlobalSign GCC R6 AlphaSSL CA 2025|CN=*.openintegrations.dev",
  "X-Forwarded-Host": "bin.openintegrations.dev",
  "X-Original-Url": "***"
 },
 "origin": "***",
 "url": "https://bin.openintegrations.dev/get"
}
