{
 "args": {},
 "data": "data:application/octet-stream;base64,pPKDf7wrphWcZnJPDqSuUru3aaUMw7806300SllSXljgjFdLqJpkR5oVNBkvhuK...",
 "files": {},
 "form": {},
 "headers": {
  "Accept": "*/*",
  "Accept-Charset": "utf-8",
  "Accept-Encoding": "gzip",
  "Connection": "Keep-Alive",
  "Content-Length": "16871",
  "Content-Range": "bytes 2097152-2114022/2114023",
  "Content-Type": "application/octet-stream",
  "Host": "bin.openintegrations.dev",
  "Max-Forwards": "10",
  "User-Agent": "1Script v$2.0.1.0",
  "X-Arr-Log-Id": "90b7c59b-e894-4704-be5e-2c4d10e36955",
  "X-Arr-Ssl": "2048|256|C=BE, O=GlobalSign nv-sa, CN=GlobalSign GCC R6 AlphaSSL CA 2025|CN=*.openintegrations.dev",
  "X-Forwarded-Host": "bin.openintegrations.dev",
  "X-Original-Url": "***"
 },
 "json": null,
 "origin": "***",
 "url": "https://bin.openintegrations.dev/put"
}
