{
 "args": {},
 "data": "",
 "files": {},
 "form": {
  "Поле1": "10",
  "Поле2": "Текст"
 },
 "headers": {
  "Accept": "*/*",
  "Accept-Charset": "utf-8",
  "Accept-Encoding": "gzip",
  "Connection": "Keep-Alive",
  "Content-Length": "53",
  "Content-Type": "application/x-www-form-urlencoded; charset=utf-8",
  "Host": "bin.openintegrations.dev",
  "Max-Forwards": "10",
  "User-Agent": "1Script v$2.0.1.0",
  "X-Arr-Log-Id": "31c3f515-5582-4b9c-9055-a193f7bf66a8",
  "X-Arr-Ssl": "2048|256|C=BE, O=GlobalSign nv-sa, CN=GlobalSign GCC R6 AlphaSSL CA 2025|CN=*.openintegrations.dev",
  "X-Forwarded-Host": "bin.openintegrations.dev",
  "X-Original-Url": "***"
 },
 "json": null,
 "origin": "***",
 "url": "https://bin.openintegrations.dev/post"
}
