{
 "args": {},
 "data": "{\r\n \"Поле1\": 10,\r\n \"Поле2\": \"Текст\",\r\n \"Поле3\": [\r\n  \"A\",\r\n  \"B\",\r\n  \"C\"\r\n ]\r\n}",
 "files": {},
 "form": {},
 "headers": {
  "Accept": "*/*",
  "Accept-Charset": "utf-8",
  "Accept-Encoding": "gzip",
  "Connection": "Keep-Alive",
  "Content-Length": "96",
  "Content-Type": "application/json; charset=utf-8",
  "Host": "bin.openintegrations.dev",
  "Max-Forwards": "10",
  "User-Agent": "1Script v$2.0.1.0",
  "X-Arr-Log-Id": "e279986c-0b78-4213-9800-aa09a5a442e7",
  "X-Arr-Ssl": "2048|256|C=BE, O=GlobalSign nv-sa, CN=GlobalSign GCC R6 AlphaSSL CA 2025|CN=*.openintegrations.dev",
  "X-Forwarded-Host": "bin.openintegrations.dev",
  "X-Original-Url": "***"
 },
 "json": {
  "Поле1": 10,
  "Поле2": "Текст",
  "Поле3": [
   "A",
   "B",
   "C"
  ]
 },
 "origin": "***",
 "url": "https://bin.openintegrations.dev/post"
}
