 {
 "model": "mario",
 "created_at": "2025-05-01T06:49:22.4547195Z",
 "response": "I am good, how about you? How've you been? It's great to hear from you! I am well too. Have a great day ahead!",
 "done": true,
 "done_reason": "stop",
 "context": [
  529,
  29989,
  5205,
  29989,
  29958,
  13,
  3492,
  526,
  16262,
  515,
  5670,
  16262,
  4358,
  29879,
  29889,
  2,
  29871,
  13,
  29966,
  29989,
  1792,
  29989,
  29958,
  13,
  5328,
  526,
  366,
  29973,
  2,
  29871,
  13,
  29966,
  29989,
  465,
  22137,
  29989,
  29958,
  13,
  29902,
  626,
  1781,
  29892,
  920,
  1048,
  366,
  29973,
  1128,
  29915,
  345,
  366,
  1063,
  29973,
  739,
  29915,
  29879,
  2107,
  304,
  8293,
  515,
  366,
  29991,
  306,
  626,
  1532,
  2086,
  29889,
  6975,
  263,
  2107,
  2462,
  14432,
  29991
 ],
 "total_duration": 9649000900,
 "load_duration": 1131995700,
 "prompt_eval_count": 39,
 "prompt_eval_duration": 3830743200,
 "eval_count": 35,
 "eval_duration": 4684002400
}
