{
 "model": "tinyllama",
 "embeddings": [
  [
   0.0061379983,
   0.016888523,
   -0.021224216,
   -0.0006822769,
   -0.0090153655,
   -0.0018350792,
   0.038131323,
   -0.04369648,
   0.020022517,
   0.013495093,
   0.001228152,
   0.004690899,
   -0.003546855,
   0.0058474625,
   -0.00042324018,
   0.028064905,
   0.005310975,
   -0.005735992,
   -0.012619203,
   0.013064234,
   0.005523001,
   0.014706261,
   0.0089911735,
   0.019297577,
   -0.014013198,
   -0.01678316,
   0.008408569,
   -0.010763012,
   -0.009735384,
   -0.010517315,
   -0.05121307,
   -0.06972636,
   0.022462368,
   0.010772618,
   0.0028735315,
   0.059740208,
   0.020583808,
   -0.00007829528,
   -0.017120218,
   0.0222858,
   -0.0017043478,
   0.029446237,
   0.0014208009,
   -0.011425652,
   -0.03135808,
   -0.0041784574,
   -0.015115775,
   -0.020566331,
   -0.020950602,
   0.013203443,
   0.02638328,
   -0.012201243,
   -0.015680917,
   -0.014333849,
   0.016104177,
   -0.009110282,
   0.018798066,
   0.013347891,
   0.01868396,
   0.0024649792,
   -0.014640434,
   -0.03975936,
   0.009130492,
   -0.006286539,
   0.0045654387,
   0.012403077,
   0.0040157256,
   -0.022431197,
   -0.005813648,
   0.006966999,
   -0.036077548,
   0.0010453436,
   -0.003007503,
   -0.030950839,
   0.010573667,
   0.023777286,
   -0.0013602595,
   -0.017266106,
   0.002935542,
   0.00068417675,
   0.011964198,
   0.018228333,
   0.0156074455,
   0.018966112,
   0.0073177945,
   0.0074874,
   0.004678372,
   -0.00026077006,
   -0.0048798085,
   0.012788715,
   -0.02446327,
   0.010051249,
   -0.0013068032,
   0.025128093,
   0.0081787715,
   -0.021493759,
   -0.0251751,
   0.006101706,
   -0.0053877733,
   -0.012186533,
   0.0050914614,
   0.017061438,
   -0.013886302,
   0.006567539,
   -0.0036682982,
   0.0054139793,
   -0.01808865,
   0.011643494,
   0.031284925,
   0.011510916,
   0.027691396,
   -0.0038981554,
   0.067248724,
   -0.0068645906,
   0.00032833914,
   0.0021304367,
   -0.023082081,
   -0.0024188315,
   0.0047677765,
   -0.01566773,
   -0.025478564,
   0.008908278,
   -0.014724895,
   -0.00003381486,
   -0.028239965,
   0.012543222,
   -0.0007969146,
   0.004481648,
   0.020120854,
   -0.004212789,
   -0.03619561,
   -0.016715152,
   -0.008178712,
   -0.003697368,
   -0.0029796471,
   -0.036001354,
   0.021554308,
   0.029659085,
   -0.011573467,
   0.008203886,
   0.020023078,
   -0.0037608575,
   -0.00986851,
   -0.03455922,
   0.005774429,
   -0.01664764,
   -0.011599979,
   0.0009663476,
   -0.0011847967,
   -0.034472685,
   -0.0020838259,
   -0.0040727276,
   0.037180226,
   0.00853283,
   0.021157762,
   -0.012301385,
   -0.002808732,
   -0.050702807,
   -0.16815303,
   0.020402193,
   -0.026273275,
   -0.025111651,
   0.03262741,
   -0.008690021,
   0.0017062187,
   0.014387705,
   0.0230856,
   -0.025075529,
   0.0011580879,
   -0.010465709,
   -0.009670729,
   -0.01411528,
   -0.009013106,
   -0.008827104,
   -0.010480717,
   0.0016555663,
   -0.0018554509,
   0.043309305,
   -0.010525296,
   0.022840157,
   -0.015639946,
   -0.011984831,
   -0.003092384,
   0.004665775,
   0.038253717,
   0.042259634,
   0.013693935,
   0.013041534,
   -0.005271051,
   -0.02623316,
   0.011545912,
   0.0069084233,
   -0.0038199879,
   0.018666007,
   -0.0028471556,
   0.011161675,
   0.015450024,
   0.015751654,
   0.021862146,
   -0.00827816,
   0.007640266,
   0.00870979,
   -0.00039016418,
   0.0025221223,
   0.044075012,
   -0.051953714,
   -0.019919505,
   0.0047814357,
   0.01705624,
   -0.015678754,
   -0.027075429,
   0.018751102,
   -0.009778119,
   -0.028130736,
   -0.025613327,
   0.024093715,
   -0.01897345,
   -0.0310657,
   0.024428193,
   -0.015852425,
   0.018864192,
   0.031107064,
   0.016789507,
   0.008768025,
   0.020903159,
   0.01281453,
   0.010533972,
   0.018636433,
   -0.00039007302,
   0.021977864,
   0.0029072128,
   -0.0064076353,
   -0.029568268,
   0.007961659,
   -0.018264554,
   0.0010111245,
   -0.011244205,
   -0.006509002,
   0.013984115,
   -0.012134427,
   0.00030312766,
   0.016988957,
   0.0074242805,
   -0.022797339,
   0.018982392,
   0.005380894,
   0.007290955,
   0.0009829465,
   -0.0062908353,
   -0.009074659,
   -0.011812118,
   -0.03336227,
   0.02706706,
   -0.020718051,
   0.017187906,
   -0.018134296,
   -0.021321794,
   0.0018240837,
   0.027539488,
   -0.027120175,
   0.012219292,
   0.0108526,
   0.0019947009,
   0.002772606,
   0.012547203,
   0.002803584,
   -0.011349997,
   0.0026865983,
   -0.015211072,
   0.03283941,
   -0.0027992493,
   -0.010653395,
   0.011361667,
   0.04840064,
   -0.015284215,
   0.012320171,
   0.002203927,
   -0.03465789,
   0.006484091,
   0.00990262,
   0.011307859,
   -0.0020311284,
   -0.18504363,
   0.014382175,
   -0.030821798,
   -0.0014669398,
   -0.009698266,
   -0.014424056,
   -0.032533742,
   -0.011179171,
   0.03851507,
   -0.011365669,
   -0.014934816,
   -0.0018722651,
   0.006108837,
   -0.03838858,
   0.004183491,
   -0.005729866,
   0.035845898,
   0.018403053,
   0.009176344,
   0.0066547575,
   0.009078866,
   0.006839877,
   0.0069917655,
   -0.0005324757,
   -0.0065164384,
   0.016858114,
   0.00355115,
   0.012550849,
   -0.010305664,
   0.016919862,
   0.007681929,
   -0.026497466,
   -0.010512852,
   0.0038862685,
   -0.0067948154,
   0.01800447,
   0.024397464,
   0.046761595,
   -0.003619764,
   0.01985514,
   0.012466517,
   0.022478107,
   -0.008752161,
   -0.012469074,
   -0.027557494,
   0.0025404282,
   -0.019106584,
   0.003957987,
   -0.02053899,
   0.02663878,
   0.009621909,
   0.004103916,
   -0.004485178,
   0.0051394217,
   0.029612564,
   -0.031515986,
   0.029292991,
   -0.015677422,
   0.00011998152,
   -0.011525209,
   -0.011232636,
   -0.005989322,
   0.020501582,
   0.04055845,
   -0.028102672,
   0.0021191158,
   -0.0029890265,
   0.0139779365,
   -0.023792472,
   0.006601617,
   0.022495471,
   -0.02243656,
   -0.019207593,
   -0.0024519605,
   -0.029032782,
   -0.019263897,
   0.034407858,
   0.0025212506,
   0.01119057,
   0.0067467876,
   -0.017784452,
   -0.0009239539,
   -0.004048131,
   0.015413481,
   -0.017970866,
   -0.032573488,
   -0.011067684,
   0.0012181591,
   -0.022787254,
   0.017381446,
   -0.005063336,
   -0.00038493003,
   -0.017757228,
   -0.004091276,
   -0.014252805,
   -0.0071606347,
   0.001054717,
   0.010060591,
   -0.0144474115,
   -0.009495416,
   0.017281314,
   0.02472179,
   -0.032088537,
   0.019336827,
   -0.01862494,
   0.013813071,
   0.0026009341,
   -0.009129258,
   0.016983533,
   -0.020693505,
   -0.0048190667,
   0.028280044,
   -0.018719217,
   0.027290046,
   -0.026375262,
   -0.010013484,
   0.02433311,
   0.030594995,
   0.011011325,
   -0.0055246125,
   -0.008197749,
   0.018732976,
   0.0012796763,
   0.0015001234,
   -0.0060026716,
   -0.004513299,
   0.049776454,
   -0.008419924,
   0.04978669,
   0.05706403,
   -0.029185347,
   -0.021651087,
   -0.019270552,
   -0.0018183488,
   0.02601217,
   0.028601984,
   -0.004493166,
   0.03900751,
   0.025873737,
   0.026272444,
   0.0119837,
   -0.039573926,
   0.009549155,
   -0.018706666,
   0.0027363582,
   -0.02326594,
   0.011485678,
   -0.012696753,
   0.023836005,
   0.04897008,
   -0.009636432,
   -0.0059154285,
   -0.043149818,
   -0.02079898,
   0.036414176,
   0.02792613,
   0.00719324,
   -0.005904624,
   0.01990452,
   -0.0045774565,
   0.030286932,
   -0.016399033,
   -0.04027882,
   -0.008282766,
   -0.030914057,
   0.031345416,
   -0.08823599,
   -0.044158645,
   0.036470644,
   0.00012900436,
   -0.0066681965,
   0.016807208,
   0.0018253714,
   -0.019789703,
   0.010310837,
   -0.00180334,
   0.009929088,
   0.004659969,
   -0.01245624,
   0.03191434,
   0.004374284,
   0.007336981,
   0.016481904,
   -0.0008570889,
   0.00075492554,
   0.0083299335,
   0.012691699,
   -0.029120162,
   -0.020112092,
   -0.023685876,
   -0.026529659,
   -0.0073998384,
   -0.035944544,
   0.0013973187,
   -0.002326151,
   -0.009039563,
   0.016908253,
   0.018213307,
   -0.00061848614,
   -0.0330537,
   -0.0060125072,
   0.011346099,
   -0.007107417,
   -0.0048941965,
   0.0039975275,
   -0.039376855,
   -0.018414387,
   0.029799802,
   0.020411579,
   -0.008773611,
   -0.0005879662,
   0.04322187,
   0.045102052,
   -0.018623529,
   -0.0010820637,
   -0.0054004765,
   0.0061010043,
   -0.021793092,
   -0.006341411,
   0.0070451363,
   0.025010003,
   0.0066995565,
   -0.04096115,
   -0.013570893,
   -0.004500876,
   0.016121222,
   0.0052222484,
   0.033090405,
   0.0011859869,
   -0.003204988,
   0.011140825,
   0.003944123,
   0.008047982,
   -0.013736639,
   -0.006389545,
   0.0033758944,
   0.023713494,
   0.011357947,
   -0.019601766,
   -0.0029725165,
   0.016042616,
   0.024510821,
   0.017313374,
   0.00096546434,
   -0.011028911,
   0.033127736,
   -0.00551512,
   0.004643472,
   -0.016250156,
   0.0038296734,
   0.052795082,
   0.014109217,
   0.003496793,
   0.03896689,
   -0.018714555,
   -0.005842617,
   -0.004842127,
   0.03206567,
   0.017529288,
   0.00469567,
   -0.023882952,
   0.007994987,
   0.0073922933,
   0.012197608,
   0.0033797654,
   0.020251717,
   0.004073611,
   -0.02604902,
   0.00064893416,
   -0.018156856,
   -0.011907021,
   -0.01133441,
   0.005784462,
   -0.008893061,
   -0.0045795473,
   0.0124854855,
   -0.028498054,
   0.0026303418,
   0.0129838865,
   -0.01872886,
   -0.010975806,
   0.0036565133,
   -0.0022208672,
   -0.02429789,
   0.02456597,
   0.017723287,
   0.012626231,
   -0.025598083,
   -0.007483069,
   -0.023496725,
   -0.013185388,
   -0.008389485,
   0.009219081,
   -0.0076059597,
   0.02064634,
   0.0031478924,
   -0.0004907922,
   -0.028956015,
   -0.013802955,
   -0.021678139,
   -0.015531979,
   0.00068455783,
   -0.0044700024,
   0.022398844,
   -0.008867594,
   -0.0018828308,
   0.023765158,
   -0.023863269,
   -0.0049635265,
   -0.00675633,
   -0.0010890156,
   -0.015169347,
   0.03890759,
   0.008845413,
   0.014790638,
   -0.003849716,
   -0.0077379574,
   -0.010381359,
   -0.004842449,
   0.01034434,
   -0.025558263,
   -0.0034764945,
   -0.016631745,
   0.0016760489,
   -0.012790242,
   0.014359813,
   0.030672561,
   -0.0040114224,
   0.014518244,
   -0.0049002008,
   -0.035247914,
   0.013993699,
   -0.008673885,
   -0.0097294925,
   -0.0051178364,
   -0.056365877,
   0.0023132795,
   -0.011216319,
   0.027008656,
   -0.008532622,
   -0.03999781,
   -0.021621443,
   -0.004446203,
   -0.01572953,
   -0.06314346,
   0.006352353,
   -0.0012454456,
   -0.00990964,
   -0.01333673,
   -0.0020931547,
   -0.0042280713,
   -0.009096189,
   -0.0009980786,
   -0.012025457,
   -0.018226542,
   0.014576461,
   -0.018880494,
   0.012813316,
   -0.023484046,
   0.012269485,
   0.013398025,
   -0.00067423104,
   0.017879749,
   -0.018751964,
   0.016705116,
   -0.0031803113,
   0.01008294,
   -0.021411385,
   0.027468657,
   -0.025998633,
   -0.014514919,
   -0.036926128,
   -0.016839987,
   0.006094173,
   -0.019617917,
   0.001654995,
   -0.011846775,
   -0.0073888022,
   -0.0026922338,
   -0.023564557,
   -0.017820062,
   -0.06560128,
   0.010917359,
   -0.007177908,
   -0.0032347494,
   0.0023994334,
   0.002109162,
   -0.0076948567,
   -0.020517336,
   -0.005513757,
   0.011245544,
   0.0052182577,
   0.00535509,
   0.016531644,
   0.008916289,
   -0.0029953385,
   -0.03510262,
   -0.0061041703,
   0.0038415638,
   -0.005524949,
   -0.0059179184,
   -0.012357217,
   0.012407292,
   0.0025556728,
   -0.0023263441,
   0.02093021,
   0.006163974,
   -0.0023963095,
   -0.00081977097,
   -0.030608412,
   0.0048832907,
   0.017185805,
   -0.031556908,
   0.0016216867,
   0.022043457,
   0.0009536008,
   0.023375377,
   -0.023422107,
   -0.003992293,
   0.00060852605,
   0.042982332,
   -0.034520723,
   0.0038862512,
   0.0055120126,
   -0.002623245,
   -0.024401762,
   -0.024959829,
   0.037733264,
   -0.0021893668,
   0.025472606,
   0.041618187,
   -0.00985509,
   0.016844712,
   0.034413543,
   -0.005583621,
   0.053224657,
   -0.001161901,
   -0.017572343,
   -0.009942478,
   0.016425218,
   -0.009853125,
   -0.0151987355,
   0.024361666,
   -0.021403903,
   -0.022973366,
   0.007350955,
   -0.04598994,
   0.0028788424,
   0.012065907,
   0.0008495925,
   -0.012729072,
   0.0362149,
   0.013420773,
   0.010088157,
   0.02914055,
   -0.013402522,
   0.027278505,
   0.010832473,
   -0.030725338,
   -0.033121068,
   -0.026320964,
   0.0014917994,
   -0.0030536328,
   -0.005121572,
   -0.004283462,
   -0.002392114,
   -0.045080375,
   0.0126993945,
   -0.011420425,
   -0.012059689,
   -0.038411234,
   0.0018644127,
   0.00043579776,
   0.024784321,
   -0.006709893,
   0.0032758387,
   -0.00088679645,
   -0.0050653457,
   -0.023593172,
   0.0015074452,
   0.009197565,
   0.013137369,
   0.014962435,
   0.011036245,
   0.007229245,
   0.025311198,
   -0.0055174963,
   -0.017194996,
   0.023830887,
   0.01280945,
   -0.018788356,
   -0.0225912,
   0.016237292,
   0.006680015,
   -0.021141293,
   0.0038689834,
   0.042363357,
   0.023349678,
   -0.008631283,
   0.03339475,
   0.022788562,
   0.0039093816,
   0.032561135,
   0.032616593,
   0.020467196,
   0.0076350416,
   0.0037634145,
   0.0027004185,
   -0.00661895,
   -0.009761935,
   -0.004946354,
   -0.029593138,
   -0.004139153,
   0.0043864143,
   -0.004697508,
   -0.013181566,
   -0.008819564,
   -0.014625594,
   0.03196457,
   0.01522073,
   -0.006181646,
   -0.016315771,
   -0.006152389,
   0.011551349,
   -0.04748866,
   0.0028067941,
   -0.009634529,
   0.029160876,
   -0.05159739,
   0.009606612,
   0.012927386,
   -0.019966025,
   0.019120364,
   -0.017190488,
   0.007994218,
   -0.014691973,
   0.018756231,
   -0.014130484,
   0.017575528,
   -0.009831714,
   -0.03036442,
   0.011928148,
   -0.034939457,
   -0.01784537,
   -0.029205896,
   -0.0035073725,
   -0.0046968586,
   0.05330246,
   -0.0020086665,
   -0.011039956,
   -0.012044783,
   -0.0069347816,
   0.0050522955,
   0.01789124,
   -0.025765518,
   -0.006573071,
   0.027035369,
   0.012788128,
   -0.0038796,
   -0.022868993,
   0.00049848587,
   0.021288043,
   -0.00081898744,
   -0.010432373,
   -0.013177958,
   -0.040736254,
   0.015575745,
   -0.034367967,
   0.01882201,
   -0.016116524,
   0.0003231084,
   -0.031571686,
   0.017290222,
   -0.0019730157,
   0.03510111,
   -0.042172067,
   0.0013179613,
   0.00666368,
   -0.022002626,
   0.022734342,
   -0.0013825112,
   0.017105278,
   0.021358779,
   -0.014762471,
   -0.017627856,
   0.0371057,
   0.017976534,
   0.0058571966,
   -0.009493198,
   0.010776676,
   0.0054748934,
   -0.016088065,
   -0.020528918,
   0.026083369,
   -0.02435738,
   -0.0306671,
   0.016816908,
   -0.0071215355,
   0.036929265,
   0.01312139,
   -0.011442814,
   -0.018525155,
   -0.029251728,
   -0.0013479012,
   -0.002292987,
   -0.025784312,
   -0.0034956315,
   0.041462332,
   0.015091388,
   0.01604022,
   0.015537648,
   0.012590511,
   0.0025823605,
   -0.0026342906,
   -0.0061649834,
   -0.00010424389,
   0.004283727,
   0.004927465,
   -0.032964066,
   -0.0014200702,
   -0.013422864,
   0.026439564,
   -0.019266248,
   0.00234608,
   -0.0024142899,
   0.0072495225,
   -0.031770077,
   0.011785868,
   0.019877044,
   -0.014138753,
   -0.0016927265,
   0.0030868493,
   -0.02435032,
   -0.011329111,
   -0.020727903,
   0.030871106,
   -0.011432431,
   -0.0010860624,
   0.008197152,
   0.013156786,
   0.0023496964,
   -0.025528701,
   0.012673382,
   0.029624969,
   -0.01180724,
   -0.018929927,
   0.011740591,
   -0.019301951,
   0.015072709,
   0.007669674,
   0.0017237648,
   0.014779247,
   -0.018841628,
   0.026681866,
   0.028167184,
   -0.010152972,
   0.003532223,
   -0.018904844,
   0.012035859,
   -0.008010347,
   0.013294026,
   -0.0038553558,
   -0.016941277,
   0.028078798,
   -0.0051503717,
   -0.012007424,
   0.0082272785,
   -0.008264633,
   -0.015189103,
   -0.018822724,
   -0.009071904,
   -0.04161355,
   -0.0035790037,
   -0.055489223,
   0.0061245677,
   -0.009244004,
   -0.018933695,
   -0.016091973,
   0.0007912817,
   0.017836992,
   0.015185572,
   -0.032387346,
   -0.0015292002,
   0.011371887,
   -0.0099724475,
   -0.028396485,
   0.0024853928,
   0.035849653,
   0.011131566,
   0.0056773694,
   0.021225452,
   -0.017184097,
   -0.010361404,
   -0.016123386,
   -0.027257212,
   -0.03534536,
   -0.02169565,
   -0.013951046,
   0.027727546,
   0.017813798,
   -0.023128994,
   0.006299483,
   0.0044092345,
   -0.012147107,
   0.0064759804,
   0.007078358,
   0.02129288,
   -0.0037998366,
   -0.046684206,
   0.15530244,
   0.008798208,
   -0.024641186,
   0.017894307,
   0.025279209,
   -0.009112058,
   -0.024771027,
   -0.02974971,
   -0.006448033,
   0.023264267,
   -0.0086548645,
   -0.02906052,
   0.031213295,
   0.04067017,
   0.02453056,
   -0.025738666,
   -0.042188276,
   -0.0038453299,
   -0.03899632,
   0.018139448,
   -0.018650878,
   0.026224729,
   -0.011844457,
   -0.023190342,
   0.0072298213,
   -0.028652964,
   -0.04438589,
   0.010822408,
   -0.026183534,
   0.0060786153,
   0.018319974,
   -0.027373757,
   -0.025218336,
   -0.023784447,
   0.017002456,
   0.008088291,
   -0.030029362,
   -0.01679486,
   0.007094744,
   0.004352856,
   0.011262676,
   -0.03422686,
   -0.017669724,
   -0.004738949,
   -0.003837178,
   0.01730808,
   0.030270183,
   -0.027529638,
   -0.029407494,
   -0.03693743,
   -0.01958218,
   -0.0101094125,
   0.0076924786,
   0.014287891,
   0.0029948289,
   0.043206327,
   -0.024605144,
   0.024335934,
   0.011584527,
   0.0067464896,
   0.014313739,
   -0.020099109,
   -0.00856431,
   -0.0045227837,
   -0.02987333,
   0.009973169,
   -0.024260022,
   -0.028074108,
   0.0015493627,
   0.009908033,
   0.009354773,
   -0.00008843759,
   0.03627868,
   -0.01883547,
   0.000051541934,
   -0.011045657,
   -0.008705485,
   -0.032273106,
   -0.017515546,
   0.05733584,
   0.0091294935,
   0.009968247,
   0.0092930375,
   -0.06985186,
   -0.020066468,
   -0.02272378,
   -0.014351281,
   -0.024462469,
   -0.0114953,
   -0.0029862137,
   -0.008918897,
   0.009393341,
   -0.025863007,
   0.02272043,
   0.0057599694,
   -0.01220212,
   0.009376351,
   0.016187109,
   0.009953157,
   -0.021584693,
   0.016439198,
   0.0030410825,
   -0.0034392322,
   -0.023603387,
   -0.009560417,
   0.0026048033,
   -0.0034096923,
   0.008762903,
   0.0046179686,
   0.0023706832,
   0.0108512975,
   -0.0031470968,
   -0.030246587,
   0.00044855947,
   -0.015104614,
   0.010378768,
   0.050512757,
   -0.030549202,
   0.03516533,
   -0.01215246,
   0.010442981,
   -0.030163374,
   0.0123296,
   0.009127389,
   0.020088032,
   -0.029274119,
   -0.004070248,
   0.027824884,
   -0.0046415105,
   0.02383802,
   0.008376381,
   0.01448078,
   -0.013401089,
   -0.021118458,
   -0.0012891231,
   -0.0011938235,
   -0.013213176,
   0.0067637283,
   0.00043798634,
   0.03160824,
   0.010163504,
   -0.0017042548,
   0.0020467518,
   0.027031463,
   -0.010309347,
   0.02320011,
   -0.0038339715,
   -0.049794022,
   0.002328297,
   0.024803562,
   0.012341909,
   -0.007321325,
   0.0032763828,
   0.035871617,
   -0.0052949754,
   -0.021726295,
   -0.012432855,
   0.019220857,
   0.01322317,
   -0.018387867,
   0.011767172,
   0.002493257,
   0.030845884,
   -0.00004348184,
   -0.01827105,
   0.011218639,
   -0.024658713,
   0.003754769,
   -0.0021717073,
   0.003013152,
   0.015623339,
   0.019275287,
   0.017307444,
   -0.0039379075,
   -0.008973829,
   -0.0072876443,
   -0.01626701,
   0.0019510093,
   0.0036992833,
   -0.025363829,
   0.023685027,
   -0.0158364,
   -0.013541499,
   0.027785007,
   0.021872954,
   -0.0112247905,
   0.034613892,
   0.025338598,
   -0.008047852,
   0.02379066,
   -0.025835026,
   0.047924463,
   -0.03536803,
   -0.018368443,
   0.00432901,
   -0.0026137764,
   0.009728476,
   -0.006402916,
   -0.021051863,
   0.0118793445,
   -0.02925939,
   0.012919703,
   0.04235237,
   0.0281576,
   -0.012721429,
   0.004123851,
   -0.008130908,
   -0.005361417,
   -0.011056458,
   -0.0047275443,
   -0.049012683,
   -0.014784934,
   -0.00265968,
   -0.009660169,
   0.008790162,
   -0.035095066,
   0.020007372,
   -0.016896185,
   -0.0012150564,
   -0.017095925,
   -0.0071125915,
   -0.0046634558,
   -0.021009456,
   -0.01844899,
   -0.0037221157,
   -0.041866962,
   0.013435883,
   -0.011051769,
   0.007658879,
   0.003232798,
   -0.014627781,
   0.019774592,
   0.017529516,
   0.0158202,
   -0.00009433155,
   -0.025974076,
   0.014833578,
   -0.0139554,
   -0.009576359,
   -0.04946908,
   -0.0153620215,
   0.0056509925,
   -0.014134381,
   0.022552578,
   -0.008192688,
   -0.0102961175,
   -0.018113917,
   0.023606276,
   0.0011535686,
   0.0008589884,
   0.015030207,
   0.022554237,
   -0.0023661084,
   0.02827589,
   0.025974859,
   -0.01837614,
   0.010466279,
   0.0041270354,
   0.004315915,
   -0.007691831,
   -0.0010872107,
   -0.0183658,
   0.019793287,
   -0.013640123,
   -0.03547099,
   -0.008658213,
   -0.011158161,
   0.0026209184,
   0.021524245,
   0.012900403,
   -0.0009753566,
   -0.026868878,
   -0.0324924,
   -0.015373023,
   -0.007207873,
   0.004637527,
   -0.02001819,
   -0.020677015,
   0.014512111,
   0.0008235445,
   -0.012985315,
   0.0030315993,
   -0.008600231,
   -0.014656189,
   -0.021133207,
   0.0069287787,
   -0.03315468,
   -0.14329024,
   0.013928485,
   -0.017345954,
   0.025511429,
   -0.02833304,
   0.021998696,
   -0.0050378987,
   0.0048470353,
   -0.018736178,
   0.011707,
   0.006157122,
   0.021289963,
   -0.008840648,
   0.021207837,
   0.02206189,
   -0.021901317,
   -0.01137367,
   0.010790598,
   0.017156212,
   -0.029649585,
   -0.014000404,
   0.018145522,
   -0.016246552,
   0.032690197,
   0.004663834,
   -0.0053873165,
   0.025611466,
   0.021125657,
   0.031854562,
   -0.0034305642,
   0.013069708,
   -0.013628609,
   0.009189492,
   0.014600037,
   -0.00767715,
   0.022084333,
   -0.0043044686,
   0.010140464,
   0.00671994,
   0.030757604,
   -0.027844459,
   0.001801243,
   0.026869427,
   -0.009689532,
   0.012321263,
   -0.0011285759,
   -0.00544774,
   -0.014586774,
   -0.037038725,
   -0.02583252,
   -0.004062289,
   -0.013819374,
   -0.015631717,
   0.018441213,
   -0.0072395927,
   0.016029242,
   0.034108523,
   0.025544377,
   -0.027215881,
   -0.017585348,
   -0.024721561,
   0.010753922,
   -0.018753832,
   0.015581914,
   0.002003714,
   0.0056456584,
   -0.0008570851,
   -0.015614697,
   0.0089687295,
   -0.008684149,
   -0.0034730006,
   0.018686084,
   -0.013037113,
   -0.013788221,
   0.019729638,
   0.027853508,
   0.0052539194,
   -0.05141498,
   -0.010927939,
   -0.007296073,
   -0.0066191833,
   0.0148607455,
   0.00997523,
   0.023781925,
   0.017969042,
   -0.016967796,
   0.003324606,
   -0.00029189265,
   0.0076674544,
   0.02009801,
   0.022809729,
   -0.00785381,
   -0.007992948,
   0.02913797,
   -0.05139042,
   0.01955064,
   -0.044502843,
   0.0036489186,
   0.0058527687,
   0.0032982451,
   0.01781472,
   -0.013502778,
   0.0028020905,
   -0.0009918581,
   -0.017451009,
   0.010923577,
   -0.0067241103,
   0.026175657,
   0.004114056,
   0.005650103,
   -0.0027773187,
   0.002695778,
   0.036867682,
   -0.010367529,
   -0.03942713,
   -0.009223676,
   -0.016726244,
   -0.03420457,
   -0.014729207,
   0.005254122,
   0.005960406,
   0.007697963,
   -0.011871936,
   0.008664719,
   -0.019100353,
   -0.009416722,
   -0.0018053158,
   0.03424589,
   -0.008734814,
   0.03725476,
   -0.004271584,
   0.0026143927,
   -0.0057140705,
   0.04286324,
   0.028031334,
   0.0076426007,
   0.006852944,
   -0.009509079,
   -0.025232121,
   -0.0005707106,
   -0.012444598,
   0.010903305,
   -0.003851054,
   -0.0039690393,
   0.022210523,
   -0.031187598,
   0.03443538,
   -0.02918314,
   0.0010431121,
   -0.014244833,
   0.025105538,
   0.0020678528,
   0.009912182,
   0.0053652897,
   0.0081413,
   -0.0374207,
   0.010791041,
   -0.01905335,
   0.0033642934,
   -0.028016018,
   -0.010375862,
   0.0037261005,
   -0.017287508,
   -0.007812363,
   0.017676093,
   -0.02803034,
   0.008175342,
   -0.0183759,
   -0.003996227,
   0.024229987,
   0.00206373,
   -0.013386385,
   0.0037614186,
   0.008789171,
   0.008903521,
   -0.0102777565,
   0.002016969,
   -0.019550068,
   -0.009847028,
   0.001010853,
   0.006232566,
   -0.027744966,
   -0.015621267,
   0.003388189,
   -0.013689964,
   0.0143840425,
   0.0027989708,
   0.002756917,
   0.004235501,
   -0.007827535,
   0.007678837,
   -0.04071658,
   0.023960989,
   -0.0046595414,
   0.019205702,
   0.00087744225,
   0.015309546,
   0.004820157,
   0.001001307,
   0.019497827,
   0.008251084,
   0.0041970816,
   0.027329344,
   0.022784755,
   0.025953667,
   -0.004683894,
   -0.015709056,
   0.030407893,
   -0.008483645,
   0.0098275095,
   0.014245913,
   0.015719887,
   0.024557691,
   -0.0053211544,
   0.006799169,
   0.016076881,
   -0.01135431,
   -0.013937536,
   -0.04134087,
   0.007812652,
   0.03673728,
   -0.010122791,
   0.0073287073,
   -0.006371642,
   -0.017959515,
   0.0074503217,
   -0.012913682,
   -0.00812037,
   0.01801998,
   -0.0071957028,
   0.018946167,
   -0.0037437307,
   0.007253245,
   -0.006715828,
   -0.0028800408,
   0.023961414,
   -0.024088368,
   -0.018323462,
   0.00603077,
   -0.014550636,
   0.009558146,
   -0.0033913136,
   -0.018221697,
   -0.00051948807,
   0.015965343,
   0.012250523,
   0.013638658,
   -0.0042491863,
   0.0008226162,
   0.032564066,
   -0.017870197,
   -0.012623341,
   -0.0033394299,
   -0.03138205,
   0.017338384,
   -0.0059882565,
   -0.01171584,
   0.008628085,
   -0.0065692146,
   0.013676865,
   0.005820534,
   -0.043359008,
   0.041406218,
   0.01144669,
   -0.021196293,
   0.007727594,
   0.0032594898,
   0.009743793,
   0.051574588,
   0.00016245735,
   0.019772086,
   -0.010114358,
   0.007223214,
   0.014608266,
   0.013549281,
   -0.04511039,
   -0.010208267,
   -0.028357482,
   -0.00044516523,
   0.010935806,
   0.008288265,
   -0.014311605,
   -0.020646777,
   -0.006661452,
   0.027099345,
   -0.005097723,
   -0.032958806,
   -0.0326159,
   -0.01175588,
   -0.0016335818,
   0.018233452,
   0.005403993,
   -0.017721066,
   0.02809272,
   0.009352604,
   -0.031123415,
   0.0005750876,
   -0.0065628127,
   -0.0046677627,
   0.021158975,
   -0.00036152033,
   -0.013342019,
   0.018634228,
   -0.014686793,
   -0.0024357534,
   0.0021771705,
   0.025154365,
   0.038065486,
   -0.009828768,
   -0.0025306924,
   0.02619843,
   0.018627739,
   0.0047693932,
   -0.019860893,
   -0.022378687,
   -0.02267408,
   -0.01998665,
   -0.0011215775,
   0.00005014711,
   0.012756836,
   0.0027461888,
   0.0016462756,
   0.024237532,
   -0.000842225,
   -0.023612868,
   0.0058859047,
   -0.00061021297,
   0.03156145,
   0.017287552,
   0.01759132,
   -0.019060044,
   0.006266741,
   0.014938396,
   -0.0039950134,
   0.022034653,
   0.0008219438,
   0.03318373,
   -0.017255493,
   0.004244902,
   -0.011426207,
   0.009372284,
   -0.009748855,
   0.0365777,
   -0.0057496596,
   0.03928365,
   0.006487865,
   -0.03075011,
   -0.02512271,
   -0.024638094,
   0.0067532896,
   -0.014775672,
   0.018838024,
   -0.0057037,
   -0.024749553,
   0.01781811,
   0.0046688532,
   -0.018686574,
   0.0027330501,
   0.019121533,
   -0.014702743,
   0.016446797,
   0.038891293,
   0.01557691,
   0.00012010165,
   -0.024372566,
   -0.06978522,
   -0.048920482,
   0.0031573584,
   0.006588418,
   -0.035838507,
   0.020722123,
   0.031561844,
   -0.02329005,
   0.046690777,
   -0.009044708,
   0.014530323,
   0.011020133,
   -0.00584851,
   0.00032590659,
   -0.05345554,
   -0.004774393,
   0.15483537,
   -0.016799558,
   -0.011504431,
   0.009532683,
   0.027717786,
   -0.018235901,
   -0.023510166,
   -0.01186584,
   0.021464251,
   -0.0039423252,
   0.008837018,
   0.024708234,
   0.00797006,
   0.0024718065,
   -0.02621197,
   0.024330093,
   0.0014099518,
   -0.0062568467,
   -0.03197035,
   0.02219486,
   0.00440197,
   0.0045392644,
   -0.011277538,
   -0.019898659,
   -0.016545845,
   -0.02804095,
   0.014637935,
   -0.008647349,
   -0.0075023565,
   0.024790319,
   0.0058888006,
   -0.0056960424,
   -0.0072690025,
   -0.012265167,
   0.0020089168,
   0.040057905,
   -0.0133373225,
   0.015333572,
   -0.019608662,
   -0.020960907,
   0.0107437605,
   -0.023311201,
   0.015086775,
   0.0022850207,
   0.022350091,
   0.010540275,
   -0.003057094,
   0.023241768,
   -0.041924737,
   -0.044065773,
   0.18689358,
   0.004218623,
   -0.005746795,
   -0.01952693,
   -0.003128055,
   0.009793385,
   0.007904156,
   -0.008092926,
   0.0034701675,
   -0.0150380405,
   0.0033676568,
   -0.0031018574,
   -0.014290884,
   0.002023118,
   -0.023069864,
   0.015488394,
   0.005580417,
   -0.0071296226,
   -0.013369463,
   -0.024905393,
   -0.010462385,
   0.009381097,
   -0.008543391,
   -0.0057247053,
   -0.010837408,
   -0.01544944,
   0.008974757,
   -0.026026284,
   -0.007398257,
   -0.003292039,
   0.004788954,
   0.02476927,
   0.008619346,
   -0.011486724,
   -0.007765357,
   0.0018354077,
   0.024056066,
   0.009811298,
   -0.012622695,
   -0.053264134,
   -0.02058205,
   0.0064307945,
   -0.008150538,
   0.008667071,
   0.022530546,
   -0.014118255,
   -0.019267816,
   -0.012775799,
   -0.04153545,
   -0.020171924,
   -0.0035045235,
   -0.012597182,
   0.017725926,
   0.016309964,
   0.0025886395,
   0.019373458,
   0.008709692,
   -0.04638003,
   0.023575518,
   -0.023035629,
   -0.0023781895,
   0.0012185322,
   0.2385587,
   0.01619668,
   0.04169241,
   -0.022688402,
   -0.0057151304,
   -0.009844698,
   0.003336343,
   0.0058995527,
   0.022034703,
   -0.017776342,
   0.020122059,
   -0.0040318216,
   0.0076398216,
   0.04417657,
   0.014684627,
   -0.0014240429,
   -0.020973964,
   0.030229922,
   0.0050225547,
   0.011846218,
   0.027791567,
   0.00019741741,
   0.008685986,
   -0.040571563,
   0.023709167,
   0.015514301,
   -0.011183378,
   -0.009747111,
   -0.008837255,
   0.005222988,
   -0.030644469,
   0.012503921,
   -0.020776656,
   -0.01567061,
   0.039619938,
   0.014344263,
   0.012347507,
   0.009837385,
   -0.009756684,
   -0.01496096,
   -0.00073442946,
   -0.027846992,
   -0.015658226,
   0.0024993354,
   0.0024258674,
   0.008959549,
   0.018768601,
   -0.0040811556,
   -0.000025011277,
   0.0054561053,
   -0.0019021757,
   0.022926511,
   0.010757458,
   0.01990722,
   0.004599519,
   0.037249133,
   -0.0075207353,
   -0.02298508,
   0.017820576,
   0.0076534096,
   0.01029473,
   -0.03411959,
   -0.0072949543,
   -0.025440572,
   0.019005505,
   -0.005402893,
   -0.005324885,
   0.0007384541,
   0.024551267,
   0.0030449815,
   -0.019114465,
   0.03500565,
   0.0077950307,
   0.0028883205,
   0.040457703,
   -0.0064603887,
   -0.018430931,
   0.03261196,
   0.003702204,
   0.01013208,
   0.023787009,
   0.008431224,
   0.008064839,
   0.0063704136,
   -0.015615841,
   0.00621828,
   -0.023979167,
   -0.01337691,
   -0.023044614,
   -0.035094954,
   -0.019680109,
   -0.00008532853,
   0.017862698,
   -0.002216193,
   -0.01794797,
   -0.005774378,
   0.012219154,
   -0.026192559,
   -0.015197364,
   -0.01679427,
   -0.011531467,
   -0.001085919,
   0.0041088243,
   0.057904463,
   0.0075778826,
   0.008592713,
   0.0038165129,
   -0.008693662,
   0.0119414525,
   -0.02442218,
   0.014919855,
   -0.0106656235,
   -0.010165388,
   -0.014603894,
   0.020274416,
   0.007391443,
   -0.020171726,
   0.0039299065,
   0.004374521,
   -0.021467661,
   -0.032525074,
   -0.009812398,
   -0.0059401584,
   0.005182804,
   0.005458257,
   0.04674921,
   0.021793226,
   -0.022161948,
   0.0345222,
   -0.00023487867,
   -0.008679354,
   -0.018903477,
   -0.015418402,
   -0.022783589,
   -0.00041971623,
   0.0045467527,
   -0.031064944,
   -0.020051472,
   0.003606802,
   0.021653237,
   -0.012049195,
   0.026961291,
   -0.00019116027,
   -0.01762092,
   -0.021422425,
   0.010813456,
   0.007147219,
   -0.022619965,
   0.041404095,
   0.013811791,
   -0.023553427,
   0.0037152127,
   -0.008825501,
   -0.035936058,
   -0.026863895,
   -0.0021404633,
   -0.011832304,
   -0.030345213,
   0.023890613,
   0.010038811,
   -0.006383055,
   0.0122104045,
   -0.018242469,
   0.055011287,
   0.03956776,
   -0.013587511,
   -0.023580894,
   -0.022131141,
   -0.036624666,
   -0.025210487,
   0.023472365,
   -0.012749964,
   0.008137592,
   -0.029364133,
   -0.0066355765,
   -0.002097445,
   -0.00983574,
   -0.020682668,
   0.010732042,
   0.009323364,
   0.03837134,
   -0.029823756,
   0.029096328,
   -0.0111466935,
   -0.01395392,
   0.019287894,
   -0.027796205,
   0.042102933,
   0.014181955,
   0.025531694,
   0.046233136,
   0.0036914384,
   -0.0068198107,
   0.0054901987,
   -0.0045559397,
   -0.022906322,
   0.018429855,
   0.0028723166,
   -0.006267492,
   0.022059757,
   0.012310989,
   -0.000041982872,
   -0.032317992,
   -0.023401635,
   0.019037675,
   -0.020245334,
   0.005894983,
   0.014979735,
   -0.0007669015,
   0.00007355019,
   -0.033020765,
   -0.011042551,
   -0.03482519,
   0.0024127257,
   -0.03381515,
   -0.025354633,
   -0.00651458,
   -0.0025873603,
   0.0028275228,
   -0.047133714,
   0.019480893,
   -0.00013660234,
   0.00088498095,
   0.011964801,
   -0.04096262,
   0.0034952466,
   -0.004034753,
   0.0017001905,
   0.015083974,
   0.026753852,
   -0.007920389,
   -0.047312196,
   0.012617178,
   -0.015594499,
   0.030683428,
   0.0010761486,
   0.023781525,
   -0.019062124,
   0.008225376,
   -0.010976779,
   -0.046089176,
   0.0064551802,
   -0.0124785295,
   0.025599217,
   -0.023341425,
   -0.020246955,
   0.0051842877,
   -0.008948341,
   -0.0021805544,
   -0.016086632,
   0.0071667647,
   0.00034703562,
   -0.0077993926,
   -0.013055596,
   -0.018710813,
   0.0080900295,
   0.016954668,
   0.0011383486,
   -0.041069895,
   0.010176417,
   0.0143133085,
   -0.0017155838,
   0.008349514,
   0.002873309,
   0.0032997422,
   0.016739722,
   0.009220938,
   0.009498591,
   0.04131934,
   -0.0008826781,
   -0.01428673,
   0.0028342905,
   0.0062582144,
   -0.014009695,
   -0.038191553,
   0.02579671,
   -0.026869638
  ]
 ],
 "total_duration": 1461534669,
 "load_duration": 17366710,
 "prompt_eval_count": 15
}
