{
 "model": "tinyllama",
 "created_at": "2026-05-26T12:41:51.2147102Z",
 "response": "1C:Enterprise is a proprietary product developed by Infor. It is an ERP (enterprise resource plannin...",
 "done": true,
 "done_reason": "stop",
 "context": [
  529,
  29989,
  5205,
  29989,
  29958,
  13,
  3492,
  526,
  263,
  8444,
  319,
  29902,
  20255,
  29889,
  2,
  29871,
  13,
  29966,
  29989,
  1792,
  29989,
  29958,
  13,
  5618,
  338,
  29871,
  29896,
  29907,
  29901,
  10399,
  7734,
  29973,
  2,
  29871,
  13,
  29966,
  29989,
  465,
  22137,
  29989,
  29958,
  13,
  29896,
  29907,
  29901,
  10399,
  7734,
  338,
  263,
  24440,
  653,
  3234,
  8906,
  491,
  22140,
  29878,
  29889,
  739,
  338,
  385,
  8982,
  29925,
  313,
  5893,
  7734,
  6503,
  18987,
  29897,
  1788,
  393,
  16688,
  5164,
  10585,
  322,
  13303,
  1907,
  363,
  5381,
  10643,
  29892,
  3704,
  3633,
  292,
  29892,
  18161,
  29879,
  29892,
  9580,
  545,
  358,
  29892,
  12012,
  3864,
  29892,
  379,
  29934,
  29892,
  379,
  17061,
  313,
  26029,
  16493,
  8455,
  511,
  16538,
  29892,
  322,
  9999,
  292,
  29889,
  739,
  338,
  8688,
  304,
  1371,
  25700,
  4840,
  1220,
  1009,
  6931,
  29892,
  24656,
  18161,
  4180,
  29892,
  11157,
  11962,
  2669,
  29892,
  322,
  7910,
  3234,
  2068,
  29889
 ],
 "total_duration": 2459522100,
 "load_duration": 877358000,
 "prompt_eval_count": 43,
 "prompt_eval_duration": 213003100,
 "eval_count": 93,
 "eval_duration": 1322995000
}
