{
 "data": [
  {
   "id": "file-36",
   "object": "file",
   "bytes": 2114025,
   "created_at": "2025-07-14T17:24:09.865196292Z",
   "filename": "8d1fae3d-4135-41ba-9c02-2e706a20896a.png",
   "purpose": "assistants"
  },
  {
   "id": "file-5",
   "object": "file",
   "bytes": 2114025,
   "created_at": "2025-08-30T20:53:39.908215998Z",
   "filename": "f92bf158-291d-4b8f-8b16-5d8064a0952c.png",
   "purpose": "assistants"
  },
  {
   "id": "file-5",
   "object": "file",
   "bytes": 2114025,
   "created_at": "2025-08-31T16:37:44.970027396Z",
   "filename": "abf1f8e9-f6a3-4c98-8322-ceb12d2f8868.png",
   "purpose": "assistants"
  },
  {
   "id": "file-7",
   "object": "file",
   "bytes": 2114025,
   "created_at": "2025-09-05T07:19:45.741949164Z",
   "filename": "7abf2794-bdf1-4f11-872e-3c58c321a1bb.png",
   "purpose": "user_data"
  },
  {
   "id": "file-7",
   "object": "file",
   "bytes": 2114025,
   "created_at": "2025-09-07T17:41:29.472968922Z",
   "filename": "6b4e8148-5c29-46ea-af84-82b5e3bf1447.png",
   "purpose": "user_data"
  },
  {
   "id": "file-4",
   "object": "file",
   "bytes": 2114025,
   "created_at": "2025-09-08T10:09:47.710834673Z",
   "filename": "eae14e17-aab5-44fa-8416-f80e9cb1ca43.png",
   "purpose": "user_data"
  },
  {
   "id": "file-8",
   "object": "file",
   "bytes": 2114025,
   "created_at": "2025-09-08T11:53:22.677955061Z",
   "filename": "3fafe0df-0c21-4f90-963c-f4b0d4d58135.png",
   "purpose": "assistants"
  },
  {
   "id": "file-4",
   "object": "file",
   "bytes": 2114025,
   "created_at": "2025-09-08T20:12:10.0346231Z",
   "filename": "3ed1c87f-09c0-48b7-9ffa-5f51a5d05585.png",
   "purpose": "user_data"
  },
  {
   "id": "file-4",
   "object": "file",
   "bytes": 2114025,
   "created_at": "2025-09-11T18:15:25.545940727Z",
   "filename": "26538245-7073-4f5b-af8c-44e00719777c.png",
   "purpose": "user_data"
  },
  {
   "id": "file-4",
   "object": "file",
   "bytes": 2114025,
   "created_at": "2025-09-12T17:06:37.859052311Z",
   "filename": "40f8d10f-88a7-4c84-8bc8-c31ecaefca7f.png",
   "purpose": "user_data"
  },
  {
   "id": "file-7",
   "object": "file",
   "bytes": 2114025,
   "created_at": "2025-09-12T20:30:27.5584618Z",
   "filename": "2cd972ba-42a0-407e-9ee5-a88c2295fbe9.png",
   "purpose": "user_data"
  },
  {
   "id": "file-1",
   "object": "file",
   "bytes": 2114025,
   "created_at": "2025-09-14T19:54:28.649268297Z",
   "filename": "06c7dd67-27ac-4fc0-b09d-c151f9bb1fce.png",
   "purpose": "user_data"
  },
  {
   "id": "file-4",
   "object": "file",
   "bytes": 2114025,
   "created_at": "2025-09-15T07:14:52.007926108Z",
   "filename": "1ac46a8b-51f9-4c25-829a-0d77f2e1d07a.png",
   "purpose": "user_data"
  },
  {
   "id": "file-7",
   "object": "file",
   "bytes": 2114025,
   "created_at": "2025-09-15T09:01:29.495497457Z",
   "filename": "16c8e0c2-7b36-41c3-8167-67f09ed44876.png",
   "purpose": "user_data"
  },
  {
   "id": "file-10",
   "object": "file",
   "bytes": 2114025,
   "created_at": "2025-09-15T13:23:38.881058835Z",
   "filename": "a8eb99b7-5096-47e6-ad1c-794e0a88545b.png",
   "purpose": "user_data"
  },
  {
   "id": "file-12",
   "object": "file",
   "bytes": 2114025,
   "created_at": "2025-09-15T13:28:56.741982193Z",
   "filename": "074cd27a-9288-419b-90dd-fb0640017bbd.png",
   "purpose": "assistants"
  },
  {
   "id": "file-1",
   "object": "file",
   "bytes": 2114025,
   "created_at": "2025-09-15T15:30:24.105006087Z",
   "filename": "b5047ac1-93d2-47e2-b073-8e9d4ab74f08.png",
   "purpose": "user_data"
  },
  {
   "id": "file-3",
   "object": "file",
   "bytes": 2114025,
   "created_at": "2025-09-15T15:36:13.534215695Z",
   "filename": "7a621326-9c96-4fe9-97a1-b7f1d6b900e4.png",
   "purpose": "assistants"
  }
 ],
 "object": "list"
}
