[
 {
  "id": 397209,
  "group_id": 218861756,
  "user_id": 657846756,
  "date": 1708092731,
  "status": 0,
  "items_count": 1,
  "total_price": {
   "amount": "100",
   "currency": {
    "id": 643,
    "name": "RUB",
    "title": "₽"
   },
   "text": "1 ₽"
  },
  "display_order_id": "657846756-397209",
  "merchant_comment": "",
  "weight": 100,
  "tags": [],
  "dimensions": {
   "width": "***",
   "height": 30,
   "length": 40
  },
  "preview_order_items": [
   {
    "owner_id": -218861756,
    "item_id": 8653766,
    "price": {
     "amount": "100",
     "currency": {
      "id": 643,
      "name": "RUB",
      "title": "₽"
     },
     "text": "1 ₽"
    },
    "quantity": 1,
    "item": {
     "availability": 0,
     "category": {
      "inner_type": "market_market_category_old",
      "id": 20173,
      "name": "",
      "section": {
       "id": 9000,
       "name": "Все товары"
      }
     },
     "description": "Описание товара",
     "id": 8653766,
     "owner_id": -218861756,
     "price": {
      "amount": "100",
      "currency": {
       "id": 643,
       "name": "RUB",
       "title": "₽"
      },
      "text": "1 ₽",
      "discount_rate": -93,
      "old_amount": "1500",
      "old_amount_text": "15 ₽"
     },
     "title": "Тестовый товар (Красный)",
     "date": 1708083983,
     "item_type": 0,
     "is_owner": true,
     "is_adult": false,
     "thumb_photo": "https://sun9-32.userapi.com/impg/XRrzu8dbsPmwF35EnWBibiQ-Sgo7O5rgWY4fUg/wosvBQJa9bQ.jpg?size=0x400&q...",
     "cart_quantity": 0,
     "sku": "12 345",
     "reject_info": {
      "title": "Отредактируйте товар, чтобы опубликовать в Маркете ВКонтакте",
      "description": "Товар отклонён. Чтобы добавить его в «Маркет», укажите реальную цену товара или стоимость оказания у...",
      "moderation_status": 2,
      "info_link": "[https://vk.com/faq20323|Правила Маркета ВКонтакте]",
      "write_to_support_link": "https://vk.com/im?media=&sel=-215808305&ref=ProductId%3D-218861756_8653766",
      "in_progress": false,
      "buttons": [
       {
        "type": "market_edit",
        "url": "https://vk.ru/app7702617#owner_id=-218861756&item_id=8653766&type=market"
       },
       {
        "type": "market_delete"
       }
      ]
     },
     "has_group_access": true,
     "market_url": "https://vk.com/market/product/testovy-tovar-krasny-218861756-8653766"
    },
    "title": "Тестовый товар (Красный)",
    "photo": {
     "album_id": -105,
     "date": 1708092731,
     "id": 457241543,
     "owner_id": 657846756,
     "sizes": [
      {
       "height": 72,
       "type": "s",
       "width": "***",
       "url": "https://sun9-32.userapi.com/s/v1/ig2/31vvuOgBYo0XLpwmR4BsP1ilGbMDyMakBQIYLHejeBhcKeBHxTjKG25nKWgMCYP..."
      },
      {
       "height": 160,
       "type": "m",
       "width": "***",
       "url": "https://sun9-32.userapi.com/s/v1/ig2/31vvuOgBYo0XLpwmR4BsP1ilGbMDyMakBQIYLHejeBhcKeBHxTjKG25nKWgMCYP..."
      },
      {
       "height": 640,
       "type": "x",
       "width": "***",
       "url": "https://sun9-32.userapi.com/s/v1/ig2/31vvuOgBYo0XLpwmR4BsP1ilGbMDyMakBQIYLHejeBhcKeBHxTjKG25nKWgMCYP..."
      },
      {
       "height": 1024,
       "type": "y",
       "width": "***",
       "url": "https://sun9-32.userapi.com/s/v1/ig2/31vvuOgBYo0XLpwmR4BsP1ilGbMDyMakBQIYLHejeBhcKeBHxTjKG25nKWgMCYP..."
      },
      {
       "height": 108,
       "type": "o",
       "width": "***",
       "url": "https://sun9-32.userapi.com/s/v1/ig2/31vvuOgBYo0XLpwmR4BsP1ilGbMDyMakBQIYLHejeBhcKeBHxTjKG25nKWgMCYP..."
      },
      {
       "height": 240,
       "type": "p",
       "width": "***",
       "url": "https://sun9-32.userapi.com/s/v1/ig2/31vvuOgBYo0XLpwmR4BsP1ilGbMDyMakBQIYLHejeBhcKeBHxTjKG25nKWgMCYP..."
      },
      {
       "height": 360,
       "type": "q",
       "width": "***",
       "url": "https://sun9-32.userapi.com/s/v1/ig2/31vvuOgBYo0XLpwmR4BsP1ilGbMDyMakBQIYLHejeBhcKeBHxTjKG25nKWgMCYP..."
      },
      {
       "height": 540,
       "type": "r",
       "width": "***",
       "url": "https://sun9-32.userapi.com/s/v1/ig2/31vvuOgBYo0XLpwmR4BsP1ilGbMDyMakBQIYLHejeBhcKeBHxTjKG25nKWgMCYP..."
      },
      {
       "height": 1024,
       "type": "base",
       "width": "***",
       "url": "https://sun9-32.userapi.com/s/v1/ig2/31vvuOgBYo0XLpwmR4BsP1ilGbMDyMakBQIYLHejeBhcKeBHxTjKG25nKWgMCYP..."
      }
     ],
     "text": "",
     "web_view_token": "***",
     "has_tags": false,
     "orig_photo": {
      "height": 1024,
      "type": "base",
      "url": "https://sun9-32.userapi.com/s/v1/ig2/31vvuOgBYo0XLpwmR4BsP1ilGbMDyMakBQIYLHejeBhcKeBHxTjKG25nKWgMCYP...",
      "width": "***"
     }
    },
    "variants": [
     "Красный"
    ]
   }
  ],
  "delivery": {
   "address": "Минск",
   "type_id": "default"
  },
  "recipient": {
   "name": "Титовец Антон",
   "phone": "***",
   "display_text": "Титовец Антон, +375447830891"
  },
  "payment": {
   "status": "Не оплачено",
   "payment_status": "not_paid"
  },
  "seller": {
   "title": "Магазин",
   "name": "Test",
   "group_id": 218861756,
   "contact_id": -218861756
  }
 }
]
