  [
  {
  "ad_report": 0,
  "ad_coverage": 0,
  "ad_to_group": 0,
  "ad_unsubscribe": 0,
  "ad_hide": 0,
  "ad_join_group": 0,
  "ad_subscribers": 0,
  "ad_links": 0,
  "ad_views": 0,
  "reach_viral": 0,
  "reach_total": 1,
  "reach_ads": 0,
  "report": 0,
  "join_group": 0,
  "links": 0,
  "unsubscribe": 0,
  "hide": 0,
  "reach_subscribers": 1,
  "to_group": 1,
  "post_id": 214
  },
  {
  "ad_report": 0,
  "ad_coverage": 0,
  "ad_to_group": 0,
  "ad_unsubscribe": 0,
  "ad_hide": 0,
  "ad_join_group": 0,
  "ad_subscribers": 0,
  "ad_links": 0,
  "ad_views": 0,
  "reach_viral": 0,
  "reach_total": 1,
  "reach_ads": 0,
  "report": 0,
  "join_group": 0,
  "links": 0,
  "unsubscribe": 0,
  "hide": 0,
  "reach_subscribers": 1,
  "to_group": 0,
  "post_id": 215
  }
  ]
