[
 {
  "id": 5860,
  "title": "Цвет (изм.)",
  "type": "text",
  "variants": [
   {
    "id": 11268,
    "title": "Новое имя варианта"
   },
   {
    "id": 11269,
    "title": "Синий"
   },
   {
    "id": 11270,
    "title": "Красный"
   }
  ]
 },
 {
  "id": 5864,
  "title": "Цвет (изм.)",
  "type": "text",
  "variants": [
   {
    "id": 11280,
    "title": "Новое имя варианта"
   },
   {
    "id": 11281,
    "title": "Синий"
   },
   {
    "id": 11282,
    "title": "Красный"
   }
  ]
 },
 {
  "id": 5865,
  "title": "Цвет (изм.)",
  "type": "text",
  "variants": []
 },
 {
  "id": 5866,
  "title": "Цвет (изм.)",
  "type": "text",
  "variants": [
   {
    "id": 11283,
    "title": "Новое имя варианта"
   },
   {
    "id": 11284,
    "title": "Синий"
   },
   {
    "id": 11285,
    "title": "Красный"
   }
  ]
 },
 {
  "id": 5867,
  "title": "Цвет",
  "type": "text",
  "variants": []
 },
 {
  "id": 5868,
  "title": "Цвет (изм.)",
  "type": "text",
  "variants": [
   {
    "id": 11286,
    "title": "Желтый"
   }
  ]
 },
 {
  "id": 5869,
  "title": "Цвет (изм.)",
  "type": "text",
  "variants": [
   {
    "id": 11287,
    "title": "Новое имя варианта"
   },
   {
    "id": 11288,
    "title": "Синий"
   },
   {
    "id": 11289,
    "title": "Красный"
   }
  ]
 },
 {
  "id": 5870,
  "title": "Цвет (изм.)",
  "type": "text",
  "variants": [
   {
    "id": 11290,
    "title": "Новое имя варианта"
   },
   {
    "id": 11291,
    "title": "Синий"
   },
   {
    "id": 11292,
    "title": "Красный"
   }
  ]
 },
 {
  "id": 5871,
  "title": "Цвет (изм.)",
  "type": "text",
  "variants": [
   {
    "id": 11293,
    "title": "Новое имя варианта"
   },
   {
    "id": 11294,
    "title": "Синий"
   },
   {
    "id": 11295,
    "title": "Красный"
   }
  ]
 },
 {
  "id": 5872,
  "title": "Цвет",
  "type": "text",
  "variants": []
 },
 {
  "id": 5873,
  "title": "Color (change.)",
  "type": "text",
  "variants": [
   {
    "id": 11296,
    "title": "Yellow"
   }
  ]
 },
 {
  "id": 5874,
  "title": "Color (change.)",
  "type": "text",
  "variants": [
   {
    "id": 11297,
    "title": "Yellow"
   },
   {
    "id": 11298,
    "title": "Blue"
   },
   {
    "id": 11299,
    "title": "Red"
   }
  ]
 },
 {
  "id": 5875,
  "title": "Color (change.)",
  "type": "text",
  "variants": [
   {
    "id": 11300,
    "title": "New variant name"
   },
   {
    "id": 11301,
    "title": "Blue"
   },
   {
    "id": 11302,
    "title": "Red"
   }
  ]
 },
 {
  "id": 5876,
  "title": "Цвет (изм.)",
  "type": "text",
  "variants": [
   {
    "id": 11303,
    "title": "Новое имя варианта"
   },
   {
    "id": 11304,
    "title": "Синий"
   },
   {
    "id": 11305,
    "title": "Красный"
   }
  ]
 },
 {
  "id": 5877,
  "title": "Color (change.)",
  "type": "text",
  "variants": [
   {
    "id": 11306,
    "title": "New variant name"
   },
   {
    "id": 11307,
    "title": "Blue"
   },
   {
    "id": 11308,
    "title": "Red"
   }
  ]
 },
 {
  "id": 5878,
  "title": "Цвет (изм.)",
  "type": "text",
  "variants": [
   {
    "id": 11309,
    "title": "Желтый"
   },
   {
    "id": 11310,
    "title": "Синий"
   }
  ]
 },
 {
  "id": 5879,
  "title": "Цвет (изм.)",
  "type": "text",
  "variants": []
 },
 {
  "id": 5880,
  "title": "Цвет",
  "type": "text",
  "variants": []
 },
 {
  "id": 5881,
  "title": "Цвет (изм.)",
  "type": "text",
  "variants": [
   {
    "id": 11311,
    "title": "Новое имя варианта"
   },
   {
    "id": 11312,
    "title": "Синий"
   },
   {
    "id": 11313,
    "title": "Красный"
   }
  ]
 },
 {
  "id": 5882,
  "title": "Цвет (изм.)",
  "type": "text",
  "variants": [
   {
    "id": 11314,
    "title": "Новое имя варианта"
   },
   {
    "id": 11315,
    "title": "Синий"
   },
   {
    "id": 11316,
    "title": "Красный"
   }
  ]
 },
 {
  "id": 5883,
  "title": "Цвет (изм.)",
  "type": "text",
  "variants": [
   {
    "id": 11317,
    "title": "Желтый"
   },
   {
    "id": 11318,
    "title": "Синий"
   },
   {
    "id": 11319,
    "title": "Красный"
   }
  ]
 },
 {
  "id": 5884,
  "title": "Цвет (изм.)",
  "type": "text",
  "variants": [
   {
    "id": 11320,
    "title": "Новое имя варианта"
   },
   {
    "id": 11321,
    "title": "Синий"
   },
   {
    "id": 11322,
    "title": "Красный"
   }
  ]
 },
 {
  "id": 5885,
  "title": "Цвет (изм.)",
  "type": "text",
  "variants": [
   {
    "id": 11323,
    "title": "Новое имя варианта"
   },
   {
    "id": 11324,
    "title": "Синий"
   },
   {
    "id": 11325,
    "title": "Красный"
   }
  ]
 },
 {
  "id": 5886,
  "title": "Цвет",
  "type": "text",
  "variants": []
 },
 {
  "id": 5887,
  "title": "Цвет (изм.)",
  "type": "text",
  "variants": [
   {
    "id": 11326,
    "title": "Желтый"
   },
   {
    "id": 11327,
    "title": "Синий"
   }
  ]
 },
 {
  "id": 5888,
  "title": "Цвет (изм.)",
  "type": "text",
  "variants": [
   {
    "id": 11328,
    "title": "Новое имя варианта"
   },
   {
    "id": 11329,
    "title": "Синий"
   },
   {
    "id": 11330,
    "title": "Красный"
   }
  ]
 },
 {
  "id": 5889,
  "title": "Цвет (изм.)",
  "type": "text",
  "variants": [
   {
    "id": 11331,
    "title": "Новое имя варианта"
   },
   {
    "id": 11332,
    "title": "Синий"
   },
   {
    "id": 11333,
    "title": "Красный"
   }
  ]
 },
 {
  "id": 5890,
  "title": "Цвет (изм.)",
  "type": "text",
  "variants": [
   {
    "id": 11334,
    "title": "Новое имя варианта"
   },
   {
    "id": 11335,
    "title": "Синий"
   },
   {
    "id": 11336,
    "title": "Красный"
   }
  ]
 },
 {
  "id": 5891,
  "title": "Цвет (изм.)",
  "type": "text",
  "variants": [
   {
    "id": 11337,
    "title": "Желтый"
   }
  ]
 },
 {
  "id": 5892,
  "title": "Цвет",
  "type": "text",
  "variants": []
 }
]
