{
 "response": [
  {
   "period_from": 1784419200,
   "period_to": 1784505599,
   "reach": {
    "age": [
     {
      "value": "12-18",
      "count": 1
     },
     {
      "value": "18-21",
      "count": 0
     },
     {
      "value": "21-24",
      "count": 0
     },
     {
      "value": "24-27",
      "count": 0
     },
     {
      "value": "27-30",
      "count": 0
     },
     {
      "value": "30-35",
      "count": 0
     },
     {
      "value": "35-45",
      "count": 4
     },
     {
      "value": "45-100",
      "count": 3
     }
    ],
    "cities": [
     {
      "count": 1,
      "name": "Уссурийск",
      "value": 150
     },
     {
      "count": 1,
      "name": "Великий Новгород",
      "value": 35
     },
     {
      "count": 1,
      "name": "Москва",
      "value": 1
     },
     {
      "count": 1,
      "name": "Челябинск",
      "value": 158
     }
    ],
    "countries": [
     {
      "code": "RU",
      "count": 8,
      "name": "Россия",
      "value": 1
     }
    ],
    "mobile_reach": 7,
    "reach": 8,
    "reach_subscribers": 0,
    "sex": [
     {
      "value": "f",
      "count": 4
     },
     {
      "value": "m",
      "count": 4
     }
    ],
    "sex_age": [
     {
      "value": "f;12-18",
      "count": 0
     },
     {
      "value": "f;18-21",
      "count": 0
     },
     {
      "value": "f;21-24",
      "count": 0
     },
     {
      "value": "f;24-27",
      "count": 0
     },
     {
      "value": "f;27-30",
      "count": 0
     },
     {
      "value": "f;30-35",
      "count": 0
     },
     {
      "value": "f;35-45",
      "count": 3
     },
     {
      "value": "f;45-100",
      "count": 1
     },
     {
      "value": "m;12-18",
      "count": 1
     },
     {
      "value": "m;18-21",
      "count": 0
     },
     {
      "value": "m;21-24",
      "count": 0
     },
     {
      "value": "m;24-27",
      "count": 0
     },
     {
      "value": "m;27-30",
      "count": 0
     },
     {
      "value": "m;30-35",
      "count": 0
     },
     {
      "value": "m;35-45",
      "count": 1
     },
     {
      "value": "m;45-100",
      "count": 2
     }
    ]
   },
   "visitors": {
    "cities": [],
    "countries": [],
    "mobile_views": 0,
    "views": 0,
    "visitors": 0
   }
  },
  {
   "period_from": 1784332800,
   "period_to": 1784419199,
   "reach": {
    "age": [
     {
      "value": "12-18",
      "count": 0
     },
     {
      "value": "18-21",
      "count": 1
     },
     {
      "value": "21-24",
      "count": 2
     },
     {
      "value": "24-27",
      "count": 2
     },
     {
      "value": "27-30",
      "count": 0
     },
     {
      "value": "30-35",
      "count": 2
     },
     {
      "value": "35-45",
      "count": 1
     },
     {
      "value": "45-100",
      "count": 3
     }
    ],
    "cities": [
     {
      "count": 2,
      "name": "Тверь",
      "value": 141
     },
     {
      "count": 1,
      "name": "Вышний Волочек",
      "value": 460
     },
     {
      "count": 1,
      "name": "Кирово-Чепецк",
      "value": 346
     },
     {
      "count": 1,
      "name": "Донецк",
      "value": 223
     },
     {
      "count": 1,
      "name": "Чебоксары",
      "value": 157
     },
     {
      "count": 1,
      "name": "Волгоград",
      "value": 10
     },
     {
      "count": 1,
      "name": "Валдай",
      "value": 527
     }
    ],
    "countries": [
     {
      "code": "RU",
      "count": 11,
      "name": "Россия",
      "value": 1
     }
    ],
    "mobile_reach": 11,
    "reach": 11,
    "reach_subscribers": 0,
    "sex": [
     {
      "value": "f",
      "count": 8
     },
     {
      "value": "m",
      "count": 3
     }
    ],
    "sex_age": [
     {
      "value": "f;12-18",
      "count": 0
     },
     {
      "value": "f;18-21",
      "count": 1
     },
     {
      "value": "f;21-24",
      "count": 1
     },
     {
      "value": "f;24-27",
      "count": 2
     },
     {
      "value": "f;27-30",
      "count": 0
     },
     {
      "value": "f;30-35",
      "count": 1
     },
     {
      "value": "f;35-45",
      "count": 1
     },
     {
      "value": "f;45-100",
      "count": 2
     },
     {
      "value": "m;12-18",
      "count": 0
     },
     {
      "value": "m;18-21",
      "count": 0
     },
     {
      "value": "m;21-24",
      "count": 1
     },
     {
      "value": "m;24-27",
      "count": 0
     },
     {
      "value": "m;27-30",
      "count": 0
     },
     {
      "value": "m;30-35",
      "count": 1
     },
     {
      "value": "m;35-45",
      "count": 0
     },
     {
      "value": "m;45-100",
      "count": 1
     }
    ]
   },
   "visitors": {
    "cities": [],
    "countries": [],
    "mobile_views": 0,
    "views": 0,
    "visitors": 0
   }
  }
 ]
}
