{
 "response": [
  {
   "album_id": 311002666,
   "date": 1765390824,
   "id": 457261183,
   "owner_id": -218861756,
   "sizes": [
    {
     "height": 54,
     "type": "s",
     "width": "***",
     "url": "https://sun9-38.userapi.com/s/v1/ig2/A0JdYbr6lxHvLdC6DlrNoC3y2qa-W-TIyotYztuH9zRhQEmA1B4gsTImrFiNTdNtd6cFazDTc1ay6yUckCcWXD4B.jpg?quality=96&as=32x24,48x36,72x54,108x81,160x120,240x180,360x270,480x360,540x405,640x480,720x540,1080x810,1280x960,1440x1080,2560x1920&from=bu&cs=72x0"
    },
    {
     "height": 120,
     "type": "m",
     "width": "***",
     "url": "https://sun9-38.userapi.com/s/v1/ig2/A0JdYbr6lxHvLdC6DlrNoC3y2qa-W-TIyotYztuH9zRhQEmA1B4gsTImrFiNTdNtd6cFazDTc1ay6yUckCcWXD4B.jpg?quality=96&as=32x24,48x36,72x54,108x81,160x120,240x180,360x270,480x360,540x405,640x480,720x540,1080x810,1280x960,1440x1080,2560x1920&from=bu&cs=160x0"
    },
    {
     "height": 480,
     "type": "x",
     "width": "***",
     "url": "https://sun9-38.userapi.com/s/v1/ig2/A0JdYbr6lxHvLdC6DlrNoC3y2qa-W-TIyotYztuH9zRhQEmA1B4gsTImrFiNTdNtd6cFazDTc1ay6yUckCcWXD4B.jpg?quality=96&as=32x24,48x36,72x54,108x81,160x120,240x180,360x270,480x360,540x405,640x480,720x540,1080x810,1280x960,1440x1080,2560x1920&from=bu&cs=640x0"
    },
    {
     "height": 810,
     "type": "y",
     "width": "***",
     "url": "https://sun9-38.userapi.com/s/v1/ig2/A0JdYbr6lxHvLdC6DlrNoC3y2qa-W-TIyotYztuH9zRhQEmA1B4gsTImrFiNTdNtd6cFazDTc1ay6yUckCcWXD4B.jpg?quality=96&as=32x24,48x36,72x54,108x81,160x120,240x180,360x270,480x360,540x405,640x480,720x540,1080x810,1280x960,1440x1080,2560x1920&from=bu&cs=1080x0"
    },
    {
     "height": 960,
     "type": "z",
     "width": "***",
     "url": "https://sun9-38.userapi.com/s/v1/ig2/A0JdYbr6lxHvLdC6DlrNoC3y2qa-W-TIyotYztuH9zRhQEmA1B4gsTImrFiNTdNtd6cFazDTc1ay6yUckCcWXD4B.jpg?quality=96&as=32x24,48x36,72x54,108x81,160x120,240x180,360x270,480x360,540x405,640x480,720x540,1080x810,1280x960,1440x1080,2560x1920&from=bu&cs=1280x0"
    },
    {
     "height": 1920,
     "type": "w",
     "width": "***",
     "url": "https://sun9-38.userapi.com/s/v1/ig2/A0JdYbr6lxHvLdC6DlrNoC3y2qa-W-TIyotYztuH9zRhQEmA1B4gsTImrFiNTdNtd6cFazDTc1ay6yUckCcWXD4B.jpg?quality=96&as=32x24,48x36,72x54,108x81,160x120,240x180,360x270,480x360,540x405,640x480,720x540,1080x810,1280x960,1440x1080,2560x1920&from=bu&cs=2560x0"
    },
    {
     "height": 81,
     "type": "o",
     "width": "***",
     "url": "https://sun9-38.userapi.com/s/v1/ig2/A0JdYbr6lxHvLdC6DlrNoC3y2qa-W-TIyotYztuH9zRhQEmA1B4gsTImrFiNTdNtd6cFazDTc1ay6yUckCcWXD4B.jpg?quality=96&as=32x24,48x36,72x54,108x81,160x120,240x180,360x270,480x360,540x405,640x480,720x540,1080x810,1280x960,1440x1080,2560x1920&from=bu&cs=108x0"
    },
    {
     "height": 180,
     "type": "p",
     "width": "***",
     "url": "https://sun9-38.userapi.com/s/v1/ig2/A0JdYbr6lxHvLdC6DlrNoC3y2qa-W-TIyotYztuH9zRhQEmA1B4gsTImrFiNTdNtd6cFazDTc1ay6yUckCcWXD4B.jpg?quality=96&as=32x24,48x36,72x54,108x81,160x120,240x180,360x270,480x360,540x405,640x480,720x540,1080x810,1280x960,1440x1080,2560x1920&from=bu&cs=240x0"
    },
    {
     "height": 270,
     "type": "q",
     "width": "***",
     "url": "https://sun9-38.userapi.com/s/v1/ig2/A0JdYbr6lxHvLdC6DlrNoC3y2qa-W-TIyotYztuH9zRhQEmA1B4gsTImrFiNTdNtd6cFazDTc1ay6yUckCcWXD4B.jpg?quality=96&as=32x24,48x36,72x54,108x81,160x120,240x180,360x270,480x360,540x405,640x480,720x540,1080x810,1280x960,1440x1080,2560x1920&from=bu&cs=360x0"
    },
    {
     "height": 405,
     "type": "r",
     "width": "***",
     "url": "https://sun9-38.userapi.com/s/v1/ig2/A0JdYbr6lxHvLdC6DlrNoC3y2qa-W-TIyotYztuH9zRhQEmA1B4gsTImrFiNTdNtd6cFazDTc1ay6yUckCcWXD4B.jpg?quality=96&as=32x24,48x36,72x54,108x81,160x120,240x180,360x270,480x360,540x405,640x480,720x540,1080x810,1280x960,1440x1080,2560x1920&from=bu&cs=540x0"
    },
    {
     "height": 1920,
     "type": "base",
     "width": "***",
     "url": "https://sun9-38.userapi.com/s/v1/ig2/A0JdYbr6lxHvLdC6DlrNoC3y2qa-W-TIyotYztuH9zRhQEmA1B4gsTImrFiNTdNtd6cFazDTc1ay6yUckCcWXD4B.jpg?quality=96&as=32x24,48x36,72x54,108x81,160x120,240x180,360x270,480x360,540x405,640x480,720x540,1080x810,1280x960,1440x1080,2560x1920&from=bu"
    }
   ],
   "text": "AutoTestImage",
   "user_id": 100,
   "web_view_token": "***",
   "has_tags": false,
   "orig_photo": {
    "height": 1920,
    "type": "base",
    "url": "https://sun9-38.userapi.com/s/v1/ig2/A0JdYbr6lxHvLdC6DlrNoC3y2qa-W-TIyotYztuH9zRhQEmA1B4gsTImrFiNTdNtd6cFazDTc1ay6yUckCcWXD4B.jpg?quality=96&as=32x24,48x36,72x54,108x81,160x120,240x180,360x270,480x360,540x405,640x480,720x540,1080x810,1280x960,1440x1080,2560x1920&from=bu",
    "width": "***"
   }
  }
 ]
}
