{
 "ok": true,
 "channel": {
  "id": "C0BGWVD9Q3U",
  "created": 1783932747,
  "creator": "U06UG1CAYH2",
  "is_org_shared": false,
  "is_im": false,
  "context_team_id": "T06UD92BS3C",
  "updated": 1783932754930,
  "name": "testconv03d48c46-0bd5-48a5-b8a0-8a8cd92d05fd",
  "name_normalized": "testconv03d48c46-0bd5-48a5-b8a0-8a8cd92d05fd",
  "is_channel": true,
  "is_group": false,
  "is_mpim": false,
  "is_private": false,
  "is_archived": false,
  "is_general": false,
  "is_shared": false,
  "is_ext_shared": false,
  "unlinked": 0,
  "is_pending_ext_shared": false,
  "pending_shared": [],
  "parent_conversation": null,
  "purpose": {
   "value": "Тестовая цель",
   "creator": "U06UG1CAYH2",
   "last_set": 1783932754
  },
  "topic": {
   "value": "Тестовая тема",
   "creator": "U06UG1CAYH2",
   "last_set": 1783932751
  },
  "shared_team_ids": [
   "T06UD92BS3C"
  ],
  "pending_connected_team_ids": [],
  "is_member": true,
  "last_read": "1783932762.096419",
  "priority": 0,
  "previous_names": []
 }
}
