{
 "ok": true,
 "channel": "C06UFNUTKUL",
 "ts": "1767727687.243579",
 "message": {
  "user": "U06UG1CAYH2",
  "type": "message",
  "ts": "1767727687.243579",
  "bot_id": "B06TZ0MJV5M",
  "app_id": "A06TYNH45RV",
  "text": "Тестовое сообщение 1",
  "team": "T06UD92BS3C",
  "bot_profile": {
   "id": "B06TZ0MJV5M",
   "app_id": "A06TYNH45RV",
   "user_id": "U06UG1CAYH2",
   "name": "OpenIntegrations",
   "icons": {
    "image_36": "https://a.slack-edge.com/80588/img/plugins/app/bot_36.png",
    "image_48": "https://a.slack-edge.com/80588/img/plugins/app/bot_48.png",
    "image_72": "https://a.slack-edge.com/80588/img/plugins/app/service_72.png"
   },
   "deleted": false,
   "updated": 1713205238,
   "team_id": "T06UD92BS3C"
  },
  "blocks": [
   {
    "type": "rich_text",
    "block_id": "ANTe",
    "elements": [
     {
      "type": "rich_text_section",
      "elements": [
       {
        "type": "text",
        "text": "Тестовое сообщение 1"
       }
      ]
     }
    ]
   }
  ]
 }
}
