{
 "ok": true,
 "channel": {
  "id": "C0B86KLLXD0",
  "created": 1780545905,
  "creator": "U06UG1CAYH2",
  "is_org_shared": false,
  "is_im": false,
  "context_team_id": "T06UD92BS3C",
  "updated": 1780545911729,
  "name": "testconv313e31ea-baf6-4f87-a9e5-a2dc459bd877",
  "name_normalized": "testconv313e31ea-baf6-4f87-a9e5-a2dc459bd877",
  "is_channel": true,
  "is_group": false,
  "is_mpim": false,
  "is_private": false,
  "is_archived": false,
  "is_general": false,
  "is_shared": false,
  "is_ext_shared": false,
  "unlinked": 0,
  "is_pending_ext_shared": false,
  "pending_shared": [],
  "parent_conversation": null,
  "purpose": {
   "value": "Тестовая цель",
   "creator": "U06UG1CAYH2",
   "last_set": 1780545907
  },
  "topic": {
   "value": "Тестовая тема",
   "creator": "U06UG1CAYH2",
   "last_set": 1780545906
  },
  "shared_team_ids": [
   "T06UD92BS3C"
  ],
  "pending_connected_team_ids": [],
  "is_member": true,
  "last_read": "1780545908.365169",
  "previous_names": [
   "testconvacaf715e-a00f-429b-a930-123458acd2c4"
  ]
 }
}
