{
 "ok": true,
 "channels": [
  {
   "id": "C06UD92DF1Q",
   "created": 1713202497,
   "creator": "U06UABH3APP",
   "is_org_shared": false,
   "is_im": false,
   "context_team_id": "T06UD92BS3C",
   "updated": 1724394518358,
   "name": "general",
   "name_normalized": "general",
   "is_channel": true,
   "is_group": false,
   "is_mpim": false,
   "is_private": false,
   "is_archived": false,
   "is_general": true,
   "is_shared": false,
   "is_ext_shared": false,
   "unlinked": 0,
   "is_pending_ext_shared": false,
   "pending_shared": [],
   "parent_conversation": null,
   "purpose": {
    "value": "This is the one channel that will always include everyone. It’s a great spot for announcements and team-wide conversations.",
    "creator": "U06UABH3APP",
    "last_set": 1713202497
   },
   "topic": {
    "value": "",
    "creator": "",
    "last_set": 0
   },
   "shared_team_ids": [
    "***"
   ],
   "pending_connected_team_ids": [],
   "is_member": false,
   "num_members": 1,
   "properties": {
    "use_case": "welcome"
   },
   "previous_names": []
  },
  {
   "id": "C06UFNUTKUL",
   "created": 1713202541,
   "creator": "U06UABH3APP",
   "is_org_shared": false,
   "is_im": false,
   "context_team_id": "T06UD92BS3C",
   "updated": 1724394515808,
   "name": "slack-api-librarry",
   "name_normalized": "slack-api-librarry",
   "is_channel": true,
   "is_group": false,
   "is_mpim": false,
   "is_private": false,
   "is_archived": false,
   "is_general": false,
   "is_shared": false,
   "is_ext_shared": false,
   "unlinked": 0,
   "is_pending_ext_shared": false,
   "pending_shared": [],
   "parent_conversation": null,
   "purpose": {
    "value": "This channel is for everything #slack-api-librarry. Hold meetings, share docs, and make decisions together with your team.",
    "creator": "U06UABH3APP",
    "last_set": 1713202541
   },
   "topic": {
    "value": "",
    "creator": "",
    "last_set": 0
   },
   "shared_team_ids": [
    "***"
   ],
   "pending_connected_team_ids": [],
   "is_member": true,
   "num_members": 2,
   "properties": {
    "tabs": [
     {
      "id": "files",
      "label": "",
      "type": "files"
     }
    ],
    "tabz": [
     {
      "type": "files"
     }
    ],
    "use_case": "project"
   },
   "previous_names": []
  },
  {
   "id": "C06UW6XHU5V",
   "created": 1713701752,
   "creator": "U06UG1CAYH2",
   "is_org_shared": false,
   "is_im": false,
   "context_team_id": "T06UD92BS3C",
   "updated": 1724394515915,
   "name": "testconvd9226ab3-0341-4abb-97c4-a185b7ace9e8",
   "name_normalized": "testconvd9226ab3-0341-4abb-97c4-a185b7ace9e8",
   "is_channel": true,
   "is_group": false,
   "is_mpim": false,
   "is_private": false,
   "is_archived": true,
   "is_general": false,
   "is_shared": false,
   "is_ext_shared": false,
   "unlinked": 0,
   "is_pending_ext_shared": false,
   "pending_shared": [],
   "parent_conversation": null,
   "purpose": {
    "value": "",
    "creator": "",
    "last_set": 0
   },
   "topic": {
    "value": "",
    "creator": "",
    "last_set": 0
   },
   "shared_team_ids": [
    "***"
   ],
   "pending_connected_team_ids": [],
   "is_member": false,
   "num_members": 0,
   "previous_names": []
  },
  {
   "id": "C06UWD6523Z",
   "created": 1713712534,
   "creator": "U06UG1CAYH2",
   "is_org_shared": false,
   "is_im": false,
   "context_team_id": "T06UD92BS3C",
   "updated": 1724394515846,
   "name": "testconvdfd146d0-f8c0-4e9f-9df8-56cc13c7e1dc",
   "name_normalized": "testconvdfd146d0-f8c0-4e9f-9df8-56cc13c7e1dc",
   "is_channel": true,
   "is_group": false,
   "is_mpim": false,
   "is_private": false,
   "is_archived": true,
   "is_general": false,
   "is_shared": false,
   "is_ext_shared": false,
   "unlinked": 0,
   "is_pending_ext_shared": false,
   "pending_shared": [],
   "parent_conversation": null,
   "purpose": {
    "value": "",
    "creator": "",
    "last_set": 0
   },
   "topic": {
    "value": "",
    "creator": "",
    "last_set": 0
   },
   "shared_team_ids": [
    "***"
   ],
   "pending_connected_team_ids": [],
   "is_member": false,
   "num_members": 0,
   "previous_names": []
  },
  {
   "id": "C06UWE86G6B",
   "created": 1713714385,
   "creator": "U06UG1CAYH2",
   "is_org_shared": false,
   "is_im": false,
   "context_team_id": "T06UD92BS3C",
   "updated": 1724394515945,
   "name": "testconvd735149e-54c5-4ffd-9273-52ff271aa017",
   "name_normalized": "testconvd735149e-54c5-4ffd-9273-52ff271aa017",
   "is_channel": true,
   "is_group": false,
   "is_mpim": false,
   "is_private": false,
   "is_archived": false,
   "is_general": false,
   "is_shared": false,
   "is_ext_shared": false,
   "unlinked": 0,
   "is_pending_ext_shared": false,
   "pending_shared": [],
   "parent_conversation": null,
   "purpose": {
    "value": "",
    "creator": "",
    "last_set": 0
   },
   "topic": {
    "value": "",
    "creator": "",
    "last_set": 0
   },
   "shared_team_ids": [
    "***"
   ],
   "pending_connected_team_ids": [],
   "is_member": true,
   "num_members": 1,
   "previous_names": []
  },
  {
   "id": "C06V22V0UP2",
   "created": 1713202498,
   "creator": "U06UABH3APP",
   "is_org_shared": false,
   "is_im": false,
   "context_team_id": "T06UD92BS3C",
   "updated": 1724394515817,
   "name": "random",
   "name_normalized": "random",
   "is_channel": true,
   "is_group": false,
   "is_mpim": false,
   "is_private": false,
   "is_archived": false,
   "is_general": false,
   "is_shared": false,
   "is_ext_shared": false,
   "unlinked": 0,
   "is_pending_ext_shared": false,
   "pending_shared": [],
   "parent_conversation": null,
   "purpose": {
    "value": "This channel is for... well, everything else. It’s a place for team jokes, spur-of-the-moment ideas, and funny GIFs. Go wild!",
    "creator": "U06UABH3APP",
    "last_set": 1713202498
   },
   "topic": {
    "value": "",
    "creator": "",
    "last_set": 0
   },
   "shared_team_ids": [
    "***"
   ],
   "pending_connected_team_ids": [],
   "is_member": false,
   "num_members": 1,
   "properties": {
    "use_case": "random"
   },
   "previous_names": []
  },
  {
   "id": "C06V461Q04W",
   "created": 1713704198,
   "creator": "U06UG1CAYH2",
   "is_org_shared": false,
   "is_im": false,
   "context_team_id": "T06UD92BS3C",
   "updated": 1724394515869,
   "name": "testconv7fc83454-2dca-48c6-8782-d20df4404693",
   "name_normalized": "testconv7fc83454-2dca-48c6-8782-d20df4404693",
   "is_channel": true,
   "is_group": false,
   "is_mpim": false,
   "is_private": false,
   "is_archived": false,
   "is_general": false,
   "is_shared": false,
   "is_ext_shared": false,
   "unlinked": 0,
   "is_pending_ext_shared": false,
   "pending_shared": [],
   "parent_conversation": null,
   "purpose": {
    "value": "",
    "creator": "",
    "last_set": 0
   },
   "topic": {
    "value": "",
    "creator": "",
    "last_set": 0
   },
   "shared_team_ids": [
    "***"
   ],
   "pending_connected_team_ids": [],
   "is_member": true,
   "num_members": 1,
   "previous_names": []
  },
  {
   "id": "C06V4B80VPG",
   "created": 1713713004,
   "creator": "U06UG1CAYH2",
   "is_org_shared": false,
   "is_im": false,
   "context_team_id": "T06UD92BS3C",
   "updated": 1724394515892,
   "name": "testconvbd8e0c06-222d-4211-8acf-e42a02bb0786",
   "name_normalized": "testconvbd8e0c06-222d-4211-8acf-e42a02bb0786",
   "is_channel": true,
   "is_group": false,
   "is_mpim": false,
   "is_private": false,
   "is_archived": false,
   "is_general": false,
   "is_shared": false,
   "is_ext_shared": false,
   "unlinked": 0,
   "is_pending_ext_shared": false,
   "pending_shared": [],
   "parent_conversation": null,
   "purpose": {
    "value": "",
    "creator": "",
    "last_set": 0
   },
   "topic": {
    "value": "",
    "creator": "",
    "last_set": 0
   },
   "shared_team_ids": [
    "***"
   ],
   "pending_connected_team_ids": [],
   "is_member": true,
   "num_members": 2,
   "previous_names": []
  },
  {
   "id": "C06V4BEKF0E",
   "created": 1713713351,
   "creator": "U06UG1CAYH2",
   "is_org_shared": false,
   "is_im": false,
   "context_team_id": "T06UD92BS3C",
   "updated": 1724394515903,
   "name": "testconvdd858495-e722-4610-85ce-0a1ae2284fdb",
   "name_normalized": "testconvdd858495-e722-4610-85ce-0a1ae2284fdb",
   "is_channel": true,
   "is_group": false,
   "is_mpim": false,
   "is_private": false,
   "is_archived": false,
   "is_general": false,
   "is_shared": false,
   "is_ext_shared": false,
   "unlinked": 0,
   "is_pending_ext_shared": false,
   "pending_shared": [],
   "parent_conversation": null,
   "purpose": {
    "value": "",
    "creator": "",
    "last_set": 0
   },
   "topic": {
    "value": "",
    "creator": "",
    "last_set": 0
   },
   "shared_team_ids": [
    "***"
   ],
   "pending_connected_team_ids": [],
   "is_member": true,
   "num_members": 1,
   "previous_names": []
  },
  {
   "id": "C06V7J5L8H3",
   "created": 1713687347,
   "creator": "U06UG1CAYH2",
   "is_org_shared": false,
   "is_im": false,
   "context_team_id": "T06UD92BS3C",
   "updated": 1724394515930,
   "name": "testconv",
   "name_normalized": "testconv",
   "is_channel": true,
   "is_group": false,
   "is_mpim": false,
   "is_private": false,
   "is_archived": true,
   "is_general": false,
   "is_shared": false,
   "is_ext_shared": false,
   "unlinked": 0,
   "is_pending_ext_shared": false,
   "pending_shared": [],
   "parent_conversation": null,
   "purpose": {
    "value": "",
    "creator": "",
    "last_set": 0
   },
   "topic": {
    "value": "",
    "creator": "",
    "last_set": 0
   },
   "shared_team_ids": [
    "***"
   ],
   "pending_connected_team_ids": [],
   "is_member": false,
   "num_members": 0,
   "previous_names": []
  },
  {
   "id": "C06VAPKSDC2",
   "created": 1713702070,
   "creator": "U06UG1CAYH2",
   "is_org_shared": false,
   "is_im": false,
   "context_team_id": "T06UD92BS3C",
   "updated": 1724394516010,
   "name": "testconv7cf243e8-ff71-4e16-9025-1ce474858327",
   "name_normalized": "testconv7cf243e8-ff71-4e16-9025-1ce474858327",
   "is_channel": true,
   "is_group": false,
   "is_mpim": false,
   "is_private": false,
   "is_archived": false,
   "is_general": false,
   "is_shared": false,
   "is_ext_shared": false,
   "unlinked": 0,
   "is_pending_ext_shared": false,
   "pending_shared": [],
   "parent_conversation": null,
   "purpose": {
    "value": "",
    "creator": "",
    "last_set": 0
   },
   "topic": {
    "value": "",
    "creator": "",
    "last_set": 0
   },
   "shared_team_ids": [
    "***"
   ],
   "pending_connected_team_ids": [],
   "is_member": true,
   "num_members": 1,
   "previous_names": []
  },
  {
   "id": "C06VAQZVC4A",
   "created": 1713704560,
   "creator": "U06UG1CAYH2",
   "is_org_shared": false,
   "is_im": false,
   "context_team_id": "T06UD92BS3C",
   "updated": 1724394515966,
   "name": "testconv4f1604f7-396c-4a60-b628-1cd49af8234d",
   "name_normalized": "testconv4f1604f7-396c-4a60-b628-1cd49af8234d",
   "is_channel": true,
   "is_group": false,
   "is_mpim": false,
   "is_private": false,
   "is_archived": true,
   "is_general": false,
   "is_shared": false,
   "is_ext_shared": false,
   "unlinked": 0,
   "is_pending_ext_shared": false,
   "pending_shared": [],
   "parent_conversation": null,
   "purpose": {
    "value": "",
    "creator": "",
    "last_set": 0
   },
   "topic": {
    "value": "",
    "creator": "",
    "last_set": 0
   },
   "shared_team_ids": [
    "***"
   ],
   "pending_connected_team_ids": [],
   "is_member": false,
   "num_members": 0,
   "previous_names": []
  },
  {
   "id": "C06VB1APE3U",
   "created": 1713714396,
   "creator": "U06UG1CAYH2",
   "is_org_shared": false,
   "is_im": false,
   "context_team_id": "T06UD92BS3C",
   "updated": 1724394515957,
   "name": "testconv1a9c98c8-feb4-4960-995b-388d768f4011",
   "name_normalized": "testconv1a9c98c8-feb4-4960-995b-388d768f4011",
   "is_channel": true,
   "is_group": false,
   "is_mpim": false,
   "is_private": false,
   "is_archived": false,
   "is_general": false,
   "is_shared": false,
   "is_ext_shared": false,
   "unlinked": 0,
   "is_pending_ext_shared": false,
   "pending_shared": [],
   "parent_conversation": null,
   "purpose": {
    "value": "",
    "creator": "",
    "last_set": 0
   },
   "topic": {
    "value": "",
    "creator": "",
    "last_set": 0
   },
   "shared_team_ids": [
    "***"
   ],
   "pending_connected_team_ids": [],
   "is_member": true,
   "num_members": 1,
   "previous_names": []
  },
  {
   "id": "C06VB1D3TQA",
   "created": 1713714522,
   "creator": "U06UG1CAYH2",
   "is_org_shared": false,
   "is_im": false,
   "context_team_id": "T06UD92BS3C",
   "updated": 1724394515998,
   "name": "testconv0b533cfd-3373-4a4b-ab64-b1ef838e8191",
   "name_normalized": "testconv0b533cfd-3373-4a4b-ab64-b1ef838e8191",
   "is_channel": true,
   "is_group": false,
   "is_mpim": false,
   "is_private": false,
   "is_archived": true,
   "is_general": false,
   "is_shared": false,
   "is_ext_shared": false,
   "unlinked": 0,
   "is_pending_ext_shared": false,
   "pending_shared": [],
   "parent_conversation": null,
   "purpose": {
    "value": "Тестовая цель",
    "creator": "U06UG1CAYH2",
    "last_set": 1713714524
   },
   "topic": {
    "value": "Тестовая тема",
    "creator": "U06UG1CAYH2",
    "last_set": 1713714523
   },
   "shared_team_ids": [
    "***"
   ],
   "pending_connected_team_ids": [],
   "is_member": false,
   "num_members": 0,
   "previous_names": []
  },
  {
   "id": "C06VDG5MCE8",
   "created": 1713716371,
   "creator": "U06UG1CAYH2",
   "is_org_shared": false,
   "is_im": false,
   "context_team_id": "T06UD92BS3C",
   "updated": 1724394515976,
   "name": "testconvc71d861f-8156-400b-9a92-3fbd21d47ae1",
   "name_normalized": "testconvc71d861f-8156-400b-9a92-3fbd21d47ae1",
   "is_channel": true,
   "is_group": false,
   "is_mpim": false,
   "is_private": false,
   "is_archived": true,
   "is_general": false,
   "is_shared": false,
   "is_ext_shared": false,
   "unlinked": 0,
   "is_pending_ext_shared": false,
   "pending_shared": [],
   "parent_conversation": null,
   "purpose": {
    "value": "Тестовая цель",
    "creator": "U06UG1CAYH2",
    "last_set": 1713716372
   },
   "topic": {
    "value": "Тестовая тема",
    "creator": "U06UG1CAYH2",
    "last_set": 1713716371
   },
   "shared_team_ids": [
    "***"
   ],
   "pending_connected_team_ids": [],
   "is_member": false,
   "num_members": 0,
   "previous_names": [
    "***"
   ]
  },
  {
   "id": "C06VDMYQN1H",
   "created": 1713781372,
   "creator": "U06UG1CAYH2",
   "is_org_shared": false,
   "is_im": false,
   "context_team_id": "T06UD92BS3C",
   "updated": 1724394515986,
   "name": "testconv7d9f3a27-7e59-4398-beb0-02222f3d9251",
   "name_normalized": "testconv7d9f3a27-7e59-4398-beb0-02222f3d9251",
   "is_channel": true,
   "is_group": false,
   "is_mpim": false,
   "is_private": false,
   "is_archived": false,
   "is_general": false,
   "is_shared": false,
   "is_ext_shared": false,
   "unlinked": 0,
   "is_pending_ext_shared": false,
   "pending_shared": [],
   "parent_conversation": null,
   "purpose": {
    "value": "Тестовая цель",
    "creator": "U06UG1CAYH2",
    "last_set": 1713781372
   },
   "topic": {
    "value": "Тестовая тема",
    "creator": "U06UG1CAYH2",
    "last_set": 1713781372
   },
   "shared_team_ids": [
    "***"
   ],
   "pending_connected_team_ids": [],
   "is_member": true,
   "num_members": 1,
   "previous_names": []
  },
  {
   "id": "C0702NT76MD",
   "created": 1713986684,
   "creator": "U06UG1CAYH2",
   "is_org_shared": false,
   "is_im": false,
   "context_team_id": "T06UD92BS3C",
   "updated": 1724394516069,
   "name": "testconvd794a59d-71fc-4b51-8b65-323aa3c513c0",
   "name_normalized": "testconvd794a59d-71fc-4b51-8b65-323aa3c513c0",
   "is_channel": true,
   "is_group": false,
   "is_mpim": false,
   "is_private": false,
   "is_archived": true,
   "is_general": false,
   "is_shared": false,
   "is_ext_shared": false,
   "unlinked": 0,
   "is_pending_ext_shared": false,
   "pending_shared": [],
   "parent_conversation": null,
   "purpose": {
    "value": "Тестовая цель",
    "creator": "U06UG1CAYH2",
    "last_set": 1713986685
   },
   "topic": {
    "value": "Тестовая тема",
    "creator": "U06UG1CAYH2",
    "last_set": 1713986684
   },
   "shared_team_ids": [
    "***"
   ],
   "pending_connected_team_ids": [],
   "is_member": false,
   "num_members": 0,
   "previous_names": [
    "***"
   ]
  },
  {
   "id": "C0708SE8528",
   "created": 1713863740,
   "creator": "U06UG1CAYH2",
   "is_org_shared": false,
   "is_im": false,
   "context_team_id": "T06UD92BS3C",
   "updated": 1724394516039,
   "name": "testconvd50b3bad-cc84-4a77-a009-f39d1efed641",
   "name_normalized": "testconvd50b3bad-cc84-4a77-a009-f39d1efed641",
   "is_channel": true,
   "is_group": false,
   "is_mpim": false,
   "is_private": false,
   "is_archived": true,
   "is_general": false,
   "is_shared": false,
   "is_ext_shared": false,
   "unlinked": 0,
   "is_pending_ext_shared": false,
   "pending_shared": [],
   "parent_conversation": null,
   "purpose": {
    "value": "Тестовая цель",
    "creator": "U06UG1CAYH2",
    "last_set": 1713863741
   },
   "topic": {
    "value": "Тестовая тема",
    "creator": "U06UG1CAYH2",
    "last_set": 1713863741
   },
   "shared_team_ids": [
    "***"
   ],
   "pending_connected_team_ids": [],
   "is_member": false,
   "num_members": 0,
   "previous_names": [
    "***"
   ]
  },
  {
   "id": "C0709EAFC5D",
   "created": 1714069474,
   "creator": "U06UG1CAYH2",
   "is_org_shared": false,
   "is_im": false,
   "context_team_id": "T06UD92BS3C",
   "updated": 1724394516048,
   "name": "testconv8a76e862-dbd7-4734-b90d-0ae6664e03a2",
   "name_normalized": "testconv8a76e862-dbd7-4734-b90d-0ae6664e03a2",
   "is_channel": true,
   "is_group": false,
   "is_mpim": false,
   "is_private": false,
   "is_archived": true,
   "is_general": false,
   "is_shared": false,
   "is_ext_shared": false,
   "unlinked": 0,
   "is_pending_ext_shared": false,
   "pending_shared": [],
   "parent_conversation": null,
   "purpose": {
    "value": "Тестовая цель",
    "creator": "U06UG1CAYH2",
    "last_set": 1714069474
   },
   "topic": {
    "value": "Тестовая тема",
    "creator": "U06UG1CAYH2",
    "last_set": 1714069474
   },
   "shared_team_ids": [
    "***"
   ],
   "pending_connected_team_ids": [],
   "is_member": false,
   "num_members": 0,
   "previous_names": [
    "***"
   ]
  },
  {
   "id": "C0709L4LDJ5",
   "created": 1713713391,
   "creator": "U06UG1CAYH2",
   "is_org_shared": false,
   "is_im": false,
   "context_team_id": "T06UD92BS3C",
   "updated": 1724394516058,
   "name": "testconv058f86af-3260-4b72-9843-08b710481177",
   "name_normalized": "testconv058f86af-3260-4b72-9843-08b710481177",
   "is_channel": true,
   "is_group": false,
   "is_mpim": false,
   "is_private": false,
   "is_archived": true,
   "is_general": false,
   "is_shared": false,
   "is_ext_shared": false,
   "unlinked": 0,
   "is_pending_ext_shared": false,
   "pending_shared": [],
   "parent_conversation": null,
   "purpose": {
    "value": "",
    "creator": "",
    "last_set": 0
   },
   "topic": {
    "value": "",
    "creator": "",
    "last_set": 0
   },
   "shared_team_ids": [
    "***"
   ],
   "pending_connected_team_ids": [],
   "is_member": false,
   "num_members": 0,
   "previous_names": []
  },
  {
   "id": "C0709LR7KU1",
   "created": 1713714448,
   "creator": "U06UG1CAYH2",
   "is_org_shared": false,
   "is_im": false,
   "context_team_id": "T06UD92BS3C",
   "updated": 1724394516097,
   "name": "testconvda7b5b65-ec3d-4a3c-b304-616a19f8044f",
   "name_normalized": "testconvda7b5b65-ec3d-4a3c-b304-616a19f8044f",
   "is_channel": true,
   "is_group": false,
   "is_mpim": false,
   "is_private": false,
   "is_archived": false,
   "is_general": false,
   "is_shared": false,
   "is_ext_shared": false,
   "unlinked": 0,
   "is_pending_ext_shared": false,
   "pending_shared": [],
   "parent_conversation": null,
   "purpose": {
    "value": "",
    "creator": "",
    "last_set": 0
   },
   "topic": {
    "value": "Тестовая тема",
    "creator": "U06UG1CAYH2",
    "last_set": 1713714448
   },
   "shared_team_ids": [
    "***"
   ],
   "pending_connected_team_ids": [],
   "is_member": true,
   "num_members": 1,
   "previous_names": []
  },
  {
   "id": "C0709LRDD8R",
   "created": 1713714458,
   "creator": "U06UG1CAYH2",
   "is_org_shared": false,
   "is_im": false,
   "context_team_id": "T06UD92BS3C",
   "updated": 1724394516080,
   "name": "testconvd7ae2c36-fdbd-42cb-ac45-d59dad94b674",
   "name_normalized": "testconvd7ae2c36-fdbd-42cb-ac45-d59dad94b674",
   "is_channel": true,
   "is_group": false,
   "is_mpim": false,
   "is_private": false,
   "is_archived": false,
   "is_general": false,
   "is_shared": false,
   "is_ext_shared": false,
   "unlinked": 0,
   "is_pending_ext_shared": false,
   "pending_shared": [],
   "parent_conversation": null,
   "purpose": {
    "value": "",
    "creator": "",
    "last_set": 0
   },
   "topic": {
    "value": "Тестовая тема",
    "creator": "U06UG1CAYH2",
    "last_set": 1713714459
   },
   "shared_team_ids": [
    "***"
   ],
   "pending_connected_team_ids": [],
   "is_member": true,
   "num_members": 1,
   "previous_names": []
  },
  {
   "id": "C0709MJ33F0",
   "created": 1713977565,
   "creator": "U06UG1CAYH2",
   "is_org_shared": false,
   "is_im": false,
   "context_team_id": "T06UD92BS3C",
   "updated": 1724394516110,
   "name": "testconv9a044106-904e-4f98-a916-d81a5f0a32e7",
   "name_normalized": "testconv9a044106-904e-4f98-a916-d81a5f0a32e7",
   "is_channel": true,
   "is_group": false,
   "is_mpim": false,
   "is_private": false,
   "is_archived": false,
   "is_general": false,
   "is_shared": false,
   "is_ext_shared": false,
   "unlinked": 0,
   "is_pending_ext_shared": false,
   "pending_shared": [],
   "parent_conversation": null,
   "purpose": {
    "value": "",
    "creator": "",
    "last_set": 0
   },
   "topic": {
    "value": "",
    "creator": "",
    "last_set": 0
   },
   "shared_team_ids": [
    "***"
   ],
   "pending_connected_team_ids": [],
   "is_member": true,
   "num_members": 1,
   "previous_names": []
  },
  {
   "id": "C070J5QBQ7R",
   "created": 1714207704,
   "creator": "U06UG1CAYH2",
   "is_org_shared": false,
   "is_im": false,
   "context_team_id": "T06UD92BS3C",
   "updated": 1724394516199,
   "name": "testconv67f32bd1-1eb2-4984-967b-aee8f309bb5d",
   "name_normalized": "testconv67f32bd1-1eb2-4984-967b-aee8f309bb5d",
   "is_channel": true,
   "is_group": false,
   "is_mpim": false,
   "is_private": false,
   "is_archived": true,
   "is_general": false,
   "is_shared": false,
   "is_ext_shared": false,
   "unlinked": 0,
   "is_pending_ext_shared": false,
   "pending_shared": [],
   "parent_conversation": null,
   "purpose": {
    "value": "Тестовая цель",
    "creator": "U06UG1CAYH2",
    "last_set": 1714207704
   },
   "topic": {
    "value": "Тестовая тема",
    "creator": "U06UG1CAYH2",
    "last_set": 1714207704
   },
   "shared_team_ids": [
    "***"
   ],
   "pending_connected_team_ids": [],
   "is_member": false,
   "num_members": 0,
   "previous_names": [
    "***"
   ]
  },
  {
   "id": "C070JTKJAPR",
   "created": 1714240041,
   "creator": "U06UG1CAYH2",
   "is_org_shared": false,
   "is_im": false,
   "context_team_id": "T06UD92BS3C",
   "updated": 1724394516162,
   "name": "testconv46d1863c-a256-4fb5-8fc9-b19226154430",
   "name_normalized": "testconv46d1863c-a256-4fb5-8fc9-b19226154430",
   "is_channel": true,
   "is_group": false,
   "is_mpim": false,
   "is_private": false,
   "is_archived": true,
   "is_general": false,
   "is_shared": false,
   "is_ext_shared": false,
   "unlinked": 0,
   "is_pending_ext_shared": false,
   "pending_shared": [],
   "parent_conversation": null,
   "purpose": {
    "value": "Тестовая цель",
    "creator": "U06UG1CAYH2",
    "last_set": 1714240042
   },
   "topic": {
    "value": "Тестовая тема",
    "creator": "U06UG1CAYH2",
    "last_set": 1714240042
   },
   "shared_team_ids": [
    "***"
   ],
   "pending_connected_team_ids": [],
   "is_member": false,
   "num_members": 0,
   "previous_names": [
    "***"
   ]
  },
  {
   "id": "C070KJCSFME",
   "created": 1713704219,
   "creator": "U06UG1CAYH2",
   "is_org_shared": false,
   "is_im": false,
   "context_team_id": "T06UD92BS3C",
   "updated": 1724394516119,
   "name": "testconv38adda05-9437-4e62-a34d-4073310a7816",
   "name_normalized": "testconv38adda05-9437-4e62-a34d-4073310a7816",
   "is_channel": true,
   "is_group": false,
   "is_mpim": false,
   "is_private": false,
   "is_archived": false,
   "is_general": false,
   "is_shared": false,
   "is_ext_shared": false,
   "unlinked": 0,
   "is_pending_ext_shared": false,
   "pending_shared": [],
   "parent_conversation": null,
   "purpose": {
    "value": "",
    "creator": "",
    "last_set": 0
   },
   "topic": {
    "value": "",
    "creator": "",
    "last_set": 0
   },
   "shared_team_ids": [
    "***"
   ],
   "pending_connected_team_ids": [],
   "is_member": true,
   "num_members": 1,
   "previous_names": []
  },
  {
   "id": "C070KQPUVCG",
   "created": 1713715056,
   "creator": "U06UG1CAYH2",
   "is_org_shared": false,
   "is_im": false,
   "context_team_id": "T06UD92BS3C",
   "updated": 1724394516140,
   "name": "testconv3342e4f0-24cc-4e31-9079-9de6ecc8fb8b",
   "name_normalized": "testconv3342e4f0-24cc-4e31-9079-9de6ecc8fb8b",
   "is_channel": true,
   "is_group": false,
   "is_mpim": false,
   "is_private": false,
   "is_archived": true,
   "is_general": false,
   "is_shared": false,
   "is_ext_shared": false,
   "unlinked": 0,
   "is_pending_ext_shared": false,
   "pending_shared": [],
   "parent_conversation": null,
   "purpose": {
    "value": "Тестовая цель",
    "creator": "U06UG1CAYH2",
    "last_set": 1713715057
   },
   "topic": {
    "value": "Тестовая тема",
    "creator": "U06UG1CAYH2",
    "last_set": 1713715056
   },
   "shared_team_ids": [
    "***"
   ],
   "pending_connected_team_ids": [],
   "is_member": false,
   "num_members": 0,
   "previous_names": [
    "***"
   ]
  },
  {
   "id": "C070PJL9G4S",
   "created": 1714065591,
   "creator": "U06UG1CAYH2",
   "is_org_shared": false,
   "is_im": false,
   "context_team_id": "T06UD92BS3C",
   "updated": 1724394516129,
   "name": "testconvd0d10f25-1277-40cf-9a40-78ef91530c66",
   "name_normalized": "testconvd0d10f25-1277-40cf-9a40-78ef91530c66",
   "is_channel": true,
   "is_group": false,
   "is_mpim": false,
   "is_private": false,
   "is_archived": true,
   "is_general": false,
   "is_shared": false,
   "is_ext_shared": false,
   "unlinked": 0,
   "is_pending_ext_shared": false,
   "pending_shared": [],
   "parent_conversation": null,
   "purpose": {
    "value": "Тестовая цель",
    "creator": "U06UG1CAYH2",
    "last_set": 1714065592
   },
   "topic": {
    "value": "Тестовая тема",
    "creator": "U06UG1CAYH2",
    "last_set": 1714065591
   },
   "shared_team_ids": [
    "***"
   ],
   "pending_connected_team_ids": [],
   "is_member": false,
   "num_members": 0,
   "previous_names": [
    "***"
   ]
  },
  {
   "id": "C070RR6MLH2",
   "created": 1714063416,
   "creator": "U06UG1CAYH2",
   "is_org_shared": false,
   "is_im": false,
   "context_team_id": "T06UD92BS3C",
   "updated": 1724394516153,
   "name": "testconv71089f8a-ef35-4998-8fa6-3b61bd7c368d",
   "name_normalized": "testconv71089f8a-ef35-4998-8fa6-3b61bd7c368d",
   "is_channel": true,
   "is_group": false,
   "is_mpim": false,
   "is_private": false,
   "is_archived": true,
   "is_general": false,
   "is_shared": false,
   "is_ext_shared": false,
   "unlinked": 0,
   "is_pending_ext_shared": false,
   "pending_shared": [],
   "parent_conversation": null,
   "purpose": {
    "value": "Тестовая цель",
    "creator": "U06UG1CAYH2",
    "last_set": 1714063417
   },
   "topic": {
    "value": "Тестовая тема",
    "creator": "U06UG1CAYH2",
    "last_set": 1714063416
   },
   "shared_team_ids": [
    "***"
   ],
   "pending_connected_team_ids": [],
   "is_member": false,
   "num_members": 0,
   "previous_names": [
    "***"
   ]
  },
  {
   "id": "C070SHC74E8",
   "created": 1714070176,
   "creator": "U06UG1CAYH2",
   "is_org_shared": false,
   "is_im": false,
   "context_team_id": "T06UD92BS3C",
   "updated": 1724394516173,
   "name": "testconv53c9438c-a99a-40df-9eb3-d9445f684f72",
   "name_normalized": "testconv53c9438c-a99a-40df-9eb3-d9445f684f72",
   "is_channel": true,
   "is_group": false,
   "is_mpim": false,
   "is_private": false,
   "is_archived": true,
   "is_general": false,
   "is_shared": false,
   "is_ext_shared": false,
   "unlinked": 0,
   "is_pending_ext_shared": false,
   "pending_shared": [],
   "parent_conversation": null,
   "purpose": {
    "value": "Тестовая цель",
    "creator": "U06UG1CAYH2",
    "last_set": 1714070177
   },
   "topic": {
    "value": "Тестовая тема",
    "creator": "U06UG1CAYH2",
    "last_set": 1714070176
   },
   "shared_team_ids": [
    "***"
   ],
   "pending_connected_team_ids": [],
   "is_member": false,
   "num_members": 0,
   "previous_names": [
    "***"
   ]
  },
  {
   "id": "C070T2FU65C",
   "created": 1714250805,
   "creator": "U06UG1CAYH2",
   "is_org_shared": false,
   "is_im": false,
   "context_team_id": "T06UD92BS3C",
   "updated": 1724394516180,
   "name": "testconv235656ee-e93c-4ef6-934f-a880a64abd27",
   "name_normalized": "testconv235656ee-e93c-4ef6-934f-a880a64abd27",
   "is_channel": true,
   "is_group": false,
   "is_mpim": false,
   "is_private": false,
   "is_archived": true,
   "is_general": false,
   "is_shared": false,
   "is_ext_shared": false,
   "unlinked": 0,
   "is_pending_ext_shared": false,
   "pending_shared": [],
   "parent_conversation": null,
   "purpose": {
    "value": "Тестовая цель",
    "creator": "U06UG1CAYH2",
    "last_set": 1714250805
   },
   "topic": {
    "value": "Тестовая тема",
    "creator": "U06UG1CAYH2",
    "last_set": 1714250805
   },
   "shared_team_ids": [
    "***"
   ],
   "pending_connected_team_ids": [],
   "is_member": false,
   "num_members": 0,
   "previous_names": [
    "***"
   ]
  },
  {
   "id": "C070VPMKN8J",
   "created": 1714146542,
   "creator": "U06UG1CAYH2",
   "is_org_shared": false,
   "is_im": false,
   "context_team_id": "T06UD92BS3C",
   "updated": 1724394516208,
   "name": "testconv42a25b36-8de3-4293-a6a9-6b92e6ea81ec",
   "name_normalized": "testconv42a25b36-8de3-4293-a6a9-6b92e6ea81ec",
   "is_channel": true,
   "is_group": false,
   "is_mpim": false,
   "is_private": false,
   "is_archived": true,
   "is_general": false,
   "is_shared": false,
   "is_ext_shared": false,
   "unlinked": 0,
   "is_pending_ext_shared": false,
   "pending_shared": [],
   "parent_conversation": null,
   "purpose": {
    "value": "Тестовая цель",
    "creator": "U06UG1CAYH2",
    "last_set": 1714146542
   },
   "topic": {
    "value": "Тестовая тема",
    "creator": "U06UG1CAYH2",
    "last_set": 1714146542
   },
   "shared_team_ids": [
    "***"
   ],
   "pending_connected_team_ids": [],
   "is_member": false,
   "num_members": 0,
   "previous_names": [
    "***"
   ]
  },
  {
   "id": "C070XPVH2N9",
   "created": 1714306702,
   "creator": "U06UG1CAYH2",
   "is_org_shared": false,
   "is_im": false,
   "context_team_id": "T06UD92BS3C",
   "updated": 1724394516190,
   "name": "testconvf3ede6e7-4e1c-485f-b0ab-8d8622540534",
   "name_normalized": "testconvf3ede6e7-4e1c-485f-b0ab-8d8622540534",
   "is_channel": true,
   "is_group": false,
   "is_mpim": false,
   "is_private": false,
   "is_archived": true,
   "is_general": false,
   "is_shared": false,
   "is_ext_shared": false,
   "unlinked": 0,
   "is_pending_ext_shared": false,
   "pending_shared": [],
   "parent_conversation": null,
   "purpose": {
    "value": "Тестовая цель",
    "creator": "U06UG1CAYH2",
    "last_set": 1714306703
   },
   "topic": {
    "value": "Тестовая тема",
    "creator": "U06UG1CAYH2",
    "last_set": 1714306702
   },
   "shared_team_ids": [
    "***"
   ],
   "pending_connected_team_ids": [],
   "is_member": false,
   "num_members": 0,
   "previous_names": [
    "***"
   ]
  },
  {
   "id": "C070YTBN5T4",
   "created": 1714215818,
   "creator": "U06UG1CAYH2",
   "is_org_shared": false,
   "is_im": false,
   "context_team_id": "T06UD92BS3C",
   "updated": 1724394516219,
   "name": "testconv37c598b5-d596-46d7-aef3-dd45ec2a685c",
   "name_normalized": "testconv37c598b5-d596-46d7-aef3-dd45ec2a685c",
   "is_channel": true,
   "is_group": false,
   "is_mpim": false,
   "is_private": false,
   "is_archived": true,
   "is_general": false,
   "is_shared": false,
   "is_ext_shared": false,
   "unlinked": 0,
   "is_pending_ext_shared": false,
   "pending_shared": [],
   "parent_conversation": null,
   "purpose": {
    "value": "Тестовая цель",
    "creator": "U06UG1CAYH2",
    "last_set": 1714215818
   },
   "topic": {
    "value": "Тестовая тема",
    "creator": "U06UG1CAYH2",
    "last_set": 1714215818
   },
   "shared_team_ids": [
    "***"
   ],
   "pending_connected_team_ids": [],
   "is_member": false,
   "num_members": 0,
   "previous_names": [
    "***"
   ]
  },
  {
   "id": "C07126LF4TW",
   "created": 1714252940,
   "creator": "U06UG1CAYH2",
   "is_org_shared": false,
   "is_im": false,
   "context_team_id": "T06UD92BS3C",
   "updated": 1724394516242,
   "name": "testconv9a14fe4d-2fb1-4e47-b1e4-9bc1e4f7a05c",
   "name_normalized": "testconv9a14fe4d-2fb1-4e47-b1e4-9bc1e4f7a05c",
   "is_channel": true,
   "is_group": false,
   "is_mpim": false,
   "is_private": false,
   "is_archived": false,
   "is_general": false,
   "is_shared": false,
   "is_ext_shared": false,
   "unlinked": 0,
   "is_pending_ext_shared": false,
   "pending_shared": [],
   "parent_conversation": null,
   "purpose": {
    "value": "",
    "creator": "",
    "last_set": 0
   },
   "topic": {
    "value": "Тестовая тема",
    "creator": "U06UG1CAYH2",
    "last_set": 1714252979
   },
   "shared_team_ids": [
    "***"
   ],
   "pending_connected_team_ids": [],
   "is_member": true,
   "num_members": 1,
   "previous_names": []
  },
  {
   "id": "C0712U07K9A",
   "created": 1714294056,
   "creator": "U06UG1CAYH2",
   "is_org_shared": false,
   "is_im": false,
   "context_team_id": "T06UD92BS3C",
   "updated": 1724394516289,
   "name": "testconv22662617-59cd-4d63-8943-c3d9675ba80f",
   "name_normalized": "testconv22662617-59cd-4d63-8943-c3d9675ba80f",
   "is_channel": true,
   "is_group": false,
   "is_mpim": false,
   "is_private": false,
   "is_archived": true,
   "is_general": false,
   "is_shared": false,
   "is_ext_shared": false,
   "unlinked": 0,
   "is_pending_ext_shared": false,
   "pending_shared": [],
   "parent_conversation": null,
   "purpose": {
    "value": "Тестовая цель",
    "creator": "U06UG1CAYH2",
    "last_set": 1714294057
   },
   "topic": {
    "value": "Тестовая тема",
    "creator": "U06UG1CAYH2",
    "last_set": 1714294056
   },
   "shared_team_ids": [
    "***"
   ],
   "pending_connected_team_ids": [],
   "is_member": false,
   "num_members": 0,
   "previous_names": [
    "***"
   ]
  },
  {
   "id": "C071U5W2V2S",
   "created": 1714856185,
   "creator": "U06UG1CAYH2",
   "is_org_shared": false,
   "is_im": false,
   "context_team_id": "T06UD92BS3C",
   "updated": 1724394516233,
   "name": "testconvac4c81c6-b921-4ccc-8aaf-3531dbda497f",
   "name_normalized": "testconvac4c81c6-b921-4ccc-8aaf-3531dbda497f",
   "is_channel": true,
   "is_group": false,
   "is_mpim": false,
   "is_private": false,
   "is_archived": true,
   "is_general": false,
   "is_shared": false,
   "is_ext_shared": false,
   "unlinked": 0,
   "is_pending_ext_shared": false,
   "pending_shared": [],
   "parent_conversation": null,
   "purpose": {
    "value": "Тестовая цель",
    "creator": "U06UG1CAYH2",
    "last_set": 1714856185
   },
   "topic": {
    "value": "Тестовая тема",
    "creator": "U06UG1CAYH2",
    "last_set": 1714856185
   },
   "shared_team_ids": [
    "***"
   ],
   "pending_connected_team_ids": [],
   "is_member": false,
   "num_members": 0,
   "previous_names": [
    "***"
   ]
  },
  {
   "id": "C071U6N253Q",
   "created": 1714857525,
   "creator": "U06UG1CAYH2",
   "is_org_shared": false,
   "is_im": false,
   "context_team_id": "T06UD92BS3C",
   "updated": 1724394516255,
   "name": "testconv2eb90b19-cd9f-4882-a137-031a5e49e46a",
   "name_normalized": "testconv2eb90b19-cd9f-4882-a137-031a5e49e46a",
   "is_channel": true,
   "is_group": false,
   "is_mpim": false,
   "is_private": false,
   "is_archived": true,
   "is_general": false,
   "is_shared": false,
   "is_ext_shared": false,
   "unlinked": 0,
   "is_pending_ext_shared": false,
   "pending_shared": [],
   "parent_conversation": null,
   "purpose": {
    "value": "Тестовая цель",
    "creator": "U06UG1CAYH2",
    "last_set": 1714857525
   },
   "topic": {
    "value": "Тестовая тема",
    "creator": "U06UG1CAYH2",
    "last_set": 1714857525
   },
   "shared_team_ids": [
    "***"
   ],
   "pending_connected_team_ids": [],
   "is_member": false,
   "num_members": 0,
   "previous_names": [
    "***"
   ]
  },
  {
   "id": "C071XLQ7PQD",
   "created": 1714845681,
   "creator": "U06UG1CAYH2",
   "is_org_shared": false,
   "is_im": false,
   "context_team_id": "T06UD92BS3C",
   "updated": 1724394516271,
   "name": "testconv72fd8a05-c451-4119-af2a-11d51705b9b8",
   "name_normalized": "testconv72fd8a05-c451-4119-af2a-11d51705b9b8",
   "is_channel": true,
   "is_group": false,
   "is_mpim": false,
   "is_private": false,
   "is_archived": true,
   "is_general": false,
   "is_shared": false,
   "is_ext_shared": false,
   "unlinked": 0,
   "is_pending_ext_shared": false,
   "pending_shared": [],
   "parent_conversation": null,
   "purpose": {
    "value": "Тестовая цель",
    "creator": "U06UG1CAYH2",
    "last_set": 1714845681
   },
   "topic": {
    "value": "Тестовая тема",
    "creator": "U06UG1CAYH2",
    "last_set": 1714845681
   },
   "shared_team_ids": [
    "***"
   ],
   "pending_connected_team_ids": [],
   "is_member": false,
   "num_members": 0,
   "previous_names": [
    "***"
   ]
  },
  {
   "id": "C0721GLMJTU",
   "created": 1714897733,
   "creator": "U06UG1CAYH2",
   "is_org_shared": false,
   "is_im": false,
   "context_team_id": "T06UD92BS3C",
   "updated": 1724394516309,
   "name": "testconv317cecec-827a-4f32-b189-0e6fc041fcd9",
   "name_normalized": "testconv317cecec-827a-4f32-b189-0e6fc041fcd9",
   "is_channel": true,
   "is_group": false,
   "is_mpim": false,
   "is_private": false,
   "is_archived": true,
   "is_general": false,
   "is_shared": false,
   "is_ext_shared": false,
   "unlinked": 0,
   "is_pending_ext_shared": false,
   "pending_shared": [],
   "parent_conversation": null,
   "purpose": {
    "value": "Тестовая цель",
    "creator": "U06UG1CAYH2",
    "last_set": 1714897734
   },
   "topic": {
    "value": "Тестовая тема",
    "creator": "U06UG1CAYH2",
    "last_set": 1714897733
   },
   "shared_team_ids": [
    "***"
   ],
   "pending_connected_team_ids": [],
   "is_member": false,
   "num_members": 0,
   "previous_names": [
    "***"
   ]
  },
  {
   "id": "C0724NUTLNB",
   "created": 1715183466,
   "creator": "U06UG1CAYH2",
   "is_org_shared": false,
   "is_im": false,
   "context_team_id": "T06UD92BS3C",
   "updated": 1724394516263,
   "name": "testconv6e80c811-fa13-426f-880f-f966926ee34c",
   "name_normalized": "testconv6e80c811-fa13-426f-880f-f966926ee34c",
   "is_channel": true,
   "is_group": false,
   "is_mpim": false,
   "is_private": false,
   "is_archived": true,
   "is_general": false,
   "is_shared": false,
   "is_ext_shared": false,
   "unlinked": 0,
   "is_pending_ext_shared": false,
   "pending_shared": [],
   "parent_conversation": null,
   "purpose": {
    "value": "Тестовая цель",
    "creator": "U06UG1CAYH2",
    "last_set": 1715183466
   },
   "topic": {
    "value": "Тестовая тема",
    "creator": "U06UG1CAYH2",
    "last_set": 1715183466
   },
   "shared_team_ids": [
    "***"
   ],
   "pending_connected_team_ids": [],
   "is_member": false,
   "num_members": 0,
   "previous_names": [
    "***"
   ]
  },
  {
   "id": "C072KRSPV2A",
   "created": 1715280098,
   "creator": "U06UG1CAYH2",
   "is_org_shared": false,
   "is_im": false,
   "context_team_id": "T06UD92BS3C",
   "updated": 1724394516377,
   "name": "testconvca347893-9e51-4d87-bbf4-96c19acc4ca1",
   "name_normalized": "testconvca347893-9e51-4d87-bbf4-96c19acc4ca1",
   "is_channel": true,
   "is_group": false,
   "is_mpim": false,
   "is_private": false,
   "is_archived": true,
   "is_general": false,
   "is_shared": false,
   "is_ext_shared": false,
   "unlinked": 0,
   "is_pending_ext_shared": false,
   "pending_shared": [],
   "parent_conversation": null,
   "purpose": {
    "value": "Тестовая цель",
    "creator": "U06UG1CAYH2",
    "last_set": 1715280098
   },
   "topic": {
    "value": "Тестовая тема",
    "creator": "U06UG1CAYH2",
    "last_set": 1715280098
   },
   "shared_team_ids": [
    "***"
   ],
   "pending_connected_team_ids": [],
   "is_member": false,
   "num_members": 0,
   "previous_names": [
    "***"
   ]
  },
  {
   "id": "C072N0VGGKX",
   "created": 1715264695,
   "creator": "U06UG1CAYH2",
   "is_org_shared": false,
   "is_im": false,
   "context_team_id": "T06UD92BS3C",
   "updated": 1724394516327,
   "name": "testconva9d83edf-0ff1-4465-bc12-352d38ad03ab",
   "name_normalized": "testconva9d83edf-0ff1-4465-bc12-352d38ad03ab",
   "is_channel": true,
   "is_group": false,
   "is_mpim": false,
   "is_private": false,
   "is_archived": true,
   "is_general": false,
   "is_shared": false,
   "is_ext_shared": false,
   "unlinked": 0,
   "is_pending_ext_shared": false,
   "pending_shared": [],
   "parent_conversation": null,
   "purpose": {
    "value": "Тестовая цель",
    "creator": "U06UG1CAYH2",
    "last_set": 1715264696
   },
   "topic": {
    "value": "Тестовая тема",
    "creator": "U06UG1CAYH2",
    "last_set": 1715264696
   },
   "shared_team_ids": [
    "***"
   ],
   "pending_connected_team_ids": [],
   "is_member": false,
   "num_members": 0,
   "previous_names": [
    "***"
   ]
  },
  {
   "id": "C072PKDN6AU",
   "created": 1714858376,
   "creator": "U06UG1CAYH2",
   "is_org_shared": false,
   "is_im": false,
   "context_team_id": "T06UD92BS3C",
   "updated": 1724394516280,
   "name": "testconv86d847f9-515c-48b6-963b-1eb5eb95b1cd",
   "name_normalized": "testconv86d847f9-515c-48b6-963b-1eb5eb95b1cd",
   "is_channel": true,
   "is_group": false,
   "is_mpim": false,
   "is_private": false,
   "is_archived": true,
   "is_general": false,
   "is_shared": false,
   "is_ext_shared": false,
   "unlinked": 0,
   "is_pending_ext_shared": false,
   "pending_shared": [],
   "parent_conversation": null,
   "purpose": {
    "value": "Тестовая цель",
    "creator": "U06UG1CAYH2",
    "last_set": 1714858376
   },
   "topic": {
    "value": "Тестовая тема",
    "creator": "U06UG1CAYH2",
    "last_set": 1714858376
   },
   "shared_team_ids": [
    "***"
   ],
   "pending_connected_team_ids": [],
   "is_member": false,
   "num_members": 0,
   "previous_names": [
    "***"
   ]
  },
  {
   "id": "C072RNVRX3Q",
   "created": 1715365082,
   "creator": "U06UG1CAYH2",
   "is_org_shared": false,
   "is_im": false,
   "context_team_id": "T06UD92BS3C",
   "updated": 1724394516299,
   "name": "testconv920720e8-6ca3-48d4-a1d7-7e57037e82d2",
   "name_normalized": "testconv920720e8-6ca3-48d4-a1d7-7e57037e82d2",
   "is_channel": true,
   "is_group": false,
   "is_mpim": false,
   "is_private": false,
   "is_archived": true,
   "is_general": false,
   "is_shared": false,
   "is_ext_shared": false,
   "unlinked": 0,
   "is_pending_ext_shared": false,
   "pending_shared": [],
   "parent_conversation": null,
   "purpose": {
    "value": "Тестовая цель",
    "creator": "U06UG1CAYH2",
    "last_set": 1715365082
   },
   "topic": {
    "value": "Тестовая тема",
    "creator": "U06UG1CAYH2",
    "last_set": 1715365082
   },
   "shared_team_ids": [
    "***"
   ],
   "pending_connected_team_ids": [],
   "is_member": false,
   "num_members": 0,
   "previous_names": [
    "***"
   ]
  },
  {
   "id": "C072SG85068",
   "created": 1715254432,
   "creator": "U06UG1CAYH2",
   "is_org_shared": false,
   "is_im": false,
   "context_team_id": "T06UD92BS3C",
   "updated": 1724394516337,
   "name": "testconv2f424c3d-4406-421f-8a86-c13a4bae28d2",
   "name_normalized": "testconv2f424c3d-4406-421f-8a86-c13a4bae28d2",
   "is_channel": true,
   "is_group": false,
   "is_mpim": false,
   "is_private": false,
   "is_archived": true,
   "is_general": false,
   "is_shared": false,
   "is_ext_shared": false,
   "unlinked": 0,
   "is_pending_ext_shared": false,
   "pending_shared": [],
   "parent_conversation": null,
   "purpose": {
    "value": "Тестовая цель",
    "creator": "U06UG1CAYH2",
    "last_set": 1715254432
   },
   "topic": {
    "value": "Тестовая тема",
    "creator": "U06UG1CAYH2",
    "last_set": 1715254432
   },
   "shared_team_ids": [
    "***"
   ],
   "pending_connected_team_ids": [],
   "is_member": false,
   "num_members": 0,
   "previous_names": [
    "***"
   ]
  },
  {
   "id": "C073058PW3D",
   "created": 1715416325,
   "creator": "U06UG1CAYH2",
   "is_org_shared": false,
   "is_im": false,
   "context_team_id": "T06UD92BS3C",
   "updated": 1724394516317,
   "name": "testconv95a78bcf-7ef8-484e-b4e7-f36448b60617",
   "name_normalized": "testconv95a78bcf-7ef8-484e-b4e7-f36448b60617",
   "is_channel": true,
   "is_group": false,
   "is_mpim": false,
   "is_private": false,
   "is_archived": true,
   "is_general": false,
   "is_shared": false,
   "is_ext_shared": false,
   "unlinked": 0,
   "is_pending_ext_shared": false,
   "pending_shared": [],
   "parent_conversation": null,
   "purpose": {
    "value": "Тестовая цель",
    "creator": "U06UG1CAYH2",
    "last_set": 1715416326
   },
   "topic": {
    "value": "Тестовая тема",
    "creator": "U06UG1CAYH2",
    "last_set": 1715416326
   },
   "shared_team_ids": [
    "***"
   ],
   "pending_connected_team_ids": [],
   "is_member": false,
   "num_members": 0,
   "previous_names": [
    "***"
   ]
  },
  {
   "id": "C0732C2MA9H",
   "created": 1715533791,
   "creator": "U06UG1CAYH2",
   "is_org_shared": false,
   "is_im": false,
   "context_team_id": "T06UD92BS3C",
   "updated": 1724394516354,
   "name": "testconv5d1687a2-e4b0-4da8-80e5-13acf70207d3",
   "name_normalized": "testconv5d1687a2-e4b0-4da8-80e5-13acf70207d3",
   "is_channel": true,
   "is_group": false,
   "is_mpim": false,
   "is_private": false,
   "is_archived": true,
   "is_general": false,
   "is_shared": false,
   "is_ext_shared": false,
   "unlinked": 0,
   "is_pending_ext_shared": false,
   "pending_shared": [],
   "parent_conversation": null,
   "purpose": {
    "value": "Тестовая цель",
    "creator": "U06UG1CAYH2",
    "last_set": 1715533791
   },
   "topic": {
    "value": "Тестовая тема",
    "creator": "U06UG1CAYH2",
    "last_set": 1715533791
   },
   "shared_team_ids": [
    "***"
   ],
   "pending_connected_team_ids": [],
   "is_member": false,
   "num_members": 0,
   "previous_names": [
    "***"
   ]
  },
  {
   "id": "C07350Q78KW",
   "created": 1715535207,
   "creator": "U06UG1CAYH2",
   "is_org_shared": false,
   "is_im": false,
   "context_team_id": "T06UD92BS3C",
   "updated": 1724394516345,
   "name": "testconv4644a63d-1b7f-4613-ab55-3d02040318f7",
   "name_normalized": "testconv4644a63d-1b7f-4613-ab55-3d02040318f7",
   "is_channel": true,
   "is_group": false,
   "is_mpim": false,
   "is_private": false,
   "is_archived": true,
   "is_general": false,
   "is_shared": false,
   "is_ext_shared": false,
   "unlinked": 0,
   "is_pending_ext_shared": false,
   "pending_shared": [],
   "parent_conversation": null,
   "purpose": {
    "value": "Тестовая цель",
    "creator": "U06UG1CAYH2",
    "last_set": 1715535208
   },
   "topic": {
    "value": "Тестовая тема",
    "creator": "U06UG1CAYH2",
    "last_set": 1715535208
   },
   "shared_team_ids": [
    "***"
   ],
   "pending_connected_team_ids": [],
   "is_member": false,
   "num_members": 0,
   "previous_names": [
    "***"
   ]
  },
  {
   "id": "C073CT5TWQH",
   "created": 1715414533,
   "creator": "U06UG1CAYH2",
   "is_org_shared": false,
   "is_im": false,
   "context_team_id": "T06UD92BS3C",
   "updated": 1724394516367,
   "name": "testconv07520087-96b6-43a3-bdcc-7b1d89b31d0c",
   "name_normalized": "testconv07520087-96b6-43a3-bdcc-7b1d89b31d0c",
   "is_channel": true,
   "is_group": false,
   "is_mpim": false,
   "is_private": false,
   "is_archived": true,
   "is_general": false,
   "is_shared": false,
   "is_ext_shared": false,
   "unlinked": 0,
   "is_pending_ext_shared": false,
   "pending_shared": [],
   "parent_conversation": null,
   "purpose": {
    "value": "Тестовая цель",
    "creator": "U06UG1CAYH2",
    "last_set": 1715414534
   },
   "topic": {
    "value": "Тестовая тема",
    "creator": "U06UG1CAYH2",
    "last_set": 1715414533
   },
   "shared_team_ids": [
    "***"
   ],
   "pending_connected_team_ids": [],
   "is_member": false,
   "num_members": 0,
   "previous_names": [
    "***"
   ]
  },
  {
   "id": "C073DTS7X41",
   "created": 1715465341,
   "creator": "U06UG1CAYH2",
   "is_org_shared": false,
   "is_im": false,
   "context_team_id": "T06UD92BS3C",
   "updated": 1724394516434,
   "name": "testconv1b050fb7-cd09-426a-9ee6-dc6bf119d8b7",
   "name_normalized": "testconv1b050fb7-cd09-426a-9ee6-dc6bf119d8b7",
   "is_channel": true,
   "is_group": false,
   "is_mpim": false,
   "is_private": false,
   "is_archived": true,
   "is_general": false,
   "is_shared": false,
   "is_ext_shared": false,
   "unlinked": 0,
   "is_pending_ext_shared": false,
   "pending_shared": [],
   "parent_conversation": null,
   "purpose": {
    "value": "Тестовая цель",
    "creator": "U06UG1CAYH2",
    "last_set": 1715465341
   },
   "topic": {
    "value": "Тестовая тема",
    "creator": "U06UG1CAYH2",
    "last_set": 1715465341
   },
   "shared_team_ids": [
    "***"
   ],
   "pending_connected_team_ids": [],
   "is_member": false,
   "num_members": 0,
   "previous_names": [
    "***"
   ]
  },
  {
   "id": "C074GQSPHAM",
   "created": 1716114219,
   "creator": "U06UG1CAYH2",
   "is_org_shared": false,
   "is_im": false,
   "context_team_id": "T06UD92BS3C",
   "updated": 1724394516424,
   "name": "testconvaec723f7-7de4-4079-b233-93b31a31401d",
   "name_normalized": "testconvaec723f7-7de4-4079-b233-93b31a31401d",
   "is_channel": true,
   "is_group": false,
   "is_mpim": false,
   "is_private": false,
   "is_archived": true,
   "is_general": false,
   "is_shared": false,
   "is_ext_shared": false,
   "unlinked": 0,
   "is_pending_ext_shared": false,
   "pending_shared": [],
   "parent_conversation": null,
   "purpose": {
    "value": "Тестовая цель",
    "creator": "U06UG1CAYH2",
    "last_set": 1716114220
   },
   "topic": {
    "value": "Тестовая тема",
    "creator": "U06UG1CAYH2",
    "last_set": 1716114220
   },
   "shared_team_ids": [
    "***"
   ],
   "pending_connected_team_ids": [],
   "is_member": false,
   "num_members": 0,
   "previous_names": [
    "***"
   ]
  },
  {
   "id": "C074K4154SE",
   "created": 1716360927,
   "creator": "U06UG1CAYH2",
   "is_org_shared": false,
   "is_im": false,
   "context_team_id": "T06UD92BS3C",
   "updated": 1724394516404,
   "name": "testconv2bdbfb37-f761-47ee-90d3-ab3cef19eb04",
   "name_normalized": "testconv2bdbfb37-f761-47ee-90d3-ab3cef19eb04",
   "is_channel": true,
   "is_group": false,
   "is_mpim": false,
   "is_private": false,
   "is_archived": true,
   "is_general": false,
   "is_shared": false,
   "is_ext_shared": false,
   "unlinked": 0,
   "is_pending_ext_shared": false,
   "pending_shared": [],
   "parent_conversation": null,
   "purpose": {
    "value": "Тестовая цель",
    "creator": "U06UG1CAYH2",
    "last_set": 1716360928
   },
   "topic": {
    "value": "Тестовая тема",
    "creator": "U06UG1CAYH2",
    "last_set": 1716360928
   },
   "shared_team_ids": [
    "***"
   ],
   "pending_connected_team_ids": [],
   "is_member": false,
   "num_members": 0,
   "previous_names": [
    "***"
   ]
  },
  {
   "id": "C074QSWRSA3",
   "created": 1716712401,
   "creator": "U06UG1CAYH2",
   "is_org_shared": false,
   "is_im": false,
   "context_team_id": "T06UD92BS3C",
   "updated": 1724394516387,
   "name": "testconvdfeaa707-2421-4355-ae5b-d451fa2a3da2",
   "name_normalized": "testconvdfeaa707-2421-4355-ae5b-d451fa2a3da2",
   "is_channel": true,
   "is_group": false,
   "is_mpim": false,
   "is_private": false,
   "is_archived": true,
   "is_general": false,
   "is_shared": false,
   "is_ext_shared": false,
   "unlinked": 0,
   "is_pending_ext_shared": false,
   "pending_shared": [],
   "parent_conversation": null,
   "purpose": {
    "value": "Тестовая цель",
    "creator": "U06UG1CAYH2",
    "last_set": 1716712401
   },
   "topic": {
    "value": "Тестовая тема",
    "creator": "U06UG1CAYH2",
    "last_set": 1716712401
   },
   "shared_team_ids": [
    "***"
   ],
   "pending_connected_team_ids": [],
   "is_member": false,
   "num_members": 0,
   "previous_names": [
    "***"
   ]
  },
  {
   "id": "C0753TWP6GJ",
   "created": 1716632215,
   "creator": "U06UG1CAYH2",
   "is_org_shared": false,
   "is_im": false,
   "context_team_id": "T06UD92BS3C",
   "updated": 1724394516454,
   "name": "testconv270630cb-45f7-4943-b32a-6aa3112b1139",
   "name_normalized": "testconv270630cb-45f7-4943-b32a-6aa3112b1139",
   "is_channel": true,
   "is_group": false,
   "is_mpim": false,
   "is_private": false,
   "is_archived": true,
   "is_general": false,
   "is_shared": false,
   "is_ext_shared": false,
   "unlinked": 0,
   "is_pending_ext_shared": false,
   "pending_shared": [],
   "parent_conversation": null,
   "purpose": {
    "value": "Тестовая цель",
    "creator": "U06UG1CAYH2",
    "last_set": 1716632216
   },
   "topic": {
    "value": "Тестовая тема",
    "creator": "U06UG1CAYH2",
    "last_set": 1716632215
   },
   "shared_team_ids": [
    "***"
   ],
   "pending_connected_team_ids": [],
   "is_member": false,
   "num_members": 0,
   "previous_names": [
    "***"
   ]
  },
  {
   "id": "C0757FQL0DC",
   "created": 1716901682,
   "creator": "U06UG1CAYH2",
   "is_org_shared": false,
   "is_im": false,
   "context_team_id": "T06UD92BS3C",
   "updated": 1724394516395,
   "name": "testconva374355b-4713-4af3-888f-10ed2f310437",
   "name_normalized": "testconva374355b-4713-4af3-888f-10ed2f310437",
   "is_channel": true,
   "is_group": false,
   "is_mpim": false,
   "is_private": false,
   "is_archived": true,
   "is_general": false,
   "is_shared": false,
   "is_ext_shared": false,
   "unlinked": 0,
   "is_pending_ext_shared": false,
   "pending_shared": [],
   "parent_conversation": null,
   "purpose": {
    "value": "Тестовая цель",
    "creator": "U06UG1CAYH2",
    "last_set": 1716901683
   },
   "topic": {
    "value": "Тестовая тема",
    "creator": "U06UG1CAYH2",
    "last_set": 1716901683
   },
   "shared_team_ids": [
    "***"
   ],
   "pending_connected_team_ids": [],
   "is_member": false,
   "num_members": 0,
   "previous_names": [
    "***"
   ]
  },
  {
   "id": "C075BC1309M",
   "created": 1717054689,
   "creator": "U06UG1CAYH2",
   "is_org_shared": false,
   "is_im": false,
   "context_team_id": "T06UD92BS3C",
   "updated": 1724394516413,
   "name": "testconva53ac4d8-918c-4849-8954-61e00c53d649",
   "name_normalized": "testconva53ac4d8-918c-4849-8954-61e00c53d649",
   "is_channel": true,
   "is_group": false,
   "is_mpim": false,
   "is_private": false,
   "is_archived": true,
   "is_general": false,
   "is_shared": false,
   "is_ext_shared": false,
   "unlinked": 0,
   "is_pending_ext_shared": false,
   "pending_shared": [],
   "parent_conversation": null,
   "purpose": {
    "value": "Тестовая цель",
    "creator": "U06UG1CAYH2",
    "last_set": 1717054689
   },
   "topic": {
    "value": "Тестовая тема",
    "creator": "U06UG1CAYH2",
    "last_set": 1717054689
   },
   "shared_team_ids": [
    "***"
   ],
   "pending_connected_team_ids": [],
   "is_member": false,
   "num_members": 0,
   "previous_names": [
    "***"
   ]
  },
  {
   "id": "C075CPX3XHV",
   "created": 1717072320,
   "creator": "U06UG1CAYH2",
   "is_org_shared": false,
   "is_im": false,
   "context_team_id": "T06UD92BS3C",
   "updated": 1724394516444,
   "name": "testconv0047fb9b-979d-4066-b6db-5a57f3fd0bc9",
   "name_normalized": "testconv0047fb9b-979d-4066-b6db-5a57f3fd0bc9",
   "is_channel": true,
   "is_group": false,
   "is_mpim": false,
   "is_private": false,
   "is_archived": true,
   "is_general": false,
   "is_shared": false,
   "is_ext_shared": false,
   "unlinked": 0,
   "is_pending_ext_shared": false,
   "pending_shared": [],
   "parent_conversation": null,
   "purpose": {
    "value": "Тестовая цель",
    "creator": "U06UG1CAYH2",
    "last_set": 1717072320
   },
   "topic": {
    "value": "Тестовая тема",
    "creator": "U06UG1CAYH2",
    "last_set": 1717072320
   },
   "shared_team_ids": [
    "***"
   ],
   "pending_connected_team_ids": [],
   "is_member": false,
   "num_members": 0,
   "previous_names": [
    "***"
   ]
  },
  {
   "id": "C075G1DQU69",
   "created": 1716965443,
   "creator": "U06UG1CAYH2",
   "is_org_shared": false,
   "is_im": false,
   "context_team_id": "T06UD92BS3C",
   "updated": 1724394516475,
   "name": "testconvc67ece39-cece-4bc3-b429-901de9ed0697",
   "name_normalized": "testconvc67ece39-cece-4bc3-b429-901de9ed0697",
   "is_channel": true,
   "is_group": false,
   "is_mpim": false,
   "is_private": false,
   "is_archived": true,
   "is_general": false,
   "is_shared": false,
   "is_ext_shared": false,
   "unlinked": 0,
   "is_pending_ext_shared": false,
   "pending_shared": [],
   "parent_conversation": null,
   "purpose": {
    "value": "Тестовая цель",
    "creator": "U06UG1CAYH2",
    "last_set": 1716965443
   },
   "topic": {
    "value": "Тестовая тема",
    "creator": "U06UG1CAYH2",
    "last_set": 1716965443
   },
   "shared_team_ids": [
    "***"
   ],
   "pending_connected_team_ids": [],
   "is_member": false,
   "num_members": 0,
   "previous_names": [
    "***"
   ]
  },
  {
   "id": "C075GPVFZ52",
   "created": 1716903243,
   "creator": "U06UG1CAYH2",
   "is_org_shared": false,
   "is_im": false,
   "context_team_id": "T06UD92BS3C",
   "updated": 1724394516627,
   "name": "testconv021248c9-2aa0-400d-b18c-e555c8c68acd",
   "name_normalized": "testconv021248c9-2aa0-400d-b18c-e555c8c68acd",
   "is_channel": true,
   "is_group": false,
   "is_mpim": false,
   "is_private": false,
   "is_archived": true,
   "is_general": false,
   "is_shared": false,
   "is_ext_shared": false,
   "unlinked": 0,
   "is_pending_ext_shared": false,
   "pending_shared": [],
   "parent_conversation": null,
   "purpose": {
    "value": "Тестовая цель",
    "creator": "U06UG1CAYH2",
    "last_set": 1716903244
   },
   "topic": {
    "value": "Тестовая тема",
    "creator": "U06UG1CAYH2",
    "last_set": 1716903244
   },
   "shared_team_ids": [
    "***"
   ],
   "pending_connected_team_ids": [],
   "is_member": false,
   "num_members": 0,
   "previous_names": [
    "***"
   ]
  },
  {
   "id": "C075QMR63A8",
   "created": 1717000102,
   "creator": "U06UG1CAYH2",
   "is_org_shared": false,
   "is_im": false,
   "context_team_id": "T06UD92BS3C",
   "updated": 1724394516572,
   "name": "testconv392ce12a-2a70-4567-826c-3849114ca095",
   "name_normalized": "testconv392ce12a-2a70-4567-826c-3849114ca095",
   "is_channel": true,
   "is_group": false,
   "is_mpim": false,
   "is_private": false,
   "is_archived": true,
   "is_general": false,
   "is_shared": false,
   "is_ext_shared": false,
   "unlinked": 0,
   "is_pending_ext_shared": false,
   "pending_shared": [],
   "parent_conversation": null,
   "purpose": {
    "value": "Тестовая цель",
    "creator": "U06UG1CAYH2",
    "last_set": 1717000103
   },
   "topic": {
    "value": "Тестовая тема",
    "creator": "U06UG1CAYH2",
    "last_set": 1717000102
   },
   "shared_team_ids": [
    "***"
   ],
   "pending_connected_team_ids": [],
   "is_member": false,
   "num_members": 0,
   "previous_names": [
    "***"
   ]
  },
  {
   "id": "C075UDQ9MN3",
   "created": 1717408700,
   "creator": "U06UG1CAYH2",
   "is_org_shared": false,
   "is_im": false,
   "context_team_id": "T06UD92BS3C",
   "updated": 1724394516464,
   "name": "testconv148aa6ba-9527-4c7c-a157-99b03e151b5a",
   "name_normalized": "testconv148aa6ba-9527-4c7c-a157-99b03e151b5a",
   "is_channel": true,
   "is_group": false,
   "is_mpim": false,
   "is_private": false,
   "is_archived": true,
   "is_general": false,
   "is_shared": false,
   "is_ext_shared": false,
   "unlinked": 0,
   "is_pending_ext_shared": false,
   "pending_shared": [],
   "parent_conversation": null,
   "purpose": {
    "value": "TestGoal",
    "creator": "U06UG1CAYH2",
    "last_set": 1717408700
   },
   "topic": {
    "value": "TestTopic",
    "creator": "U06UG1CAYH2",
    "last_set": 1717408700
   },
   "shared_team_ids": [
    "***"
   ],
   "pending_connected_team_ids": [],
   "is_member": false,
   "num_members": 0,
   "previous_names": [
    "***"
   ]
  },
  {
   "id": "C0764FWP1GB",
   "created": 1717260325,
   "creator": "U06UG1CAYH2",
   "is_org_shared": false,
   "is_im": false,
   "context_team_id": "T06UD92BS3C",
   "updated": 1724394516490,
   "name": "testconva4013098-9507-4065-a1bc-c6168d029163",
   "name_normalized": "testconva4013098-9507-4065-a1bc-c6168d029163",
   "is_channel": true,
   "is_group": false,
   "is_mpim": false,
   "is_private": false,
   "is_archived": false,
   "is_general": false,
   "is_shared": false,
   "is_ext_shared": false,
   "unlinked": 0,
   "is_pending_ext_shared": false,
   "pending_shared": [],
   "parent_conversation": null,
   "purpose": {
    "value": "",
    "creator": "",
    "last_set": 0
   },
   "topic": {
    "value": "",
    "creator": "",
    "last_set": 0
   },
   "shared_team_ids": [
    "***"
   ],
   "pending_connected_team_ids": [],
   "is_member": true,
   "num_members": 1,
   "previous_names": []
  },
  {
   "id": "C0764KRUFCJ",
   "created": 1717261169,
   "creator": "U06UG1CAYH2",
   "is_org_shared": false,
   "is_im": false,
   "context_team_id": "T06UD92BS3C",
   "updated": 1724394516541,
   "name": "testconv8dac87f5-0aae-4e97-8bed-b7c28fe3a058",
   "name_normalized": "testconv8dac87f5-0aae-4e97-8bed-b7c28fe3a058",
   "is_channel": true,
   "is_group": false,
   "is_mpim": false,
   "is_private": false,
   "is_archived": true,
   "is_general": false,
   "is_shared": false,
   "is_ext_shared": false,
   "unlinked": 0,
   "is_pending_ext_shared": false,
   "pending_shared": [],
   "parent_conversation": null,
   "purpose": {
    "value": "Тестовая цель",
    "creator": "U06UG1CAYH2",
    "last_set": 1717261169
   },
   "topic": {
    "value": "Тестовая тема",
    "creator": "U06UG1CAYH2",
    "last_set": 1717261169
   },
   "shared_team_ids": [
    "***"
   ],
   "pending_connected_team_ids": [],
   "is_member": false,
   "num_members": 0,
   "previous_names": [
    "***"
   ]
  },
  {
   "id": "C07661PCJ3C",
   "created": 1717331299,
   "creator": "U06UG1CAYH2",
   "is_org_shared": false,
   "is_im": false,
   "context_team_id": "T06UD92BS3C",
   "updated": 1724394516517,
   "name": "testconvfaf5249c-24ed-4e4f-b077-ae51f3e3d302",
   "name_normalized": "testconvfaf5249c-24ed-4e4f-b077-ae51f3e3d302",
   "is_channel": true,
   "is_group": false,
   "is_mpim": false,
   "is_private": false,
   "is_archived": true,
   "is_general": false,
   "is_shared": false,
   "is_ext_shared": false,
   "unlinked": 0,
   "is_pending_ext_shared": false,
   "pending_shared": [],
   "parent_conversation": null,
   "purpose": {
    "value": "Тестовая цель",
    "creator": "U06UG1CAYH2",
    "last_set": 1717331299
   },
   "topic": {
    "value": "Тестовая тема",
    "creator": "U06UG1CAYH2",
    "last_set": 1717331299
   },
   "shared_team_ids": [
    "***"
   ],
   "pending_connected_team_ids": [],
   "is_member": false,
   "num_members": 0,
   "previous_names": [
    "***"
   ]
  },
  {
   "id": "C07669DQL82",
   "created": 1717343115,
   "creator": "U06UG1CAYH2",
   "is_org_shared": false,
   "is_im": false,
   "context_team_id": "T06UD92BS3C",
   "updated": 1724394516528,
   "name": "testconv32ff5b7b-41ce-447e-8abc-b6788b27e346",
   "name_normalized": "testconv32ff5b7b-41ce-447e-8abc-b6788b27e346",
   "is_channel": true,
   "is_group": false,
   "is_mpim": false,
   "is_private": false,
   "is_archived": true,
   "is_general": false,
   "is_shared": false,
   "is_ext_shared": false,
   "unlinked": 0,
   "is_pending_ext_shared": false,
   "pending_shared": [],
   "parent_conversation": null,
   "purpose": {
    "value": "TestGoal",
    "creator": "U06UG1CAYH2",
    "last_set": 1717343116
   },
   "topic": {
    "value": "TestTopic",
    "creator": "U06UG1CAYH2",
    "last_set": 1717343116
   },
   "shared_team_ids": [
    "***"
   ],
   "pending_connected_team_ids": [],
   "is_member": false,
   "num_members": 0,
   "previous_names": [
    "***"
   ]
  },
  {
   "id": "C07677B0BSQ",
   "created": 1717265593,
   "creator": "U06UG1CAYH2",
   "is_org_shared": false,
   "is_im": false,
   "context_team_id": "T06UD92BS3C",
   "updated": 1724394516638,
   "name": "testconvdeb54ad9-c7b5-4d97-8f74-c8abe75e25ac",
   "name_normalized": "testconvdeb54ad9-c7b5-4d97-8f74-c8abe75e25ac",
   "is_channel": true,
   "is_group": false,
   "is_mpim": false,
   "is_private": false,
   "is_archived": false,
   "is_general": false,
   "is_shared": false,
   "is_ext_shared": false,
   "unlinked": 0,
   "is_pending_ext_shared": false,
   "pending_shared": [],
   "parent_conversation": null,
   "purpose": {
    "value": "",
    "creator": "",
    "last_set": 0
   },
   "topic": {
    "value": "",
    "creator": "",
    "last_set": 0
   },
   "shared_team_ids": [
    "***"
   ],
   "pending_connected_team_ids": [],
   "is_member": true,
   "num_members": 1,
   "previous_names": []
  },
  {
   "id": "C07677KRERJ",
   "created": 1717266001,
   "creator": "U06UG1CAYH2",
   "is_org_shared": false,
   "is_im": false,
   "context_team_id": "T06UD92BS3C",
   "updated": 1724394516554,
   "name": "testconvd50dd4b6-11e2-4724-aec1-b527f4426be1",
   "name_normalized": "testconvd50dd4b6-11e2-4724-aec1-b527f4426be1",
   "is_channel": true,
   "is_group": false,
   "is_mpim": false,
   "is_private": false,
   "is_archived": true,
   "is_general": false,
   "is_shared": false,
   "is_ext_shared": false,
   "unlinked": 0,
   "is_pending_ext_shared": false,
   "pending_shared": [],
   "parent_conversation": null,
   "purpose": {
    "value": "TestGoal",
    "creator": "U06UG1CAYH2",
    "last_set": 1717266002
   },
   "topic": {
    "value": "TestTopic",
    "creator": "U06UG1CAYH2",
    "last_set": 1717266002
   },
   "shared_team_ids": [
    "***"
   ],
   "pending_connected_team_ids": [],
   "is_member": false,
   "num_members": 0,
   "previous_names": [
    "***"
   ]
  },
  {
   "id": "C0767ERATNY",
   "created": 1717277722,
   "creator": "U06UG1CAYH2",
   "is_org_shared": false,
   "is_im": false,
   "context_team_id": "T06UD92BS3C",
   "updated": 1724394516582,
   "name": "testconv00ed8ea5-5fd6-49db-a812-5395d584352a",
   "name_normalized": "testconv00ed8ea5-5fd6-49db-a812-5395d584352a",
   "is_channel": true,
   "is_group": false,
   "is_mpim": false,
   "is_private": false,
   "is_archived": true,
   "is_general": false,
   "is_shared": false,
   "is_ext_shared": false,
   "unlinked": 0,
   "is_pending_ext_shared": false,
   "pending_shared": [],
   "parent_conversation": null,
   "purpose": {
    "value": "Тестовая цель",
    "creator": "U06UG1CAYH2",
    "last_set": 1717277722
   },
   "topic": {
    "value": "Тестовая тема",
    "creator": "U06UG1CAYH2",
    "last_set": 1717277722
   },
   "shared_team_ids": [
    "***"
   ],
   "pending_connected_team_ids": [],
   "is_member": false,
   "num_members": 0,
   "previous_names": [
    "***"
   ]
  },
  {
   "id": "C076AABBFBM",
   "created": 1717424512,
   "creator": "U06UG1CAYH2",
   "is_org_shared": false,
   "is_im": false,
   "context_team_id": "T06UD92BS3C",
   "updated": 1724394516594,
   "name": "testconv70758c54-8f5a-464d-827b-d67e5f3b9ebc",
   "name_normalized": "testconv70758c54-8f5a-464d-827b-d67e5f3b9ebc",
   "is_channel": true,
   "is_group": false,
   "is_mpim": false,
   "is_private": false,
   "is_archived": true,
   "is_general": false,
   "is_shared": false,
   "is_ext_shared": false,
   "unlinked": 0,
   "is_pending_ext_shared": false,
   "pending_shared": [],
   "parent_conversation": null,
   "purpose": {
    "value": "TestGoal",
    "creator": "U06UG1CAYH2",
    "last_set": 1717424512
   },
   "topic": {
    "value": "TestTopic",
    "creator": "U06UG1CAYH2",
    "last_set": 1717424512
   },
   "shared_team_ids": [
    "***"
   ],
   "pending_connected_team_ids": [],
   "is_member": false,
   "num_members": 0,
   "previous_names": [
    "***"
   ]
  },
  {
   "id": "C076ACJCLMA",
   "created": 1717395801,
   "creator": "U06UG1CAYH2",
   "is_org_shared": false,
   "is_im": false,
   "context_team_id": "T06UD92BS3C",
   "updated": 1724394516615,
   "name": "testconvb3dc5fcf-6093-43b4-a287-b60b16aa465a",
   "name_normalized": "testconvb3dc5fcf-6093-43b4-a287-b60b16aa465a",
   "is_channel": true,
   "is_group": false,
   "is_mpim": false,
   "is_private": false,
   "is_archived": true,
   "is_general": false,
   "is_shared": false,
   "is_ext_shared": false,
   "unlinked": 0,
   "is_pending_ext_shared": false,
   "pending_shared": [],
   "parent_conversation": null,
   "purpose": {
    "value": "TestGoal",
    "creator": "U06UG1CAYH2",
    "last_set": 1717395802
   },
   "topic": {
    "value": "TestTopic",
    "creator": "U06UG1CAYH2",
    "last_set": 1717395802
   },
   "shared_team_ids": [
    "***"
   ],
   "pending_connected_team_ids": [],
   "is_member": false,
   "num_members": 0,
   "previous_names": [
    "***"
   ]
  },
  {
   "id": "C076E1CG0GL",
   "created": 1717434166,
   "creator": "U06UG1CAYH2",
   "is_org_shared": false,
   "is_im": false,
   "context_team_id": "T06UD92BS3C",
   "updated": 1724394516602,
   "name": "testconvf688d314-606f-40f8-bf8b-c1cd83b0ce18",
   "name_normalized": "testconvf688d314-606f-40f8-bf8b-c1cd83b0ce18",
   "is_channel": true,
   "is_group": false,
   "is_mpim": false,
   "is_private": false,
   "is_archived": true,
   "is_general": false,
   "is_shared": false,
   "is_ext_shared": false,
   "unlinked": 0,
   "is_pending_ext_shared": false,
   "pending_shared": [],
   "parent_conversation": null,
   "purpose": {
    "value": "TestGoal",
    "creator": "U06UG1CAYH2",
    "last_set": 1717434166
   },
   "topic": {
    "value": "TestTopic",
    "creator": "U06UG1CAYH2",
    "last_set": 1717434166
   },
   "shared_team_ids": [
    "***"
   ],
   "pending_connected_team_ids": [],
   "is_member": false,
   "num_members": 0,
   "previous_names": [
    "***"
   ]
  },
  {
   "id": "C076EGPPP6C",
   "created": 1717052298,
   "creator": "U06UG1CAYH2",
   "is_org_shared": false,
   "is_im": false,
   "context_team_id": "T06UD92BS3C",
   "updated": 1724394516651,
   "name": "testconv34226fef-e438-4937-b11a-95342a84e6c5",
   "name_normalized": "testconv34226fef-e438-4937-b11a-95342a84e6c5",
   "is_channel": true,
   "is_group": false,
   "is_mpim": false,
   "is_private": false,
   "is_archived": true,
   "is_general": false,
   "is_shared": false,
   "is_ext_shared": false,
   "unlinked": 0,
   "is_pending_ext_shared": false,
   "pending_shared": [],
   "parent_conversation": null,
   "purpose": {
    "value": "Тестовая цель",
    "creator": "U06UG1CAYH2",
    "last_set": 1717052298
   },
   "topic": {
    "value": "Тестовая тема",
    "creator": "U06UG1CAYH2",
    "last_set": 1717052298
   },
   "shared_team_ids": [
    "***"
   ],
   "pending_connected_team_ids": [],
   "is_member": false,
   "num_members": 0,
   "previous_names": [
    "***"
   ]
  },
  {
   "id": "C076FDQ64TT",
   "created": 1717189960,
   "creator": "U06UG1CAYH2",
   "is_org_shared": false,
   "is_im": false,
   "context_team_id": "T06UD92BS3C",
   "updated": 1724394516691,
   "name": "testconvc09b7ed8-7d6a-41be-807d-90cb090c775b",
   "name_normalized": "testconvc09b7ed8-7d6a-41be-807d-90cb090c775b",
   "is_channel": true,
   "is_group": false,
   "is_mpim": false,
   "is_private": false,
   "is_archived": true,
   "is_general": false,
   "is_shared": false,
   "is_ext_shared": false,
   "unlinked": 0,
   "is_pending_ext_shared": false,
   "pending_shared": [],
   "parent_conversation": null,
   "purpose": {
    "value": "Тестовая цель",
    "creator": "U06UG1CAYH2",
    "last_set": 1717189960
   },
   "topic": {
    "value": "Тестовая тема",
    "creator": "U06UG1CAYH2",
    "last_set": 1717189960
   },
   "shared_team_ids": [
    "***"
   ],
   "pending_connected_team_ids": [],
   "is_member": false,
   "num_members": 0,
   "previous_names": [
    "***"
   ]
  },
  {
   "id": "C076H9SSA9X",
   "created": 1717260829,
   "creator": "U06UG1CAYH2",
   "is_org_shared": false,
   "is_im": false,
   "context_team_id": "T06UD92BS3C",
   "updated": 1724394516660,
   "name": "testconv17c5d2e3-0a55-49c3-b9e1-090ecd77626d",
   "name_normalized": "testconv17c5d2e3-0a55-49c3-b9e1-090ecd77626d",
   "is_channel": true,
   "is_group": false,
   "is_mpim": false,
   "is_private": false,
   "is_archived": false,
   "is_general": false,
   "is_shared": false,
   "is_ext_shared": false,
   "unlinked": 0,
   "is_pending_ext_shared": false,
   "pending_shared": [],
   "parent_conversation": null,
   "purpose": {
    "value": "",
    "creator": "",
    "last_set": 0
   },
   "topic": {
    "value": "",
    "creator": "",
    "last_set": 0
   },
   "shared_team_ids": [
    "***"
   ],
   "pending_connected_team_ids": [],
   "is_member": true,
   "num_members": 1,
   "previous_names": []
  },
  {
   "id": "C076HBY0Y2G",
   "created": 1717485603,
   "creator": "U06UG1CAYH2",
   "is_org_shared": false,
   "is_im": false,
   "context_team_id": "T06UD92BS3C",
   "updated": 1724394516703,
   "name": "testconv063566d9-3545-4ead-afa7-162e79730c5a",
   "name_normalized": "testconv063566d9-3545-4ead-afa7-162e79730c5a",
   "is_channel": true,
   "is_group": false,
   "is_mpim": false,
   "is_private": false,
   "is_archived": true,
   "is_general": false,
   "is_shared": false,
   "is_ext_shared": false,
   "unlinked": 0,
   "is_pending_ext_shared": false,
   "pending_shared": [],
   "parent_conversation": null,
   "purpose": {
    "value": "TestGoal",
    "creator": "U06UG1CAYH2",
    "last_set": 1717485604
   },
   "topic": {
    "value": "TestTopic",
    "creator": "U06UG1CAYH2",
    "last_set": 1717485604
   },
   "shared_team_ids": [
    "***"
   ],
   "pending_connected_team_ids": [],
   "is_member": false,
   "num_members": 0,
   "previous_names": [
    "***"
   ]
  },
  {
   "id": "C076HC905CZ",
   "created": 1717264548,
   "creator": "U06UG1CAYH2",
   "is_org_shared": false,
   "is_im": false,
   "context_team_id": "T06UD92BS3C",
   "updated": 1724394516671,
   "name": "testconvbdb10996-056f-4ed0-836e-5f3eefada263",
   "name_normalized": "testconvbdb10996-056f-4ed0-836e-5f3eefada263",
   "is_channel": true,
   "is_group": false,
   "is_mpim": false,
   "is_private": false,
   "is_archived": false,
   "is_general": false,
   "is_shared": false,
   "is_ext_shared": false,
   "unlinked": 0,
   "is_pending_ext_shared": false,
   "pending_shared": [],
   "parent_conversation": null,
   "purpose": {
    "value": "",
    "creator": "",
    "last_set": 0
   },
   "topic": {
    "value": "",
    "creator": "",
    "last_set": 0
   },
   "shared_team_ids": [
    "***"
   ],
   "pending_connected_team_ids": [],
   "is_member": true,
   "num_members": 1,
   "previous_names": []
  },
  {
   "id": "C076HCM06U9",
   "created": 1717265045,
   "creator": "U06UG1CAYH2",
   "is_org_shared": false,
   "is_im": false,
   "context_team_id": "T06UD92BS3C",
   "updated": 1724394516680,
   "name": "testconv634dc971-d7a3-415e-a8d7-3d02da43c4c7",
   "name_normalized": "testconv634dc971-d7a3-415e-a8d7-3d02da43c4c7",
   "is_channel": true,
   "is_group": false,
   "is_mpim": false,
   "is_private": false,
   "is_archived": false,
   "is_general": false,
   "is_shared": false,
   "is_ext_shared": false,
   "unlinked": 0,
   "is_pending_ext_shared": false,
   "pending_shared": [],
   "parent_conversation": null,
   "purpose": {
    "value": "",
    "creator": "",
    "last_set": 0
   },
   "topic": {
    "value": "",
    "creator": "",
    "last_set": 0
   },
   "shared_team_ids": [
    "***"
   ],
   "pending_connected_team_ids": [],
   "is_member": true,
   "num_members": 1,
   "previous_names": []
  },
  {
   "id": "C076HLZ3657",
   "created": 1717278772,
   "creator": "U06UG1CAYH2",
   "is_org_shared": false,
   "is_im": false,
   "context_team_id": "T06UD92BS3C",
   "updated": 1724394516712,
   "name": "testconv428d496d-d4a5-4ced-87e5-7420e0122e9d",
   "name_normalized": "testconv428d496d-d4a5-4ced-87e5-7420e0122e9d",
   "is_channel": true,
   "is_group": false,
   "is_mpim": false,
   "is_private": false,
   "is_archived": true,
   "is_general": false,
   "is_shared": false,
   "is_ext_shared": false,
   "unlinked": 0,
   "is_pending_ext_shared": false,
   "pending_shared": [],
   "parent_conversation": null,
   "purpose": {
    "value": "Тестовая цель",
    "creator": "U06UG1CAYH2",
    "last_set": 1717278773
   },
   "topic": {
    "value": "Тестовая тема",
    "creator": "U06UG1CAYH2",
    "last_set": 1717278772
   },
   "shared_team_ids": [
    "***"
   ],
   "pending_connected_team_ids": [],
   "is_member": false,
   "num_members": 0,
   "previous_names": [
    "***"
   ]
  },
  {
   "id": "C076N3TND89",
   "created": 1717414341,
   "creator": "U06UG1CAYH2",
   "is_org_shared": false,
   "is_im": false,
   "context_team_id": "T06UD92BS3C",
   "updated": 1724394516783,
   "name": "testconvd9a5de60-0140-4e07-bba1-5354b77fdc4b",
   "name_normalized": "testconvd9a5de60-0140-4e07-bba1-5354b77fdc4b",
   "is_channel": true,
   "is_group": false,
   "is_mpim": false,
   "is_private": false,
   "is_archived": true,
   "is_general": false,
   "is_shared": false,
   "is_ext_shared": false,
   "unlinked": 0,
   "is_pending_ext_shared": false,
   "pending_shared": [],
   "parent_conversation": null,
   "purpose": {
    "value": "TestGoal",
    "creator": "U06UG1CAYH2",
    "last_set": 1717414342
   },
   "topic": {
    "value": "TestTopic",
    "creator": "U06UG1CAYH2",
    "last_set": 1717414342
   },
   "shared_team_ids": [
    "***"
   ],
   "pending_connected_team_ids": [],
   "is_member": false,
   "num_members": 0,
   "previous_names": [
    "***"
   ]
  },
  {
   "id": "C076NND7MAP",
   "created": 1717583529,
   "creator": "U06UG1CAYH2",
   "is_org_shared": false,
   "is_im": false,
   "context_team_id": "T06UD92BS3C",
   "updated": 1724394516721,
   "name": "testconv8a076a20-03fb-4407-80fe-30d760f2dc9b",
   "name_normalized": "testconv8a076a20-03fb-4407-80fe-30d760f2dc9b",
   "is_channel": true,
   "is_group": false,
   "is_mpim": false,
   "is_private": false,
   "is_archived": true,
   "is_general": false,
   "is_shared": false,
   "is_ext_shared": false,
   "unlinked": 0,
   "is_pending_ext_shared": false,
   "pending_shared": [],
   "parent_conversation": null,
   "purpose": {
    "value": "Тестовая цель",
    "creator": "U06UG1CAYH2",
    "last_set": 1717583529
   },
   "topic": {
    "value": "Тестовая тема",
    "creator": "U06UG1CAYH2",
    "last_set": 1717583529
   },
   "shared_team_ids": [
    "***"
   ],
   "pending_connected_team_ids": [],
   "is_member": false,
   "num_members": 0,
   "previous_names": [
    "***"
   ]
  },
  {
   "id": "C076PLUUV2P",
   "created": 1717594221,
   "creator": "U06UG1CAYH2",
   "is_org_shared": false,
   "is_im": false,
   "context_team_id": "T06UD92BS3C",
   "updated": 1724394516749,
   "name": "testconv4c85045b-0d31-4df4-acba-4b65d2be3bf7",
   "name_normalized": "testconv4c85045b-0d31-4df4-acba-4b65d2be3bf7",
   "is_channel": true,
   "is_group": false,
   "is_mpim": false,
   "is_private": false,
   "is_archived": true,
   "is_general": false,
   "is_shared": false,
   "is_ext_shared": false,
   "unlinked": 0,
   "is_pending_ext_shared": false,
   "pending_shared": [],
   "parent_conversation": null,
   "purpose": {
    "value": "TestGoal",
    "creator": "U06UG1CAYH2",
    "last_set": 1717594221
   },
   "topic": {
    "value": "TestTopic",
    "creator": "U06UG1CAYH2",
    "last_set": 1717594221
   },
   "shared_team_ids": [
    "***"
   ],
   "pending_connected_team_ids": [],
   "is_member": false,
   "num_members": 0,
   "previous_names": [
    "***"
   ]
  },
  {
   "id": "C076QNB8SEB",
   "created": 1717787912,
   "creator": "U06UG1CAYH2",
   "is_org_shared": false,
   "is_im": false,
   "context_team_id": "T06UD92BS3C",
   "updated": 1724394516737,
   "name": "testconv0147ec1f-d21a-483a-a669-bc71bedabb3c",
   "name_normalized": "testconv0147ec1f-d21a-483a-a669-bc71bedabb3c",
   "is_channel": true,
   "is_group": false,
   "is_mpim": false,
   "is_private": false,
   "is_archived": true,
   "is_general": false,
   "is_shared": false,
   "is_ext_shared": false,
   "unlinked": 0,
   "is_pending_ext_shared": false,
   "pending_shared": [],
   "parent_conversation": null,
   "purpose": {
    "value": "TestGoal",
    "creator": "U06UG1CAYH2",
    "last_set": 1717787912
   },
   "topic": {
    "value": "TestTopic",
    "creator": "U06UG1CAYH2",
    "last_set": 1717787912
   },
   "shared_team_ids": [
    "***"
   ],
   "pending_connected_team_ids": [],
   "is_member": false,
   "num_members": 0,
   "previous_names": [
    "***"
   ]
  },
  {
   "id": "C076SN28KPH",
   "created": 1717851384,
   "creator": "U06UG1CAYH2",
   "is_org_shared": false,
   "is_im": false,
   "context_team_id": "T06UD92BS3C",
   "updated": 1724394516761,
   "name": "testconve8051602-5d68-4952-9b7a-1f7e3e9fbabc",
   "name_normalized": "testconve8051602-5d68-4952-9b7a-1f7e3e9fbabc",
   "is_channel": true,
   "is_group": false,
   "is_mpim": false,
   "is_private": false,
   "is_archived": true,
   "is_general": false,
   "is_shared": false,
   "is_ext_shared": false,
   "unlinked": 0,
   "is_pending_ext_shared": false,
   "pending_shared": [],
   "parent_conversation": null,
   "purpose": {
    "value": "TestGoal",
    "creator": "U06UG1CAYH2",
    "last_set": 1717851384
   },
   "topic": {
    "value": "TestTopic",
    "creator": "U06UG1CAYH2",
    "last_set": 1717851384
   },
   "shared_team_ids": [
    "***"
   ],
   "pending_connected_team_ids": [],
   "is_member": false,
   "num_members": 0,
   "previous_names": [
    "***"
   ]
  },
  {
   "id": "C076UDKTQ07",
   "created": 1717937085,
   "creator": "U06UG1CAYH2",
   "is_org_shared": false,
   "is_im": false,
   "context_team_id": "T06UD92BS3C",
   "updated": 1724394516729,
   "name": "testconv6d41863c-b527-42ba-abd9-7c1bab678adc",
   "name_normalized": "testconv6d41863c-b527-42ba-abd9-7c1bab678adc",
   "is_channel": true,
   "is_group": false,
   "is_mpim": false,
   "is_private": false,
   "is_archived": true,
   "is_general": false,
   "is_shared": false,
   "is_ext_shared": false,
   "unlinked": 0,
   "is_pending_ext_shared": false,
   "pending_shared": [],
   "parent_conversation": null,
   "purpose": {
    "value": "TestGoal",
    "creator": "U06UG1CAYH2",
    "last_set": 1717937085
   },
   "topic": {
    "value": "TestTopic",
    "creator": "U06UG1CAYH2",
    "last_set": 1717937085
   },
   "shared_team_ids": [
    "***"
   ],
   "pending_connected_team_ids": [],
   "is_member": false,
   "num_members": 0,
   "previous_names": [
    "***"
   ]
  },
  {
   "id": "C076UELFX63",
   "created": 1717938636,
   "creator": "U06UG1CAYH2",
   "is_org_shared": false,
   "is_im": false,
   "context_team_id": "T06UD92BS3C",
   "updated": 1724394516795,
   "name": "testconv5bd1def6-4809-441e-a95b-84e7d6d2f459",
   "name_normalized": "testconv5bd1def6-4809-441e-a95b-84e7d6d2f459",
   "is_channel": true,
   "is_group": false,
   "is_mpim": false,
   "is_private": false,
   "is_archived": true,
   "is_general": false,
   "is_shared": false,
   "is_ext_shared": false,
   "unlinked": 0,
   "is_pending_ext_shared": false,
   "pending_shared": [],
   "parent_conversation": null,
   "purpose": {
    "value": "Тестовая цель",
    "creator": "U06UG1CAYH2",
    "last_set": 1717938636
   },
   "topic": {
    "value": "Тестовая тема",
    "creator": "U06UG1CAYH2",
    "last_set": 1717938636
   },
   "shared_team_ids": [
    "***"
   ],
   "pending_connected_team_ids": [],
   "is_member": false,
   "num_members": 0,
   "previous_names": [
    "***"
   ]
  },
  {
   "id": "C076UU59V96",
   "created": 1717336172,
   "creator": "U06UG1CAYH2",
   "is_org_shared": false,
   "is_im": false,
   "context_team_id": "T06UD92BS3C",
   "updated": 1724394516771,
   "name": "testconv3c0314f8-a5db-411b-9592-b853bc365604",
   "name_normalized": "testconv3c0314f8-a5db-411b-9592-b853bc365604",
   "is_channel": true,
   "is_group": false,
   "is_mpim": false,
   "is_private": false,
   "is_archived": false,
   "is_general": false,
   "is_shared": false,
   "is_ext_shared": false,
   "unlinked": 0,
   "is_pending_ext_shared": false,
   "pending_shared": [],
   "parent_conversation": null,
   "purpose": {
    "value": "",
    "creator": "",
    "last_set": 0
   },
   "topic": {
    "value": "",
    "creator": "",
    "last_set": 0
   },
   "shared_team_ids": [
    "***"
   ],
   "pending_connected_team_ids": [],
   "is_member": true,
   "num_members": 1,
   "previous_names": []
  },
  {
   "id": "C076V2026AC",
   "created": 1717341092,
   "creator": "U06UG1CAYH2",
   "is_org_shared": false,
   "is_im": false,
   "context_team_id": "T06UD92BS3C",
   "updated": 1724394516947,
   "name": "testconvfbd43e11-513f-46b5-b11c-71d2980065f2",
   "name_normalized": "testconvfbd43e11-513f-46b5-b11c-71d2980065f2",
   "is_channel": true,
   "is_group": false,
   "is_mpim": false,
   "is_private": false,
   "is_archived": true,
   "is_general": false,
   "is_shared": false,
   "is_ext_shared": false,
   "unlinked": 0,
   "is_pending_ext_shared": false,
   "pending_shared": [],
   "parent_conversation": null,
   "purpose": {
    "value": "Тестовая цель",
    "creator": "U06UG1CAYH2",
    "last_set": 1717341092
   },
   "topic": {
    "value": "Тестовая тема",
    "creator": "U06UG1CAYH2",
    "last_set": 1717341092
   },
   "shared_team_ids": [
    "***"
   ],
   "pending_connected_team_ids": [],
   "is_member": false,
   "num_members": 0,
   "previous_names": [
    "***"
   ]
  },
  {
   "id": "C076W3TKSKH",
   "created": 1717998486,
   "creator": "U06UG1CAYH2",
   "is_org_shared": false,
   "is_im": false,
   "context_team_id": "T06UD92BS3C",
   "updated": 1724394516807,
   "name": "testconv7510c8d6-abc7-466c-ad68-1150ce3c8eb3",
   "name_normalized": "testconv7510c8d6-abc7-466c-ad68-1150ce3c8eb3",
   "is_channel": true,
   "is_group": false,
   "is_mpim": false,
   "is_private": false,
   "is_archived": true,
   "is_general": false,
   "is_shared": false,
   "is_ext_shared": false,
   "unlinked": 0,
   "is_pending_ext_shared": false,
   "pending_shared": [],
   "parent_conversation": null,
   "purpose": {
    "value": "TestGoal",
    "creator": "U06UG1CAYH2",
    "last_set": 1717998487
   },
   "topic": {
    "value": "TestTopic",
    "creator": "U06UG1CAYH2",
    "last_set": 1717998487
   },
   "shared_team_ids": [
    "***"
   ],
   "pending_connected_team_ids": [],
   "is_member": false,
   "num_members": 0,
   "previous_names": [
    "***"
   ]
  },
  {
   "id": "C076X023256",
   "created": 1717399389,
   "creator": "U06UG1CAYH2",
   "is_org_shared": false,
   "is_im": false,
   "context_team_id": "T06UD92BS3C",
   "updated": 1724394516823,
   "name": "testconvc10ee3a3-7157-467f-8655-305147669bdb",
   "name_normalized": "testconvc10ee3a3-7157-467f-8655-305147669bdb",
   "is_channel": true,
   "is_group": false,
   "is_mpim": false,
   "is_private": false,
   "is_archived": true,
   "is_general": false,
   "is_shared": false,
   "is_ext_shared": false,
   "unlinked": 0,
   "is_pending_ext_shared": false,
   "pending_shared": [],
   "parent_conversation": null,
   "purpose": {
    "value": "TestGoal",
    "creator": "U06UG1CAYH2",
    "last_set": 1717399389
   },
   "topic": {
    "value": "TestTopic",
    "creator": "U06UG1CAYH2",
    "last_set": 1717399389
   },
   "shared_team_ids": [
    "***"
   ],
   "pending_connected_team_ids": [],
   "is_member": false,
   "num_members": 0,
   "previous_names": [
    "***"
   ]
  },
  {
   "id": "C076YT9JTFF",
   "created": 1717749556,
   "creator": "U06UG1CAYH2",
   "is_org_shared": false,
   "is_im": false,
   "context_team_id": "T06UD92BS3C",
   "updated": 1724394516831,
   "name": "testconv354936d9-7a6b-410b-9732-07a9d4a7a571",
   "name_normalized": "testconv354936d9-7a6b-410b-9732-07a9d4a7a571",
   "is_channel": true,
   "is_group": false,
   "is_mpim": false,
   "is_private": false,
   "is_archived": true,
   "is_general": false,
   "is_shared": false,
   "is_ext_shared": false,
   "unlinked": 0,
   "is_pending_ext_shared": false,
   "pending_shared": [],
   "parent_conversation": null,
   "purpose": {
    "value": "TestGoal",
    "creator": "U06UG1CAYH2",
    "last_set": 1717749557
   },
   "topic": {
    "value": "TestTopic",
    "creator": "U06UG1CAYH2",
    "last_set": 1717749556
   },
   "shared_team_ids": [
    "***"
   ],
   "pending_connected_team_ids": [],
   "is_member": false,
   "num_members": 0,
   "previous_names": [
    "***"
   ]
  },
  {
   "id": "C0773JMAR7A",
   "created": 1717484479,
   "creator": "U06UG1CAYH2",
   "is_org_shared": false,
   "is_im": false,
   "context_team_id": "T06UD92BS3C",
   "updated": 1724394516866,
   "name": "testconva4a59b17-0867-47e9-b5e2-86aaffc3191d",
   "name_normalized": "testconva4a59b17-0867-47e9-b5e2-86aaffc3191d",
   "is_channel": true,
   "is_group": false,
   "is_mpim": false,
   "is_private": false,
   "is_archived": true,
   "is_general": false,
   "is_shared": false,
   "is_ext_shared": false,
   "unlinked": 0,
   "is_pending_ext_shared": false,
   "pending_shared": [],
   "parent_conversation": null,
   "purpose": {
    "value": "TestGoal",
    "creator": "U06UG1CAYH2",
    "last_set": 1717484480
   },
   "topic": {
    "value": "TestTopic",
    "creator": "U06UG1CAYH2",
    "last_set": 1717484479
   },
   "shared_team_ids": [
    "***"
   ],
   "pending_connected_team_ids": [],
   "is_member": false,
   "num_members": 0,
   "previous_names": [
    "***"
   ]
  },
  {
   "id": "C0774G7HK53",
   "created": 1717857596,
   "creator": "U06UG1CAYH2",
   "is_org_shared": false,
   "is_im": false,
   "context_team_id": "T06UD92BS3C",
   "updated": 1724394516875,
   "name": "testconvad61fecd-e3a7-42db-82fc-f84405a1d1a1",
   "name_normalized": "testconvad61fecd-e3a7-42db-82fc-f84405a1d1a1",
   "is_channel": true,
   "is_group": false,
   "is_mpim": false,
   "is_private": false,
   "is_archived": true,
   "is_general": false,
   "is_shared": false,
   "is_ext_shared": false,
   "unlinked": 0,
   "is_pending_ext_shared": false,
   "pending_shared": [],
   "parent_conversation": null,
   "purpose": {
    "value": "TestGoal",
    "creator": "U06UG1CAYH2",
    "last_set": 1717857596
   },
   "topic": {
    "value": "TestTopic",
    "creator": "U06UG1CAYH2",
    "last_set": 1717857596
   },
   "shared_team_ids": [
    "***"
   ],
   "pending_connected_team_ids": [],
   "is_member": false,
   "num_members": 0,
   "previous_names": [
    "***"
   ]
  },
  {
   "id": "C0775CS6V8X",
   "created": 1718115774,
   "creator": "U06UG1CAYH2",
   "is_org_shared": false,
   "is_im": false,
   "context_team_id": "T06UD92BS3C",
   "updated": 1724394516927,
   "name": "testconv1e11e7ca-3cd0-4a1e-b2ef-7d49b0bcb31f",
   "name_normalized": "testconv1e11e7ca-3cd0-4a1e-b2ef-7d49b0bcb31f",
   "is_channel": true,
   "is_group": false,
   "is_mpim": false,
   "is_private": false,
   "is_archived": true,
   "is_general": false,
   "is_shared": false,
   "is_ext_shared": false,
   "unlinked": 0,
   "is_pending_ext_shared": false,
   "pending_shared": [],
   "parent_conversation": null,
   "purpose": {
    "value": "TestGoal",
    "creator": "U06UG1CAYH2",
    "last_set": 1718115774
   },
   "topic": {
    "value": "TestTopic",
    "creator": "U06UG1CAYH2",
    "last_set": 1718115774
   },
   "shared_team_ids": [
    "***"
   ],
   "pending_connected_team_ids": [],
   "is_member": false,
   "num_members": 0,
   "previous_names": [
    "***"
   ]
  },
  {
   "id": "C07762EGEMT",
   "created": 1717935254,
   "creator": "U06UG1CAYH2",
   "is_org_shared": false,
   "is_im": false,
   "context_team_id": "T06UD92BS3C",
   "updated": 1724394516855,
   "name": "testconvb9f74548-3e79-430e-a1b8-724f0afe19ca",
   "name_normalized": "testconvb9f74548-3e79-430e-a1b8-724f0afe19ca",
   "is_channel": true,
   "is_group": false,
   "is_mpim": false,
   "is_private": false,
   "is_archived": true,
   "is_general": false,
   "is_shared": false,
   "is_ext_shared": false,
   "unlinked": 0,
   "is_pending_ext_shared": false,
   "pending_shared": [],
   "parent_conversation": null,
   "purpose": {
    "value": "Тестовая цель",
    "creator": "U06UG1CAYH2",
    "last_set": 1717935255
   },
   "topic": {
    "value": "Тестовая тема",
    "creator": "U06UG1CAYH2",
    "last_set": 1717935255
   },
   "shared_team_ids": [
    "***"
   ],
   "pending_connected_team_ids": [],
   "is_member": false,
   "num_members": 0,
   "previous_names": [
    "***"
   ]
  },
  {
   "id": "C0777H79TQU",
   "created": 1717785430,
   "creator": "U06UG1CAYH2",
   "is_org_shared": false,
   "is_im": false,
   "context_team_id": "T06UD92BS3C",
   "updated": 1724394516842,
   "name": "testconve3deada7-5f1d-4742-ad27-a426d9bda8b1",
   "name_normalized": "testconve3deada7-5f1d-4742-ad27-a426d9bda8b1",
   "is_channel": true,
   "is_group": false,
   "is_mpim": false,
   "is_private": false,
   "is_archived": true,
   "is_general": false,
   "is_shared": false,
   "is_ext_shared": false,
   "unlinked": 0,
   "is_pending_ext_shared": false,
   "pending_shared": [],
   "parent_conversation": null,
   "purpose": {
    "value": "Тестовая цель",
    "creator": "U06UG1CAYH2",
    "last_set": 1717785430
   },
   "topic": {
    "value": "Тестовая тема",
    "creator": "U06UG1CAYH2",
    "last_set": 1717785430
   },
   "shared_team_ids": [
    "***"
   ],
   "pending_connected_team_ids": [],
   "is_member": false,
   "num_members": 0,
   "previous_names": [
    "***"
   ]
  },
  {
   "id": "C0778UGM8QJ",
   "created": 1717934549,
   "creator": "U06UG1CAYH2",
   "is_org_shared": false,
   "is_im": false,
   "context_team_id": "T06UD92BS3C",
   "updated": 1724394516885,
   "name": "testconvf42fd115-7a7b-4d88-95af-114cc35c03f6",
   "name_normalized": "testconvf42fd115-7a7b-4d88-95af-114cc35c03f6",
   "is_channel": true,
   "is_group": false,
   "is_mpim": false,
   "is_private": false,
   "is_archived": true,
   "is_general": false,
   "is_shared": false,
   "is_ext_shared": false,
   "unlinked": 0,
   "is_pending_ext_shared": false,
   "pending_shared": [],
   "parent_conversation": null,
   "purpose": {
    "value": "TestGoal",
    "creator": "U06UG1CAYH2",
    "last_set": 1717934549
   },
   "topic": {
    "value": "TestTopic",
    "creator": "U06UG1CAYH2",
    "last_set": 1717934549
   },
   "shared_team_ids": [
    "***"
   ],
   "pending_connected_team_ids": [],
   "is_member": false,
   "num_members": 0,
   "previous_names": [
    "***"
   ]
  },
  {
   "id": "C0779LRP2JG",
   "created": 1717847637,
   "creator": "U06UG1CAYH2",
   "is_org_shared": false,
   "is_im": false,
   "context_team_id": "T06UD92BS3C",
   "updated": 1724394516963,
   "name": "testconvaffdd519-eb84-4cb2-8d17-da11b93ec612",
   "name_normalized": "testconvaffdd519-eb84-4cb2-8d17-da11b93ec612",
   "is_channel": true,
   "is_group": false,
   "is_mpim": false,
   "is_private": false,
   "is_archived": true,
   "is_general": false,
   "is_shared": false,
   "is_ext_shared": false,
   "unlinked": 0,
   "is_pending_ext_shared": false,
   "pending_shared": [],
   "parent_conversation": null,
   "purpose": {
    "value": "Тестовая цель",
    "creator": "U06UG1CAYH2",
    "last_set": 1717847638
   },
   "topic": {
    "value": "Тестовая тема",
    "creator": "U06UG1CAYH2",
    "last_set": 1717847638
   },
   "shared_team_ids": [
    "***"
   ],
   "pending_connected_team_ids": [],
   "is_member": false,
   "num_members": 0,
   "previous_names": [
    "***"
   ]
  },
  {
   "id": "C077AL34VDX",
   "created": 1717692794,
   "creator": "U06UG1CAYH2",
   "is_org_shared": false,
   "is_im": false,
   "context_team_id": "T06UD92BS3C",
   "updated": 1724394516906,
   "name": "testconv051d4283-0c87-4620-b47c-fafb8c2a4767",
   "name_normalized": "testconv051d4283-0c87-4620-b47c-fafb8c2a4767",
   "is_channel": true,
   "is_group": false,
   "is_mpim": false,
   "is_private": false,
   "is_archived": true,
   "is_general": false,
   "is_shared": false,
   "is_ext_shared": false,
   "unlinked": 0,
   "is_pending_ext_shared": false,
   "pending_shared": [],
   "parent_conversation": null,
   "purpose": {
    "value": "TestGoal",
    "creator": "U06UG1CAYH2",
    "last_set": 1717692794
   },
   "topic": {
    "value": "TestTopic",
    "creator": "U06UG1CAYH2",
    "last_set": 1717692794
   },
   "shared_team_ids": [
    "***"
   ],
   "pending_connected_team_ids": [],
   "is_member": false,
   "num_members": 0,
   "previous_names": [
    "***"
   ]
  },
  {
   "id": "C077B5F1U8Z",
   "created": 1717697673,
   "creator": "U06UG1CAYH2",
   "is_org_shared": false,
   "is_im": false,
   "context_team_id": "T06UD92BS3C",
   "updated": 1724394516916,
   "name": "testconvf696199f-90b2-402e-91fc-e691d92152d4",
   "name_normalized": "testconvf696199f-90b2-402e-91fc-e691d92152d4",
   "is_channel": true,
   "is_group": false,
   "is_mpim": false,
   "is_private": false,
   "is_archived": true,
   "is_general": false,
   "is_shared": false,
   "is_ext_shared": false,
   "unlinked": 0,
   "is_pending_ext_shared": false,
   "pending_shared": [],
   "parent_conversation": null,
   "purpose": {
    "value": "TestGoal",
    "creator": "U06UG1CAYH2",
    "last_set": 1717697673
   },
   "topic": {
    "value": "TestTopic",
    "creator": "U06UG1CAYH2",
    "last_set": 1717697673
   },
   "shared_team_ids": [
    "***"
   ],
   "pending_connected_team_ids": [],
   "is_member": false,
   "num_members": 0,
   "previous_names": [
    "***"
   ]
  }
 ],
 "response_metadata": {
  "next_cursor": "dGVhbTpDMDc3RkRFSkVVVw=="
 }
}
