{
 "ok": true,
 "channel": {
  "id": "C0B8YMBML93",
  "created": 1780930284,
  "creator": "U06UG1CAYH2",
  "is_org_shared": false,
  "is_im": false,
  "context_team_id": "T06UD92BS3C",
  "updated": 1780930285782,
  "name": "testconv787c4ab4-dcd8-411b-bd8c-0ab58d9869fb",
  "name_normalized": "testconv787c4ab4-dcd8-411b-bd8c-0ab58d9869fb",
  "is_channel": true,
  "is_group": false,
  "is_mpim": false,
  "is_private": false,
  "is_archived": false,
  "is_general": false,
  "is_shared": false,
  "is_ext_shared": false,
  "unlinked": 0,
  "is_pending_ext_shared": false,
  "pending_shared": [],
  "parent_conversation": null,
  "purpose": {
   "value": "Тестовая цель",
   "creator": "U06UG1CAYH2",
   "last_set": 1780930285
  },
  "topic": {
   "value": "Тестовая тема",
   "creator": "U06UG1CAYH2",
   "last_set": 1780930285
  },
  "shared_team_ids": [
   "T06UD92BS3C"
  ],
  "pending_connected_team_ids": [],
  "is_member": true,
  "last_read": "0000000000.000000",
  "previous_names": []
 }
}
