{
 "ok": true,
 "channel": {
  "id": "C0B9S7MNYPQ",
  "created": 1781163843,
  "creator": "U06UG1CAYH2",
  "is_org_shared": false,
  "is_im": false,
  "context_team_id": "T06UD92BS3C",
  "updated": 1781163843412,
  "name": "testconv11b7953c-4e79-4547-ace1-b9b0171eb149",
  "name_normalized": "testconv11b7953c-4e79-4547-ace1-b9b0171eb149",
  "is_channel": true,
  "is_group": false,
  "is_mpim": false,
  "is_private": false,
  "is_archived": false,
  "is_general": false,
  "is_shared": false,
  "is_ext_shared": false,
  "unlinked": 0,
  "is_pending_ext_shared": false,
  "pending_shared": [],
  "parent_conversation": null,
  "purpose": {
   "value": "",
   "creator": "",
   "last_set": 0
  },
  "topic": {
   "value": "",
   "creator": "",
   "last_set": 0
  },
  "shared_team_ids": [
   "T06UD92BS3C"
  ],
  "pending_connected_team_ids": [],
  "is_member": true,
  "last_read": "0000000000.000000",
  "priority": 0,
  "previous_names": []
 }
}
