{
 "ok": true,
 "channel": {
  "id": "C0B978Q49CY",
  "created": 1780598451,
  "creator": "U06UG1CAYH2",
  "is_org_shared": false,
  "is_im": false,
  "context_team_id": "T06UD92BS3C",
  "updated": 1780598452353,
  "name": "testconv68da2f65-a64e-434a-bf39-357a09d04610",
  "name_normalized": "testconv68da2f65-a64e-434a-bf39-357a09d04610",
  "is_channel": true,
  "is_group": false,
  "is_mpim": false,
  "is_private": false,
  "is_archived": false,
  "is_general": false,
  "is_shared": false,
  "is_ext_shared": false,
  "unlinked": 0,
  "is_pending_ext_shared": false,
  "pending_shared": [],
  "parent_conversation": null,
  "purpose": {
   "value": "Тестовая цель",
   "creator": "U06UG1CAYH2",
   "last_set": 1780598452
  },
  "topic": {
   "value": "Тестовая тема",
   "creator": "U06UG1CAYH2",
   "last_set": 1780598451
  },
  "shared_team_ids": [
   "T06UD92BS3C"
  ],
  "pending_connected_team_ids": [],
  "is_member": false,
  "previous_names": []
 }
}
