{
 "ok": true,
 "channel": {
  "id": "C0BBEHF4AQ3",
  "created": 1781806718,
  "creator": "U06UG1CAYH2",
  "is_org_shared": false,
  "is_im": false,
  "context_team_id": "T06UD92BS3C",
  "updated": 1781806722098,
  "name": "testconv9eaa3d9b-ae80-447d-9d81-997124a52a51",
  "name_normalized": "testconv9eaa3d9b-ae80-447d-9d81-997124a52a51",
  "is_channel": true,
  "is_group": false,
  "is_mpim": false,
  "is_private": false,
  "is_archived": false,
  "is_general": false,
  "is_shared": false,
  "is_ext_shared": false,
  "unlinked": 0,
  "is_pending_ext_shared": false,
  "pending_shared": [],
  "parent_conversation": null,
  "purpose": {
   "value": "",
   "creator": "",
   "last_set": 0
  },
  "topic": {
   "value": "Тестовая тема",
   "creator": "U06UG1CAYH2",
   "last_set": 1781806722
  },
  "shared_team_ids": [
   "T06UD92BS3C"
  ],
  "pending_connected_team_ids": [],
  "is_member": false,
  "previous_names": []
 }
}
