{
 "args": {},
 "headers": {
  "Accept": "*/*",
  "Accept-Charset": "utf-8",
  "Accept-Encoding": "gzip",
  "Authorization": "AWS4-HMAC-SHA256 Credential=AccessKey/20251030/Region/s3/aws4_request, SignedHeaders=host;x-amz-content-sha256;x-amz-date, Signature=96ea265cab4d10ef2f9fe189c2fa5625ca1c8434be481b98b47bd82e04c412a8",
  "Connection": "Keep-Alive",
  "Content-Length": "0",
  "Host": "localhost:2424",
  "Max-Forwards": "10",
  "User-Agent": "1Script v$2.0.0.0",
  "X-Amz-Content-Sha256": "e3b0c44298fc1c149afbf4c8996fb92427ae41e4649b934ca495991b7852b855",
  "X-Amz-Date": "20251030T111023Z",
  "X-Arr-Log-Id": "6a9f9df5-86ff-4390-9469-ab49a1d1520a",
  "X-Arr-Ssl": "2048|256|C=BE, O=GlobalSign nv-sa, CN=GlobalSign GCC R6 AlphaSSL CA 2025|CN=*.openintegrations.dev",
  "X-Forwarded-Host": "bin.openintegrations.dev",
  "X-Original-Url": "/get"
 },
 "origin": "***",
 "url": "https://bin.openintegrations.dev/get"
}
