{
 "args": {},
 "data": "",
 "files": {
  "file1": "..."
 },
 "form": {
  "Field1": "Text",
  "Field2": "10"
 },
 "headers": {
  "Accept": "*/*",
  "Accept-Charset": "utf-8",
  "Accept-Encoding": "gzip",
  "Content-Length": "2114372",
  "Content-Type": "multipart/form-data; boundary=2dab0f4883ec4a239456e9f876a55e0d",
  "Host": "httpbin.org",
  "User-Agent": "1Script v$2.0.0.0",
  "X-Amzn-Trace-Id": "Root=1-68c48275-6eade8893ae8a4ff7001ed2c"
 },
 "json": null,
 "origin": "***",
 "url": "https://httpbin.org/post"
}
