{
 "args": {},
 "data": "",
 "files": {
  "file1": "..."
 },
 "form": {
  "Field1": "Text",
  "Field2": "10"
 },
 "headers": {
  "Accept": "*/*",
  "Accept-Charset": "utf-8",
  "Accept-Encoding": "gzip",
  "Content-Length": "2114372",
  "Content-Type": "multipart/form-data; boundary=f833e8e9aa6947be95e92439c5522fc2",
  "Host": "httpbin.org",
  "User-Agent": "1Script v$2.0.0.0",
  "X-Amzn-Trace-Id": "Root=1-68c45261-5f28534805890ea504b272c5"
 },
 "json": null,
 "origin": "***",
 "url": "https://httpbin.org/post"
}
