{
 "args": {},
 "data": "",
 "files": {
  "file1": "..."
 },
 "form": {
  "Field1": "Text",
  "Field2": "10"
 },
 "headers": {
  "Accept": "*/*",
  "Accept-Charset": "utf-8",
  "Accept-Encoding": "gzip",
  "Content-Length": "2114372",
  "Content-Type": "multipart/form-data; boundary=bb75c49973274870876b97111f67469d",
  "Host": "httpbin.org",
  "User-Agent": "1Script v$2.0.0.0",
  "X-Amzn-Trace-Id": "Root=1-68c8ad72-7c75166259152c0519a117f2"
 },
 "json": null,
 "origin": "***",
 "url": "https://httpbin.org/post"
}
