{
 "data": {
  "f_bool": true,
  "f_bools": [
   true,
   false
  ],
  "f_bytes": {
   "BYTES": "UEsDBBQABgAIAAAAIQAykW9XZgEAAKUFAAATAAgCW0..."
  },
  "f_bytess": [
   {
    "BYTES": "UEsDBBQABgAIAAAAIQAykW9XZgEAAKUFAAATAAgCW0..."
   },
   {
    "BYTES": "UEsDBBQABgAIAAAAIQAykW9XZgEAAKUFAAATAAgCW0..."
   }
  ],
  "f_enum": "ENUM_1",
  "f_enums": [
   "ENUM_1",
   "ENUM_2"
  ],
  "f_float": 123.220001220703,
  "f_floats": [
   1,
   10,
   100
  ],
  "f_int32": 123,
  "f_int32s": [
   1,
   10,
   100
  ],
  "f_int64": 123,
  "f_int64s": [
   1,
   10,
   100
  ],
  "f_string": "Test message",
  "f_strings": [
   "one",
   "two",
   "three"
  ],
  "f_sub": {
   "f_string": "Nested value"
  },
  "f_subs": [
   {
    "f_string": "Nested value 1"
   },
   {
    "f_string": "Nested value 2"
   }
  ]
 },
 "result": true
}
