"MAIN ---" 
	linux-vdso.so.1 (0x00007fffda9db000)
	libpthread.so.0 => /lib64/libpthread.so.0 (0x00007468ac200000)
	libc.so.6 => /lib64/libc.so.6 (0x00007468abe00000)
	libdl.so.2 => /lib64/libdl.so.2 (0x00007468aba00000)
	/lib64/ld-linux-x86-64.so.2 (0x00007468ac600000)
r2G.
DestroyObject
GetAttachType
GetClassNames
GetClassObject
SetPlatformCapabilities
malloc
memcpy
free
posix_memalign
memcmp
memmove
realloc
bcmp
socket
connect
__errno_location
close
setsockopt
__tls_get_addr
freeaddrinfo
calloc
__xpg_strerror_r
memset
abort
__cxa_thread_atexit_impl
pthread_key_create
pthread_key_delete
pthread_setspecific
syscall
pthread_mutex_lock
pthread_mutex_unlock
read
open
poll
send
recv
pthread_atfork
strlen
write
open64
statx
lseek64
munmap
mmap64
realpath
readlink
getaddrinfo
gnu_get_libc_version
gai_strerror
__res_init
getcwd
dl_iterate_phdr
getenv
stderr
fprintf
fflush
pthread_rwlock_wrlock
pthread_rwlock_unlock
dladdr
snprintf
dlsym
pthread_rwlock_rdlock
fwrite
__fxstat64
__xstat64
libpthread.so.0
GLIBC_2.2.5
libc.so.6
GLIBC_2.3
GLIBC_2.3.4
GLIBC_2.14
libdl.so.2
ld-linux-x86-64.so.2
.gnu_debugaltlin
alloc/src/fmt.rs
assertion `left ) when slicing `connection resetexpand 32-byte kinvalid argumententity not foundk
{invalid syntax}host unreachable.debug_types.dwoinvalid filename
	CapacityOverflowrange end index 
             at 																StripPrefixError
no storage space right` failed: 
0123456789abcdef
core/src/unicode/unicode_data.rs
index out of bounds: the len is 
assertion failed: new_cap >= len
Cannot set socket read_timeout: std/src/sys/sync/rwlock/futex.rs
Layout
) = Zero
u128for<boolmut kind/
null <= truechar -> shim    sizei128 as dyn alignos_errorextern " (bytes 
AllocErrdeadlockthread 'layout/home/bayselonarrend/.cargo/registry/src/index.crates.io-6f17d22bba15001f/smallvec-1.13.2/src/lib.rsNo connection settings foundUnexpected authorisation rejection (type No client found. Initialize connection firstsrc/component/mod.rsIndex out of bounds
capacity overflowalloc/src/raw_vec.rsalloc/src/ffi/c_str.rsa Display implementation returned an error unexpectedly/rustc/90b35a6239c3d8bdabc530a6a0816f7ff89a0aaf/library/alloc/src/string.rs (1 << ..BorrowMutErroralready borrowed: to_digit: radix is too high (maximum 36)core/src/char/methods.rscore/src/net/parser.rscalled `Option::unwrap()` on a `None` valuecore/src/panicking.rs but the index is panic in a function that cannot unwindpanic in a destructor during cleanup== right` failed
  left: 
 right: 
  left:  {
core/src/fmt/num.rscore/src/fmt/mod.rscore/src/slice/memchr.rsuser-provided comparison function does not correctly implement a total ordercore/src/slice/sort/shared/smallsort.rsrange start index  out of range for slice of length slice index starts at  but ends at attempted to index slice up to maximum usizesource slice length () does not match destination slice length (invalid utf-8 sequence of  bytes from index incomplete utf-8 byte sequence from index attempted to index str up to maximum usize
core/src/str/pattern.rscore/src/str/lossy.rs\x[...]begin <= end (`byte index  is not a char boundary; it is inside ) of ` is out of bounds of `core/src/str/mod.rscore/src/unicode/printable.rs
';>NO
	6=>V
67VW
)14:EFIJNOde
;>fi
./'(U
:?EQ
"%>?
 #%&(38:HJLPSUVXZ\^`cefksx}
PI73
LG	t<
./?\]_
)147:;=IJ]
)14:;EFIJ^de
):;EIW[\^_de
EIde
INOWY^_
FGNOXZ\^~
NOZ[
no7=?BE
%_ m
attempt to divide by zeroattempt to calculate the remainder with a divisor of zero
, +*0
jaTOo
getrandom: this target is not supportederrno: did not return a positive valueunexpected situationSecRandomCopyBytes: iOS Security framework failureRtlGenRandom: Windows system function failureRDRAND: failed multiple times: CPU issue likelyRDRAND: instruction not supportedWeb Crypto API is unavailableCalling Web API crypto.getRandomValues failedrandSecure: VxWorks RNG module is not initializedNode.js crypto CommonJS module is unavailableCalling Node.js API crypto.randomFillSync failedNode.js ES modules are not directly supported, see https://docs.rs/getrandom#nodejs-es-module-supportinternal_codedescriptionunknown_codeUnknown Error: OS Error: /dev/urandom
/dev/random
/rustc/90b35a6239c3d8bdabc530a6a0816f7ff89a0aaf/library/alloc/src/collections/btree/map/entry.rs/rustc/90b35a6239c3d8bdabc530a6a0816f7ff89a0aaf/library/alloc/src/collections/btree/node.rsassertion failed: edge.height == self.height - 1assertion failed: src.len() == dst.len()assertion failed: edge.height == self.node.height - 1/rust/deps/gimli-0.29.0/src/read/abbrev.rsdest is out of bounds/rustc/90b35a6239c3d8bdabc530a6a0816f7ff89a0aaf/library/core/src/slice/index.rs/rust/deps/miniz_oxide-0.7.4/src/inflate/core.rs/rust/deps/miniz_oxide-0.7.4/src/inflate/output_buffer.rs
/rustc/90b35a6239c3d8bdabc530a6a0816f7ff89a0aaf/library/std/src/sync/once.rs/home/bayselonarrend/.cargo/registry/src/index.crates.io-6f17d22bba15001f/rand-0.8.5/src/rngs/adapter/reseeding.rslibc::pthread_atfork failed with code cannot access a Thread Local Storage value during or after destruction/rustc/90b35a6239c3d8bdabc530a6a0816f7ff89a0aaf/library/std/src/thread/local.rscould not initialize thread_rng: /home/bayselonarrend/.cargo/registry/src/index.crates.io-6f17d22bba15001f/rand-0.8.5/src/rngs/thread.rsdescription() is deprecated; use Displayfailed to fill whole buffer/rustc/90b35a6239c3d8bdabc530a6a0816f7ff89a0aaf/library/std/src/io/mod.rscould not resolve to any addressesTCP connection error: Cannot set socket write_timeout: Error reading response body: /home/bayselonarrend/.cargo/registry/src/index.crates.io-6f17d22bba15001f/rcon-client-0.1.3/src/client.rsNon-fatal error reading terminating nulls: TCP request error TCP response error TypeError: Error with types conversion: /rustc/90b35a6239c3d8bdabc530a6a0816f7ff89a0aaf/library/core/src/ops/function.rsErrorEmptyInvalidDigitPosOverflowNegOverflowParseIntError/rust/deps/rustc-demangle-0.1.24/src/legacy.rs::C(><&*@/rust/deps/rustc-demangle-0.1.24/src/v0.rs`fmt::Error`s should be impossible without a `fmt::Formatter`punycode{-0internal error: entered unreachable code: str::from_utf8( was expected to have 1 char, but  chars were foundstri8i16i32i64isizeu8u16u32u64usizef32f64!_...{recursion limit reached}?'> , ::{closure# const ;  + unsafe " fn( =  {  }0x.llvm./rust/deps/rustc-demangle-0.1.24/src/lib.rs{size limit reached}`fmt::Error` from `SizeLimitedFmtAdapter` was discardedSizeLimitExhausted
	h"lxz
"6X8I
z<=f
Q]#B
[Zr.-
Ww'&l
`KSO1
`U,$
H~QA
867w
VXXr
nGV5}$ e
4#aM
G(SN\_T8h
C`SD[
6|;m
C`y;bs
dmAR
fDBI
9ayw
 yqa
|[vt
nXPO
p~,R
.UGH
Z"cd
dB23
}xt;Q
JNt3
QwqM
#J%b
f+i#
f|yL#
#&Gl
l#)_
X"+	}z
E[]c
xE/|(
m)y@z,`
Z`!a
\98/
*"R?'Co
?~I$
"N@\Ukj
h6:Y
c]@t
o-qBa
NjhM
=O@t
ZN,5
=YI4V
$iA7
$$yF
>1d]
C#)Ch
}hN6
}Iqs
Ym?M
Am%C
~3gW`
sluu
=I"[
+:>t
mA/sq
e.{nL
4AHx
~$|7
HWrDqA
|M$D
Bus[
]3".
(:W"
Ox}?
0*te
@BXV
b.M%[
sax~Z
H<HD
{D<N1
	nQoFOn
{*do^
$qE}
D%WW
m^W%Q
6Rw>iP
"@up
hg^Jp5|
>?V;=
 =U7el#|67
/u&^Y
[@JO
fg0@
6?^s
xt\)O8
/!x\+	l
hPMX
xR|C
internal error: entered unreachable code00010203040506070809101112131415161718192021222324252627282930313233343536373839404142434445464748495051525354555657585960616263646566676869707172737475767778798081828384858687888990919293949596979899false"\"\\\b\f\n\r\t/home/bayselonarrend/.cargo/registry/src/index.crates.io-6f17d22bba15001f/serde_json-1.0.140/src/ser.rs[],{},
uuuuuuuubtnufruuuuuuuuuuuuuuuuuu
  /rustc/90b35a6239c3d8bdabc530a6a0816f7ff89a0aaf/library/alloc/src/collections/btree/navigate.rs()/rustc/90b35a6239c3d8bdabc530a6a0816f7ff89a0aaf/library/core/src/str/pattern.rs
/rustc/90b35a6239c3d8bdabc530a6a0816f7ff89a0aaf/library/core/src/slice/sort/stable/quicksort.rsmid > lencalled `Result::unwrap()` on an `Err` value
/rust/deps/gimli-0.29.0/src/read/line.rs/rustc/90b35a6239c3d8bdabc530a6a0816f7ff89a0aaf/library/core/src/num/wrapping.rs/rust/deps/gimli-0.29.0/src/read/index.rs.debug_abbrev.debug_addr.debug_aranges.debug_cu_index.debug_info.debug_line.debug_line_str.debug_loc.debug_loclists.debug_ranges.debug_rnglists.debug_str.debug_str_offsets.debug_tu_index.debug_types:/rust/deps/addr2line-0.22.0/src/lib.rs/rust/deps/addr2line-0.22.0/src/function.rsAccessErrorstd/src/thread/mod.rsfailed to generate unique thread ID: bitspace exhaustedmain
stream did not contain valid UTF-8/permission deniedconnection refusednetwork unreachableconnection abortednot connectedaddress in useaddress not availablenetwork downbroken pipeentity already existsoperation would blocknot a directoryis a directorydirectory not emptyread-only filesystem or storage mediumfilesystem loop or indirection limit (e.g. symlink loop)stale network file handleinvalid input parameterinvalid datatimed outwrite zeroseek on unseekable filefilesystem quota exceededfile too largeresource busyexecutable file busycross-device link or renametoo many linksargument list too longoperation interruptedunsupportedunexpected end of fileout of memoryin progressother erroruncategorized error (os error )std/src/io/stdio.rsfailed printing to : stderrstd/src/io/mod.rsfailed to write whole buffera formatting trait implementation returned an error when the underlying stream did notpanicked at :
std/src/path.rs.extension cannot contain path separators: lock count overflow in reentrant mutexstd/src/sync/reentrant_lock.rsfile name contained an unexpected NUL bytestack backtrace:
note: Some details are omitted, run with `RUST_BACKTRACE=full` for a verbose backtrace.
__rust_begin_short_backtrace__rust_end_short_backtraces      [... omitted  frame ...]
<unknown>
memory allocation of  bytes failed
<unnamed>' panicked at 
note: run with `RUST_BACKTRACE=1` environment variable to display a backtrace
Box<dyn Any>aborting due to panic at 
thread panicked while processing panic. aborting.
thread caused non-unwinding panic. aborting.
std/src/../../backtrace/src/symbolize/mod.rs -       failed to lookup address information: cannot set a 0 duration timeoutstrerror_r failurestd/src/sys/pal/unix/os.rsno /proc/self/exe available. Is /proc mounted?Once instance has previously been poisonedtoo many active read locks on RwLockassertion failed: is_unlocked(state)fatal runtime error: the global allocator may not use TLS with destructors
std/src/sys/thread_local/destructors/list.rsstd/src/sys/thread_local/key/unix.rsfatal runtime error: assertion failed: key as usize != KEY_SENTVAL
assertion failed: len >= mem::size_of::<c::sockaddr_in>()std/src/sys_common/net.rsassertion failed: len >= mem::size_of::<c::sockaddr_in6>()invalid socket addressinvalid port valuestd/src/../../backtrace/src/symbolize/gimli/stash.rs.debug_abbrev.dwo.debug_info.dwo.debug_line.dwo.debug_loc.dwo.debug_loclists.dwo.debug_rnglists.dwo.debug_str.dwo.debug_str_offsets.dwostd/src/../../backtrace/src/symbolize/gimli.rsstd/src/../../backtrace/src/symbolize/gimli/elf.rs/usr/lib/debug/usr/lib/debug/.build-id//proc/self/mapsinsufficient perms
getFloatRegister
_dl_find_object
libunwind: %s - %s
DW_EH_PE_funcrel pointer encoding not supported
libunwind: malformed DW_CFA_def_cfa DWARF unwind, reg too big
libunwind: malformed DW_CFA_val_offset DWARF unwind, reg (%lu) out of range
xmm12
CIE version is not 1 or 3
_Unwind_Resume() can't return
libunwind: malformed DW_CFA_def_cfa_sf DWARF unwind, reg too big
Can't binary search on variable length encoded data.
xmm7
getULEB128
libunwind: malformed DW_CFA_offset_extended DWARF unwind, reg too big
xmm1
FDE has zero length
_Unwind_GetTextRelBase
libunwind: malformed DW_CFA_restore DWARF unwind, reg (%lu) out of range
truncated uleb128 expression
libunwind: unsupported .eh_frame_hdr version: %u at %lx
xmm13
unsupported restore location for register
getTableEntrySize
truncated sleb128 expression
DW_OP_piece not implemented
xmm14
evaluateExpression
_Unwind_GetDataRelBase() not implemented
unwind_phase2
malformed uleb128 expression
libunwind: malformed DW_CFA_register DWARF unwind, reg2 too big
DW_EH_PE_aligned pointer encoding not supported
getSavedRegister
_Unwind_Resume_or_Rethrow() called _Unwind_RaiseException() which unexpectedly returned
_Unwind_GetDataRelBase
getRegister
no x86_64 float registers
FDE is really a CIE
unsupported x86_64 register
setFloatRegister
libunwind: malformed DW_CFA_expression DWARF unwind, reg too big
xmm5
xmm15
libunwind: malformed DW_CFA_offset_extended_sf DWARF unwind, reg too big
libunwind: malformed DW_CFA_offset DWARF unwind, reg (%lu) out of range
xmm2
xmm3
xmm9
xmm11
unknown pointer encoding
getSLEB128
DW_OP_deref_size with bad size
xmm0
during phase1 personality function said it would stop here, but now in phase2 it did not stop here
libunwind: unsupported .eh_frame_hdr at %lx: need at least 4 bytes of data but only got %zd
setRegister
libunwind: malformed DW_CFA_restore_extended DWARF unwind, reg too big
DW_EH_PE_textrel pointer encoding not supported
DWARF opcode not implemented
libunwind: malformed DW_CFA_val_expression DWARF unwind, reg too big
unknown register
DW_EH_PE_datarel is invalid with a datarelBase of 0
Unknown DWARF encoding for search table.
_Unwind_GetTextRelBase() not implemented
libunwind: malformed DW_CFA_GNU_negative_offset_extended DWARF unwind, reg too big
libunwind: malformed DW_CFA_register DWARF unwind, reg too big
libunwind: malformed DW_CFA_def_cfa_register DWARF unwind, reg too big
xmm10
_Unwind_Resume
libunwind: malformed DW_CFA_undefined DWARF unwind, reg too big
CIE ID is not zero
xmm6
CIE start does not match
_Unwind_Resume_or_Rethrow
libunwind: malformed DW_CFA_val_offset_sf DWARF unwind, reg too big
getEncodedP
DW_OP_fbreg not implemented
libunwind: malformed DW_CFA_same_value DWARF unwind, reg too big
xmm4
xmm8
zPLR
AWAVAUATSH
D$8H
D$8H
D$8H
D$8H
D$PH
D$`H
t$ L
|$(H
resuH
t$8H
erroH
|$XL
d$`L
|$hH
t$8I
L$PL
D$ H
D$HH
|$pH
D$xH
[A\A]A^A_
AWAVATSH
t$@M
resuH
|$ H
erroH
d$@M
|$HL
d$PL
|$XH
|$ H
L$@L
D$(H
D$p 
|$`H
D$hH
|$ H
[A\A^A_
AVSH
D$ H
D$(H
D$0H
D$8H
D$HH
m4f.
fffff.
UAWAVAUATSH
T$ H
L$8H
L$(H
D$HH
\$PL
d$PM
l$`H
h[A\A]A^A_]
UAWAVAUATSH
h[A\A]A^A_]
h[A\A]A^A_]
T$ H
L$8H
L$(H
D$HH
\$PL
d$PM
l$`H
UAWAVSPH
L;3u
[A^A_]
AWAVATSPH
[A\A^A_
UAWAVAUATSH
L$(H
|$ H
T$`L
D$`H
|$ H
[A\A]A^A_]
D$`H
L$hL
)L$@
)D$0L
l$`sfH
)L$@
)D$0H
(D$0
(L$@C
t$hH
)D$pH
)L$@
)D$0I
L$hH
(D$p
(L$0
(T$@L
L$hH
D$`I
)L$@
)D$0L
|$hH
D$`I
)L$@
)D$0
(D$0
(L$@B
<$I9
)T$P
)L$@
)D$0I
d$ H
)T$P
)L$@
)D$0I
\$pH
D$xH
\$pH
D$xH
\$pH
D$xH
(D$0A
\$pH
D$xH
(D$0A
(D$0A
fffff.
(D$0A
(D$0
(D$@
(L$P
(D$0A
(D$0A
UAWAVAUATSPH
rLfffff.
[A\A]A^A_]
UAWAVAUATSH
L$ A
)D$pI
)D$0H
D$ H
(D$p
D$HE
ffff.
L$`H
(D$0
(L$@
(T$P
[A\A]A^A_]
AWAVAUATSH
[A\A]A^A_
AVSH
L$ H
D$(H
8[A^
AVSH
T$ L
L$0H
T$(H
D$ H
8[A^
tvSH
AWAVSH
[A^A_
UAWAVAUATSH
?ffff.
|$8L
ufL9
D$HH
D$8H
L$8H
L$8H
L$8L
:uaI
D$0f
t$`H
T$@H
passwordH
D$HH
D$8H
pht%
t$`H
T$@H
read_timH
eoutH
D$HH
D$8Hc@xH
t$`H
T$@H
_timeoutH
write_tiH
D$HH
D$8Hc@|H
t$`H
\$@H
oD$`
D$pH
oD$@f
D$`H
D$PH
D$pH
D$pI
(D$`A
Lc I
jtnI
l$xu?L
D$8H
\$8s
~lI9
~UI9
\$8u^Lc
resuH
D$HH
t$`H
T$@H
dataH
D$HH
l$hL
L$lH
t$`L
|$@H
oD$`
D$pH
oD$@f
D$PH
l$HL
L$LH
l$XH
D$\E
~{I9
~:I9
resu
D$@H
)D$`H
D$PH
D$pH
d$7H
D$7H
resuH
D$HH
t$`H
T$@H
erroH
D$HH
|$`H
t$0t	H
t$`L
d$@H
oD$`
D$pH
)D$`H
D$PH
D$pH
T$0fA
|$`H
D$pI
(D$`A
[A\A]A^A_]
9+uOH
tifA
D$0M
L$0D
L$0D
UAWAVAUATSH
[A\A]A^A_]
AVSPH
tQSH
AVSPH
UAWAVAUATSH
[A\A]A^A_]
	s%H
[A\A]A^A_]
UAWAVAUATSH
|$0x
D$ H
t$(A
L;t$
L;t$
L;t$
D$ H
|$0M
8[A\A]A^A_]
AWAVATSH
[A\A^A_
D$ H
UAWAVAUATSPH
[A\A]A^A_]
v,PH
AWAVATSPH
[A\A^A_
[A\A^A_
UAWAVAUATSH
|$ H
D$(E1
L;t$(
L;t$(
s7L;l$
L;t$(
D$0H
|$ H
)D$0H
|$ t
D$0H
D$8H
H[A\A]A^A_]
AWAVAUATSPH
G:|%
M;&u
[A\A]A^A_]
AVSH
0[A^]
AVSH
[A^]
AWAVAUATSPH
fff.
[A\A]A^A_]
AWAVAUATSH
!fff.
h[A\A]A^A_]
AWAVSH
x8E1
fffff.
fffff.
([A^A_]
AWAVATSH
[A\A^A_]
AWAVSPH
L;3u
[A^A_]
AVSH
0[A^]
AWAVATSH
[A\A^A_]
UAWAVAUATSH
h[A\A]A^A_]
h[A\A]A^A_]
T$ H
L$8H
L$(H
D$HH
\$PL
d$PM
l$`H
UAWAVAUATSPH
[A\A]A^A_]
ffff.
UAWAVAUATSH
T$ H
L$8H
L$(H
D$HH
\$PL
d$PM
l$`H
h[A\A]A^A_]
AWAVATSPH
[A\A^A_
UAWAVSPH
L;3u
[A^A_]
AVSH
L$ H
D$(H
T$ L
8[A^
m4fff.
AWAVAUATSH
fffff.
8[A\A]A^A_]
8[A\A]A^A_]
H8E1
AWAVATSI
fff.
[A\A^A_]
AWAVATSL
[A\A^A_]
[A\A^A_]
AWAVAUATSH
tQE1
t/I9
[A\A]A^A_]
[A\A]A^A_]
AWAVAUATSH
fff.
X[A\A]A^A_]
ffff.
ffffff.
fffff.
AWAVS1
ffff.
[A^A_]
AWAVAUATSH
x[A\A]A^A_]
AWAVAUATSH
w4L9
%ffffff.
([A\A]A^A_]
AWAVATSL
[A\A^A_]
[A\A^A_]
AWAVAUATSH
[A\A]A^A_]
	wAI
	w)I
	wNM
	w2I
	wQM
	w3I
	w]M
	wCM
AWAVAUATSH
H[A\A]A^A_]
AWAVSH
ffffff.
8[A^A_]
AWAVAUATSH
t2I9
t!H9
u]H)
H[A\A]A^A_]
AVSH
 [A^]
AWAVATSH
|$ H
[A\A^A_]
AVSH
[A^]
[A^]
t@D)
fffff.
AWAVATSL
uAI9
B8<8M
offf.
fffff.
0ff.
[A\A^A_]
uEUH
AWAVSPL
A88M
[A^A_]
AWAVAUATSH
*fffff.
<<C8<
fffff.
<.H9
<<C8<
$fff.
&fffff.
fff.
[A\A]A^A_]
AVSH
[A^]
>+uqH
<umH
fff.
AVSH
)D$p
)D$`
)D$P
)D$@
)D$0
T$0H
D$0H
D$ H
L$(H
L$ H
 uRH
)D$p
)D$`
)D$PH
D$ H
D$(H
D$PH
D$ H
D$`H
|$ H
D$ H
D$0H
t$(H
T$0H
AWAVAUATSH
[A\A]A^A_]
AWAVAUATSH
[A\A]A^A_]
AWAVAUATSH
[A\A]A^A_]
AWAVAUATSH
[A\A]A^A_]
AWAVATSH
[A\A^A_]
AWAVSPH
[A^A_]
AWAVATSH
0[A\A^A_]
AWAVAUATSH
t.E1
t.E1
M;,$u
\$ I
[A\A]A^A_]
AWAVAUATSH
s4fffff.
skM9
Sffffff.
fff.
ffff.
s1ff.
ffff.
Offffff.
fff.
tmE1
sEE1
ffff.
fff.
u?L9
fff.
s&M9
s E1
[A\A]A^A_]
AWAVAUATSH
3333
3333B
UUUU
UUUUB
[A\A]A^A_]
s*H9
u;I9
s-L9
s5L)
rmL9
AWAVATSH
ffff.
0[A\A^A_]
oJ f
oB0f
UAVSH
)D$`
)D$PH
\$PH
(D$P
(L$`
)D$pH
t$ H	
t$pL
(D$p
)D$ 
)L$0
)D$@A
)D$p
(D$p
D$@I
l$P1
[A^]
D$PH
D$XH
\$pH
D$xH
D$pH
D$ H
D$(H
D$(H
AVSH
og H
)L$ f
4$fA
\$pf
)d$`f
d$Pf
|$@f
o$$fA
$$fA
o,$f
,$fD
d$ f
od$pf
N@fD
F`fD
oo H
b}Z%
}Z5=
ow H
ffffff.
yo\$
yo\$ 
yoT$
og H
,$fD
^PfA
o'fD
oG f
l$ fA
4$fD
oD$ fD
^ fD
N@fA
v`fD
D$(H
UAWAVAUATSH
[A\A]A^A_]
UAWAVAUATSH
D$ M
|$xMc
D$(H
D$(H
D$@H
D$PH
t$@H
|$(D
d$ H
L$xH
D$(H
D$(H
D$@H
D$PH
t$pH
[A\A]A^A_]
D$(H
D$(H
D$@H
D$PH
t$@H
|$(D
L$xH
d$ L
t$pH
l$(H
D$0H
fff.
l$(H
D$@H
D$PH
|$8H
|$@H
|$Hf
D$@H
D$PH
D$xH
\$ L
t$pt
D$HH
D$@H
D$PH
L$xH
t$pt
d$ H
|$(1
|$8H
l$(H
L$0H
AVSH
L$ H
D$(H
T$ L
8[A^
UAWAVAUATSPI
[A\A]A^A_]
AWAVSH
[A^A_
[A^A_
AVSPI
AWAVATSH
)L$0
)D$ H
d$PH	
t$ L
(D$ 
(L$0
)D$P
)L$`
)D$pA
(T$ A
)V A
[A\A^A_
AWAVAUATSH
s3M9
ffffff.
w.M9
8[A\A]A^A_]
AWAVATSH
`[A\A^A_]
`[A\A^A_]
Mt4H
Su.H
AVSH
ffffff.
 [A^]
 [A^]
su#L
fff.
_tHD
fff.
tNH9
@u}H
t*H9
AWAVAUATSH
[A\A]A^A_]
 t'H
$ff.
t&I)
 t@H
[A\A]A^A_]
s$UH
AWAVSH
[A^A_]
Au/H
[A^A_]
Rt%H
AWAVATSH
fffff.
EtAI
[A\A^A_]
Lu#L
_u.H
ffff.
_t@D
AWAVATSH
nu-H
[A\A^A_]
[A\A^A_]
Rt%H
AWAVAUATSH
t$(M)
[A\A]A^A_]
[A\A]A^A_]
m4fffff.
AWAVAUATSH
[A\A]A^A_]
[A\A]A^A_]
AVSH
ffffff.
 [A^]
 [A^]
_u$I
AWAVATSH
[A\A^A_]
ffff.
AWAVAUATSH
"u"H
ffffff.
[A\A]A^A_]
[A\A]A^A_]
AWAVAUATSH
8[A\A]A^A_]
8[A\A]A^A_]
8[A\A]A^A_]
AWAVATSH
fffff.
EtFI
[A\A^A_]
AWAVATSH
fffff.
EtLH
[A\A^A_]
AWAVAUATSH
<9_u
fff.
_t}D
H[A\A]A^A_]
AVSH
 [A^]
AWAVAUATSH
fffff.
fffff.
fffff.
[A\A]A^A_]
AWAVAUATSH
FPH9
saM9
fff.
fffff.
8[A\A]A^A_]
AWAVAUATSPH
GuGH
[A\A]A^A_]
[A\A]A^A_]
fff.
_tID
D)c(H
[A\A]A^A_]
AVSH
_tuD
 [A^]
 [A^]
_tHD
AWAVATSH
fffff.
EtGH
[A\A^A_]
AWAVAUATSPH
uwE1
fff.
[A\A]A^A_]
9<_tdD
ffff.
tTE1
EtFI
D)s(
D)s(
D)s(D
[A\A]A^A_]
AWAVAUATSH
fff.
H[A\A]A^A_]
H[A\A]A^A_]
AWAVATSH
Bu4L
 [A\A^A_]
ffff.
_t@D
AWAVAUATSH
Ku*H
<1CuSH
EtjI
[A\A]A^A_]
[A\A]A^A_]
AWAVAUATSH
<)H9
fff.
fffff.
<)H9
4*G:4(t
ffffff.
fffff.
t1fA
;__ZN
t5L9
refA
;RtiA
[A\A]A^A_]
AWAVAUATSH
+u5I
fff.
fffff.
.u;I
<$SPH
<$BPH
<$RFH
<$LTH
<$GTH
<$LPH
<$RPH
.ff.
:+uyI
x[A\A]A^A_]
UAWAVAUATSH
43333333L
33333333
33333333
vhE1
sifA
[A\A]A^A_]
	v,H
ffff.
AWAVATSH
8[A\A^A_
UAWAVAUATSH
D$(H
X[A\A]A^A_]
ffff.
|$ I
D$(H
fffff.
m4ff.
/ffff.
H;\$
ffff.
X[A\A]A^A_]
?ffffff.
ffff.
D$ M
fff.
ffffff.
|$0H
|$0H
X[A\A]A^A_]
UAWAVAUATSH
fff.
D$ H
D$0L
ffff.
h[A\A]A^A_]
fffff.
D$`H
fff.
fff.
|$ I
|$ I
<$L;|$
ffff.
T$(L
l$0J
L$ H
fffff.
|$ I
fff.
|$ I
fff.
D$0H
fff.
ffffff.
'fffff.
fffff.
|$ H
|$`H
fff.
m4ffffff.
h[A\A]A^A_]
h[A\A]A^A_]
|$8H
|$8H
#uZL
AVSP
fmt erroI
UAWAVAUATSH
fff.
[A\A]A^A_]
UAWAVAUATSH
([A\A]A^A_]
\$ H
fff.
|$ I
D$(L
\$ L
H;L$
UAWAVAUATSH
fff.
[A\A]A^A_]
UAWAVAUATSH
D$(H
H9T$
H;L$
D$@H
ffffff.
|$0H
|$0H
|$0H
D$8I
\u00
fff.
fff.
D$(H
fff.
L9L$
ffff.
fffff.
.ff.
H[A\A]A^A_]
AWAVAUATSH
_Lc:H
Lc2H
H[A\A]A^A_]
AWAVATSH
@[A\A^A_]
AWAVATS
[A\A^A_]
[A\A^A_]
AWAVATS
[A\A^A_]
[A\A^A_]
AWAVATSH
ffff.
P[A\A^A_]
AWAVATSH
 [A\A^A_]
fffff.
AVSH
[A^]
[A^]
AWAVAUATSH
[A\A]A^A_]
[A\A]A^A_]
[A\A]A^A_]
 uNH
AWAVATSH
[A\A^A_]
[A\A^A_]
AWAVAUATSPH
Lc(I
t2M9
[A\A]A^A_]
AWAVAUATSH
"fffff.
Lc(I
t2M9
[A\A]A^A_]
AWAVAUATSH
[A\A]A^A_]
E#>A	
AWAVAUATSPH
[A\A]A^A_]
AVSH
0[A^]
AWAVAUATSH
[A\A]A^A_]
ffff.
AWAVAUATSH
<;/t
fffff.
<;/t
[A\A]A^A_]
ffffff.
AVSI
.u+1
[A^]
AWAVAUATSH
L$0I
[A\A]A^A_]
l$:I
D$ H
/t5I
D$0H
[A^]
V H;S u
[A^]
AWAVSH
[A^A_]
[A^A_]
AVSH
[A^]
AWAVSH
[A^A_]
[A^A_]
AWAVAUATSH
[A\A]A^A_]
AWAVAUATSH
!sxH
([A\A]A^A_]
AWAVAUATSH
8[A\A]A^A_]
D#8A	
8[A\A]A^A_]
AWAVAUATSH
[A\A]A^A_]
AWAVAUATSH
?/u4H
h[A\A]A^A_]
h[A\A]A^A_]
AWAVAUATSH
u8L;E
ffffff.
sOE1
ffff.
fff.
[A\A]A^A_]
AVSH
[A^]
AWAVAUATSH
[A\A]A^A_]
AWAVAUATSH
[A\A]A^A_]
ELFu
T7 M
L+D0
AWAVAUATSPH
ffffff.
[A\A]A^A_]
[A\A]A^A_]
AWAVAUATSH
ffff.
UfA	
[A\A]A^A_]
AWAVAUATSH
vDE1
.debH
8[A\A]A^A_]
AWAVAUATSH
[A\A]A^A_]
?/ujH
[A\A]A^A_]
AWAVATSH
fff.
[A\A^A_]
AWAVAUATSH
G8:F8u_
[A\A]A^A_]
AWAVATSH
[A\A^A_]
AWAVATSH
[A\A^A_]
AWAVAUATSH
8..tTH
t3L)
:..u
ffffff.
t!H)
j(L;j
[A\A]A^A_]
,.dwpI
AWAVAUATSH
?ffff.
t@L+
&fff.
[A\A]A^A_]
fffff.
ffffff.
H;J s
t0E1
L9,8L
L9)H
=ffff.
V H;
I;T?
fff.
t=Hi
t:Hi
AWAVAUATSH
fffff.
<KuMH
t]fA
Bffff.
ffffff.
Ku"I
[A\A]A^A_]
AWAVAUATSH
T$ A
D$PH
l$0I
\$HM
t$ I
D$(H
|$8H
vJM;w
|$8I
r H9
|$8A
|$8E1
[A\A]A^A_]
<(O9d
L9?v
)M9d
w3r1L9:w,L9z
syL;e
AVSH
[A^]
[A^]
AVSH
[A^]
AWAVAUATSPH
<$/u
t7L9
[A\A]A^A_]
[A\A]A^A_]
AVSH
<uxL
0[A^]
AWAVAUATSH
.debH
bug_3J
[A\A]A^A_]
.zdebug_H90@
;ZLIB
tBUH
AWAVAUATSL
WIfD
[A\A]A^A_]
AWAVAUATSH
t+E1
<9KuXL
KtAE
<KuJL
/t\H
[A\A]A^A_]
ffff.
q~Y=0!
t6=3!
.uw1
VHH)
VHH)
/tjH
"ff.
t"Hk
D: H
AVSH
{h/t`H
[A^]
[A^]
AVS@
[A^]
{h/t\H
[A^]
AWAVAUATSH
r(I)
t1E1
{h.u
I;0s
fff.
ffffff.
~`/uDM
e <KL
~`/t
ffffff.
uQE1
[A\A]A^A_]
<IK9
H9\:
:M;A
H;J sNHk
t+E1
F I;V
J;T7
AWAVAUATSH
:u@H
[A\A]A^A_]
AWAVAUATSH
fff.
fffff.
ffff.
L9 u"L
[A\A]A^A_]
P0I;P
fffff.
.tzH
9fffff.
AWAVAUATSPL
[A\A]A^A_]
[A\A]A^A_]
t5E1
ffff.
@J94
AVSH
:uxL
0[A^]
AWAVAUATSH
s.E1
[A\A]A^A_]
[A\A]A^A_]
AVSH
0[A^]
AVSH
;uxL
0[A^]
AWAVAUATSPI
[A\A]A^A_]
[A\A]A^A_]
AWAVAUATSH
I;Eh
I9Eh
[A\A]A^A_]
AWAVAUATSPI
[A\A]A^A_]
[A\A]A^A_]
AWAVATSH
ffff.
[A\A^A_]
[A\A^A_]
FhH9
NxI)
@xH9
FXH9
fff.
VhH9
AWAVAUATSH
Nfffff.
ffff.
w0H9
ffff.
fff.
ffff.
[A\A]A^A_]
[A\A]A^A_]
AWAVAUATSH
D$0I
L$pE1
I;D$
I;L$P@
D<0L
H;D9
D8pA
H;D9PA
T; D
\;0D
d;@D
l;PD
t;`D
D$ H
@sAI
fffff.
fffff.
t>M9
fff.
/fffff.
fff.
N;L1
[A\A]A^A_]
AWAVAUATSPI
4?Li
[A\A]A^A_]
AWAVATSH
s,E1
[A\A^A_]
[A\A^A_]
AWAVAUATSPI
v H=
ffff.
ffff.
fffff.
4)I!
[A\A]A^A_]
AWAVAUATSH
<Ku(H
([A\A]A^A_]
AVSH
0[A^]
AVSI
[A^]
AWAVAUATSM
+w*Oc4
fffff.
ffff.
t,L)
[A\A]A^A_]
AWAVAUATSPI
[A\A]A^A_]
[A\A]A^A_]
AWAVATSH
ffff.
[A\A^A_]
[A\A^A_]
AWAVAUATSPL
[A\A]A^A_]
[A\A]A^A_]
AWAVAUATSH
P(L)
XJfD
t+E1
W H;
t+E1
M;>u
M;4$u
L;#u
@(L)
[A\A]A^A_]
AWAVAUATSH
s.E1
[A\A]A^A_]
<ujI
[A\A]A^A_]
AWAVSPL
r8E1
txIi
[A^A_]
AWAVAUATSH
[A\A]A^A_]
I;F s>Hk
t.E1
Pffff.
1u(L
AWAVAUATSH
@fff.
fffff.
W0H;W
w wRH;7sMA
[A\A]A^A_]
[A\A]A^A_]
AWAVAUATSH
!sML
D$ H
fffff.
H98@
ffffff.
tEM9
fffff.
I96@
*fffff.
I;;s
I;;r
[A\A]A^A_]
H9G 
WpH9
W`H9
L9O`
I98A
9H98
Np[]
AWAVAUATSPH
4?Li
r=wZI9
[A\A]A^A_]
AVSH
0[A^]
AWAVAUATSH
ffff.
<6H)
ffffff.
[A\A]A^A_]
[A\A]A^A_]
AWAVAUATSH
F0I;N0L
L>HE1
\8HH
L;L90O
D;0A
@s0I
8I;}
tFM9
fff.
sBffffff.
H;0H
hffffff.
[A\A]A^A_]
AWAVAUATSPI
4?Li
[A\A]A^A_]
AVSH
{`/t`H
[A^]
[A^]
AWAVAUATSH
h[A\A]A^A_]
h[A\A]A^A_]
?/tSH
AWAVAUATSPI
fffff.
rLfffff.
ffff.
[A\A]A^A_]
AWAVAUATSH
h[A\A]A^A_]
AWAVAUATSH
h[A\A]A^A_]
AWAVAUATSH
VPH)
J8E1
H+J0N
L+J(I
s=Hk
t+E1
h[A\A]A^A_]
AWAVAUATSH
ffffff.
X[A\A]A^A_]
AWAVAUATSH
h[A\A]A^A_]
AWAVAUATSH
h[A\A]A^A_]
AWAVAUATSL
[A\A]A^A_]
%wBH
t\=!
*fffff.
fff.
AVSH
>uyJ
0[A^]
AWAVATSH
M;>t
M;>u
[A\A^A_]
AWAVAUATSH
[A\A]A^A_]
AVSH
"fffff.
`[A^]
AWAVAUATSPI
fffff.
rLfffff.
ffff.
[A\A]A^A_]
AVSH
 [A^]
AVSH
=uyJ
0[A^]
AWAVATSH
[A\A^A_]
r8t6I
AWAVAUATSH
s.E1
[A\A]A^A_]
=ujI
[A\A]A^A_]
AVSH
0[A^]
AWAVAUATSPH
{`/t\H
ffff.
ffff.
[A\A]A^A_]
[A\A]A^A_]
<Lu/
AWAVAUATSH
s.E1
[A\A]A^A_]
<ujI
[A\A]A^A_]
AWAVAUATSPI
[A\A]A^A_]
[A\A]A^A_]
AWAVAUATSPI
[A\A]A^A_]
[A\A]A^A_]
AVSH
0[A^]
AVSH
{`/t`H
[A^]
[A^]
AWAVAUATSPI
[A\A]A^A_]
[A\A]A^A_]
tDUH
AWAVAUATSH
[A\A]A^A_]
tTE9
UUUUD
3333
3333D
AWAVAUATSPH
fffff.
[A\A]A^A_]
AVSH
[A^]
AWAVAUATSPH
[A\A]A^A_]
[A\A]A^A_]
AWAVAUATSH
Nfffff.
ffff.
w H9
ffff.
fff.
ffffff.
[A\A]A^A_]
[A\A]A^A_]
AWAVAUATSH
D$ I
L$`E1
I;L$@@
D< E1
D8`A
H;D9@A
T; D
\;0D
d;@D
l;PD
t;`D
D$ H
fffff.
tEM9
H;0H
fffff.
[A\A]A^A_]
AWAVAUATSPI
4?Li
[A\A]A^A_]
AWAVAUATSH
ffff.
ffffff.
<>H9
fffff.
fff.
[A\A]A^A_]
[A\A]A^A_]
AWAVAUATSH
ffff.
ffff.
s;ff.
tDM9
fff.
ffff.
ffffff.
H;0H
H;x 
H;p0H
H;0H
H0E1
H;H @
2I;3L
L00A
L;L0 A
d  K
[A\A]A^A_]
AWAVAUATSPH
O0E1
H;O A
OpE1
H;G@A
H;O`A
:I;?L
rpL9
<;E1
K;<&O
O;$3A
[A\A]A^A_]
AWAVAUATSPI
4?Lk
[A\A]A^A_]
AWAVAUATSH
ffff.
ffff.
[A\A]A^A_]
AWAVAUATSH
h[A\A]A^A_]
AWAVSH
([A^A_]
AVSH
0[A^]
uMH9
AWAVAUATSH
[A\A]A^A_]
ffffff.
@s8I
M9(L
M9(L
fffff.
I;0L
I;0L
[A\A]A^A_]
AWAVAUATSH
WHE1
O0H;W0O
0H;D
 O;$
[A\A]A^A_]
AWAVAUATSPI
4?Li
[A\A]A^A_]
AWAVAUATSH
self/exeH
/proc/seH
[A\A]A^A_]
AVSH
0[A^]
AWAVAUATSPI
[A\A]A^A_]
[A\A]A^A_]
AVSH
0[A^]
AVSH
ffff.
0u!A
[A^]H)
7H;w
AWAVSH
H[A^A_]
AWAVSPH
[A^A_]
AWAVSH
x[A^A_]
AWAVAUATSH
fffff.
@u!A
fffff.
ffff.
8[A\A]A^A_]
@ua1
AWAVAUATSH
T$ A
T$ A
[A\A]A^A_]
AVSH
ffffff.
[A^]
AWAVSPI
[A^A_]
[A^A_]
AWAVATSH
[A\A^A_]
AWAVSPH
L;3u
[A^A_]
AWAVAUATSPH
t2M9
[A\A]A^A_]
AWAVAUATSPH
[A\A]A^A_]
AWAVAUATSH
[A\A]A^A_]
AWAVAUATSH
ffffff.
h[A\A]A^A_]
AWAVAUATSH
+tcL
[A\A]A^A_]
+uOI
AWAVATSH
 [A\A^A_]
 [A\A^A_]
AWAVATSH
[A\A^A_]
AWAVAUATSH
Lc I
fff.
Lc I
[A\A]A^A_]
AWAVAUATSH
.gnu_debH1
ebuglinkH1
fffff.
vCM9W
M;'v
@@I)
q8E1
ffff.
<Ku(I
ffff.
fffff.
[A\A]A^A_]
tHH9
tTL9
4.debL
tGH9
ib/debugI
/usr/libI
tHL9
tHL9
AWAVAUATSH
[A\A]A^A_]
AWAVAUATSH
fff.
sDM9
$*G:$(t
ffff.
ffffff.
[A\A]A^A_]
ffffff.
xfff.
A;D8
AVSH
 [A^]
AWAVATSH
P[A\A^A_]
AWAVAUATSH
ACKTRACEH
RUST_BACH
j	XH
j	XH
80urA
8fullu
AVSH
[A^]
q=UH
AWAVATSH
P[A\A^A_]
AWAVAUATSH
AuthentiL1
cAMDH	
HygonGenL1
uineH	
GenuineII1
ntelL	
H[A\A]A^A_]
AWAVATSH
[A\A^A_]
AWAVAUATSH
X[A\A]A^A_]
AWAVAUATSH
H[A\A]A^A_]
AWAVATSH
[A\A^A_]
AWAVSPH
[A^A_]
AWAVSH
H[A^A_]
AWAVSPH
[A^A_]
AVSH
[A^]
AVSH
s(f.
 L;5
[A^]
AWAVAUATSH
[A\A]A^A_]
AWAVAUATSH
[A\A]A^A_]
AWAVAUATSH
D0(M
([A\A]A^A_]
AWAVAUATSH
t6I97tEH
([A\A]A^A_]
AWAVAUATSH
.wmIcD
L+#L
[A\A]A^A_]
AWAVATS1
[A\A^A_]
AWAVAUATSH
([A\A]A^A_]
AWAVATSH
[A\A^A_]
AWAVAUATSH
tKI9
[A\A]A^A_]
AWAVAUATSH
IcN,H
IcN,I
IcV,I
IcN,H
IcN,I
IcN,D
[A\A]A^A_]
AWAVSP
[A^A_]
ydH9
y@H9
y H9
~uIH
AWAVAUATSH
[A\A]A^A_]
AWAVAUATSH
L98u
[A\A]A^A_]
AWAVAUATSPI
[A\A]A^A_]
AWAVAUATSH
([A\A]A^A_]
AWAVAUATSH
H9K w
h[A\A]A^A_]
AWAVSH
[A^A_]
AWAVATSH
[A\A^A_]
AWAVATSH
[A\A^A_]
AVSH
[A^]
g8_Y
rustc version 1.83.0 (90b35a623 2024-11-26)
clang version 19.1.7 (https://github.com/ziglang/zig-bootstrap 1c3c59435891bc9caf8cd1d3783773369d191c5f)
Linker: LLD 19.1.7 (https://github.com/ziglang/zig-bootstrap 1c3c59435891bc9caf8cd1d3783773369d191c5f)
.dynsym
.gnu.version
.gnu.version_r
.gnu.hash
.hash
.dynstr
.rela.dyn
.rela.plt
.gcc_except_table
.rodata
.eh_frame_hdr
.eh_frame
.text
.plt
.tdata
.tbss
.data.rel.ro
.init_array
.dynamic
.got
.got.plt
.relro_padding
.data
.bss
.comment
.shstrtab
