{
 "data": [
  {
   "bigint_field": 9999999,
   "bigserial_field": 9999999,
   "bool_field": true,
   "bytea_field": "Binary",
   "char_field": "A",
   "charn_field": "AAA",
   "date_field": "2026-06-07",
   "dp_field": 1.0002,
   "int_field": 100,
   "ip_field": "127.0.0.1",
   "json_field": {
    "key": "***",
    "value": 10
   },
   "jsonb_field": {
    "key": "***",
    "value": 10
   },
   "name_field": "Vitaly",
   "numeric_field": "15.20",
   "oid_field": 24576,
   "oldchar_field": 1,
   "real_field": 15.1999998092651,
   "serial_field": 100,
   "smallint_field": 5,
   "smallserial_field": 6,
   "text_field": "Some text",
   "time_field": "00:03:31",
   "ts_field": "2026-06-07T00:03:31",
   "tswtz_field": "2026-06-07T01:03:31+03:00",
   "uuid_field": "6697b84f-5f3e-4bc8-9225-4253007eb2ba",
   "varchar_field": "Some varchar"
  }
 ],
 "result": true
}
