{
 "result": "success",
 "files": [
  {
   "path": "test/gif.gif",
   "is_directory": false,
   "size": 805189,
   "created_at": "Sun, 04 Jan 2026 00:29:04 -0000",
   "updated_at": "Sun, 04 Jan 2026 00:29:04 -0000",
   "sha1_hash": "8f92377c07daab3231778f947e2cca1780a77991"
  },
  {
   "path": "test/pic1.png",
   "is_directory": false,
   "size": 2114023,
   "created_at": "Sun, 04 Jan 2026 00:29:04 -0000",
   "updated_at": "Sun, 04 Jan 2026 00:29:04 -0000",
   "sha1_hash": "104e16d3f54d5a7bde58d5282f375591de694330"
  }
 ]
}
