{
 "entries": [
  {
   "directory": true,
   "entries": [
    {
     "directory": false,
     "name": "settings.json",
     "size": 17
    }
   ],
   "name": "config"
  },
  {
   "directory": true,
   "entries": [
    {
     "directory": true,
     "entries": [
      {
       "directory": false,
       "name": "payload.bin",
       "size": 5
      }
     ],
     "name": "nested"
    }
   ],
   "name": "data"
  },
  {
   "directory": true,
   "entries": [
    {
     "directory": false,
     "name": "note.txt",
     "size": 20
    }
   ],
   "name": "docs"
  },
  {
   "directory": false,
   "name": "readme.txt",
   "size": 21
  }
 ]
}
