{
 "response": {
  "count": 2,
  "items": [
   {
    "availability": 0,
    "category": {
     "inner_type": "market_market_category_old",
     "id": 20173,
     "name": "Батарейки",
     "section": {
      "id": 10016,
      "name": "Канцелярские товары"
     }
    },
    "description": "Описание товара",
    "id": 13164025,
    "owner_id": -218861756,
    "price": {
     "amount": "100",
     "currency": {
      "id": 643,
      "name": "RUB",
      "title": "₽"
     },
     "text": "1 ₽",
     "discount_rate": -93,
     "old_amount": "1500",
     "old_amount_text": "15 ₽"
    },
    "title": "Тестовый товар (со свойством)",
    "other_items": [
     {
      "title": "Другие товары сообщества",
      "view_type": 1,
      "item_ids": [
       "-218861756_12526133",
       "-218861756_12477243",
       "-218861756_12477196",
       "-218861756_12477054",
       "-218861756_12476686",
       "-218861756_12475606",
       "-218861756_12475441",
       "-218861756_12475355",
       "-218861756_12475074",
       "-218861756_12472207"
      ],
      "referrer_item_type": "other_goods"
     }
    ],
    "dimensions": {
     "width": "***",
     "height": 30,
     "length": 40
    },
    "weight": 100,
    "albums_ids": [],
    "photos": [
     {
      "album_id": -53,
      "date": 1779640594,
      "id": 1558,
      "owner_id": -218861756,
      "access_key": "***",
      "sizes": [
       {
        "height": 54,
        "type": "s",
        "width": "***",
        "url": "https://sun9-73.userapi.com/s/v1/ig2/FjLOt9BgvsSGe4kYuc5NdWDtj3C6MyfePyIIPvH_T91H31i6R6vOHJGIrwG99mN..."
       },
       {
        "height": 120,
        "type": "m",
        "width": "***",
        "url": "https://sun9-73.userapi.com/s/v1/ig2/FjLOt9BgvsSGe4kYuc5NdWDtj3C6MyfePyIIPvH_T91H31i6R6vOHJGIrwG99mN..."
       },
       {
        "height": 480,
        "type": "x",
        "width": "***",
        "url": "https://sun9-73.userapi.com/s/v1/ig2/FjLOt9BgvsSGe4kYuc5NdWDtj3C6MyfePyIIPvH_T91H31i6R6vOHJGIrwG99mN..."
       },
       {
        "height": 810,
        "type": "y",
        "width": "***",
        "url": "https://sun9-73.userapi.com/s/v1/ig2/FjLOt9BgvsSGe4kYuc5NdWDtj3C6MyfePyIIPvH_T91H31i6R6vOHJGIrwG99mN..."
       },
       {
        "height": 960,
        "type": "z",
        "width": "***",
        "url": "https://sun9-73.userapi.com/s/v1/ig2/FjLOt9BgvsSGe4kYuc5NdWDtj3C6MyfePyIIPvH_T91H31i6R6vOHJGIrwG99mN..."
       },
       {
        "height": 1920,
        "type": "w",
        "width": "***",
        "url": "https://sun9-73.userapi.com/s/v1/ig2/FjLOt9BgvsSGe4kYuc5NdWDtj3C6MyfePyIIPvH_T91H31i6R6vOHJGIrwG99mN..."
       },
       {
        "height": 81,
        "type": "o",
        "width": "***",
        "url": "https://sun9-73.userapi.com/s/v1/ig2/FjLOt9BgvsSGe4kYuc5NdWDtj3C6MyfePyIIPvH_T91H31i6R6vOHJGIrwG99mN..."
       },
       {
        "height": 180,
        "type": "p",
        "width": "***",
        "url": "https://sun9-73.userapi.com/s/v1/ig2/FjLOt9BgvsSGe4kYuc5NdWDtj3C6MyfePyIIPvH_T91H31i6R6vOHJGIrwG99mN..."
       },
       {
        "height": 270,
        "type": "q",
        "width": "***",
        "url": "https://sun9-73.userapi.com/s/v1/ig2/FjLOt9BgvsSGe4kYuc5NdWDtj3C6MyfePyIIPvH_T91H31i6R6vOHJGIrwG99mN..."
       },
       {
        "height": 405,
        "type": "r",
        "width": "***",
        "url": "https://sun9-73.userapi.com/s/v1/ig2/FjLOt9BgvsSGe4kYuc5NdWDtj3C6MyfePyIIPvH_T91H31i6R6vOHJGIrwG99mN..."
       },
       {
        "height": 1920,
        "type": "base",
        "width": "***",
        "url": "https://sun9-73.userapi.com/s/v1/ig2/FjLOt9BgvsSGe4kYuc5NdWDtj3C6MyfePyIIPvH_T91H31i6R6vOHJGIrwG99mN..."
       }
      ],
      "text": "",
      "user_id": 100,
      "web_view_token": "***",
      "has_tags": false,
      "orig_photo": {
       "height": 1920,
       "type": "base",
       "url": "https://sun9-73.userapi.com/s/v1/ig2/FjLOt9BgvsSGe4kYuc5NdWDtj3C6MyfePyIIPvH_T91H31i6R6vOHJGIrwG99mN...",
       "width": "***"
      }
     },
     {
      "album_id": -53,
      "date": 1779640597,
      "id": 1559,
      "owner_id": -218861756,
      "access_key": "***",
      "sizes": [
       {
        "height": 54,
        "type": "s",
        "width": "***",
        "url": "https://sun9-73.userapi.com/s/v1/ig2/FjLOt9BgvsSGe4kYuc5NdWDtj3C6MyfePyIIPvH_T91H31i6R6vOHJGIrwG99mN..."
       },
       {
        "height": 120,
        "type": "m",
        "width": "***",
        "url": "https://sun9-73.userapi.com/s/v1/ig2/FjLOt9BgvsSGe4kYuc5NdWDtj3C6MyfePyIIPvH_T91H31i6R6vOHJGIrwG99mN..."
       },
       {
        "height": 480,
        "type": "x",
        "width": "***",
        "url": "https://sun9-73.userapi.com/s/v1/ig2/FjLOt9BgvsSGe4kYuc5NdWDtj3C6MyfePyIIPvH_T91H31i6R6vOHJGIrwG99mN..."
       },
       {
        "height": 810,
        "type": "y",
        "width": "***",
        "url": "https://sun9-73.userapi.com/s/v1/ig2/FjLOt9BgvsSGe4kYuc5NdWDtj3C6MyfePyIIPvH_T91H31i6R6vOHJGIrwG99mN..."
       },
       {
        "height": 960,
        "type": "z",
        "width": "***",
        "url": "https://sun9-73.userapi.com/s/v1/ig2/FjLOt9BgvsSGe4kYuc5NdWDtj3C6MyfePyIIPvH_T91H31i6R6vOHJGIrwG99mN..."
       },
       {
        "height": 1920,
        "type": "w",
        "width": "***",
        "url": "https://sun9-73.userapi.com/s/v1/ig2/FjLOt9BgvsSGe4kYuc5NdWDtj3C6MyfePyIIPvH_T91H31i6R6vOHJGIrwG99mN..."
       },
       {
        "height": 81,
        "type": "o",
        "width": "***",
        "url": "https://sun9-73.userapi.com/s/v1/ig2/FjLOt9BgvsSGe4kYuc5NdWDtj3C6MyfePyIIPvH_T91H31i6R6vOHJGIrwG99mN..."
       },
       {
        "height": 180,
        "type": "p",
        "width": "***",
        "url": "https://sun9-73.userapi.com/s/v1/ig2/FjLOt9BgvsSGe4kYuc5NdWDtj3C6MyfePyIIPvH_T91H31i6R6vOHJGIrwG99mN..."
       },
       {
        "height": 270,
        "type": "q",
        "width": "***",
        "url": "https://sun9-73.userapi.com/s/v1/ig2/FjLOt9BgvsSGe4kYuc5NdWDtj3C6MyfePyIIPvH_T91H31i6R6vOHJGIrwG99mN..."
       },
       {
        "height": 405,
        "type": "r",
        "width": "***",
        "url": "https://sun9-73.userapi.com/s/v1/ig2/FjLOt9BgvsSGe4kYuc5NdWDtj3C6MyfePyIIPvH_T91H31i6R6vOHJGIrwG99mN..."
       },
       {
        "height": 1920,
        "type": "base",
        "width": "***",
        "url": "https://sun9-73.userapi.com/s/v1/ig2/FjLOt9BgvsSGe4kYuc5NdWDtj3C6MyfePyIIPvH_T91H31i6R6vOHJGIrwG99mN..."
       }
      ],
      "text": "",
      "user_id": 100,
      "web_view_token": "***",
      "has_tags": false,
      "orig_photo": {
       "height": 1920,
       "type": "base",
       "url": "https://sun9-73.userapi.com/s/v1/ig2/FjLOt9BgvsSGe4kYuc5NdWDtj3C6MyfePyIIPvH_T91H31i6R6vOHJGIrwG99mN...",
       "width": "***"
      }
     },
     {
      "album_id": -53,
      "date": 1779640598,
      "id": 1560,
      "owner_id": -218861756,
      "access_key": "***",
      "sizes": [
       {
        "height": 40,
        "type": "s",
        "width": "***",
        "url": "https://sun9-11.userapi.com/s/v1/ig2/CTnnbDjBTDlI6PwqrnFpQOoqCZkLPDwM6gYCPa47UumxoJFqCGuZblb7Z_hpKLs..."
       },
       {
        "height": 90,
        "type": "m",
        "width": "***",
        "url": "https://sun9-11.userapi.com/s/v1/ig2/CTnnbDjBTDlI6PwqrnFpQOoqCZkLPDwM6gYCPa47UumxoJFqCGuZblb7Z_hpKLs..."
       },
       {
        "height": 360,
        "type": "x",
        "width": "***",
        "url": "https://sun9-11.userapi.com/s/v1/ig2/CTnnbDjBTDlI6PwqrnFpQOoqCZkLPDwM6gYCPa47UumxoJFqCGuZblb7Z_hpKLs..."
       },
       {
        "height": 607,
        "type": "y",
        "width": "***",
        "url": "https://sun9-11.userapi.com/s/v1/ig2/CTnnbDjBTDlI6PwqrnFpQOoqCZkLPDwM6gYCPa47UumxoJFqCGuZblb7Z_hpKLs..."
       },
       {
        "height": 720,
        "type": "z",
        "width": "***",
        "url": "https://sun9-11.userapi.com/s/v1/ig2/CTnnbDjBTDlI6PwqrnFpQOoqCZkLPDwM6gYCPa47UumxoJFqCGuZblb7Z_hpKLs..."
       },
       {
        "height": 1080,
        "type": "w",
        "width": "***",
        "url": "https://sun9-11.userapi.com/s/v1/ig2/CTnnbDjBTDlI6PwqrnFpQOoqCZkLPDwM6gYCPa47UumxoJFqCGuZblb7Z_hpKLs..."
       },
       {
        "height": 61,
        "type": "o",
        "width": "***",
        "url": "https://sun9-11.userapi.com/s/v1/ig2/CTnnbDjBTDlI6PwqrnFpQOoqCZkLPDwM6gYCPa47UumxoJFqCGuZblb7Z_hpKLs..."
       },
       {
        "height": 135,
        "type": "p",
        "width": "***",
        "url": "https://sun9-11.userapi.com/s/v1/ig2/CTnnbDjBTDlI6PwqrnFpQOoqCZkLPDwM6gYCPa47UumxoJFqCGuZblb7Z_hpKLs..."
       },
       {
        "height": 202,
        "type": "q",
        "width": "***",
        "url": "https://sun9-11.userapi.com/s/v1/ig2/CTnnbDjBTDlI6PwqrnFpQOoqCZkLPDwM6gYCPa47UumxoJFqCGuZblb7Z_hpKLs..."
       },
       {
        "height": 304,
        "type": "r",
        "width": "***",
        "url": "https://sun9-11.userapi.com/s/v1/ig2/CTnnbDjBTDlI6PwqrnFpQOoqCZkLPDwM6gYCPa47UumxoJFqCGuZblb7Z_hpKLs..."
       },
       {
        "height": 1080,
        "type": "base",
        "width": "***",
        "url": "https://sun9-11.userapi.com/s/v1/ig2/CTnnbDjBTDlI6PwqrnFpQOoqCZkLPDwM6gYCPa47UumxoJFqCGuZblb7Z_hpKLs..."
       }
      ],
      "text": "",
      "user_id": 100,
      "web_view_token": "***",
      "has_tags": false,
      "orig_photo": {
       "height": 1080,
       "type": "base",
       "url": "https://sun9-11.userapi.com/s/v1/ig2/CTnnbDjBTDlI6PwqrnFpQOoqCZkLPDwM6gYCPa47UumxoJFqCGuZblb7Z_hpKLs...",
       "width": "***"
      }
     }
    ],
    "can_comment": 1,
    "show_comments": 1,
    "show_reviews": 1,
    "can_repost": 1,
    "likes": {
     "count": 0,
     "user_likes": 0
    },
    "reposts": {
     "count": 0
    },
    "views_count": 0,
    "variants_grid": [
     {
      "name": "Цвет (изм.)",
      "type": "text",
      "variants": [
       {
        "variant_id": 11184,
        "name": "Новое имя варианта",
        "item_id": 13164025,
        "is_selected": true
       }
      ]
     }
    ],
    "owner_info": {
     "avatar": [],
     "name": "Test",
     "category": "Батарейки",
     "category_url": "/market-218861756",
     "is_corporated_market": false,
     "market_type": "pro"
    },
    "can_edit": true,
    "can_delete": true,
    "can_recover": false,
    "can_show_convert_to_service": true,
    "promotion": {
     "is_available": false
    },
    "labels": [],
    "date": 1779640598,
    "item_type": 0,
    "is_owner": true,
    "is_adult": false,
    "thumb_photo": "https://sun9-73.userapi.com/impg/otl1czQzAl3AkYXjhOpdB3ITA1pXVNZdcgo6Rw/McLsRsj4Tyk.jpg?size=0x400&q...",
    "is_main_variant": true,
    "property_values": [
     {
      "variant_id": 11184,
      "variant_name": "Новое имя варианта",
      "property_name": "Цвет (изм.)"
     }
    ],
    "cart_quantity": 0,
    "sku": "12345",
    "reject_info": {
     "title": "Отредактируйте товар, чтобы опубликовать в Маркете ВКонтакте",
     "description": "Товар отклонён. Чтобы добавить его в «Маркет», укажите реальную цену товара или стоимость оказания у...",
     "moderation_status": 2,
     "info_link": "[https://vk.com/faq20323|Правила Маркета ВКонтакте]",
     "write_to_support_link": "https://vk.com/im?media=&sel=-215808305&ref=ProductId%3D-218861756_13164025",
     "in_progress": false,
     "buttons": [
      {
       "type": "market_edit",
       "url": "https://vk.ru/app7702617#owner_id=-218861756&item_id=13164025&type=market"
      },
      {
       "type": "market_delete"
      }
     ]
    },
    "item_rating": {
     "rating": 0,
     "reviews_count": 0,
     "reviews_count_text": "Нет отзывов"
    },
    "has_group_access": true,
    "market_url": "https://vk.com/market/product/testovy-tovar-so-svoystvom-218861756-13164025"
   },
   {
    "availability": 0,
    "category": {
     "inner_type": "market_market_category_old",
     "id": 20173,
     "name": "Батарейки",
     "section": {
      "id": 10016,
      "name": "Канцелярские товары"
     }
    },
    "description": "Описание товара",
    "id": 13164026,
    "owner_id": -218861756,
    "price": {
     "amount": "100",
     "currency": {
      "id": 643,
      "name": "RUB",
      "title": "₽"
     },
     "text": "1 ₽",
     "discount_rate": -93,
     "old_amount": "1500",
     "old_amount_text": "15 ₽"
    },
    "title": "Тестовый товар (другой)",
    "other_items": [
     {
      "title": "Другие товары сообщества",
      "view_type": 1,
      "item_ids": [
       "-218861756_12526133",
       "-218861756_12477243",
       "-218861756_12477196",
       "-218861756_12477054",
       "-218861756_12476686",
       "-218861756_12475606",
       "-218861756_12475441",
       "-218861756_12475355",
       "-218861756_12475074",
       "-218861756_12472207"
      ],
      "referrer_item_type": "other_goods"
     }
    ],
    "dimensions": {
     "width": "***",
     "height": 30,
     "length": 40
    },
    "weight": 100,
    "albums_ids": [],
    "photos": [
     {
      "album_id": -53,
      "date": 1779640601,
      "id": 1561,
      "owner_id": -218861756,
      "access_key": "***",
      "sizes": [
       {
        "height": 54,
        "type": "s",
        "width": "***",
        "url": "https://sun9-73.userapi.com/s/v1/ig2/FjLOt9BgvsSGe4kYuc5NdWDtj3C6MyfePyIIPvH_T91H31i6R6vOHJGIrwG99mN..."
       },
       {
        "height": 120,
        "type": "m",
        "width": "***",
        "url": "https://sun9-73.userapi.com/s/v1/ig2/FjLOt9BgvsSGe4kYuc5NdWDtj3C6MyfePyIIPvH_T91H31i6R6vOHJGIrwG99mN..."
       },
       {
        "height": 480,
        "type": "x",
        "width": "***",
        "url": "https://sun9-73.userapi.com/s/v1/ig2/FjLOt9BgvsSGe4kYuc5NdWDtj3C6MyfePyIIPvH_T91H31i6R6vOHJGIrwG99mN..."
       },
       {
        "height": 810,
        "type": "y",
        "width": "***",
        "url": "https://sun9-73.userapi.com/s/v1/ig2/FjLOt9BgvsSGe4kYuc5NdWDtj3C6MyfePyIIPvH_T91H31i6R6vOHJGIrwG99mN..."
       },
       {
        "height": 960,
        "type": "z",
        "width": "***",
        "url": "https://sun9-73.userapi.com/s/v1/ig2/FjLOt9BgvsSGe4kYuc5NdWDtj3C6MyfePyIIPvH_T91H31i6R6vOHJGIrwG99mN..."
       },
       {
        "height": 1920,
        "type": "w",
        "width": "***",
        "url": "https://sun9-73.userapi.com/s/v1/ig2/FjLOt9BgvsSGe4kYuc5NdWDtj3C6MyfePyIIPvH_T91H31i6R6vOHJGIrwG99mN..."
       },
       {
        "height": 81,
        "type": "o",
        "width": "***",
        "url": "https://sun9-73.userapi.com/s/v1/ig2/FjLOt9BgvsSGe4kYuc5NdWDtj3C6MyfePyIIPvH_T91H31i6R6vOHJGIrwG99mN..."
       },
       {
        "height": 180,
        "type": "p",
        "width": "***",
        "url": "https://sun9-73.userapi.com/s/v1/ig2/FjLOt9BgvsSGe4kYuc5NdWDtj3C6MyfePyIIPvH_T91H31i6R6vOHJGIrwG99mN..."
       },
       {
        "height": 270,
        "type": "q",
        "width": "***",
        "url": "https://sun9-73.userapi.com/s/v1/ig2/FjLOt9BgvsSGe4kYuc5NdWDtj3C6MyfePyIIPvH_T91H31i6R6vOHJGIrwG99mN..."
       },
       {
        "height": 405,
        "type": "r",
        "width": "***",
        "url": "https://sun9-73.userapi.com/s/v1/ig2/FjLOt9BgvsSGe4kYuc5NdWDtj3C6MyfePyIIPvH_T91H31i6R6vOHJGIrwG99mN..."
       },
       {
        "height": 1920,
        "type": "base",
        "width": "***",
        "url": "https://sun9-73.userapi.com/s/v1/ig2/FjLOt9BgvsSGe4kYuc5NdWDtj3C6MyfePyIIPvH_T91H31i6R6vOHJGIrwG99mN..."
       }
      ],
      "text": "",
      "user_id": 100,
      "web_view_token": "***",
      "has_tags": false,
      "orig_photo": {
       "height": 1920,
       "type": "base",
       "url": "https://sun9-73.userapi.com/s/v1/ig2/FjLOt9BgvsSGe4kYuc5NdWDtj3C6MyfePyIIPvH_T91H31i6R6vOHJGIrwG99mN...",
       "width": "***"
      }
     },
     {
      "album_id": -53,
      "date": 1779640603,
      "id": 1562,
      "owner_id": -218861756,
      "access_key": "***",
      "sizes": [
       {
        "height": 54,
        "type": "s",
        "width": "***",
        "url": "https://sun9-73.userapi.com/s/v1/ig2/FjLOt9BgvsSGe4kYuc5NdWDtj3C6MyfePyIIPvH_T91H31i6R6vOHJGIrwG99mN..."
       },
       {
        "height": 120,
        "type": "m",
        "width": "***",
        "url": "https://sun9-73.userapi.com/s/v1/ig2/FjLOt9BgvsSGe4kYuc5NdWDtj3C6MyfePyIIPvH_T91H31i6R6vOHJGIrwG99mN..."
       },
       {
        "height": 480,
        "type": "x",
        "width": "***",
        "url": "https://sun9-73.userapi.com/s/v1/ig2/FjLOt9BgvsSGe4kYuc5NdWDtj3C6MyfePyIIPvH_T91H31i6R6vOHJGIrwG99mN..."
       },
       {
        "height": 810,
        "type": "y",
        "width": "***",
        "url": "https://sun9-73.userapi.com/s/v1/ig2/FjLOt9BgvsSGe4kYuc5NdWDtj3C6MyfePyIIPvH_T91H31i6R6vOHJGIrwG99mN..."
       },
       {
        "height": 960,
        "type": "z",
        "width": "***",
        "url": "https://sun9-73.userapi.com/s/v1/ig2/FjLOt9BgvsSGe4kYuc5NdWDtj3C6MyfePyIIPvH_T91H31i6R6vOHJGIrwG99mN..."
       },
       {
        "height": 1920,
        "type": "w",
        "width": "***",
        "url": "https://sun9-73.userapi.com/s/v1/ig2/FjLOt9BgvsSGe4kYuc5NdWDtj3C6MyfePyIIPvH_T91H31i6R6vOHJGIrwG99mN..."
       },
       {
        "height": 81,
        "type": "o",
        "width": "***",
        "url": "https://sun9-73.userapi.com/s/v1/ig2/FjLOt9BgvsSGe4kYuc5NdWDtj3C6MyfePyIIPvH_T91H31i6R6vOHJGIrwG99mN..."
       },
       {
        "height": 180,
        "type": "p",
        "width": "***",
        "url": "https://sun9-73.userapi.com/s/v1/ig2/FjLOt9BgvsSGe4kYuc5NdWDtj3C6MyfePyIIPvH_T91H31i6R6vOHJGIrwG99mN..."
       },
       {
        "height": 270,
        "type": "q",
        "width": "***",
        "url": "https://sun9-73.userapi.com/s/v1/ig2/FjLOt9BgvsSGe4kYuc5NdWDtj3C6MyfePyIIPvH_T91H31i6R6vOHJGIrwG99mN..."
       },
       {
        "height": 405,
        "type": "r",
        "width": "***",
        "url": "https://sun9-73.userapi.com/s/v1/ig2/FjLOt9BgvsSGe4kYuc5NdWDtj3C6MyfePyIIPvH_T91H31i6R6vOHJGIrwG99mN..."
       },
       {
        "height": 1920,
        "type": "base",
        "width": "***",
        "url": "https://sun9-73.userapi.com/s/v1/ig2/FjLOt9BgvsSGe4kYuc5NdWDtj3C6MyfePyIIPvH_T91H31i6R6vOHJGIrwG99mN..."
       }
      ],
      "text": "",
      "user_id": 100,
      "web_view_token": "***",
      "has_tags": false,
      "orig_photo": {
       "height": 1920,
       "type": "base",
       "url": "https://sun9-73.userapi.com/s/v1/ig2/FjLOt9BgvsSGe4kYuc5NdWDtj3C6MyfePyIIPvH_T91H31i6R6vOHJGIrwG99mN...",
       "width": "***"
      }
     },
     {
      "album_id": -53,
      "date": 1779640604,
      "id": 1563,
      "owner_id": -218861756,
      "access_key": "***",
      "sizes": [
       {
        "height": 40,
        "type": "s",
        "width": "***",
        "url": "https://sun9-11.userapi.com/s/v1/ig2/iXAbc15PYNvjQH6XTIBqEJ58jp9hAHbak8s6cHpq5BlF3KvxYCzwrmfu3ffEJ6U..."
       },
       {
        "height": 90,
        "type": "m",
        "width": "***",
        "url": "https://sun9-11.userapi.com/s/v1/ig2/iXAbc15PYNvjQH6XTIBqEJ58jp9hAHbak8s6cHpq5BlF3KvxYCzwrmfu3ffEJ6U..."
       },
       {
        "height": 360,
        "type": "x",
        "width": "***",
        "url": "https://sun9-11.userapi.com/s/v1/ig2/iXAbc15PYNvjQH6XTIBqEJ58jp9hAHbak8s6cHpq5BlF3KvxYCzwrmfu3ffEJ6U..."
       },
       {
        "height": 607,
        "type": "y",
        "width": "***",
        "url": "https://sun9-11.userapi.com/s/v1/ig2/iXAbc15PYNvjQH6XTIBqEJ58jp9hAHbak8s6cHpq5BlF3KvxYCzwrmfu3ffEJ6U..."
       },
       {
        "height": 720,
        "type": "z",
        "width": "***",
        "url": "https://sun9-11.userapi.com/s/v1/ig2/iXAbc15PYNvjQH6XTIBqEJ58jp9hAHbak8s6cHpq5BlF3KvxYCzwrmfu3ffEJ6U..."
       },
       {
        "height": 1080,
        "type": "w",
        "width": "***",
        "url": "https://sun9-11.userapi.com/s/v1/ig2/iXAbc15PYNvjQH6XTIBqEJ58jp9hAHbak8s6cHpq5BlF3KvxYCzwrmfu3ffEJ6U..."
       },
       {
        "height": 61,
        "type": "o",
        "width": "***",
        "url": "https://sun9-11.userapi.com/s/v1/ig2/iXAbc15PYNvjQH6XTIBqEJ58jp9hAHbak8s6cHpq5BlF3KvxYCzwrmfu3ffEJ6U..."
       },
       {
        "height": 135,
        "type": "p",
        "width": "***",
        "url": "https://sun9-11.userapi.com/s/v1/ig2/iXAbc15PYNvjQH6XTIBqEJ58jp9hAHbak8s6cHpq5BlF3KvxYCzwrmfu3ffEJ6U..."
       },
       {
        "height": 202,
        "type": "q",
        "width": "***",
        "url": "https://sun9-11.userapi.com/s/v1/ig2/iXAbc15PYNvjQH6XTIBqEJ58jp9hAHbak8s6cHpq5BlF3KvxYCzwrmfu3ffEJ6U..."
       },
       {
        "height": 304,
        "type": "r",
        "width": "***",
        "url": "https://sun9-11.userapi.com/s/v1/ig2/iXAbc15PYNvjQH6XTIBqEJ58jp9hAHbak8s6cHpq5BlF3KvxYCzwrmfu3ffEJ6U..."
       },
       {
        "height": 1080,
        "type": "base",
        "width": "***",
        "url": "https://sun9-11.userapi.com/s/v1/ig2/iXAbc15PYNvjQH6XTIBqEJ58jp9hAHbak8s6cHpq5BlF3KvxYCzwrmfu3ffEJ6U..."
       }
      ],
      "text": "",
      "user_id": 100,
      "web_view_token": "***",
      "has_tags": false,
      "orig_photo": {
       "height": 1080,
       "type": "base",
       "url": "https://sun9-11.userapi.com/s/v1/ig2/iXAbc15PYNvjQH6XTIBqEJ58jp9hAHbak8s6cHpq5BlF3KvxYCzwrmfu3ffEJ6U...",
       "width": "***"
      }
     }
    ],
    "can_comment": 1,
    "show_comments": 1,
    "show_reviews": 1,
    "can_repost": 1,
    "likes": {
     "count": 0,
     "user_likes": 0
    },
    "reposts": {
     "count": 0
    },
    "views_count": 0,
    "variants_grid": [
     {
      "name": "Цвет (изм.)",
      "type": "text",
      "variants": [
       {
        "variant_id": 11185,
        "name": "Синий",
        "item_id": 13164026,
        "is_selected": true
       }
      ]
     }
    ],
    "owner_info": {
     "avatar": [],
     "name": "Test",
     "category": "Батарейки",
     "category_url": "/market-218861756",
     "is_corporated_market": false,
     "market_type": "pro"
    },
    "can_edit": true,
    "can_delete": true,
    "can_recover": false,
    "can_show_convert_to_service": true,
    "promotion": {
     "is_available": true
    },
    "labels": [],
    "date": 1779640604,
    "item_type": 0,
    "is_owner": true,
    "is_adult": false,
    "thumb_photo": "https://sun9-73.userapi.com/impg/otl1czQzAl3AkYXjhOpdB3ITA1pXVNZdcgo6Rw/McLsRsj4Tyk.jpg?size=0x400&q...",
    "is_main_variant": true,
    "property_values": [
     {
      "variant_id": 11185,
      "variant_name": "Синий",
      "property_name": "Цвет (изм.)"
     }
    ],
    "cart_quantity": 0,
    "sku": "12345",
    "item_rating": {
     "rating": 0,
     "reviews_count": 0,
     "reviews_count_text": "Нет отзывов"
    },
    "has_group_access": true,
    "market_url": "https://vk.com/market/product/testovy-tovar-drugoy-218861756-13164026"
   }
  ]
 }
}
