{
 "response": [
  {
   "period_from": 1783900800,
   "period_to": 1783987199,
   "reach": {
    "cities": [],
    "countries": [],
    "mobile_reach": 0,
    "reach": 0,
    "reach_subscribers": 0
   },
   "visitors": {
    "cities": [],
    "countries": [],
    "mobile_views": 0,
    "views": 0,
    "visitors": 0
   }
  },
  {
   "period_from": 1783814400,
   "period_to": 1783900799,
   "reach": {
    "cities": [],
    "countries": [],
    "mobile_reach": 0,
    "reach": 0,
    "reach_subscribers": 0
   },
   "visitors": {
    "cities": [],
    "countries": [],
    "mobile_views": 0,
    "views": 0,
    "visitors": 0
   }
  }
 ]
}
