{
 "response": {
  "count": 1,
  "groups": [
   {
    "id": 218861756,
    "is_admin": 1,
    "is_closed": 0,
    "is_member": 1,
    "name": "Test",
    "photo_100": "https://sun9-30.userapi.com/s/v1/ig2/lNqfe2Aq8grOMSYdNFoH6OYdUT1hdnVYDMT9WsE4KM9TFqnYohcPXps1hv9uC4Isr_ocpcwTb1a1qaalD6eXk3L8.jpg?as=32x32%2C48x48%2C72x72%2C108x108%2C160x160%2C240x240%2C360x360%2C400x400&background=000000&quality=90&cs=100x100",
    "photo_200": "https://sun9-30.userapi.com/s/v1/ig2/lNqfe2Aq8grOMSYdNFoH6OYdUT1hdnVYDMT9WsE4KM9TFqnYohcPXps1hv9uC4Isr_ocpcwTb1a1qaalD6eXk3L8.jpg?as=32x32%2C48x48%2C72x72%2C108x108%2C160x160%2C240x240%2C360x360%2C400x400&background=000000&quality=90&cs=200x200",
    "photo_50": "https://sun9-30.userapi.com/s/v1/ig2/lNqfe2Aq8grOMSYdNFoH6OYdUT1hdnVYDMT9WsE4KM9TFqnYohcPXps1hv9uC4Isr_ocpcwTb1a1qaalD6eXk3L8.jpg?as=32x32%2C48x48%2C72x72%2C108x108%2C160x160%2C240x240%2C360x360%2C400x400&background=000000&quality=90&cs=50x50",
    "photo_base": "https://sun9-30.userapi.com/s/v1/ig2/lNqfe2Aq8grOMSYdNFoH6OYdUT1hdnVYDMT9WsE4KM9TFqnYohcPXps1hv9uC4Isr_ocpcwTb1a1qaalD6eXk3L8.jpg?as=32x32%2C48x48%2C72x72%2C108x108%2C160x160%2C240x240%2C360x360%2C400x400&background=000000&quality=90",
    "screen_name": "club218861756",
    "type": "group",
    "verified": 0,
    "can_upload_story": 1,
    "member_status": 1,
    "trending": 0
   }
  ],
  "items": [
   {
    "access_key": "***",
    "answers_count": 0,
    "can_ask": 0,
    "can_ask_anonymous": 0,
    "can_comment": 1,
    "can_hide": 1,
    "can_like": true,
    "can_reply": 1,
    "can_see": 1,
    "can_share": 1,
    "can_use_in_narrative": true,
    "date": 1784094238,
    "expires_at": 1784180638,
    "id": 456241846,
    "is_ads": false,
    "likes_count": 0,
    "link": {
     "text": "Ещё",
     "url": "https://github.com/Bayselonarrend/OpenIntegrations"
    },
    "narratives_count": 0,
    "no_sound": false,
    "owner_id": -218861756,
    "photo": {
     "album_id": -81,
     "date": 0,
     "has_tags": false,
     "id": 457265537,
     "owner_id": -218861756,
     "sizes": [
      {
       "height": 453,
       "type": "x",
       "url": "https://sun23-2.userapi.com/impg/otl1czQzAl3AkYXjhOpdB3ITA1pXVNZdcgo6Rw/McLsRsj4Tyk.jpg?size=604x453&quality=95&sign=f2c39cbb692e943959fa2f4ca38a54d5",
       "width": "***"
      },
      {
       "height": 605,
       "type": "y",
       "url": "https://sun23-2.userapi.com/impg/otl1czQzAl3AkYXjhOpdB3ITA1pXVNZdcgo6Rw/McLsRsj4Tyk.jpg?size=807x605&quality=95&sign=f9b45b659601d5ad213164369003e54e",
       "width": "***"
      },
      {
       "height": 960,
       "type": "z",
       "url": "https://sun23-2.userapi.com/impg/otl1czQzAl3AkYXjhOpdB3ITA1pXVNZdcgo6Rw/McLsRsj4Tyk.jpg?size=1280x960&quality=95&sign=a8e3d8765e5019b2c26bad40a7033716",
       "width": "***"
      },
      {
       "height": 1920,
       "type": "w",
       "url": "https://sun23-2.userapi.com/impg/otl1czQzAl3AkYXjhOpdB3ITA1pXVNZdcgo6Rw/McLsRsj4Tyk.jpg?size=2560x1920&quality=95&sign=759d3cb8a1e0d8cb1634f15bcf240f6c",
       "width": "***"
      }
     ],
     "text": ""
    },
    "preloading_enabled": true,
    "reaction_set_id": "story_reactions",
    "replies": {
     "count": 0,
     "new": 0
    },
    "track_code": "story_json/eyJvd25lcl9pZCI6LTIxODg2MTc1Niwic3RvcnlfaWQiOjQ1NjI0MTg0Niwidmlld2VyX2lkIjo2NTc4NDY3NTZ9",
    "type": "photo",
    "views": 0
   }
  ],
  "profiles": []
 }
}
