{
 "response": [
  {
   "album_id": 312022908,
   "date": 1774414267,
   "id": 457263153,
   "owner_id": -218861756,
   "sizes": [
    {
     "height": 54,
     "type": "s",
     "width": "***",
     "url": "https://sun9-38.userapi.com/s/v1/ig2/A0JdYbr6lxHvLdC6DlrNoC3y2qa-W-TIyotYztuH9zRhQEmA1B4gsTImrFiNTdN..."
    },
    {
     "height": 120,
     "type": "m",
     "width": "***",
     "url": "https://sun9-38.userapi.com/s/v1/ig2/A0JdYbr6lxHvLdC6DlrNoC3y2qa-W-TIyotYztuH9zRhQEmA1B4gsTImrFiNTdN..."
    },
    {
     "height": 480,
     "type": "x",
     "width": "***",
     "url": "https://sun9-38.userapi.com/s/v1/ig2/A0JdYbr6lxHvLdC6DlrNoC3y2qa-W-TIyotYztuH9zRhQEmA1B4gsTImrFiNTdN..."
    },
    {
     "height": 810,
     "type": "y",
     "width": "***",
     "url": "https://sun9-38.userapi.com/s/v1/ig2/A0JdYbr6lxHvLdC6DlrNoC3y2qa-W-TIyotYztuH9zRhQEmA1B4gsTImrFiNTdN..."
    },
    {
     "height": 960,
     "type": "z",
     "width": "***",
     "url": "https://sun9-38.userapi.com/s/v1/ig2/A0JdYbr6lxHvLdC6DlrNoC3y2qa-W-TIyotYztuH9zRhQEmA1B4gsTImrFiNTdN..."
    },
    {
     "height": 1920,
     "type": "w",
     "width": "***",
     "url": "https://sun9-38.userapi.com/s/v1/ig2/A0JdYbr6lxHvLdC6DlrNoC3y2qa-W-TIyotYztuH9zRhQEmA1B4gsTImrFiNTdN..."
    },
    {
     "height": 81,
     "type": "o",
     "width": "***",
     "url": "https://sun9-38.userapi.com/s/v1/ig2/A0JdYbr6lxHvLdC6DlrNoC3y2qa-W-TIyotYztuH9zRhQEmA1B4gsTImrFiNTdN..."
    },
    {
     "height": 180,
     "type": "p",
     "width": "***",
     "url": "https://sun9-38.userapi.com/s/v1/ig2/A0JdYbr6lxHvLdC6DlrNoC3y2qa-W-TIyotYztuH9zRhQEmA1B4gsTImrFiNTdN..."
    },
    {
     "height": 270,
     "type": "q",
     "width": "***",
     "url": "https://sun9-38.userapi.com/s/v1/ig2/A0JdYbr6lxHvLdC6DlrNoC3y2qa-W-TIyotYztuH9zRhQEmA1B4gsTImrFiNTdN..."
    },
    {
     "height": 405,
     "type": "r",
     "width": "***",
     "url": "https://sun9-38.userapi.com/s/v1/ig2/A0JdYbr6lxHvLdC6DlrNoC3y2qa-W-TIyotYztuH9zRhQEmA1B4gsTImrFiNTdN..."
    },
    {
     "height": 1920,
     "type": "base",
     "width": "***",
     "url": "https://sun9-38.userapi.com/s/v1/ig2/A0JdYbr6lxHvLdC6DlrNoC3y2qa-W-TIyotYztuH9zRhQEmA1B4gsTImrFiNTdN..."
    }
   ],
   "text": "Картинка автотест",
   "user_id": 100,
   "web_view_token": "***",
   "has_tags": false,
   "orig_photo": {
    "height": 1920,
    "type": "base",
    "url": "https://sun9-38.userapi.com/s/v1/ig2/A0JdYbr6lxHvLdC6DlrNoC3y2qa-W-TIyotYztuH9zRhQEmA1B4gsTImrFiNTdN...",
    "width": "***"
   }
  }
 ]
}
