{
 "uuid": "e5f6d2db-e63a-48d5-915a-e8ac666d0b2a",
 "active": true,
 "loaded": true,
 "id": 1,
 "userId": "superadmin",
 "email": "superadminemail@domain.com",
 "photoId": "dXNlcnMvc3VwZXJhZG1pbg",
 "fullName": "tester",
 "accountType": "INTERNAL",
 "userRole": "ADMINISTRATOR",
 "photoLoaded": true,
 "metadata": {
  "last_login": 1775629556557,
  "attachmentContentType": "image/jpeg"
 },
 "assignedProjects": {
  "superadmin_personal": {
   "projectId": 1,
   "projectRole": "PROJECT_MANAGER",
   "entryType": "PERSONAL"
  },
  "test": {
   "projectId": 4,
   "projectRole": "PROJECT_MANAGER",
   "entryType": "INTERNAL"
  }
 }
}
