{
 "id": 183426,
 "uuid": "37b5dcf2-01e9-4e6c-9c96-db8b7cc4c464",
 "name": "Test",
 "description": "Test launch",
 "parameters": [],
 "attributes": [],
 "type": "TEST",
 "startTime": "2026-01-01T10:00:00Z",
 "status": "IN_PROGRESS",
 "statistics": {
  "executions": {},
  "defects": {}
 },
 "pathNames": {
  "launchPathName": {
   "name": "Test",
   "number": 161
  }
 },
 "hasChildren": false,
 "hasStats": true,
 "launchId": 254,
 "uniqueId": "auto:293897e9b3e0f4d39b111586ac4a3985",
 "testCaseHash": 1545806777,
 "patternTemplates": [],
 "path": "183426",
 "hasNestedSteps": false
}
