{
 "uuid": "15d1bc07-8224-4029-b19c-05a54d9a8c1b",
 "active": true,
 "loaded": true,
 "id": 176,
 "userId": "test",
 "email": "test@example.com",
 "fullName": "Test User",
 "accountType": "INTERNAL",
 "userRole": "USER",
 "photoLoaded": true,
 "metadata": {
  "last_login": 1782762684904
 },
 "assignedProjects": {
  "test_personal": {
   "projectId": 349,
   "projectRole": "PROJECT_MANAGER",
   "entryType": "PERSONAL"
  },
  "test": {
   "projectId": 4,
   "projectRole": "MEMBER",
   "entryType": "INTERNAL"
  }
 }
}
