 {
 "ok": true,
 "result": {
  "message_id": 4690,
  "from": {
   "id": 6129457865,
   "is_bot": true,
   "first_name": "Бот Виталий",
   "username": "sicheebot"
  },
  "chat": {
   "id": 461699897,
   "first_name": "Anton",
   "last_name": "Titowets",
   "username": "JKIee",
   "type": "private"
  },
  "date": 1717260850,
  "video": {
   "duration": 5,
   "width": 640,
   "height": 480,
   "file_name": "video",
   "mime_type": "video/mp4",
   "thumbnail": {
    "file_id": "AAMCAgADGQMAAhJSZltSMZbXD93eTGfoZqDVB6R0WXUAAspKAAKc7tlKZuIllmZMFDcBAAdtAAM1BA",
    "file_unique_id": "AQADykoAApzu2Upy",
    "file_size": 20106,
    "width": 320,
    "height": 240
   },
   "thumb": {
    "file_id": "AAMCAgADGQMAAhJSZltSMZbXD93eTGfoZqDVB6R0WXUAAspKAAKc7tlKZuIllmZMFDcBAAdtAAM1BA",
    "file_unique_id": "AQADykoAApzu2Upy",
    "file_size": 20106,
    "width": 320,
    "height": 240
   },
   "file_id": "BAACAgIAAxkDAAISUmZbUjGW1w_d3kxn6Gag1QekdFl1AALKSgACnO7ZSmbiJZZmTBQ3NQQ",
   "file_unique_id": "AgADykoAApzu2Uo",
   "file_size": 1137878
  },
  "caption": "Строковое значение"
 }
}
