{
 "ok": true,
 "result": {
  "message_id": 23638,
  "sender_chat": {
   "id": -1001893407333,
   "title": "Тестовый канал",
   "username": "testsichee",
   "type": "channel"
  },
  "chat": {
   "id": -1001893407333,
   "title": "Тестовый канал",
   "username": "testsichee",
   "type": "channel"
  },
  "date": 1765731518,
  "edit_date": 1765731521,
  "text": "Новый текст сообщения",
  "reply_markup": {
   "inline_keyboard": [
    [
     {
      "text": "💬 Перейти к обсуждению (0)",
      "url": "https://t.me/c/2404672933/9749?thread=9749"
     }
    ]
   ]
  }
 }
}
