{
 "ok": true,
 "result": {
  "message_id": 23870,
  "from": {
   "id": 6129457865,
   "is_bot": true,
   "first_name": "Бот Виталий",
   "username": "sicheebot"
  },
  "chat": {
   "id": 461699897,
   "first_name": "Anton",
   "last_name": "Titovets",
   "username": "bayselonarrend",
   "type": "private"
  },
  "date": 1784009603,
  "edit_date": 1784009640,
  "photo": [
   {
    "file_id": "AgACAgIAAxkDAAJdPmpV04N1XgP9Dc0ntBZdXlctiBDpAAKzHGsbIyexSl2UNxQJfTO3AQADAgADcwADPQQ",
    "file_unique_id": "AQADsxxrGyMnsUp4",
    "file_size": 1569,
    "width": "***",
    "height": 67
   },
   {
    "file_id": "AgACAgIAAxkDAAJdPmpV04N1XgP9Dc0ntBZdXlctiBDpAAKzHGsbIyexSl2UNxQJfTO3AQADAgADbQADPQQ",
    "file_unique_id": "AQADsxxrGyMnsUpy",
    "file_size": 21511,
    "width": "***",
    "height": 240
   },
   {
    "file_id": "AgACAgIAAxkDAAJdPmpV04N1XgP9Dc0ntBZdXlctiBDpAAKzHGsbIyexSl2UNxQJfTO3AQADAgADeAADPQQ",
    "file_unique_id": "AQADsxxrGyMnsUp9",
    "file_size": 98652,
    "width": "***",
    "height": 600
   },
   {
    "file_id": "AgACAgIAAxkDAAJdPmpV04N1XgP9Dc0ntBZdXlctiBDpAAKzHGsbIyexSl2UNxQJfTO3AQADAgADeQADPQQ",
    "file_unique_id": "AQADsxxrGyMnsUp-",
    "file_size": 217083,
    "width": "***",
    "height": 960
   },
   {
    "file_id": "AgACAgIAAxkDAAJdPmpV04N1XgP9Dc0ntBZdXlctiBDpAAKzHGsbIyexSl2UNxQJfTO3AQADAgADdwADPQQ",
    "file_unique_id": "AQADsxxrGyMnsUp8",
    "file_size": 645868,
    "width": "***",
    "height": 1920
   }
  ],
  "caption": "Новое описание картинки"
 }
}
