{
 "ok": true,
 "result": {
  "message_id": 23625,
  "from": {
   "id": 6129457865,
   "is_bot": true,
   "first_name": "Бот Виталий",
   "username": "sicheebot"
  },
  "chat": {
   "id": 461699897,
   "first_name": "Anton",
   "last_name": "Titovets",
   "username": "bayselonarrend",
   "type": "private"
  },
  "date": 1782762787,
  "animation": {
   "file_name": "animation.gif.mp4",
   "mime_type": "video/mp4",
   "duration": 3,
   "width": "***",
   "height": 220,
   "thumbnail": {
    "file_id": "AAMCAgADGQMAAlxJakLNI4Ijkpg8Cov46Ca9rz7ItkcAAnqjAALT1BFKdDa5p4p6td4BAAdtAAM8BA",
    "file_unique_id": "AQADeqMAAtPUEUpy",
    "file_size": 11342,
    "width": "***",
    "height": 220
   },
   "thumb": {
    "file_id": "AAMCAgADGQMAAlxJakLNI4Ijkpg8Cov46Ca9rz7ItkcAAnqjAALT1BFKdDa5p4p6td4BAAdtAAM8BA",
    "file_unique_id": "AQADeqMAAtPUEUpy",
    "file_size": 11342,
    "width": "***",
    "height": 220
   },
   "file_id": "CgACAgIAAxkDAAJcSWpCzSOCI5KYPAqL-Ogmva8-yLZHAAJ6owAC09QRSnQ2uaeKerXePAQ",
   "file_unique_id": "AgADeqMAAtPUEUo",
   "file_size": 84979
  },
  "document": {
   "file_name": "animation.gif.mp4",
   "mime_type": "video/mp4",
   "thumbnail": {
    "file_id": "AAMCAgADGQMAAlxJakLNI4Ijkpg8Cov46Ca9rz7ItkcAAnqjAALT1BFKdDa5p4p6td4BAAdtAAM8BA",
    "file_unique_id": "AQADeqMAAtPUEUpy",
    "file_size": 11342,
    "width": "***",
    "height": 220
   },
   "thumb": {
    "file_id": "AAMCAgADGQMAAlxJakLNI4Ijkpg8Cov46Ca9rz7ItkcAAnqjAALT1BFKdDa5p4p6td4BAAdtAAM8BA",
    "file_unique_id": "AQADeqMAAtPUEUpy",
    "file_size": 11342,
    "width": "***",
    "height": 220
   },
   "file_id": "CgACAgIAAxkDAAJcSWpCzSOCI5KYPAqL-Ogmva8-yLZHAAJ6owAC09QRSnQ2uaeKerXePAQ",
   "file_unique_id": "AgADeqMAAtPUEUo",
   "file_size": 84979
  },
  "caption": "Строковое значение"
 }
}
