    {
 "ok": true,
 "result": {
  "message_id": 8238,
  "from": {
   "id": 6129457865,
   "is_bot": true,
   "first_name": "Бот Виталий",
   "username": "sicheebot"
  },
  "chat": {
   "id": 461699897,
   "first_name": "Anton",
   "last_name": "Titowets",
   "username": "JKIee",
   "type": "private"
  },
  "date": 1728304957,
  "document": {
   "file_name": "customname.docx",
   "mime_type": "application/vnd.openxmlformats-officedocument.wordprocessingml.document",
   "file_id": "BQACAgIAAxkDAAIgLmcD1z2olM_X93Q1O_MqLXesMj0pAAKRXAACA2UhSM2bWlz2FD0zNgQ",
   "file_unique_id": "AgADkVwAAgNlIUg",
   "file_size": 24069
  },
  "caption": "Строковое значение"
 }
}
