    {
 "ok": true,
 "result": {
  "message_id": 11413,
  "from": {
   "id": 6129457865,
   "is_bot": true,
   "first_name": "Бот Виталий",
   "username": "sicheebot"
  },
  "chat": {
   "id": 461699897,
   "first_name": "Anton",
   "last_name": "Titowets",
   "username": "JKIee",
   "type": "private"
  },
  "date": 1737051864,
  "text": "Текст 🥝 и emoji \\(10%\\)",
  "reply_markup": {
   "inline_keyboard": [
    [
     {
      "text": "Кнопка1",
      "callback_data": "Кнопка1"
     }
    ],
    [
     {
      "text": "Кнопка2",
      "callback_data": "Кнопка2"
     }
    ]
   ]
  }
 }
}
