{
 "ok": true,
 "result": [
  {
   "message_id": 23914,
   "from": {
    "id": 6129457865,
    "is_bot": true,
    "first_name": "Бот Виталий",
    "username": "sicheebot"
   },
   "chat": {
    "id": 461699897,
    "first_name": "Anton",
    "last_name": "Titovets",
    "username": "bayselonarrend",
    "type": "private"
   },
   "date": 1784025551,
   "media_group_id": "14272204411696290",
   "photo": [
    {
     "file_id": "AgACAgIAAxkDAAJdPmpV04N1XgP9Dc0ntBZdXlctiBDpAAKzHGsbIyexSl2UNxQJfTO3AQADAgADcwADPQQ",
     "file_unique_id": "AQADsxxrGyMnsUp4",
     "file_size": 1569,
     "width": "***",
     "height": 67
    },
    {
     "file_id": "AgACAgIAAxkDAAJdPmpV04N1XgP9Dc0ntBZdXlctiBDpAAKzHGsbIyexSl2UNxQJfTO3AQADAgADbQADPQQ",
     "file_unique_id": "AQADsxxrGyMnsUpy",
     "file_size": 21511,
     "width": "***",
     "height": 240
    },
    {
     "file_id": "AgACAgIAAxkDAAJdPmpV04N1XgP9Dc0ntBZdXlctiBDpAAKzHGsbIyexSl2UNxQJfTO3AQADAgADeAADPQQ",
     "file_unique_id": "AQADsxxrGyMnsUp9",
     "file_size": 98652,
     "width": "***",
     "height": 600
    },
    {
     "file_id": "AgACAgIAAxkDAAJdPmpV04N1XgP9Dc0ntBZdXlctiBDpAAKzHGsbIyexSl2UNxQJfTO3AQADAgADeQADPQQ",
     "file_unique_id": "AQADsxxrGyMnsUp-",
     "file_size": 217083,
     "width": "***",
     "height": 960
    },
    {
     "file_id": "AgACAgIAAxkDAAJdPmpV04N1XgP9Dc0ntBZdXlctiBDpAAKzHGsbIyexSl2UNxQJfTO3AQADAgADdwADPQQ",
     "file_unique_id": "AQADsxxrGyMnsUp8",
     "file_size": 645868,
     "width": "***",
     "height": 1920
    }
   ],
   "caption": "Строковое значение"
  },
  {
   "message_id": 23915,
   "from": {
    "id": 6129457865,
    "is_bot": true,
    "first_name": "Бот Виталий",
    "username": "sicheebot"
   },
   "chat": {
    "id": 461699897,
    "first_name": "Anton",
    "last_name": "Titovets",
    "username": "bayselonarrend",
    "type": "private"
   },
   "date": 1784025551,
   "media_group_id": "14272204411696290",
   "video": {
    "duration": 5,
    "width": "***",
    "height": 480,
    "file_name": "video1",
    "mime_type": "video/mp4",
    "thumbnail": {
     "file_id": "AAMCAgADFQdqVhHPC3jQEEd6_-_hhh3W7P9uiwACCaMAAiMnuUpdPoIJfFVxOQEAB20AAz0E",
     "file_unique_id": "AQADCaMAAiMnuUpy",
     "file_size": 19807,
     "width": "***",
     "height": 240
    },
    "thumb": {
     "file_id": "AAMCAgADFQdqVhHPC3jQEEd6_-_hhh3W7P9uiwACCaMAAiMnuUpdPoIJfFVxOQEAB20AAz0E",
     "file_unique_id": "AQADCaMAAiMnuUpy",
     "file_size": 19807,
     "width": "***",
     "height": 240
    },
    "file_id": "BAACAgIAAxUHalYRzwt40BBHev_v4YYd1uz_bosAAgmjAAIjJ7lKXT6CCXxVcTk9BA",
    "file_unique_id": "AgADCaMAAiMnuUo",
    "file_size": 1137878
   }
  }
 ]
}
