    {
 "ok": true,
 "result": [
  {
   "message_id": 9313,
   "sender_chat": {
    "id": -1001893407333,
    "title": "Тестовый канал",
    "username": "testsichee",
    "type": "channel"
   },
   "chat": {
    "id": -1001893407333,
    "title": "Тестовый канал",
    "username": "testsichee",
    "type": "channel"
   },
   "date": 1728223792,
   "media_group_id": "13825790340733658",
   "document": {
    "file_name": "document.docx",
    "mime_type": "application/vnd.openxmlformats-officedocument.wordprocessingml.document",
    "file_id": "BQACAgIAAxUHZwKaMEuR3ntDSrEv_IMt6nBzC3oAAp5oAAKhtxhI4CpfJ6SSOZ82BA",
    "file_unique_id": "AgADnmgAAqG3GEg",
    "file_size": 24069
   },
   "caption": "Строковое значение"
  },
  {
   "message_id": 9314,
   "sender_chat": {
    "id": -1001893407333,
    "title": "Тестовый канал",
    "username": "testsichee",
    "type": "channel"
   },
   "chat": {
    "id": -1001893407333,
    "title": "Тестовый канал",
    "username": "testsichee",
    "type": "channel"
   },
   "date": 1728223792,
   "media_group_id": "13825790340733658",
   "document": {
    "file_name": "hg3njfn1vnw.docx",
    "mime_type": "application/vnd.openxmlformats-officedocument.wordprocessingml.document",
    "file_id": "BQACAgIAAxUHZwKaMOYBoti_gdIvB6AhKEtTdPMAAp9oAAKhtxhIKh4m8irRTXQ2BA",
    "file_unique_id": "AgADn2gAAqG3GEg",
    "file_size": 24069
   }
  }
 ]
}
