{
 "ok": true,
 "result": {
  "message_id": 20623,
  "from": {
   "id": 6129457865,
   "is_bot": true,
   "first_name": "Бот Виталий",
   "username": "sicheebot"
  },
  "chat": {
   "id": 461699897,
   "first_name": "Anton",
   "last_name": "Titovets",
   "username": "bayselonarrend",
   "type": "private"
  },
  "date": 1775499421,
  "poll": {
   "id": "5377485623676376314",
   "question": "Какой ваш любимый цвет?",
   "options": [
    {
     "persistent_id": "0",
     "text": "Красный",
     "voter_count": 0
    },
    {
     "persistent_id": "1",
     "text": "Желтый",
     "voter_count": 0
    },
    {
     "persistent_id": "2",
     "text": "Зеленый",
     "voter_count": 0
    },
    {
     "persistent_id": "3",
     "text": "Синий",
     "voter_count": 0
    }
   ],
   "total_voter_count": 0,
   "is_closed": false,
   "is_anonymous": false,
   "allows_multiple_answers": false,
   "allows_revoting": true,
   "type": "regular"
  }
 }
}
