{
 "ok": true,
 "result": {
  "message_id": 23873,
  "from": {
   "id": 6129457865,
   "is_bot": true,
   "first_name": "Бот Виталий",
   "username": "sicheebot"
  },
  "chat": {
   "id": 461699897,
   "first_name": "Anton",
   "last_name": "Titovets",
   "username": "bayselonarrend",
   "type": "private"
  },
  "date": 1784009671,
  "video": {
   "duration": 5,
   "width": "***",
   "height": 480,
   "file_name": "video",
   "mime_type": "video/mp4",
   "thumbnail": {
    "file_id": "AAMCAgADGQMAAl1BalXTx15r2XT3Ehnyi0ZqrA9F1BwAAgioAAIjJ7FKujzd8F6-GVABAAdtAAM9BA",
    "file_unique_id": "AQADCKgAAiMnsUpy",
    "file_size": 19807,
    "width": "***",
    "height": 240
   },
   "thumb": {
    "file_id": "AAMCAgADGQMAAl1BalXTx15r2XT3Ehnyi0ZqrA9F1BwAAgioAAIjJ7FKujzd8F6-GVABAAdtAAM9BA",
    "file_unique_id": "AQADCKgAAiMnsUpy",
    "file_size": 19807,
    "width": "***",
    "height": 240
   },
   "file_id": "BAACAgIAAxkDAAJdQWpV08dea9l09xIZ8otGaqwPRdQcAAIIqAACIyexSro83fBevhlQPQQ",
   "file_unique_id": "AgADCKgAAiMnsUo",
   "file_size": 1137878
  },
  "caption": "Строковое значение"
 }
}
