{
 "ok": true,
 "result": {
  "message_id": 22058,
  "from": {
   "id": 6129457865,
   "is_bot": true,
   "first_name": "Бот Виталий",
   "username": "sicheebot"
  },
  "chat": {
   "id": 461699897,
   "first_name": "Anton",
   "last_name": "Titovets",
   "username": "bayselonarrend",
   "type": "private"
  },
  "date": 1780764092,
  "audio": {
   "duration": 228,
   "file_name": "audio",
   "mime_type": "audio/mpeg",
   "title": "Dogs",
   "performer": "Motorhead",
   "file_id": "CQACAgIAAxkDAAJWKmokTbu1a13BlPrjM8gfspURKSmsAAJCogACJ9MhSQT1uzmQYTj1OwQ",
   "file_unique_id": "AgADQqIAAifTIUk",
   "file_size": 9229352
  },
  "caption": "Строковое значение"
 }
}
