{
 "ok": true,
 "result": {
  "message_id": 23911,
  "from": {
   "id": 6129457865,
   "is_bot": true,
   "first_name": "Бот Виталий",
   "username": "sicheebot"
  },
  "chat": {
   "id": 461699897,
   "first_name": "Anton",
   "last_name": "Titovets",
   "username": "bayselonarrend",
   "type": "private"
  },
  "date": 1784025515,
  "document": {
   "file_name": "document.docx",
   "mime_type": "application/vnd.openxmlformats-officedocument.wordprocessingml.document",
   "file_id": "BQACAgIAAxkDAAJdZ2pWEat3MS_mhTBGYsGg7-0myPICAAIDowACIye5SksGny9aDkv6PQQ",
   "file_unique_id": "AgADA6MAAiMnuUo",
   "file_size": 24069
  },
  "caption": "Строковое значение"
 }
}
