{
 "ok": true,
 "result": {
  "message_id": 23942,
  "from": {
   "id": 6129457865,
   "is_bot": true,
   "first_name": "Бот Виталий",
   "username": "sicheebot"
  },
  "chat": {
   "id": 461699897,
   "first_name": "Anton",
   "last_name": "Titovets",
   "username": "bayselonarrend",
   "type": "private"
  },
  "date": 1784137743,
  "photo": [
   {
    "file_id": "AgACAgIAAxkDAAJddGpXHYbFmU8bSnR6lw4IacJI8zcFAAJZGWsbIyfBSsxQrXpAyEjyAQADAgADcwADPQQ",
    "file_unique_id": "AQADWRlrGyMnwUp4",
    "file_size": 1569,
    "width": "***",
    "height": 67
   },
   {
    "file_id": "AgACAgIAAxkDAAJddGpXHYbFmU8bSnR6lw4IacJI8zcFAAJZGWsbIyfBSsxQrXpAyEjyAQADAgADbQADPQQ",
    "file_unique_id": "AQADWRlrGyMnwUpy",
    "file_size": 21511,
    "width": "***",
    "height": 240
   },
   {
    "file_id": "AgACAgIAAxkDAAJddGpXHYbFmU8bSnR6lw4IacJI8zcFAAJZGWsbIyfBSsxQrXpAyEjyAQADAgADeAADPQQ",
    "file_unique_id": "AQADWRlrGyMnwUp9",
    "file_size": 98652,
    "width": "***",
    "height": 600
   },
   {
    "file_id": "AgACAgIAAxkDAAJddGpXHYbFmU8bSnR6lw4IacJI8zcFAAJZGWsbIyfBSsxQrXpAyEjyAQADAgADeQADPQQ",
    "file_unique_id": "AQADWRlrGyMnwUp-",
    "file_size": 217083,
    "width": "***",
    "height": 960
   },
   {
    "file_id": "AgACAgIAAxkDAAJddGpXHYbFmU8bSnR6lw4IacJI8zcFAAJZGWsbIyfBSsxQrXpAyEjyAQADAgADdwADPQQ",
    "file_unique_id": "AQADWRlrGyMnwUp8",
    "file_size": 645868,
    "width": "***",
    "height": 1920
   }
  ],
  "caption": "Строковое значение"
 }
}
