    {
 "ok": true,
 "result": [
  {
   "update_id": 291368955,
   "channel_post": {
    "message_id": 9319,
    "sender_chat": {
     "id": -1001893407333,
     "title": "Тестовый канал",
     "username": "testsichee",
     "type": "channel"
    },
    "chat": {
     "id": -1001893407333,
     "title": "Тестовый канал",
     "username": "testsichee",
     "type": "channel"
    },
    "date": 1728223871,
    "pinned_message": {
     "message_id": 9300,
     "sender_chat": {
      "id": -1001893407333,
      "title": "Тестовый канал",
      "username": "testsichee",
      "type": "channel"
     },
     "chat": {
      "id": -1001893407333,
      "title": "Тестовый канал",
      "username": "testsichee",
      "type": "channel"
     },
     "date": 1728223640,
     "text": "Строковое значение"
    }
   }
  },
  {
   "update_id": 291368956,
   "message": {
    "message_id": 5330,
    "from": {
     "id": 6129457865,
     "is_bot": true,
     "first_name": "Бот Виталий",
     "username": "sicheebot"
    },
    "chat": {
     "id": -1001971186208,
     "title": "Тест",
     "is_forum": true,
     "type": "supergroup"
    },
    "date": 1728223904,
    "message_thread_id": 5330,
    "forum_topic_created": {
     "name": "Тестовая тема d04cf5f7-7845-4ec5-a485-3b327e16dd0d",
     "icon_color": 7322096,
     "icon_custom_emoji_id": "5357419403325481346"
    },
    "is_topic_message": true
   }
  },
  {
   "update_id": 291368957,
   "message": {
    "message_id": 5332,
    "from": {
     "id": 6129457865,
     "is_bot": true,
     "first_name": "Бот Виталий",
     "username": "sicheebot"
    },
    "chat": {
     "id": -1001971186208,
     "title": "Тест",
     "is_forum": true,
     "type": "supergroup"
    },
    "date": 1728223904,
    "message_thread_id": 5330,
    "reply_to_message": {
     "message_id": 5330,
     "from": {
      "id": 6129457865,
      "is_bot": true,
      "first_name": "Бот Виталий",
      "username": "sicheebot"
     },
     "chat": {
      "id": -1001971186208,
      "title": "Тест",
      "is_forum": true,
      "type": "supergroup"
     },
     "date": 1728223904,
     "message_thread_id": 5330,
     "forum_topic_created": {
      "name": "Тестовая тема d04cf5f7-7845-4ec5-a485-3b327e16dd0d",
      "icon_color": 7322096,
      "icon_custom_emoji_id": "5357419403325481346"
     },
     "is_topic_message": true
    },
    "forum_topic_edited": {
     "name": "Новый тестовый заголовок",
     "icon_custom_emoji_id": "5310132165583840589"
    },
    "is_topic_message": true
   }
  },
  {
   "update_id": 291368958,
   "message": {
    "message_id": 5333,
    "from": {
     "id": 6129457865,
     "is_bot": true,
     "first_name": "Бот Виталий",
     "username": "sicheebot"
    },
    "chat": {
     "id": -1001971186208,
     "title": "Тест",
     "is_forum": true,
     "type": "supergroup"
    },
    "date": 1728223909,
    "forum_topic_reopened": {}
   }
  },
  {
   "update_id": 291368959,
   "message": {
    "message_id": 5334,
    "from": {
     "id": 6129457865,
     "is_bot": true,
     "first_name": "Бот Виталий",
     "username": "sicheebot"
    },
    "chat": {
     "id": -1001971186208,
     "title": "Тест",
     "is_forum": true,
     "type": "supergroup"
    },
    "date": 1728223909,
    "forum_topic_closed": {}
   }
  },
  {
   "update_id": 291368960,
   "message": {
    "message_id": 5335,
    "from": {
     "id": 6129457865,
     "is_bot": true,
     "first_name": "Бот Виталий",
     "username": "sicheebot"
    },
    "chat": {
     "id": -1001971186208,
     "title": "Тест",
     "is_forum": true,
     "type": "supergroup"
    },
    "date": 1728223909,
    "message_thread_id": 5330,
    "reply_to_message": {
     "message_id": 5330,
     "from": {
      "id": 6129457865,
      "is_bot": true,
      "first_name": "Бот Виталий",
      "username": "sicheebot"
     },
     "chat": {
      "id": -1001971186208,
      "title": "Тест",
      "is_forum": true,
      "type": "supergroup"
     },
     "date": 1728223904,
     "message_thread_id": 5330,
     "forum_topic_created": {
      "name": "Тестовая тема d04cf5f7-7845-4ec5-a485-3b327e16dd0d",
      "icon_color": 7322096,
      "icon_custom_emoji_id": "5357419403325481346"
     },
     "is_topic_message": true
    },
    "forum_topic_closed": {},
    "is_topic_message": true
   }
  },
  {
   "update_id": 291368961,
   "message": {
    "message_id": 5336,
    "from": {
     "id": 6129457865,
     "is_bot": true,
     "first_name": "Бот Виталий",
     "username": "sicheebot"
    },
    "chat": {
     "id": -1001971186208,
     "title": "Тест",
     "is_forum": true,
     "type": "supergroup"
    },
    "date": 1728223931,
    "forum_topic_reopened": {}
   }
  },
  {
   "update_id": 291368962,
   "message": {
    "message_id": 5337,
    "from": {
     "id": 6129457865,
     "is_bot": true,
     "first_name": "Бот Виталий",
     "username": "sicheebot"
    },
    "chat": {
     "id": -1001971186208,
     "title": "Тест",
     "is_forum": true,
     "type": "supergroup"
    },
    "date": 1728223931,
    "message_thread_id": 5330,
    "reply_to_message": {
     "message_id": 5330,
     "from": {
      "id": 6129457865,
      "is_bot": true,
      "first_name": "Бот Виталий",
      "username": "sicheebot"
     },
     "chat": {
      "id": -1001971186208,
      "title": "Тест",
      "is_forum": true,
      "type": "supergroup"
     },
     "date": 1728223904,
     "message_thread_id": 5330,
     "forum_topic_created": {
      "name": "Тестовая тема d04cf5f7-7845-4ec5-a485-3b327e16dd0d",
      "icon_color": 7322096,
      "icon_custom_emoji_id": "5357419403325481346"
     },
     "is_topic_message": true
    },
    "forum_topic_reopened": {},
    "is_topic_message": true
   }
  },
  {
   "update_id": 291368963,
   "message": {
    "message_id": 5338,
    "from": {
     "id": 6129457865,
     "is_bot": true,
     "first_name": "Бот Виталий",
     "username": "sicheebot"
    },
    "chat": {
     "id": -1001971186208,
     "title": "Тест",
     "is_forum": true,
     "type": "supergroup"
    },
    "date": 1728223981,
    "forum_topic_edited": {
     "name": "Новое имя главной темы ea19f2b2-bb3f-4357-84d2-6053af5c0fd5"
    }
   }
  },
  {
   "update_id": 291368964,
   "message": {
    "message_id": 5339,
    "from": {
     "id": 6129457865,
     "is_bot": true,
     "first_name": "Бот Виталий",
     "username": "sicheebot"
    },
    "chat": {
     "id": -1001971186208,
     "title": "Тест",
     "is_forum": true,
     "type": "supergroup"
    },
    "date": 1728223989,
    "general_forum_topic_hidden": {}
   }
  },
  {
   "update_id": 291368965,
   "message": {
    "message_id": 5340,
    "from": {
     "id": 6129457865,
     "is_bot": true,
     "first_name": "Бот Виталий",
     "username": "sicheebot"
    },
    "chat": {
     "id": -1001971186208,
     "title": "Тест",
     "is_forum": true,
     "type": "supergroup"
    },
    "date": 1728223994,
    "general_forum_topic_unhidden": {}
   }
  }
 ]
}
