{
 "archive_size": 426,
 "directory_count": 4,
 "entries": [
  {
   "directory": false,
   "name": "readme.txt",
   "size": 21
  },
  {
   "directory": false,
   "name": "docs/note.txt",
   "size": 20
  },
  {
   "directory": false,
   "name": "data/nested/payload.bin",
   "size": 5
  },
  {
   "directory": false,
   "name": "config/settings.json",
   "size": 17
  },
  {
   "directory": true,
   "name": "data/nested",
   "size": 0
  },
  {
   "directory": true,
   "name": "docs",
   "size": 0
  },
  {
   "directory": true,
   "name": "data",
   "size": 0
  },
  {
   "directory": true,
   "name": "config",
   "size": 0
  }
 ],
 "entry_count": 8,
 "file_count": 4,
 "unpacked_size": 63
}
