{
 "autogoals_enabled": "<включение автоматических целей>",
 "code_options": {
  "async": "<асинхронный код счетчика>",
  "clickmap": "<сбор статистики для работы Карты кликов>",
  "ecommerce": "<сбор данных по электронной коммерции>",
  "in_one_line": "<выводить код счетчика в одну строку>",
  "track_hash": "<отслеживание хеша в адресной строке браузера>",
  "visor": "<запись и анализ поведения посетителей сайта>",
  "xml_site": "<для XML-сайтов>",
  "ytm": "<использование системы управления тегами>",
  "alternative_cdn": "<учитывать посещения из регионов без доступ к ресурсам Яндекса>",
  "informer": {
   "color_arrow": "<цвет стрелки на информере>",
   "color_end": "<конечный (нижний) цвет информера в формате RRGGBBAA>",
   "color_start": "<начальный (верхний) цвет информера в формате RRGGBBAA>",
   "color_text": "<цвет текста на информере>",
   "enabled": "<разрешение отображения информера>",
   "indicator": "<показатель информера>",
   "size": "<размер информера>",
   "type": "<тип информера>"
  }
 },
 "counter_flags": {
  "collect_first_party_data": "<использовать доп. настройки отслеживания>",
  "measurement_enabled": "<включить опцию Measurement Protocol>",
  "use_in_benchmarks": "<получать доступ к отчетам по рынку>",
  "direct_allow_use_goals_without_access": "<разрешить в рекламных кампаниях оптимизацию по целям без доступа к счетчику>"
 },
 "favorite": "<избранное>",
 "filter_robots": "<фильтрация роботов>",
 "filters": [
  {
   "action": "<тип фильтра>",
   "attr": "<тип данных, к которым применяется фильтр>",
   "status": "<статус фильтра>",
   "type": "<отношение или действие для фильтра>",
   "end_ip": "<последний IP-адрес диапазона>",
   "id": "<идентификатор фильтра для изменения>",
   "start_ip": "<первый IP-адрес диапазона>",
   "value": "<значение>",
   "with_subdomains": "<фильтровать по поддоменам>"
  }
 ],
 "gdpr_agreement_accepted": "<согласие с Договором об обработке данных>",
 "goals": [
  {
   "name": "<наименование цели>",
   "type": "<тип цели>",
   "default_price": "<цена цели по умолчанию>",
   "id": "<id цели для изменения>",
   "is_favorite": "<избранное>"
  }
 ],
 "grants": [
  {
   "perm": "<уровень доступа>",
   "comment": "<произвольный комментарий>",
   "partner_data_access": "<доступ к группе отчетов Монетизация>",
   "user_login": "<логин пользователя, которому выдано разрешение>",
   "user_uid": "<uid пользователя, которому выдано разрешение>"
  }
 ],
 "labels": [
  {
   "name": "<имя метки>"
  }
 ],
 "measurement_tokens": "***",
 "mirrors2": [
  {
   "site": "<полный домен сайта>"
  }
 ],
 "name": "<наименование счетчика>",
 "offline_options": {
  "offline_calls_extended_threshold": "<расширенный период учета звонков>",
  "offline_conversion_extended_threshold": "<расширенный период учета офлайн-конверсий>",
  "offline_visits_extended_threshold": "<расширенный период учета оффлайн-заходов>"
 },
 "operations": [
  {
   "action": "<тип операции>",
   "attr": "<поле фильтрации>",
   "status": "<статус операции>",
   "id": "<операции для изменения>",
   "value": "<значение для замены>"
  }
 ],
 "owner_login": "<логин владельца>",
 "permission": "<уровень доступа к счетчику>",
 "publisher_options": {
  "enabled": "<сбор данных контентной аналитики>",
  "schema": "<используемый на сайте тип разметки>",
  "schema_options": "<доступные варианты разметки сайта>"
 },
 "site2": [
  {
   "site": "<полный домен сайта>"
  }
 ],
 "source": "<тип счетчика>",
 "time_zone_name": "<часовой пояс>",
 "visit_threshold": "<таймаут визита в секундах>",
 "webvisor": {
  "arch_enabled": "<сохранение страниц сайта>",
  "arch_type": "<запись содержимого страниц>",
  "load_player_type": "<загрузка страниц в плеер>",
  "urls": "<список страниц для сохранения>",
  "wv_forms": "<запись содержимого полей и форм>",
  "wv_version": "<версия вебвизора>"
 }
}
