    {
 "rows": 9,
 "counters": [
  {
   "id": 98876516,
   "status": "Active",
   "owner_login": "bayselonarrend",
   "code_status": "CS_ERR_UNKNOWN",
   "activity_status": "low",
   "type": "simple",
   "favorite": 0,
   "hide_address": 0,
   "pro": 0,
   "permission": "own",
   "webvisor": {
    "arch_enabled": 0,
    "arch_type": "none",
    "load_player_type": "proxy",
    "wv_version": 2,
    "allow_wv2": true,
    "wv_forms": 1
   },
   "code_options": {
    "async": 0,
    "informer": {
     "enabled": 1,
     "type": "ext",
     "size": 2,
     "indicator": "uniques",
     "color_start": "EEEEEEEE",
     "color_end": "EFEFEFFE",
     "color_text": 0,
     "color_arrow": 1
    },
    "visor": 1,
    "track_hash": 1,
    "xml_site": 0,
    "clickmap": 1,
    "in_one_line": 0,
    "ecommerce": 1,
    "alternative_cdn": 1,
    "ecommerce_object": "dataLayer",
    "ytm": false
   },
   "create_time": "2024-11-10T21:51:32+03:00",
   "time_zone_name": "Europe/Moscow",
   "time_zone_offset": 180,
   "partner_id": 0,
   "site": "openintegrations.dev",
   "site2": {
    "site": "openintegrations.dev",
    "domain": "openintegrations.dev"
   },
   "gdpr_agreement_accepted": 1
  },
  {
   "id": 98875749,
   "status": "Active",
   "owner_login": "bayselonarrend",
   "code_status": "CS_ERR_UNKNOWN",
   "activity_status": "low",
   "type": "simple",
   "favorite": 0,
   "hide_address": 0,
   "pro": 0,
   "permission": "own",
   "webvisor": {
    "arch_enabled": 0,
    "arch_type": "none",
    "load_player_type": "proxy",
    "wv_version": 2,
    "allow_wv2": true,
    "wv_forms": 1
   },
   "code_options": {
    "async": 0,
    "informer": {
     "enabled": 1,
     "type": "ext",
     "size": 2,
     "indicator": "uniques",
     "color_start": "EEEEEEEE",
     "color_end": "EFEFEFFE",
     "color_text": 0,
     "color_arrow": 1
    },
    "visor": 1,
    "track_hash": 1,
    "xml_site": 0,
    "clickmap": 1,
    "in_one_line": 0,
    "ecommerce": 1,
    "alternative_cdn": 1,
    "ecommerce_object": "dataLayer",
    "ytm": false
   },
   "create_time": "2024-11-10T18:43:12+03:00",
   "time_zone_name": "Europe/Moscow",
   "time_zone_offset": 180,
   "partner_id": 0,
   "site": "openintegrations.dev",
   "site2": {
    "site": "openintegrations.dev",
    "domain": "openintegrations.dev"
   },
   "gdpr_agreement_accepted": 1
  },
  {
   "id": 98875706,
   "status": "Active",
   "owner_login": "bayselonarrend",
   "code_status": "CS_ERR_UNKNOWN",
   "activity_status": "low",
   "type": "simple",
   "favorite": 0,
   "hide_address": 0,
   "pro": 0,
   "permission": "own",
   "webvisor": {
    "arch_enabled": 0,
    "arch_type": "none",
    "load_player_type": "proxy",
    "wv_version": 2,
    "allow_wv2": true,
    "wv_forms": 1
   },
   "code_options": {
    "async": 0,
    "informer": {
     "enabled": 1,
     "type": "ext",
     "size": 2,
     "indicator": "uniques",
     "color_start": "EEEEEEEE",
     "color_end": "EFEFEFFE",
     "color_text": 0,
     "color_arrow": 1
    },
    "visor": 1,
    "track_hash": 1,
    "xml_site": 0,
    "clickmap": 1,
    "in_one_line": 0,
    "ecommerce": 1,
    "alternative_cdn": 1,
    "ecommerce_object": "dataLayer",
    "ytm": false
   },
   "create_time": "2024-11-10T18:39:43+03:00",
   "time_zone_name": "Europe/Moscow",
   "time_zone_offset": 180,
   "partner_id": 0,
   "site": "openintegrations.dev",
   "site2": {
    "site": "openintegrations.dev",
    "domain": "openintegrations.dev"
   },
   "gdpr_agreement_accepted": 1
  },
  {
   "id": 98875335,
   "status": "Active",
   "owner_login": "bayselonarrend",
   "code_status": "CS_ERR_UNKNOWN",
   "activity_status": "low",
   "type": "simple",
   "favorite": 0,
   "hide_address": 0,
   "pro": 0,
   "permission": "own",
   "webvisor": {
    "arch_enabled": 0,
    "arch_type": "none",
    "load_player_type": "proxy",
    "wv_version": 2,
    "allow_wv2": true,
    "wv_forms": 1
   },
   "code_options": {
    "async": 0,
    "informer": {
     "enabled": 1,
     "type": "ext",
     "size": 2,
     "indicator": "uniques",
     "color_start": "EEEEEEEE",
     "color_end": "EFEFEFFE",
     "color_text": 0,
     "color_arrow": 1
    },
    "visor": 1,
    "track_hash": 1,
    "xml_site": 0,
    "clickmap": 1,
    "in_one_line": 0,
    "ecommerce": 1,
    "alternative_cdn": 1,
    "ecommerce_object": "dataLayer",
    "ytm": false
   },
   "create_time": "2024-11-10T18:06:25+03:00",
   "time_zone_name": "Europe/Moscow",
   "time_zone_offset": 180,
   "partner_id": 0,
   "site": "openintegrations.dev",
   "site2": {
    "site": "openintegrations.dev",
    "domain": "openintegrations.dev"
   },
   "gdpr_agreement_accepted": 1
  },
  {
   "id": 98875328,
   "status": "Active",
   "owner_login": "bayselonarrend",
   "code_status": "CS_ERR_UNKNOWN",
   "activity_status": "low",
   "type": "simple",
   "favorite": 0,
   "hide_address": 0,
   "pro": 0,
   "permission": "own",
   "webvisor": {
    "arch_enabled": 0,
    "arch_type": "none",
    "load_player_type": "proxy",
    "wv_version": 2,
    "allow_wv2": true,
    "wv_forms": 1
   },
   "code_options": {
    "async": 0,
    "informer": {
     "enabled": 1,
     "type": "ext",
     "size": 2,
     "indicator": "uniques",
     "color_start": "EEEEEEEE",
     "color_end": "EFEFEFFE",
     "color_text": 0,
     "color_arrow": 1
    },
    "visor": 1,
    "track_hash": 1,
    "xml_site": 0,
    "clickmap": 1,
    "in_one_line": 0,
    "ecommerce": 1,
    "alternative_cdn": 1,
    "ecommerce_object": "dataLayer",
    "ytm": false
   },
   "create_time": "2024-11-10T18:05:23+03:00",
   "time_zone_name": "Europe/Moscow",
   "time_zone_offset": 180,
   "partner_id": 0,
   "site": "openintegrations.dev",
   "site2": {
    "site": "openintegrations.dev",
    "domain": "openintegrations.dev"
   },
   "gdpr_agreement_accepted": 1
  },
  {
   "id": 98874331,
   "status": "Active",
   "owner_login": "bayselonarrend",
   "code_status": "CS_ERR_UNKNOWN",
   "activity_status": "low",
   "type": "simple",
   "favorite": 0,
   "hide_address": 0,
   "pro": 0,
   "permission": "own",
   "webvisor": {
    "arch_enabled": 0,
    "arch_type": "none",
    "load_player_type": "proxy",
    "wv_version": 2,
    "allow_wv2": true,
    "wv_forms": 1
   },
   "code_options": {
    "async": 0,
    "informer": {
     "enabled": 1,
     "type": "ext",
     "size": 2,
     "indicator": "uniques",
     "color_start": "EEEEEEEE",
     "color_end": "EFEFEFFE",
     "color_text": 0,
     "color_arrow": 1
    },
    "visor": 1,
    "track_hash": 1,
    "xml_site": 0,
    "clickmap": 1,
    "in_one_line": 0,
    "ecommerce": 1,
    "alternative_cdn": 1,
    "ecommerce_object": "dataLayer",
    "ytm": false
   },
   "create_time": "2024-11-10T14:28:07+03:00",
   "time_zone_name": "Europe/Moscow",
   "time_zone_offset": 180,
   "partner_id": 0,
   "site": "openintegrations.dev",
   "site2": {
    "site": "openintegrations.dev",
    "domain": "openintegrations.dev"
   },
   "gdpr_agreement_accepted": 1
  },
  {
   "id": 97292922,
   "status": "Active",
   "owner_login": "bayselonarrend",
   "code_status": "CS_ERR_UNKNOWN",
   "activity_status": "low",
   "name": "OpenIntegrations",
   "type": "simple",
   "favorite": 0,
   "hide_address": 0,
   "pro": 0,
   "permission": "own",
   "webvisor": {
    "arch_enabled": 0,
    "arch_type": "none",
    "load_player_type": "proxy",
    "wv_version": 2,
    "allow_wv2": true,
    "wv_forms": 1
   },
   "code_options": {
    "async": 1,
    "informer": {
     "enabled": 0,
     "type": "ext",
     "size": 3,
     "indicator": "pageviews",
     "color_start": "FFFFFFFF",
     "color_end": "EFEFEFFF",
     "color_text": 0,
     "color_arrow": 1
    },
    "visor": 0,
    "track_hash": 0,
    "xml_site": 0,
    "clickmap": 1,
    "in_one_line": 0,
    "ecommerce": 0,
    "alternative_cdn": 0,
    "ecommerce_object": "dataLayer",
    "ytm": false
   },
   "create_time": "2024-05-15T16:55:09+03:00",
   "time_zone_name": "Europe/Minsk",
   "time_zone_offset": 180,
   "partner_id": 0,
   "site": "openintegrations.dev",
   "site2": {
    "site": "openintegrations.dev",
    "domain": "openintegrations.dev"
   },
   "gdpr_agreement_accepted": 0
  },
  {
   "id": 98234044,
   "status": "Active",
   "owner_login": "bayselonarrend",
   "code_status": "CS_ERR_UNKNOWN",
   "activity_status": "low",
   "name": "OpenYellow",
   "type": "simple",
   "favorite": 0,
   "hide_address": 0,
   "pro": 0,
   "permission": "own",
   "webvisor": {
    "arch_enabled": 0,
    "arch_type": "none",
    "load_player_type": "proxy",
    "wv_version": 2,
    "allow_wv2": true,
    "wv_forms": 1
   },
   "code_options": {
    "async": 1,
    "informer": {
     "enabled": 0,
     "type": "ext",
     "size": 3,
     "indicator": "pageviews",
     "color_start": "FFFFFFFF",
     "color_end": "EFEFEFFF",
     "color_text": 0,
     "color_arrow": 1
    },
    "visor": 0,
    "track_hash": 0,
    "xml_site": 0,
    "clickmap": 1,
    "in_one_line": 0,
    "ecommerce": 0,
    "alternative_cdn": 0,
    "ecommerce_object": "dataLayer",
    "ytm": false
   },
   "create_time": "2024-09-03T19:06:14+03:00",
   "time_zone_name": "Europe/Minsk",
   "time_zone_offset": 180,
   "partner_id": 0,
   "site": "openyellow.org",
   "site2": {
    "site": "openyellow.org",
    "domain": "openyellow.org"
   },
   "gdpr_agreement_accepted": 0
  },
  {
   "id": 98592133,
   "status": "Active",
   "owner_login": "bayselonarrend",
   "code_status": "CS_ERR_UNKNOWN",
   "activity_status": "low",
   "name": "Page 12294791 (openintegrations.dev)",
   "type": "partner",
   "favorite": 0,
   "hide_address": 0,
   "pro": 0,
   "permission": "own",
   "webvisor": {
    "arch_enabled": 0,
    "arch_type": "none",
    "load_player_type": "proxy",
    "wv_version": 2,
    "allow_wv2": true,
    "wv_forms": 1
   },
   "code_options": {
    "async": 1,
    "informer": {
     "enabled": 0,
     "type": "ext",
     "size": 3,
     "indicator": "pageviews",
     "color_start": "FFFFFFFF",
     "color_end": "EFEFEFFF",
     "color_text": 0,
     "color_arrow": 1
    },
    "visor": 0,
    "track_hash": 0,
    "xml_site": 0,
    "clickmap": 1,
    "in_one_line": 0,
    "ecommerce": 0,
    "alternative_cdn": 0,
    "ecommerce_object": "dataLayer",
    "ytm": false
   },
   "create_time": "2024-10-09T20:05:20+03:00",
   "time_zone_name": "Europe/Moscow",
   "time_zone_offset": 180,
   "partner_id": 12294791,
   "source": "partner",
   "site": "openintegrations.dev",
   "site2": {
    "site": "openintegrations.dev",
    "domain": "openintegrations.dev"
   },
   "gdpr_agreement_accepted": 0
  }
 ]
}
