{
 "args": {},
 "headers": {
  "Accept": "*/*",
  "Accept-Charset": "utf-8",
  "Accept-Encoding": "gzip",
  "Authorization": "AWS4-HMAC-SHA256 Credential=AccessKey/20260719/Region/s3/aws4_request, SignedHeaders=host;x-amz-content-sha256;x-amz-date, Signature=fcc14c06c9d712b54933e4982436fcbf653c6fbf38b1f75a921b3b349b8bef16",
  "Connection": "Keep-Alive",
  "Content-Length": "0",
  "Host": "bin.openintegrations.dev",
  "Max-Forwards": "10",
  "User-Agent": "1Script v$2.0.1.0",
  "X-Amz-Content-Sha256": "e3b0c44298fc1c149afbf4c8996fb92427ae41e4649b934ca495991b7852b855",
  "X-Amz-Date": "20260719T163227Z",
  "X-Arr-Log-Id": "debfa62c-e27a-42e2-8cf9-c25793ca9f72",
  "X-Arr-Ssl": "2048|256|C=BE, O=GlobalSign nv-sa, CN=GlobalSign GCC R6 AlphaSSL CA 2025|CN=*.openintegrations.dev",
  "X-Forwarded-Host": "bin.openintegrations.dev",
  "X-Original-Url": "***"
 },
 "origin": "***",
 "url": "https://bin.openintegrations.dev/get"
}
