{
 "args": {},
 "data": "--3da123b9012141908999fb46226f94d2\r\nContent-Type: application/json; charset=UTF-8\r\n\r\n{\r\n \"Field1\": 1...",
 "files": {},
 "form": {},
 "headers": {
  "Accept": "*/*",
  "Accept-Charset": "utf-8",
  "Accept-Encoding": "gzip",
  "Connection": "Keep-Alive",
  "Content-Length": "208",
  "Content-Type": "multipart/related; boundary=3da123b9012141908999fb46226f94d2",
  "Host": "bin.openintegrations.dev",
  "Max-Forwards": "10",
  "User-Agent": "1Script v$2.0.1.0",
  "X-Arr-Log-Id": "e60968d3-8d48-409c-9dc5-86bc4b916ba0",
  "X-Arr-Ssl": "2048|256|C=BE, O=GlobalSign nv-sa, CN=GlobalSign GCC R6 AlphaSSL CA 2025|CN=*.openintegrations.dev",
  "X-Forwarded-Host": "bin.openintegrations.dev",
  "X-Original-Url": "***"
 },
 "json": null,
 "origin": "***",
 "url": "https://bin.openintegrations.dev/post"
}
