{
 "args": {},
 "headers": {
  "Accept": "*/*",
  "Accept-Charset": "utf-8",
  "Accept-Encoding": "gzip",
  "Connection": "Keep-Alive",
  "Content-Length": "0",
  "Host": "bin.openintegrations.dev",
  "Max-Forwards": "10",
  "User-Agent": "1Script v$2.0.1.0",
  "X-Arr-Log-Id": "fc6f3ec6-930c-485f-a8a4-72f848a4a2f9",
  "X-Arr-Ssl": "2048|256|C=BE, O=GlobalSign nv-sa, CN=GlobalSign GCC R6 AlphaSSL CA 2025|CN=*.openintegrations.dev",
  "X-Forwarded-Host": "bin.openintegrations.dev",
  "X-Header1": "Value1",
  "X-Header2": "Value2",
  "X-Original-Url": "***"
 },
 "origin": "***",
 "url": "https://bin.openintegrations.dev/get"
}
