{
 "args": {},
 "data": "{\r\n \"Field1\": 10,\r\n \"Field3\": [\r\n  \"A\",\r\n  \"B\"\r\n ]\r\n}",
 "files": {},
 "form": {},
 "headers": {
  "Accept": "*/*",
  "Accept-Charset": "utf-8",
  "Accept-Encoding": "gzip",
  "Connection": "Keep-Alive",
  "Content-Length": "53",
  "Content-Type": "application/json; charset=utf-8",
  "Host": "bin.openintegrations.dev",
  "Max-Forwards": "10",
  "User-Agent": "1Script v$2.0.1.0",
  "X-Arr-Log-Id": "3935f126-8ffb-485f-95b9-9b70c3d91d50",
  "X-Arr-Ssl": "2048|256|C=BE, O=GlobalSign nv-sa, CN=GlobalSign GCC R6 AlphaSSL CA 2025|CN=*.openintegrations.dev",
  "X-Forwarded-Host": "bin.openintegrations.dev",
  "X-Original-Url": "***"
 },
 "json": {
  "Field1": 10,
  "Field3": [
   "A",
   "B"
  ]
 },
 "origin": "***",
 "url": "https://bin.openintegrations.dev/post"
}
