{
 "args": {},
 "headers": {
  "Accept": "*/*",
  "Accept-Charset": "utf-8",
  "Accept-Encoding": "gzip",
  "Connection": "Keep-Alive",
  "Content-Length": "0",
  "Host": "bin.openintegrations.dev",
  "Max-Forwards": "10",
  "User-Agent": "1Script v$2.0.1.0",
  "X-Arr-Log-Id": "c78d84ee-bbd3-4e48-a36c-7a824a87c4e0",
  "X-Arr-Ssl": "2048|256|C=BE, O=GlobalSign nv-sa, CN=GlobalSign GCC R6 AlphaSSL CA 2025|CN=*.openintegrations.dev",
  "X-Forwarded-Host": "bin.openintegrations.dev",
  "X-Header1": "Value1",
  "X-Header2": "Value2",
  "X-Original-Url": "***"
 },
 "origin": "***",
 "url": "https://bin.openintegrations.dev/get"
}
