{
 "args": {},
 "data": "",
 "files": {
  "file1": "..."
 },
 "form": {
  "field1": "Text",
  "field2": "10"
 },
 "headers": {
  "Accept": "*/*",
  "Accept-Charset": "utf-8",
  "Accept-Encoding": "gzip",
  "Authorization": "OAuth oauth_consumer_key=\"***\",oauth_token=\"***\",oauth_signature_method=\"HMAC-SHA256\",oauth_timestamp=\"1784475073\",oauth_nonce=\"1784475073\",oauth_version=\"1.0\",oauth_signature=HYP5K2HdPoWiZkWCU5tRPsDTvQ66TGlucYbjvXjlNyU%3D",
  "Connection": "Keep-Alive",
  "Content-Length": "2114372",
  "Content-Type": "multipart/form-data; boundary=282cc53ccd654c0fa6ccea95164db55f",
  "Host": "bin.openintegrations.dev",
  "Max-Forwards": "10",
  "User-Agent": "1Script v$2.0.1.0",
  "X-Arr-Log-Id": "3ee29093-6230-40ab-b561-11f2493f2f36",
  "X-Arr-Ssl": "2048|256|C=BE, O=GlobalSign nv-sa, CN=GlobalSign GCC R6 AlphaSSL CA 2025|CN=*.openintegrations.dev",
  "X-Forwarded-Host": "bin.openintegrations.dev",
  "X-Original-Url": "***"
 },
 "json": null,
 "origin": "***",
 "url": "https://bin.openintegrations.dev/post"
}
