{
 "id": "tblth2sLd0GjcTxKs",
 "name": "TestTable2",
 "description": "NewTable",
 "primaryFieldId": "fldu8HQiX2TxIPQWg",
 "fields": [
  {
   "type": "number",
   "options": {
    "precision": 0
   },
   "id": "fldu8HQiX2TxIPQWg",
   "name": "Number"
  },
  {
   "type": "richText",
   "id": "fldQf8eyQ4TWeCJVa",
   "name": "String"
  },
  {
   "type": "multipleAttachments",
   "options": {
    "isReversed": false
   },
   "id": "fldKcKW3ZXwkv1rGz",
   "name": "Attachment"
  },
  {
   "type": "checkbox",
   "options": {
    "icon": "check",
    "color": "yellowBright"
   },
   "id": "fldMPgbJeYbABYIgO",
   "name": "Checkbox"
  },
  {
   "type": "date",
   "options": {
    "dateFormat": {
     "name": "iso",
     "format": "YYYY-MM-DD"
    }
   },
   "id": "fldsMvj3fBKEEufON",
   "name": "Date"
  },
  {
   "type": "phoneNumber",
   "id": "fldq487uo2nqiFjqE",
   "name": "Phone"
  },
  {
   "type": "email",
   "id": "fldomUQC8E1Ph04ED",
   "name": "Email"
  },
  {
   "type": "url",
   "id": "fldEZ45DgHpzGYFQY",
   "name": "Link"
  }
 ],
 "views": [
  {
   "id": "viwQTxNnkyXESAp4G",
   "name": "Grid view",
   "type": "grid"
  }
 ]
}
