{
 "id": "appSS9gWtt0yucTqM",
 "tables": [
  {
   "id": "tbl5Bo3kmXLdVasvm",
   "name": "TestTable",
   "primaryFieldId": "fldaOHLaAVPRqyhIP",
   "fields": [
    {
     "type": "number",
     "options": {
      "precision": 0
     },
     "id": "fldaOHLaAVPRqyhIP",
     "name": "Number"
    },
    {
     "type": "richText",
     "id": "fldWl4I2EhQWPmJHZ",
     "name": "String"
    }
   ],
   "views": [
    {
     "id": "viwXUZHDuQOQNmqz4",
     "name": "Grid view",
     "type": "grid"
    }
   ]
  }
 ]
}
