 {
 "bases": [
  {
   "id": "appGarzKZ0lu3gzoa",
   "name": "Test",
   "permissionLevel": "create"
  },
  {
   "id": "app9WRfJirwn3yXuG",
   "name": "Product catalog",
   "permissionLevel": "create"
  },
  {
   "id": "app6gigUYTzlDEq4X",
   "name": "Тестовая база",
   "permissionLevel": "create"
  },
  {
   "id": "app5hJGyK8asYYe1Q",
   "name": "Тестовая база",
   "permissionLevel": "create"
  },
  {
   "id": "appRQ6VxxOZb40Uwi",
   "name": "Тестовая база",
   "permissionLevel": "create"
  },
  {
   "id": "appM6FaGofV2XSfFA",
   "name": "Тестовая база",
   "permissionLevel": "create"
  },
  {
   "id": "apptm8Xqo7TwMaipQ",
   "name": "Тестовая база",
   "permissionLevel": "create"
  },
  {
   "id": "appsyQyGrF8aVN2Wm",
   "name": "Тестовая база",
   "permissionLevel": "create"
  },
  {
   "id": "applEsyJmBRm12AuN",
   "name": "Тестовая база",
   "permissionLevel": "create"
  },
  {
   "id": "appbh1wYGbZlmn3pN",
   "name": "Тестовая база",
   "permissionLevel": "create"
  },
  {
   "id": "apppkKYsw7O1Gqhxl",
   "name": "Тестовая база",
   "permissionLevel": "create"
  },
  {
   "id": "appIHzEhKAimg9S2p",
   "name": "Тестовая база",
   "permissionLevel": "create"
  },
  {
   "id": "app5Zyj15QZisbqvA",
   "name": "Тестовая база",
   "permissionLevel": "create"
  },
  {
   "id": "app05ybJZ2aiF7jiV",
   "name": "Тестовая база",
   "permissionLevel": "create"
  },
  {
   "id": "appKbK1rnu08kOueO",
   "name": "Тестовая база",
   "permissionLevel": "create"
  },
  {
   "id": "appBTTgSQtzCkrp4V",
   "name": "База из Оинт",
   "permissionLevel": "create"
  },
  {
   "id": "appDtM9dK5yzXduUB",
   "name": "Тестовая база",
   "permissionLevel": "create"
  },
  {
   "id": "appqyGu9Cdx9xWvEs",
   "name": "Тестовая база",
   "permissionLevel": "create"
  },
  {
   "id": "appczCGkB55A13rQ2",
   "name": "Тестовая база",
   "permissionLevel": "create"
  },
  {
   "id": "appxClK6G6i2DREOB",
   "name": "Тестовая база",
   "permissionLevel": "create"
  },
  {
   "id": "appsYySkvo8kafUdd",
   "name": "Тестовая база",
   "permissionLevel": "create"
  },
  {
   "id": "appw2EFeyyNgwmhP6",
   "name": "Тестовая база",
   "permissionLevel": "create"
  },
  {
   "id": "appqEloLDyI7p6uzS",
   "name": "Тестовая база",
   "permissionLevel": "create"
  },
  {
   "id": "appdTFa0GMiOdaxVp",
   "name": "Тестовая база",
   "permissionLevel": "create"
  },
  {
   "id": "appuREJLUMSxU9Tww",
   "name": "Тестовая база",
   "permissionLevel": "create"
  },
  {
   "id": "appQwerTglYZLYkLl",
   "name": "Тестовая база",
   "permissionLevel": "create"
  },
  {
   "id": "apptPCnUGDn0M76to",
   "name": "Тестовая база",
   "permissionLevel": "create"
  },
  {
   "id": "appgg50vNZwX1aZmu",
   "name": "Тестовая база",
   "permissionLevel": "create"
  },
  {
   "id": "appHB3hm34ZkAjflT",
   "name": "TestDatabase",
   "permissionLevel": "create"
  },
  {
   "id": "appuHDfwXADAD5QDj",
   "name": "TestDatabase",
   "permissionLevel": "create"
  },
  {
   "id": "appcOm6OUIz9LVpDb",
   "name": "Тестовая база",
   "permissionLevel": "create"
  },
  {
   "id": "appsqUBfO9uUgPvc7",
   "name": "TestDatabase",
   "permissionLevel": "create"
  },
  {
   "id": "appWxC9J7fQHAAqBb",
   "name": "TestDatabase",
   "permissionLevel": "create"
  },
  {
   "id": "appvgeLr5ajebpEIm",
   "name": "TestDatabase",
   "permissionLevel": "create"
  },
  {
   "id": "appG9G5eQx9oNT4wI",
   "name": "TestDatabase",
   "permissionLevel": "create"
  },
  {
   "id": "appBvVtwxNhWhDhWS",
   "name": "Тестовая база",
   "permissionLevel": "create"
  },
  {
   "id": "app2l1g42XyOZcJLC",
   "name": "Тестовая база",
   "permissionLevel": "create"
  },
  {
   "id": "appJ0vSp9iSBZjNtP",
   "name": "Тестовая база",
   "permissionLevel": "create"
  },
  {
   "id": "appEMCxRCETtRuIQx",
   "name": "TestDatabase",
   "permissionLevel": "create"
  },
  {
   "id": "apprbwLTIlBG5XlrD",
   "name": "Тестовая база",
   "permissionLevel": "create"
  },
  {
   "id": "appcbF41SDlFIDRl0",
   "name": "TestDatabase",
   "permissionLevel": "create"
  },
  {
   "id": "appsFEBOTlBMLnn76",
   "name": "TestDatabase",
   "permissionLevel": "create"
  },
  {
   "id": "appYa9Yz1I5bKSSn2",
   "name": "TestDatabase",
   "permissionLevel": "create"
  },
  {
   "id": "appTLSmA8NDGtmt1M",
   "name": "TestDatabase",
   "permissionLevel": "create"
  },
  {
   "id": "appz6AL1jjdfrFS4T",
   "name": "TestDatabase",
   "permissionLevel": "create"
  },
  {
   "id": "appAiMSI6vukkftmD",
   "name": "TestDatabase",
   "permissionLevel": "create"
  },
  {
   "id": "app5mBq42GHDZWf6t",
   "name": "TestDatabase",
   "permissionLevel": "create"
  },
  {
   "id": "appl1eEV2jW7kbfaF",
   "name": "TestDatabase",
   "permissionLevel": "create"
  },
  {
   "id": "appgHCnj3g6odFoTL",
   "name": "TestDatabase",
   "permissionLevel": "create"
  },
  {
   "id": "appjHG7CMYfeMECdg",
   "name": "Тестовая база",
   "permissionLevel": "create"
  },
  {
   "id": "appxmqOdQSPVcbuSK",
   "name": "TestDatabase",
   "permissionLevel": "create"
  },
  {
   "id": "appBLGjBCFg8zGRpQ",
   "name": "TestDatabase",
   "permissionLevel": "create"
  },
  {
   "id": "appwC8hNj61XifiAc",
   "name": "TestDatabase",
   "permissionLevel": "create"
  },
  {
   "id": "appljGqdOy4lY0rk0",
   "name": "TestDatabase",
   "permissionLevel": "create"
  },
  {
   "id": "app6ZtiePKTB5Ewzv",
   "name": "TestDatabase",
   "permissionLevel": "create"
  },
  {
   "id": "appZ3Ea8MSRcK0BYB",
   "name": "Тестовая база",
   "permissionLevel": "create"
  },
  {
   "id": "appONMs9SzLy4sjzm",
   "name": "TestDatabase",
   "permissionLevel": "create"
  },
  {
   "id": "appc1U6qw7JTCy7Iz",
   "name": "TestDatabase",
   "permissionLevel": "create"
  },
  {
   "id": "appTLYxOjA4TjVn02",
   "name": "Тестовая база",
   "permissionLevel": "create"
  },
  {
   "id": "appbderQHX2W9Xs5t",
   "name": "Тестовая база",
   "permissionLevel": "create"
  },
  {
   "id": "appWWvIKJSVgovpDz",
   "name": "TestDatabase",
   "permissionLevel": "create"
  },
  {
   "id": "appoAYu2aVUNI9moD",
   "name": "TestDatabase",
   "permissionLevel": "create"
  },
  {
   "id": "appOKiflCxu8OL7mE",
   "name": "TestDatabase",
   "permissionLevel": "create"
  },
  {
   "id": "appKP36BUgfDgJesY",
   "name": "TestDatabase",
   "permissionLevel": "create"
  },
  {
   "id": "appCRMCtq94oFeS0p",
   "name": "Тестовая база",
   "permissionLevel": "create"
  },
  {
   "id": "app2wu3WtlOWY8yZL",
   "name": "TestDatabase",
   "permissionLevel": "create"
  },
  {
   "id": "appxntCL1Hpk2Dn7c",
   "name": "Тестовая база",
   "permissionLevel": "create"
  },
  {
   "id": "app6gZqc0JBPOjqAV",
   "name": "TestDatabase",
   "permissionLevel": "create"
  },
  {
   "id": "appuDgCcpe4LcBZjx",
   "name": "Тестовая база",
   "permissionLevel": "create"
  },
  {
   "id": "app31xEpn6hWuO6ai",
   "name": "TestDatabase",
   "permissionLevel": "create"
  },
  {
   "id": "appQwwfwI3TVAsFK7",
   "name": "TestDatabase",
   "permissionLevel": "create"
  },
  {
   "id": "appgnPSQUXB5lpnLp",
   "name": "Тестовая база",
   "permissionLevel": "create"
  },
  {
   "id": "appZyfABSyesGfmWS",
   "name": "TestDatabase",
   "permissionLevel": "create"
  },
  {
   "id": "app1QTeWr9rbUpkpv",
   "name": "TestDatabase",
   "permissionLevel": "create"
  },
  {
   "id": "appObo8oDaZUQdJW0",
   "name": "Тестовая база",
   "permissionLevel": "create"
  },
  {
   "id": "app7OW8kLrt4irBzX",
   "name": "TestDatabase",
   "permissionLevel": "create"
  },
  {
   "id": "appuVZyHEJ8Waym3a",
   "name": "Тестовая база",
   "permissionLevel": "create"
  },
  {
   "id": "app1UtRzhqN1Dw8vw",
   "name": "TestDatabase",
   "permissionLevel": "create"
  },
  {
   "id": "appv5D8GSq3DTzIP4",
   "name": "Тестовая база",
   "permissionLevel": "create"
  },
  {
   "id": "app87OstHUGAkQ6sO",
   "name": "TestDatabase",
   "permissionLevel": "create"
  },
  {
   "id": "app8vOBDc2zcYGOYu",
   "name": "Тестовая база",
   "permissionLevel": "create"
  },
  {
   "id": "appeky8eThTngbOkB",
   "name": "TestDatabase",
   "permissionLevel": "create"
  },
  {
   "id": "appuwMAlXp1u8PB6G",
   "name": "Тестовая база",
   "permissionLevel": "create"
  },
  {
   "id": "appfudPIWd4c43hJU",
   "name": "TestDatabase",
   "permissionLevel": "create"
  },
  {
   "id": "appU3RHNNfy2YNZKT",
   "name": "TestDatabase",
   "permissionLevel": "create"
  },
  {
   "id": "appptdJx1KvQlbus5",
   "name": "TestDatabase",
   "permissionLevel": "create"
  },
  {
   "id": "apphuoD8yyFXXOwF3",
   "name": "TestDatabase",
   "permissionLevel": "create"
  },
  {
   "id": "apprLDpgrnwrW7zfo",
   "name": "TestDatabase",
   "permissionLevel": "create"
  },
  {
   "id": "appaIh8XJ7DrvqZAl",
   "name": "TestDatabase",
   "permissionLevel": "create"
  },
  {
   "id": "appvRog0pG4M3CYYR",
   "name": "Тестовая база",
   "permissionLevel": "create"
  },
  {
   "id": "appQ6jBQEtg6VoQ4Z",
   "name": "TestDatabase",
   "permissionLevel": "create"
  },
  {
   "id": "appvfUHyJBEsJnc8B",
   "name": "TestDatabase",
   "permissionLevel": "create"
  },
  {
   "id": "app8EevRvFoKC9d2a",
   "name": "TestDatabase",
   "permissionLevel": "create"
  },
  {
   "id": "appZiYe5V8z9B8MU9",
   "name": "Тестовая база",
   "permissionLevel": "create"
  },
  {
   "id": "appDtt471UUe4YJNe",
   "name": "Тестовая база",
   "permissionLevel": "create"
  },
  {
   "id": "appPFyHdWMOlkO9RY",
   "name": "Тестовая база",
   "permissionLevel": "create"
  },
  {
   "id": "appWy1qMj2z7ZYXWx",
   "name": "TestDatabase",
   "permissionLevel": "create"
  },
  {
   "id": "apphzbUE7MZVskGLf",
   "name": "Тестовая база",
   "permissionLevel": "create"
  },
  {
   "id": "appB3dmDWv75q20WC",
   "name": "TestDatabase",
   "permissionLevel": "create"
  },
  {
   "id": "appNA3AHy9AQR5GGv",
   "name": "TestDatabase",
   "permissionLevel": "create"
  },
  {
   "id": "app7DN50mLlooooy9",
   "name": "TestDatabase",
   "permissionLevel": "create"
  },
  {
   "id": "appaBguoCqomdLHzy",
   "name": "TestDatabase",
   "permissionLevel": "create"
  },
  {
   "id": "appMlI7IMIt92LtTe",
   "name": "TestDatabase",
   "permissionLevel": "create"
  },
  {
   "id": "appYcbF0UhCD91Kq2",
   "name": "Тестовая база",
   "permissionLevel": "create"
  },
  {
   "id": "appTIDx4zUvwHs8yd",
   "name": "Тестовая база",
   "permissionLevel": "create"
  },
  {
   "id": "appWLPrwIX6ZsryWm",
   "name": "Тестовая база",
   "permissionLevel": "create"
  },
  {
   "id": "appVull9Qz1bwnLO0",
   "name": "Тестовая база",
   "permissionLevel": "create"
  },
  {
   "id": "appYe3ujRrCkdek5P",
   "name": "Тестовая база",
   "permissionLevel": "create"
  },
  {
   "id": "appMehZZMHBCl5s6d",
   "name": "Тестовая база",
   "permissionLevel": "create"
  },
  {
   "id": "appt2EuZsGASKFUV3",
   "name": "Тестовая база",
   "permissionLevel": "create"
  },
  {
   "id": "appk7k1TRQlSt8DYq",
   "name": "Тестовая база",
   "permissionLevel": "create"
  },
  {
   "id": "appGJS2wICtEEVAIy",
   "name": "TestDatabase",
   "permissionLevel": "create"
  },
  {
   "id": "app2Z00V2OqJ2OL5s",
   "name": "Тестовая база",
   "permissionLevel": "create"
  },
  {
   "id": "appfUCSaF4U0uEEjd",
   "name": "Тестовая база",
   "permissionLevel": "create"
  },
  {
   "id": "appTjcaeYILAH4MLa",
   "name": "TestDatabase",
   "permissionLevel": "create"
  },
  {
   "id": "app4FsZ66d0jZfhmG",
   "name": "Тестовая база",
   "permissionLevel": "create"
  },
  {
   "id": "appSD4h2JC3tWGDIl",
   "name": "TestDatabase",
   "permissionLevel": "create"
  },
  {
   "id": "app8rLduzUuCGjQ6f",
   "name": "TestDatabase",
   "permissionLevel": "create"
  },
  {
   "id": "appll5pf11EcD5J6o",
   "name": "TestDatabase",
   "permissionLevel": "create"
  },
  {
   "id": "appOdV0EECC3feDRp",
   "name": "Тестовая база",
   "permissionLevel": "create"
  },
  {
   "id": "appZiZK9Batm5EcV4",
   "name": "Тестовая база",
   "permissionLevel": "create"
  },
  {
   "id": "app9aimYxUE4BJeEj",
   "name": "TestDatabase",
   "permissionLevel": "create"
  },
  {
   "id": "appoXNWJUKiZIfSws",
   "name": "TestDatabase",
   "permissionLevel": "create"
  },
  {
   "id": "appIaVmY5aTNFRYYW",
   "name": "TestDatabase",
   "permissionLevel": "create"
  },
  {
   "id": "applnK6JmulIeiy6O",
   "name": "TestDatabase",
   "permissionLevel": "create"
  },
  {
   "id": "appXY4iT4mt6VeprA",
   "name": "Тестовая база",
   "permissionLevel": "create"
  },
  {
   "id": "appVRoFBQza1wCsYY",
   "name": "TestDatabase",
   "permissionLevel": "create"
  },
  {
   "id": "app0NZ2oe0iH5RctW",
   "name": "Тестовая база",
   "permissionLevel": "create"
  },
  {
   "id": "app0NzW64bkLtFUkK",
   "name": "Тестовая база",
   "permissionLevel": "create"
  },
  {
   "id": "appov5289hdJvOvif",
   "name": "TestDatabase",
   "permissionLevel": "create"
  },
  {
   "id": "appFRXwaO9RHKSQfA",
   "name": "Тестовая база",
   "permissionLevel": "create"
  },
  {
   "id": "appJHinjp0xRcYGD5",
   "name": "TestDatabase",
   "permissionLevel": "create"
  },
  {
   "id": "appphSttDwPhqrgua",
   "name": "Тестовая база",
   "permissionLevel": "create"
  },
  {
   "id": "appE99DSrliGemevH",
   "name": "TestDatabase",
   "permissionLevel": "create"
  },
  {
   "id": "appMiRKtabjoMDpdn",
   "name": "Тестовая база",
   "permissionLevel": "create"
  },
  {
   "id": "apphzHC1NLEeZphmA",
   "name": "TestDatabase",
   "permissionLevel": "create"
  },
  {
   "id": "apppnNy1z2r7OASg9",
   "name": "Тестовая база",
   "permissionLevel": "create"
  },
  {
   "id": "appFhsYTS50i9s9id",
   "name": "Тестовая база",
   "permissionLevel": "create"
  },
  {
   "id": "apprNJzOlhdWL2loz",
   "name": "TestDatabase",
   "permissionLevel": "create"
  },
  {
   "id": "app51Xj8M3yheD94d",
   "name": "Тестовая база",
   "permissionLevel": "create"
  },
  {
   "id": "appIkzvNCdnDRfyjP",
   "name": "TestDatabase",
   "permissionLevel": "create"
  },
  {
   "id": "appRijr0xylSO1spo",
   "name": "Тестовая база",
   "permissionLevel": "create"
  },
  {
   "id": "appHZomKP4mJbIlay",
   "name": "Тестовая база",
   "permissionLevel": "create"
  },
  {
   "id": "apptQSNAgzQnSDJF7",
   "name": "TestDatabase",
   "permissionLevel": "create"
  },
  {
   "id": "appTc8L23pNtcdSgO",
   "name": "Тестовая база",
   "permissionLevel": "create"
  },
  {
   "id": "appULss0gEjdoyGtV",
   "name": "Тестовая база",
   "permissionLevel": "create"
  },
  {
   "id": "appbIgLUIYRGQQlO2",
   "name": "TestDatabase",
   "permissionLevel": "create"
  },
  {
   "id": "app8KRa6jqRtYYTnn",
   "name": "Тестовая база",
   "permissionLevel": "create"
  },
  {
   "id": "app54fAhDfg4QJaKn",
   "name": "TestDatabase",
   "permissionLevel": "create"
  },
  {
   "id": "app7bqWqnnRhfNw71",
   "name": "Тестовая база",
   "permissionLevel": "create"
  },
  {
   "id": "appm1qXtQfpCEtmzI",
   "name": "Тестовая база",
   "permissionLevel": "create"
  },
  {
   "id": "app074Z8BDPoATgQk",
   "name": "Тестовая база",
   "permissionLevel": "create"
  },
  {
   "id": "appNpS4C0JifWSXs2",
   "name": "TestDatabase",
   "permissionLevel": "create"
  },
  {
   "id": "appidm52JnoGSFNY4",
   "name": "TestDatabase",
   "permissionLevel": "create"
  },
  {
   "id": "appaSkMHA7wim5m00",
   "name": "Тестовая база",
   "permissionLevel": "create"
  },
  {
   "id": "appLx1fZ6pcUrMLv7",
   "name": "Тестовая база",
   "permissionLevel": "create"
  },
  {
   "id": "appuxHFgVFLPSObKH",
   "name": "TestDatabase",
   "permissionLevel": "create"
  },
  {
   "id": "appND2BHis3h8kGDB",
   "name": "Тестовая база",
   "permissionLevel": "create"
  },
  {
   "id": "appU8ZAF7CQBrFzxH",
   "name": "Тестовая база",
   "permissionLevel": "create"
  },
  {
   "id": "appi7rxbwzAbGldT6",
   "name": "TestDatabase",
   "permissionLevel": "create"
  },
  {
   "id": "app2lxYMmt9zloEFj",
   "name": "TestDatabase",
   "permissionLevel": "create"
  },
  {
   "id": "appNbJsejcLdyMLv6",
   "name": "Тестовая база",
   "permissionLevel": "create"
  },
  {
   "id": "appzxPI2jVV96WCLl",
   "name": "Тестовая база",
   "permissionLevel": "create"
  },
  {
   "id": "apphEdvXFhwzZxuuf",
   "name": "Тестовая база",
   "permissionLevel": "create"
  },
  {
   "id": "appiOxTnrrSc5rm7m",
   "name": "Тестовая база",
   "permissionLevel": "create"
  },
  {
   "id": "appI5TIW0QPBEWSrT",
   "name": "TestDatabase",
   "permissionLevel": "create"
  },
  {
   "id": "app5i1ReQN4Fes8M0",
   "name": "Тестовая база",
   "permissionLevel": "create"
  },
  {
   "id": "appayFJTWmZCSm0Ej",
   "name": "TestDatabase",
   "permissionLevel": "create"
  },
  {
   "id": "appbyZvokia6flYSo",
   "name": "Тестовая база",
   "permissionLevel": "create"
  },
  {
   "id": "appgNU415H6WJvDGo",
   "name": "Тестовая база",
   "permissionLevel": "create"
  },
  {
   "id": "appgclFyL8EKXnEEq",
   "name": "TestDatabase",
   "permissionLevel": "create"
  },
  {
   "id": "appTsRAu01UneSLKD",
   "name": "TestDatabase",
   "permissionLevel": "create"
  },
  {
   "id": "appxNJXHFI537Kva4",
   "name": "Тестовая база",
   "permissionLevel": "create"
  },
  {
   "id": "appRATLjrmbQyo5GD",
   "name": "Тестовая база",
   "permissionLevel": "create"
  },
  {
   "id": "appeBsVso6uKqd3s6",
   "name": "Тестовая база",
   "permissionLevel": "create"
  },
  {
   "id": "appMXXEjkog26yjAE",
   "name": "TestDatabase",
   "permissionLevel": "create"
  },
  {
   "id": "appQhCUNNouFQVu5m",
   "name": "Тестовая база",
   "permissionLevel": "create"
  },
  {
   "id": "appzBOLEkI1AbUERI",
   "name": "Тестовая база",
   "permissionLevel": "create"
  },
  {
   "id": "appX0p2zu7il6JdGk",
   "name": "TestDatabase",
   "permissionLevel": "create"
  },
  {
   "id": "appLnUgN8fDFROqGR",
   "name": "Тестовая база",
   "permissionLevel": "create"
  },
  {
   "id": "app7ecdtSmv9qEmuB",
   "name": "TestDatabase",
   "permissionLevel": "create"
  },
  {
   "id": "app38SV9R1OVdBAY9",
   "name": "Тестовая база",
   "permissionLevel": "create"
  },
  {
   "id": "appMTeY0378R6xFDh",
   "name": "TestDatabase",
   "permissionLevel": "create"
  },
  {
   "id": "appy3Z5iTDVQZZWMr",
   "name": "TestDatabase",
   "permissionLevel": "create"
  },
  {
   "id": "appe9KSHhYzzdzBMx",
   "name": "Тестовая база",
   "permissionLevel": "create"
  },
  {
   "id": "appI7ooVcDtci09sE",
   "name": "TestDatabase",
   "permissionLevel": "create"
  },
  {
   "id": "apprSp9azFA7nhvPZ",
   "name": "Тестовая база",
   "permissionLevel": "create"
  },
  {
   "id": "appkh7vYeWNu84drF",
   "name": "TestDatabase",
   "permissionLevel": "create"
  },
  {
   "id": "app2qJsFhzmqSX3eo",
   "name": "Тестовая база",
   "permissionLevel": "create"
  },
  {
   "id": "appvEfOUnTgkavhU1",
   "name": "TestDatabase",
   "permissionLevel": "create"
  },
  {
   "id": "appLY734blAbUj4C3",
   "name": "Тестовая база",
   "permissionLevel": "create"
  },
  {
   "id": "appXYMR5o6AkOAwik",
   "name": "TestDatabase",
   "permissionLevel": "create"
  },
  {
   "id": "app3LSpiQZrRHNtkJ",
   "name": "Тестовая база",
   "permissionLevel": "create"
  },
  {
   "id": "appjGaoUOYBN6yk0X",
   "name": "Тестовая база",
   "permissionLevel": "create"
  },
  {
   "id": "appGpR5I7yQLVe2Z1",
   "name": "TestDatabase",
   "permissionLevel": "create"
  },
  {
   "id": "appLRcabr8SLV4Afq",
   "name": "TestDatabase",
   "permissionLevel": "create"
  },
  {
   "id": "appaE8qpF6kWbxyJd",
   "name": "Тестовая база",
   "permissionLevel": "create"
  },
  {
   "id": "app2dBTsu1zTuXkBd",
   "name": "Тестовая база",
   "permissionLevel": "create"
  },
  {
   "id": "app4LLgMFPgEyjhmF",
   "name": "TestDatabase",
   "permissionLevel": "create"
  },
  {
   "id": "appHymGYA6x7sfsSp",
   "name": "TestDatabase",
   "permissionLevel": "create"
  },
  {
   "id": "appGlMNHc43TnPXJA",
   "name": "Тестовая база",
   "permissionLevel": "create"
  },
  {
   "id": "appcNp6E5MiWePB0g",
   "name": "Тестовая база",
   "permissionLevel": "create"
  },
  {
   "id": "appKfQvVk1URE8e1M",
   "name": "TestDatabase",
   "permissionLevel": "create"
  },
  {
   "id": "appjUza3C07O5PHUO",
   "name": "TestDatabase",
   "permissionLevel": "create"
  },
  {
   "id": "appFykXcADLlWW4iz",
   "name": "Тестовая база",
   "permissionLevel": "create"
  },
  {
   "id": "appbRenpXowNO4v2i",
   "name": "Тестовая база",
   "permissionLevel": "create"
  },
  {
   "id": "appAPscOltXqEWVVA",
   "name": "TestDatabase",
   "permissionLevel": "create"
  },
  {
   "id": "app73xzQq4rCD27JV",
   "name": "Тестовая база",
   "permissionLevel": "create"
  },
  {
   "id": "appaJyt5BvMYcQxoW",
   "name": "Тестовая база",
   "permissionLevel": "create"
  },
  {
   "id": "app00sKytBgnhzoRb",
   "name": "TestDatabase",
   "permissionLevel": "create"
  },
  {
   "id": "appmv6Qd4Y7xsMhN1",
   "name": "Тестовая база",
   "permissionLevel": "create"
  },
  {
   "id": "app38jEq1P3C5xSZt",
   "name": "TestDatabase",
   "permissionLevel": "create"
  },
  {
   "id": "appKdUucgz9uIyV1k",
   "name": "Тестовая база",
   "permissionLevel": "create"
  },
  {
   "id": "appvIWxPcHJbTLEeN",
   "name": "Тестовая база",
   "permissionLevel": "create"
  },
  {
   "id": "appHJpUfrYtmAw9Ia",
   "name": "TestDatabase",
   "permissionLevel": "create"
  },
  {
   "id": "appvLNjns8wS6vCzt",
   "name": "Тестовая база",
   "permissionLevel": "create"
  },
  {
   "id": "appw8n64k4fLAuFnl",
   "name": "Тестовая база",
   "permissionLevel": "create"
  },
  {
   "id": "appjJcIeerRm4jeym",
   "name": "TestDatabase",
   "permissionLevel": "create"
  },
  {
   "id": "appUay5xEnyyEdWT9",
   "name": "Тестовая база",
   "permissionLevel": "create"
  },
  {
   "id": "appwPuvUnFMr7yZ1I",
   "name": "TestDatabase",
   "permissionLevel": "create"
  },
  {
   "id": "appgVjsjWKIQuvBXv",
   "name": "Тестовая база",
   "permissionLevel": "create"
  },
  {
   "id": "appYEPrhWenfF5vVN",
   "name": "TestDatabase",
   "permissionLevel": "create"
  },
  {
   "id": "appXymEMa9NeRR09A",
   "name": "Тестовая база",
   "permissionLevel": "create"
  },
  {
   "id": "app1SKpGtB3DNhBvW",
   "name": "Тестовая база",
   "permissionLevel": "create"
  },
  {
   "id": "appNz3X0VVsoGG6Sp",
   "name": "Тестовая база",
   "permissionLevel": "create"
  },
  {
   "id": "app91jrNndyTCAgpz",
   "name": "TestDatabase",
   "permissionLevel": "create"
  },
  {
   "id": "appgD5oHBDRtlbcJ2",
   "name": "TestDatabase",
   "permissionLevel": "create"
  },
  {
   "id": "app6IKpI29wvM0dbM",
   "name": "TestDatabase",
   "permissionLevel": "create"
  },
  {
   "id": "appAWN9vmuCBb5obo",
   "name": "TestDatabase",
   "permissionLevel": "create"
  },
  {
   "id": "app6dZgdJSSqzoo8B",
   "name": "TestDatabase",
   "permissionLevel": "create"
  },
  {
   "id": "appucS3YRjSiysn95",
   "name": "TestDatabase",
   "permissionLevel": "create"
  },
  {
   "id": "app9xLnlkUsNwr4mg",
   "name": "TestDatabase",
   "permissionLevel": "create"
  },
  {
   "id": "app0hzDCaGA9iwjTA",
   "name": "TestDatabase",
   "permissionLevel": "create"
  },
  {
   "id": "appuiFkl612uFM2B2",
   "name": "TestDatabase",
   "permissionLevel": "create"
  },
  {
   "id": "appjyyctvG8oCFp9c",
   "name": "TestDatabase",
   "permissionLevel": "create"
  },
  {
   "id": "appRBmH4H57qdmUzC",
   "name": "Тестовая база",
   "permissionLevel": "create"
  },
  {
   "id": "app38BhluwX2zm03A",
   "name": "Тестовая база",
   "permissionLevel": "create"
  },
  {
   "id": "appWbPZysaDIO3C3D",
   "name": "Тестовая база",
   "permissionLevel": "create"
  },
  {
   "id": "appvtZ4QgKePTmt65",
   "name": "Тестовая база",
   "permissionLevel": "create"
  },
  {
   "id": "appIaGNHITSXcotbK",
   "name": "Тестовая база",
   "permissionLevel": "create"
  },
  {
   "id": "appkmLYf40rYZq23K",
   "name": "Тестовая база",
   "permissionLevel": "create"
  },
  {
   "id": "app1k8w4cHUKVgj8l",
   "name": "Тестовая база",
   "permissionLevel": "create"
  },
  {
   "id": "app9TTr2EEIqJZem9",
   "name": "Тестовая база",
   "permissionLevel": "create"
  },
  {
   "id": "apphzJAespmfd0fGv",
   "name": "Тестовая база",
   "permissionLevel": "create"
  },
  {
   "id": "applDPII1hqQxWQZR",
   "name": "Тестовая база",
   "permissionLevel": "create"
  },
  {
   "id": "appsM7nip2LujQTUa",
   "name": "Тестовая база",
   "permissionLevel": "create"
  },
  {
   "id": "applc5ztrWCVvcDWM",
   "name": "TestDatabase",
   "permissionLevel": "create"
  },
  {
   "id": "appdVfHAlvHknDJIC",
   "name": "TestDatabase",
   "permissionLevel": "create"
  },
  {
   "id": "appSNTPD6IhrURXho",
   "name": "Тестовая база",
   "permissionLevel": "create"
  },
  {
   "id": "app5PLTcGC9RRG9wP",
   "name": "TestDatabase",
   "permissionLevel": "create"
  },
  {
   "id": "appkuUvpoohGjpMBa",
   "name": "Тестовая база",
   "permissionLevel": "create"
  },
  {
   "id": "appuC6gbwGxb3PrbI",
   "name": "TestDatabase",
   "permissionLevel": "create"
  },
  {
   "id": "appKZFQy4pR7Xcw4A",
   "name": "TestDatabase",
   "permissionLevel": "create"
  },
  {
   "id": "appQI6XvXfraHKjG6",
   "name": "Тестовая база",
   "permissionLevel": "create"
  },
  {
   "id": "appRlR9WDLxOngciR",
   "name": "TestDatabase",
   "permissionLevel": "create"
  },
  {
   "id": "appBvowozfvUx1P4x",
   "name": "Тестовая база",
   "permissionLevel": "create"
  },
  {
   "id": "appwsCd1SnplE1gO1",
   "name": "Тестовая база",
   "permissionLevel": "create"
  },
  {
   "id": "appb41JK1lZgCjEv2",
   "name": "Тестовая база",
   "permissionLevel": "create"
  },
  {
   "id": "appXwy8VAhGKVHPwY",
   "name": "TestDatabase",
   "permissionLevel": "create"
  },
  {
   "id": "appwkgT7iQwhNP4t5",
   "name": "Тестовая база",
   "permissionLevel": "create"
  },
  {
   "id": "appezQgexMYdg497Z",
   "name": "TestDatabase",
   "permissionLevel": "create"
  },
  {
   "id": "appKfaKDnd0eiUVsA",
   "name": "Тестовая база",
   "permissionLevel": "create"
  },
  {
   "id": "appXqpH0IqLM4TSk4",
   "name": "TestDatabase",
   "permissionLevel": "create"
  },
  {
   "id": "appJ41aYAIOcM9bPZ",
   "name": "Тестовая база",
   "permissionLevel": "create"
  },
  {
   "id": "app8vxzuv2wkhcdG0",
   "name": "TestDatabase",
   "permissionLevel": "create"
  },
  {
   "id": "appf3Dr6nJtvJhyZo",
   "name": "TestDatabase",
   "permissionLevel": "create"
  },
  {
   "id": "appG4RAbdVDoel6x8",
   "name": "TestDatabase",
   "permissionLevel": "create"
  },
  {
   "id": "appOJDwju9BFgXeTO",
   "name": "Тестовая база",
   "permissionLevel": "create"
  },
  {
   "id": "appIkaMceUNFCsohL",
   "name": "Тестовая база",
   "permissionLevel": "create"
  },
  {
   "id": "appHGWLfQi3IbqPnf",
   "name": "TestDatabase",
   "permissionLevel": "create"
  },
  {
   "id": "appl2UymFZbCJrNjD",
   "name": "TestDatabase",
   "permissionLevel": "create"
  },
  {
   "id": "appreCd2ARgXvjg7m",
   "name": "TestDatabase",
   "permissionLevel": "create"
  },
  {
   "id": "appaff5X4205pUohh",
   "name": "Тестовая база",
   "permissionLevel": "create"
  },
  {
   "id": "apphrP32EVTYMLWcB",
   "name": "Тестовая база",
   "permissionLevel": "create"
  },
  {
   "id": "app9bSgL4YtTVGTlE",
   "name": "Тестовая база",
   "permissionLevel": "create"
  },
  {
   "id": "appYas7r7r976ZSLt",
   "name": "Тестовая база",
   "permissionLevel": "create"
  },
  {
   "id": "appxctJAkFSguVWtz",
   "name": "TestDatabase",
   "permissionLevel": "create"
  },
  {
   "id": "appCeqR8u76RDA43U",
   "name": "Тестовая база",
   "permissionLevel": "create"
  },
  {
   "id": "appNKvCZ27ip9xljF",
   "name": "TestDatabase",
   "permissionLevel": "create"
  },
  {
   "id": "appuoWJmYj08TEYcT",
   "name": "Тестовая база",
   "permissionLevel": "create"
  },
  {
   "id": "appS5xHafRWDWQFv5",
   "name": "Тестовая база",
   "permissionLevel": "create"
  },
  {
   "id": "appg9MBcXSFQqzomb",
   "name": "Тестовая база",
   "permissionLevel": "create"
  },
  {
   "id": "appCOuzfpma3IfjDV",
   "name": "TestDatabase",
   "permissionLevel": "create"
  },
  {
   "id": "app5mS5DsvcGIVun6",
   "name": "Тестовая база",
   "permissionLevel": "create"
  },
  {
   "id": "app6phVSMC80ssmgO",
   "name": "Тестовая база",
   "permissionLevel": "create"
  },
  {
   "id": "app7O9W7xv3NNyQyw",
   "name": "Тестовая база",
   "permissionLevel": "create"
  },
  {
   "id": "appLXKuUw7RZ2b3is",
   "name": "Тестовая база",
   "permissionLevel": "create"
  },
  {
   "id": "appQ9y6uHcviFktKS",
   "name": "TestDatabase",
   "permissionLevel": "create"
  },
  {
   "id": "appye5JxQD6CEAVQ7",
   "name": "Тестовая база",
   "permissionLevel": "create"
  },
  {
   "id": "appOlF7jcSNaXpGqd",
   "name": "TestDatabase",
   "permissionLevel": "create"
  }
 ]
}
