{
 "type": "outgoing",
 "idMessage": "3EB06B1725D7F1B015D529",
 "timestamp": 1781803548,
 "typeMessage": "extendedTextMessage",
 "chatId": "***",
 "textMessage": "New message text",
 "extendedTextMessage": {
  "text": "New message text",
  "description": "",
  "title": "",
  "previewType": "None",
  "jpegThumbnail": "",
  "forwardingScore": 0,
  "isForwarded": false
 },
 "statusMessage": "sent",
 "sendByApi": "***",
 "deletedMessageId": "3EB082AA3D2FC6D561A485",
 "editedMessageId": "3EB07CA963633516FA272F",
 "isEdited": true,
 "isDeleted": true
}
