{
 "receiptId": 1,
 "body": {
  "typeWebhook": "outgoingAPIMessageReceived",
  "idMessage": "3EB0BEFBDA69ECE0C6C482",
  "instanceData": {
   "idInstance": "***",
   "wid": "***",
   "typeInstance": "whatsapp"
  },
  "timestamp": 1779718488,
  "senderData": {
   "chatId": "***",
   "sender": "***",
   "senderName": "***",
   "senderContactName": "***",
   "chatName": "***"
  },
  "messageData": {
   "typeMessage": "videoMessage",
   "quotedMessage": {
    "downloadUrl": "",
    "caption": "Описание файла",
    "fileName": "",
    "jpegThumbnail": "",
    "isAnimated": false,
    "mimeType": "image/jpeg",
    "forwardingScore": 0,
    "isForwarded": false,
    "typeMessage": "imageMessage",
    "stanzaId": "3EB07702E254C4D85D85D2",
    "participant": "1234567890@c.us"
   },
   "fileMessageData": {
    "downloadUrl": "",
    "caption": "Описание файла",
    "fileName": "",
    "jpegThumbnail": "/9j/2wCEAAEBAQEBAQEBAQEBAQEBAQEBAQEBAQEBAQEBAQEBAQEBAQEBAQEBAQEBAQEBAQEBAQEBAQEBAQEBAQEBAQEBAQEBAQEB...",
    "isAnimated": false,
    "mimeType": "video/mp4",
    "forwardingScore": 0,
    "isForwarded": false,
    "videoNote": false
   }
  }
 }
}
