[
 {
  "type": "outgoing",
  "idMessage": "3EB012E35862DE98F81602",
  "timestamp": 1779786977,
  "typeMessage": "videoMessage",
  "chatId": "***",
  "downloadUrl": "",
  "caption": "File description",
  "fileName": "",
  "jpegThumbnail": "/9j/2wCEAAEBAQEBAQEBAQEBAQEBAQEBAQEBAQEBAQEBAQEBAQEBAQEBAQEBAQEBAQEBAQEBAQEBAQEBAQEBAQEBAQEBAQEBAQEB...",
  "mimeType": "video/mp4",
  "isAnimated": false,
  "isForwarded": false,
  "forwardingScore": 0,
  "quotedMessage": {
   "stanzaId": "3EB0448C11B4EC0DBE67AD",
   "participant": "1234567890@c.us",
   "typeMessage": "imageMessage",
   "downloadUrl": "",
   "caption": "File description",
   "fileName": "",
   "jpegThumbnail": "",
   "mimeType": "image/jpeg",
   "isAnimated": false,
   "isForwarded": false,
   "forwardingScore": 0,
   "editedMessageId": "",
   "deletedMessageId": "",
   "videoNote": false,
   "isEdited": false,
   "isDeleted": false
  },
  "statusMessage": "sent",
  "sendByApi": "***",
  "editedMessageId": "",
  "deletedMessageId": "",
  "videoNote": false,
  "isEdited": false,
  "isDeleted": false
 },
 {
  "type": "outgoing",
  "idMessage": "3EB0448C11B4EC0DBE67AD",
  "timestamp": 1779786974,
  "typeMessage": "imageMessage",
  "chatId": "***",
  "downloadUrl": "https://hut.openintegrations.dev/test_data/picture.jpg",
  "caption": "File description",
  "fileName": "picture.jpg",
  "jpegThumbnail": "",
  "mimeType": "image/jpeg",
  "isAnimated": false,
  "isForwarded": false,
  "forwardingScore": 0,
  "statusMessage": "sent",
  "sendByApi": "***",
  "editedMessageId": "",
  "deletedMessageId": "",
  "videoNote": false,
  "isEdited": false,
  "isDeleted": false
 },
 {
  "type": "outgoing",
  "idMessage": "3EB06ED706B50319D00EEF",
  "timestamp": 1779786972,
  "typeMessage": "deletedMessage",
  "chatId": "***",
  "deletedMessageData": {
   "stanzaId": "3EB006A4732C7A61BFA05F"
  },
  "statusMessage": "sent",
  "sendByApi": "***"
 },
 {
  "type": "outgoing",
  "idMessage": "3EB099CC624DC3C5983E51",
  "timestamp": 1779786971,
  "typeMessage": "videoMessage",
  "chatId": "***",
  "downloadUrl": "",
  "caption": "File description",
  "fileName": "",
  "jpegThumbnail": "/9j/2wCEAAEBAQEBAQEBAQEBAQEBAQEBAQEBAQEBAQEBAQEBAQEBAQEBAQEBAQEBAQEBAQEBAQEBAQEBAQEBAQEBAQEBAQEBAQEB...",
  "mimeType": "video/mp4",
  "isAnimated": false,
  "isForwarded": false,
  "forwardingScore": 0,
  "quotedMessage": {
   "stanzaId": "3EB0E8771BEC4519AB5E6D",
   "participant": "1234567890@c.us",
   "typeMessage": "imageMessage",
   "downloadUrl": "",
   "caption": "File description",
   "fileName": "",
   "jpegThumbnail": "",
   "mimeType": "image/jpeg",
   "isAnimated": false,
   "isForwarded": false,
   "forwardingScore": 0,
   "editedMessageId": "",
   "deletedMessageId": "",
   "videoNote": false,
   "isEdited": false,
   "isDeleted": false
  },
  "statusMessage": "sent",
  "sendByApi": "***",
  "editedMessageId": "",
  "deletedMessageId": "",
  "videoNote": false,
  "isEdited": false,
  "isDeleted": false
 },
 {
  "type": "outgoing",
  "idMessage": "3EB0E8771BEC4519AB5E6D",
  "timestamp": 1779786967,
  "typeMessage": "imageMessage",
  "chatId": "***",
  "downloadUrl": "https://do-mediaout-7105.fra1.digitaloceanspaces.com/7105187566/a00784f7-16e2-47ab-b342-ebbb21f53e02...",
  "caption": "File description",
  "fileName": "a00784f7-16e2-47ab-b342-ebbb21f53e02.jpg",
  "jpegThumbnail": "",
  "mimeType": "image/jpeg",
  "isAnimated": false,
  "isForwarded": false,
  "forwardingScore": 0,
  "statusMessage": "sent",
  "sendByApi": "***",
  "editedMessageId": "",
  "deletedMessageId": "",
  "videoNote": false,
  "isEdited": false,
  "isDeleted": false
 },
 {
  "type": "outgoing",
  "idMessage": "3EB0D30141C64B362579EE",
  "timestamp": 1779786965,
  "typeMessage": "quotedMessage",
  "chatId": "***",
  "extendedTextMessage": {
   "text": "New message",
   "stanzaId": "3EB006A4732C7A61BFA05F",
   "participant": "1234567890@c.us"
  },
  "quotedMessage": {
   "stanzaId": "3EB006A4732C7A61BFA05F",
   "participant": "1234567890@c.us",
   "typeMessage": "extendedTextMessage",
   "textMessage": "New message",
   "extendedTextMessage": {
    "text": "New message",
    "description": "",
    "title": "",
    "previewType": "None",
    "jpegThumbnail": "",
    "forwardingScore": 0,
    "isForwarded": false
   },
   "editedMessageId": "",
   "deletedMessageId": "",
   "isEdited": false,
   "isDeleted": false
  },
  "statusMessage": "sent",
  "sendByApi": "***",
  "deletedMessageId": "",
  "editedMessageId": "",
  "isEdited": false,
  "isDeleted": false
 },
 {
  "type": "outgoing",
  "idMessage": "3EB006A4732C7A61BFA05F",
  "timestamp": 1779786964,
  "typeMessage": "extendedTextMessage",
  "chatId": "***",
  "textMessage": "New message",
  "extendedTextMessage": {
   "text": "New message",
   "description": "",
   "title": "",
   "previewType": "None",
   "jpegThumbnail": "",
   "forwardingScore": 0,
   "isForwarded": false
  },
  "statusMessage": "sent",
  "sendByApi": "***",
  "deletedMessageId": "3EB06ED706B50319D00EEF",
  "editedMessageId": "",
  "isEdited": false,
  "isDeleted": true
 },
 {
  "type": "outgoing",
  "idMessage": "3EB0C6384DB97784B09458",
  "timestamp": 1779719713,
  "typeMessage": "deletedMessage",
  "chatId": "***",
  "deletedMessageData": {
   "stanzaId": "3EB0C4BC7A0C3E38706799"
  },
  "statusMessage": "sent",
  "sendByApi": "***"
 },
 {
  "type": "outgoing",
  "idMessage": "3EB0B1D921B2843244578C",
  "timestamp": 1779719709,
  "typeMessage": "extendedTextMessage",
  "chatId": "***",
  "textMessage": "New message",
  "extendedTextMessage": {
   "text": "New message",
   "description": "",
   "title": "",
   "previewType": "None",
   "jpegThumbnail": "",
   "forwardingScore": 1,
   "isForwarded": true
  },
  "statusMessage": "sent",
  "sendByApi": "***",
  "deletedMessageId": "",
  "editedMessageId": "",
  "isEdited": false,
  "isDeleted": false
 },
 {
  "type": "outgoing",
  "idMessage": "3EB0CB25F332C341D62509",
  "timestamp": 1779719708,
  "typeMessage": "contactMessage",
  "chatId": "***",
  "contact": {
   "displayName": "Bicycle",
   "vcard": "BEGIN:VCARD\nVERSION:3.0\nN:;;;\nFN:Bicycle\nORG:Bicycle\nTEL;type=CELL;type=VOICE;waid=79001234568:+7900...",
   "forwardingScore": 0,
   "isForwarded": false
  },
  "quotedMessage": {
   "stanzaId": "3EB003C718EB5677CFD145",
   "participant": "1234567890@c.us",
   "typeMessage": "contactMessage",
   "contact": {
    "displayName": "Artem Evpatoriysky Petrovich",
    "vcard": "BEGIN:VCARD\nVERSION:3.0\nN:Petrovich;Artem;Evpatoriysky;\nFN:Artem Evpatoriysky Petrovich\nORG:Bicycle\n...",
    "forwardingScore": 0,
    "isForwarded": false
   },
   "deletedMessageId": "",
   "editedMessageId": "",
   "isEdited": false,
   "isDeleted": false
  },
  "statusMessage": "sent",
  "sendByApi": "***",
  "deletedMessageId": "",
  "editedMessageId": "",
  "isEdited": false,
  "isDeleted": false
 },
 {
  "type": "outgoing",
  "idMessage": "3EB003C718EB5677CFD145",
  "timestamp": 1779719706,
  "typeMessage": "contactMessage",
  "chatId": "***",
  "contact": {
   "displayName": "Artem Evpatoriysky Petrovich",
   "vcard": "BEGIN:VCARD\nVERSION:3.0\nN:Petrovich;Artem;Evpatoriysky;\nFN:Artem Evpatoriysky Petrovich\nORG:Bicycle\n...",
   "forwardingScore": 0,
   "isForwarded": false
  },
  "statusMessage": "sent",
  "sendByApi": "***",
  "deletedMessageId": "",
  "editedMessageId": "",
  "isEdited": false,
  "isDeleted": false
 },
 {
  "type": "outgoing",
  "idMessage": "3EB070864FB25042F67FB2",
  "timestamp": 1779719705,
  "typeMessage": "locationMessage",
  "chatId": "***",
  "location": {
   "nameLocation": "",
   "address": "",
   "jpegThumbnail": "",
   "latitude": 53.908522,
   "longitude": 27.574821,
   "forwardingScore": 0,
   "isForwarded": false
  },
  "quotedMessage": {
   "stanzaId": "3EB0E5ECABB564B3B5A58D",
   "participant": "1234567890@c.us",
   "typeMessage": "locationMessage",
   "location": {
    "nameLocation": "Victory Square, Minsk",
    "address": "Victory sq.",
    "jpegThumbnail": "",
    "latitude": 53.908522,
    "longitude": 27.574821,
    "forwardingScore": 0,
    "isForwarded": false
   },
   "deletedMessageId": "",
   "editedMessageId": "",
   "isEdited": false,
   "isDeleted": false
  },
  "statusMessage": "sent",
  "sendByApi": "***",
  "deletedMessageId": "",
  "editedMessageId": "",
  "isEdited": false,
  "isDeleted": false
 },
 {
  "type": "outgoing",
  "idMessage": "3EB0E5ECABB564B3B5A58D",
  "timestamp": 1779719704,
  "typeMessage": "locationMessage",
  "chatId": "***",
  "location": {
   "nameLocation": "Victory Square, Minsk",
   "address": "Victory sq.",
   "jpegThumbnail": "",
   "latitude": 53.908522,
   "longitude": 27.574821,
   "forwardingScore": 0,
   "isForwarded": false
  },
  "statusMessage": "sent",
  "sendByApi": "***",
  "deletedMessageId": "",
  "editedMessageId": "",
  "isEdited": false,
  "isDeleted": false
 },
 {
  "type": "outgoing",
  "idMessage": "3EB0520CC68C8061EF9AF5",
  "timestamp": 1779719703,
  "typeMessage": "pollMessage",
  "chatId": "***",
  "pollMessageData": {
   "name": "What's your favorite color??",
   "options": [
    {
     "optionName": "Red"
    },
    {
     "optionName": "Yellow"
    },
    {
     "optionName": "Green"
    }
   ],
   "multipleAnswers": true
  },
  "statusMessage": "sent",
  "sendByApi": "***",
  "deletedMessageId": "",
  "editedMessageId": "",
  "isEdited": false,
  "isDeleted": false
 },
 {
  "type": "outgoing",
  "idMessage": "3EB0A0913CC3E45BEBDD1B",
  "timestamp": 1779719702,
  "typeMessage": "pollMessage",
  "chatId": "***",
  "pollMessageData": {
   "name": "What's your favorite color??",
   "options": [
    {
     "optionName": "Red"
    },
    {
     "optionName": "Yellow"
    },
    {
     "optionName": "Green"
    }
   ],
   "multipleAnswers": false
  },
  "statusMessage": "sent",
  "sendByApi": "***",
  "deletedMessageId": "",
  "editedMessageId": "",
  "isEdited": false,
  "isDeleted": false
 },
 {
  "type": "outgoing",
  "idMessage": "3EB0324757F4FA2897A16A",
  "timestamp": 1779719700,
  "typeMessage": "videoMessage",
  "chatId": "***",
  "downloadUrl": "",
  "caption": "File description",
  "fileName": "",
  "jpegThumbnail": "/9j/2wCEAAEBAQEBAQEBAQEBAQEBAQEBAQEBAQEBAQEBAQEBAQEBAQEBAQEBAQEBAQEBAQEBAQEBAQEBAQEBAQEBAQEBAQEBAQEB...",
  "mimeType": "video/mp4",
  "isAnimated": false,
  "isForwarded": false,
  "forwardingScore": 0,
  "quotedMessage": {
   "stanzaId": "3EB04E59AF6722E4B4BFE9",
   "participant": "1234567890@c.us",
   "typeMessage": "imageMessage",
   "downloadUrl": "",
   "caption": "File description",
   "fileName": "",
   "jpegThumbnail": "",
   "mimeType": "image/jpeg",
   "isAnimated": false,
   "isForwarded": false,
   "forwardingScore": 0,
   "editedMessageId": "",
   "deletedMessageId": "",
   "videoNote": false,
   "isEdited": false,
   "isDeleted": false
  },
  "statusMessage": "sent",
  "sendByApi": "***",
  "editedMessageId": "",
  "deletedMessageId": "",
  "videoNote": false,
  "isEdited": false,
  "isDeleted": false
 },
 {
  "type": "outgoing",
  "idMessage": "3EB08A9A92198ED33DAB20",
  "timestamp": 1779719699,
  "typeMessage": "videoMessage",
  "chatId": "***",
  "downloadUrl": "",
  "caption": "File description",
  "fileName": "",
  "jpegThumbnail": "/9j/2wCEAAEBAQEBAQEBAQEBAQEBAQEBAQEBAQEBAQEBAQEBAQEBAQEBAQEBAQEBAQEBAQEBAQEBAQEBAQEBAQEBAQEBAQEBAQEB...",
  "mimeType": "video/mp4",
  "isAnimated": false,
  "isForwarded": false,
  "forwardingScore": 0,
  "quotedMessage": {
   "stanzaId": "3EB06D8A93CD61B1D2B405",
   "participant": "1234567890@c.us",
   "typeMessage": "imageMessage",
   "downloadUrl": "",
   "caption": "File description",
   "fileName": "",
   "jpegThumbnail": "",
   "mimeType": "image/jpeg",
   "isAnimated": false,
   "isForwarded": false,
   "forwardingScore": 0,
   "editedMessageId": "",
   "deletedMessageId": "",
   "videoNote": false,
   "isEdited": false,
   "isDeleted": false
  },
  "statusMessage": "sent",
  "sendByApi": "***",
  "editedMessageId": "",
  "deletedMessageId": "",
  "videoNote": false,
  "isEdited": false,
  "isDeleted": false
 },
 {
  "type": "outgoing",
  "idMessage": "3EB04E59AF6722E4B4BFE9",
  "timestamp": 1779719699,
  "typeMessage": "imageMessage",
  "chatId": "***",
  "downloadUrl": "https://hut.openintegrations.dev/test_data/picture.jpg",
  "caption": "File description",
  "fileName": "picture.jpg",
  "jpegThumbnail": "",
  "mimeType": "image/jpeg",
  "isAnimated": false,
  "isForwarded": false,
  "forwardingScore": 0,
  "statusMessage": "sent",
  "sendByApi": "***",
  "editedMessageId": "",
  "deletedMessageId": "",
  "videoNote": false,
  "isEdited": false,
  "isDeleted": false
 },
 {
  "type": "outgoing",
  "idMessage": "3EB06D8A93CD61B1D2B405",
  "timestamp": 1779719695,
  "typeMessage": "imageMessage",
  "chatId": "***",
  "downloadUrl": "https://do-mediaout-7105.fra1.digitaloceanspaces.com/7105187566/c75edde8-55d5-4c43-a7eb-6e6f83a872c4...",
  "caption": "File description",
  "fileName": "c75edde8-55d5-4c43-a7eb-6e6f83a872c4.jpg",
  "jpegThumbnail": "",
  "mimeType": "image/jpeg",
  "isAnimated": false,
  "isForwarded": false,
  "forwardingScore": 0,
  "statusMessage": "sent",
  "sendByApi": "***",
  "editedMessageId": "",
  "deletedMessageId": "",
  "videoNote": false,
  "isEdited": false,
  "isDeleted": false
 },
 {
  "type": "outgoing",
  "idMessage": "3EB0DCFBC2F8654441BFCA",
  "timestamp": 1779719691,
  "typeMessage": "quotedMessage",
  "chatId": "***",
  "extendedTextMessage": {
   "text": "New message",
   "stanzaId": "3EB0C4BC7A0C3E38706799",
   "participant": "1234567890@c.us"
  },
  "quotedMessage": {
   "stanzaId": "3EB0C4BC7A0C3E38706799",
   "participant": "1234567890@c.us",
   "typeMessage": "extendedTextMessage",
   "textMessage": "New message",
   "extendedTextMessage": {
    "text": "New message",
    "description": "",
    "title": "",
    "previewType": "None",
    "jpegThumbnail": "",
    "forwardingScore": 0,
    "isForwarded": false
   },
   "editedMessageId": "",
   "deletedMessageId": "",
   "isEdited": false,
   "isDeleted": false
  },
  "statusMessage": "sent",
  "sendByApi": "***",
  "deletedMessageId": "",
  "editedMessageId": "",
  "isEdited": false,
  "isDeleted": false
 },
 {
  "type": "outgoing",
  "idMessage": "3EB0C4BC7A0C3E38706799",
  "timestamp": 1779719690,
  "typeMessage": "extendedTextMessage",
  "chatId": "***",
  "textMessage": "New message text",
  "extendedTextMessage": {
   "text": "New message text",
   "description": "",
   "title": "",
   "previewType": "None",
   "jpegThumbnail": "",
   "forwardingScore": 0,
   "isForwarded": false
  },
  "statusMessage": "sent",
  "sendByApi": "***",
  "deletedMessageId": "3EB0C6384DB97784B09458",
  "editedMessageId": "3EB0809A17198916D7C62E",
  "isEdited": true,
  "isDeleted": true
 },
 {
  "type": "outgoing",
  "idMessage": "3EB0CCBE5FDC82A8607D37",
  "timestamp": 1779718542,
  "typeMessage": "contactMessage",
  "chatId": "***",
  "contact": {
   "displayName": "Велосипед",
   "vcard": "BEGIN:VCARD\nVERSION:3.0\nN:;;;\nFN:Велосипед\nORG:Велосипед\nTEL;type=CELL;type=VOICE;waid=79001234568:+...",
   "forwardingScore": 0,
   "isForwarded": false
  },
  "quotedMessage": {
   "stanzaId": "3EB0920D4DBE4C6FCC424A",
   "participant": "1234567890@c.us",
   "typeMessage": "contactMessage",
   "contact": {
    "displayName": "Артем Евпаторийский Петрович",
    "vcard": "BEGIN:VCARD\nVERSION:3.0\nN:Петрович;Артем;Евпаторийский;\nFN:Артем Евпаторийский Петрович\nORG:Велосипе...",
    "forwardingScore": 0,
    "isForwarded": false
   },
   "deletedMessageId": "",
   "editedMessageId": "",
   "isEdited": false,
   "isDeleted": false
  },
  "statusMessage": "sent",
  "sendByApi": "***",
  "deletedMessageId": "",
  "editedMessageId": "",
  "isEdited": false,
  "isDeleted": false
 },
 {
  "type": "outgoing",
  "idMessage": "3EB0920D4DBE4C6FCC424A",
  "timestamp": 1779718541,
  "typeMessage": "contactMessage",
  "chatId": "***",
  "contact": {
   "displayName": "Артем Евпаторийский Петрович",
   "vcard": "BEGIN:VCARD\nVERSION:3.0\nN:Петрович;Артем;Евпаторийский;\nFN:Артем Евпаторийский Петрович\nORG:Велосипе...",
   "forwardingScore": 0,
   "isForwarded": false
  },
  "statusMessage": "sent",
  "sendByApi": "***",
  "deletedMessageId": "",
  "editedMessageId": "",
  "isEdited": false,
  "isDeleted": false
 },
 {
  "type": "outgoing",
  "idMessage": "3EB040DD6ADE92643EF220",
  "timestamp": 1779718540,
  "typeMessage": "deletedMessage",
  "chatId": "***",
  "deletedMessageData": {
   "stanzaId": "3EB040A0E84B2ECEB610AE"
  },
  "statusMessage": "sent",
  "sendByApi": "***"
 },
 {
  "type": "outgoing",
  "idMessage": "3EB0A6D4B85A5C0577C99D",
  "timestamp": 1779718540,
  "typeMessage": "locationMessage",
  "chatId": "***",
  "location": {
   "nameLocation": "",
   "address": "",
   "jpegThumbnail": "",
   "latitude": 53.908522,
   "longitude": 27.574821,
   "forwardingScore": 0,
   "isForwarded": false
  },
  "quotedMessage": {
   "stanzaId": "3EB099832FE7568A9E4EE1",
   "participant": "1234567890@c.us",
   "typeMessage": "locationMessage",
   "location": {
    "nameLocation": "Площадь Победы, Минск",
    "address": "пл. Победы",
    "jpegThumbnail": "",
    "latitude": 53.908522,
    "longitude": 27.574821,
    "forwardingScore": 0,
    "isForwarded": false
   },
   "deletedMessageId": "",
   "editedMessageId": "",
   "isEdited": false,
   "isDeleted": false
  },
  "statusMessage": "sent",
  "sendByApi": "***",
  "deletedMessageId": "",
  "editedMessageId": "",
  "isEdited": false,
  "isDeleted": false
 },
 {
  "type": "outgoing",
  "idMessage": "3EB011720A76CB9283EAD5",
  "timestamp": 1779718539,
  "typeMessage": "pollMessage",
  "chatId": "***",
  "pollMessageData": {
   "name": "Какой ваш любимый цвет?",
   "options": [
    {
     "optionName": "Красный"
    },
    {
     "optionName": "Желтый"
    },
    {
     "optionName": "Зеленый"
    }
   ],
   "multipleAnswers": true
  },
  "statusMessage": "sent",
  "sendByApi": "***",
  "deletedMessageId": "",
  "editedMessageId": "",
  "isEdited": false,
  "isDeleted": false
 },
 {
  "type": "outgoing",
  "idMessage": "3EB099832FE7568A9E4EE1",
  "timestamp": 1779718539,
  "typeMessage": "locationMessage",
  "chatId": "***",
  "location": {
   "nameLocation": "Площадь Победы, Минск",
   "address": "пл. Победы",
   "jpegThumbnail": "",
   "latitude": 53.908522,
   "longitude": 27.574821,
   "forwardingScore": 0,
   "isForwarded": false
  },
  "statusMessage": "sent",
  "sendByApi": "***",
  "deletedMessageId": "",
  "editedMessageId": "",
  "isEdited": false,
  "isDeleted": false
 },
 {
  "type": "outgoing",
  "idMessage": "3EB02D9D21395587DF5DD7",
  "timestamp": 1779718538,
  "typeMessage": "pollMessage",
  "chatId": "***",
  "pollMessageData": {
   "name": "Какой ваш любимый цвет?",
   "options": [
    {
     "optionName": "Красный"
    },
    {
     "optionName": "Желтый"
    },
    {
     "optionName": "Зеленый"
    }
   ],
   "multipleAnswers": false
  },
  "statusMessage": "sent",
  "sendByApi": "***",
  "deletedMessageId": "",
  "editedMessageId": "",
  "isEdited": false,
  "isDeleted": false
 },
 {
  "type": "outgoing",
  "idMessage": "3EB0551E30CDD008520A2D",
  "timestamp": 1779718537,
  "typeMessage": "videoMessage",
  "chatId": "***",
  "downloadUrl": "",
  "caption": "Описание файла",
  "fileName": "",
  "jpegThumbnail": "/9j/2wCEAAEBAQEBAQEBAQEBAQEBAQEBAQEBAQEBAQEBAQEBAQEBAQEBAQEBAQEBAQEBAQEBAQEBAQEBAQEBAQEBAQEBAQEBAQEB...",
  "mimeType": "video/mp4",
  "isAnimated": false,
  "isForwarded": false,
  "forwardingScore": 0,
  "quotedMessage": {
   "stanzaId": "3EB0619B6D7278DB173394",
   "participant": "1234567890@c.us",
   "typeMessage": "imageMessage",
   "downloadUrl": "",
   "caption": "Описание файла",
   "fileName": "",
   "jpegThumbnail": "",
   "mimeType": "image/jpeg",
   "isAnimated": false,
   "isForwarded": false,
   "forwardingScore": 0,
   "editedMessageId": "",
   "deletedMessageId": "",
   "videoNote": false,
   "isEdited": false,
   "isDeleted": false
  },
  "statusMessage": "sent",
  "sendByApi": "***",
  "editedMessageId": "",
  "deletedMessageId": "",
  "videoNote": false,
  "isEdited": false,
  "isDeleted": false
 },
 {
  "type": "outgoing",
  "idMessage": "3EB0619B6D7278DB173394",
  "timestamp": 1779718536,
  "typeMessage": "imageMessage",
  "chatId": "***",
  "downloadUrl": "https://hut.openintegrations.dev/test_data/picture.jpg",
  "caption": "Описание файла",
  "fileName": "picture.jpg",
  "jpegThumbnail": "",
  "mimeType": "image/jpeg",
  "isAnimated": false,
  "isForwarded": false,
  "forwardingScore": 0,
  "statusMessage": "sent",
  "sendByApi": "***",
  "editedMessageId": "",
  "deletedMessageId": "",
  "videoNote": false,
  "isEdited": false,
  "isDeleted": false
 },
 {
  "type": "outgoing",
  "idMessage": "3EB078775C42CDD75CF743",
  "timestamp": 1779718535,
  "typeMessage": "videoMessage",
  "chatId": "***",
  "downloadUrl": "",
  "caption": "Описание файла",
  "fileName": "",
  "jpegThumbnail": "/9j/2wCEAAEBAQEBAQEBAQEBAQEBAQEBAQEBAQEBAQEBAQEBAQEBAQEBAQEBAQEBAQEBAQEBAQEBAQEBAQEBAQEBAQEBAQEBAQEB...",
  "mimeType": "video/mp4",
  "isAnimated": false,
  "isForwarded": false,
  "forwardingScore": 0,
  "quotedMessage": {
   "stanzaId": "3EB0F6F7707B26A7EC3CCC",
   "participant": "1234567890@c.us",
   "typeMessage": "imageMessage",
   "downloadUrl": "",
   "caption": "Описание файла",
   "fileName": "",
   "jpegThumbnail": "",
   "mimeType": "image/jpeg",
   "isAnimated": false,
   "isForwarded": false,
   "forwardingScore": 0,
   "editedMessageId": "",
   "deletedMessageId": "",
   "videoNote": false,
   "isEdited": false,
   "isDeleted": false
  },
  "statusMessage": "sent",
  "sendByApi": "***",
  "editedMessageId": "",
  "deletedMessageId": "",
  "videoNote": false,
  "isEdited": false,
  "isDeleted": false
 },
 {
  "type": "outgoing",
  "idMessage": "3EB0F6F7707B26A7EC3CCC",
  "timestamp": 1779718533,
  "typeMessage": "imageMessage",
  "chatId": "***",
  "downloadUrl": "https://do-mediaout-7105.fra1.digitaloceanspaces.com/7105187566/3a0b14f5-69e2-427d-a4bb-92ed28506785...",
  "caption": "Описание файла",
  "fileName": "3a0b14f5-69e2-427d-a4bb-92ed28506785.jpg",
  "jpegThumbnail": "",
  "mimeType": "image/jpeg",
  "isAnimated": false,
  "isForwarded": false,
  "forwardingScore": 0,
  "statusMessage": "sent",
  "sendByApi": "***",
  "editedMessageId": "",
  "deletedMessageId": "",
  "videoNote": false,
  "isEdited": false,
  "isDeleted": false
 },
 {
  "type": "outgoing",
  "idMessage": "3EB0450E2F1306F7140ECE",
  "timestamp": 1779718529,
  "typeMessage": "quotedMessage",
  "chatId": "***",
  "extendedTextMessage": {
   "text": "Новое сообщение",
   "stanzaId": "3EB040A0E84B2ECEB610AE",
   "participant": "1234567890@c.us"
  },
  "quotedMessage": {
   "stanzaId": "3EB040A0E84B2ECEB610AE",
   "participant": "1234567890@c.us",
   "typeMessage": "extendedTextMessage",
   "textMessage": "Новое сообщение",
   "extendedTextMessage": {
    "text": "Новое сообщение",
    "description": "",
    "title": "",
    "previewType": "None",
    "jpegThumbnail": "",
    "forwardingScore": 0,
    "isForwarded": false
   },
   "editedMessageId": "",
   "deletedMessageId": "",
   "isEdited": false,
   "isDeleted": false
  },
  "statusMessage": "sent",
  "sendByApi": "***",
  "deletedMessageId": "",
  "editedMessageId": "",
  "isEdited": false,
  "isDeleted": false
 },
 {
  "type": "outgoing",
  "idMessage": "3EB040A0E84B2ECEB610AE",
  "timestamp": 1779718528,
  "typeMessage": "extendedTextMessage",
  "chatId": "***",
  "textMessage": "Новое сообщение",
  "extendedTextMessage": {
   "text": "Новое сообщение",
   "description": "",
   "title": "",
   "previewType": "None",
   "jpegThumbnail": "",
   "forwardingScore": 0,
   "isForwarded": false
  },
  "statusMessage": "sent",
  "sendByApi": "***",
  "deletedMessageId": "3EB040DD6ADE92643EF220",
  "editedMessageId": "",
  "isEdited": false,
  "isDeleted": true
 },
 {
  "type": "outgoing",
  "idMessage": "3EB0F7B85EFDCAA292828E",
  "timestamp": 1779718498,
  "typeMessage": "pollMessage",
  "chatId": "***",
  "pollMessageData": {
   "name": "Какой ваш любимый цвет?",
   "options": [
    {
     "optionName": "Красный"
    },
    {
     "optionName": "Желтый"
    },
    {
     "optionName": "Зеленый"
    }
   ],
   "multipleAnswers": false
  },
  "statusMessage": "sent",
  "sendByApi": "***",
  "deletedMessageId": "",
  "editedMessageId": "",
  "isEdited": false,
  "isDeleted": false
 },
 {
  "type": "outgoing",
  "idMessage": "3EB02C4DE9A493B15A6E05",
  "timestamp": 1779718497,
  "typeMessage": "videoMessage",
  "chatId": "***",
  "downloadUrl": "",
  "caption": "Описание файла",
  "fileName": "",
  "jpegThumbnail": "/9j/2wCEAAEBAQEBAQEBAQEBAQEBAQEBAQEBAQEBAQEBAQEBAQEBAQEBAQEBAQEBAQEBAQEBAQEBAQEBAQEBAQEBAQEBAQEBAQEB...",
  "mimeType": "video/mp4",
  "isAnimated": false,
  "isForwarded": false,
  "forwardingScore": 0,
  "quotedMessage": {
   "stanzaId": "3EB0B869958D11245146FA",
   "participant": "1234567890@c.us",
   "typeMessage": "imageMessage",
   "downloadUrl": "",
   "caption": "Описание файла",
   "fileName": "",
   "jpegThumbnail": "",
   "mimeType": "image/jpeg",
   "isAnimated": false,
   "isForwarded": false,
   "forwardingScore": 0,
   "editedMessageId": "",
   "deletedMessageId": "",
   "videoNote": false,
   "isEdited": false,
   "isDeleted": false
  },
  "statusMessage": "sent",
  "sendByApi": "***",
  "editedMessageId": "",
  "deletedMessageId": "",
  "videoNote": false,
  "isEdited": false,
  "isDeleted": false
 },
 {
  "type": "outgoing",
  "idMessage": "3EB07652B6D7BF42BE9D0B",
  "timestamp": 1779718494,
  "typeMessage": "deletedMessage",
  "chatId": "***",
  "deletedMessageData": {
   "stanzaId": "3EB03735669399159EA613"
  },
  "statusMessage": "sent",
  "sendByApi": "***"
 },
 {
  "type": "outgoing",
  "idMessage": "3EB0B869958D11245146FA",
  "timestamp": 1779718492,
  "typeMessage": "imageMessage",
  "chatId": "***",
  "downloadUrl": "https://hut.openintegrations.dev/test_data/picture.jpg",
  "caption": "Описание файла",
  "fileName": "picture.jpg",
  "jpegThumbnail": "",
  "mimeType": "image/jpeg",
  "isAnimated": false,
  "isForwarded": false,
  "forwardingScore": 0,
  "statusMessage": "sent",
  "sendByApi": "***",
  "editedMessageId": "",
  "deletedMessageId": "",
  "videoNote": false,
  "isEdited": false,
  "isDeleted": false
 },
 {
  "type": "outgoing",
  "idMessage": "3EB0BEFBDA69ECE0C6C482",
  "timestamp": 1779718488,
  "typeMessage": "videoMessage",
  "chatId": "***",
  "downloadUrl": "",
  "caption": "Описание файла",
  "fileName": "",
  "jpegThumbnail": "/9j/2wCEAAEBAQEBAQEBAQEBAQEBAQEBAQEBAQEBAQEBAQEBAQEBAQEBAQEBAQEBAQEBAQEBAQEBAQEBAQEBAQEBAQEBAQEBAQEB...",
  "mimeType": "video/mp4",
  "isAnimated": false,
  "isForwarded": false,
  "forwardingScore": 0,
  "quotedMessage": {
   "stanzaId": "3EB07702E254C4D85D85D2",
   "participant": "1234567890@c.us",
   "typeMessage": "imageMessage",
   "downloadUrl": "",
   "caption": "Описание файла",
   "fileName": "",
   "jpegThumbnail": "",
   "mimeType": "image/jpeg",
   "isAnimated": false,
   "isForwarded": false,
   "forwardingScore": 0,
   "editedMessageId": "",
   "deletedMessageId": "",
   "videoNote": false,
   "isEdited": false,
   "isDeleted": false
  },
  "statusMessage": "sent",
  "sendByApi": "***",
  "editedMessageId": "",
  "deletedMessageId": "",
  "videoNote": false,
  "isEdited": false,
  "isDeleted": false
 },
 {
  "type": "outgoing",
  "idMessage": "3EB07702E254C4D85D85D2",
  "timestamp": 1779718486,
  "typeMessage": "imageMessage",
  "chatId": "***",
  "downloadUrl": "https://do-mediaout-7105.fra1.digitaloceanspaces.com/7105187566/910ed117-f7b5-408c-8cc7-96c9a7f5a419...",
  "caption": "Описание файла",
  "fileName": "910ed117-f7b5-408c-8cc7-96c9a7f5a419.jpg",
  "jpegThumbnail": "",
  "mimeType": "image/jpeg",
  "isAnimated": false,
  "isForwarded": false,
  "forwardingScore": 0,
  "statusMessage": "sent",
  "sendByApi": "***",
  "editedMessageId": "",
  "deletedMessageId": "",
  "videoNote": false,
  "isEdited": false,
  "isDeleted": false
 },
 {
  "type": "outgoing",
  "idMessage": "3EB0831F8FC76909FE95E8",
  "timestamp": 1779718482,
  "typeMessage": "quotedMessage",
  "chatId": "***",
  "extendedTextMessage": {
   "text": "Новое сообщение",
   "stanzaId": "3EB03735669399159EA613",
   "participant": "1234567890@c.us"
  },
  "quotedMessage": {
   "stanzaId": "3EB03735669399159EA613",
   "participant": "1234567890@c.us",
   "typeMessage": "extendedTextMessage",
   "textMessage": "Новое сообщение",
   "extendedTextMessage": {
    "text": "Новое сообщение",
    "description": "",
    "title": "",
    "previewType": "None",
    "jpegThumbnail": "",
    "forwardingScore": 0,
    "isForwarded": false
   },
   "editedMessageId": "",
   "deletedMessageId": "",
   "isEdited": false,
   "isDeleted": false
  },
  "statusMessage": "sent",
  "sendByApi": "***",
  "deletedMessageId": "",
  "editedMessageId": "",
  "isEdited": false,
  "isDeleted": false
 },
 {
  "type": "outgoing",
  "idMessage": "3EB03735669399159EA613",
  "timestamp": 1779718481,
  "typeMessage": "extendedTextMessage",
  "chatId": "***",
  "textMessage": "Новое сообщение",
  "extendedTextMessage": {
   "text": "Новое сообщение",
   "description": "",
   "title": "",
   "previewType": "None",
   "jpegThumbnail": "",
   "forwardingScore": 0,
   "isForwarded": false
  },
  "statusMessage": "sent",
  "sendByApi": "***",
  "deletedMessageId": "3EB07652B6D7BF42BE9D0B",
  "editedMessageId": "",
  "isEdited": false,
  "isDeleted": true
 }
]
