[
 {
  "messageID": "1774121324125",
  "type": "sendFileByUrl",
  "body": {
   "chatId": "***",
   "urlFile": "https://hut.openintegrations.dev/test_data/picture.jpg",
   "fileName": "photo.jpg",
   "typingTime": null,
   "typingType": "text"
  }
 },
 {
  "messageID": "1774121324206",
  "type": "sendFileByUrl",
  "body": {
   "chatId": "***",
   "urlFile": "https://hut.openintegrations.dev/test_data/video.mp4",
   "fileName": "vid.mp4",
   "caption": "Описание файла",
   "typingTime": 1000,
   "typingType": "file"
  }
 }
]
