[
 {
  "type": "outgoing",
  "idMessage": "115440372143232131",
  "timestamp": 1761480287,
  "typeMessage": "textMessage",
  "chatId": "***",
  "textMessage": "Тест 5",
  "statusMessage": "delivered",
  "sendByApi": "***",
  "deletedMessageId": "",
  "editedMessageId": "",
  "isEdited": false,
  "isDeleted": false
 },
 {
  "type": "outgoing",
  "idMessage": "115440372011000418",
  "timestamp": 1761480285,
  "typeMessage": "textMessage",
  "chatId": "***",
  "textMessage": "Тест 4",
  "statusMessage": "delivered",
  "sendByApi": "***",
  "deletedMessageId": "",
  "editedMessageId": "",
  "isEdited": false,
  "isDeleted": false
 },
 {
  "type": "outgoing",
  "idMessage": "115440371862485754",
  "timestamp": 1761480283,
  "typeMessage": "textMessage",
  "chatId": "***",
  "textMessage": "Тест 3",
  "statusMessage": "delivered",
  "sendByApi": "***",
  "deletedMessageId": "",
  "editedMessageId": "",
  "isEdited": false,
  "isDeleted": false
 }
]
