[
 {
  "type": "outgoing",
  "idMessage": "1780599927392",
  "timestamp": 1780599929,
  "typeMessage": "videoMessage",
  "chatId": "***",
  "downloadUrl": "https://mediaout-3100.storage.yandexcloud.net/3100309139/450d69cf-0536-4a5d-b5bd-62233e5c7994.mp4",
  "caption": "Описание файла",
  "fileName": "vid.mp4",
  "jpegThumbnail": "UklGRgIBAABXRUJQVlA4IPYAAADQCACdASoyACYAP3GqxVm0raevqrv9+pAuCUAZ1gGliBxqO0qzotW3ldLyKD9F5oQCfx1Splps...",
  "mimeType": "video/mp4",
  "isAnimated": false,
  "isForwarded": false,
  "forwardingScore": 0,
  "statusMessage": "delivered",
  "sendByApi": "***",
  "editedMessageId": "",
  "deletedMessageId": "",
  "videoNote": false,
  "isEdited": false,
  "isDeleted": false
 },
 {
  "type": "outgoing",
  "idMessage": "1780599925617",
  "timestamp": 1780599926,
  "typeMessage": "imageMessage",
  "chatId": "***",
  "downloadUrl": "https://mediaout-3100.storage.yandexcloud.net/3100309139/dd8f547e-b758-4d08-a613-5021b25ddb14.jpg",
  "caption": "Описание файла",
  "fileName": "photo.jpg",
  "jpegThumbnail": "UklGRiIBAABXRUJQVlA4IBYBAADQCACdASoyACYAP3Guy2E0rKglqBVZypAuCUAZXgDDgZvlC9W+/2dNt9X9heotrVGtU5fk+sPA...",
  "mimeType": "image/jpeg",
  "isAnimated": false,
  "isForwarded": false,
  "forwardingScore": 0,
  "statusMessage": "delivered",
  "sendByApi": "***",
  "editedMessageId": "",
  "deletedMessageId": "",
  "videoNote": false,
  "isEdited": false,
  "isDeleted": false
 },
 {
  "type": "outgoing",
  "idMessage": "1780599921692",
  "timestamp": 1780599923,
  "typeMessage": "extendedTextMessage",
  "chatId": "***",
  "textMessage": "Текст сообщения",
  "extendedTextMessage": {
   "text": "Текст сообщения",
   "description": "",
   "title": "",
   "previewType": "None",
   "jpegThumbnail": "",
   "forwardingScore": 0,
   "isForwarded": false
  },
  "statusMessage": "delivered",
  "sendByApi": "***",
  "deletedMessageId": "",
  "editedMessageId": "",
  "isEdited": false,
  "isDeleted": false
 }
]
