{
 "chatId": "***",
 "type": "group",
 "owner": "39888725",
 "subject": "Новая группа",
 "description": "",
 "creation": 1782762477,
 "groupInviteLink": "***",
 "allowParticipantsAddMembers": true,
 "allowParticipantsEditGroupSettings": true,
 "allowParticipantsPinMessages": true,
 "allowParticipantsCopyMessages": true,
 "allowParticipantsChangeAvatar": true,
 "allowParticipantsCall": true,
 "isOfficial": false,
 "isCommentsEnabled": false,
 "urlAvatar": "",
 "size": 1,
 "participants": [
  {
   "chatId": "***",
   "isAdmin": true,
   "isSuperAdmin": true
  }
 ]
}
