{
 "receiptId": 1,
 "body": {
  "typeWebhook": "outgoingAPIMessageReceived",
  "instanceData": {
   "idInstance": "***",
   "wid": "***",
   "typeInstance": "v3"
  },
  "timestamp": 1780690947,
  "idMessage": "1780690947032",
  "senderData": {
   "chatId": "***",
   "chatName": "***",
   "sender": "***",
   "senderName": "***",
   "senderContactName": "***",
   "senderPhoneNumber": "***"
  },
  "messageData": {
   "typeMessage": "imageMessage",
   "fileMessageData": {
    "downloadUrl": "https://mediaout-3100.storage.yandexcloud.net/3100309139/d021ad39-391e-45a1-be41-79e5bbcbbac5.jpg",
    "caption": "Описание файла",
    "fileName": "photo.jpg",
    "jpegThumbnail": "UklGRiIBAABXRUJQVlA4IBYBAADQCACdASoyACYAP3Guy2E0rKglqBVZypAuCUAZXgDDgZvlC9W+/2dNt9X9heotrVGtU5fk+sPA...",
    "isAnimated": false,
    "mimeType": "image/jpeg",
    "forwardingScore": 0,
    "isForwarded": false
   }
  }
 }
}
