    {
 ".tag": "complete",
 "access_type": {
  ".tag": "owner"
 },
 "is_inside_team_folder": false,
 "is_team_folder": false,
 "path_display": "/New",
 "path_lower": "/new",
 "name": "New",
 "policy": {
  "acl_update_policy": {
   ".tag": "editors"
  },
  "shared_link_policy": {
   ".tag": "anyone"
  },
  "viewer_info_policy": {
   ".tag": "enabled"
  }
 },
 "preview_url": "https://www.dropbox.com/scl/fo/0pkzc06saytw4oa88117f/h?dl=0",
 "shared_folder_id": "5008122769",
 "time_invited": "2024-05-30T07:41:47Z",
 "access_inheritance": {
  ".tag": "inherit"
 },
 "folder_id": "id:kJU6-a-pT48AAAAAAAABQg"
}
