{
 "result": {
  "task": {
   "id": "7942",
   "title": "Another task title",
   "description": "Another task description",
   "descriptionInBbcode": "Y",
   "declineReason": "",
   "priority": "1",
   "notViewed": "N",
   "statusComplete": "2",
   "multitask": "N",
   "stageId": "0",
   "responsibleId": "2644",
   "responsibleName": "Олег",
   "responsibleLastName": "Лама",
   "responsibleSecondName": null,
   "responsibleLogin": "8329cdba-2e77-441f-beae-9b742cb891d6@exepmple.org",
   "responsibleWorkPosition": null,
   "responsiblePhoto": null,
   "dateStart": null,
   "durationFact": null,
   "timeEstimate": "0",
   "timeSpentInLogs": null,
   "replicate": "N",
   "deadline": "2025-09-16T18:06:00+03:00",
   "deadlineOrig": "16.09.2025 18:06:00",
   "startDatePlan": "2025-09-15T15:07:03+03:00",
   "endDatePlan": "2025-09-16T00:00:00+03:00",
   "createdBy": "1",
   "createdByName": "Антон",
   "createdByLastName": "Титовец",
   "createdBySecondName": null,
   "createdByLogin": "VKuser657846756",
   "createdByWorkPosition": null,
   "createdByPhoto": "30",
   "createdDate": "2025-09-15T15:07:03+03:00",
   "changedBy": "1",
   "changedDate": "2025-09-15T15:07:52+03:00",
   "statusChangedBy": "1",
   "closedBy": "1",
   "closedDate": "2025-09-15T15:07:52+03:00",
   "activityDate": "2025-09-15T15:07:53+03:00",
   "guid": "{85ed3342-13cd-4717-96ad-6b9bf61ec113}",
   "xmlId": null,
   "mark": null,
   "allowChangeDeadline": "N",
   "allowTimeTracking": "N",
   "matchWorkTime": "N",
   "taskControl": "N",
   "addInReport": "N",
   "forumTopicId": "5164",
   "parentId": null,
   "commentsCount": "2",
   "serviceCommentsCount": "2",
   "forumId": "11",
   "siteId": "s1",
   "subordinate": "Y",
   "exchangeModified": null,
   "exchangeId": null,
   "outlookVersion": "6",
   "viewedDate": "2025-09-15T15:07:53+03:00",
   "deadlineCounted": "0",
   "forkedByTemplateId": null,
   "sorting": null,
   "durationPlanSeconds": null,
   "durationTypeAll": "days",
   "scenarioName": [
    "default"
   ],
   "isRegular": "N",
   "flowId": null,
   "isMuted": "N",
   "isPinned": "N",
   "isPinnedInGroup": "N",
   "ufCrmTask": false,
   "ufTaskWebdavFiles": false,
   "ufMailMessage": null,
   "status": "5",
   "statusChangedDate": "2025-09-15T15:07:52+03:00",
   "durationPlan": null,
   "durationType": "days",
   "favorite": "N",
   "groupId": "0",
   "auditors": [],
   "accomplices": [],
   "tags": [],
   "checklist": [],
   "files": [],
   "dependsOn": [],
   "group": [],
   "creator": {
    "id": "1",
    "name": "Антон Титовец",
    "link": "/company/personal/user/1/",
    "icon": "https://b24-ar17wx.bitrix24.by/b28528874/resize_cache/30/c0120a8d7c10d63c83e32398d1ec4d9e/main/d7e/d7e99cf556e4ab676463dae2c00ddfbb/a7e0af6899300e3c684caeca5c334d81.jpg",
    "workPosition": null
   },
   "responsible": {
    "id": "2644",
    "name": "Олег Лама",
    "link": "/company/personal/user/2644/",
    "icon": "/bitrix/images/tasks/default_avatar.png",
    "workPosition": null
   },
   "accomplicesData": [],
   "auditorsData": [],
   "newCommentsCount": 0,
   "action": {
    "accept": false,
    "decline": false,
    "complete": false,
    "approve": false,
    "disapprove": false,
    "start": false,
    "pause": false,
    "delegate": false,
    "remove": true,
    "edit": true,
    "defer": false,
    "renew": true,
    "create": true,
    "changeDeadline": true,
    "checklistAddItems": true,
    "addFavorite": true,
    "deleteFavorite": false,
    "rate": true,
    "take": false,
    "edit.originator": false,
    "checklist.reorder": true,
    "elapsedtime.add": true,
    "dayplan.timer.toggle": false,
    "edit.plan": true,
    "checklist.add": true,
    "favorite.add": true,
    "favorite.delete": false
   },
   "checkListTree": {
    "nodeId": 0,
    "fields": {
     "id": null,
     "copiedId": null,
     "entityId": null,
     "userId": 1,
     "createdBy": null,
     "parentId": null,
     "title": "",
     "sortIndex": null,
     "displaySortIndex": "",
     "isComplete": false,
     "isImportant": false,
     "completedCount": 0,
     "members": [],
     "attachments": [],
     "nodeId": null
    },
    "action": [],
    "descendants": []
   },
   "checkListCanAdd": true
  }
 },
 "time": {
  "start": 1757938082.75634,
  "finish": 1757938082.82201,
  "duration": 0.0656619071960449,
  "processing": 0.0385019779205322,
  "date_start": "2025-09-15T15:08:02+03:00",
  "date_finish": "2025-09-15T15:08:02+03:00",
  "operating_reset_at": 1757938682,
  "operating": 0
 }
}
