 {
 "result": {
  "allowedActions": {
   "1": {
    "ACCEPT": false,
    "DECLINE": false,
    "COMPLETE": true,
    "APPROVE": false,
    "DISAPPROVE": false,
    "START": true,
    "PAUSE": false,
    "DELEGATE": true,
    "REMOVE": true,
    "EDIT": true,
    "DEFER": true,
    "RENEW": false,
    "CREATE": true,
    "CHANGE_DEADLINE": true,
    "CHECKLIST_ADD_ITEMS": true,
    "ADD_FAVORITE": true,
    "DELETE_FAVORITE": false,
    "RATE": true,
    "EDIT.ORIGINATOR": false,
    "CHECKLIST.REORDER": true,
    "ELAPSEDTIME.ADD": true,
    "DAYPLAN.TIMER.TOGGLE": false,
    "EDIT.PLAN": true,
    "CHECKLIST.ADD": true,
    "FAVORITE.ADD": true,
    "FAVORITE.DELETE": false
   },
   "10": {
    "ACCEPT": false,
    "DECLINE": false,
    "COMPLETE": false,
    "APPROVE": false,
    "DISAPPROVE": false,
    "START": false,
    "PAUSE": false,
    "DELEGATE": false,
    "REMOVE": false,
    "EDIT": false,
    "DEFER": false,
    "RENEW": false,
    "CREATE": true,
    "CHANGE_DEADLINE": false,
    "CHECKLIST_ADD_ITEMS": false,
    "ADD_FAVORITE": false,
    "DELETE_FAVORITE": false,
    "RATE": false,
    "EDIT.ORIGINATOR": false,
    "CHECKLIST.REORDER": false,
    "ELAPSEDTIME.ADD": false,
    "DAYPLAN.TIMER.TOGGLE": false,
    "EDIT.PLAN": false,
    "CHECKLIST.ADD": false,
    "FAVORITE.ADD": false,
    "FAVORITE.DELETE": false
   }
  }
 },
 "time": {
  "start": 1728140728.23946,
  "finish": 1728140728.43301,
  "duration": 0.193551063537598,
  "processing": 0.167046070098877,
  "date_start": "2024-10-05T18:05:28+03:00",
  "date_finish": "2024-10-05T18:05:28+03:00",
  "operating_reset_at": 1728141328,
  "operating": 0.166975021362305
 }
}
