{
 "result": {
  "allowedActions": {
   "1": {
    "ACCEPT": false,
    "DECLINE": false,
    "COMPLETE": true,
    "APPROVE": false,
    "DISAPPROVE": false,
    "START": true,
    "PAUSE": false,
    "DELEGATE": true,
    "REMOVE": true,
    "EDIT": true,
    "DEFER": true,
    "RENEW": false,
    "CREATE": true,
    "CHANGE_DEADLINE": true,
    "CHECKLIST_ADD_ITEMS": true,
    "ADD_FAVORITE": true,
    "DELETE_FAVORITE": false,
    "RATE": true,
    "TAKE": false,
    "EDIT.ORIGINATOR": "***",
    "CHECKLIST.REORDER": true,
    "ELAPSEDTIME.ADD": true,
    "DAYPLAN.TIMER.TOGGLE": false,
    "EDIT.PLAN": true,
    "CHECKLIST.ADD": true,
    "FAVORITE.ADD": true,
    "FAVORITE.DELETE": false
   },
   "10": {
    "ACCEPT": false,
    "DECLINE": false,
    "COMPLETE": false,
    "APPROVE": false,
    "DISAPPROVE": false,
    "START": false,
    "PAUSE": false,
    "DELEGATE": false,
    "REMOVE": false,
    "EDIT": false,
    "DEFER": false,
    "RENEW": false,
    "CREATE": true,
    "CHANGE_DEADLINE": false,
    "CHECKLIST_ADD_ITEMS": false,
    "ADD_FAVORITE": true,
    "DELETE_FAVORITE": false,
    "RATE": false,
    "TAKE": false,
    "EDIT.ORIGINATOR": "***",
    "CHECKLIST.REORDER": false,
    "ELAPSEDTIME.ADD": false,
    "DAYPLAN.TIMER.TOGGLE": false,
    "EDIT.PLAN": false,
    "CHECKLIST.ADD": false,
    "FAVORITE.ADD": true,
    "FAVORITE.DELETE": false
   }
  }
 },
 "time": {
  "start": 1772753879,
  "finish": 1772753879.93364,
  "duration": 0.933634996414184,
  "processing": 0,
  "date_start": "2026-03-05T23:37:59+00:00",
  "date_finish": "2026-03-05T23:37:59+00:00",
  "operating_reset_at": 1772754479,
  "operating": 0
 }
}
