 {
 "result": {
  "task": {
   "id": "1234",
   "parentId": null,
   "title": "Another task title",
   "description": "Another task description",
   "mark": null,
   "priority": "1",
   "multitask": "N",
   "notViewed": "N",
   "replicate": "N",
   "stageId": "0",
   "createdBy": "1",
   "createdDate": "2024-08-13T17:24:29+00:00",
   "responsibleId": "84",
   "changedBy": "1",
   "changedDate": "2024-08-13T17:24:49+00:00",
   "statusChangedBy": "1",
   "closedBy": "1",
   "closedDate": "2024-08-13T17:24:49+00:00",
   "activityDate": "2024-08-13T17:24:49+00:00",
   "dateStart": null,
   "deadline": "2024-08-14T17:24:00+00:00",
   "startDatePlan": "2024-08-13T17:24:29+00:00",
   "endDatePlan": "2024-08-13T21:00:00+00:00",
   "guid": "{c8d7fea7-b57d-488e-a953-d0c448f5a830}",
   "xmlId": null,
   "commentsCount": "2",
   "serviceCommentsCount": "2",
   "allowChangeDeadline": "N",
   "allowTimeTracking": "N",
   "taskControl": "N",
   "addInReport": "N",
   "forkedByTemplateId": null,
   "timeEstimate": "0",
   "timeSpentInLogs": null,
   "matchWorkTime": "N",
   "forumTopicId": "960",
   "forumId": "11",
   "siteId": "s1",
   "subordinate": "N",
   "exchangeModified": null,
   "exchangeId": null,
   "outlookVersion": "6",
   "viewedDate": "2024-08-13T17:24:50+00:00",
   "sorting": null,
   "durationFact": null,
   "isMuted": "N",
   "isPinned": "N",
   "isPinnedInGroup": "N",
   "flowId": null,
   "descriptionInBbcode": "Y",
   "status": "5",
   "statusChangedDate": "2024-08-13T17:24:49+00:00",
   "durationPlan": null,
   "durationType": "days",
   "favorite": "N",
   "groupId": "0",
   "auditors": [
    "1"
   ],
   "accomplices": [],
   "checklist": [],
   "group": [],
   "creator": {
    "id": "1",
    "name": "Антон Титовец",
    "link": "/company/personal/user/1/",
    "icon": "https://b24-ar17wx.bitrix24.by/b28528874/resize_cache/30/c0120a8d7c10d63c83e32398d1ec4d9e/main/d7e/d7e99cf556e4ab676463dae2c00ddfbb/a7e0af6899300e3c684caeca5c334d81.jpg",
    "workPosition": null
   },
   "responsible": {
    "id": "84",
    "name": "Олег Лама",
    "link": "/company/personal/user/84/",
    "icon": "/bitrix/images/tasks/default_avatar.png",
    "workPosition": null
   },
   "accomplicesData": [],
   "auditorsData": {
    "1": {
     "id": "1",
     "name": "Антон Титовец",
     "link": "/company/personal/user/1/",
     "icon": "https://b24-ar17wx.bitrix24.by/b28528874/resize_cache/30/c0120a8d7c10d63c83e32398d1ec4d9e/main/d7e/d7e99cf556e4ab676463dae2c00ddfbb/a7e0af6899300e3c684caeca5c334d81.jpg",
     "workPosition": null
    }
   },
   "newCommentsCount": 0,
   "action": {
    "accept": false,
    "decline": false,
    "complete": false,
    "approve": false,
    "disapprove": false,
    "start": false,
    "pause": false,
    "delegate": false,
    "remove": true,
    "edit": true,
    "defer": false,
    "renew": true,
    "create": true,
    "changeDeadline": true,
    "checklistAddItems": true,
    "addFavorite": true,
    "deleteFavorite": false,
    "rate": true,
    "edit.originator": false,
    "checklist.reorder": true,
    "elapsedtime.add": true,
    "dayplan.timer.toggle": false,
    "edit.plan": true,
    "checklist.add": true,
    "favorite.add": true,
    "favorite.delete": false
   },
   "checkListTree": {
    "nodeId": 0,
    "fields": {
     "id": null,
     "copiedId": null,
     "entityId": null,
     "userId": 1,
     "createdBy": null,
     "parentId": null,
     "title": "",
     "sortIndex": null,
     "displaySortIndex": "",
     "isComplete": false,
     "isImportant": false,
     "completedCount": 0,
     "members": [],
     "attachments": []
    },
    "action": [],
    "descendants": []
   },
   "checkListCanAdd": true
  }
 },
 "time": {
  "start": 1723569889.7728,
  "finish": 1723569890.1283,
  "duration": 0.355509996414185,
  "processing": 0.332788944244385,
  "date_start": "2024-08-13T17:24:49+00:00",
  "date_finish": "2024-08-13T17:24:50+00:00",
  "operating_reset_at": 1723570489,
  "operating": 0.332767009735107
 }
}
