 {
 "result": {
  "id": 866,
  "taskId": 2390,
  "commentId": 5924,
  "createdBy": 1,
  "createdAt": "2024-10-08T21:37:33+03:00",
  "updatedAt": "2024-10-08T21:37:33+03:00",
  "status": 0,
  "text": "The task has been changed, let's split up",
  "formattedText": "The task has been changed, let's split up",
  "files": null
 },
 "time": {
  "start": 1728412653.7435,
  "finish": 1728412653.805,
  "duration": 0.0615060329437256,
  "processing": 0.0336220264434814,
  "date_start": "2024-10-08T21:37:33+03:00",
  "date_finish": "2024-10-08T21:37:33+03:00",
  "operating_reset_at": 1728413253,
  "operating": 0
 }
}
