 {
 "result": {
  "id": 864,
  "taskId": 2390,
  "commentId": 5922,
  "createdBy": 1,
  "createdAt": "2024-10-08T21:37:32+03:00",
  "updatedAt": "2024-10-08T21:37:32+03:00",
  "status": 0,
  "text": "The task has been changed, do not split up",
  "formattedText": "The task has been changed, do not split up",
  "files": null
 },
 "time": {
  "start": 1728412653.61804,
  "finish": 1728412653.68979,
  "duration": 0.071749210357666,
  "processing": 0.0372669696807861,
  "date_start": "2024-10-08T21:37:33+03:00",
  "date_finish": "2024-10-08T21:37:33+03:00",
  "operating_reset_at": 1728413253,
  "operating": 0
 }
}
