{
 "result": {
  "ID": 59920,
  "NAME": "New subfolder",
  "CODE": null,
  "STORAGE_ID": "3",
  "TYPE": "folder",
  "REAL_OBJECT_ID": 59920,
  "PARENT_ID": "59916",
  "DELETED_TYPE": 0,
  "CREATE_TIME": "2026-06-15T17:33:58+03:00",
  "UPDATE_TIME": "2026-06-15T17:33:58+03:00",
  "DELETE_TIME": null,
  "CREATED_BY": "1",
  "UPDATED_BY": "1",
  "DELETED_BY": null,
  "DETAIL_URL": "https://b24-ar17wx.bitrix24.by/docs/path/New catalog/New subfolder"
 },
 "time": {
  "start": 1781534038,
  "finish": 1781534038.70514,
  "duration": 0.705142974853516,
  "processing": 0,
  "date_start": "2026-06-15T17:33:58+03:00",
  "date_finish": "2026-06-15T17:33:58+03:00",
  "operating_reset_at": 1781534638,
  "operating": 0
 }
}
