 {
 "result": {
  "task": {
   "id": "2396",
   "parentId": null,
   "title": "Another task title",
   "description": "Another task description",
   "mark": null,
   "priority": "1",
   "multitask": "N",
   "notViewed": "N",
   "replicate": "N",
   "stageId": "0",
   "createdBy": "1",
   "createdDate": "2024-10-09T09:19:28+03:00",
   "responsibleId": "602",
   "changedBy": "1",
   "changedDate": "2024-10-09T09:19:37+03:00",
   "statusChangedBy": null,
   "closedBy": null,
   "closedDate": null,
   "activityDate": "2024-10-09T09:19:37+03:00",
   "dateStart": null,
   "deadline": "2024-10-10T12:19:00+03:00",
   "startDatePlan": "2024-10-09T09:19:28+03:00",
   "endDatePlan": "2024-10-10T00:00:00+03:00",
   "guid": "{7018f1b2-4135-4660-9a8a-5e4076de83b9}",
   "xmlId": null,
   "commentsCount": "1",
   "serviceCommentsCount": "1",
   "allowChangeDeadline": "N",
   "allowTimeTracking": "N",
   "taskControl": "N",
   "addInReport": "N",
   "forkedByTemplateId": null,
   "timeEstimate": "0",
   "timeSpentInLogs": null,
   "matchWorkTime": "N",
   "forumTopicId": "1662",
   "forumId": "11",
   "siteId": "s1",
   "subordinate": "N",
   "exchangeModified": null,
   "exchangeId": null,
   "outlookVersion": "4",
   "viewedDate": "2024-10-09T09:19:37+03:00",
   "sorting": null,
   "durationFact": null,
   "isMuted": "N",
   "isPinned": "N",
   "isPinnedInGroup": "N",
   "flowId": null,
   "descriptionInBbcode": "Y",
   "status": "2",
   "statusChangedDate": "2024-10-09T09:19:37+03:00",
   "durationPlan": null,
   "durationType": "days",
   "favorite": "N",
   "groupId": "0",
   "auditors": [],
   "accomplices": [],
   "checklist": [],
   "group": [],
   "creator": {
    "id": "1",
    "name": "Антон Титовец",
    "link": "/company/personal/user/1/",
    "icon": "https://b24-ar17wx.bitrix24.by/b28528874/resize_cache/30/c0120a8d7c10d63c83e32398d1ec4d9e/main/d7e/d7e99cf556e4ab676463dae2c00ddfbb/a7e0af6899300e3c684caeca5c334d81.jpg",
    "workPosition": null
   },
   "responsible": {
    "id": "602",
    "name": "Oleg Lama",
    "link": "/company/personal/user/602/",
    "icon": "/bitrix/images/tasks/default_avatar.png",
    "workPosition": null
   },
   "accomplicesData": [],
   "auditorsData": [],
   "newCommentsCount": 0,
   "action": {
    "accept": false,
    "decline": false,
    "complete": true,
    "approve": false,
    "disapprove": false,
    "start": true,
    "pause": false,
    "delegate": true,
    "remove": true,
    "edit": true,
    "defer": true,
    "renew": false,
    "create": true,
    "changeDeadline": true,
    "checklistAddItems": true,
    "addFavorite": true,
    "deleteFavorite": false,
    "rate": true,
    "edit.originator": false,
    "checklist.reorder": true,
    "elapsedtime.add": true,
    "dayplan.timer.toggle": false,
    "edit.plan": true,
    "checklist.add": true,
    "favorite.add": true,
    "favorite.delete": false
   },
   "checkListTree": {
    "nodeId": 0,
    "fields": {
     "id": null,
     "copiedId": null,
     "entityId": null,
     "userId": 1,
     "createdBy": null,
     "parentId": null,
     "title": "",
     "sortIndex": null,
     "displaySortIndex": "",
     "isComplete": false,
     "isImportant": false,
     "completedCount": 0,
     "members": [],
     "attachments": []
    },
    "action": [],
    "descendants": []
   },
   "checkListCanAdd": true
  }
 },
 "time": {
  "start": 1728454777.43775,
  "finish": 1728454777.97879,
  "duration": 0.541043043136597,
  "processing": 0.514045000076294,
  "date_start": "2024-10-09T09:19:37+03:00",
  "date_finish": "2024-10-09T09:19:37+03:00",
  "operating_reset_at": 1728455377,
  "operating": 0.514014005661011
 }
}
