{
 "result": [
  {
   "ID": "4632",
   "PARENT_ID": "4632",
   "ACTIVE": "Y",
   "DELETED": "N",
   "CAL_TYPE": "user",
   "OWNER_ID": "1",
   "NAME": "New event",
   "DATE_FROM": "26.05.2026 14:17:00",
   "DATE_TO": "26.05.2026 15:17:00",
   "ORIGINAL_DATE_FROM": "***",
   "TZ_FROM": "Europe/Minsk",
   "TZ_TO": "Europe/Minsk",
   "TZ_OFFSET_FROM": "10800",
   "TZ_OFFSET_TO": "10800",
   "DATE_FROM_TS_UTC": "1779783445",
   "DATE_TO_TS_UTC": "1782389820",
   "DT_SKIP_TIME": "N",
   "DT_LENGTH": 3600,
   "EVENT_TYPE": null,
   "CREATED_BY": "1",
   "DATE_CREATE": "25.05.2026 17:17:26",
   "TIMESTAMP_X": "25.05.2026 17:17:26",
   "DESCRIPTION": "Event description",
   "DT_FROM": null,
   "DT_TO": null,
   "PRIVATE_EVENT": "1",
   "ACCESSIBILITY": "quest",
   "IMPORTANCE": "normal",
   "IS_MEETING": true,
   "MEETING_STATUS": "H",
   "MEETING_HOST": "1",
   "MEETING": {
    "HOST_NAME": "Антон Титовец",
    "NOTIFY": true,
    "REINVITE": "***",
    "ALLOW_INVITE": "***",
    "HIDE_GUESTS": true,
    "MEETING_CREATOR": 1,
    "LANGUAGE_ID": "ru",
    "MAIL_FROM": false
   },
   "LOCATION": "Office",
   "REMIND": [
    {
     "type": "day",
     "count": 1
    }
   ],
   "COLOR": "#230000",
   "TEXT_COLOR": "",
   "RRULE": {
    "FREQ": "DAILY",
    "COUNT": 3,
    "INTERVAL": 10,
    "UNTIL": "05.06.2026",
    "~UNTIL": "05.06.2026",
    "UNTIL_TS": 1780617600
   },
   "EXDATE": "",
   "DAV_XML_ID": "20260526T111700Z-fcdb27b8ac8237ee2835ed4e901f5b1b@b24-ar17wx.bitrix24.by",
   "G_EVENT_ID": "",
   "DAV_EXCH_LABEL": "",
   "CAL_DAV_LABEL": "",
   "VERSION": "1",
   "ATTENDEES_CODES": [
    "U1",
    "U10"
   ],
   "RECURRENCE_ID": null,
   "RELATIONS": "",
   "SECTION_ID": "2450",
   "SYNC_STATUS": null,
   "UF_CRM_CAL_EVENT": null,
   "UF_WEBDAV_CAL_EVENT": null,
   "SECTION_DAV_XML_ID": null,
   "DATE_FROM_FORMATTED": "Tue May 26 2026 14:17:00",
   "DATE_TO_FORMATTED": "Tue May 26 2026 15:17:00",
   "IS_DAYLIGHT_SAVING_TZ": "N",
   "SECT_ID": "2450",
   "OPTIONS": null,
   "ATTENDEE_LIST": [
    {
     "id": 1,
     "entryId": "4632",
     "status": "H"
    },
    {
     "id": 10,
     "entryId": "4634",
     "status": "Q"
    }
   ],
   "COLLAB_ID": null,
   "~RRULE_DESCRIPTION": "каждый 10-й день, от 26.05.2026 до 05.06.2026",
   "attendeesEntityList": [
    {
     "entityId": "user",
     "id": 1
    },
    {
     "entityId": "user",
     "id": 10
    }
   ],
   "~DATE_FROM": "26.05.2026 14:17:00",
   "~DATE_TO": "26.05.2026 15:17:00",
   "RINDEX": 0,
   "~USER_OFFSET_FROM": 0,
   "~USER_OFFSET_TO": 0
  },
  {
   "ID": "4636",
   "PARENT_ID": "4636",
   "ACTIVE": "Y",
   "DELETED": "N",
   "CAL_TYPE": "user",
   "OWNER_ID": "1",
   "NAME": "New event",
   "DATE_FROM": "26.05.2026 14:17:00",
   "DATE_TO": "26.05.2026 15:17:00",
   "ORIGINAL_DATE_FROM": "***",
   "TZ_FROM": "Europe/Minsk",
   "TZ_TO": "Europe/Minsk",
   "TZ_OFFSET_FROM": "10800",
   "TZ_OFFSET_TO": "10800",
   "DATE_FROM_TS_UTC": "1779783445",
   "DATE_TO_TS_UTC": "1782389820",
   "DT_SKIP_TIME": "N",
   "DT_LENGTH": 3600,
   "EVENT_TYPE": null,
   "CREATED_BY": "1",
   "DATE_CREATE": "25.05.2026 17:17:27",
   "TIMESTAMP_X": "25.05.2026 17:17:27",
   "DESCRIPTION": "Event description",
   "DT_FROM": null,
   "DT_TO": null,
   "PRIVATE_EVENT": "1",
   "ACCESSIBILITY": "quest",
   "IMPORTANCE": "normal",
   "IS_MEETING": true,
   "MEETING_STATUS": "H",
   "MEETING_HOST": "1",
   "MEETING": {
    "HOST_NAME": "Антон Титовец",
    "NOTIFY": true,
    "REINVITE": "***",
    "ALLOW_INVITE": "***",
    "HIDE_GUESTS": true,
    "MEETING_CREATOR": 1,
    "LANGUAGE_ID": "ru",
    "MAIL_FROM": false
   },
   "LOCATION": "Office",
   "REMIND": [
    {
     "type": "day",
     "count": 1
    }
   ],
   "COLOR": "#230000",
   "TEXT_COLOR": "",
   "RRULE": {
    "FREQ": "DAILY",
    "COUNT": 3,
    "INTERVAL": 10,
    "UNTIL": "05.06.2026",
    "~UNTIL": "05.06.2026",
    "UNTIL_TS": 1780617600
   },
   "EXDATE": "",
   "DAV_XML_ID": "20260526T111700Z-56cae2b019068b47e3fae097b5a01a59@b24-ar17wx.bitrix24.by",
   "G_EVENT_ID": "",
   "DAV_EXCH_LABEL": "",
   "CAL_DAV_LABEL": "",
   "VERSION": "1",
   "ATTENDEES_CODES": [
    "U1",
    "U10"
   ],
   "RECURRENCE_ID": null,
   "RELATIONS": "",
   "SECTION_ID": "2452",
   "SYNC_STATUS": null,
   "UF_CRM_CAL_EVENT": null,
   "UF_WEBDAV_CAL_EVENT": null,
   "SECTION_DAV_XML_ID": null,
   "DATE_FROM_FORMATTED": "Tue May 26 2026 14:17:00",
   "DATE_TO_FORMATTED": "Tue May 26 2026 15:17:00",
   "IS_DAYLIGHT_SAVING_TZ": "N",
   "SECT_ID": "2452",
   "OPTIONS": null,
   "ATTENDEE_LIST": [
    {
     "id": 1,
     "entryId": "4636",
     "status": "H"
    },
    {
     "id": 10,
     "entryId": "4638",
     "status": "Q"
    }
   ],
   "COLLAB_ID": null,
   "~RRULE_DESCRIPTION": "каждый 10-й день, от 26.05.2026 до 05.06.2026",
   "attendeesEntityList": [
    {
     "entityId": "user",
     "id": 1
    },
    {
     "entityId": "user",
     "id": 10
    }
   ],
   "~DATE_FROM": "26.05.2026 14:17:00",
   "~DATE_TO": "26.05.2026 15:17:00",
   "RINDEX": 0,
   "~USER_OFFSET_FROM": 0,
   "~USER_OFFSET_TO": 0
  }
 ],
 "time": {
  "start": 1779718654,
  "finish": 1779718654.5223,
  "duration": 0.52229905128479,
  "processing": 0,
  "date_start": "2026-05-25T14:17:34+00:00",
  "date_finish": "2026-05-25T14:17:34+00:00",
  "operating_reset_at": 1779719254,
  "operating": 0
 }
}
