 {
 "result": {
  "ID": "1",
  "XML_ID": "53818298",
  "ACTIVE": true,
  "NAME": "Антон",
  "LAST_NAME": "Титовец",
  "EMAIL": "no-reply@bitrix24.com",
  "LAST_LOGIN": "2024-09-17T21:21:38+03:00",
  "DATE_REGISTER": "2024-02-10T03:00:00+03:00",
  "IS_ONLINE": "N",
  "TIME_ZONE_OFFSET": "0",
  "TIMESTAMP_X": "29.08.2024 10:12:45",
  "LAST_ACTIVITY_DATE": "2024-09-17 21:21:49",
  "PERSONAL_GENDER": "",
  "PERSONAL_BIRTHDAY": "",
  "PERSONAL_PHOTO": "https://cdn-ru.bitrix24.by/b28528874/main/d7e/d7e99cf556e4ab676463dae2c00ddfbb/a7e0af6899300e3c684caeca5c334d81.jpg",
  "UF_EMPLOYMENT_DATE": "",
  "UF_DEPARTMENT": [
   1,
   264
  ]
 },
 "time": {
  "start": 1728454930.48006,
  "finish": 1728454930.511,
  "duration": 0.0309379100799561,
  "processing": 0.00350403785705566,
  "date_start": "2024-10-09T09:22:10+03:00",
  "date_finish": "2024-10-09T09:22:10+03:00",
  "operating_reset_at": 1728455530,
  "operating": 0
 }
}
