{
 "result": [
  {
   "ID": "14",
   "NAME": "Новый календарь",
   "GAPI_CALENDAR_ID": "***",
   "DESCRIPTION": "Мой новый календарь",
   "COLOR": "#FFFFFF",
   "TEXT_COLOR": "#000000",
   "EXPORT": {
    "ALLOW": true,
    "PATH": "https://b24-ar17wx.bitrix24.by/company/personal/user/1/calendar/",
    "LINK": "&type=user&owner=1&ncc=1&user=1&sec_id=14&sign=0340726e9becd635c244fe6b70681010&bx_hit_hash=M77nYEUhypJX5zJBIW2iJO6vHlZcebbA"
   },
   "CAL_TYPE": "user",
   "OWNER_ID": "1",
   "CREATED_BY": "1",
   "DATE_CREATE": "2025-01-18 14:11:00",
   "TIMESTAMP_X": "2025-01-18 14:11:00",
   "CAL_DAV_CON": null,
   "SYNC_TOKEN": "***",
   "PAGE_TOKEN": "***",
   "EXTERNAL_TYPE": "local",
   "ACCESS": {
    "G2": 31,
    "U1": 39
   },
   "IS_COLLAB": false,
   "PERM": {
    "view_time": true,
    "view_title": true,
    "view_full": true,
    "add": true,
    "edit": true,
    "edit_section": true,
    "access": true
   }
  },
  {
   "ID": "16",
   "NAME": "Новый календарь",
   "GAPI_CALENDAR_ID": "***",
   "DESCRIPTION": "Мой новый календарь",
   "COLOR": "#FFFFFF",
   "TEXT_COLOR": "#000000",
   "EXPORT": {
    "ALLOW": true,
    "PATH": "https://b24-ar17wx.bitrix24.by/company/personal/user/1/calendar/",
    "LINK": "&type=user&owner=1&ncc=1&user=1&sec_id=16&sign=11c87d77756ee426d52a887c1f0e9451&bx_hit_hash=M77nYEUhypJX5zJBIW2iJO6vHlZcebbA"
   },
   "CAL_TYPE": "user",
   "OWNER_ID": "1",
   "CREATED_BY": "1",
   "DATE_CREATE": "2025-01-18 16:06:00",
   "TIMESTAMP_X": "2025-01-18 16:06:00",
   "CAL_DAV_CON": null,
   "SYNC_TOKEN": "***",
   "PAGE_TOKEN": "***",
   "EXTERNAL_TYPE": "local",
   "ACCESS": {
    "G2": 31,
    "U1": 39
   },
   "IS_COLLAB": false,
   "PERM": {
    "view_time": true,
    "view_title": true,
    "view_full": true,
    "add": true,
    "edit": true,
    "edit_section": true,
    "access": true
   }
  },
  {
   "ID": "26",
   "NAME": "Новый календарь",
   "GAPI_CALENDAR_ID": "***",
   "DESCRIPTION": "Мой новый календарь",
   "COLOR": "#FFFFFF",
   "TEXT_COLOR": "#000000",
   "EXPORT": {
    "ALLOW": true,
    "PATH": "https://b24-ar17wx.bitrix24.by/company/personal/user/1/calendar/",
    "LINK": "&type=user&owner=1&ncc=1&user=1&sec_id=26&sign=db0466517eac35c3a5834f513aea8336&bx_hit_hash=M77nYEUhypJX5zJBIW2iJO6vHlZcebbA"
   },
   "CAL_TYPE": "user",
   "OWNER_ID": "1",
   "CREATED_BY": "1",
   "DATE_CREATE": "2025-01-18 18:05:00",
   "TIMESTAMP_X": "2025-01-18 18:05:00",
   "CAL_DAV_CON": null,
   "SYNC_TOKEN": "***",
   "PAGE_TOKEN": "***",
   "EXTERNAL_TYPE": "local",
   "ACCESS": {
    "G2": 31,
    "U1": 39
   },
   "IS_COLLAB": false,
   "PERM": {
    "view_time": true,
    "view_title": true,
    "view_full": true,
    "add": true,
    "edit": true,
    "edit_section": true,
    "access": true
   }
  },
  {
   "ID": "28",
   "NAME": "Новый календарь",
   "GAPI_CALENDAR_ID": "***",
   "DESCRIPTION": "Мой новый календарь",
   "COLOR": "#FFFFFF",
   "TEXT_COLOR": "#000000",
   "EXPORT": {
    "ALLOW": true,
    "PATH": "https://b24-ar17wx.bitrix24.by/company/personal/user/1/calendar/",
    "LINK": "&type=user&owner=1&ncc=1&user=1&sec_id=28&sign=c82932e1cd2ef5da6c427850617091f9&bx_hit_hash=M77nYEUhypJX5zJBIW2iJO6vHlZcebbA"
   },
   "CAL_TYPE": "user",
   "OWNER_ID": "1",
   "CREATED_BY": "1",
   "DATE_CREATE": "2025-01-18 18:06:00",
   "TIMESTAMP_X": "2025-01-18 18:06:00",
   "CAL_DAV_CON": null,
   "SYNC_TOKEN": "***",
   "PAGE_TOKEN": "***",
   "EXTERNAL_TYPE": "local",
   "ACCESS": {
    "G2": 31,
    "U1": 39
   },
   "IS_COLLAB": false,
   "PERM": {
    "view_time": true,
    "view_title": true,
    "view_full": true,
    "add": true,
    "edit": true,
    "edit_section": true,
    "access": true
   }
  },
  {
   "ID": "30",
   "NAME": "Другой календарь",
   "GAPI_CALENDAR_ID": "***",
   "DESCRIPTION": "Мой другой новый календарь",
   "COLOR": "#FFFFFF",
   "TEXT_COLOR": "#000000",
   "EXPORT": {
    "ALLOW": true,
    "PATH": "https://b24-ar17wx.bitrix24.by/company/personal/user/1/calendar/",
    "LINK": "&type=user&owner=1&ncc=1&user=1&sec_id=30&sign=5ff79556b34fde9a232364e2a3576979&bx_hit_hash=M77nYEUhypJX5zJBIW2iJO6vHlZcebbA"
   },
   "CAL_TYPE": "user",
   "OWNER_ID": "1",
   "CREATED_BY": "1",
   "DATE_CREATE": "2025-01-18 18:06:00",
   "TIMESTAMP_X": "2025-01-18 18:06:00",
   "CAL_DAV_CON": null,
   "SYNC_TOKEN": "***",
   "PAGE_TOKEN": "***",
   "EXTERNAL_TYPE": "local",
   "ACCESS": {
    "G2": 31,
    "U1": 39
   },
   "IS_COLLAB": false,
   "PERM": {
    "view_time": true,
    "view_title": true,
    "view_full": true,
    "add": true,
    "edit": true,
    "edit_section": true,
    "access": true
   }
  },
  {
   "ID": "52",
   "NAME": "Новый календарь",
   "GAPI_CALENDAR_ID": "***",
   "DESCRIPTION": "Мой новый календарь",
   "COLOR": "#FFFFFF",
   "TEXT_COLOR": "#000000",
   "EXPORT": {
    "ALLOW": true,
    "PATH": "https://b24-ar17wx.bitrix24.by/company/personal/user/1/calendar/",
    "LINK": "&type=user&owner=1&ncc=1&user=1&sec_id=52&sign=fa245cbb61382769713b23a1ff83880b&bx_hit_hash=M77nYEUhypJX5zJBIW2iJO6vHlZcebbA"
   },
   "CAL_TYPE": "user",
   "OWNER_ID": "1",
   "CREATED_BY": "1",
   "DATE_CREATE": "2025-01-19 11:48:00",
   "TIMESTAMP_X": "2025-01-19 11:48:00",
   "CAL_DAV_CON": null,
   "SYNC_TOKEN": "***",
   "PAGE_TOKEN": "***",
   "EXTERNAL_TYPE": "local",
   "ACCESS": {
    "G2": 31,
    "U1": 39
   },
   "IS_COLLAB": false,
   "PERM": {
    "view_time": true,
    "view_title": true,
    "view_full": true,
    "add": true,
    "edit": true,
    "edit_section": true,
    "access": true
   }
  },
  {
   "ID": "58",
   "NAME": "Новый календарь",
   "GAPI_CALENDAR_ID": "***",
   "DESCRIPTION": "Мой новый календарь",
   "COLOR": "#FFFFFF",
   "TEXT_COLOR": "#000000",
   "EXPORT": {
    "ALLOW": true,
    "PATH": "https://b24-ar17wx.bitrix24.by/company/personal/user/1/calendar/",
    "LINK": "&type=user&owner=1&ncc=1&user=1&sec_id=58&sign=d672f2eddac2f329381fdd0335305af2&bx_hit_hash=M77nYEUhypJX5zJBIW2iJO6vHlZcebbA"
   },
   "CAL_TYPE": "user",
   "OWNER_ID": "1",
   "CREATED_BY": "1",
   "DATE_CREATE": "2025-01-19 14:15:00",
   "TIMESTAMP_X": "2025-01-19 14:15:00",
   "CAL_DAV_CON": null,
   "SYNC_TOKEN": "***",
   "PAGE_TOKEN": "***",
   "EXTERNAL_TYPE": "local",
   "ACCESS": {
    "G2": 31,
    "U1": 39
   },
   "IS_COLLAB": false,
   "PERM": {
    "view_time": true,
    "view_title": true,
    "view_full": true,
    "add": true,
    "edit": true,
    "edit_section": true,
    "access": true
   }
  },
  {
   "ID": "60",
   "NAME": "Новый календарь",
   "GAPI_CALENDAR_ID": "***",
   "DESCRIPTION": "Мой новый календарь",
   "COLOR": "#FFFFFF",
   "TEXT_COLOR": "#000000",
   "EXPORT": {
    "ALLOW": true,
    "PATH": "https://b24-ar17wx.bitrix24.by/company/personal/user/1/calendar/",
    "LINK": "&type=user&owner=1&ncc=1&user=1&sec_id=60&sign=7a21fb4aa84e4825658266754f189814&bx_hit_hash=M77nYEUhypJX5zJBIW2iJO6vHlZcebbA"
   },
   "CAL_TYPE": "user",
   "OWNER_ID": "1",
   "CREATED_BY": "1",
   "DATE_CREATE": "2025-01-19 14:16:00",
   "TIMESTAMP_X": "2025-01-19 14:16:00",
   "CAL_DAV_CON": null,
   "SYNC_TOKEN": "***",
   "PAGE_TOKEN": "***",
   "EXTERNAL_TYPE": "local",
   "ACCESS": {
    "G2": 31,
    "U1": 39
   },
   "IS_COLLAB": false,
   "PERM": {
    "view_time": true,
    "view_title": true,
    "view_full": true,
    "add": true,
    "edit": true,
    "edit_section": true,
    "access": true
   }
  },
  {
   "ID": "78",
   "NAME": "New calendar name",
   "GAPI_CALENDAR_ID": "***",
   "DESCRIPTION": "This calendar has been changed",
   "COLOR": "#FFFFFF",
   "TEXT_COLOR": "#000000",
   "EXPORT": {
    "ALLOW": true,
    "PATH": "https://b24-ar17wx.bitrix24.by/company/personal/user/1/calendar/",
    "LINK": "&type=user&owner=1&ncc=1&user=1&sec_id=78&sign=5aef7e28abdb41400c95a19fc4ced72b&bx_hit_hash=M77nYEUhypJX5zJBIW2iJO6vHlZcebbA"
   },
   "CAL_TYPE": "user",
   "OWNER_ID": "1",
   "CREATED_BY": "1",
   "DATE_CREATE": "2025-01-20 21:04:00",
   "TIMESTAMP_X": "2025-01-20 21:04:00",
   "CAL_DAV_CON": null,
   "SYNC_TOKEN": "***",
   "PAGE_TOKEN": "***",
   "EXTERNAL_TYPE": "local",
   "ACCESS": {
    "G2": 31,
    "U1": 39
   },
   "IS_COLLAB": false,
   "PERM": {
    "view_time": true,
    "view_title": true,
    "view_full": true,
    "add": true,
    "edit": true,
    "edit_section": true,
    "access": true
   }
  },
  {
   "ID": "80",
   "NAME": "New calendar name",
   "GAPI_CALENDAR_ID": "***",
   "DESCRIPTION": "This calendar has been changed",
   "COLOR": "#FFFFFF",
   "TEXT_COLOR": "#000000",
   "EXPORT": {
    "ALLOW": true,
    "PATH": "https://b24-ar17wx.bitrix24.by/company/personal/user/1/calendar/",
    "LINK": "&type=user&owner=1&ncc=1&user=1&sec_id=80&sign=cbd4567b226032fbad24f93d5597a509&bx_hit_hash=M77nYEUhypJX5zJBIW2iJO6vHlZcebbA"
   },
   "CAL_TYPE": "user",
   "OWNER_ID": "1",
   "CREATED_BY": "1",
   "DATE_CREATE": "2025-01-20 21:04:00",
   "TIMESTAMP_X": "2025-01-20 21:04:00",
   "CAL_DAV_CON": null,
   "SYNC_TOKEN": "***",
   "PAGE_TOKEN": "***",
   "EXTERNAL_TYPE": "local",
   "ACCESS": {
    "G2": 31,
    "U1": 39
   },
   "IS_COLLAB": false,
   "PERM": {
    "view_time": true,
    "view_title": true,
    "view_full": true,
    "add": true,
    "edit": true,
    "edit_section": true,
    "access": true
   }
  },
  {
   "ID": "88",
   "NAME": "Новый календарь",
   "GAPI_CALENDAR_ID": "***",
   "DESCRIPTION": "Мой новый календарь",
   "COLOR": "#FFFFFF",
   "TEXT_COLOR": "#000000",
   "EXPORT": {
    "ALLOW": true,
    "PATH": "https://b24-ar17wx.bitrix24.by/company/personal/user/1/calendar/",
    "LINK": "&type=user&owner=1&ncc=1&user=1&sec_id=88&sign=2ed204a015c4bbd806ad4678ea18d5fa&bx_hit_hash=M77nYEUhypJX5zJBIW2iJO6vHlZcebbA"
   },
   "CAL_TYPE": "user",
   "OWNER_ID": "1",
   "CREATED_BY": "1",
   "DATE_CREATE": "2025-01-26 11:45:00",
   "TIMESTAMP_X": "2025-01-26 11:45:00",
   "CAL_DAV_CON": null,
   "SYNC_TOKEN": "***",
   "PAGE_TOKEN": "***",
   "EXTERNAL_TYPE": "local",
   "ACCESS": {
    "G2": 31,
    "U1": 39
   },
   "IS_COLLAB": false,
   "PERM": {
    "view_time": true,
    "view_title": true,
    "view_full": true,
    "add": true,
    "edit": true,
    "edit_section": true,
    "access": true
   }
  },
  {
   "ID": "104",
   "NAME": "Новый календарь",
   "GAPI_CALENDAR_ID": "***",
   "DESCRIPTION": "Мой новый календарь",
   "COLOR": "#FFFFFF",
   "TEXT_COLOR": "#000000",
   "EXPORT": {
    "ALLOW": true,
    "PATH": "https://b24-ar17wx.bitrix24.by/company/personal/user/1/calendar/",
    "LINK": "&type=user&owner=1&ncc=1&user=1&sec_id=104&sign=8fada7895394b09af5f2faf415216964&bx_hit_hash=M77nYEUhypJX5zJBIW2iJO6vHlZcebbA"
   },
   "CAL_TYPE": "user",
   "OWNER_ID": "1",
   "CREATED_BY": "1",
   "DATE_CREATE": "2025-01-26 13:01:00",
   "TIMESTAMP_X": "2025-01-26 13:01:00",
   "CAL_DAV_CON": null,
   "SYNC_TOKEN": "***",
   "PAGE_TOKEN": "***",
   "EXTERNAL_TYPE": "local",
   "ACCESS": {
    "G2": 31,
    "U1": 39
   },
   "IS_COLLAB": false,
   "PERM": {
    "view_time": true,
    "view_title": true,
    "view_full": true,
    "add": true,
    "edit": true,
    "edit_section": true,
    "access": true
   }
  },
  {
   "ID": "106",
   "NAME": "Новое имя календаря",
   "GAPI_CALENDAR_ID": "***",
   "DESCRIPTION": "Этот календарь был изменен",
   "COLOR": "#FFFFFF",
   "TEXT_COLOR": "#000000",
   "EXPORT": {
    "ALLOW": true,
    "PATH": "https://b24-ar17wx.bitrix24.by/company/personal/user/1/calendar/",
    "LINK": "&type=user&owner=1&ncc=1&user=1&sec_id=106&sign=ca29163817d01cf951a074aeadb625a0&bx_hit_hash=M77nYEUhypJX5zJBIW2iJO6vHlZcebbA"
   },
   "CAL_TYPE": "user",
   "OWNER_ID": "1",
   "CREATED_BY": "1",
   "DATE_CREATE": "2025-01-26 13:01:00",
   "TIMESTAMP_X": "2025-01-26 13:00:53",
   "CAL_DAV_CON": null,
   "SYNC_TOKEN": "***",
   "PAGE_TOKEN": "***",
   "EXTERNAL_TYPE": "local",
   "ACCESS": {
    "G2": 31,
    "U1": 39
   },
   "IS_COLLAB": false,
   "PERM": {
    "view_time": true,
    "view_title": true,
    "view_full": true,
    "add": true,
    "edit": true,
    "edit_section": true,
    "access": true
   }
  },
  {
   "ID": "108",
   "NAME": "Новое имя календаря",
   "GAPI_CALENDAR_ID": "***",
   "DESCRIPTION": "Этот календарь был изменен",
   "COLOR": "#FFFFFF",
   "TEXT_COLOR": "#000000",
   "EXPORT": {
    "ALLOW": true,
    "PATH": "https://b24-ar17wx.bitrix24.by/company/personal/user/1/calendar/",
    "LINK": "&type=user&owner=1&ncc=1&user=1&sec_id=108&sign=29bb1d4ce8a84a35979e49560aeeb808&bx_hit_hash=M77nYEUhypJX5zJBIW2iJO6vHlZcebbA"
   },
   "CAL_TYPE": "user",
   "OWNER_ID": "1",
   "CREATED_BY": "1",
   "DATE_CREATE": "2025-01-26 13:01:00",
   "TIMESTAMP_X": "2025-01-26 13:00:52",
   "CAL_DAV_CON": null,
   "SYNC_TOKEN": "***",
   "PAGE_TOKEN": "***",
   "EXTERNAL_TYPE": "local",
   "ACCESS": {
    "G2": 31,
    "U1": 39
   },
   "IS_COLLAB": false,
   "PERM": {
    "view_time": true,
    "view_title": true,
    "view_full": true,
    "add": true,
    "edit": true,
    "edit_section": true,
    "access": true
   }
  },
  {
   "ID": "118",
   "NAME": "Новый календарь",
   "GAPI_CALENDAR_ID": "***",
   "DESCRIPTION": "Мой новый календарь",
   "COLOR": "#FFFFFF",
   "TEXT_COLOR": "#000000",
   "EXPORT": {
    "ALLOW": true,
    "PATH": "https://b24-ar17wx.bitrix24.by/company/personal/user/1/calendar/",
    "LINK": "&type=user&owner=1&ncc=1&user=1&sec_id=118&sign=5a200fe1681b8d9f2d492d18b61ca14d&bx_hit_hash=M77nYEUhypJX5zJBIW2iJO6vHlZcebbA"
   },
   "CAL_TYPE": "user",
   "OWNER_ID": "1",
   "CREATED_BY": "1",
   "DATE_CREATE": "2025-01-27 19:43:00",
   "TIMESTAMP_X": "2025-01-27 19:43:00",
   "CAL_DAV_CON": null,
   "SYNC_TOKEN": "***",
   "PAGE_TOKEN": "***",
   "EXTERNAL_TYPE": "local",
   "ACCESS": {
    "G2": 31,
    "U1": 39
   },
   "IS_COLLAB": false,
   "PERM": {
    "view_time": true,
    "view_title": true,
    "view_full": true,
    "add": true,
    "edit": true,
    "edit_section": true,
    "access": true
   }
  },
  {
   "ID": "124",
   "NAME": "Новое имя календаря",
   "GAPI_CALENDAR_ID": "***",
   "DESCRIPTION": "Этот календарь был изменен",
   "COLOR": "#FFFFFF",
   "TEXT_COLOR": "#000000",
   "EXPORT": {
    "ALLOW": true,
    "PATH": "https://b24-ar17wx.bitrix24.by/company/personal/user/1/calendar/",
    "LINK": "&type=user&owner=1&ncc=1&user=1&sec_id=124&sign=3c075028d92c09c8a23dbf73a65c8740&bx_hit_hash=M77nYEUhypJX5zJBIW2iJO6vHlZcebbA"
   },
   "CAL_TYPE": "user",
   "OWNER_ID": "1",
   "CREATED_BY": "1",
   "DATE_CREATE": "2025-01-27 20:31:00",
   "TIMESTAMP_X": "2025-01-27 20:31:15",
   "CAL_DAV_CON": null,
   "SYNC_TOKEN": "***",
   "PAGE_TOKEN": "***",
   "EXTERNAL_TYPE": "local",
   "ACCESS": {
    "G2": 31,
    "U1": 39
   },
   "IS_COLLAB": false,
   "PERM": {
    "view_time": true,
    "view_title": true,
    "view_full": true,
    "add": true,
    "edit": true,
    "edit_section": true,
    "access": true
   }
  },
  {
   "ID": "126",
   "NAME": "Новое имя календаря",
   "GAPI_CALENDAR_ID": "***",
   "DESCRIPTION": "Этот календарь был изменен",
   "COLOR": "#FFFFFF",
   "TEXT_COLOR": "#000000",
   "EXPORT": {
    "ALLOW": true,
    "PATH": "https://b24-ar17wx.bitrix24.by/company/personal/user/1/calendar/",
    "LINK": "&type=user&owner=1&ncc=1&user=1&sec_id=126&sign=d57014a7223be96ae73cf7b2afac94ab&bx_hit_hash=M77nYEUhypJX5zJBIW2iJO6vHlZcebbA"
   },
   "CAL_TYPE": "user",
   "OWNER_ID": "1",
   "CREATED_BY": "1",
   "DATE_CREATE": "2025-01-27 20:31:00",
   "TIMESTAMP_X": "2025-01-27 20:31:15",
   "CAL_DAV_CON": null,
   "SYNC_TOKEN": "***",
   "PAGE_TOKEN": "***",
   "EXTERNAL_TYPE": "local",
   "ACCESS": {
    "G2": 31,
    "U1": 39
   },
   "IS_COLLAB": false,
   "PERM": {
    "view_time": true,
    "view_title": true,
    "view_full": true,
    "add": true,
    "edit": true,
    "edit_section": true,
    "access": true
   }
  },
  {
   "ID": "140",
   "NAME": "Новое имя календаря",
   "GAPI_CALENDAR_ID": "***",
   "DESCRIPTION": "Этот календарь был изменен",
   "COLOR": "#FFFFFF",
   "TEXT_COLOR": "#000000",
   "EXPORT": {
    "ALLOW": true,
    "PATH": "https://b24-ar17wx.bitrix24.by/company/personal/user/1/calendar/",
    "LINK": "&type=user&owner=1&ncc=1&user=1&sec_id=140&sign=9665a229dfde7a6196d07010ea6a2ccf&bx_hit_hash=M77nYEUhypJX5zJBIW2iJO6vHlZcebbA"
   },
   "CAL_TYPE": "user",
   "OWNER_ID": "1",
   "CREATED_BY": "1",
   "DATE_CREATE": "2025-02-01 18:48:00",
   "TIMESTAMP_X": "2025-02-01 18:48:38",
   "CAL_DAV_CON": null,
   "SYNC_TOKEN": "***",
   "PAGE_TOKEN": "***",
   "EXTERNAL_TYPE": "local",
   "ACCESS": {
    "G2": 31,
    "U1": 39
   },
   "IS_COLLAB": false,
   "PERM": {
    "view_time": true,
    "view_title": true,
    "view_full": true,
    "add": true,
    "edit": true,
    "edit_section": true,
    "access": true
   }
  },
  {
   "ID": "142",
   "NAME": "Новое имя календаря",
   "GAPI_CALENDAR_ID": "***",
   "DESCRIPTION": "Этот календарь был изменен",
   "COLOR": "#FFFFFF",
   "TEXT_COLOR": "#000000",
   "EXPORT": {
    "ALLOW": true,
    "PATH": "https://b24-ar17wx.bitrix24.by/company/personal/user/1/calendar/",
    "LINK": "&type=user&owner=1&ncc=1&user=1&sec_id=142&sign=35691b53de7ba0630a1a0e109b84a9ab&bx_hit_hash=M77nYEUhypJX5zJBIW2iJO6vHlZcebbA"
   },
   "CAL_TYPE": "user",
   "OWNER_ID": "1",
   "CREATED_BY": "1",
   "DATE_CREATE": "2025-02-01 18:49:00",
   "TIMESTAMP_X": "2025-02-01 18:48:40",
   "CAL_DAV_CON": null,
   "SYNC_TOKEN": "***",
   "PAGE_TOKEN": "***",
   "EXTERNAL_TYPE": "local",
   "ACCESS": {
    "G2": 31,
    "U1": 39
   },
   "IS_COLLAB": false,
   "PERM": {
    "view_time": true,
    "view_title": true,
    "view_full": true,
    "add": true,
    "edit": true,
    "edit_section": true,
    "access": true
   }
  },
  {
   "ID": "148",
   "NAME": "New calendar name",
   "GAPI_CALENDAR_ID": "***",
   "DESCRIPTION": "This calendar has been changed",
   "COLOR": "#FFFFFF",
   "TEXT_COLOR": "#000000",
   "EXPORT": {
    "ALLOW": true,
    "PATH": "https://b24-ar17wx.bitrix24.by/company/personal/user/1/calendar/",
    "LINK": "&type=user&owner=1&ncc=1&user=1&sec_id=148&sign=4653aea30d7288ea7f07bbf747dc68ef&bx_hit_hash=M77nYEUhypJX5zJBIW2iJO6vHlZcebbA"
   },
   "CAL_TYPE": "user",
   "OWNER_ID": "1",
   "CREATED_BY": "1",
   "DATE_CREATE": "2025-02-03 23:33:00",
   "TIMESTAMP_X": "2025-02-03 23:33:00",
   "CAL_DAV_CON": null,
   "SYNC_TOKEN": "***",
   "PAGE_TOKEN": "***",
   "EXTERNAL_TYPE": "local",
   "ACCESS": {
    "G2": 31,
    "U1": 39
   },
   "IS_COLLAB": false,
   "PERM": {
    "view_time": true,
    "view_title": true,
    "view_full": true,
    "add": true,
    "edit": true,
    "edit_section": true,
    "access": true
   }
  },
  {
   "ID": "150",
   "NAME": "New calendar name",
   "GAPI_CALENDAR_ID": "***",
   "DESCRIPTION": "This calendar has been changed",
   "COLOR": "#FFFFFF",
   "TEXT_COLOR": "#000000",
   "EXPORT": {
    "ALLOW": true,
    "PATH": "https://b24-ar17wx.bitrix24.by/company/personal/user/1/calendar/",
    "LINK": "&type=user&owner=1&ncc=1&user=1&sec_id=150&sign=eda88331d91d7167028250fd60f168b5&bx_hit_hash=M77nYEUhypJX5zJBIW2iJO6vHlZcebbA"
   },
   "CAL_TYPE": "user",
   "OWNER_ID": "1",
   "CREATED_BY": "1",
   "DATE_CREATE": "2025-02-03 23:33:00",
   "TIMESTAMP_X": "2025-02-03 23:33:00",
   "CAL_DAV_CON": null,
   "SYNC_TOKEN": "***",
   "PAGE_TOKEN": "***",
   "EXTERNAL_TYPE": "local",
   "ACCESS": {
    "G2": 31,
    "U1": 39
   },
   "IS_COLLAB": false,
   "PERM": {
    "view_time": true,
    "view_title": true,
    "view_full": true,
    "add": true,
    "edit": true,
    "edit_section": true,
    "access": true
   }
  },
  {
   "ID": "172",
   "NAME": "Новое имя календаря",
   "GAPI_CALENDAR_ID": "***",
   "DESCRIPTION": "Этот календарь был изменен",
   "COLOR": "#FFFFFF",
   "TEXT_COLOR": "#000000",
   "EXPORT": {
    "ALLOW": true,
    "PATH": "https://b24-ar17wx.bitrix24.by/company/personal/user/1/calendar/",
    "LINK": "&type=user&owner=1&ncc=1&user=1&sec_id=172&sign=e5ad8b6d8ebf2f6a0c9a2bba6f41d7d3&bx_hit_hash=M77nYEUhypJX5zJBIW2iJO6vHlZcebbA"
   },
   "CAL_TYPE": "user",
   "OWNER_ID": "1",
   "CREATED_BY": "1",
   "DATE_CREATE": "2025-02-07 09:38:00",
   "TIMESTAMP_X": "2025-02-07 09:37:33",
   "CAL_DAV_CON": null,
   "SYNC_TOKEN": "***",
   "PAGE_TOKEN": "***",
   "EXTERNAL_TYPE": "local",
   "ACCESS": {
    "G2": 31,
    "U1": 39
   },
   "IS_COLLAB": false,
   "PERM": {
    "view_time": true,
    "view_title": true,
    "view_full": true,
    "add": true,
    "edit": true,
    "edit_section": true,
    "access": true
   }
  },
  {
   "ID": "174",
   "NAME": "Новое имя календаря",
   "GAPI_CALENDAR_ID": "***",
   "DESCRIPTION": "Этот календарь был изменен",
   "COLOR": "#FFFFFF",
   "TEXT_COLOR": "#000000",
   "EXPORT": {
    "ALLOW": true,
    "PATH": "https://b24-ar17wx.bitrix24.by/company/personal/user/1/calendar/",
    "LINK": "&type=user&owner=1&ncc=1&user=1&sec_id=174&sign=744193e4cb4a93b9ded8f7979e5de733&bx_hit_hash=M77nYEUhypJX5zJBIW2iJO6vHlZcebbA"
   },
   "CAL_TYPE": "user",
   "OWNER_ID": "1",
   "CREATED_BY": "1",
   "DATE_CREATE": "2025-02-07 09:38:00",
   "TIMESTAMP_X": "2025-02-07 09:37:34",
   "CAL_DAV_CON": null,
   "SYNC_TOKEN": "***",
   "PAGE_TOKEN": "***",
   "EXTERNAL_TYPE": "local",
   "ACCESS": {
    "G2": 31,
    "U1": 39
   },
   "IS_COLLAB": false,
   "PERM": {
    "view_time": true,
    "view_title": true,
    "view_full": true,
    "add": true,
    "edit": true,
    "edit_section": true,
    "access": true
   }
  },
  {
   "ID": "176",
   "NAME": "Новое имя календаря",
   "GAPI_CALENDAR_ID": "***",
   "DESCRIPTION": "Этот календарь был изменен",
   "COLOR": "#FFFFFF",
   "TEXT_COLOR": "#000000",
   "EXPORT": {
    "ALLOW": true,
    "PATH": "https://b24-ar17wx.bitrix24.by/company/personal/user/1/calendar/",
    "LINK": "&type=user&owner=1&ncc=1&user=1&sec_id=176&sign=5aa8abc6ef5d839bb7d22d051255abe9&bx_hit_hash=M77nYEUhypJX5zJBIW2iJO6vHlZcebbA"
   },
   "CAL_TYPE": "user",
   "OWNER_ID": "1",
   "CREATED_BY": "1",
   "DATE_CREATE": "2025-02-07 09:40:00",
   "TIMESTAMP_X": "2025-02-07 09:40:21",
   "CAL_DAV_CON": null,
   "SYNC_TOKEN": "***",
   "PAGE_TOKEN": "***",
   "EXTERNAL_TYPE": "local",
   "ACCESS": {
    "G2": 31,
    "U1": 39
   },
   "IS_COLLAB": false,
   "PERM": {
    "view_time": true,
    "view_title": true,
    "view_full": true,
    "add": true,
    "edit": true,
    "edit_section": true,
    "access": true
   }
  },
  {
   "ID": "178",
   "NAME": "Новое имя календаря",
   "GAPI_CALENDAR_ID": "***",
   "DESCRIPTION": "Этот календарь был изменен",
   "COLOR": "#FFFFFF",
   "TEXT_COLOR": "#000000",
   "EXPORT": {
    "ALLOW": true,
    "PATH": "https://b24-ar17wx.bitrix24.by/company/personal/user/1/calendar/",
    "LINK": "&type=user&owner=1&ncc=1&user=1&sec_id=178&sign=12950e51bb57712402d131132953decd&bx_hit_hash=M77nYEUhypJX5zJBIW2iJO6vHlZcebbA"
   },
   "CAL_TYPE": "user",
   "OWNER_ID": "1",
   "CREATED_BY": "1",
   "DATE_CREATE": "2025-02-07 09:40:00",
   "TIMESTAMP_X": "2025-02-07 09:40:22",
   "CAL_DAV_CON": null,
   "SYNC_TOKEN": "***",
   "PAGE_TOKEN": "***",
   "EXTERNAL_TYPE": "local",
   "ACCESS": {
    "G2": 31,
    "U1": 39
   },
   "IS_COLLAB": false,
   "PERM": {
    "view_time": true,
    "view_title": true,
    "view_full": true,
    "add": true,
    "edit": true,
    "edit_section": true,
    "access": true
   }
  },
  {
   "ID": "180",
   "NAME": "Новое имя календаря",
   "GAPI_CALENDAR_ID": "***",
   "DESCRIPTION": "Этот календарь был изменен",
   "COLOR": "#FFFFFF",
   "TEXT_COLOR": "#000000",
   "EXPORT": {
    "ALLOW": true,
    "PATH": "https://b24-ar17wx.bitrix24.by/company/personal/user/1/calendar/",
    "LINK": "&type=user&owner=1&ncc=1&user=1&sec_id=180&sign=6d52e07309fc5ed4e78e7c2e80613925&bx_hit_hash=M77nYEUhypJX5zJBIW2iJO6vHlZcebbA"
   },
   "CAL_TYPE": "user",
   "OWNER_ID": "1",
   "CREATED_BY": "1",
   "DATE_CREATE": "2025-02-07 09:48:00",
   "TIMESTAMP_X": "2025-02-07 09:48:18",
   "CAL_DAV_CON": null,
   "SYNC_TOKEN": "***",
   "PAGE_TOKEN": "***",
   "EXTERNAL_TYPE": "local",
   "ACCESS": {
    "G2": 31,
    "U1": 39
   },
   "IS_COLLAB": false,
   "PERM": {
    "view_time": true,
    "view_title": true,
    "view_full": true,
    "add": true,
    "edit": true,
    "edit_section": true,
    "access": true
   }
  },
  {
   "ID": "182",
   "NAME": "Новое имя календаря",
   "GAPI_CALENDAR_ID": "***",
   "DESCRIPTION": "Этот календарь был изменен",
   "COLOR": "#FFFFFF",
   "TEXT_COLOR": "#000000",
   "EXPORT": {
    "ALLOW": true,
    "PATH": "https://b24-ar17wx.bitrix24.by/company/personal/user/1/calendar/",
    "LINK": "&type=user&owner=1&ncc=1&user=1&sec_id=182&sign=5885f42cf04cc38f4ec3ab958a169217&bx_hit_hash=M77nYEUhypJX5zJBIW2iJO6vHlZcebbA"
   },
   "CAL_TYPE": "user",
   "OWNER_ID": "1",
   "CREATED_BY": "1",
   "DATE_CREATE": "2025-02-07 09:48:00",
   "TIMESTAMP_X": "2025-02-07 09:48:19",
   "CAL_DAV_CON": null,
   "SYNC_TOKEN": "***",
   "PAGE_TOKEN": "***",
   "EXTERNAL_TYPE": "local",
   "ACCESS": {
    "G2": 31,
    "U1": 39
   },
   "IS_COLLAB": false,
   "PERM": {
    "view_time": true,
    "view_title": true,
    "view_full": true,
    "add": true,
    "edit": true,
    "edit_section": true,
    "access": true
   }
  },
  {
   "ID": "184",
   "NAME": "Новое имя календаря",
   "GAPI_CALENDAR_ID": "***",
   "DESCRIPTION": "Этот календарь был изменен",
   "COLOR": "#FFFFFF",
   "TEXT_COLOR": "#000000",
   "EXPORT": {
    "ALLOW": true,
    "PATH": "https://b24-ar17wx.bitrix24.by/company/personal/user/1/calendar/",
    "LINK": "&type=user&owner=1&ncc=1&user=1&sec_id=184&sign=2a343d6dd4e57a9b9e6ee689131bf947&bx_hit_hash=M77nYEUhypJX5zJBIW2iJO6vHlZcebbA"
   },
   "CAL_TYPE": "user",
   "OWNER_ID": "1",
   "CREATED_BY": "1",
   "DATE_CREATE": "2025-02-07 09:52:00",
   "TIMESTAMP_X": "2025-02-07 09:51:46",
   "CAL_DAV_CON": null,
   "SYNC_TOKEN": "***",
   "PAGE_TOKEN": "***",
   "EXTERNAL_TYPE": "local",
   "ACCESS": {
    "G2": 31,
    "U1": 39
   },
   "IS_COLLAB": false,
   "PERM": {
    "view_time": true,
    "view_title": true,
    "view_full": true,
    "add": true,
    "edit": true,
    "edit_section": true,
    "access": true
   }
  },
  {
   "ID": "186",
   "NAME": "Новое имя календаря",
   "GAPI_CALENDAR_ID": "***",
   "DESCRIPTION": "Этот календарь был изменен",
   "COLOR": "#FFFFFF",
   "TEXT_COLOR": "#000000",
   "EXPORT": {
    "ALLOW": true,
    "PATH": "https://b24-ar17wx.bitrix24.by/company/personal/user/1/calendar/",
    "LINK": "&type=user&owner=1&ncc=1&user=1&sec_id=186&sign=60d409bb4aff468e370090c341caf654&bx_hit_hash=M77nYEUhypJX5zJBIW2iJO6vHlZcebbA"
   },
   "CAL_TYPE": "user",
   "OWNER_ID": "1",
   "CREATED_BY": "1",
   "DATE_CREATE": "2025-02-07 09:52:00",
   "TIMESTAMP_X": "2025-02-07 09:51:44",
   "CAL_DAV_CON": null,
   "SYNC_TOKEN": "***",
   "PAGE_TOKEN": "***",
   "EXTERNAL_TYPE": "local",
   "ACCESS": {
    "G2": 31,
    "U1": 39
   },
   "IS_COLLAB": false,
   "PERM": {
    "view_time": true,
    "view_title": true,
    "view_full": true,
    "add": true,
    "edit": true,
    "edit_section": true,
    "access": true
   }
  },
  {
   "ID": "188",
   "NAME": "Новое имя календаря",
   "GAPI_CALENDAR_ID": "***",
   "DESCRIPTION": "Этот календарь был изменен",
   "COLOR": "#FFFFFF",
   "TEXT_COLOR": "#000000",
   "EXPORT": {
    "ALLOW": true,
    "PATH": "https://b24-ar17wx.bitrix24.by/company/personal/user/1/calendar/",
    "LINK": "&type=user&owner=1&ncc=1&user=1&sec_id=188&sign=8ac8ddb3304207a8867f64fff45c57ff&bx_hit_hash=M77nYEUhypJX5zJBIW2iJO6vHlZcebbA"
   },
   "CAL_TYPE": "user",
   "OWNER_ID": "1",
   "CREATED_BY": "1",
   "DATE_CREATE": "2025-02-07 10:28:00",
   "TIMESTAMP_X": "2025-02-07 10:27:56",
   "CAL_DAV_CON": null,
   "SYNC_TOKEN": "***",
   "PAGE_TOKEN": "***",
   "EXTERNAL_TYPE": "local",
   "ACCESS": {
    "G2": 31,
    "U1": 39
   },
   "IS_COLLAB": false,
   "PERM": {
    "view_time": true,
    "view_title": true,
    "view_full": true,
    "add": true,
    "edit": true,
    "edit_section": true,
    "access": true
   }
  },
  {
   "ID": "190",
   "NAME": "Новое имя календаря",
   "GAPI_CALENDAR_ID": "***",
   "DESCRIPTION": "Этот календарь был изменен",
   "COLOR": "#FFFFFF",
   "TEXT_COLOR": "#000000",
   "EXPORT": {
    "ALLOW": true,
    "PATH": "https://b24-ar17wx.bitrix24.by/company/personal/user/1/calendar/",
    "LINK": "&type=user&owner=1&ncc=1&user=1&sec_id=190&sign=db64844244f7747390cdcd49473a68b2&bx_hit_hash=M77nYEUhypJX5zJBIW2iJO6vHlZcebbA"
   },
   "CAL_TYPE": "user",
   "OWNER_ID": "1",
   "CREATED_BY": "1",
   "DATE_CREATE": "2025-02-07 10:28:00",
   "TIMESTAMP_X": "2025-02-07 10:27:53",
   "CAL_DAV_CON": null,
   "SYNC_TOKEN": "***",
   "PAGE_TOKEN": "***",
   "EXTERNAL_TYPE": "local",
   "ACCESS": {
    "G2": 31,
    "U1": 39
   },
   "IS_COLLAB": false,
   "PERM": {
    "view_time": true,
    "view_title": true,
    "view_full": true,
    "add": true,
    "edit": true,
    "edit_section": true,
    "access": true
   }
  },
  {
   "ID": "192",
   "NAME": "Новый календарь",
   "GAPI_CALENDAR_ID": "***",
   "DESCRIPTION": "Мой новый календарь",
   "COLOR": "#FFFFFF",
   "TEXT_COLOR": "#000000",
   "EXPORT": {
    "ALLOW": true,
    "PATH": "https://b24-ar17wx.bitrix24.by/company/personal/user/1/calendar/",
    "LINK": "&type=user&owner=1&ncc=1&user=1&sec_id=192&sign=877bdad8fb12c84e7dd99a0123a011a5&bx_hit_hash=M77nYEUhypJX5zJBIW2iJO6vHlZcebbA"
   },
   "CAL_TYPE": "user",
   "OWNER_ID": "1",
   "CREATED_BY": "1",
   "DATE_CREATE": "2025-02-07 11:45:00",
   "TIMESTAMP_X": "2025-02-07 11:45:00",
   "CAL_DAV_CON": null,
   "SYNC_TOKEN": "***",
   "PAGE_TOKEN": "***",
   "EXTERNAL_TYPE": "local",
   "ACCESS": {
    "G2": 31,
    "U1": 39
   },
   "IS_COLLAB": false,
   "PERM": {
    "view_time": true,
    "view_title": true,
    "view_full": true,
    "add": true,
    "edit": true,
    "edit_section": true,
    "access": true
   }
  },
  {
   "ID": "202",
   "NAME": "Новое имя календаря",
   "GAPI_CALENDAR_ID": "***",
   "DESCRIPTION": "Этот календарь был изменен",
   "COLOR": "#FFFFFF",
   "TEXT_COLOR": "#000000",
   "EXPORT": {
    "ALLOW": true,
    "PATH": "https://b24-ar17wx.bitrix24.by/company/personal/user/1/calendar/",
    "LINK": "&type=user&owner=1&ncc=1&user=1&sec_id=202&sign=b54778bd46dcefea926a93c22b3f7cd8&bx_hit_hash=M77nYEUhypJX5zJBIW2iJO6vHlZcebbA"
   },
   "CAL_TYPE": "user",
   "OWNER_ID": "1",
   "CREATED_BY": "1",
   "DATE_CREATE": "2025-02-07 20:13:00",
   "TIMESTAMP_X": "2025-02-07 20:13:08",
   "CAL_DAV_CON": null,
   "SYNC_TOKEN": "***",
   "PAGE_TOKEN": "***",
   "EXTERNAL_TYPE": "local",
   "ACCESS": {
    "G2": 31,
    "U1": 39
   },
   "IS_COLLAB": false,
   "PERM": {
    "view_time": true,
    "view_title": true,
    "view_full": true,
    "add": true,
    "edit": true,
    "edit_section": true,
    "access": true
   }
  },
  {
   "ID": "204",
   "NAME": "Новое имя календаря",
   "GAPI_CALENDAR_ID": "***",
   "DESCRIPTION": "Этот календарь был изменен",
   "COLOR": "#FFFFFF",
   "TEXT_COLOR": "#000000",
   "EXPORT": {
    "ALLOW": true,
    "PATH": "https://b24-ar17wx.bitrix24.by/company/personal/user/1/calendar/",
    "LINK": "&type=user&owner=1&ncc=1&user=1&sec_id=204&sign=0f43574af419bdff8fe559ee44b4e9f5&bx_hit_hash=M77nYEUhypJX5zJBIW2iJO6vHlZcebbA"
   },
   "CAL_TYPE": "user",
   "OWNER_ID": "1",
   "CREATED_BY": "1",
   "DATE_CREATE": "2025-02-07 20:13:00",
   "TIMESTAMP_X": "2025-02-07 20:13:08",
   "CAL_DAV_CON": null,
   "SYNC_TOKEN": "***",
   "PAGE_TOKEN": "***",
   "EXTERNAL_TYPE": "local",
   "ACCESS": {
    "G2": 31,
    "U1": 39
   },
   "IS_COLLAB": false,
   "PERM": {
    "view_time": true,
    "view_title": true,
    "view_full": true,
    "add": true,
    "edit": true,
    "edit_section": true,
    "access": true
   }
  },
  {
   "ID": "206",
   "NAME": "Новое имя календаря",
   "GAPI_CALENDAR_ID": "***",
   "DESCRIPTION": "Этот календарь был изменен",
   "COLOR": "#FFFFFF",
   "TEXT_COLOR": "#000000",
   "EXPORT": {
    "ALLOW": true,
    "PATH": "https://b24-ar17wx.bitrix24.by/company/personal/user/1/calendar/",
    "LINK": "&type=user&owner=1&ncc=1&user=1&sec_id=206&sign=72690d386e13b47e2cd784d590c774db&bx_hit_hash=M77nYEUhypJX5zJBIW2iJO6vHlZcebbA"
   },
   "CAL_TYPE": "user",
   "OWNER_ID": "1",
   "CREATED_BY": "1",
   "DATE_CREATE": "2025-02-07 20:20:00",
   "TIMESTAMP_X": "2025-02-07 20:19:39",
   "CAL_DAV_CON": null,
   "SYNC_TOKEN": "***",
   "PAGE_TOKEN": "***",
   "EXTERNAL_TYPE": "local",
   "ACCESS": {
    "G2": 31,
    "U1": 39
   },
   "IS_COLLAB": false,
   "PERM": {
    "view_time": true,
    "view_title": true,
    "view_full": true,
    "add": true,
    "edit": true,
    "edit_section": true,
    "access": true
   }
  },
  {
   "ID": "208",
   "NAME": "Новое имя календаря",
   "GAPI_CALENDAR_ID": "***",
   "DESCRIPTION": "Этот календарь был изменен",
   "COLOR": "#FFFFFF",
   "TEXT_COLOR": "#000000",
   "EXPORT": {
    "ALLOW": true,
    "PATH": "https://b24-ar17wx.bitrix24.by/company/personal/user/1/calendar/",
    "LINK": "&type=user&owner=1&ncc=1&user=1&sec_id=208&sign=3f703c11b2143c2ca32d81efa3a28c03&bx_hit_hash=M77nYEUhypJX5zJBIW2iJO6vHlZcebbA"
   },
   "CAL_TYPE": "user",
   "OWNER_ID": "1",
   "CREATED_BY": "1",
   "DATE_CREATE": "2025-02-07 20:20:00",
   "TIMESTAMP_X": "2025-02-07 20:19:39",
   "CAL_DAV_CON": null,
   "SYNC_TOKEN": "***",
   "PAGE_TOKEN": "***",
   "EXTERNAL_TYPE": "local",
   "ACCESS": {
    "G2": 31,
    "U1": 39
   },
   "IS_COLLAB": false,
   "PERM": {
    "view_time": true,
    "view_title": true,
    "view_full": true,
    "add": true,
    "edit": true,
    "edit_section": true,
    "access": true
   }
  },
  {
   "ID": "210",
   "NAME": "Новое имя календаря",
   "GAPI_CALENDAR_ID": "***",
   "DESCRIPTION": "Этот календарь был изменен",
   "COLOR": "#FFFFFF",
   "TEXT_COLOR": "#000000",
   "EXPORT": {
    "ALLOW": true,
    "PATH": "https://b24-ar17wx.bitrix24.by/company/personal/user/1/calendar/",
    "LINK": "&type=user&owner=1&ncc=1&user=1&sec_id=210&sign=eaa1e0aaef3783674ed57b436a469684&bx_hit_hash=M77nYEUhypJX5zJBIW2iJO6vHlZcebbA"
   },
   "CAL_TYPE": "user",
   "OWNER_ID": "1",
   "CREATED_BY": "1",
   "DATE_CREATE": "2025-02-07 20:25:00",
   "TIMESTAMP_X": "2025-02-07 20:24:46",
   "CAL_DAV_CON": null,
   "SYNC_TOKEN": "***",
   "PAGE_TOKEN": "***",
   "EXTERNAL_TYPE": "local",
   "ACCESS": {
    "G2": 31,
    "U1": 39
   },
   "IS_COLLAB": false,
   "PERM": {
    "view_time": true,
    "view_title": true,
    "view_full": true,
    "add": true,
    "edit": true,
    "edit_section": true,
    "access": true
   }
  },
  {
   "ID": "212",
   "NAME": "Новое имя календаря",
   "GAPI_CALENDAR_ID": "***",
   "DESCRIPTION": "Этот календарь был изменен",
   "COLOR": "#FFFFFF",
   "TEXT_COLOR": "#000000",
   "EXPORT": {
    "ALLOW": true,
    "PATH": "https://b24-ar17wx.bitrix24.by/company/personal/user/1/calendar/",
    "LINK": "&type=user&owner=1&ncc=1&user=1&sec_id=212&sign=ef4bc381cc540ee26d7015d63ec9b6b7&bx_hit_hash=M77nYEUhypJX5zJBIW2iJO6vHlZcebbA"
   },
   "CAL_TYPE": "user",
   "OWNER_ID": "1",
   "CREATED_BY": "1",
   "DATE_CREATE": "2025-02-07 20:25:00",
   "TIMESTAMP_X": "2025-02-07 20:24:46",
   "CAL_DAV_CON": null,
   "SYNC_TOKEN": "***",
   "PAGE_TOKEN": "***",
   "EXTERNAL_TYPE": "local",
   "ACCESS": {
    "G2": 31,
    "U1": 39
   },
   "IS_COLLAB": false,
   "PERM": {
    "view_time": true,
    "view_title": true,
    "view_full": true,
    "add": true,
    "edit": true,
    "edit_section": true,
    "access": true
   }
  },
  {
   "ID": "214",
   "NAME": "Новое имя календаря",
   "GAPI_CALENDAR_ID": "***",
   "DESCRIPTION": "Этот календарь был изменен",
   "COLOR": "#FFFFFF",
   "TEXT_COLOR": "#000000",
   "EXPORT": {
    "ALLOW": true,
    "PATH": "https://b24-ar17wx.bitrix24.by/company/personal/user/1/calendar/",
    "LINK": "&type=user&owner=1&ncc=1&user=1&sec_id=214&sign=2c519ba362a073b556df7f42ee71d7f3&bx_hit_hash=M77nYEUhypJX5zJBIW2iJO6vHlZcebbA"
   },
   "CAL_TYPE": "user",
   "OWNER_ID": "1",
   "CREATED_BY": "1",
   "DATE_CREATE": "2025-02-07 20:27:00",
   "TIMESTAMP_X": "2025-02-07 20:26:35",
   "CAL_DAV_CON": null,
   "SYNC_TOKEN": "***",
   "PAGE_TOKEN": "***",
   "EXTERNAL_TYPE": "local",
   "ACCESS": {
    "G2": 31,
    "U1": 39
   },
   "IS_COLLAB": false,
   "PERM": {
    "view_time": true,
    "view_title": true,
    "view_full": true,
    "add": true,
    "edit": true,
    "edit_section": true,
    "access": true
   }
  },
  {
   "ID": "216",
   "NAME": "Новое имя календаря",
   "GAPI_CALENDAR_ID": "***",
   "DESCRIPTION": "Этот календарь был изменен",
   "COLOR": "#FFFFFF",
   "TEXT_COLOR": "#000000",
   "EXPORT": {
    "ALLOW": true,
    "PATH": "https://b24-ar17wx.bitrix24.by/company/personal/user/1/calendar/",
    "LINK": "&type=user&owner=1&ncc=1&user=1&sec_id=216&sign=91f5e8a175a03978cbb95069f06d1dee&bx_hit_hash=M77nYEUhypJX5zJBIW2iJO6vHlZcebbA"
   },
   "CAL_TYPE": "user",
   "OWNER_ID": "1",
   "CREATED_BY": "1",
   "DATE_CREATE": "2025-02-07 20:27:00",
   "TIMESTAMP_X": "2025-02-07 20:26:35",
   "CAL_DAV_CON": null,
   "SYNC_TOKEN": "***",
   "PAGE_TOKEN": "***",
   "EXTERNAL_TYPE": "local",
   "ACCESS": {
    "G2": 31,
    "U1": 39
   },
   "IS_COLLAB": false,
   "PERM": {
    "view_time": true,
    "view_title": true,
    "view_full": true,
    "add": true,
    "edit": true,
    "edit_section": true,
    "access": true
   }
  },
  {
   "ID": "218",
   "NAME": "Новое имя календаря",
   "GAPI_CALENDAR_ID": "***",
   "DESCRIPTION": "Этот календарь был изменен",
   "COLOR": "#FFFFFF",
   "TEXT_COLOR": "#000000",
   "EXPORT": {
    "ALLOW": true,
    "PATH": "https://b24-ar17wx.bitrix24.by/company/personal/user/1/calendar/",
    "LINK": "&type=user&owner=1&ncc=1&user=1&sec_id=218&sign=c991b5d791b74278091832b1805a613b&bx_hit_hash=M77nYEUhypJX5zJBIW2iJO6vHlZcebbA"
   },
   "CAL_TYPE": "user",
   "OWNER_ID": "1",
   "CREATED_BY": "1",
   "DATE_CREATE": "2025-02-07 20:29:00",
   "TIMESTAMP_X": "2025-02-07 20:28:39",
   "CAL_DAV_CON": null,
   "SYNC_TOKEN": "***",
   "PAGE_TOKEN": "***",
   "EXTERNAL_TYPE": "local",
   "ACCESS": {
    "G2": 31,
    "U1": 39
   },
   "IS_COLLAB": false,
   "PERM": {
    "view_time": true,
    "view_title": true,
    "view_full": true,
    "add": true,
    "edit": true,
    "edit_section": true,
    "access": true
   }
  },
  {
   "ID": "220",
   "NAME": "Новое имя календаря",
   "GAPI_CALENDAR_ID": "***",
   "DESCRIPTION": "Этот календарь был изменен",
   "COLOR": "#FFFFFF",
   "TEXT_COLOR": "#000000",
   "EXPORT": {
    "ALLOW": true,
    "PATH": "https://b24-ar17wx.bitrix24.by/company/personal/user/1/calendar/",
    "LINK": "&type=user&owner=1&ncc=1&user=1&sec_id=220&sign=50fec0e263112d413882fff991ae93f5&bx_hit_hash=M77nYEUhypJX5zJBIW2iJO6vHlZcebbA"
   },
   "CAL_TYPE": "user",
   "OWNER_ID": "1",
   "CREATED_BY": "1",
   "DATE_CREATE": "2025-02-07 20:29:00",
   "TIMESTAMP_X": "2025-02-07 20:28:39",
   "CAL_DAV_CON": null,
   "SYNC_TOKEN": "***",
   "PAGE_TOKEN": "***",
   "EXTERNAL_TYPE": "local",
   "ACCESS": {
    "G2": 31,
    "U1": 39
   },
   "IS_COLLAB": false,
   "PERM": {
    "view_time": true,
    "view_title": true,
    "view_full": true,
    "add": true,
    "edit": true,
    "edit_section": true,
    "access": true
   }
  },
  {
   "ID": "222",
   "NAME": "Новое имя календаря",
   "GAPI_CALENDAR_ID": "***",
   "DESCRIPTION": "Этот календарь был изменен",
   "COLOR": "#FFFFFF",
   "TEXT_COLOR": "#000000",
   "EXPORT": {
    "ALLOW": true,
    "PATH": "https://b24-ar17wx.bitrix24.by/company/personal/user/1/calendar/",
    "LINK": "&type=user&owner=1&ncc=1&user=1&sec_id=222&sign=1afae40777215c1168f16b5e05efbd7e&bx_hit_hash=M77nYEUhypJX5zJBIW2iJO6vHlZcebbA"
   },
   "CAL_TYPE": "user",
   "OWNER_ID": "1",
   "CREATED_BY": "1",
   "DATE_CREATE": "2025-02-07 20:36:00",
   "TIMESTAMP_X": "2025-02-07 20:35:58",
   "CAL_DAV_CON": null,
   "SYNC_TOKEN": "***",
   "PAGE_TOKEN": "***",
   "EXTERNAL_TYPE": "local",
   "ACCESS": {
    "G2": 31,
    "U1": 39
   },
   "IS_COLLAB": false,
   "PERM": {
    "view_time": true,
    "view_title": true,
    "view_full": true,
    "add": true,
    "edit": true,
    "edit_section": true,
    "access": true
   }
  },
  {
   "ID": "224",
   "NAME": "Новое имя календаря",
   "GAPI_CALENDAR_ID": "***",
   "DESCRIPTION": "Этот календарь был изменен",
   "COLOR": "#FFFFFF",
   "TEXT_COLOR": "#000000",
   "EXPORT": {
    "ALLOW": true,
    "PATH": "https://b24-ar17wx.bitrix24.by/company/personal/user/1/calendar/",
    "LINK": "&type=user&owner=1&ncc=1&user=1&sec_id=224&sign=1ffd1e74dbc6e9088068556ee184d49e&bx_hit_hash=M77nYEUhypJX5zJBIW2iJO6vHlZcebbA"
   },
   "CAL_TYPE": "user",
   "OWNER_ID": "1",
   "CREATED_BY": "1",
   "DATE_CREATE": "2025-02-07 20:36:00",
   "TIMESTAMP_X": "2025-02-07 20:35:58",
   "CAL_DAV_CON": null,
   "SYNC_TOKEN": "***",
   "PAGE_TOKEN": "***",
   "EXTERNAL_TYPE": "local",
   "ACCESS": {
    "G2": 31,
    "U1": 39
   },
   "IS_COLLAB": false,
   "PERM": {
    "view_time": true,
    "view_title": true,
    "view_full": true,
    "add": true,
    "edit": true,
    "edit_section": true,
    "access": true
   }
  },
  {
   "ID": "230",
   "NAME": "Новое имя календаря",
   "GAPI_CALENDAR_ID": "***",
   "DESCRIPTION": "Этот календарь был изменен",
   "COLOR": "#FFFFFF",
   "TEXT_COLOR": "#000000",
   "EXPORT": {
    "ALLOW": true,
    "PATH": "https://b24-ar17wx.bitrix24.by/company/personal/user/1/calendar/",
    "LINK": "&type=user&owner=1&ncc=1&user=1&sec_id=230&sign=40a288a02b2d368971712dd3c2a47e85&bx_hit_hash=M77nYEUhypJX5zJBIW2iJO6vHlZcebbA"
   },
   "CAL_TYPE": "user",
   "OWNER_ID": "1",
   "CREATED_BY": "1",
   "DATE_CREATE": "2025-02-08 11:35:00",
   "TIMESTAMP_X": "2025-02-08 11:35:18",
   "CAL_DAV_CON": null,
   "SYNC_TOKEN": "***",
   "PAGE_TOKEN": "***",
   "EXTERNAL_TYPE": "local",
   "ACCESS": {
    "G2": 31,
    "U1": 39
   },
   "IS_COLLAB": false,
   "PERM": {
    "view_time": true,
    "view_title": true,
    "view_full": true,
    "add": true,
    "edit": true,
    "edit_section": true,
    "access": true
   }
  },
  {
   "ID": "232",
   "NAME": "Новое имя календаря",
   "GAPI_CALENDAR_ID": "***",
   "DESCRIPTION": "Этот календарь был изменен",
   "COLOR": "#FFFFFF",
   "TEXT_COLOR": "#000000",
   "EXPORT": {
    "ALLOW": true,
    "PATH": "https://b24-ar17wx.bitrix24.by/company/personal/user/1/calendar/",
    "LINK": "&type=user&owner=1&ncc=1&user=1&sec_id=232&sign=889138d03f14be492b26f3aecf0d9007&bx_hit_hash=M77nYEUhypJX5zJBIW2iJO6vHlZcebbA"
   },
   "CAL_TYPE": "user",
   "OWNER_ID": "1",
   "CREATED_BY": "1",
   "DATE_CREATE": "2025-02-08 11:35:00",
   "TIMESTAMP_X": "2025-02-08 11:35:19",
   "CAL_DAV_CON": null,
   "SYNC_TOKEN": "***",
   "PAGE_TOKEN": "***",
   "EXTERNAL_TYPE": "local",
   "ACCESS": {
    "G2": 31,
    "U1": 39
   },
   "IS_COLLAB": false,
   "PERM": {
    "view_time": true,
    "view_title": true,
    "view_full": true,
    "add": true,
    "edit": true,
    "edit_section": true,
    "access": true
   }
  },
  {
   "ID": "258",
   "NAME": "New calendar name",
   "GAPI_CALENDAR_ID": "***",
   "DESCRIPTION": "This calendar has been changed",
   "COLOR": "#FFFFFF",
   "TEXT_COLOR": "#000000",
   "EXPORT": {
    "ALLOW": true,
    "PATH": "https://b24-ar17wx.bitrix24.by/company/personal/user/1/calendar/",
    "LINK": "&type=user&owner=1&ncc=1&user=1&sec_id=258&sign=7f3c5198e866aeccc0046af2f7e6e3f7&bx_hit_hash=M77nYEUhypJX5zJBIW2iJO6vHlZcebbA"
   },
   "CAL_TYPE": "user",
   "OWNER_ID": "1",
   "CREATED_BY": "1",
   "DATE_CREATE": "2025-02-08 23:09:00",
   "TIMESTAMP_X": "2025-02-08 23:09:12",
   "CAL_DAV_CON": null,
   "SYNC_TOKEN": "***",
   "PAGE_TOKEN": "***",
   "EXTERNAL_TYPE": "local",
   "ACCESS": {
    "G2": 31,
    "U1": 39
   },
   "IS_COLLAB": false,
   "PERM": {
    "view_time": true,
    "view_title": true,
    "view_full": true,
    "add": true,
    "edit": true,
    "edit_section": true,
    "access": true
   }
  },
  {
   "ID": "260",
   "NAME": "New calendar name",
   "GAPI_CALENDAR_ID": "***",
   "DESCRIPTION": "This calendar has been changed",
   "COLOR": "#FFFFFF",
   "TEXT_COLOR": "#000000",
   "EXPORT": {
    "ALLOW": true,
    "PATH": "https://b24-ar17wx.bitrix24.by/company/personal/user/1/calendar/",
    "LINK": "&type=user&owner=1&ncc=1&user=1&sec_id=260&sign=725aab8a532b05c6d963ba0d516b3bdf&bx_hit_hash=M77nYEUhypJX5zJBIW2iJO6vHlZcebbA"
   },
   "CAL_TYPE": "user",
   "OWNER_ID": "1",
   "CREATED_BY": "1",
   "DATE_CREATE": "2025-02-08 23:09:00",
   "TIMESTAMP_X": "2025-02-08 23:09:12",
   "CAL_DAV_CON": null,
   "SYNC_TOKEN": "***",
   "PAGE_TOKEN": "***",
   "EXTERNAL_TYPE": "local",
   "ACCESS": {
    "G2": 31,
    "U1": 39
   },
   "IS_COLLAB": false,
   "PERM": {
    "view_time": true,
    "view_title": true,
    "view_full": true,
    "add": true,
    "edit": true,
    "edit_section": true,
    "access": true
   }
  },
  {
   "ID": "286",
   "NAME": "New calendar name",
   "GAPI_CALENDAR_ID": "***",
   "DESCRIPTION": "This calendar has been changed",
   "COLOR": "#FFFFFF",
   "TEXT_COLOR": "#000000",
   "EXPORT": {
    "ALLOW": true,
    "PATH": "https://b24-ar17wx.bitrix24.by/company/personal/user/1/calendar/",
    "LINK": "&type=user&owner=1&ncc=1&user=1&sec_id=286&sign=9af4f06e915dbf93f0d5af8723c48e7e&bx_hit_hash=M77nYEUhypJX5zJBIW2iJO6vHlZcebbA"
   },
   "CAL_TYPE": "user",
   "OWNER_ID": "1",
   "CREATED_BY": "1",
   "DATE_CREATE": "2025-02-09 17:51:00",
   "TIMESTAMP_X": "2025-02-09 17:51:00",
   "CAL_DAV_CON": null,
   "SYNC_TOKEN": "***",
   "PAGE_TOKEN": "***",
   "EXTERNAL_TYPE": "local",
   "ACCESS": {
    "G2": 31,
    "U1": 39
   },
   "IS_COLLAB": false,
   "PERM": {
    "view_time": true,
    "view_title": true,
    "view_full": true,
    "add": true,
    "edit": true,
    "edit_section": true,
    "access": true
   }
  },
  {
   "ID": "288",
   "NAME": "New calendar name",
   "GAPI_CALENDAR_ID": "***",
   "DESCRIPTION": "This calendar has been changed",
   "COLOR": "#FFFFFF",
   "TEXT_COLOR": "#000000",
   "EXPORT": {
    "ALLOW": true,
    "PATH": "https://b24-ar17wx.bitrix24.by/company/personal/user/1/calendar/",
    "LINK": "&type=user&owner=1&ncc=1&user=1&sec_id=288&sign=b2b8b26b053dea464552c7af15d40851&bx_hit_hash=M77nYEUhypJX5zJBIW2iJO6vHlZcebbA"
   },
   "CAL_TYPE": "user",
   "OWNER_ID": "1",
   "CREATED_BY": "1",
   "DATE_CREATE": "2025-02-09 17:51:00",
   "TIMESTAMP_X": "2025-02-09 17:51:00",
   "CAL_DAV_CON": null,
   "SYNC_TOKEN": "***",
   "PAGE_TOKEN": "***",
   "EXTERNAL_TYPE": "local",
   "ACCESS": {
    "G2": 31,
    "U1": 39
   },
   "IS_COLLAB": false,
   "PERM": {
    "view_time": true,
    "view_title": true,
    "view_full": true,
    "add": true,
    "edit": true,
    "edit_section": true,
    "access": true
   }
  },
  {
   "ID": "290",
   "NAME": "New calendar name",
   "GAPI_CALENDAR_ID": "***",
   "DESCRIPTION": "This calendar has been changed",
   "COLOR": "#FFFFFF",
   "TEXT_COLOR": "#000000",
   "EXPORT": {
    "ALLOW": true,
    "PATH": "https://b24-ar17wx.bitrix24.by/company/personal/user/1/calendar/",
    "LINK": "&type=user&owner=1&ncc=1&user=1&sec_id=290&sign=352bcebb979a8a3df141bc0967da7e23&bx_hit_hash=M77nYEUhypJX5zJBIW2iJO6vHlZcebbA"
   },
   "CAL_TYPE": "user",
   "OWNER_ID": "1",
   "CREATED_BY": "1",
   "DATE_CREATE": "2025-02-09 17:59:00",
   "TIMESTAMP_X": "2025-02-09 17:59:00",
   "CAL_DAV_CON": null,
   "SYNC_TOKEN": "***",
   "PAGE_TOKEN": "***",
   "EXTERNAL_TYPE": "local",
   "ACCESS": {
    "G2": 31,
    "U1": 39
   },
   "IS_COLLAB": false,
   "PERM": {
    "view_time": true,
    "view_title": true,
    "view_full": true,
    "add": true,
    "edit": true,
    "edit_section": true,
    "access": true
   }
  },
  {
   "ID": "292",
   "NAME": "New calendar name",
   "GAPI_CALENDAR_ID": "***",
   "DESCRIPTION": "This calendar has been changed",
   "COLOR": "#FFFFFF",
   "TEXT_COLOR": "#000000",
   "EXPORT": {
    "ALLOW": true,
    "PATH": "https://b24-ar17wx.bitrix24.by/company/personal/user/1/calendar/",
    "LINK": "&type=user&owner=1&ncc=1&user=1&sec_id=292&sign=0661c0f0e876282a21ec48ef988fcf91&bx_hit_hash=M77nYEUhypJX5zJBIW2iJO6vHlZcebbA"
   },
   "CAL_TYPE": "user",
   "OWNER_ID": "1",
   "CREATED_BY": "1",
   "DATE_CREATE": "2025-02-09 17:59:00",
   "TIMESTAMP_X": "2025-02-09 17:59:00",
   "CAL_DAV_CON": null,
   "SYNC_TOKEN": "***",
   "PAGE_TOKEN": "***",
   "EXTERNAL_TYPE": "local",
   "ACCESS": {
    "G2": 31,
    "U1": 39
   },
   "IS_COLLAB": false,
   "PERM": {
    "view_time": true,
    "view_title": true,
    "view_full": true,
    "add": true,
    "edit": true,
    "edit_section": true,
    "access": true
   }
  },
  {
   "ID": "586",
   "NAME": "Новый календарь",
   "GAPI_CALENDAR_ID": "***",
   "DESCRIPTION": "Мой новый календарь",
   "COLOR": "#FFFFFF",
   "TEXT_COLOR": "#000000",
   "EXPORT": {
    "ALLOW": true,
    "PATH": "https://b24-ar17wx.bitrix24.by/company/personal/user/1/calendar/",
    "LINK": "&type=user&owner=1&ncc=1&user=1&sec_id=586&sign=6c2db08c35dbb87ffebc1e507b445313&bx_hit_hash=M77nYEUhypJX5zJBIW2iJO6vHlZcebbA"
   },
   "CAL_TYPE": "user",
   "OWNER_ID": "1",
   "CREATED_BY": "1",
   "DATE_CREATE": "2025-04-23 00:08:00",
   "TIMESTAMP_X": "2025-04-23 00:08:00",
   "CAL_DAV_CON": null,
   "SYNC_TOKEN": "***",
   "PAGE_TOKEN": "***",
   "EXTERNAL_TYPE": "local",
   "ACCESS": {
    "G2": 31,
    "U1": 39
   },
   "IS_COLLAB": false,
   "PERM": {
    "view_time": true,
    "view_title": true,
    "view_full": true,
    "add": true,
    "edit": true,
    "edit_section": true,
    "access": true
   }
  },
  {
   "ID": "944",
   "NAME": "new calendar",
   "GAPI_CALENDAR_ID": "***",
   "DESCRIPTION": "My new calendar",
   "COLOR": "#FFFFFF",
   "TEXT_COLOR": "#000000",
   "EXPORT": {
    "ALLOW": true,
    "PATH": "https://b24-ar17wx.bitrix24.by/company/personal/user/1/calendar/",
    "LINK": "&type=user&owner=1&ncc=1&user=1&sec_id=944&sign=2d47c0753488eedc472d92a0f6dd1946&bx_hit_hash=M77nYEUhypJX5zJBIW2iJO6vHlZcebbA"
   },
   "CAL_TYPE": "user",
   "OWNER_ID": "1",
   "CREATED_BY": "1",
   "DATE_CREATE": "2025-07-05 09:54:00",
   "TIMESTAMP_X": "2025-07-05 09:54:00",
   "CAL_DAV_CON": null,
   "SYNC_TOKEN": "***",
   "PAGE_TOKEN": "***",
   "EXTERNAL_TYPE": "local",
   "ACCESS": {
    "G2": 31,
    "U1": 39
   },
   "IS_COLLAB": false,
   "PERM": {
    "view_time": true,
    "view_title": true,
    "view_full": true,
    "add": true,
    "edit": true,
    "edit_section": true,
    "access": true
   }
  },
  {
   "ID": "1200",
   "NAME": "Новый календарь",
   "GAPI_CALENDAR_ID": "***",
   "DESCRIPTION": "Мой новый календарь",
   "COLOR": "#FFFFFF",
   "TEXT_COLOR": "#000000",
   "EXPORT": {
    "ALLOW": true,
    "PATH": "https://b24-ar17wx.bitrix24.by/company/personal/user/1/calendar/",
    "LINK": "&type=user&owner=1&ncc=1&user=1&sec_id=1200&sign=aed9012c2b0b2d9ff61d5e8a13d3cbfa&bx_hit_hash=M77nYEUhypJX5zJBIW2iJO6vHlZcebbA"
   },
   "CAL_TYPE": "user",
   "OWNER_ID": "1",
   "CREATED_BY": "1",
   "DATE_CREATE": "2025-08-31 19:33:00",
   "TIMESTAMP_X": "2025-08-31 19:33:00",
   "CAL_DAV_CON": null,
   "SYNC_TOKEN": "***",
   "PAGE_TOKEN": "***",
   "EXTERNAL_TYPE": "local",
   "ACCESS": {
    "G2": 31,
    "U1": 39
   },
   "IS_COLLAB": false,
   "PERM": {
    "view_time": true,
    "view_title": true,
    "view_full": true,
    "add": true,
    "edit": true,
    "edit_section": true,
    "access": true
   }
  },
  {
   "ID": "1222",
   "NAME": "Новый календарь",
   "GAPI_CALENDAR_ID": "***",
   "DESCRIPTION": "Мой новый календарь",
   "COLOR": "#FFFFFF",
   "TEXT_COLOR": "#000000",
   "EXPORT": {
    "ALLOW": true,
    "PATH": "https://b24-ar17wx.bitrix24.by/company/personal/user/1/calendar/",
    "LINK": "&type=user&owner=1&ncc=1&user=1&sec_id=1222&sign=667064eb26f6201a81e384145a1e45b0&bx_hit_hash=M77nYEUhypJX5zJBIW2iJO6vHlZcebbA"
   },
   "CAL_TYPE": "user",
   "OWNER_ID": "1",
   "CREATED_BY": "1",
   "DATE_CREATE": "2025-09-03 22:16:00",
   "TIMESTAMP_X": "2025-09-03 22:16:00",
   "CAL_DAV_CON": null,
   "SYNC_TOKEN": "***",
   "PAGE_TOKEN": "***",
   "EXTERNAL_TYPE": "local",
   "ACCESS": {
    "G2": 31,
    "U1": 39
   },
   "IS_COLLAB": false,
   "PERM": {
    "view_time": true,
    "view_title": true,
    "view_full": true,
    "add": true,
    "edit": true,
    "edit_section": true,
    "access": true
   }
  },
  {
   "ID": "1272",
   "NAME": "Новый календарь",
   "GAPI_CALENDAR_ID": "***",
   "DESCRIPTION": "Мой новый календарь",
   "COLOR": "#FFFFFF",
   "TEXT_COLOR": "#000000",
   "EXPORT": {
    "ALLOW": true,
    "PATH": "https://b24-ar17wx.bitrix24.by/company/personal/user/1/calendar/",
    "LINK": "&type=user&owner=1&ncc=1&user=1&sec_id=1272&sign=c676897bb7fcff4582a3871199c049ef&bx_hit_hash=M77nYEUhypJX5zJBIW2iJO6vHlZcebbA"
   },
   "CAL_TYPE": "user",
   "OWNER_ID": "1",
   "CREATED_BY": "1",
   "DATE_CREATE": "2025-09-08 14:48:00",
   "TIMESTAMP_X": "2025-09-08 14:48:00",
   "CAL_DAV_CON": null,
   "SYNC_TOKEN": "***",
   "PAGE_TOKEN": "***",
   "EXTERNAL_TYPE": "local",
   "ACCESS": {
    "G2": 31,
    "U1": 39
   },
   "IS_COLLAB": false,
   "PERM": {
    "view_time": true,
    "view_title": true,
    "view_full": true,
    "add": true,
    "edit": true,
    "edit_section": true,
    "access": true
   }
  },
  {
   "ID": "1906",
   "NAME": "New calendar name",
   "GAPI_CALENDAR_ID": "***",
   "DESCRIPTION": "This calendar has been changed",
   "COLOR": "#FFFFFF",
   "TEXT_COLOR": "#000000",
   "EXPORT": {
    "ALLOW": true,
    "PATH": "https://b24-ar17wx.bitrix24.by/company/personal/user/1/calendar/",
    "LINK": "&type=user&owner=1&ncc=1&user=1&sec_id=1906&sign=ea2a7e2c0154410752d9ed89b42190fc&bx_hit_hash=M77nYEUhypJX5zJBIW2iJO6vHlZcebbA"
   },
   "CAL_TYPE": "user",
   "OWNER_ID": "1",
   "CREATED_BY": "1",
   "DATE_CREATE": "2026-01-06 17:25:00",
   "TIMESTAMP_X": "2026-01-06 17:25:00",
   "CAL_DAV_CON": null,
   "SYNC_TOKEN": "***",
   "PAGE_TOKEN": "***",
   "EXTERNAL_TYPE": "local",
   "ACCESS": {
    "G2": 31,
    "U1": 39
   },
   "IS_COLLAB": false,
   "PERM": {
    "view_time": true,
    "view_title": true,
    "view_full": true,
    "add": true,
    "edit": true,
    "edit_section": true,
    "access": true
   }
  },
  {
   "ID": "1908",
   "NAME": "New calendar name",
   "GAPI_CALENDAR_ID": "***",
   "DESCRIPTION": "This calendar has been changed",
   "COLOR": "#FFFFFF",
   "TEXT_COLOR": "#000000",
   "EXPORT": {
    "ALLOW": true,
    "PATH": "https://b24-ar17wx.bitrix24.by/company/personal/user/1/calendar/",
    "LINK": "&type=user&owner=1&ncc=1&user=1&sec_id=1908&sign=50eb896ec6d0626ef02749fa6779a1b3&bx_hit_hash=M77nYEUhypJX5zJBIW2iJO6vHlZcebbA"
   },
   "CAL_TYPE": "user",
   "OWNER_ID": "1",
   "CREATED_BY": "1",
   "DATE_CREATE": "2026-01-06 17:25:00",
   "TIMESTAMP_X": "2026-01-06 17:25:00",
   "CAL_DAV_CON": null,
   "SYNC_TOKEN": "***",
   "PAGE_TOKEN": "***",
   "EXTERNAL_TYPE": "local",
   "ACCESS": {
    "G2": 31,
    "U1": 39
   },
   "IS_COLLAB": false,
   "PERM": {
    "view_time": true,
    "view_title": true,
    "view_full": true,
    "add": true,
    "edit": true,
    "edit_section": true,
    "access": true
   }
  }
 ],
 "time": {
  "start": 1767709480,
  "finish": 1767709480.13996,
  "duration": 0.139959096908569,
  "processing": 0,
  "date_start": "2026-01-06T14:24:40+00:00",
  "date_finish": "2026-01-06T14:24:40+00:00",
  "operating_reset_at": 1767710080,
  "operating": 0
 }
}
