{
 "result": {
  "chat_id": 10,
  "messages": [
   {
    "id": 16,
    "chat_id": 10,
    "author_id": 0,
    "date": "2024-06-15T16:48:49+00:00",
    "text": "Я с вами в команде!",
    "unread": false,
    "uuid": null,
    "replaces": [],
    "params": {
     "CODE": [
      "USER_JOIN"
     ]
    },
    "disappearing_date": null
   },
   {
    "id": 3808,
    "chat_id": 10,
    "author_id": 1,
    "date": "2024-07-13T14:45:29+00:00",
    "text": "Сообщение для теста",
    "unread": false,
    "uuid": null,
    "replaces": [],
    "params": [],
    "disappearing_date": null
   },
   {
    "id": 3810,
    "chat_id": 10,
    "author_id": 10,
    "date": "2024-07-13T14:46:31+00:00",
    "text": "Понял",
    "unread": false,
    "uuid": null,
    "replaces": [],
    "params": [],
    "disappearing_date": null
   },
   {
    "id": 3852,
    "chat_id": 10,
    "author_id": 10,
    "date": "2024-07-13T14:54:42+00:00",
    "text": "Принял",
    "unread": false,
    "uuid": null,
    "replaces": [],
    "params": [],
    "disappearing_date": null
   },
   {
    "id": 3854,
    "chat_id": 10,
    "author_id": 10,
    "date": "2024-07-13T14:54:43+00:00",
    "text": "Записал",
    "unread": false,
    "uuid": null,
    "replaces": [],
    "params": [],
    "disappearing_date": null
   },
   {
    "id": 4286,
    "chat_id": 10,
    "author_id": 1,
    "date": "2024-07-13T16:06:51+00:00",
    "text": "Текст сообщения",
    "unread": false,
    "uuid": null,
    "replaces": [],
    "params": [],
    "disappearing_date": null
   },
   {
    "id": 4366,
    "chat_id": 10,
    "author_id": 1,
    "date": "2024-07-13T16:40:58+00:00",
    "text": "Message text",
    "unread": false,
    "uuid": null,
    "replaces": [],
    "params": [],
    "disappearing_date": null
   },
   {
    "id": 4406,
    "chat_id": 10,
    "author_id": 1,
    "date": "2024-07-13T19:57:33+00:00",
    "text": "Это сообщение было удалено",
    "unread": false,
    "uuid": null,
    "replaces": [],
    "params": {
     "IS_DELETED": "Y"
    },
    "disappearing_date": null
   },
   {
    "id": 4446,
    "chat_id": 10,
    "author_id": 1,
    "date": "2024-07-13T20:21:27+00:00",
    "text": "Текст сообщения",
    "unread": false,
    "uuid": null,
    "replaces": [],
    "params": [],
    "disappearing_date": null
   },
   {
    "id": 4486,
    "chat_id": 10,
    "author_id": 1,
    "date": "2024-07-13T20:22:30+00:00",
    "text": "Это сообщение было удалено",
    "unread": false,
    "uuid": null,
    "replaces": [],
    "params": {
     "IS_DELETED": "Y"
    },
    "disappearing_date": null
   },
   {
    "id": 4526,
    "chat_id": 10,
    "author_id": 1,
    "date": "2024-07-13T20:41:21+00:00",
    "text": "Это сообщение было удалено",
    "unread": false,
    "uuid": null,
    "replaces": [],
    "params": {
     "IS_DELETED": "Y"
    },
    "disappearing_date": null
   },
   {
    "id": 4668,
    "chat_id": 10,
    "author_id": 1,
    "date": "2024-07-14T08:10:33+00:00",
    "text": "Это сообщение было удалено",
    "unread": false,
    "uuid": null,
    "replaces": [],
    "params": {
     "IS_DELETED": "Y"
    },
    "disappearing_date": null
   },
   {
    "id": 4708,
    "chat_id": 10,
    "author_id": 1,
    "date": "2024-07-14T08:22:56+00:00",
    "text": "Это сообщение было удалено",
    "unread": false,
    "uuid": null,
    "replaces": [],
    "params": {
     "IS_DELETED": "Y"
    },
    "disappearing_date": null
   },
   {
    "id": 4748,
    "chat_id": 10,
    "author_id": 1,
    "date": "2024-07-14T08:26:01+00:00",
    "text": "Это сообщение было удалено",
    "unread": false,
    "uuid": null,
    "replaces": [],
    "params": {
     "IS_DELETED": "Y"
    },
    "disappearing_date": null
   },
   {
    "id": 4788,
    "chat_id": 10,
    "author_id": 1,
    "date": "2024-07-14T08:28:01+00:00",
    "text": "Это сообщение было удалено",
    "unread": false,
    "uuid": null,
    "replaces": [],
    "params": {
     "IS_DELETED": "Y"
    },
    "disappearing_date": null
   },
   {
    "id": 4828,
    "chat_id": 10,
    "author_id": 1,
    "date": "2024-07-14T08:28:36+00:00",
    "text": "Это сообщение было удалено",
    "unread": false,
    "uuid": null,
    "replaces": [],
    "params": {
     "IS_DELETED": "Y"
    },
    "disappearing_date": null
   },
   {
    "id": 4868,
    "chat_id": 10,
    "author_id": 1,
    "date": "2024-07-14T08:30:18+00:00",
    "text": "Это сообщение было удалено",
    "unread": false,
    "uuid": null,
    "replaces": [],
    "params": {
     "IS_DELETED": "Y"
    },
    "disappearing_date": null
   },
   {
    "id": 4908,
    "chat_id": 10,
    "author_id": 1,
    "date": "2024-07-14T08:52:24+00:00",
    "text": "Это сообщение было удалено",
    "unread": false,
    "uuid": null,
    "replaces": [],
    "params": {
     "IS_DELETED": "Y"
    },
    "disappearing_date": null
   },
   {
    "id": 4948,
    "chat_id": 10,
    "author_id": 1,
    "date": "2024-07-14T08:53:31+00:00",
    "text": "Это сообщение было удалено",
    "unread": false,
    "uuid": null,
    "replaces": [],
    "params": {
     "IS_DELETED": "Y"
    },
    "disappearing_date": null
   },
   {
    "id": 4990,
    "chat_id": 10,
    "author_id": 1,
    "date": "2024-07-14T08:57:06+00:00",
    "text": "Это сообщение было удалено",
    "unread": false,
    "uuid": null,
    "replaces": [],
    "params": {
     "IS_DELETED": "Y"
    },
    "disappearing_date": null
   }
  ],
  "users": [
   {
    "id": 1,
    "active": true,
    "name": "Антон Титовец",
    "first_name": "Антон",
    "last_name": "Титовец",
    "work_position": null,
    "color": "#df532d",
    "avatar": "https://cdn-ru.bitrix24.by/b28528874/resize_cache/30/ff58db95aecdfa09ae61b51b5fd8f63f/main/d7e/d7e99cf556e4ab676463dae2c00ddfbb/a7e0af6899300e3c684caeca5c334d81.jpg",
    "avatar_hr": "https://cdn-ru.bitrix24.by/b28528874/resize_cache/30/ff58db95aecdfa09ae61b51b5fd8f63f/main/d7e/d7e99cf556e4ab676463dae2c00ddfbb/a7e0af6899300e3c684caeca5c334d81.jpg",
    "gender": "M",
    "birthday": "",
    "extranet": false,
    "network": false,
    "bot": false,
    "connector": false,
    "external_auth_id": "socservices",
    "status": "online",
    "idle": false,
    "last_activity_date": "2025-09-10T07:51:58+00:00",
    "mobile_last_date": false,
    "desktop_last_date": false,
    "absent": false,
    "departments": [
     1,
     638,
     2774
    ],
    "phones": false,
    "bot_data": null,
    "type": "user"
   },
   {
    "id": 10,
    "active": true,
    "name": "Techno Pizza",
    "first_name": "Techno",
    "last_name": "Pizza",
    "work_position": null,
    "color": "#ab7761",
    "avatar": "",
    "avatar_hr": "https://b24-ar17wx.bitrix24.by/bitrix/js/im/images/blank.gif",
    "gender": "M",
    "birthday": "",
    "extranet": false,
    "network": false,
    "bot": false,
    "connector": false,
    "external_auth_id": "socservices",
    "status": "online",
    "idle": false,
    "last_activity_date": "2024-07-13T18:36:23+00:00",
    "mobile_last_date": false,
    "desktop_last_date": false,
    "absent": false,
    "departments": [
     1,
     640,
     2774
    ],
    "phones": false,
    "bot_data": null,
    "type": "user"
   }
  ],
  "files": []
 },
 "time": {
  "start": 1760044405,
  "finish": 1760044405.29141,
  "duration": 0.291413068771362,
  "processing": 0,
  "date_start": "2025-10-09T21:13:25+00:00",
  "date_finish": "2025-10-09T21:13:25+00:00",
  "operating_reset_at": 1760045005,
  "operating": 0
 }
}
