 {
 "result": [
  {
   "ID": "2",
   "TITLE": "Мегаклиент",
   "TYPE_ID": "SALE",
   "STAGE_ID": "NEW",
   "PROBABILITY": null,
   "CURRENCY_ID": "BYN",
   "OPPORTUNITY": "0.00",
   "IS_MANUAL_OPPORTUNITY": "N",
   "TAX_VALUE": null,
   "LEAD_ID": "2",
   "COMPANY_ID": "0",
   "CONTACT_ID": "2",
   "QUOTE_ID": null,
   "BEGINDATE": "2024-08-22T03:00:00+03:00",
   "CLOSEDATE": "2024-08-29T03:00:00+03:00",
   "ASSIGNED_BY_ID": "1",
   "CREATED_BY_ID": "1",
   "MODIFY_BY_ID": "1",
   "DATE_CREATE": "2024-08-22T19:25:58+03:00",
   "DATE_MODIFY": "2024-08-22T19:25:58+03:00",
   "OPENED": "N",
   "CLOSED": "N",
   "COMMENTS": null,
   "ADDITIONAL_INFO": null,
   "LOCATION_ID": null,
   "CATEGORY_ID": "0",
   "STAGE_SEMANTIC_ID": "P",
   "IS_NEW": "Y",
   "IS_RECURRING": "N",
   "IS_RETURN_CUSTOMER": "N",
   "IS_REPEATED_APPROACH": "N",
   "SOURCE_ID": null,
   "SOURCE_DESCRIPTION": null,
   "ORIGINATOR_ID": null,
   "ORIGIN_ID": null,
   "MOVED_BY_ID": "1",
   "MOVED_TIME": "2024-08-22T19:25:58+03:00",
   "LAST_ACTIVITY_TIME": "2024-08-22T19:25:58+03:00",
   "UTM_SOURCE": null,
   "UTM_MEDIUM": null,
   "UTM_CAMPAIGN": null,
   "UTM_CONTENT": null,
   "UTM_TERM": null,
   "LAST_ACTIVITY_BY": "1"
  },
  {
   "ID": "4",
   "TITLE": "Мегаклиент",
   "TYPE_ID": "SALE",
   "STAGE_ID": "NEW",
   "PROBABILITY": null,
   "CURRENCY_ID": "BYN",
   "OPPORTUNITY": "0.00",
   "IS_MANUAL_OPPORTUNITY": "N",
   "TAX_VALUE": null,
   "LEAD_ID": "4",
   "COMPANY_ID": "0",
   "CONTACT_ID": "4",
   "QUOTE_ID": null,
   "BEGINDATE": "2024-08-22T03:00:00+03:00",
   "CLOSEDATE": "2024-08-29T03:00:00+03:00",
   "ASSIGNED_BY_ID": "1",
   "CREATED_BY_ID": "1",
   "MODIFY_BY_ID": "1",
   "DATE_CREATE": "2024-08-22T19:40:17+03:00",
   "DATE_MODIFY": "2024-08-22T19:40:18+03:00",
   "OPENED": "N",
   "CLOSED": "N",
   "COMMENTS": null,
   "ADDITIONAL_INFO": null,
   "LOCATION_ID": null,
   "CATEGORY_ID": "0",
   "STAGE_SEMANTIC_ID": "P",
   "IS_NEW": "Y",
   "IS_RECURRING": "N",
   "IS_RETURN_CUSTOMER": "N",
   "IS_REPEATED_APPROACH": "N",
   "SOURCE_ID": null,
   "SOURCE_DESCRIPTION": null,
   "ORIGINATOR_ID": null,
   "ORIGIN_ID": null,
   "MOVED_BY_ID": "1",
   "MOVED_TIME": "2024-08-22T19:40:17+03:00",
   "LAST_ACTIVITY_TIME": "2024-08-22T19:40:17+03:00",
   "UTM_SOURCE": null,
   "UTM_MEDIUM": null,
   "UTM_CAMPAIGN": null,
   "UTM_CONTENT": null,
   "UTM_TERM": null,
   "LAST_ACTIVITY_BY": "1"
  },
  {
   "ID": "6",
   "TITLE": "Мегаклиент",
   "TYPE_ID": "SALE",
   "STAGE_ID": "NEW",
   "PROBABILITY": null,
   "CURRENCY_ID": "BYN",
   "OPPORTUNITY": "0.00",
   "IS_MANUAL_OPPORTUNITY": "N",
   "TAX_VALUE": null,
   "LEAD_ID": "6",
   "COMPANY_ID": "0",
   "CONTACT_ID": "6",
   "QUOTE_ID": null,
   "BEGINDATE": "2024-08-22T03:00:00+03:00",
   "CLOSEDATE": "2024-08-29T03:00:00+03:00",
   "ASSIGNED_BY_ID": "1",
   "CREATED_BY_ID": "1",
   "MODIFY_BY_ID": "1",
   "DATE_CREATE": "2024-08-22T19:40:18+03:00",
   "DATE_MODIFY": "2024-08-22T19:40:18+03:00",
   "OPENED": "N",
   "CLOSED": "N",
   "COMMENTS": null,
   "ADDITIONAL_INFO": null,
   "LOCATION_ID": null,
   "CATEGORY_ID": "0",
   "STAGE_SEMANTIC_ID": "P",
   "IS_NEW": "Y",
   "IS_RECURRING": "N",
   "IS_RETURN_CUSTOMER": "N",
   "IS_REPEATED_APPROACH": "N",
   "SOURCE_ID": null,
   "SOURCE_DESCRIPTION": null,
   "ORIGINATOR_ID": null,
   "ORIGIN_ID": null,
   "MOVED_BY_ID": "1",
   "MOVED_TIME": "2024-08-22T19:40:18+03:00",
   "LAST_ACTIVITY_TIME": "2024-08-22T19:40:18+03:00",
   "UTM_SOURCE": null,
   "UTM_MEDIUM": null,
   "UTM_CAMPAIGN": null,
   "UTM_CONTENT": null,
   "UTM_TERM": null,
   "LAST_ACTIVITY_BY": "1"
  },
  {
   "ID": "8",
   "TITLE": "Мегаклиент",
   "TYPE_ID": "SALE",
   "STAGE_ID": "NEW",
   "PROBABILITY": null,
   "CURRENCY_ID": "BYN",
   "OPPORTUNITY": "0.00",
   "IS_MANUAL_OPPORTUNITY": "N",
   "TAX_VALUE": null,
   "LEAD_ID": "8",
   "COMPANY_ID": "0",
   "CONTACT_ID": "8",
   "QUOTE_ID": null,
   "BEGINDATE": "2024-08-22T03:00:00+03:00",
   "CLOSEDATE": "2024-08-29T03:00:00+03:00",
   "ASSIGNED_BY_ID": "1",
   "CREATED_BY_ID": "1",
   "MODIFY_BY_ID": "1",
   "DATE_CREATE": "2024-08-22T19:48:12+03:00",
   "DATE_MODIFY": "2024-08-22T19:48:12+03:00",
   "OPENED": "N",
   "CLOSED": "N",
   "COMMENTS": null,
   "ADDITIONAL_INFO": null,
   "LOCATION_ID": null,
   "CATEGORY_ID": "0",
   "STAGE_SEMANTIC_ID": "P",
   "IS_NEW": "Y",
   "IS_RECURRING": "N",
   "IS_RETURN_CUSTOMER": "N",
   "IS_REPEATED_APPROACH": "N",
   "SOURCE_ID": null,
   "SOURCE_DESCRIPTION": null,
   "ORIGINATOR_ID": null,
   "ORIGIN_ID": null,
   "MOVED_BY_ID": "1",
   "MOVED_TIME": "2024-08-22T19:48:12+03:00",
   "LAST_ACTIVITY_TIME": "2024-08-22T19:48:12+03:00",
   "UTM_SOURCE": null,
   "UTM_MEDIUM": null,
   "UTM_CAMPAIGN": null,
   "UTM_CONTENT": null,
   "UTM_TERM": null,
   "LAST_ACTIVITY_BY": "1"
  },
  {
   "ID": "10",
   "TITLE": "Мегаклиент",
   "TYPE_ID": "SALE",
   "STAGE_ID": "NEW",
   "PROBABILITY": null,
   "CURRENCY_ID": "BYN",
   "OPPORTUNITY": "0.00",
   "IS_MANUAL_OPPORTUNITY": "N",
   "TAX_VALUE": null,
   "LEAD_ID": "10",
   "COMPANY_ID": "0",
   "CONTACT_ID": "10",
   "QUOTE_ID": null,
   "BEGINDATE": "2024-08-22T03:00:00+03:00",
   "CLOSEDATE": "2024-08-29T03:00:00+03:00",
   "ASSIGNED_BY_ID": "1",
   "CREATED_BY_ID": "1",
   "MODIFY_BY_ID": "1",
   "DATE_CREATE": "2024-08-22T19:48:13+03:00",
   "DATE_MODIFY": "2024-08-22T19:48:13+03:00",
   "OPENED": "N",
   "CLOSED": "N",
   "COMMENTS": null,
   "ADDITIONAL_INFO": null,
   "LOCATION_ID": null,
   "CATEGORY_ID": "0",
   "STAGE_SEMANTIC_ID": "P",
   "IS_NEW": "Y",
   "IS_RECURRING": "N",
   "IS_RETURN_CUSTOMER": "N",
   "IS_REPEATED_APPROACH": "N",
   "SOURCE_ID": null,
   "SOURCE_DESCRIPTION": null,
   "ORIGINATOR_ID": null,
   "ORIGIN_ID": null,
   "MOVED_BY_ID": "1",
   "MOVED_TIME": "2024-08-22T19:48:13+03:00",
   "LAST_ACTIVITY_TIME": "2024-08-22T19:48:13+03:00",
   "UTM_SOURCE": null,
   "UTM_MEDIUM": null,
   "UTM_CAMPAIGN": null,
   "UTM_CONTENT": null,
   "UTM_TERM": null,
   "LAST_ACTIVITY_BY": "1"
  },
  {
   "ID": "12",
   "TITLE": "Мегаклиент",
   "TYPE_ID": "SALE",
   "STAGE_ID": "NEW",
   "PROBABILITY": null,
   "CURRENCY_ID": "BYN",
   "OPPORTUNITY": "0.00",
   "IS_MANUAL_OPPORTUNITY": "N",
   "TAX_VALUE": null,
   "LEAD_ID": "12",
   "COMPANY_ID": "0",
   "CONTACT_ID": "12",
   "QUOTE_ID": null,
   "BEGINDATE": "2024-08-22T03:00:00+03:00",
   "CLOSEDATE": "2024-08-29T03:00:00+03:00",
   "ASSIGNED_BY_ID": "1",
   "CREATED_BY_ID": "1",
   "MODIFY_BY_ID": "1",
   "DATE_CREATE": "2024-08-22T20:00:19+03:00",
   "DATE_MODIFY": "2024-08-22T20:00:20+03:00",
   "OPENED": "N",
   "CLOSED": "N",
   "COMMENTS": null,
   "ADDITIONAL_INFO": null,
   "LOCATION_ID": null,
   "CATEGORY_ID": "0",
   "STAGE_SEMANTIC_ID": "P",
   "IS_NEW": "Y",
   "IS_RECURRING": "N",
   "IS_RETURN_CUSTOMER": "N",
   "IS_REPEATED_APPROACH": "N",
   "SOURCE_ID": null,
   "SOURCE_DESCRIPTION": null,
   "ORIGINATOR_ID": null,
   "ORIGIN_ID": null,
   "MOVED_BY_ID": "1",
   "MOVED_TIME": "2024-08-22T20:00:19+03:00",
   "LAST_ACTIVITY_TIME": "2024-08-22T20:00:19+03:00",
   "UTM_SOURCE": null,
   "UTM_MEDIUM": null,
   "UTM_CAMPAIGN": null,
   "UTM_CONTENT": null,
   "UTM_TERM": null,
   "LAST_ACTIVITY_BY": "1"
  },
  {
   "ID": "14",
   "TITLE": "Мегаклиент",
   "TYPE_ID": "SALE",
   "STAGE_ID": "NEW",
   "PROBABILITY": null,
   "CURRENCY_ID": "BYN",
   "OPPORTUNITY": "0.00",
   "IS_MANUAL_OPPORTUNITY": "N",
   "TAX_VALUE": null,
   "LEAD_ID": "14",
   "COMPANY_ID": "0",
   "CONTACT_ID": "14",
   "QUOTE_ID": null,
   "BEGINDATE": "2024-08-22T03:00:00+03:00",
   "CLOSEDATE": "2024-08-29T03:00:00+03:00",
   "ASSIGNED_BY_ID": "1",
   "CREATED_BY_ID": "1",
   "MODIFY_BY_ID": "1",
   "DATE_CREATE": "2024-08-22T20:00:20+03:00",
   "DATE_MODIFY": "2024-08-22T20:00:21+03:00",
   "OPENED": "N",
   "CLOSED": "N",
   "COMMENTS": null,
   "ADDITIONAL_INFO": null,
   "LOCATION_ID": null,
   "CATEGORY_ID": "0",
   "STAGE_SEMANTIC_ID": "P",
   "IS_NEW": "Y",
   "IS_RECURRING": "N",
   "IS_RETURN_CUSTOMER": "N",
   "IS_REPEATED_APPROACH": "N",
   "SOURCE_ID": null,
   "SOURCE_DESCRIPTION": null,
   "ORIGINATOR_ID": null,
   "ORIGIN_ID": null,
   "MOVED_BY_ID": "1",
   "MOVED_TIME": "2024-08-22T20:00:20+03:00",
   "LAST_ACTIVITY_TIME": "2024-08-22T20:00:20+03:00",
   "UTM_SOURCE": null,
   "UTM_MEDIUM": null,
   "UTM_CAMPAIGN": null,
   "UTM_CONTENT": null,
   "UTM_TERM": null,
   "LAST_ACTIVITY_BY": "1"
  },
  {
   "ID": "16",
   "TITLE": "Мегаклиент",
   "TYPE_ID": "SALE",
   "STAGE_ID": "NEW",
   "PROBABILITY": null,
   "CURRENCY_ID": "BYN",
   "OPPORTUNITY": "0.00",
   "IS_MANUAL_OPPORTUNITY": "N",
   "TAX_VALUE": null,
   "LEAD_ID": "16",
   "COMPANY_ID": "0",
   "CONTACT_ID": "16",
   "QUOTE_ID": null,
   "BEGINDATE": "2024-08-22T03:00:00+03:00",
   "CLOSEDATE": "2024-08-29T03:00:00+03:00",
   "ASSIGNED_BY_ID": "1",
   "CREATED_BY_ID": "1",
   "MODIFY_BY_ID": "1",
   "DATE_CREATE": "2024-08-22T20:01:03+03:00",
   "DATE_MODIFY": "2024-08-22T20:01:03+03:00",
   "OPENED": "N",
   "CLOSED": "N",
   "COMMENTS": null,
   "ADDITIONAL_INFO": null,
   "LOCATION_ID": null,
   "CATEGORY_ID": "0",
   "STAGE_SEMANTIC_ID": "P",
   "IS_NEW": "Y",
   "IS_RECURRING": "N",
   "IS_RETURN_CUSTOMER": "N",
   "IS_REPEATED_APPROACH": "N",
   "SOURCE_ID": null,
   "SOURCE_DESCRIPTION": null,
   "ORIGINATOR_ID": null,
   "ORIGIN_ID": null,
   "MOVED_BY_ID": "1",
   "MOVED_TIME": "2024-08-22T20:01:03+03:00",
   "LAST_ACTIVITY_TIME": "2024-08-22T20:01:03+03:00",
   "UTM_SOURCE": null,
   "UTM_MEDIUM": null,
   "UTM_CAMPAIGN": null,
   "UTM_CONTENT": null,
   "UTM_TERM": null,
   "LAST_ACTIVITY_BY": "1"
  },
  {
   "ID": "18",
   "TITLE": "Мегаклиент",
   "TYPE_ID": "SALE",
   "STAGE_ID": "NEW",
   "PROBABILITY": null,
   "CURRENCY_ID": "BYN",
   "OPPORTUNITY": "0.00",
   "IS_MANUAL_OPPORTUNITY": "N",
   "TAX_VALUE": null,
   "LEAD_ID": "18",
   "COMPANY_ID": "0",
   "CONTACT_ID": "18",
   "QUOTE_ID": null,
   "BEGINDATE": "2024-08-22T03:00:00+03:00",
   "CLOSEDATE": "2024-08-29T03:00:00+03:00",
   "ASSIGNED_BY_ID": "1",
   "CREATED_BY_ID": "1",
   "MODIFY_BY_ID": "1",
   "DATE_CREATE": "2024-08-22T20:01:04+03:00",
   "DATE_MODIFY": "2024-08-22T20:01:04+03:00",
   "OPENED": "N",
   "CLOSED": "N",
   "COMMENTS": null,
   "ADDITIONAL_INFO": null,
   "LOCATION_ID": null,
   "CATEGORY_ID": "0",
   "STAGE_SEMANTIC_ID": "P",
   "IS_NEW": "Y",
   "IS_RECURRING": "N",
   "IS_RETURN_CUSTOMER": "N",
   "IS_REPEATED_APPROACH": "N",
   "SOURCE_ID": null,
   "SOURCE_DESCRIPTION": null,
   "ORIGINATOR_ID": null,
   "ORIGIN_ID": null,
   "MOVED_BY_ID": "1",
   "MOVED_TIME": "2024-08-22T20:01:04+03:00",
   "LAST_ACTIVITY_TIME": "2024-08-22T20:01:04+03:00",
   "UTM_SOURCE": null,
   "UTM_MEDIUM": null,
   "UTM_CAMPAIGN": null,
   "UTM_CONTENT": null,
   "UTM_TERM": null,
   "LAST_ACTIVITY_BY": "1"
  },
  {
   "ID": "20",
   "TITLE": "Мегаклиент",
   "TYPE_ID": "SALE",
   "STAGE_ID": "NEW",
   "PROBABILITY": null,
   "CURRENCY_ID": "BYN",
   "OPPORTUNITY": "0.00",
   "IS_MANUAL_OPPORTUNITY": "N",
   "TAX_VALUE": null,
   "LEAD_ID": "20",
   "COMPANY_ID": "0",
   "CONTACT_ID": "20",
   "QUOTE_ID": null,
   "BEGINDATE": "2024-08-22T03:00:00+03:00",
   "CLOSEDATE": "2024-08-29T03:00:00+03:00",
   "ASSIGNED_BY_ID": "1",
   "CREATED_BY_ID": "1",
   "MODIFY_BY_ID": "1",
   "DATE_CREATE": "2024-08-22T20:01:39+03:00",
   "DATE_MODIFY": "2024-08-22T20:01:39+03:00",
   "OPENED": "N",
   "CLOSED": "N",
   "COMMENTS": null,
   "ADDITIONAL_INFO": null,
   "LOCATION_ID": null,
   "CATEGORY_ID": "0",
   "STAGE_SEMANTIC_ID": "P",
   "IS_NEW": "Y",
   "IS_RECURRING": "N",
   "IS_RETURN_CUSTOMER": "N",
   "IS_REPEATED_APPROACH": "N",
   "SOURCE_ID": null,
   "SOURCE_DESCRIPTION": null,
   "ORIGINATOR_ID": null,
   "ORIGIN_ID": null,
   "MOVED_BY_ID": "1",
   "MOVED_TIME": "2024-08-22T20:01:39+03:00",
   "LAST_ACTIVITY_TIME": "2024-08-22T20:01:39+03:00",
   "UTM_SOURCE": null,
   "UTM_MEDIUM": null,
   "UTM_CAMPAIGN": null,
   "UTM_CONTENT": null,
   "UTM_TERM": null,
   "LAST_ACTIVITY_BY": "1"
  },
  {
   "ID": "22",
   "TITLE": "Мегаклиент",
   "TYPE_ID": "SALE",
   "STAGE_ID": "NEW",
   "PROBABILITY": null,
   "CURRENCY_ID": "BYN",
   "OPPORTUNITY": "0.00",
   "IS_MANUAL_OPPORTUNITY": "N",
   "TAX_VALUE": null,
   "LEAD_ID": "22",
   "COMPANY_ID": "0",
   "CONTACT_ID": "22",
   "QUOTE_ID": null,
   "BEGINDATE": "2024-08-22T03:00:00+03:00",
   "CLOSEDATE": "2024-08-29T03:00:00+03:00",
   "ASSIGNED_BY_ID": "1",
   "CREATED_BY_ID": "1",
   "MODIFY_BY_ID": "1",
   "DATE_CREATE": "2024-08-22T20:01:40+03:00",
   "DATE_MODIFY": "2024-08-22T20:01:40+03:00",
   "OPENED": "N",
   "CLOSED": "N",
   "COMMENTS": null,
   "ADDITIONAL_INFO": null,
   "LOCATION_ID": null,
   "CATEGORY_ID": "0",
   "STAGE_SEMANTIC_ID": "P",
   "IS_NEW": "Y",
   "IS_RECURRING": "N",
   "IS_RETURN_CUSTOMER": "N",
   "IS_REPEATED_APPROACH": "N",
   "SOURCE_ID": null,
   "SOURCE_DESCRIPTION": null,
   "ORIGINATOR_ID": null,
   "ORIGIN_ID": null,
   "MOVED_BY_ID": "1",
   "MOVED_TIME": "2024-08-22T20:01:40+03:00",
   "LAST_ACTIVITY_TIME": "2024-08-22T20:01:40+03:00",
   "UTM_SOURCE": null,
   "UTM_MEDIUM": null,
   "UTM_CAMPAIGN": null,
   "UTM_CONTENT": null,
   "UTM_TERM": null,
   "LAST_ACTIVITY_BY": "1"
  },
  {
   "ID": "24",
   "TITLE": "Мегаклиент",
   "TYPE_ID": "SALE",
   "STAGE_ID": "NEW",
   "PROBABILITY": null,
   "CURRENCY_ID": "BYN",
   "OPPORTUNITY": "0.00",
   "IS_MANUAL_OPPORTUNITY": "N",
   "TAX_VALUE": null,
   "LEAD_ID": null,
   "COMPANY_ID": "0",
   "CONTACT_ID": "24",
   "QUOTE_ID": null,
   "BEGINDATE": "2024-08-22T03:00:00+03:00",
   "CLOSEDATE": "2024-08-29T03:00:00+03:00",
   "ASSIGNED_BY_ID": "1",
   "CREATED_BY_ID": "1",
   "MODIFY_BY_ID": "1",
   "DATE_CREATE": "2024-08-22T20:02:15+03:00",
   "DATE_MODIFY": "2024-08-22T20:02:15+03:00",
   "OPENED": "N",
   "CLOSED": "N",
   "COMMENTS": null,
   "ADDITIONAL_INFO": null,
   "LOCATION_ID": null,
   "CATEGORY_ID": "0",
   "STAGE_SEMANTIC_ID": "P",
   "IS_NEW": "Y",
   "IS_RECURRING": "N",
   "IS_RETURN_CUSTOMER": "N",
   "IS_REPEATED_APPROACH": "N",
   "SOURCE_ID": null,
   "SOURCE_DESCRIPTION": null,
   "ORIGINATOR_ID": null,
   "ORIGIN_ID": null,
   "MOVED_BY_ID": "1",
   "MOVED_TIME": "2024-08-22T20:02:15+03:00",
   "LAST_ACTIVITY_TIME": "2024-08-22T20:02:15+03:00",
   "UTM_SOURCE": null,
   "UTM_MEDIUM": null,
   "UTM_CAMPAIGN": null,
   "UTM_CONTENT": null,
   "UTM_TERM": null,
   "LAST_ACTIVITY_BY": "1"
  },
  {
   "ID": "26",
   "TITLE": "Мегаклиент",
   "TYPE_ID": "SALE",
   "STAGE_ID": "NEW",
   "PROBABILITY": null,
   "CURRENCY_ID": "BYN",
   "OPPORTUNITY": "0.00",
   "IS_MANUAL_OPPORTUNITY": "N",
   "TAX_VALUE": null,
   "LEAD_ID": null,
   "COMPANY_ID": "0",
   "CONTACT_ID": "26",
   "QUOTE_ID": null,
   "BEGINDATE": "2024-08-22T03:00:00+03:00",
   "CLOSEDATE": "2024-08-29T03:00:00+03:00",
   "ASSIGNED_BY_ID": "1",
   "CREATED_BY_ID": "1",
   "MODIFY_BY_ID": "1",
   "DATE_CREATE": "2024-08-22T20:02:16+03:00",
   "DATE_MODIFY": "2024-08-22T20:02:16+03:00",
   "OPENED": "N",
   "CLOSED": "N",
   "COMMENTS": null,
   "ADDITIONAL_INFO": null,
   "LOCATION_ID": null,
   "CATEGORY_ID": "0",
   "STAGE_SEMANTIC_ID": "P",
   "IS_NEW": "Y",
   "IS_RECURRING": "N",
   "IS_RETURN_CUSTOMER": "N",
   "IS_REPEATED_APPROACH": "N",
   "SOURCE_ID": null,
   "SOURCE_DESCRIPTION": null,
   "ORIGINATOR_ID": null,
   "ORIGIN_ID": null,
   "MOVED_BY_ID": "1",
   "MOVED_TIME": "2024-08-22T20:02:16+03:00",
   "LAST_ACTIVITY_TIME": "2024-08-22T20:02:16+03:00",
   "UTM_SOURCE": null,
   "UTM_MEDIUM": null,
   "UTM_CAMPAIGN": null,
   "UTM_CONTENT": null,
   "UTM_TERM": null,
   "LAST_ACTIVITY_BY": "1"
  },
  {
   "ID": "28",
   "TITLE": "Мегаклиент",
   "TYPE_ID": "SALE",
   "STAGE_ID": "NEW",
   "PROBABILITY": null,
   "CURRENCY_ID": "BYN",
   "OPPORTUNITY": "0.00",
   "IS_MANUAL_OPPORTUNITY": "N",
   "TAX_VALUE": null,
   "LEAD_ID": null,
   "COMPANY_ID": "0",
   "CONTACT_ID": "28",
   "QUOTE_ID": null,
   "BEGINDATE": "2024-08-22T03:00:00+03:00",
   "CLOSEDATE": "2024-08-29T03:00:00+03:00",
   "ASSIGNED_BY_ID": "1",
   "CREATED_BY_ID": "1",
   "MODIFY_BY_ID": "1",
   "DATE_CREATE": "2024-08-22T20:45:22+03:00",
   "DATE_MODIFY": "2024-08-22T20:45:22+03:00",
   "OPENED": "N",
   "CLOSED": "N",
   "COMMENTS": null,
   "ADDITIONAL_INFO": null,
   "LOCATION_ID": null,
   "CATEGORY_ID": "0",
   "STAGE_SEMANTIC_ID": "P",
   "IS_NEW": "Y",
   "IS_RECURRING": "N",
   "IS_RETURN_CUSTOMER": "N",
   "IS_REPEATED_APPROACH": "N",
   "SOURCE_ID": null,
   "SOURCE_DESCRIPTION": null,
   "ORIGINATOR_ID": null,
   "ORIGIN_ID": null,
   "MOVED_BY_ID": "1",
   "MOVED_TIME": "2024-08-22T20:45:22+03:00",
   "LAST_ACTIVITY_TIME": "2024-08-22T20:45:22+03:00",
   "UTM_SOURCE": null,
   "UTM_MEDIUM": null,
   "UTM_CAMPAIGN": null,
   "UTM_CONTENT": null,
   "UTM_TERM": null,
   "LAST_ACTIVITY_BY": "1"
  },
  {
   "ID": "30",
   "TITLE": "Мегаклиент",
   "TYPE_ID": "SALE",
   "STAGE_ID": "NEW",
   "PROBABILITY": null,
   "CURRENCY_ID": "BYN",
   "OPPORTUNITY": "0.00",
   "IS_MANUAL_OPPORTUNITY": "N",
   "TAX_VALUE": null,
   "LEAD_ID": null,
   "COMPANY_ID": "0",
   "CONTACT_ID": "30",
   "QUOTE_ID": null,
   "BEGINDATE": "2024-08-22T03:00:00+03:00",
   "CLOSEDATE": "2024-08-29T03:00:00+03:00",
   "ASSIGNED_BY_ID": "1",
   "CREATED_BY_ID": "1",
   "MODIFY_BY_ID": "1",
   "DATE_CREATE": "2024-08-22T20:45:23+03:00",
   "DATE_MODIFY": "2024-08-22T20:45:24+03:00",
   "OPENED": "N",
   "CLOSED": "N",
   "COMMENTS": null,
   "ADDITIONAL_INFO": null,
   "LOCATION_ID": null,
   "CATEGORY_ID": "0",
   "STAGE_SEMANTIC_ID": "P",
   "IS_NEW": "Y",
   "IS_RECURRING": "N",
   "IS_RETURN_CUSTOMER": "N",
   "IS_REPEATED_APPROACH": "N",
   "SOURCE_ID": null,
   "SOURCE_DESCRIPTION": null,
   "ORIGINATOR_ID": null,
   "ORIGIN_ID": null,
   "MOVED_BY_ID": "1",
   "MOVED_TIME": "2024-08-22T20:45:23+03:00",
   "LAST_ACTIVITY_TIME": "2024-08-22T20:45:23+03:00",
   "UTM_SOURCE": null,
   "UTM_MEDIUM": null,
   "UTM_CAMPAIGN": null,
   "UTM_CONTENT": null,
   "UTM_TERM": null,
   "LAST_ACTIVITY_BY": "1"
  },
  {
   "ID": "32",
   "TITLE": "MegaClient",
   "TYPE_ID": "SALE",
   "STAGE_ID": "NEW",
   "PROBABILITY": null,
   "CURRENCY_ID": "BYN",
   "OPPORTUNITY": "0.00",
   "IS_MANUAL_OPPORTUNITY": "N",
   "TAX_VALUE": null,
   "LEAD_ID": null,
   "COMPANY_ID": "0",
   "CONTACT_ID": "32",
   "QUOTE_ID": null,
   "BEGINDATE": "2024-08-24T03:00:00+03:00",
   "CLOSEDATE": "2024-08-31T03:00:00+03:00",
   "ASSIGNED_BY_ID": "1",
   "CREATED_BY_ID": "1",
   "MODIFY_BY_ID": "1",
   "DATE_CREATE": "2024-08-24T12:03:14+03:00",
   "DATE_MODIFY": "2024-08-24T12:03:14+03:00",
   "OPENED": "N",
   "CLOSED": "N",
   "COMMENTS": null,
   "ADDITIONAL_INFO": null,
   "LOCATION_ID": null,
   "CATEGORY_ID": "0",
   "STAGE_SEMANTIC_ID": "P",
   "IS_NEW": "Y",
   "IS_RECURRING": "N",
   "IS_RETURN_CUSTOMER": "N",
   "IS_REPEATED_APPROACH": "N",
   "SOURCE_ID": null,
   "SOURCE_DESCRIPTION": null,
   "ORIGINATOR_ID": null,
   "ORIGIN_ID": null,
   "MOVED_BY_ID": "1",
   "MOVED_TIME": "2024-08-24T12:03:14+03:00",
   "LAST_ACTIVITY_TIME": "2024-08-24T12:03:14+03:00",
   "UTM_SOURCE": null,
   "UTM_MEDIUM": null,
   "UTM_CAMPAIGN": null,
   "UTM_CONTENT": null,
   "UTM_TERM": null,
   "LAST_ACTIVITY_BY": "1"
  },
  {
   "ID": "34",
   "TITLE": "MegaClient",
   "TYPE_ID": "SALE",
   "STAGE_ID": "NEW",
   "PROBABILITY": null,
   "CURRENCY_ID": "BYN",
   "OPPORTUNITY": "0.00",
   "IS_MANUAL_OPPORTUNITY": "N",
   "TAX_VALUE": null,
   "LEAD_ID": null,
   "COMPANY_ID": "0",
   "CONTACT_ID": "34",
   "QUOTE_ID": null,
   "BEGINDATE": "2024-08-24T03:00:00+03:00",
   "CLOSEDATE": "2024-08-31T03:00:00+03:00",
   "ASSIGNED_BY_ID": "1",
   "CREATED_BY_ID": "1",
   "MODIFY_BY_ID": "1",
   "DATE_CREATE": "2024-08-24T12:03:15+03:00",
   "DATE_MODIFY": "2024-08-24T12:03:15+03:00",
   "OPENED": "N",
   "CLOSED": "N",
   "COMMENTS": null,
   "ADDITIONAL_INFO": null,
   "LOCATION_ID": null,
   "CATEGORY_ID": "0",
   "STAGE_SEMANTIC_ID": "P",
   "IS_NEW": "Y",
   "IS_RECURRING": "N",
   "IS_RETURN_CUSTOMER": "N",
   "IS_REPEATED_APPROACH": "N",
   "SOURCE_ID": null,
   "SOURCE_DESCRIPTION": null,
   "ORIGINATOR_ID": null,
   "ORIGIN_ID": null,
   "MOVED_BY_ID": "1",
   "MOVED_TIME": "2024-08-24T12:03:15+03:00",
   "LAST_ACTIVITY_TIME": "2024-08-24T12:03:15+03:00",
   "UTM_SOURCE": null,
   "UTM_MEDIUM": null,
   "UTM_CAMPAIGN": null,
   "UTM_CONTENT": null,
   "UTM_TERM": null,
   "LAST_ACTIVITY_BY": "1"
  },
  {
   "ID": "36",
   "TITLE": "Мегаклиент",
   "TYPE_ID": "SALE",
   "STAGE_ID": "NEW",
   "PROBABILITY": null,
   "CURRENCY_ID": "BYN",
   "OPPORTUNITY": "0.00",
   "IS_MANUAL_OPPORTUNITY": "N",
   "TAX_VALUE": null,
   "LEAD_ID": null,
   "COMPANY_ID": "0",
   "CONTACT_ID": "36",
   "QUOTE_ID": null,
   "BEGINDATE": "2024-08-24T03:00:00+03:00",
   "CLOSEDATE": "2024-08-31T03:00:00+03:00",
   "ASSIGNED_BY_ID": "1",
   "CREATED_BY_ID": "1",
   "MODIFY_BY_ID": "1",
   "DATE_CREATE": "2024-08-24T13:41:00+03:00",
   "DATE_MODIFY": "2024-08-24T13:41:00+03:00",
   "OPENED": "N",
   "CLOSED": "N",
   "COMMENTS": null,
   "ADDITIONAL_INFO": null,
   "LOCATION_ID": null,
   "CATEGORY_ID": "0",
   "STAGE_SEMANTIC_ID": "P",
   "IS_NEW": "Y",
   "IS_RECURRING": "N",
   "IS_RETURN_CUSTOMER": "N",
   "IS_REPEATED_APPROACH": "N",
   "SOURCE_ID": null,
   "SOURCE_DESCRIPTION": null,
   "ORIGINATOR_ID": null,
   "ORIGIN_ID": null,
   "MOVED_BY_ID": "1",
   "MOVED_TIME": "2024-08-24T13:41:00+03:00",
   "LAST_ACTIVITY_TIME": "2024-08-24T13:41:00+03:00",
   "UTM_SOURCE": null,
   "UTM_MEDIUM": null,
   "UTM_CAMPAIGN": null,
   "UTM_CONTENT": null,
   "UTM_TERM": null,
   "LAST_ACTIVITY_BY": "1"
  },
  {
   "ID": "38",
   "TITLE": "Мегаклиент",
   "TYPE_ID": "SALE",
   "STAGE_ID": "NEW",
   "PROBABILITY": null,
   "CURRENCY_ID": "BYN",
   "OPPORTUNITY": "0.00",
   "IS_MANUAL_OPPORTUNITY": "N",
   "TAX_VALUE": null,
   "LEAD_ID": null,
   "COMPANY_ID": "0",
   "CONTACT_ID": "38",
   "QUOTE_ID": null,
   "BEGINDATE": "2024-08-24T03:00:00+03:00",
   "CLOSEDATE": "2024-08-31T03:00:00+03:00",
   "ASSIGNED_BY_ID": "1",
   "CREATED_BY_ID": "1",
   "MODIFY_BY_ID": "1",
   "DATE_CREATE": "2024-08-24T13:41:01+03:00",
   "DATE_MODIFY": "2024-08-24T13:41:02+03:00",
   "OPENED": "N",
   "CLOSED": "N",
   "COMMENTS": null,
   "ADDITIONAL_INFO": null,
   "LOCATION_ID": null,
   "CATEGORY_ID": "0",
   "STAGE_SEMANTIC_ID": "P",
   "IS_NEW": "Y",
   "IS_RECURRING": "N",
   "IS_RETURN_CUSTOMER": "N",
   "IS_REPEATED_APPROACH": "N",
   "SOURCE_ID": null,
   "SOURCE_DESCRIPTION": null,
   "ORIGINATOR_ID": null,
   "ORIGIN_ID": null,
   "MOVED_BY_ID": "1",
   "MOVED_TIME": "2024-08-24T13:41:01+03:00",
   "LAST_ACTIVITY_TIME": "2024-08-24T13:41:01+03:00",
   "UTM_SOURCE": null,
   "UTM_MEDIUM": null,
   "UTM_CAMPAIGN": null,
   "UTM_CONTENT": null,
   "UTM_TERM": null,
   "LAST_ACTIVITY_BY": "1"
  },
  {
   "ID": "48",
   "TITLE": "Плановая продажа",
   "TYPE_ID": "GOODS",
   "STAGE_ID": "NEW",
   "PROBABILITY": "30",
   "CURRENCY_ID": "USD",
   "OPPORTUNITY": "5000.00",
   "IS_MANUAL_OPPORTUNITY": "N",
   "TAX_VALUE": null,
   "LEAD_ID": null,
   "COMPANY_ID": "1",
   "CONTACT_ID": "3",
   "QUOTE_ID": null,
   "BEGINDATE": "2024-01-01T03:00:00+03:00",
   "CLOSEDATE": "2030-01-01T03:00:00+03:00",
   "ASSIGNED_BY_ID": "1",
   "CREATED_BY_ID": "1",
   "MODIFY_BY_ID": "1",
   "DATE_CREATE": "2024-08-25T11:24:47+03:00",
   "DATE_MODIFY": "2024-08-25T11:24:47+03:00",
   "OPENED": "Y",
   "CLOSED": "N",
   "COMMENTS": null,
   "ADDITIONAL_INFO": null,
   "LOCATION_ID": null,
   "CATEGORY_ID": "0",
   "STAGE_SEMANTIC_ID": "P",
   "IS_NEW": "Y",
   "IS_RECURRING": "N",
   "IS_RETURN_CUSTOMER": "N",
   "IS_REPEATED_APPROACH": "N",
   "SOURCE_ID": null,
   "SOURCE_DESCRIPTION": null,
   "ORIGINATOR_ID": null,
   "ORIGIN_ID": null,
   "MOVED_BY_ID": "1",
   "MOVED_TIME": "2024-08-25T11:24:47+03:00",
   "LAST_ACTIVITY_TIME": "2024-08-25T11:24:47+03:00",
   "UTM_SOURCE": null,
   "UTM_MEDIUM": null,
   "UTM_CAMPAIGN": null,
   "UTM_CONTENT": null,
   "UTM_TERM": null,
   "LAST_ACTIVITY_BY": "1"
  },
  {
   "ID": "50",
   "TITLE": "Другая сделака",
   "TYPE_ID": "GOODS",
   "STAGE_ID": "NEW",
   "PROBABILITY": "30",
   "CURRENCY_ID": "USD",
   "OPPORTUNITY": "5000.00",
   "IS_MANUAL_OPPORTUNITY": "N",
   "TAX_VALUE": null,
   "LEAD_ID": null,
   "COMPANY_ID": "1",
   "CONTACT_ID": "3",
   "QUOTE_ID": null,
   "BEGINDATE": "2024-01-01T03:00:00+03:00",
   "CLOSEDATE": "2031-01-01T03:00:00+03:00",
   "ASSIGNED_BY_ID": "1",
   "CREATED_BY_ID": "1",
   "MODIFY_BY_ID": "1",
   "DATE_CREATE": "2024-08-25T11:24:47+03:00",
   "DATE_MODIFY": "2024-08-25T11:24:47+03:00",
   "OPENED": "Y",
   "CLOSED": "N",
   "COMMENTS": null,
   "ADDITIONAL_INFO": null,
   "LOCATION_ID": null,
   "CATEGORY_ID": "0",
   "STAGE_SEMANTIC_ID": "P",
   "IS_NEW": "Y",
   "IS_RECURRING": "N",
   "IS_RETURN_CUSTOMER": "N",
   "IS_REPEATED_APPROACH": "N",
   "SOURCE_ID": null,
   "SOURCE_DESCRIPTION": null,
   "ORIGINATOR_ID": null,
   "ORIGIN_ID": null,
   "MOVED_BY_ID": "1",
   "MOVED_TIME": "2024-08-25T11:24:47+03:00",
   "LAST_ACTIVITY_TIME": "2024-08-25T11:24:47+03:00",
   "UTM_SOURCE": null,
   "UTM_MEDIUM": null,
   "UTM_CAMPAIGN": null,
   "UTM_CONTENT": null,
   "UTM_TERM": null,
   "LAST_ACTIVITY_BY": "1"
  },
  {
   "ID": "52",
   "TITLE": "Продажа в RUB",
   "TYPE_ID": "GOODS",
   "STAGE_ID": "NEW",
   "PROBABILITY": "30",
   "CURRENCY_ID": "RUB",
   "OPPORTUNITY": "50000.00",
   "IS_MANUAL_OPPORTUNITY": "N",
   "TAX_VALUE": null,
   "LEAD_ID": null,
   "COMPANY_ID": "1",
   "CONTACT_ID": "3",
   "QUOTE_ID": null,
   "BEGINDATE": "2024-01-01T03:00:00+03:00",
   "CLOSEDATE": "2030-01-01T03:00:00+03:00",
   "ASSIGNED_BY_ID": "1",
   "CREATED_BY_ID": "1",
   "MODIFY_BY_ID": "1",
   "DATE_CREATE": "2024-08-25T11:26:58+03:00",
   "DATE_MODIFY": "2024-08-25T11:26:59+03:00",
   "OPENED": "Y",
   "CLOSED": "N",
   "COMMENTS": null,
   "ADDITIONAL_INFO": null,
   "LOCATION_ID": null,
   "CATEGORY_ID": "0",
   "STAGE_SEMANTIC_ID": "P",
   "IS_NEW": "Y",
   "IS_RECURRING": "N",
   "IS_RETURN_CUSTOMER": "N",
   "IS_REPEATED_APPROACH": "N",
   "SOURCE_ID": null,
   "SOURCE_DESCRIPTION": null,
   "ORIGINATOR_ID": null,
   "ORIGIN_ID": null,
   "MOVED_BY_ID": "1",
   "MOVED_TIME": "2024-08-25T11:26:58+03:00",
   "LAST_ACTIVITY_TIME": "2024-08-25T11:26:58+03:00",
   "UTM_SOURCE": null,
   "UTM_MEDIUM": null,
   "UTM_CAMPAIGN": null,
   "UTM_CONTENT": null,
   "UTM_TERM": null,
   "LAST_ACTIVITY_BY": "1"
  },
  {
   "ID": "54",
   "TITLE": "Будущая сделака в RUB",
   "TYPE_ID": "GOODS",
   "STAGE_ID": "NEW",
   "PROBABILITY": "30",
   "CURRENCY_ID": "RUB",
   "OPPORTUNITY": "50000.00",
   "IS_MANUAL_OPPORTUNITY": "N",
   "TAX_VALUE": null,
   "LEAD_ID": null,
   "COMPANY_ID": "1",
   "CONTACT_ID": "3",
   "QUOTE_ID": null,
   "BEGINDATE": "2025-01-01T03:00:00+03:00",
   "CLOSEDATE": "2031-01-01T03:00:00+03:00",
   "ASSIGNED_BY_ID": "1",
   "CREATED_BY_ID": "1",
   "MODIFY_BY_ID": "1",
   "DATE_CREATE": "2024-08-25T11:26:58+03:00",
   "DATE_MODIFY": "2024-08-25T11:26:59+03:00",
   "OPENED": "Y",
   "CLOSED": "N",
   "COMMENTS": null,
   "ADDITIONAL_INFO": null,
   "LOCATION_ID": null,
   "CATEGORY_ID": "0",
   "STAGE_SEMANTIC_ID": "P",
   "IS_NEW": "Y",
   "IS_RECURRING": "N",
   "IS_RETURN_CUSTOMER": "N",
   "IS_REPEATED_APPROACH": "N",
   "SOURCE_ID": null,
   "SOURCE_DESCRIPTION": null,
   "ORIGINATOR_ID": null,
   "ORIGIN_ID": null,
   "MOVED_BY_ID": "1",
   "MOVED_TIME": "2024-08-25T11:26:58+03:00",
   "LAST_ACTIVITY_TIME": "2024-08-25T11:26:58+03:00",
   "UTM_SOURCE": null,
   "UTM_MEDIUM": null,
   "UTM_CAMPAIGN": null,
   "UTM_CONTENT": null,
   "UTM_TERM": null,
   "LAST_ACTIVITY_BY": "1"
  },
  {
   "ID": "60",
   "TITLE": "Мегаклиент",
   "TYPE_ID": "SALE",
   "STAGE_ID": "NEW",
   "PROBABILITY": null,
   "CURRENCY_ID": "BYN",
   "OPPORTUNITY": "0.00",
   "IS_MANUAL_OPPORTUNITY": "N",
   "TAX_VALUE": null,
   "LEAD_ID": null,
   "COMPANY_ID": "0",
   "CONTACT_ID": "40",
   "QUOTE_ID": null,
   "BEGINDATE": "2024-08-25T03:00:00+03:00",
   "CLOSEDATE": "2024-09-01T03:00:00+03:00",
   "ASSIGNED_BY_ID": "1",
   "CREATED_BY_ID": "1",
   "MODIFY_BY_ID": "1",
   "DATE_CREATE": "2024-08-25T13:01:46+03:00",
   "DATE_MODIFY": "2024-08-25T13:01:46+03:00",
   "OPENED": "N",
   "CLOSED": "N",
   "COMMENTS": null,
   "ADDITIONAL_INFO": null,
   "LOCATION_ID": null,
   "CATEGORY_ID": "0",
   "STAGE_SEMANTIC_ID": "P",
   "IS_NEW": "Y",
   "IS_RECURRING": "N",
   "IS_RETURN_CUSTOMER": "N",
   "IS_REPEATED_APPROACH": "N",
   "SOURCE_ID": null,
   "SOURCE_DESCRIPTION": null,
   "ORIGINATOR_ID": null,
   "ORIGIN_ID": null,
   "MOVED_BY_ID": "1",
   "MOVED_TIME": "2024-08-25T13:01:46+03:00",
   "LAST_ACTIVITY_TIME": "2024-08-25T13:01:46+03:00",
   "UTM_SOURCE": null,
   "UTM_MEDIUM": null,
   "UTM_CAMPAIGN": null,
   "UTM_CONTENT": null,
   "UTM_TERM": null,
   "LAST_ACTIVITY_BY": "1"
  },
  {
   "ID": "62",
   "TITLE": "Мегаклиент",
   "TYPE_ID": "SALE",
   "STAGE_ID": "NEW",
   "PROBABILITY": null,
   "CURRENCY_ID": "BYN",
   "OPPORTUNITY": "0.00",
   "IS_MANUAL_OPPORTUNITY": "N",
   "TAX_VALUE": null,
   "LEAD_ID": null,
   "COMPANY_ID": "0",
   "CONTACT_ID": "42",
   "QUOTE_ID": null,
   "BEGINDATE": "2024-08-25T03:00:00+03:00",
   "CLOSEDATE": "2024-09-01T03:00:00+03:00",
   "ASSIGNED_BY_ID": "1",
   "CREATED_BY_ID": "1",
   "MODIFY_BY_ID": "1",
   "DATE_CREATE": "2024-08-25T13:01:47+03:00",
   "DATE_MODIFY": "2024-08-25T13:01:47+03:00",
   "OPENED": "N",
   "CLOSED": "N",
   "COMMENTS": null,
   "ADDITIONAL_INFO": null,
   "LOCATION_ID": null,
   "CATEGORY_ID": "0",
   "STAGE_SEMANTIC_ID": "P",
   "IS_NEW": "Y",
   "IS_RECURRING": "N",
   "IS_RETURN_CUSTOMER": "N",
   "IS_REPEATED_APPROACH": "N",
   "SOURCE_ID": null,
   "SOURCE_DESCRIPTION": null,
   "ORIGINATOR_ID": null,
   "ORIGIN_ID": null,
   "MOVED_BY_ID": "1",
   "MOVED_TIME": "2024-08-25T13:01:47+03:00",
   "LAST_ACTIVITY_TIME": "2024-08-25T13:01:47+03:00",
   "UTM_SOURCE": null,
   "UTM_MEDIUM": null,
   "UTM_CAMPAIGN": null,
   "UTM_CONTENT": null,
   "UTM_TERM": null,
   "LAST_ACTIVITY_BY": "1"
  },
  {
   "ID": "68",
   "TITLE": "MegaClient",
   "TYPE_ID": "SALE",
   "STAGE_ID": "NEW",
   "PROBABILITY": null,
   "CURRENCY_ID": "BYN",
   "OPPORTUNITY": "0.00",
   "IS_MANUAL_OPPORTUNITY": "N",
   "TAX_VALUE": null,
   "LEAD_ID": null,
   "COMPANY_ID": "0",
   "CONTACT_ID": "44",
   "QUOTE_ID": null,
   "BEGINDATE": "2024-08-25T03:00:00+03:00",
   "CLOSEDATE": "2024-09-01T03:00:00+03:00",
   "ASSIGNED_BY_ID": "1",
   "CREATED_BY_ID": "1",
   "MODIFY_BY_ID": "1",
   "DATE_CREATE": "2024-08-25T14:07:14+03:00",
   "DATE_MODIFY": "2024-08-25T14:07:14+03:00",
   "OPENED": "N",
   "CLOSED": "N",
   "COMMENTS": null,
   "ADDITIONAL_INFO": null,
   "LOCATION_ID": null,
   "CATEGORY_ID": "0",
   "STAGE_SEMANTIC_ID": "P",
   "IS_NEW": "Y",
   "IS_RECURRING": "N",
   "IS_RETURN_CUSTOMER": "N",
   "IS_REPEATED_APPROACH": "N",
   "SOURCE_ID": null,
   "SOURCE_DESCRIPTION": null,
   "ORIGINATOR_ID": null,
   "ORIGIN_ID": null,
   "MOVED_BY_ID": "1",
   "MOVED_TIME": "2024-08-25T14:07:14+03:00",
   "LAST_ACTIVITY_TIME": "2024-08-25T14:07:14+03:00",
   "UTM_SOURCE": null,
   "UTM_MEDIUM": null,
   "UTM_CAMPAIGN": null,
   "UTM_CONTENT": null,
   "UTM_TERM": null,
   "LAST_ACTIVITY_BY": "1"
  },
  {
   "ID": "70",
   "TITLE": "MegaClient",
   "TYPE_ID": "SALE",
   "STAGE_ID": "NEW",
   "PROBABILITY": null,
   "CURRENCY_ID": "BYN",
   "OPPORTUNITY": "0.00",
   "IS_MANUAL_OPPORTUNITY": "N",
   "TAX_VALUE": null,
   "LEAD_ID": null,
   "COMPANY_ID": "0",
   "CONTACT_ID": "46",
   "QUOTE_ID": null,
   "BEGINDATE": "2024-08-25T03:00:00+03:00",
   "CLOSEDATE": "2024-09-01T03:00:00+03:00",
   "ASSIGNED_BY_ID": "1",
   "CREATED_BY_ID": "1",
   "MODIFY_BY_ID": "1",
   "DATE_CREATE": "2024-08-25T14:07:15+03:00",
   "DATE_MODIFY": "2024-08-25T14:07:15+03:00",
   "OPENED": "N",
   "CLOSED": "N",
   "COMMENTS": null,
   "ADDITIONAL_INFO": null,
   "LOCATION_ID": null,
   "CATEGORY_ID": "0",
   "STAGE_SEMANTIC_ID": "P",
   "IS_NEW": "Y",
   "IS_RECURRING": "N",
   "IS_RETURN_CUSTOMER": "N",
   "IS_REPEATED_APPROACH": "N",
   "SOURCE_ID": null,
   "SOURCE_DESCRIPTION": null,
   "ORIGINATOR_ID": null,
   "ORIGIN_ID": null,
   "MOVED_BY_ID": "1",
   "MOVED_TIME": "2024-08-25T14:07:15+03:00",
   "LAST_ACTIVITY_TIME": "2024-08-25T14:07:15+03:00",
   "UTM_SOURCE": null,
   "UTM_MEDIUM": null,
   "UTM_CAMPAIGN": null,
   "UTM_CONTENT": null,
   "UTM_TERM": null,
   "LAST_ACTIVITY_BY": "1"
  },
  {
   "ID": "76",
   "TITLE": "MegaClient",
   "TYPE_ID": "SALE",
   "STAGE_ID": "NEW",
   "PROBABILITY": null,
   "CURRENCY_ID": "BYN",
   "OPPORTUNITY": "0.00",
   "IS_MANUAL_OPPORTUNITY": "N",
   "TAX_VALUE": null,
   "LEAD_ID": null,
   "COMPANY_ID": "0",
   "CONTACT_ID": "48",
   "QUOTE_ID": null,
   "BEGINDATE": "2024-08-25T03:00:00+03:00",
   "CLOSEDATE": "2024-09-01T03:00:00+03:00",
   "ASSIGNED_BY_ID": "1",
   "CREATED_BY_ID": "1",
   "MODIFY_BY_ID": "1",
   "DATE_CREATE": "2024-08-25T14:57:54+03:00",
   "DATE_MODIFY": "2024-08-25T14:57:54+03:00",
   "OPENED": "N",
   "CLOSED": "N",
   "COMMENTS": null,
   "ADDITIONAL_INFO": null,
   "LOCATION_ID": null,
   "CATEGORY_ID": "0",
   "STAGE_SEMANTIC_ID": "P",
   "IS_NEW": "Y",
   "IS_RECURRING": "N",
   "IS_RETURN_CUSTOMER": "N",
   "IS_REPEATED_APPROACH": "N",
   "SOURCE_ID": null,
   "SOURCE_DESCRIPTION": null,
   "ORIGINATOR_ID": null,
   "ORIGIN_ID": null,
   "MOVED_BY_ID": "1",
   "MOVED_TIME": "2024-08-25T14:57:54+03:00",
   "LAST_ACTIVITY_TIME": "2024-08-25T14:57:54+03:00",
   "UTM_SOURCE": null,
   "UTM_MEDIUM": null,
   "UTM_CAMPAIGN": null,
   "UTM_CONTENT": null,
   "UTM_TERM": null,
   "LAST_ACTIVITY_BY": "1"
  },
  {
   "ID": "78",
   "TITLE": "MegaClient",
   "TYPE_ID": "SALE",
   "STAGE_ID": "NEW",
   "PROBABILITY": null,
   "CURRENCY_ID": "BYN",
   "OPPORTUNITY": "0.00",
   "IS_MANUAL_OPPORTUNITY": "N",
   "TAX_VALUE": null,
   "LEAD_ID": null,
   "COMPANY_ID": "0",
   "CONTACT_ID": "50",
   "QUOTE_ID": null,
   "BEGINDATE": "2024-08-25T03:00:00+03:00",
   "CLOSEDATE": "2024-09-01T03:00:00+03:00",
   "ASSIGNED_BY_ID": "1",
   "CREATED_BY_ID": "1",
   "MODIFY_BY_ID": "1",
   "DATE_CREATE": "2024-08-25T14:57:55+03:00",
   "DATE_MODIFY": "2024-08-25T14:57:55+03:00",
   "OPENED": "N",
   "CLOSED": "N",
   "COMMENTS": null,
   "ADDITIONAL_INFO": null,
   "LOCATION_ID": null,
   "CATEGORY_ID": "0",
   "STAGE_SEMANTIC_ID": "P",
   "IS_NEW": "Y",
   "IS_RECURRING": "N",
   "IS_RETURN_CUSTOMER": "N",
   "IS_REPEATED_APPROACH": "N",
   "SOURCE_ID": null,
   "SOURCE_DESCRIPTION": null,
   "ORIGINATOR_ID": null,
   "ORIGIN_ID": null,
   "MOVED_BY_ID": "1",
   "MOVED_TIME": "2024-08-25T14:57:55+03:00",
   "LAST_ACTIVITY_TIME": "2024-08-25T14:57:55+03:00",
   "UTM_SOURCE": null,
   "UTM_MEDIUM": null,
   "UTM_CAMPAIGN": null,
   "UTM_CONTENT": null,
   "UTM_TERM": null,
   "LAST_ACTIVITY_BY": "1"
  },
  {
   "ID": "84",
   "TITLE": "Мегаклиент",
   "TYPE_ID": "SALE",
   "STAGE_ID": "NEW",
   "PROBABILITY": null,
   "CURRENCY_ID": "BYN",
   "OPPORTUNITY": "0.00",
   "IS_MANUAL_OPPORTUNITY": "N",
   "TAX_VALUE": null,
   "LEAD_ID": null,
   "COMPANY_ID": "0",
   "CONTACT_ID": "52",
   "QUOTE_ID": null,
   "BEGINDATE": "2024-08-26T03:00:00+03:00",
   "CLOSEDATE": "2024-09-02T03:00:00+03:00",
   "ASSIGNED_BY_ID": "1",
   "CREATED_BY_ID": "1",
   "MODIFY_BY_ID": "1",
   "DATE_CREATE": "2024-08-26T20:50:03+03:00",
   "DATE_MODIFY": "2024-08-26T20:50:04+03:00",
   "OPENED": "N",
   "CLOSED": "N",
   "COMMENTS": null,
   "ADDITIONAL_INFO": null,
   "LOCATION_ID": null,
   "CATEGORY_ID": "0",
   "STAGE_SEMANTIC_ID": "P",
   "IS_NEW": "Y",
   "IS_RECURRING": "N",
   "IS_RETURN_CUSTOMER": "N",
   "IS_REPEATED_APPROACH": "N",
   "SOURCE_ID": null,
   "SOURCE_DESCRIPTION": null,
   "ORIGINATOR_ID": null,
   "ORIGIN_ID": null,
   "MOVED_BY_ID": "1",
   "MOVED_TIME": "2024-08-26T20:50:03+03:00",
   "LAST_ACTIVITY_TIME": "2024-08-26T20:50:03+03:00",
   "UTM_SOURCE": null,
   "UTM_MEDIUM": null,
   "UTM_CAMPAIGN": null,
   "UTM_CONTENT": null,
   "UTM_TERM": null,
   "LAST_ACTIVITY_BY": "1"
  },
  {
   "ID": "86",
   "TITLE": "Мегаклиент",
   "TYPE_ID": "SALE",
   "STAGE_ID": "NEW",
   "PROBABILITY": null,
   "CURRENCY_ID": "BYN",
   "OPPORTUNITY": "0.00",
   "IS_MANUAL_OPPORTUNITY": "N",
   "TAX_VALUE": null,
   "LEAD_ID": null,
   "COMPANY_ID": "0",
   "CONTACT_ID": "54",
   "QUOTE_ID": null,
   "BEGINDATE": "2024-08-26T03:00:00+03:00",
   "CLOSEDATE": "2024-09-02T03:00:00+03:00",
   "ASSIGNED_BY_ID": "1",
   "CREATED_BY_ID": "1",
   "MODIFY_BY_ID": "1",
   "DATE_CREATE": "2024-08-26T20:50:04+03:00",
   "DATE_MODIFY": "2024-08-26T20:50:05+03:00",
   "OPENED": "N",
   "CLOSED": "N",
   "COMMENTS": null,
   "ADDITIONAL_INFO": null,
   "LOCATION_ID": null,
   "CATEGORY_ID": "0",
   "STAGE_SEMANTIC_ID": "P",
   "IS_NEW": "Y",
   "IS_RECURRING": "N",
   "IS_RETURN_CUSTOMER": "N",
   "IS_REPEATED_APPROACH": "N",
   "SOURCE_ID": null,
   "SOURCE_DESCRIPTION": null,
   "ORIGINATOR_ID": null,
   "ORIGIN_ID": null,
   "MOVED_BY_ID": "1",
   "MOVED_TIME": "2024-08-26T20:50:04+03:00",
   "LAST_ACTIVITY_TIME": "2024-08-26T20:50:04+03:00",
   "UTM_SOURCE": null,
   "UTM_MEDIUM": null,
   "UTM_CAMPAIGN": null,
   "UTM_CONTENT": null,
   "UTM_TERM": null,
   "LAST_ACTIVITY_BY": "1"
  },
  {
   "ID": "92",
   "TITLE": "Мегаклиент",
   "TYPE_ID": "SALE",
   "STAGE_ID": "NEW",
   "PROBABILITY": null,
   "CURRENCY_ID": "BYN",
   "OPPORTUNITY": "0.00",
   "IS_MANUAL_OPPORTUNITY": "N",
   "TAX_VALUE": null,
   "LEAD_ID": null,
   "COMPANY_ID": "0",
   "CONTACT_ID": "56",
   "QUOTE_ID": null,
   "BEGINDATE": "2024-08-27T03:00:00+03:00",
   "CLOSEDATE": "2024-09-03T03:00:00+03:00",
   "ASSIGNED_BY_ID": "1",
   "CREATED_BY_ID": "1",
   "MODIFY_BY_ID": "1",
   "DATE_CREATE": "2024-08-27T21:39:25+03:00",
   "DATE_MODIFY": "2024-08-27T21:39:25+03:00",
   "OPENED": "N",
   "CLOSED": "N",
   "COMMENTS": null,
   "ADDITIONAL_INFO": null,
   "LOCATION_ID": null,
   "CATEGORY_ID": "0",
   "STAGE_SEMANTIC_ID": "P",
   "IS_NEW": "Y",
   "IS_RECURRING": "N",
   "IS_RETURN_CUSTOMER": "N",
   "IS_REPEATED_APPROACH": "N",
   "SOURCE_ID": null,
   "SOURCE_DESCRIPTION": null,
   "ORIGINATOR_ID": null,
   "ORIGIN_ID": null,
   "MOVED_BY_ID": "1",
   "MOVED_TIME": "2024-08-27T21:39:25+03:00",
   "LAST_ACTIVITY_TIME": "2024-08-27T21:39:25+03:00",
   "UTM_SOURCE": null,
   "UTM_MEDIUM": null,
   "UTM_CAMPAIGN": null,
   "UTM_CONTENT": null,
   "UTM_TERM": null,
   "LAST_ACTIVITY_BY": "1"
  },
  {
   "ID": "94",
   "TITLE": "Мегаклиент",
   "TYPE_ID": "SALE",
   "STAGE_ID": "NEW",
   "PROBABILITY": null,
   "CURRENCY_ID": "BYN",
   "OPPORTUNITY": "0.00",
   "IS_MANUAL_OPPORTUNITY": "N",
   "TAX_VALUE": null,
   "LEAD_ID": null,
   "COMPANY_ID": "0",
   "CONTACT_ID": "58",
   "QUOTE_ID": null,
   "BEGINDATE": "2024-08-27T03:00:00+03:00",
   "CLOSEDATE": "2024-09-03T03:00:00+03:00",
   "ASSIGNED_BY_ID": "1",
   "CREATED_BY_ID": "1",
   "MODIFY_BY_ID": "1",
   "DATE_CREATE": "2024-08-27T21:39:26+03:00",
   "DATE_MODIFY": "2024-08-27T21:39:26+03:00",
   "OPENED": "N",
   "CLOSED": "N",
   "COMMENTS": null,
   "ADDITIONAL_INFO": null,
   "LOCATION_ID": null,
   "CATEGORY_ID": "0",
   "STAGE_SEMANTIC_ID": "P",
   "IS_NEW": "Y",
   "IS_RECURRING": "N",
   "IS_RETURN_CUSTOMER": "N",
   "IS_REPEATED_APPROACH": "N",
   "SOURCE_ID": null,
   "SOURCE_DESCRIPTION": null,
   "ORIGINATOR_ID": null,
   "ORIGIN_ID": null,
   "MOVED_BY_ID": "1",
   "MOVED_TIME": "2024-08-27T21:39:26+03:00",
   "LAST_ACTIVITY_TIME": "2024-08-27T21:39:26+03:00",
   "UTM_SOURCE": null,
   "UTM_MEDIUM": null,
   "UTM_CAMPAIGN": null,
   "UTM_CONTENT": null,
   "UTM_TERM": null,
   "LAST_ACTIVITY_BY": "1"
  },
  {
   "ID": "100",
   "TITLE": "MegaClient",
   "TYPE_ID": "SALE",
   "STAGE_ID": "NEW",
   "PROBABILITY": null,
   "CURRENCY_ID": "BYN",
   "OPPORTUNITY": "0.00",
   "IS_MANUAL_OPPORTUNITY": "N",
   "TAX_VALUE": null,
   "LEAD_ID": null,
   "COMPANY_ID": "0",
   "CONTACT_ID": "60",
   "QUOTE_ID": null,
   "BEGINDATE": "2024-08-27T03:00:00+03:00",
   "CLOSEDATE": "2024-09-03T03:00:00+03:00",
   "ASSIGNED_BY_ID": "1",
   "CREATED_BY_ID": "1",
   "MODIFY_BY_ID": "1",
   "DATE_CREATE": "2024-08-27T22:21:41+03:00",
   "DATE_MODIFY": "2024-08-27T22:21:41+03:00",
   "OPENED": "N",
   "CLOSED": "N",
   "COMMENTS": null,
   "ADDITIONAL_INFO": null,
   "LOCATION_ID": null,
   "CATEGORY_ID": "0",
   "STAGE_SEMANTIC_ID": "P",
   "IS_NEW": "Y",
   "IS_RECURRING": "N",
   "IS_RETURN_CUSTOMER": "N",
   "IS_REPEATED_APPROACH": "N",
   "SOURCE_ID": null,
   "SOURCE_DESCRIPTION": null,
   "ORIGINATOR_ID": null,
   "ORIGIN_ID": null,
   "MOVED_BY_ID": "1",
   "MOVED_TIME": "2024-08-27T22:21:41+03:00",
   "LAST_ACTIVITY_TIME": "2024-08-27T22:21:41+03:00",
   "UTM_SOURCE": null,
   "UTM_MEDIUM": null,
   "UTM_CAMPAIGN": null,
   "UTM_CONTENT": null,
   "UTM_TERM": null,
   "LAST_ACTIVITY_BY": "1"
  },
  {
   "ID": "102",
   "TITLE": "MegaClient",
   "TYPE_ID": "SALE",
   "STAGE_ID": "NEW",
   "PROBABILITY": null,
   "CURRENCY_ID": "BYN",
   "OPPORTUNITY": "0.00",
   "IS_MANUAL_OPPORTUNITY": "N",
   "TAX_VALUE": null,
   "LEAD_ID": null,
   "COMPANY_ID": "0",
   "CONTACT_ID": "62",
   "QUOTE_ID": null,
   "BEGINDATE": "2024-08-27T03:00:00+03:00",
   "CLOSEDATE": "2024-09-03T03:00:00+03:00",
   "ASSIGNED_BY_ID": "1",
   "CREATED_BY_ID": "1",
   "MODIFY_BY_ID": "1",
   "DATE_CREATE": "2024-08-27T22:21:42+03:00",
   "DATE_MODIFY": "2024-08-27T22:21:42+03:00",
   "OPENED": "N",
   "CLOSED": "N",
   "COMMENTS": null,
   "ADDITIONAL_INFO": null,
   "LOCATION_ID": null,
   "CATEGORY_ID": "0",
   "STAGE_SEMANTIC_ID": "P",
   "IS_NEW": "Y",
   "IS_RECURRING": "N",
   "IS_RETURN_CUSTOMER": "N",
   "IS_REPEATED_APPROACH": "N",
   "SOURCE_ID": null,
   "SOURCE_DESCRIPTION": null,
   "ORIGINATOR_ID": null,
   "ORIGIN_ID": null,
   "MOVED_BY_ID": "1",
   "MOVED_TIME": "2024-08-27T22:21:42+03:00",
   "LAST_ACTIVITY_TIME": "2024-08-27T22:21:42+03:00",
   "UTM_SOURCE": null,
   "UTM_MEDIUM": null,
   "UTM_CAMPAIGN": null,
   "UTM_CONTENT": null,
   "UTM_TERM": null,
   "LAST_ACTIVITY_BY": "1"
  },
  {
   "ID": "108",
   "TITLE": "MegaClient",
   "TYPE_ID": "SALE",
   "STAGE_ID": "NEW",
   "PROBABILITY": null,
   "CURRENCY_ID": "BYN",
   "OPPORTUNITY": "0.00",
   "IS_MANUAL_OPPORTUNITY": "N",
   "TAX_VALUE": null,
   "LEAD_ID": null,
   "COMPANY_ID": "0",
   "CONTACT_ID": "64",
   "QUOTE_ID": null,
   "BEGINDATE": "2024-08-29T03:00:00+03:00",
   "CLOSEDATE": "2024-09-05T03:00:00+03:00",
   "ASSIGNED_BY_ID": "1",
   "CREATED_BY_ID": "1",
   "MODIFY_BY_ID": "1",
   "DATE_CREATE": "2024-08-29T10:13:09+03:00",
   "DATE_MODIFY": "2024-08-29T10:13:10+03:00",
   "OPENED": "N",
   "CLOSED": "N",
   "COMMENTS": null,
   "ADDITIONAL_INFO": null,
   "LOCATION_ID": null,
   "CATEGORY_ID": "0",
   "STAGE_SEMANTIC_ID": "P",
   "IS_NEW": "Y",
   "IS_RECURRING": "N",
   "IS_RETURN_CUSTOMER": "N",
   "IS_REPEATED_APPROACH": "N",
   "SOURCE_ID": null,
   "SOURCE_DESCRIPTION": null,
   "ORIGINATOR_ID": null,
   "ORIGIN_ID": null,
   "MOVED_BY_ID": "1",
   "MOVED_TIME": "2024-08-29T10:13:09+03:00",
   "LAST_ACTIVITY_TIME": "2024-08-29T10:13:09+03:00",
   "UTM_SOURCE": null,
   "UTM_MEDIUM": null,
   "UTM_CAMPAIGN": null,
   "UTM_CONTENT": null,
   "UTM_TERM": null,
   "LAST_ACTIVITY_BY": "1"
  },
  {
   "ID": "110",
   "TITLE": "MegaClient",
   "TYPE_ID": "SALE",
   "STAGE_ID": "NEW",
   "PROBABILITY": null,
   "CURRENCY_ID": "BYN",
   "OPPORTUNITY": "0.00",
   "IS_MANUAL_OPPORTUNITY": "N",
   "TAX_VALUE": null,
   "LEAD_ID": null,
   "COMPANY_ID": "0",
   "CONTACT_ID": "66",
   "QUOTE_ID": null,
   "BEGINDATE": "2024-08-29T03:00:00+03:00",
   "CLOSEDATE": "2024-09-05T03:00:00+03:00",
   "ASSIGNED_BY_ID": "1",
   "CREATED_BY_ID": "1",
   "MODIFY_BY_ID": "1",
   "DATE_CREATE": "2024-08-29T10:13:11+03:00",
   "DATE_MODIFY": "2024-08-29T10:13:11+03:00",
   "OPENED": "N",
   "CLOSED": "N",
   "COMMENTS": null,
   "ADDITIONAL_INFO": null,
   "LOCATION_ID": null,
   "CATEGORY_ID": "0",
   "STAGE_SEMANTIC_ID": "P",
   "IS_NEW": "Y",
   "IS_RECURRING": "N",
   "IS_RETURN_CUSTOMER": "N",
   "IS_REPEATED_APPROACH": "N",
   "SOURCE_ID": null,
   "SOURCE_DESCRIPTION": null,
   "ORIGINATOR_ID": null,
   "ORIGIN_ID": null,
   "MOVED_BY_ID": "1",
   "MOVED_TIME": "2024-08-29T10:13:11+03:00",
   "LAST_ACTIVITY_TIME": "2024-08-29T10:13:11+03:00",
   "UTM_SOURCE": null,
   "UTM_MEDIUM": null,
   "UTM_CAMPAIGN": null,
   "UTM_CONTENT": null,
   "UTM_TERM": null,
   "LAST_ACTIVITY_BY": "1"
  },
  {
   "ID": "116",
   "TITLE": "Мегаклиент",
   "TYPE_ID": "SALE",
   "STAGE_ID": "NEW",
   "PROBABILITY": null,
   "CURRENCY_ID": "BYN",
   "OPPORTUNITY": "0.00",
   "IS_MANUAL_OPPORTUNITY": "N",
   "TAX_VALUE": null,
   "LEAD_ID": null,
   "COMPANY_ID": "0",
   "CONTACT_ID": "68",
   "QUOTE_ID": null,
   "BEGINDATE": "2024-08-30T03:00:00+03:00",
   "CLOSEDATE": "2024-09-06T03:00:00+03:00",
   "ASSIGNED_BY_ID": "1",
   "CREATED_BY_ID": "1",
   "MODIFY_BY_ID": "1",
   "DATE_CREATE": "2024-08-30T08:57:23+03:00",
   "DATE_MODIFY": "2024-08-30T08:57:24+03:00",
   "OPENED": "N",
   "CLOSED": "N",
   "COMMENTS": null,
   "ADDITIONAL_INFO": null,
   "LOCATION_ID": null,
   "CATEGORY_ID": "0",
   "STAGE_SEMANTIC_ID": "P",
   "IS_NEW": "Y",
   "IS_RECURRING": "N",
   "IS_RETURN_CUSTOMER": "N",
   "IS_REPEATED_APPROACH": "N",
   "SOURCE_ID": null,
   "SOURCE_DESCRIPTION": null,
   "ORIGINATOR_ID": null,
   "ORIGIN_ID": null,
   "MOVED_BY_ID": "1",
   "MOVED_TIME": "2024-08-30T08:57:23+03:00",
   "LAST_ACTIVITY_TIME": "2024-08-30T08:57:23+03:00",
   "UTM_SOURCE": null,
   "UTM_MEDIUM": null,
   "UTM_CAMPAIGN": null,
   "UTM_CONTENT": null,
   "UTM_TERM": null,
   "LAST_ACTIVITY_BY": "1"
  },
  {
   "ID": "118",
   "TITLE": "Мегаклиент",
   "TYPE_ID": "SALE",
   "STAGE_ID": "NEW",
   "PROBABILITY": null,
   "CURRENCY_ID": "BYN",
   "OPPORTUNITY": "0.00",
   "IS_MANUAL_OPPORTUNITY": "N",
   "TAX_VALUE": null,
   "LEAD_ID": null,
   "COMPANY_ID": "0",
   "CONTACT_ID": "70",
   "QUOTE_ID": null,
   "BEGINDATE": "2024-08-30T03:00:00+03:00",
   "CLOSEDATE": "2024-09-06T03:00:00+03:00",
   "ASSIGNED_BY_ID": "1",
   "CREATED_BY_ID": "1",
   "MODIFY_BY_ID": "1",
   "DATE_CREATE": "2024-08-30T08:57:25+03:00",
   "DATE_MODIFY": "2024-08-30T08:57:25+03:00",
   "OPENED": "N",
   "CLOSED": "N",
   "COMMENTS": null,
   "ADDITIONAL_INFO": null,
   "LOCATION_ID": null,
   "CATEGORY_ID": "0",
   "STAGE_SEMANTIC_ID": "P",
   "IS_NEW": "Y",
   "IS_RECURRING": "N",
   "IS_RETURN_CUSTOMER": "N",
   "IS_REPEATED_APPROACH": "N",
   "SOURCE_ID": null,
   "SOURCE_DESCRIPTION": null,
   "ORIGINATOR_ID": null,
   "ORIGIN_ID": null,
   "MOVED_BY_ID": "1",
   "MOVED_TIME": "2024-08-30T08:57:25+03:00",
   "LAST_ACTIVITY_TIME": "2024-08-30T08:57:25+03:00",
   "UTM_SOURCE": null,
   "UTM_MEDIUM": null,
   "UTM_CAMPAIGN": null,
   "UTM_CONTENT": null,
   "UTM_TERM": null,
   "LAST_ACTIVITY_BY": "1"
  },
  {
   "ID": "124",
   "TITLE": "Мегаклиент",
   "TYPE_ID": "SALE",
   "STAGE_ID": "NEW",
   "PROBABILITY": null,
   "CURRENCY_ID": "BYN",
   "OPPORTUNITY": "0.00",
   "IS_MANUAL_OPPORTUNITY": "N",
   "TAX_VALUE": null,
   "LEAD_ID": null,
   "COMPANY_ID": "0",
   "CONTACT_ID": "72",
   "QUOTE_ID": null,
   "BEGINDATE": "2024-09-01T03:00:00+03:00",
   "CLOSEDATE": "2024-09-08T03:00:00+03:00",
   "ASSIGNED_BY_ID": "1",
   "CREATED_BY_ID": "1",
   "MODIFY_BY_ID": "1",
   "DATE_CREATE": "2024-09-01T10:45:01+03:00",
   "DATE_MODIFY": "2024-09-01T10:45:01+03:00",
   "OPENED": "N",
   "CLOSED": "N",
   "COMMENTS": null,
   "ADDITIONAL_INFO": null,
   "LOCATION_ID": null,
   "CATEGORY_ID": "0",
   "STAGE_SEMANTIC_ID": "P",
   "IS_NEW": "Y",
   "IS_RECURRING": "N",
   "IS_RETURN_CUSTOMER": "N",
   "IS_REPEATED_APPROACH": "N",
   "SOURCE_ID": null,
   "SOURCE_DESCRIPTION": null,
   "ORIGINATOR_ID": null,
   "ORIGIN_ID": null,
   "MOVED_BY_ID": "1",
   "MOVED_TIME": "2024-09-01T10:45:01+03:00",
   "LAST_ACTIVITY_TIME": "2024-09-01T10:45:01+03:00",
   "UTM_SOURCE": null,
   "UTM_MEDIUM": null,
   "UTM_CAMPAIGN": null,
   "UTM_CONTENT": null,
   "UTM_TERM": null,
   "LAST_ACTIVITY_BY": "1"
  },
  {
   "ID": "126",
   "TITLE": "Мегаклиент",
   "TYPE_ID": "SALE",
   "STAGE_ID": "NEW",
   "PROBABILITY": null,
   "CURRENCY_ID": "BYN",
   "OPPORTUNITY": "0.00",
   "IS_MANUAL_OPPORTUNITY": "N",
   "TAX_VALUE": null,
   "LEAD_ID": null,
   "COMPANY_ID": "0",
   "CONTACT_ID": "74",
   "QUOTE_ID": null,
   "BEGINDATE": "2024-09-01T03:00:00+03:00",
   "CLOSEDATE": "2024-09-08T03:00:00+03:00",
   "ASSIGNED_BY_ID": "1",
   "CREATED_BY_ID": "1",
   "MODIFY_BY_ID": "1",
   "DATE_CREATE": "2024-09-01T10:45:02+03:00",
   "DATE_MODIFY": "2024-09-01T10:45:02+03:00",
   "OPENED": "N",
   "CLOSED": "N",
   "COMMENTS": null,
   "ADDITIONAL_INFO": null,
   "LOCATION_ID": null,
   "CATEGORY_ID": "0",
   "STAGE_SEMANTIC_ID": "P",
   "IS_NEW": "Y",
   "IS_RECURRING": "N",
   "IS_RETURN_CUSTOMER": "N",
   "IS_REPEATED_APPROACH": "N",
   "SOURCE_ID": null,
   "SOURCE_DESCRIPTION": null,
   "ORIGINATOR_ID": null,
   "ORIGIN_ID": null,
   "MOVED_BY_ID": "1",
   "MOVED_TIME": "2024-09-01T10:45:02+03:00",
   "LAST_ACTIVITY_TIME": "2024-09-01T10:45:02+03:00",
   "UTM_SOURCE": null,
   "UTM_MEDIUM": null,
   "UTM_CAMPAIGN": null,
   "UTM_CONTENT": null,
   "UTM_TERM": null,
   "LAST_ACTIVITY_BY": "1"
  },
  {
   "ID": "132",
   "TITLE": "MegaClient",
   "TYPE_ID": "SALE",
   "STAGE_ID": "NEW",
   "PROBABILITY": null,
   "CURRENCY_ID": "BYN",
   "OPPORTUNITY": "0.00",
   "IS_MANUAL_OPPORTUNITY": "N",
   "TAX_VALUE": null,
   "LEAD_ID": null,
   "COMPANY_ID": "0",
   "CONTACT_ID": "76",
   "QUOTE_ID": null,
   "BEGINDATE": "2024-09-01T03:00:00+03:00",
   "CLOSEDATE": "2024-09-08T03:00:00+03:00",
   "ASSIGNED_BY_ID": "1",
   "CREATED_BY_ID": "1",
   "MODIFY_BY_ID": "1",
   "DATE_CREATE": "2024-09-01T19:11:15+03:00",
   "DATE_MODIFY": "2024-09-01T19:11:15+03:00",
   "OPENED": "N",
   "CLOSED": "N",
   "COMMENTS": null,
   "ADDITIONAL_INFO": null,
   "LOCATION_ID": null,
   "CATEGORY_ID": "0",
   "STAGE_SEMANTIC_ID": "P",
   "IS_NEW": "Y",
   "IS_RECURRING": "N",
   "IS_RETURN_CUSTOMER": "N",
   "IS_REPEATED_APPROACH": "N",
   "SOURCE_ID": null,
   "SOURCE_DESCRIPTION": null,
   "ORIGINATOR_ID": null,
   "ORIGIN_ID": null,
   "MOVED_BY_ID": "1",
   "MOVED_TIME": "2024-09-01T19:11:15+03:00",
   "LAST_ACTIVITY_TIME": "2024-09-01T19:11:15+03:00",
   "UTM_SOURCE": null,
   "UTM_MEDIUM": null,
   "UTM_CAMPAIGN": null,
   "UTM_CONTENT": null,
   "UTM_TERM": null,
   "LAST_ACTIVITY_BY": "1"
  },
  {
   "ID": "134",
   "TITLE": "MegaClient",
   "TYPE_ID": "SALE",
   "STAGE_ID": "NEW",
   "PROBABILITY": null,
   "CURRENCY_ID": "BYN",
   "OPPORTUNITY": "0.00",
   "IS_MANUAL_OPPORTUNITY": "N",
   "TAX_VALUE": null,
   "LEAD_ID": null,
   "COMPANY_ID": "0",
   "CONTACT_ID": "78",
   "QUOTE_ID": null,
   "BEGINDATE": "2024-09-01T03:00:00+03:00",
   "CLOSEDATE": "2024-09-08T03:00:00+03:00",
   "ASSIGNED_BY_ID": "1",
   "CREATED_BY_ID": "1",
   "MODIFY_BY_ID": "1",
   "DATE_CREATE": "2024-09-01T19:11:16+03:00",
   "DATE_MODIFY": "2024-09-01T19:11:16+03:00",
   "OPENED": "N",
   "CLOSED": "N",
   "COMMENTS": null,
   "ADDITIONAL_INFO": null,
   "LOCATION_ID": null,
   "CATEGORY_ID": "0",
   "STAGE_SEMANTIC_ID": "P",
   "IS_NEW": "Y",
   "IS_RECURRING": "N",
   "IS_RETURN_CUSTOMER": "N",
   "IS_REPEATED_APPROACH": "N",
   "SOURCE_ID": null,
   "SOURCE_DESCRIPTION": null,
   "ORIGINATOR_ID": null,
   "ORIGIN_ID": null,
   "MOVED_BY_ID": "1",
   "MOVED_TIME": "2024-09-01T19:11:16+03:00",
   "LAST_ACTIVITY_TIME": "2024-09-01T19:11:16+03:00",
   "UTM_SOURCE": null,
   "UTM_MEDIUM": null,
   "UTM_CAMPAIGN": null,
   "UTM_CONTENT": null,
   "UTM_TERM": null,
   "LAST_ACTIVITY_BY": "1"
  },
  {
   "ID": "140",
   "TITLE": "Мегаклиент",
   "TYPE_ID": "SALE",
   "STAGE_ID": "NEW",
   "PROBABILITY": null,
   "CURRENCY_ID": "BYN",
   "OPPORTUNITY": "0.00",
   "IS_MANUAL_OPPORTUNITY": "N",
   "TAX_VALUE": null,
   "LEAD_ID": null,
   "COMPANY_ID": "0",
   "CONTACT_ID": "80",
   "QUOTE_ID": null,
   "BEGINDATE": "2024-09-01T03:00:00+03:00",
   "CLOSEDATE": "2024-09-08T03:00:00+03:00",
   "ASSIGNED_BY_ID": "1",
   "CREATED_BY_ID": "1",
   "MODIFY_BY_ID": "1",
   "DATE_CREATE": "2024-09-01T19:35:22+03:00",
   "DATE_MODIFY": "2024-09-01T19:35:22+03:00",
   "OPENED": "N",
   "CLOSED": "N",
   "COMMENTS": null,
   "ADDITIONAL_INFO": null,
   "LOCATION_ID": null,
   "CATEGORY_ID": "0",
   "STAGE_SEMANTIC_ID": "P",
   "IS_NEW": "Y",
   "IS_RECURRING": "N",
   "IS_RETURN_CUSTOMER": "N",
   "IS_REPEATED_APPROACH": "N",
   "SOURCE_ID": null,
   "SOURCE_DESCRIPTION": null,
   "ORIGINATOR_ID": null,
   "ORIGIN_ID": null,
   "MOVED_BY_ID": "1",
   "MOVED_TIME": "2024-09-01T19:35:22+03:00",
   "LAST_ACTIVITY_TIME": "2024-09-01T19:35:22+03:00",
   "UTM_SOURCE": null,
   "UTM_MEDIUM": null,
   "UTM_CAMPAIGN": null,
   "UTM_CONTENT": null,
   "UTM_TERM": null,
   "LAST_ACTIVITY_BY": "1"
  },
  {
   "ID": "142",
   "TITLE": "Мегаклиент",
   "TYPE_ID": "SALE",
   "STAGE_ID": "NEW",
   "PROBABILITY": null,
   "CURRENCY_ID": "BYN",
   "OPPORTUNITY": "0.00",
   "IS_MANUAL_OPPORTUNITY": "N",
   "TAX_VALUE": null,
   "LEAD_ID": null,
   "COMPANY_ID": "0",
   "CONTACT_ID": "82",
   "QUOTE_ID": null,
   "BEGINDATE": "2024-09-01T03:00:00+03:00",
   "CLOSEDATE": "2024-09-08T03:00:00+03:00",
   "ASSIGNED_BY_ID": "1",
   "CREATED_BY_ID": "1",
   "MODIFY_BY_ID": "1",
   "DATE_CREATE": "2024-09-01T19:35:23+03:00",
   "DATE_MODIFY": "2024-09-01T19:35:23+03:00",
   "OPENED": "N",
   "CLOSED": "N",
   "COMMENTS": null,
   "ADDITIONAL_INFO": null,
   "LOCATION_ID": null,
   "CATEGORY_ID": "0",
   "STAGE_SEMANTIC_ID": "P",
   "IS_NEW": "Y",
   "IS_RECURRING": "N",
   "IS_RETURN_CUSTOMER": "N",
   "IS_REPEATED_APPROACH": "N",
   "SOURCE_ID": null,
   "SOURCE_DESCRIPTION": null,
   "ORIGINATOR_ID": null,
   "ORIGIN_ID": null,
   "MOVED_BY_ID": "1",
   "MOVED_TIME": "2024-09-01T19:35:23+03:00",
   "LAST_ACTIVITY_TIME": "2024-09-01T19:35:23+03:00",
   "UTM_SOURCE": null,
   "UTM_MEDIUM": null,
   "UTM_CAMPAIGN": null,
   "UTM_CONTENT": null,
   "UTM_TERM": null,
   "LAST_ACTIVITY_BY": "1"
  },
  {
   "ID": "148",
   "TITLE": "Мегаклиент",
   "TYPE_ID": "SALE",
   "STAGE_ID": "NEW",
   "PROBABILITY": null,
   "CURRENCY_ID": "BYN",
   "OPPORTUNITY": "0.00",
   "IS_MANUAL_OPPORTUNITY": "N",
   "TAX_VALUE": null,
   "LEAD_ID": null,
   "COMPANY_ID": "0",
   "CONTACT_ID": "84",
   "QUOTE_ID": null,
   "BEGINDATE": "2024-09-08T03:00:00+03:00",
   "CLOSEDATE": "2024-09-15T03:00:00+03:00",
   "ASSIGNED_BY_ID": "1",
   "CREATED_BY_ID": "1",
   "MODIFY_BY_ID": "1",
   "DATE_CREATE": "2024-09-08T13:15:07+03:00",
   "DATE_MODIFY": "2024-09-08T13:15:07+03:00",
   "OPENED": "N",
   "CLOSED": "N",
   "COMMENTS": null,
   "ADDITIONAL_INFO": null,
   "LOCATION_ID": null,
   "CATEGORY_ID": "0",
   "STAGE_SEMANTIC_ID": "P",
   "IS_NEW": "Y",
   "IS_RECURRING": "N",
   "IS_RETURN_CUSTOMER": "N",
   "IS_REPEATED_APPROACH": "N",
   "SOURCE_ID": null,
   "SOURCE_DESCRIPTION": null,
   "ORIGINATOR_ID": null,
   "ORIGIN_ID": null,
   "MOVED_BY_ID": "1",
   "MOVED_TIME": "2024-09-08T13:15:07+03:00",
   "LAST_ACTIVITY_TIME": "2024-09-08T13:15:07+03:00",
   "UTM_SOURCE": null,
   "UTM_MEDIUM": null,
   "UTM_CAMPAIGN": null,
   "UTM_CONTENT": null,
   "UTM_TERM": null,
   "LAST_ACTIVITY_BY": "1"
  },
  {
   "ID": "150",
   "TITLE": "Мегаклиент",
   "TYPE_ID": "SALE",
   "STAGE_ID": "NEW",
   "PROBABILITY": null,
   "CURRENCY_ID": "BYN",
   "OPPORTUNITY": "0.00",
   "IS_MANUAL_OPPORTUNITY": "N",
   "TAX_VALUE": null,
   "LEAD_ID": null,
   "COMPANY_ID": "0",
   "CONTACT_ID": "86",
   "QUOTE_ID": null,
   "BEGINDATE": "2024-09-08T03:00:00+03:00",
   "CLOSEDATE": "2024-09-15T03:00:00+03:00",
   "ASSIGNED_BY_ID": "1",
   "CREATED_BY_ID": "1",
   "MODIFY_BY_ID": "1",
   "DATE_CREATE": "2024-09-08T13:15:07+03:00",
   "DATE_MODIFY": "2024-09-08T13:15:08+03:00",
   "OPENED": "N",
   "CLOSED": "N",
   "COMMENTS": null,
   "ADDITIONAL_INFO": null,
   "LOCATION_ID": null,
   "CATEGORY_ID": "0",
   "STAGE_SEMANTIC_ID": "P",
   "IS_NEW": "Y",
   "IS_RECURRING": "N",
   "IS_RETURN_CUSTOMER": "N",
   "IS_REPEATED_APPROACH": "N",
   "SOURCE_ID": null,
   "SOURCE_DESCRIPTION": null,
   "ORIGINATOR_ID": null,
   "ORIGIN_ID": null,
   "MOVED_BY_ID": "1",
   "MOVED_TIME": "2024-09-08T13:15:07+03:00",
   "LAST_ACTIVITY_TIME": "2024-09-08T13:15:07+03:00",
   "UTM_SOURCE": null,
   "UTM_MEDIUM": null,
   "UTM_CAMPAIGN": null,
   "UTM_CONTENT": null,
   "UTM_TERM": null,
   "LAST_ACTIVITY_BY": "1"
  },
  {
   "ID": "156",
   "TITLE": "Мегаклиент",
   "TYPE_ID": "SALE",
   "STAGE_ID": "NEW",
   "PROBABILITY": null,
   "CURRENCY_ID": "BYN",
   "OPPORTUNITY": "0.00",
   "IS_MANUAL_OPPORTUNITY": "N",
   "TAX_VALUE": null,
   "LEAD_ID": null,
   "COMPANY_ID": "0",
   "CONTACT_ID": "88",
   "QUOTE_ID": null,
   "BEGINDATE": "2024-09-08T03:00:00+03:00",
   "CLOSEDATE": "2024-09-15T03:00:00+03:00",
   "ASSIGNED_BY_ID": "1",
   "CREATED_BY_ID": "1",
   "MODIFY_BY_ID": "1",
   "DATE_CREATE": "2024-09-08T16:42:57+03:00",
   "DATE_MODIFY": "2024-09-08T16:42:57+03:00",
   "OPENED": "N",
   "CLOSED": "N",
   "COMMENTS": null,
   "ADDITIONAL_INFO": null,
   "LOCATION_ID": null,
   "CATEGORY_ID": "0",
   "STAGE_SEMANTIC_ID": "P",
   "IS_NEW": "Y",
   "IS_RECURRING": "N",
   "IS_RETURN_CUSTOMER": "N",
   "IS_REPEATED_APPROACH": "N",
   "SOURCE_ID": null,
   "SOURCE_DESCRIPTION": null,
   "ORIGINATOR_ID": null,
   "ORIGIN_ID": null,
   "MOVED_BY_ID": "1",
   "MOVED_TIME": "2024-09-08T16:42:57+03:00",
   "LAST_ACTIVITY_TIME": "2024-09-08T16:42:57+03:00",
   "UTM_SOURCE": null,
   "UTM_MEDIUM": null,
   "UTM_CAMPAIGN": null,
   "UTM_CONTENT": null,
   "UTM_TERM": null,
   "LAST_ACTIVITY_BY": "1"
  },
  {
   "ID": "158",
   "TITLE": "Мегаклиент",
   "TYPE_ID": "SALE",
   "STAGE_ID": "NEW",
   "PROBABILITY": null,
   "CURRENCY_ID": "BYN",
   "OPPORTUNITY": "0.00",
   "IS_MANUAL_OPPORTUNITY": "N",
   "TAX_VALUE": null,
   "LEAD_ID": null,
   "COMPANY_ID": "0",
   "CONTACT_ID": "90",
   "QUOTE_ID": null,
   "BEGINDATE": "2024-09-08T03:00:00+03:00",
   "CLOSEDATE": "2024-09-15T03:00:00+03:00",
   "ASSIGNED_BY_ID": "1",
   "CREATED_BY_ID": "1",
   "MODIFY_BY_ID": "1",
   "DATE_CREATE": "2024-09-08T16:42:58+03:00",
   "DATE_MODIFY": "2024-09-08T16:42:59+03:00",
   "OPENED": "N",
   "CLOSED": "N",
   "COMMENTS": null,
   "ADDITIONAL_INFO": null,
   "LOCATION_ID": null,
   "CATEGORY_ID": "0",
   "STAGE_SEMANTIC_ID": "P",
   "IS_NEW": "Y",
   "IS_RECURRING": "N",
   "IS_RETURN_CUSTOMER": "N",
   "IS_REPEATED_APPROACH": "N",
   "SOURCE_ID": null,
   "SOURCE_DESCRIPTION": null,
   "ORIGINATOR_ID": null,
   "ORIGIN_ID": null,
   "MOVED_BY_ID": "1",
   "MOVED_TIME": "2024-09-08T16:42:58+03:00",
   "LAST_ACTIVITY_TIME": "2024-09-08T16:42:58+03:00",
   "UTM_SOURCE": null,
   "UTM_MEDIUM": null,
   "UTM_CAMPAIGN": null,
   "UTM_CONTENT": null,
   "UTM_TERM": null,
   "LAST_ACTIVITY_BY": "1"
  },
  {
   "ID": "164",
   "TITLE": "MegaClient",
   "TYPE_ID": "SALE",
   "STAGE_ID": "NEW",
   "PROBABILITY": null,
   "CURRENCY_ID": "BYN",
   "OPPORTUNITY": "0.00",
   "IS_MANUAL_OPPORTUNITY": "N",
   "TAX_VALUE": null,
   "LEAD_ID": null,
   "COMPANY_ID": "0",
   "CONTACT_ID": "92",
   "QUOTE_ID": null,
   "BEGINDATE": "2024-09-08T03:00:00+03:00",
   "CLOSEDATE": "2024-09-15T03:00:00+03:00",
   "ASSIGNED_BY_ID": "1",
   "CREATED_BY_ID": "1",
   "MODIFY_BY_ID": "1",
   "DATE_CREATE": "2024-09-08T17:35:51+03:00",
   "DATE_MODIFY": "2024-09-08T17:35:51+03:00",
   "OPENED": "N",
   "CLOSED": "N",
   "COMMENTS": null,
   "ADDITIONAL_INFO": null,
   "LOCATION_ID": null,
   "CATEGORY_ID": "0",
   "STAGE_SEMANTIC_ID": "P",
   "IS_NEW": "Y",
   "IS_RECURRING": "N",
   "IS_RETURN_CUSTOMER": "N",
   "IS_REPEATED_APPROACH": "N",
   "SOURCE_ID": null,
   "SOURCE_DESCRIPTION": null,
   "ORIGINATOR_ID": null,
   "ORIGIN_ID": null,
   "MOVED_BY_ID": "1",
   "MOVED_TIME": "2024-09-08T17:35:51+03:00",
   "LAST_ACTIVITY_TIME": "2024-09-08T17:35:51+03:00",
   "UTM_SOURCE": null,
   "UTM_MEDIUM": null,
   "UTM_CAMPAIGN": null,
   "UTM_CONTENT": null,
   "UTM_TERM": null,
   "LAST_ACTIVITY_BY": "1"
  }
 ],
 "next": 50,
 "total": 197,
 "time": {
  "start": 1728329256.63134,
  "finish": 1728329256.68571,
  "duration": 0.0543749332427978,
  "processing": 0.0303080081939697,
  "date_start": "2024-10-07T22:27:36+03:00",
  "date_finish": "2024-10-07T22:27:36+03:00",
  "operating_reset_at": 1728329856,
  "operating": 0
 }
}
