{
 "result": [
  {
   "ID": "4134",
   "NAME": "Subordinate department",
   "SORT": 500,
   "PARENT": "4132",
   "UF_HEAD": "1"
  },
  {
   "ID": "638",
   "NAME": "Подчиненное подразделение",
   "SORT": 500,
   "PARENT": "636",
   "UF_HEAD": "1"
  }
 ],
 "total": 2,
 "time": {
  "start": 1781803893,
  "finish": 1781803893.15697,
  "duration": 0.156965970993042,
  "processing": 0,
  "date_start": "2026-06-18T17:31:33+00:00",
  "date_finish": "2026-06-18T17:31:33+00:00",
  "operating_reset_at": 1781804493,
  "operating": 0
 }
}
