{
 "result": {
  "ID": "5394",
  "TITLE": "Planned sale",
  "TYPE_ID": "GOODS",
  "STAGE_ID": "NEW",
  "PROBABILITY": "30",
  "CURRENCY_ID": "USD",
  "OPPORTUNITY": "5000.00",
  "IS_MANUAL_OPPORTUNITY": "N",
  "TAX_VALUE": "0.00",
  "LEAD_ID": null,
  "COMPANY_ID": "1",
  "CONTACT_ID": "3",
  "QUOTE_ID": null,
  "BEGINDATE": "2024-01-01T00:00:00+00:00",
  "CLOSEDATE": "2030-01-01T00:00:00+00:00",
  "ASSIGNED_BY_ID": "1",
  "CREATED_BY_ID": "1",
  "MODIFY_BY_ID": "1",
  "DATE_CREATE": "2025-10-29T22:16:50+00:00",
  "DATE_MODIFY": "2025-10-29T22:16:50+00:00",
  "OPENED": "Y",
  "CLOSED": "N",
  "COMMENTS": null,
  "ADDITIONAL_INFO": null,
  "LOCATION_ID": null,
  "CATEGORY_ID": "0",
  "STAGE_SEMANTIC_ID": "P",
  "IS_NEW": "Y",
  "IS_RECURRING": "N",
  "IS_RETURN_CUSTOMER": "N",
  "IS_REPEATED_APPROACH": "N",
  "SOURCE_ID": "",
  "SOURCE_DESCRIPTION": null,
  "ORIGINATOR_ID": null,
  "ORIGIN_ID": null,
  "MOVED_BY_ID": "1",
  "MOVED_TIME": "2025-10-29T22:16:50+00:00",
  "LAST_ACTIVITY_TIME": "2025-10-29T22:16:50+00:00",
  "UTM_SOURCE": null,
  "UTM_MEDIUM": null,
  "UTM_CAMPAIGN": null,
  "UTM_CONTENT": null,
  "UTM_TERM": null,
  "LAST_COMMUNICATION_TIME": null,
  "LAST_ACTIVITY_BY": "1"
 },
 "time": {
  "start": 1761776218,
  "finish": 1761776218.55425,
  "duration": 0.554249048233032,
  "processing": 0,
  "date_start": "2025-10-29T22:16:58+00:00",
  "date_finish": "2025-10-29T22:16:58+00:00",
  "operating_reset_at": 1761776818,
  "operating": 0
 }
}
