{
 "result": [
  {
   "ID": "57536",
   "NAME": "New subfolder 2",
   "CODE": null,
   "STORAGE_ID": "3",
   "TYPE": "folder",
   "REAL_OBJECT_ID": "57536",
   "PARENT_ID": "57534",
   "DELETED_TYPE": "0",
   "CREATE_TIME": "2026-05-26T08:57:05+00:00",
   "UPDATE_TIME": "2026-05-26T08:57:08+00:00",
   "DELETE_TIME": null,
   "CREATED_BY": "1",
   "UPDATED_BY": "1",
   "DELETED_BY": "0",
   "DETAIL_URL": "https://b24-ar17wx.bitrix24.by/docs/path/New catalog/New subfolder 2"
  },
  {
   "ID": "57538",
   "NAME": "New subfolder",
   "CODE": null,
   "STORAGE_ID": "3",
   "TYPE": "folder",
   "REAL_OBJECT_ID": "57538",
   "PARENT_ID": "57534",
   "DELETED_TYPE": "0",
   "CREATE_TIME": "2026-05-26T08:57:06+00:00",
   "UPDATE_TIME": "2026-05-26T08:57:07+00:00",
   "DELETE_TIME": null,
   "CREATED_BY": "1",
   "UPDATED_BY": "1",
   "DELETED_BY": "0",
   "DETAIL_URL": "https://b24-ar17wx.bitrix24.by/docs/path/New catalog/New subfolder"
  },
  {
   "ID": "57550",
   "NAME": "New file name.jpg",
   "CODE": null,
   "STORAGE_ID": "3",
   "TYPE": "file",
   "PARENT_ID": "57534",
   "DELETED_TYPE": "0",
   "GLOBAL_CONTENT_VERSION": "1",
   "FILE_ID": "39670",
   "SIZE": "805189",
   "CREATE_TIME": "2026-05-26T08:57:25+00:00",
   "UPDATE_TIME": "2026-05-26T08:57:25+00:00",
   "DELETE_TIME": null,
   "CREATED_BY": "1",
   "UPDATED_BY": "1",
   "DELETED_BY": "0",
   "DOWNLOAD_URL": "https://b24-ar17wx.bitrix24.by/rest/download.json?auth=d56d156a006e9f06006b12e400000001000007e3594dc...",
   "DETAIL_URL": "https://b24-ar17wx.bitrix24.by/docs/file/New catalog/New file name.jpg"
  }
 ],
 "total": 3,
 "time": {
  "start": 1779785847,
  "finish": 1779785847.61378,
  "duration": 0.613776922225952,
  "processing": 0,
  "date_start": "2026-05-26T08:57:27+00:00",
  "date_finish": "2026-05-26T08:57:27+00:00",
  "operating_reset_at": 1779786447,
  "operating": 0
 }
}
