{
 "result": {
  "ID": "64784",
  "NAME": "Picture1.jpg",
  "CODE": null,
  "STORAGE_ID": "3",
  "TYPE": "file",
  "PARENT_ID": "3",
  "DELETED_TYPE": "0",
  "GLOBAL_CONTENT_VERSION": "1",
  "FILE_ID": "45004",
  "SIZE": "805189",
  "CREATE_TIME": "2026-07-19T17:10:56+00:00",
  "UPDATE_TIME": "2026-07-19T17:10:56+00:00",
  "DELETE_TIME": null,
  "CREATED_BY": "1",
  "UPDATED_BY": "1",
  "DELETED_BY": "0",
  "DOWNLOAD_URL": "https://b24-ar17wx.bitrix24.by/rest/download.json?auth=0b125d6a006e9f06006b12e400000001000007d3bc91325bdeb17dc342517873bbba22&token=disk%7CaWQ9NjQ3ODQmXz1qRjA2UXd1QW9SQjVmRW5TNzc0YVZpZWZiQktEdUpWbw%3D%3D%7CImRvd25sb2FkfGRpc2t8YVdROU5qUTNPRFFtWHoxcVJqQTJVWGQxUVc5U1FqVm1SVzVUTnpjMFlWWnBaV1ppUWt0RWRVcFdidz09fDBiMTI1ZDZhMDA2ZTlmMDYwMDZiMTJlNDAwMDAwMDAxMDAwMDA3ZDNiYzkxMzI1YmRlYjE3ZGMzNDI1MTc4NzNiYmJhMjIi.kSKF73V%2BaDfAk4UEEXbWt7h9G%2BRvYkMT7pMiTaEj58g%3D",
  "DETAIL_URL": "https://b24-ar17wx.bitrix24.by/docs/file/Picture1.jpg"
 },
 "time": {
  "start": 1784481060,
  "finish": 1784481060.48402,
  "duration": 0.484024047851562,
  "processing": 0,
  "date_start": "2026-07-19T17:11:00+00:00",
  "date_finish": "2026-07-19T17:11:00+00:00",
  "operating_reset_at": 1784481660,
  "operating": 0
 }
}
