 {
 "result": {
  "ID": "12402",
  "NAME": "New catalog",
  "CODE": null,
  "STORAGE_ID": "3",
  "TYPE": "folder",
  "REAL_OBJECT_ID": "12402",
  "PARENT_ID": "3",
  "DELETED_TYPE": "0",
  "CREATE_TIME": "2024-10-07T22:25:37+03:00",
  "UPDATE_TIME": "2024-10-07T22:25:37+03:00",
  "DELETE_TIME": null,
  "CREATED_BY": "1",
  "UPDATED_BY": "1",
  "DELETED_BY": "0",
  "DETAIL_URL": "https://b24-ar17wx.bitrix24.by/docs/path/New catalog"
 },
 "time": {
  "start": 1728329137.77126,
  "finish": 1728329137.81149,
  "duration": 0.0402240753173828,
  "processing": 0.00548601150512695,
  "date_start": "2024-10-07T22:25:37+03:00",
  "date_finish": "2024-10-07T22:25:37+03:00",
  "operating_reset_at": 1728329737,
  "operating": 0
 }
}
