 {
 "result": [
  {
   "ID": "12524",
   "NAME": "New subfolder 2",
   "CODE": null,
   "STORAGE_ID": "3",
   "TYPE": "folder",
   "REAL_OBJECT_ID": "12524",
   "PARENT_ID": "12522",
   "DELETED_TYPE": "0",
   "CREATE_TIME": "2024-10-08T21:38:03+03:00",
   "UPDATE_TIME": "2024-10-08T21:38:03+03:00",
   "DELETE_TIME": null,
   "CREATED_BY": "1",
   "UPDATED_BY": "1",
   "DELETED_BY": "0",
   "DETAIL_URL": "https://b24-ar17wx.bitrix24.by/docs/path/New catalog/New subfolder 2"
  },
  {
   "ID": "12526",
   "NAME": "New subfolder",
   "CODE": null,
   "STORAGE_ID": "3",
   "TYPE": "folder",
   "REAL_OBJECT_ID": "12526",
   "PARENT_ID": "12522",
   "DELETED_TYPE": "0",
   "CREATE_TIME": "2024-10-08T21:38:03+03:00",
   "UPDATE_TIME": "2024-10-08T21:38:03+03:00",
   "DELETE_TIME": null,
   "CREATED_BY": "1",
   "UPDATED_BY": "1",
   "DELETED_BY": "0",
   "DETAIL_URL": "https://b24-ar17wx.bitrix24.by/docs/path/New catalog/New subfolder"
  },
  {
   "ID": "12544",
   "NAME": "New file name.jpg",
   "CODE": null,
   "STORAGE_ID": "3",
   "TYPE": "file",
   "PARENT_ID": "12522",
   "DELETED_TYPE": "0",
   "GLOBAL_CONTENT_VERSION": "1",
   "FILE_ID": "8638",
   "SIZE": "805189",
   "CREATE_TIME": "2024-10-08T21:38:06+03:00",
   "UPDATE_TIME": "2024-10-08T21:38:06+03:00",
   "DELETE_TIME": null,
   "CREATED_BY": "1",
   "UPDATED_BY": "1",
   "DELETED_BY": "0",
   "DOWNLOAD_URL": "https://b24-ar17wx.bitrix24.by/rest/1/1o2dojryqvjybc11/download/?token=disk%7CaWQ9MTI1NDQmXz1XNnRxSTBCcHl5ZXdzZjhqdmRQRUtib0g3Yk80QUh3Qg%3D%3D%7CImRvd25sb2FkfGRpc2t8YVdROU1USTFORFFtWHoxWE5uUnhTVEJDY0hsNVpYZHpaamhxZG1SUVJVdGliMGczWWs4MFFVaDNRZz09fDF8MW8yZG9qcnlxdmp5YmMxMSI%3D.L3UiFaDJhOk1m7c2lpgNSyO6NAzIfiteUGlAnjqMBKs%3D",
   "DETAIL_URL": "https://b24-ar17wx.bitrix24.by/docs/file/New catalog/New file name.jpg"
  }
 ],
 "total": 3,
 "time": {
  "start": 1728412686.86263,
  "finish": 1728412686.90511,
  "duration": 0.0424740314483643,
  "processing": 0.00868701934814453,
  "date_start": "2024-10-08T21:38:06+03:00",
  "date_finish": "2024-10-08T21:38:06+03:00",
  "operating_reset_at": 1728413286,
  "operating": 0
 }
}
