 {
 "result": {
  "ID": "388",
  "TITLE": "MegaClient",
  "HONORIFIC": null,
  "NAME": "John",
  "SECOND_NAME": null,
  "LAST_NAME": "Doe",
  "COMPANY_TITLE": null,
  "COMPANY_ID": null,
  "CONTACT_ID": "388",
  "IS_RETURN_CUSTOMER": "N",
  "BIRTHDATE": "",
  "SOURCE_ID": null,
  "SOURCE_DESCRIPTION": null,
  "STATUS_ID": "CONVERTED",
  "STATUS_DESCRIPTION": null,
  "POST": null,
  "COMMENTS": null,
  "CURRENCY_ID": "BYN",
  "OPPORTUNITY": "0.00",
  "IS_MANUAL_OPPORTUNITY": "N",
  "HAS_PHONE": "Y",
  "HAS_EMAIL": "Y",
  "HAS_IMOL": "N",
  "ASSIGNED_BY_ID": "1",
  "CREATED_BY_ID": "1",
  "MODIFY_BY_ID": "1",
  "DATE_CREATE": "2024-10-08T21:39:54+03:00",
  "DATE_MODIFY": "2024-10-08T21:39:55+03:00",
  "DATE_CLOSED": "2024-10-08T21:39:55+03:00",
  "STATUS_SEMANTIC_ID": "S",
  "OPENED": "N",
  "ORIGINATOR_ID": null,
  "ORIGIN_ID": null,
  "MOVED_BY_ID": "1",
  "MOVED_TIME": "2024-10-08T21:39:55+03:00",
  "ADDRESS": "Pushkin st., b. 10",
  "ADDRESS_2": null,
  "ADDRESS_CITY": null,
  "ADDRESS_POSTAL_CODE": null,
  "ADDRESS_REGION": null,
  "ADDRESS_PROVINCE": null,
  "ADDRESS_COUNTRY": "Russia",
  "ADDRESS_COUNTRY_CODE": null,
  "ADDRESS_LOC_ADDR_ID": "778",
  "UTM_SOURCE": null,
  "UTM_MEDIUM": null,
  "UTM_CAMPAIGN": null,
  "UTM_CONTENT": null,
  "UTM_TERM": null,
  "LAST_ACTIVITY_BY": "1",
  "LAST_ACTIVITY_TIME": "2024-10-08T21:39:54+03:00",
  "EMAIL": [
   {
    "ID": "2302",
    "VALUE_TYPE": "HOME",
    "VALUE": "yo@example.com",
    "TYPE_ID": "EMAIL"
   },
   {
    "ID": "2304",
    "VALUE_TYPE": "WORK",
    "VALUE": "hi@example.com",
    "TYPE_ID": "EMAIL"
   }
  ],
  "PHONE": [
   {
    "ID": "2306",
    "VALUE_TYPE": "WORK",
    "VALUE": "88005553535",
    "TYPE_ID": "PHONE"
   }
  ]
 },
 "time": {
  "start": 1728412796.141,
  "finish": 1728412796.18604,
  "duration": 0.0450370311737061,
  "processing": 0.0186448097229004,
  "date_start": "2024-10-08T21:39:56+03:00",
  "date_finish": "2024-10-08T21:39:56+03:00",
  "operating_reset_at": 1728413396,
  "operating": 0
 }
}
