{
 "result": [
  {
   "ID": "3456",
   "BLOG_ID": "1",
   "PUBLISH_STATUS": "P",
   "TITLE": "New post title",
   "AUTHOR_ID": "1",
   "ENABLE_COMMENTS": "Y",
   "NUM_COMMENTS": "0",
   "CODE": null,
   "MICRO": "N",
   "DETAIL_TEXT": "New post text",
   "DATE_PUBLISH": "2025-12-10T19:48:04+00:00",
   "CATEGORY_ID": null,
   "HAS_SOCNET_ALL": "N",
   "HAS_TAGS": "N",
   "HAS_IMAGES": "N",
   "HAS_PROPS": "Y",
   "HAS_COMMENT_IMAGES": null,
   "UF_BLOG_POST_DOC": {
    "ID": "1",
    "ENTITY_ID": "BLOG_POST",
    "FIELD_NAME": "UF_BLOG_POST_DOC",
    "USER_TYPE_ID": "file",
    "XML_ID": "UF_BLOG_POST_DOC",
    "SORT": "100",
    "MULTIPLE": "Y",
    "MANDATORY": "N",
    "SHOW_FILTER": "N",
    "SHOW_IN_LIST": "N",
    "EDIT_IN_LIST": "Y",
    "IS_SEARCHABLE": "Y",
    "SETTINGS": {
     "SIZE": 20,
     "LIST_WIDTH": "***",
     "LIST_HEIGHT": 0,
     "MAX_SHOW_SIZE": 0,
     "MAX_ALLOWED_SIZE": 0,
     "EXTENSIONS": [],
     "TARGET_BLANK": "Y",
     "DEFAULT_VIEW": null
    },
    "EDIT_FORM_LABEL": null,
    "LIST_COLUMN_LABEL": null,
    "LIST_FILTER_LABEL": null,
    "ERROR_MESSAGE": null,
    "HELP_MESSAGE": null,
    "USER_TYPE": {
     "USER_TYPE_ID": "file",
     "CLASS_NAME": "Bitrix\\Main\\UserField\\Types\\FileType",
     "EDIT_CALLBACK": [
      "***",
      "***"
     ],
     "VIEW_CALLBACK": [
      "***",
      "***"
     ],
     "USE_FIELD_COMPONENT": true,
     "DESCRIPTION": "Файл",
     "BASE_TYPE": "file"
    },
    "VALUE": false,
    "ENTITY_VALUE_ID": 3456,
    "VALUE_EXISTS": true,
    "VALUE_RAW": null,
    "CUSTOM_DATA": []
   },
   "UF_BLOG_POST_URL_PRV": {
    "ID": "5",
    "ENTITY_ID": "BLOG_POST",
    "FIELD_NAME": "UF_BLOG_POST_URL_PRV",
    "USER_TYPE_ID": "url_preview",
    "XML_ID": "UF_BLOG_POST_URL_PRV",
    "SORT": "100",
    "MULTIPLE": "N",
    "MANDATORY": "N",
    "SHOW_FILTER": "N",
    "SHOW_IN_LIST": "N",
    "EDIT_IN_LIST": "Y",
    "IS_SEARCHABLE": "Y",
    "SETTINGS": [],
    "EDIT_FORM_LABEL": null,
    "LIST_COLUMN_LABEL": null,
    "LIST_FILTER_LABEL": null,
    "ERROR_MESSAGE": null,
    "HELP_MESSAGE": null,
    "USER_TYPE": {
     "USER_TYPE_ID": "url_preview",
     "CLASS_NAME": "Bitrix\\Main\\UrlPreview\\UrlPreviewUserType",
     "DESCRIPTION": "Содержимое ссылки",
     "BASE_TYPE": "int"
    },
    "VALUE": null,
    "ENTITY_VALUE_ID": 3456,
    "VALUE_EXISTS": true,
    "VALUE_RAW": null,
    "CUSTOM_DATA": []
   },
   "UF_GRATITUDE": {
    "ID": "9",
    "ENTITY_ID": "BLOG_POST",
    "FIELD_NAME": "UF_GRATITUDE",
    "USER_TYPE_ID": "integer",
    "XML_ID": "UF_GRATITUDE",
    "SORT": "100",
    "MULTIPLE": "N",
    "MANDATORY": "N",
    "SHOW_FILTER": "N",
    "SHOW_IN_LIST": "N",
    "EDIT_IN_LIST": "Y",
    "IS_SEARCHABLE": "N",
    "SETTINGS": {
     "SIZE": 20,
     "MIN_VALUE": 0,
     "MAX_VALUE": 0,
     "DEFAULT_VALUE": null
    },
    "EDIT_FORM_LABEL": null,
    "LIST_COLUMN_LABEL": null,
    "LIST_FILTER_LABEL": null,
    "ERROR_MESSAGE": null,
    "HELP_MESSAGE": null,
    "USER_TYPE": {
     "USER_TYPE_ID": "integer",
     "CLASS_NAME": "Bitrix\\Main\\UserField\\Types\\IntegerType",
     "EDIT_CALLBACK": [
      "***",
      "***"
     ],
     "VIEW_CALLBACK": [
      "***",
      "***"
     ],
     "USE_FIELD_COMPONENT": true,
     "DESCRIPTION": "Целое число",
     "BASE_TYPE": "int"
    },
    "VALUE": null,
    "ENTITY_VALUE_ID": 3456,
    "VALUE_EXISTS": true,
    "VALUE_RAW": null,
    "CUSTOM_DATA": []
   },
   "UF_BLOG_POST_FILE": {
    "ID": "19",
    "ENTITY_ID": "BLOG_POST",
    "FIELD_NAME": "UF_BLOG_POST_FILE",
    "USER_TYPE_ID": "disk_file",
    "XML_ID": "UF_BLOG_POST_FILE",
    "SORT": "100",
    "MULTIPLE": "Y",
    "MANDATORY": "N",
    "SHOW_FILTER": "N",
    "SHOW_IN_LIST": "N",
    "EDIT_IN_LIST": "Y",
    "IS_SEARCHABLE": "Y",
    "SETTINGS": {
     "IBLOCK_ID": null,
     "SECTION_ID": null,
     "UF_TO_SAVE_ALLOW_EDIT": false
    },
    "EDIT_FORM_LABEL": null,
    "LIST_COLUMN_LABEL": null,
    "LIST_FILTER_LABEL": null,
    "ERROR_MESSAGE": null,
    "HELP_MESSAGE": null,
    "USER_TYPE": {
     "USER_TYPE_ID": "disk_file",
     "CLASS_NAME": "Bitrix\\Disk\\Uf\\FileUserType",
     "DESCRIPTION": "Файл (Диск)",
     "BASE_TYPE": "int",
     "TAG": [
      "***",
      "***"
     ]
    },
    "VALUE": [
     "***",
     "***",
     "***"
    ],
    "ENTITY_VALUE_ID": 3456,
    "VALUE_EXISTS": true,
    "VALUE_RAW": "a:3:{i:0;i:13574;i:1;i:13576;i:2;i:13578;}",
    "CUSTOM_DATA": {
     "PHOTO_TEMPLATE": ""
    }
   },
   "UF_MAIL_MESSAGE": {
    "ID": "75",
    "ENTITY_ID": "BLOG_POST",
    "FIELD_NAME": "UF_MAIL_MESSAGE",
    "USER_TYPE_ID": "mail_message",
    "XML_ID": "",
    "SORT": "100",
    "MULTIPLE": "N",
    "MANDATORY": "N",
    "SHOW_FILTER": "N",
    "SHOW_IN_LIST": "N",
    "EDIT_IN_LIST": "Y",
    "IS_SEARCHABLE": "N",
    "SETTINGS": null,
    "EDIT_FORM_LABEL": null,
    "LIST_COLUMN_LABEL": null,
    "LIST_FILTER_LABEL": null,
    "ERROR_MESSAGE": null,
    "HELP_MESSAGE": null,
    "USER_TYPE": {
     "USER_TYPE_ID": "mail_message",
     "CLASS_NAME": "Bitrix\\Mail\\MessageUserType",
     "DESCRIPTION": "Письмо (email)",
     "BASE_TYPE": "int",
     "VIEW_CALLBACK": [
      "***",
      "***"
     ],
     "EDIT_CALLBACK": [
      "***",
      "***"
     ],
     "onBeforeSave": [
      "***",
      "***"
     ],
     "onDelete": [
      "***",
      "***"
     ]
    },
    "VALUE": null,
    "ENTITY_VALUE_ID": 3456,
    "VALUE_EXISTS": true,
    "VALUE_RAW": null,
    "CUSTOM_DATA": []
   },
   "UF_BLOG_POST_IMPRTNT": {
    "ID": "93",
    "ENTITY_ID": "BLOG_POST",
    "FIELD_NAME": "UF_BLOG_POST_IMPRTNT",
    "USER_TYPE_ID": "integer",
    "XML_ID": "UF_BLOG_POST_IMPRTNT",
    "SORT": "100",
    "MULTIPLE": "N",
    "MANDATORY": "N",
    "SHOW_FILTER": "N",
    "SHOW_IN_LIST": "Y",
    "EDIT_IN_LIST": "Y",
    "IS_SEARCHABLE": "N",
    "SETTINGS": {
     "SIZE": 20,
     "MIN_VALUE": 0,
     "MAX_VALUE": 0,
     "DEFAULT_VALUE": null
    },
    "EDIT_FORM_LABEL": "Важное сообщение",
    "LIST_COLUMN_LABEL": "Важное",
    "LIST_FILTER_LABEL": "Важное",
    "ERROR_MESSAGE": null,
    "HELP_MESSAGE": null,
    "USER_TYPE": {
     "USER_TYPE_ID": "integer",
     "CLASS_NAME": "Bitrix\\Main\\UserField\\Types\\IntegerType",
     "EDIT_CALLBACK": [
      "***",
      "***"
     ],
     "VIEW_CALLBACK": [
      "***",
      "***"
     ],
     "USE_FIELD_COMPONENT": true,
     "DESCRIPTION": "Целое число",
     "BASE_TYPE": "int"
    },
    "VALUE": null,
    "ENTITY_VALUE_ID": 3456,
    "VALUE_EXISTS": true,
    "VALUE_RAW": null,
    "CUSTOM_DATA": []
   },
   "UF_IMPRTANT_DATE_END": {
    "ID": "95",
    "ENTITY_ID": "BLOG_POST",
    "FIELD_NAME": "UF_IMPRTANT_DATE_END",
    "USER_TYPE_ID": "datetime",
    "XML_ID": "UF_IMPRTANT_DATE_END",
    "SORT": "100",
    "MULTIPLE": "N",
    "MANDATORY": "N",
    "SHOW_FILTER": "N",
    "SHOW_IN_LIST": "N",
    "EDIT_IN_LIST": "Y",
    "IS_SEARCHABLE": "N",
    "SETTINGS": {
     "DEFAULT_VALUE": {
      "TYPE": "NONE",
      "VALUE": ""
     },
     "USE_SECOND": "Y",
     "USE_TIMEZONE": "N"
    },
    "EDIT_FORM_LABEL": "Срок действия",
    "LIST_COLUMN_LABEL": "Срок",
    "LIST_FILTER_LABEL": null,
    "ERROR_MESSAGE": null,
    "HELP_MESSAGE": null,
    "USER_TYPE": {
     "USER_TYPE_ID": "datetime",
     "CLASS_NAME": "Bitrix\\Main\\UserField\\Types\\DateTimeType",
     "EDIT_CALLBACK": [
      "***",
      "***"
     ],
     "VIEW_CALLBACK": [
      "***",
      "***"
     ],
     "USE_FIELD_COMPONENT": true,
     "DESCRIPTION": "Дата со временем",
     "BASE_TYPE": "datetime"
    },
    "VALUE": "",
    "ENTITY_VALUE_ID": 3456,
    "VALUE_EXISTS": true,
    "VALUE_RAW": null,
    "CUSTOM_DATA": []
   },
   "UF_BLOG_POST_VOTE": {
    "ID": "143",
    "ENTITY_ID": "BLOG_POST",
    "FIELD_NAME": "UF_BLOG_POST_VOTE",
    "USER_TYPE_ID": "vote",
    "XML_ID": "UF_BLOG_POST_VOTE",
    "SORT": "100",
    "MULTIPLE": "N",
    "MANDATORY": "N",
    "SHOW_FILTER": "N",
    "SHOW_IN_LIST": "Y",
    "EDIT_IN_LIST": "Y",
    "IS_SEARCHABLE": "N",
    "SETTINGS": {
     "CHANNEL_ID": 1,
     "UNIQUE": 8,
     "UNIQUE_IP_DELAY": {
      "DELAY": "10",
      "DELAY_TYPE": "D"
     },
     "NOTIFY": "I"
    },
    "EDIT_FORM_LABEL": null,
    "LIST_COLUMN_LABEL": null,
    "LIST_FILTER_LABEL": null,
    "ERROR_MESSAGE": null,
    "HELP_MESSAGE": null,
    "USER_TYPE": {
     "USER_TYPE_ID": "vote",
     "CLASS_NAME": "Bitrix\\Vote\\Uf\\VoteUserType",
     "DESCRIPTION": "Опрос",
     "BASE_TYPE": "int"
    },
    "VALUE": null,
    "ENTITY_VALUE_ID": 3456,
    "VALUE_EXISTS": true,
    "VALUE_RAW": null,
    "CUSTOM_DATA": []
   },
   "FILES": [
    "***",
    "***",
    "***"
   ]
  }
 ],
 "total": 1,
 "time": {
  "start": 1765396114,
  "finish": 1765396115.02927,
  "duration": 1.02927207946777,
  "processing": 0,
  "date_start": "2025-12-10T19:48:34+00:00",
  "date_finish": "2025-12-10T19:48:35+00:00",
  "operating_reset_at": 1765396715,
  "operating": 0
 }
}
