 {
 "result": [
  {
   "id": 858,
   "taskId": 2370,
   "commentId": 5880,
   "createdBy": 1,
   "createdAt": "2024-10-07T22:25:08+03:00",
   "updatedAt": "2024-10-07T22:25:08+03:00",
   "status": 0,
   "text": "The task has been changed, let's split up",
   "formattedText": "The task has been changed, let's split up",
   "files": []
  },
  {
   "id": 856,
   "taskId": 2370,
   "commentId": 5878,
   "createdBy": 1,
   "createdAt": "2024-10-07T22:25:08+03:00",
   "updatedAt": "2024-10-07T22:25:08+03:00",
   "status": 0,
   "text": "The task has been changed, do not split up",
   "formattedText": "The task has been changed, do not split up",
   "files": []
  }
 ],
 "time": {
  "start": 1728329109.63564,
  "finish": 1728329109.66988,
  "duration": 0.0342400074005127,
  "processing": 0.00878000259399414,
  "date_start": "2024-10-07T22:25:09+03:00",
  "date_finish": "2024-10-07T22:25:09+03:00",
  "operating_reset_at": 1728329709,
  "operating": 0
 }
}
