 {
 "result": [
  {
   "id": 866,
   "taskId": 2390,
   "commentId": 5924,
   "createdBy": 1,
   "createdAt": "2024-10-08T21:37:33+03:00",
   "updatedAt": "2024-10-08T21:37:33+03:00",
   "status": 0,
   "text": "The task has been changed, let's split up",
   "formattedText": "The task has been changed, let's split up",
   "files": []
  },
  {
   "id": 864,
   "taskId": 2390,
   "commentId": 5922,
   "createdBy": 1,
   "createdAt": "2024-10-08T21:37:32+03:00",
   "updatedAt": "2024-10-08T21:37:32+03:00",
   "status": 0,
   "text": "The task has been changed, do not split up",
   "formattedText": "The task has been changed, do not split up",
   "files": []
  }
 ],
 "time": {
  "start": 1728412653.85564,
  "finish": 1728412653.89106,
  "duration": 0.0354242324829102,
  "processing": 0.00886297225952148,
  "date_start": "2024-10-08T21:37:33+03:00",
  "date_finish": "2024-10-08T21:37:33+03:00",
  "operating_reset_at": 1728413253,
  "operating": 0
 }
}
