{
 "result": [
  {
   "ID": "64782",
   "NAME": "Picture2.jpg",
   "CODE": null,
   "STORAGE_ID": "3",
   "TYPE": "file",
   "PARENT_ID": "3",
   "DELETED_TYPE": "0",
   "GLOBAL_CONTENT_VERSION": "1",
   "FILE_ID": "45002",
   "SIZE": "2114023",
   "CREATE_TIME": "2026-07-19T17:10:55+00:00",
   "UPDATE_TIME": "2026-07-19T17:10:55+00:00",
   "DELETE_TIME": null,
   "CREATED_BY": "1",
   "UPDATED_BY": "1",
   "DELETED_BY": "0",
   "DOWNLOAD_URL": "https://b24-ar17wx.bitrix24.by/rest/download.json?auth=0b125d6a006e9f06006b12e400000001000007d3bc91325bdeb17dc342517873bbba22&token=disk%7CaWQ9NjQ3ODImXz1IcGx0Qlp6ZWZPV2ZSYk9vMTNGc1NuaHMzUm9HM3ZSYw%3D%3D%7CImRvd25sb2FkfGRpc2t8YVdROU5qUTNPREltWHoxSWNHeDBRbHA2WldaUFYyWlNZazl2TVROR2MxTnVhSE16VW05SE0zWlNZdz09fDBiMTI1ZDZhMDA2ZTlmMDYwMDZiMTJlNDAwMDAwMDAxMDAwMDA3ZDNiYzkxMzI1YmRlYjE3ZGMzNDI1MTc4NzNiYmJhMjIi.pfeXo%2FPgd7X3Tp2vCs2f7vZcTYMV0WVBW%2BPpYV1MGWU%3D",
   "DETAIL_URL": "https://b24-ar17wx.bitrix24.by/docs/file/Picture2.jpg"
  },
  {
   "ID": "64784",
   "NAME": "Picture1.jpg",
   "CODE": null,
   "STORAGE_ID": "3",
   "TYPE": "file",
   "PARENT_ID": "3",
   "DELETED_TYPE": "0",
   "GLOBAL_CONTENT_VERSION": "1",
   "FILE_ID": "45004",
   "SIZE": "805189",
   "CREATE_TIME": "2026-07-19T17:10:56+00:00",
   "UPDATE_TIME": "2026-07-19T17:10:56+00:00",
   "DELETE_TIME": null,
   "CREATED_BY": "1",
   "UPDATED_BY": "1",
   "DELETED_BY": "0",
   "DOWNLOAD_URL": "https://b24-ar17wx.bitrix24.by/rest/download.json?auth=0b125d6a006e9f06006b12e400000001000007d3bc91325bdeb17dc342517873bbba22&token=disk%7CaWQ9NjQ3ODQmXz1LODdJbHIxZmdrVWU4UGVoT0xueDFCQ3VicHpaT3ZCTw%3D%3D%7CImRvd25sb2FkfGRpc2t8YVdROU5qUTNPRFFtWHoxTE9EZEpiSEl4Wm1kclZXVTRVR1ZvVDB4dWVERkNRM1ZpY0hwYVQzWkNUdz09fDBiMTI1ZDZhMDA2ZTlmMDYwMDZiMTJlNDAwMDAwMDAxMDAwMDA3ZDNiYzkxMzI1YmRlYjE3ZGMzNDI1MTc4NzNiYmJhMjIi.8dOK6p%2B%2F4ffZEIbDWLFGJ%2FgvdSAqeSdEJxnDQRdceAw%3D",
   "DETAIL_URL": "https://b24-ar17wx.bitrix24.by/docs/file/Picture1.jpg"
  }
 ],
 "total": 2,
 "time": {
  "start": 1784481058,
  "finish": 1784481058.6735,
  "duration": 0.67349910736084,
  "processing": 0,
  "date_start": "2026-07-19T17:10:58+00:00",
  "date_finish": "2026-07-19T17:10:58+00:00",
  "operating_reset_at": 1784481658,
  "operating": 0
 }
}
