 {
 "result": [
  {
   "ID": "1446",
   "TASK_ID": "2386",
   "PARENT_ID": 0,
   "CREATED_BY": "1",
   "TITLE": "BX_CHECKLIST_1",
   "SORT_INDEX": "0",
   "IS_COMPLETE": "N",
   "IS_IMPORTANT": "N",
   "TOGGLED_BY": null,
   "TOGGLED_DATE": "",
   "MEMBERS": [],
   "ATTACHMENTS": []
  },
  {
   "ID": "1448",
   "TASK_ID": "2386",
   "PARENT_ID": "1446",
   "CREATED_BY": "1",
   "TITLE": "New elements text",
   "SORT_INDEX": "1",
   "IS_COMPLETE": "Y",
   "IS_IMPORTANT": "N",
   "TOGGLED_BY": null,
   "TOGGLED_DATE": "",
   "MEMBERS": [],
   "ATTACHMENTS": []
  }
 ],
 "time": {
  "start": 1728412646.69889,
  "finish": 1728412646.74887,
  "duration": 0.0499880313873291,
  "processing": 0.0219531059265137,
  "date_start": "2024-10-08T21:37:26+03:00",
  "date_finish": "2024-10-08T21:37:26+03:00",
  "operating_reset_at": 1728413246,
  "operating": 0
 }
}
