 {
 "result": {
  "tasks": [
   {
    "id": "268",
    "parentId": null,
    "title": "Другой заголовок задачи",
    "description": "Другое описание задачи",
    "mark": null,
    "priority": "1",
    "multitask": "N",
    "notViewed": "N",
    "replicate": "N",
    "stageId": "0",
    "createdBy": "1",
    "createdDate": "2024-07-03T13:21:01+00:00",
    "responsibleId": "10",
    "changedBy": "1",
    "changedDate": "2024-07-03T13:21:14+00:00",
    "statusChangedBy": "1",
    "closedBy": "0",
    "closedDate": null,
    "activityDate": "2024-07-04T17:03:10+00:00",
    "dateStart": "2024-07-03T13:21:12+00:00",
    "deadline": "2024-07-04T13:21:00+00:00",
    "startDatePlan": null,
    "endDatePlan": null,
    "guid": "{29e9893d-226b-43a1-80bb-60af6434070f}",
    "xmlId": null,
    "commentsCount": "4",
    "serviceCommentsCount": "4",
    "allowChangeDeadline": "N",
    "allowTimeTracking": "N",
    "taskControl": "N",
    "addInReport": "N",
    "forkedByTemplateId": null,
    "timeEstimate": "0",
    "timeSpentInLogs": null,
    "matchWorkTime": "N",
    "forumTopicId": "258",
    "forumId": "11",
    "siteId": "s1",
    "subordinate": "N",
    "exchangeModified": null,
    "exchangeId": null,
    "outlookVersion": "9",
    "viewedDate": "2024-07-04T17:03:10+00:00",
    "sorting": "1024.0000000",
    "durationFact": null,
    "isMuted": "N",
    "isPinned": "N",
    "isPinnedInGroup": "N",
    "flowId": null,
    "descriptionInBbcode": "Y",
    "status": "2",
    "statusChangedDate": "2024-07-03T13:21:14+00:00",
    "durationPlan": null,
    "durationType": "days",
    "favorite": "N",
    "groupId": "0",
    "auditors": [],
    "accomplices": [],
    "newCommentsCount": 0,
    "group": [],
    "creator": {
     "id": "1",
     "name": "Антон Титовец",
     "link": "/company/personal/user/1/",
     "icon": "https://b24-ar17wx.bitrix24.by/b28528874/resize_cache/30/c0120a8d7c10d63c83e32398d1ec4d9e/main/d7e/d7e99cf556e4ab676463dae2c00ddfbb/a7e0af6899300e3c684caeca5c334d81.jpg",
     "workPosition": null
    },
    "responsible": {
     "id": "10",
     "name": "Techno Pizza",
     "link": "/company/personal/user/10/",
     "icon": "/bitrix/images/tasks/default_avatar.png",
     "workPosition": null
    },
    "accomplicesData": [],
    "auditorsData": [],
    "subStatus": "-1"
   },
   {
    "id": "270",
    "parentId": null,
    "title": "Другой заголовок задачи",
    "description": "Другое описание задачи",
    "mark": null,
    "priority": "1",
    "multitask": "N",
    "notViewed": "N",
    "replicate": "N",
    "stageId": "0",
    "createdBy": "1",
    "createdDate": "2024-07-03T13:21:02+00:00",
    "responsibleId": "10",
    "changedBy": "1",
    "changedDate": "2024-07-03T13:21:14+00:00",
    "statusChangedBy": "1",
    "closedBy": "0",
    "closedDate": null,
    "activityDate": "2024-07-04T17:03:10+00:00",
    "dateStart": "2024-07-03T13:21:13+00:00",
    "deadline": "2024-07-04T13:21:00+00:00",
    "startDatePlan": null,
    "endDatePlan": null,
    "guid": "{c8004012-7ca9-42da-b985-a1c0e90a285a}",
    "xmlId": null,
    "commentsCount": "4",
    "serviceCommentsCount": "4",
    "allowChangeDeadline": "N",
    "allowTimeTracking": "N",
    "taskControl": "N",
    "addInReport": "N",
    "forkedByTemplateId": null,
    "timeEstimate": "0",
    "timeSpentInLogs": null,
    "matchWorkTime": "N",
    "forumTopicId": "260",
    "forumId": "11",
    "siteId": "s1",
    "subordinate": "N",
    "exchangeModified": null,
    "exchangeId": null,
    "outlookVersion": "9",
    "viewedDate": "2024-07-04T17:03:10+00:00",
    "sorting": null,
    "durationFact": null,
    "isMuted": "N",
    "isPinned": "N",
    "isPinnedInGroup": "N",
    "flowId": null,
    "descriptionInBbcode": "Y",
    "status": "2",
    "statusChangedDate": "2024-07-03T13:21:14+00:00",
    "durationPlan": null,
    "durationType": "days",
    "favorite": "N",
    "groupId": "0",
    "auditors": [],
    "accomplices": [],
    "newCommentsCount": 0,
    "group": [],
    "creator": {
     "id": "1",
     "name": "Антон Титовец",
     "link": "/company/personal/user/1/",
     "icon": "https://b24-ar17wx.bitrix24.by/b28528874/resize_cache/30/c0120a8d7c10d63c83e32398d1ec4d9e/main/d7e/d7e99cf556e4ab676463dae2c00ddfbb/a7e0af6899300e3c684caeca5c334d81.jpg",
     "workPosition": null
    },
    "responsible": {
     "id": "10",
     "name": "Techno Pizza",
     "link": "/company/personal/user/10/",
     "icon": "/bitrix/images/tasks/default_avatar.png",
     "workPosition": null
    },
    "accomplicesData": [],
    "auditorsData": [],
    "subStatus": "-1"
   },
   {
    "id": "416",
    "parentId": null,
    "title": "Another task title",
    "description": "Another task description",
    "mark": null,
    "priority": "1",
    "multitask": "N",
    "notViewed": "N",
    "replicate": "N",
    "stageId": "0",
    "createdBy": "1",
    "createdDate": "2024-07-04T19:53:04+00:00",
    "responsibleId": "10",
    "changedBy": "1",
    "changedDate": "2024-07-04T19:53:36+00:00",
    "statusChangedBy": "1",
    "closedBy": "0",
    "closedDate": null,
    "activityDate": "2024-07-06T19:50:57+00:00",
    "dateStart": "2024-07-04T19:53:30+00:00",
    "deadline": "2024-07-05T19:53:00+00:00",
    "startDatePlan": "2024-07-04T19:53:04+00:00",
    "endDatePlan": "2024-07-04T21:00:00+00:00",
    "guid": "{a2800091-63c1-4486-8895-c88982204c78}",
    "xmlId": null,
    "commentsCount": "4",
    "serviceCommentsCount": "4",
    "allowChangeDeadline": "N",
    "allowTimeTracking": "N",
    "taskControl": "N",
    "addInReport": "N",
    "forkedByTemplateId": null,
    "timeEstimate": "0",
    "timeSpentInLogs": null,
    "matchWorkTime": "N",
    "forumTopicId": "378",
    "forumId": "11",
    "siteId": "s1",
    "subordinate": "N",
    "exchangeModified": null,
    "exchangeId": null,
    "outlookVersion": "18",
    "viewedDate": "2024-07-06T19:50:57+00:00",
    "sorting": null,
    "durationFact": null,
    "isMuted": "N",
    "isPinned": "N",
    "isPinnedInGroup": "N",
    "flowId": null,
    "descriptionInBbcode": "Y",
    "status": "2",
    "statusChangedDate": "2024-07-04T19:53:35+00:00",
    "durationPlan": null,
    "durationType": "days",
    "favorite": "N",
    "groupId": "0",
    "auditors": [],
    "accomplices": [],
    "newCommentsCount": 0,
    "group": [],
    "creator": {
     "id": "1",
     "name": "Антон Титовец",
     "link": "/company/personal/user/1/",
     "icon": "https://b24-ar17wx.bitrix24.by/b28528874/resize_cache/30/c0120a8d7c10d63c83e32398d1ec4d9e/main/d7e/d7e99cf556e4ab676463dae2c00ddfbb/a7e0af6899300e3c684caeca5c334d81.jpg",
     "workPosition": null
    },
    "responsible": {
     "id": "10",
     "name": "Techno Pizza",
     "link": "/company/personal/user/10/",
     "icon": "/bitrix/images/tasks/default_avatar.png",
     "workPosition": null
    },
    "accomplicesData": [],
    "auditorsData": [],
    "subStatus": "-1"
   },
   {
    "id": "418",
    "parentId": null,
    "title": "Another task title",
    "description": "Another task description",
    "mark": null,
    "priority": "1",
    "multitask": "N",
    "notViewed": "N",
    "replicate": "N",
    "stageId": "0",
    "createdBy": "1",
    "createdDate": "2024-07-04T19:53:05+00:00",
    "responsibleId": "10",
    "changedBy": "1",
    "changedDate": "2024-07-04T19:53:36+00:00",
    "statusChangedBy": "1",
    "closedBy": "0",
    "closedDate": null,
    "activityDate": "2024-07-06T19:50:57+00:00",
    "dateStart": "2024-07-04T19:53:31+00:00",
    "deadline": "2024-07-05T19:53:00+00:00",
    "startDatePlan": "2024-07-04T19:53:05+00:00",
    "endDatePlan": "2024-07-04T21:00:00+00:00",
    "guid": "{e27d2087-9450-4a51-8d67-f7aa52e14c00}",
    "xmlId": null,
    "commentsCount": "4",
    "serviceCommentsCount": "4",
    "allowChangeDeadline": "N",
    "allowTimeTracking": "N",
    "taskControl": "N",
    "addInReport": "N",
    "forkedByTemplateId": null,
    "timeEstimate": "0",
    "timeSpentInLogs": null,
    "matchWorkTime": "N",
    "forumTopicId": "380",
    "forumId": "11",
    "siteId": "s1",
    "subordinate": "N",
    "exchangeModified": null,
    "exchangeId": null,
    "outlookVersion": "10",
    "viewedDate": "2024-07-06T19:50:57+00:00",
    "sorting": null,
    "durationFact": null,
    "isMuted": "N",
    "isPinned": "N",
    "isPinnedInGroup": "N",
    "flowId": null,
    "descriptionInBbcode": "Y",
    "status": "2",
    "statusChangedDate": "2024-07-04T19:53:36+00:00",
    "durationPlan": null,
    "durationType": "days",
    "favorite": "N",
    "groupId": "0",
    "auditors": [],
    "accomplices": [],
    "newCommentsCount": 0,
    "group": [],
    "creator": {
     "id": "1",
     "name": "Антон Титовец",
     "link": "/company/personal/user/1/",
     "icon": "https://b24-ar17wx.bitrix24.by/b28528874/resize_cache/30/c0120a8d7c10d63c83e32398d1ec4d9e/main/d7e/d7e99cf556e4ab676463dae2c00ddfbb/a7e0af6899300e3c684caeca5c334d81.jpg",
     "workPosition": null
    },
    "responsible": {
     "id": "10",
     "name": "Techno Pizza",
     "link": "/company/personal/user/10/",
     "icon": "/bitrix/images/tasks/default_avatar.png",
     "workPosition": null
    },
    "accomplicesData": [],
    "auditorsData": [],
    "subStatus": "-1"
   },
   {
    "id": "446",
    "parentId": null,
    "title": "Другой заголовок задачи",
    "description": "Другое описание задачи",
    "mark": null,
    "priority": "1",
    "multitask": "N",
    "notViewed": "N",
    "replicate": "N",
    "stageId": "0",
    "createdBy": "1",
    "createdDate": "2024-07-06T20:37:49+00:00",
    "responsibleId": "10",
    "changedBy": "1",
    "changedDate": "2024-07-06T20:38:21+00:00",
    "statusChangedBy": "1",
    "closedBy": "0",
    "closedDate": null,
    "activityDate": "2024-07-08T16:28:21+00:00",
    "dateStart": "2024-07-06T20:38:15+00:00",
    "deadline": "2024-07-07T20:37:00+00:00",
    "startDatePlan": "2024-07-06T20:37:49+00:00",
    "endDatePlan": "2024-07-06T21:00:00+00:00",
    "guid": "{73bfc2c5-733e-41c7-85ab-870b51fb0b3e}",
    "xmlId": null,
    "commentsCount": "4",
    "serviceCommentsCount": "4",
    "allowChangeDeadline": "N",
    "allowTimeTracking": "N",
    "taskControl": "N",
    "addInReport": "N",
    "forkedByTemplateId": null,
    "timeEstimate": "0",
    "timeSpentInLogs": null,
    "matchWorkTime": "N",
    "forumTopicId": "436",
    "forumId": "11",
    "siteId": "s1",
    "subordinate": "N",
    "exchangeModified": null,
    "exchangeId": null,
    "outlookVersion": "18",
    "viewedDate": "2024-07-08T16:28:21+00:00",
    "sorting": null,
    "durationFact": null,
    "isMuted": "N",
    "isPinned": "N",
    "isPinnedInGroup": "N",
    "flowId": null,
    "descriptionInBbcode": "Y",
    "status": "2",
    "statusChangedDate": "2024-07-06T20:38:20+00:00",
    "durationPlan": null,
    "durationType": "days",
    "favorite": "N",
    "groupId": "0",
    "auditors": [],
    "accomplices": [],
    "newCommentsCount": 0,
    "group": [],
    "creator": {
     "id": "1",
     "name": "Антон Титовец",
     "link": "/company/personal/user/1/",
     "icon": "https://b24-ar17wx.bitrix24.by/b28528874/resize_cache/30/c0120a8d7c10d63c83e32398d1ec4d9e/main/d7e/d7e99cf556e4ab676463dae2c00ddfbb/a7e0af6899300e3c684caeca5c334d81.jpg",
     "workPosition": null
    },
    "responsible": {
     "id": "10",
     "name": "Techno Pizza",
     "link": "/company/personal/user/10/",
     "icon": "/bitrix/images/tasks/default_avatar.png",
     "workPosition": null
    },
    "accomplicesData": [],
    "auditorsData": [],
    "subStatus": "-1"
   },
   {
    "id": "448",
    "parentId": null,
    "title": "Другой заголовок задачи",
    "description": "Другое описание задачи",
    "mark": null,
    "priority": "1",
    "multitask": "N",
    "notViewed": "N",
    "replicate": "N",
    "stageId": "0",
    "createdBy": "1",
    "createdDate": "2024-07-06T20:37:50+00:00",
    "responsibleId": "10",
    "changedBy": "1",
    "changedDate": "2024-07-06T20:38:21+00:00",
    "statusChangedBy": "1",
    "closedBy": "0",
    "closedDate": null,
    "activityDate": "2024-07-08T16:28:22+00:00",
    "dateStart": "2024-07-06T20:38:16+00:00",
    "deadline": "2024-07-07T20:37:00+00:00",
    "startDatePlan": "2024-07-06T20:37:50+00:00",
    "endDatePlan": "2024-07-06T21:00:00+00:00",
    "guid": "{380a8058-fde6-43b8-8338-1e4c3407800b}",
    "xmlId": null,
    "commentsCount": "4",
    "serviceCommentsCount": "4",
    "allowChangeDeadline": "N",
    "allowTimeTracking": "N",
    "taskControl": "N",
    "addInReport": "N",
    "forkedByTemplateId": null,
    "timeEstimate": "0",
    "timeSpentInLogs": null,
    "matchWorkTime": "N",
    "forumTopicId": "438",
    "forumId": "11",
    "siteId": "s1",
    "subordinate": "N",
    "exchangeModified": null,
    "exchangeId": null,
    "outlookVersion": "10",
    "viewedDate": "2024-07-08T16:28:22+00:00",
    "sorting": null,
    "durationFact": null,
    "isMuted": "N",
    "isPinned": "N",
    "isPinnedInGroup": "N",
    "flowId": null,
    "descriptionInBbcode": "Y",
    "status": "2",
    "statusChangedDate": "2024-07-06T20:38:21+00:00",
    "durationPlan": null,
    "durationType": "days",
    "favorite": "N",
    "groupId": "0",
    "auditors": [],
    "accomplices": [],
    "newCommentsCount": 0,
    "group": [],
    "creator": {
     "id": "1",
     "name": "Антон Титовец",
     "link": "/company/personal/user/1/",
     "icon": "https://b24-ar17wx.bitrix24.by/b28528874/resize_cache/30/c0120a8d7c10d63c83e32398d1ec4d9e/main/d7e/d7e99cf556e4ab676463dae2c00ddfbb/a7e0af6899300e3c684caeca5c334d81.jpg",
     "workPosition": null
    },
    "responsible": {
     "id": "10",
     "name": "Techno Pizza",
     "link": "/company/personal/user/10/",
     "icon": "/bitrix/images/tasks/default_avatar.png",
     "workPosition": null
    },
    "accomplicesData": [],
    "auditorsData": [],
    "subStatus": "-1"
   },
   {
    "id": "550",
    "parentId": null,
    "title": "Другой заголовок задачи",
    "description": "Другое описание задачи",
    "mark": null,
    "priority": "1",
    "multitask": "N",
    "notViewed": "N",
    "replicate": "N",
    "stageId": "0",
    "createdBy": "1",
    "createdDate": "2024-07-10T18:58:17+00:00",
    "responsibleId": "10",
    "changedBy": "1",
    "changedDate": "2024-07-10T18:58:30+00:00",
    "statusChangedBy": "1",
    "closedBy": "0",
    "closedDate": null,
    "activityDate": "2024-07-11T19:05:13+00:00",
    "dateStart": "2024-07-10T18:58:29+00:00",
    "deadline": "2024-07-11T18:58:00+00:00",
    "startDatePlan": "2024-07-10T18:58:17+00:00",
    "endDatePlan": "2024-07-10T21:00:00+00:00",
    "guid": "{08ea81bd-c87c-4a43-86f3-3ceae2038048}",
    "xmlId": null,
    "commentsCount": "4",
    "serviceCommentsCount": "4",
    "allowChangeDeadline": "N",
    "allowTimeTracking": "N",
    "taskControl": "N",
    "addInReport": "N",
    "forkedByTemplateId": null,
    "timeEstimate": "0",
    "timeSpentInLogs": null,
    "matchWorkTime": "N",
    "forumTopicId": "522",
    "forumId": "11",
    "siteId": "s1",
    "subordinate": "N",
    "exchangeModified": null,
    "exchangeId": null,
    "outlookVersion": "10",
    "viewedDate": "2024-07-11T19:05:13+00:00",
    "sorting": null,
    "durationFact": null,
    "isMuted": "N",
    "isPinned": "N",
    "isPinnedInGroup": "N",
    "flowId": null,
    "descriptionInBbcode": "Y",
    "status": "2",
    "statusChangedDate": "2024-07-10T18:58:30+00:00",
    "durationPlan": null,
    "durationType": "days",
    "favorite": "N",
    "groupId": "0",
    "auditors": [],
    "accomplices": [],
    "newCommentsCount": 0,
    "group": [],
    "creator": {
     "id": "1",
     "name": "Антон Титовец",
     "link": "/company/personal/user/1/",
     "icon": "https://b24-ar17wx.bitrix24.by/b28528874/resize_cache/30/c0120a8d7c10d63c83e32398d1ec4d9e/main/d7e/d7e99cf556e4ab676463dae2c00ddfbb/a7e0af6899300e3c684caeca5c334d81.jpg",
     "workPosition": null
    },
    "responsible": {
     "id": "10",
     "name": "Techno Pizza",
     "link": "/company/personal/user/10/",
     "icon": "/bitrix/images/tasks/default_avatar.png",
     "workPosition": null
    },
    "accomplicesData": [],
    "auditorsData": [],
    "subStatus": "-1"
   },
   {
    "id": "552",
    "parentId": null,
    "title": "Другой заголовок задачи",
    "description": "Другое описание задачи",
    "mark": null,
    "priority": "1",
    "multitask": "N",
    "notViewed": "N",
    "replicate": "N",
    "stageId": "0",
    "createdBy": "1",
    "createdDate": "2024-07-10T18:58:17+00:00",
    "responsibleId": "10",
    "changedBy": "1",
    "changedDate": "2024-07-10T18:58:30+00:00",
    "statusChangedBy": "1",
    "closedBy": "0",
    "closedDate": null,
    "activityDate": "2024-07-11T19:05:13+00:00",
    "dateStart": "2024-07-10T18:58:29+00:00",
    "deadline": "2024-07-11T18:58:00+00:00",
    "startDatePlan": "2024-07-10T18:58:17+00:00",
    "endDatePlan": "2024-07-10T21:00:00+00:00",
    "guid": "{3f42a87a-8b77-4a22-b63c-d7a50f83663b}",
    "xmlId": null,
    "commentsCount": "4",
    "serviceCommentsCount": "4",
    "allowChangeDeadline": "N",
    "allowTimeTracking": "N",
    "taskControl": "N",
    "addInReport": "N",
    "forkedByTemplateId": null,
    "timeEstimate": "0",
    "timeSpentInLogs": null,
    "matchWorkTime": "N",
    "forumTopicId": "524",
    "forumId": "11",
    "siteId": "s1",
    "subordinate": "N",
    "exchangeModified": null,
    "exchangeId": null,
    "outlookVersion": "10",
    "viewedDate": "2024-07-11T19:05:13+00:00",
    "sorting": null,
    "durationFact": null,
    "isMuted": "N",
    "isPinned": "N",
    "isPinnedInGroup": "N",
    "flowId": null,
    "descriptionInBbcode": "Y",
    "status": "2",
    "statusChangedDate": "2024-07-10T18:58:30+00:00",
    "durationPlan": null,
    "durationType": "days",
    "favorite": "N",
    "groupId": "0",
    "auditors": [],
    "accomplices": [],
    "newCommentsCount": 0,
    "group": [],
    "creator": {
     "id": "1",
     "name": "Антон Титовец",
     "link": "/company/personal/user/1/",
     "icon": "https://b24-ar17wx.bitrix24.by/b28528874/resize_cache/30/c0120a8d7c10d63c83e32398d1ec4d9e/main/d7e/d7e99cf556e4ab676463dae2c00ddfbb/a7e0af6899300e3c684caeca5c334d81.jpg",
     "workPosition": null
    },
    "responsible": {
     "id": "10",
     "name": "Techno Pizza",
     "link": "/company/personal/user/10/",
     "icon": "/bitrix/images/tasks/default_avatar.png",
     "workPosition": null
    },
    "accomplicesData": [],
    "auditorsData": [],
    "subStatus": "-1"
   },
   {
    "id": "562",
    "parentId": null,
    "title": "Другой заголовок задачи",
    "description": "Другое описание задачи",
    "mark": null,
    "priority": "1",
    "multitask": "N",
    "notViewed": "N",
    "replicate": "N",
    "stageId": "0",
    "createdBy": "1",
    "createdDate": "2024-07-10T19:13:26+00:00",
    "responsibleId": "10",
    "changedBy": "1",
    "changedDate": "2024-07-10T19:13:39+00:00",
    "statusChangedBy": "1",
    "closedBy": "0",
    "closedDate": null,
    "activityDate": "2024-07-11T19:17:02+00:00",
    "dateStart": "2024-07-10T19:13:38+00:00",
    "deadline": "2024-07-11T19:13:00+00:00",
    "startDatePlan": "2024-07-10T19:13:26+00:00",
    "endDatePlan": "2024-07-10T21:00:00+00:00",
    "guid": "{ef4a247f-e681-4f7a-9a3c-94c701c354dc}",
    "xmlId": null,
    "commentsCount": "4",
    "serviceCommentsCount": "4",
    "allowChangeDeadline": "N",
    "allowTimeTracking": "N",
    "taskControl": "N",
    "addInReport": "N",
    "forkedByTemplateId": null,
    "timeEstimate": "0",
    "timeSpentInLogs": null,
    "matchWorkTime": "N",
    "forumTopicId": "532",
    "forumId": "11",
    "siteId": "s1",
    "subordinate": "N",
    "exchangeModified": null,
    "exchangeId": null,
    "outlookVersion": "10",
    "viewedDate": "2024-07-11T19:17:02+00:00",
    "sorting": null,
    "durationFact": null,
    "isMuted": "N",
    "isPinned": "N",
    "isPinnedInGroup": "N",
    "flowId": null,
    "descriptionInBbcode": "Y",
    "status": "2",
    "statusChangedDate": "2024-07-10T19:13:39+00:00",
    "durationPlan": null,
    "durationType": "days",
    "favorite": "N",
    "groupId": "0",
    "auditors": [],
    "accomplices": [],
    "newCommentsCount": 0,
    "group": [],
    "creator": {
     "id": "1",
     "name": "Антон Титовец",
     "link": "/company/personal/user/1/",
     "icon": "https://b24-ar17wx.bitrix24.by/b28528874/resize_cache/30/c0120a8d7c10d63c83e32398d1ec4d9e/main/d7e/d7e99cf556e4ab676463dae2c00ddfbb/a7e0af6899300e3c684caeca5c334d81.jpg",
     "workPosition": null
    },
    "responsible": {
     "id": "10",
     "name": "Techno Pizza",
     "link": "/company/personal/user/10/",
     "icon": "/bitrix/images/tasks/default_avatar.png",
     "workPosition": null
    },
    "accomplicesData": [],
    "auditorsData": [],
    "subStatus": "-1"
   },
   {
    "id": "564",
    "parentId": null,
    "title": "Другой заголовок задачи",
    "description": "Другое описание задачи",
    "mark": null,
    "priority": "1",
    "multitask": "N",
    "notViewed": "N",
    "replicate": "N",
    "stageId": "0",
    "createdBy": "1",
    "createdDate": "2024-07-10T19:13:26+00:00",
    "responsibleId": "10",
    "changedBy": "1",
    "changedDate": "2024-07-10T19:13:39+00:00",
    "statusChangedBy": "1",
    "closedBy": "0",
    "closedDate": null,
    "activityDate": "2024-07-11T19:17:02+00:00",
    "dateStart": "2024-07-10T19:13:38+00:00",
    "deadline": "2024-07-11T19:13:00+00:00",
    "startDatePlan": "2024-07-10T19:13:26+00:00",
    "endDatePlan": "2024-07-10T21:00:00+00:00",
    "guid": "{7cbc70d7-18a5-4285-bb2b-ac0ad733555c}",
    "xmlId": null,
    "commentsCount": "4",
    "serviceCommentsCount": "4",
    "allowChangeDeadline": "N",
    "allowTimeTracking": "N",
    "taskControl": "N",
    "addInReport": "N",
    "forkedByTemplateId": null,
    "timeEstimate": "0",
    "timeSpentInLogs": null,
    "matchWorkTime": "N",
    "forumTopicId": "534",
    "forumId": "11",
    "siteId": "s1",
    "subordinate": "N",
    "exchangeModified": null,
    "exchangeId": null,
    "outlookVersion": "10",
    "viewedDate": "2024-07-11T19:17:02+00:00",
    "sorting": null,
    "durationFact": null,
    "isMuted": "N",
    "isPinned": "N",
    "isPinnedInGroup": "N",
    "flowId": null,
    "descriptionInBbcode": "Y",
    "status": "2",
    "statusChangedDate": "2024-07-10T19:13:39+00:00",
    "durationPlan": null,
    "durationType": "days",
    "favorite": "N",
    "groupId": "0",
    "auditors": [],
    "accomplices": [],
    "newCommentsCount": 0,
    "group": [],
    "creator": {
     "id": "1",
     "name": "Антон Титовец",
     "link": "/company/personal/user/1/",
     "icon": "https://b24-ar17wx.bitrix24.by/b28528874/resize_cache/30/c0120a8d7c10d63c83e32398d1ec4d9e/main/d7e/d7e99cf556e4ab676463dae2c00ddfbb/a7e0af6899300e3c684caeca5c334d81.jpg",
     "workPosition": null
    },
    "responsible": {
     "id": "10",
     "name": "Techno Pizza",
     "link": "/company/personal/user/10/",
     "icon": "/bitrix/images/tasks/default_avatar.png",
     "workPosition": null
    },
    "accomplicesData": [],
    "auditorsData": [],
    "subStatus": "-1"
   },
   {
    "id": "574",
    "parentId": null,
    "title": "Другой заголовок задачи",
    "description": "Другое описание задачи",
    "mark": null,
    "priority": "1",
    "multitask": "N",
    "notViewed": "N",
    "replicate": "N",
    "stageId": "0",
    "createdBy": "1",
    "createdDate": "2024-07-10T19:30:28+00:00",
    "responsibleId": "10",
    "changedBy": "1",
    "changedDate": "2024-07-10T19:30:42+00:00",
    "statusChangedBy": "1",
    "closedBy": "0",
    "closedDate": null,
    "activityDate": "2024-07-12T15:53:05+00:00",
    "dateStart": "2024-07-10T19:30:40+00:00",
    "deadline": "2024-07-11T19:30:00+00:00",
    "startDatePlan": "2024-07-10T19:30:28+00:00",
    "endDatePlan": "2024-07-10T21:00:00+00:00",
    "guid": "{96da9846-94d4-4280-b5cd-33be002ea05e}",
    "xmlId": null,
    "commentsCount": "4",
    "serviceCommentsCount": "4",
    "allowChangeDeadline": "N",
    "allowTimeTracking": "N",
    "taskControl": "N",
    "addInReport": "N",
    "forkedByTemplateId": null,
    "timeEstimate": "0",
    "timeSpentInLogs": null,
    "matchWorkTime": "N",
    "forumTopicId": "544",
    "forumId": "11",
    "siteId": "s1",
    "subordinate": "N",
    "exchangeModified": null,
    "exchangeId": null,
    "outlookVersion": "10",
    "viewedDate": "2024-07-12T15:53:05+00:00",
    "sorting": null,
    "durationFact": null,
    "isMuted": "N",
    "isPinned": "N",
    "isPinnedInGroup": "N",
    "flowId": null,
    "descriptionInBbcode": "Y",
    "status": "2",
    "statusChangedDate": "2024-07-10T19:30:42+00:00",
    "durationPlan": null,
    "durationType": "days",
    "favorite": "N",
    "groupId": "0",
    "auditors": [],
    "accomplices": [],
    "newCommentsCount": 0,
    "group": [],
    "creator": {
     "id": "1",
     "name": "Антон Титовец",
     "link": "/company/personal/user/1/",
     "icon": "https://b24-ar17wx.bitrix24.by/b28528874/resize_cache/30/c0120a8d7c10d63c83e32398d1ec4d9e/main/d7e/d7e99cf556e4ab676463dae2c00ddfbb/a7e0af6899300e3c684caeca5c334d81.jpg",
     "workPosition": null
    },
    "responsible": {
     "id": "10",
     "name": "Techno Pizza",
     "link": "/company/personal/user/10/",
     "icon": "/bitrix/images/tasks/default_avatar.png",
     "workPosition": null
    },
    "accomplicesData": [],
    "auditorsData": [],
    "subStatus": "-1"
   },
   {
    "id": "576",
    "parentId": null,
    "title": "Другой заголовок задачи",
    "description": "Другое описание задачи",
    "mark": null,
    "priority": "1",
    "multitask": "N",
    "notViewed": "N",
    "replicate": "N",
    "stageId": "0",
    "createdBy": "1",
    "createdDate": "2024-07-10T19:30:28+00:00",
    "responsibleId": "10",
    "changedBy": "1",
    "changedDate": "2024-07-10T19:30:42+00:00",
    "statusChangedBy": "1",
    "closedBy": "0",
    "closedDate": null,
    "activityDate": "2024-07-12T15:53:05+00:00",
    "dateStart": "2024-07-10T19:30:40+00:00",
    "deadline": "2024-07-11T19:30:00+00:00",
    "startDatePlan": "2024-07-10T19:30:28+00:00",
    "endDatePlan": "2024-07-10T21:00:00+00:00",
    "guid": "{21f65cec-5632-4766-aa40-e97926b17649}",
    "xmlId": null,
    "commentsCount": "4",
    "serviceCommentsCount": "4",
    "allowChangeDeadline": "N",
    "allowTimeTracking": "N",
    "taskControl": "N",
    "addInReport": "N",
    "forkedByTemplateId": null,
    "timeEstimate": "0",
    "timeSpentInLogs": null,
    "matchWorkTime": "N",
    "forumTopicId": "546",
    "forumId": "11",
    "siteId": "s1",
    "subordinate": "N",
    "exchangeModified": null,
    "exchangeId": null,
    "outlookVersion": "10",
    "viewedDate": "2024-07-12T15:53:05+00:00",
    "sorting": null,
    "durationFact": null,
    "isMuted": "N",
    "isPinned": "N",
    "isPinnedInGroup": "N",
    "flowId": null,
    "descriptionInBbcode": "Y",
    "status": "2",
    "statusChangedDate": "2024-07-10T19:30:42+00:00",
    "durationPlan": null,
    "durationType": "days",
    "favorite": "N",
    "groupId": "0",
    "auditors": [],
    "accomplices": [],
    "newCommentsCount": 0,
    "group": [],
    "creator": {
     "id": "1",
     "name": "Антон Титовец",
     "link": "/company/personal/user/1/",
     "icon": "https://b24-ar17wx.bitrix24.by/b28528874/resize_cache/30/c0120a8d7c10d63c83e32398d1ec4d9e/main/d7e/d7e99cf556e4ab676463dae2c00ddfbb/a7e0af6899300e3c684caeca5c334d81.jpg",
     "workPosition": null
    },
    "responsible": {
     "id": "10",
     "name": "Techno Pizza",
     "link": "/company/personal/user/10/",
     "icon": "/bitrix/images/tasks/default_avatar.png",
     "workPosition": null
    },
    "accomplicesData": [],
    "auditorsData": [],
    "subStatus": "-1"
   },
   {
    "id": "578",
    "parentId": null,
    "title": "Другой заголовок задачи",
    "description": "Другое описание задачи",
    "mark": null,
    "priority": "1",
    "multitask": "N",
    "notViewed": "N",
    "replicate": "N",
    "stageId": "0",
    "createdBy": "1",
    "createdDate": "2024-07-10T19:31:57+00:00",
    "responsibleId": "10",
    "changedBy": "1",
    "changedDate": "2024-07-10T19:32:11+00:00",
    "statusChangedBy": "1",
    "closedBy": "0",
    "closedDate": null,
    "activityDate": "2024-07-12T15:53:05+00:00",
    "dateStart": "2024-07-10T19:32:09+00:00",
    "deadline": "2024-07-11T19:31:00+00:00",
    "startDatePlan": "2024-07-10T19:31:57+00:00",
    "endDatePlan": "2024-07-10T21:00:00+00:00",
    "guid": "{95474036-2577-49aa-8e96-872419e47993}",
    "xmlId": null,
    "commentsCount": "4",
    "serviceCommentsCount": "4",
    "allowChangeDeadline": "N",
    "allowTimeTracking": "N",
    "taskControl": "N",
    "addInReport": "N",
    "forkedByTemplateId": null,
    "timeEstimate": "0",
    "timeSpentInLogs": null,
    "matchWorkTime": "N",
    "forumTopicId": "548",
    "forumId": "11",
    "siteId": "s1",
    "subordinate": "N",
    "exchangeModified": null,
    "exchangeId": null,
    "outlookVersion": "10",
    "viewedDate": "2024-07-12T15:53:05+00:00",
    "sorting": null,
    "durationFact": null,
    "isMuted": "N",
    "isPinned": "N",
    "isPinnedInGroup": "N",
    "flowId": null,
    "descriptionInBbcode": "Y",
    "status": "2",
    "statusChangedDate": "2024-07-10T19:32:11+00:00",
    "durationPlan": null,
    "durationType": "days",
    "favorite": "N",
    "groupId": "0",
    "auditors": [],
    "accomplices": [],
    "newCommentsCount": 0,
    "group": [],
    "creator": {
     "id": "1",
     "name": "Антон Титовец",
     "link": "/company/personal/user/1/",
     "icon": "https://b24-ar17wx.bitrix24.by/b28528874/resize_cache/30/c0120a8d7c10d63c83e32398d1ec4d9e/main/d7e/d7e99cf556e4ab676463dae2c00ddfbb/a7e0af6899300e3c684caeca5c334d81.jpg",
     "workPosition": null
    },
    "responsible": {
     "id": "10",
     "name": "Techno Pizza",
     "link": "/company/personal/user/10/",
     "icon": "/bitrix/images/tasks/default_avatar.png",
     "workPosition": null
    },
    "accomplicesData": [],
    "auditorsData": [],
    "subStatus": "-1"
   },
   {
    "id": "580",
    "parentId": null,
    "title": "Другой заголовок задачи",
    "description": "Другое описание задачи",
    "mark": null,
    "priority": "1",
    "multitask": "N",
    "notViewed": "N",
    "replicate": "N",
    "stageId": "0",
    "createdBy": "1",
    "createdDate": "2024-07-10T19:31:57+00:00",
    "responsibleId": "10",
    "changedBy": "1",
    "changedDate": "2024-07-10T19:32:11+00:00",
    "statusChangedBy": "1",
    "closedBy": "0",
    "closedDate": null,
    "activityDate": "2024-07-12T15:53:05+00:00",
    "dateStart": "2024-07-10T19:32:10+00:00",
    "deadline": "2024-07-11T19:31:00+00:00",
    "startDatePlan": "2024-07-10T19:31:57+00:00",
    "endDatePlan": "2024-07-10T21:00:00+00:00",
    "guid": "{f5aa0699-685b-4f9b-ac91-13faff9a59fd}",
    "xmlId": null,
    "commentsCount": "4",
    "serviceCommentsCount": "4",
    "allowChangeDeadline": "N",
    "allowTimeTracking": "N",
    "taskControl": "N",
    "addInReport": "N",
    "forkedByTemplateId": null,
    "timeEstimate": "0",
    "timeSpentInLogs": null,
    "matchWorkTime": "N",
    "forumTopicId": "550",
    "forumId": "11",
    "siteId": "s1",
    "subordinate": "N",
    "exchangeModified": null,
    "exchangeId": null,
    "outlookVersion": "10",
    "viewedDate": "2024-07-12T15:53:05+00:00",
    "sorting": null,
    "durationFact": null,
    "isMuted": "N",
    "isPinned": "N",
    "isPinnedInGroup": "N",
    "flowId": null,
    "descriptionInBbcode": "Y",
    "status": "2",
    "statusChangedDate": "2024-07-10T19:32:11+00:00",
    "durationPlan": null,
    "durationType": "days",
    "favorite": "N",
    "groupId": "0",
    "auditors": [],
    "accomplices": [],
    "newCommentsCount": 0,
    "group": [],
    "creator": {
     "id": "1",
     "name": "Антон Титовец",
     "link": "/company/personal/user/1/",
     "icon": "https://b24-ar17wx.bitrix24.by/b28528874/resize_cache/30/c0120a8d7c10d63c83e32398d1ec4d9e/main/d7e/d7e99cf556e4ab676463dae2c00ddfbb/a7e0af6899300e3c684caeca5c334d81.jpg",
     "workPosition": null
    },
    "responsible": {
     "id": "10",
     "name": "Techno Pizza",
     "link": "/company/personal/user/10/",
     "icon": "/bitrix/images/tasks/default_avatar.png",
     "workPosition": null
    },
    "accomplicesData": [],
    "auditorsData": [],
    "subStatus": "-1"
   },
   {
    "id": "582",
    "parentId": null,
    "title": "Другой заголовок задачи",
    "description": "Другое описание задачи",
    "mark": null,
    "priority": "1",
    "multitask": "N",
    "notViewed": "N",
    "replicate": "N",
    "stageId": "0",
    "createdBy": "1",
    "createdDate": "2024-07-10T19:34:23+00:00",
    "responsibleId": "10",
    "changedBy": "1",
    "changedDate": "2024-07-10T19:34:37+00:00",
    "statusChangedBy": "1",
    "closedBy": "0",
    "closedDate": null,
    "activityDate": "2024-07-12T15:53:05+00:00",
    "dateStart": "2024-07-10T19:34:35+00:00",
    "deadline": "2024-07-11T19:34:00+00:00",
    "startDatePlan": "2024-07-10T19:34:23+00:00",
    "endDatePlan": "2024-07-10T21:00:00+00:00",
    "guid": "{e56e187e-ee52-4884-a6c7-8861e630692e}",
    "xmlId": null,
    "commentsCount": "4",
    "serviceCommentsCount": "4",
    "allowChangeDeadline": "N",
    "allowTimeTracking": "N",
    "taskControl": "N",
    "addInReport": "N",
    "forkedByTemplateId": null,
    "timeEstimate": "0",
    "timeSpentInLogs": null,
    "matchWorkTime": "N",
    "forumTopicId": "552",
    "forumId": "11",
    "siteId": "s1",
    "subordinate": "N",
    "exchangeModified": null,
    "exchangeId": null,
    "outlookVersion": "10",
    "viewedDate": "2024-07-12T15:53:05+00:00",
    "sorting": null,
    "durationFact": null,
    "isMuted": "N",
    "isPinned": "N",
    "isPinnedInGroup": "N",
    "flowId": null,
    "descriptionInBbcode": "Y",
    "status": "2",
    "statusChangedDate": "2024-07-10T19:34:37+00:00",
    "durationPlan": null,
    "durationType": "days",
    "favorite": "N",
    "groupId": "0",
    "auditors": [],
    "accomplices": [],
    "newCommentsCount": 0,
    "group": [],
    "creator": {
     "id": "1",
     "name": "Антон Титовец",
     "link": "/company/personal/user/1/",
     "icon": "https://b24-ar17wx.bitrix24.by/b28528874/resize_cache/30/c0120a8d7c10d63c83e32398d1ec4d9e/main/d7e/d7e99cf556e4ab676463dae2c00ddfbb/a7e0af6899300e3c684caeca5c334d81.jpg",
     "workPosition": null
    },
    "responsible": {
     "id": "10",
     "name": "Techno Pizza",
     "link": "/company/personal/user/10/",
     "icon": "/bitrix/images/tasks/default_avatar.png",
     "workPosition": null
    },
    "accomplicesData": [],
    "auditorsData": [],
    "subStatus": "-1"
   },
   {
    "id": "584",
    "parentId": null,
    "title": "Другой заголовок задачи",
    "description": "Другое описание задачи",
    "mark": null,
    "priority": "1",
    "multitask": "N",
    "notViewed": "N",
    "replicate": "N",
    "stageId": "0",
    "createdBy": "1",
    "createdDate": "2024-07-10T19:34:23+00:00",
    "responsibleId": "10",
    "changedBy": "1",
    "changedDate": "2024-07-10T19:34:37+00:00",
    "statusChangedBy": "1",
    "closedBy": "0",
    "closedDate": null,
    "activityDate": "2024-07-12T15:53:04+00:00",
    "dateStart": "2024-07-10T19:34:36+00:00",
    "deadline": "2024-07-11T19:34:00+00:00",
    "startDatePlan": "2024-07-10T19:34:23+00:00",
    "endDatePlan": "2024-07-10T21:00:00+00:00",
    "guid": "{2e144a55-dd85-48e1-95aa-d82aac81c96d}",
    "xmlId": null,
    "commentsCount": "4",
    "serviceCommentsCount": "4",
    "allowChangeDeadline": "N",
    "allowTimeTracking": "N",
    "taskControl": "N",
    "addInReport": "N",
    "forkedByTemplateId": null,
    "timeEstimate": "0",
    "timeSpentInLogs": null,
    "matchWorkTime": "N",
    "forumTopicId": "554",
    "forumId": "11",
    "siteId": "s1",
    "subordinate": "N",
    "exchangeModified": null,
    "exchangeId": null,
    "outlookVersion": "10",
    "viewedDate": "2024-07-12T15:53:04+00:00",
    "sorting": null,
    "durationFact": null,
    "isMuted": "N",
    "isPinned": "N",
    "isPinnedInGroup": "N",
    "flowId": null,
    "descriptionInBbcode": "Y",
    "status": "2",
    "statusChangedDate": "2024-07-10T19:34:37+00:00",
    "durationPlan": null,
    "durationType": "days",
    "favorite": "N",
    "groupId": "0",
    "auditors": [],
    "accomplices": [],
    "newCommentsCount": 0,
    "group": [],
    "creator": {
     "id": "1",
     "name": "Антон Титовец",
     "link": "/company/personal/user/1/",
     "icon": "https://b24-ar17wx.bitrix24.by/b28528874/resize_cache/30/c0120a8d7c10d63c83e32398d1ec4d9e/main/d7e/d7e99cf556e4ab676463dae2c00ddfbb/a7e0af6899300e3c684caeca5c334d81.jpg",
     "workPosition": null
    },
    "responsible": {
     "id": "10",
     "name": "Techno Pizza",
     "link": "/company/personal/user/10/",
     "icon": "/bitrix/images/tasks/default_avatar.png",
     "workPosition": null
    },
    "accomplicesData": [],
    "auditorsData": [],
    "subStatus": "-1"
   },
   {
    "id": "590",
    "parentId": null,
    "title": "Another task title",
    "description": "Another task description",
    "mark": null,
    "priority": "1",
    "multitask": "N",
    "notViewed": "N",
    "replicate": "N",
    "stageId": "0",
    "createdBy": "1",
    "createdDate": "2024-07-10T20:12:02+00:00",
    "responsibleId": "10",
    "changedBy": "1",
    "changedDate": "2024-07-10T20:12:49+00:00",
    "statusChangedBy": "1",
    "closedBy": "0",
    "closedDate": null,
    "activityDate": "2024-07-12T15:53:04+00:00",
    "dateStart": "2024-07-10T20:12:42+00:00",
    "deadline": "2024-07-11T20:12:00+00:00",
    "startDatePlan": "2024-07-10T20:12:02+00:00",
    "endDatePlan": "2024-07-10T21:00:00+00:00",
    "guid": "{bd14d1f0-adbb-44f9-ac7e-9166fca54c76}",
    "xmlId": null,
    "commentsCount": "4",
    "serviceCommentsCount": "4",
    "allowChangeDeadline": "N",
    "allowTimeTracking": "N",
    "taskControl": "N",
    "addInReport": "N",
    "forkedByTemplateId": null,
    "timeEstimate": "0",
    "timeSpentInLogs": null,
    "matchWorkTime": "N",
    "forumTopicId": "560",
    "forumId": "11",
    "siteId": "s1",
    "subordinate": "N",
    "exchangeModified": null,
    "exchangeId": null,
    "outlookVersion": "10",
    "viewedDate": "2024-07-12T15:53:04+00:00",
    "sorting": null,
    "durationFact": null,
    "isMuted": "N",
    "isPinned": "N",
    "isPinnedInGroup": "N",
    "flowId": null,
    "descriptionInBbcode": "Y",
    "status": "2",
    "statusChangedDate": "2024-07-10T20:12:49+00:00",
    "durationPlan": null,
    "durationType": "days",
    "favorite": "N",
    "groupId": "0",
    "auditors": [],
    "accomplices": [],
    "newCommentsCount": 0,
    "group": [],
    "creator": {
     "id": "1",
     "name": "Антон Титовец",
     "link": "/company/personal/user/1/",
     "icon": "https://b24-ar17wx.bitrix24.by/b28528874/resize_cache/30/c0120a8d7c10d63c83e32398d1ec4d9e/main/d7e/d7e99cf556e4ab676463dae2c00ddfbb/a7e0af6899300e3c684caeca5c334d81.jpg",
     "workPosition": null
    },
    "responsible": {
     "id": "10",
     "name": "Techno Pizza",
     "link": "/company/personal/user/10/",
     "icon": "/bitrix/images/tasks/default_avatar.png",
     "workPosition": null
    },
    "accomplicesData": [],
    "auditorsData": [],
    "subStatus": "-1"
   },
   {
    "id": "592",
    "parentId": null,
    "title": "Another task title",
    "description": "Another task description",
    "mark": null,
    "priority": "1",
    "multitask": "N",
    "notViewed": "N",
    "replicate": "N",
    "stageId": "0",
    "createdBy": "1",
    "createdDate": "2024-07-10T20:12:04+00:00",
    "responsibleId": "10",
    "changedBy": "1",
    "changedDate": "2024-07-10T20:12:51+00:00",
    "statusChangedBy": "1",
    "closedBy": "0",
    "closedDate": null,
    "activityDate": "2024-07-12T15:53:04+00:00",
    "dateStart": "2024-07-10T20:12:44+00:00",
    "deadline": "2024-07-11T20:12:00+00:00",
    "startDatePlan": "2024-07-10T20:12:04+00:00",
    "endDatePlan": "2024-07-10T21:00:00+00:00",
    "guid": "{a59cbd1b-c80e-4af2-927a-af9723ee5dbf}",
    "xmlId": null,
    "commentsCount": "4",
    "serviceCommentsCount": "4",
    "allowChangeDeadline": "N",
    "allowTimeTracking": "N",
    "taskControl": "N",
    "addInReport": "N",
    "forkedByTemplateId": null,
    "timeEstimate": "0",
    "timeSpentInLogs": null,
    "matchWorkTime": "N",
    "forumTopicId": "562",
    "forumId": "11",
    "siteId": "s1",
    "subordinate": "N",
    "exchangeModified": null,
    "exchangeId": null,
    "outlookVersion": "10",
    "viewedDate": "2024-07-12T15:53:04+00:00",
    "sorting": null,
    "durationFact": null,
    "isMuted": "N",
    "isPinned": "N",
    "isPinnedInGroup": "N",
    "flowId": null,
    "descriptionInBbcode": "Y",
    "status": "2",
    "statusChangedDate": "2024-07-10T20:12:51+00:00",
    "durationPlan": null,
    "durationType": "days",
    "favorite": "N",
    "groupId": "0",
    "auditors": [],
    "accomplices": [],
    "newCommentsCount": 0,
    "group": [],
    "creator": {
     "id": "1",
     "name": "Антон Титовец",
     "link": "/company/personal/user/1/",
     "icon": "https://b24-ar17wx.bitrix24.by/b28528874/resize_cache/30/c0120a8d7c10d63c83e32398d1ec4d9e/main/d7e/d7e99cf556e4ab676463dae2c00ddfbb/a7e0af6899300e3c684caeca5c334d81.jpg",
     "workPosition": null
    },
    "responsible": {
     "id": "10",
     "name": "Techno Pizza",
     "link": "/company/personal/user/10/",
     "icon": "/bitrix/images/tasks/default_avatar.png",
     "workPosition": null
    },
    "accomplicesData": [],
    "auditorsData": [],
    "subStatus": "-1"
   }
  ]
 },
 "total": 18,
 "time": {
  "start": 1723569901.62254,
  "finish": 1723569901.68067,
  "duration": 0.058129072189331,
  "processing": 0.0325970649719238,
  "date_start": "2024-08-13T17:25:01+00:00",
  "date_finish": "2024-08-13T17:25:01+00:00",
  "operating_reset_at": 1723570501,
  "operating": 0
 }
}
