 {
 "result": {
  "list": [
   {
    "id": "29546",
    "createdDate": "07.10.2024 22:24:46",
    "field": "NEW",
    "value": {
     "from": null,
     "to": null
    },
    "user": {
     "id": "1",
     "name": "Антон",
     "lastName": "Титовец",
     "secondName": null,
     "login": "VKuser657846756"
    }
   },
   {
    "id": "29556",
    "createdDate": "07.10.2024 22:24:52",
    "field": "START_DATE_PLAN",
    "value": {
     "from": "",
     "to": "1728329086"
    },
    "user": {
     "id": "1",
     "name": "Антон",
     "lastName": "Титовец",
     "secondName": null,
     "login": "VKuser657846756"
    }
   },
   {
    "id": "29558",
    "createdDate": "07.10.2024 22:24:52",
    "field": "END_DATE_PLAN",
    "value": {
     "from": "",
     "to": "1728334800"
    },
    "user": {
     "id": "1",
     "name": "Антон",
     "lastName": "Титовец",
     "secondName": null,
     "login": "VKuser657846756"
    }
   },
   {
    "id": "29560",
    "createdDate": "07.10.2024 22:24:52",
    "field": "DURATION_PLAN_SECONDS",
    "value": {
     "from": "",
     "to": "5714"
    },
    "user": {
     "id": "1",
     "name": "Антон",
     "lastName": "Титовец",
     "secondName": null,
     "login": "VKuser657846756"
    }
   },
   {
    "id": "29562",
    "createdDate": "07.10.2024 22:24:52",
    "field": "TITLE",
    "value": {
     "from": "New task",
     "to": "Another task title"
    },
    "user": {
     "id": "1",
     "name": "Антон",
     "lastName": "Титовец",
     "secondName": null,
     "login": "VKuser657846756"
    }
   },
   {
    "id": "29564",
    "createdDate": "07.10.2024 22:24:52",
    "field": "DESCRIPTION",
    "value": {
     "from": "",
     "to": ""
    },
    "user": {
     "id": "1",
     "name": "Антон",
     "lastName": "Титовец",
     "secondName": null,
     "login": "VKuser657846756"
    }
   },
   {
    "id": "29566",
    "createdDate": "07.10.2024 22:24:52",
    "field": "PRIORITY",
    "value": {
     "from": "2",
     "to": "1"
    },
    "user": {
     "id": "1",
     "name": "Антон",
     "lastName": "Титовец",
     "secondName": null,
     "login": "VKuser657846756"
    }
   },
   {
    "id": "29574",
    "createdDate": "07.10.2024 22:24:54",
    "field": "RESPONSIBLE_ID",
    "value": {
     "from": "1",
     "to": "590"
    },
    "user": {
     "id": "1",
     "name": "Антон",
     "lastName": "Титовец",
     "secondName": null,
     "login": "VKuser657846756"
    }
   },
   {
    "id": "29576",
    "createdDate": "07.10.2024 22:24:54",
    "field": "COMMENT",
    "value": {
     "from": null,
     "to": "5862"
    },
    "user": {
     "id": "1",
     "name": "Антон",
     "lastName": "Титовец",
     "secondName": null,
     "login": "VKuser657846756"
    }
   },
   {
    "id": "29582",
    "createdDate": "07.10.2024 22:24:55",
    "field": "STATUS",
    "value": {
     "from": "2",
     "to": "6"
    },
    "user": {
     "id": "1",
     "name": "Антон",
     "lastName": "Титовец",
     "secondName": null,
     "login": "VKuser657846756"
    }
   },
   {
    "id": "29586",
    "createdDate": "07.10.2024 22:24:55",
    "field": "STATUS",
    "value": {
     "from": "6",
     "to": "5"
    },
    "user": {
     "id": "1",
     "name": "Антон",
     "lastName": "Титовец",
     "secondName": null,
     "login": "VKuser657846756"
    }
   },
   {
    "id": "29588",
    "createdDate": "07.10.2024 22:24:55",
    "field": "COMMENT",
    "value": {
     "from": null,
     "to": "5868"
    },
    "user": {
     "id": "1",
     "name": "Антон",
     "lastName": "Титовец",
     "secondName": null,
     "login": "VKuser657846756"
    }
   },
   {
    "id": "29594",
    "createdDate": "07.10.2024 22:24:57",
    "field": "STATUS",
    "value": {
     "from": "5",
     "to": "2"
    },
    "user": {
     "id": "1",
     "name": "Антон",
     "lastName": "Титовец",
     "secondName": null,
     "login": "VKuser657846756"
    }
   },
   {
    "id": "29596",
    "createdDate": "07.10.2024 22:24:57",
    "field": "COMMENT",
    "value": {
     "from": null,
     "to": "5872"
    },
    "user": {
     "id": "1",
     "name": "Антон",
     "lastName": "Титовец",
     "secondName": null,
     "login": "VKuser657846756"
    }
   },
   {
    "id": "29602",
    "createdDate": "07.10.2024 22:24:57",
    "field": "STATUS",
    "value": {
     "from": "2",
     "to": "3"
    },
    "user": {
     "id": "1",
     "name": "Антон",
     "lastName": "Титовец",
     "secondName": null,
     "login": "VKuser657846756"
    }
   },
   {
    "id": "29606",
    "createdDate": "07.10.2024 22:24:59",
    "field": "STATUS",
    "value": {
     "from": "3",
     "to": "2"
    },
    "user": {
     "id": "1",
     "name": "Антон",
     "lastName": "Титовец",
     "secondName": null,
     "login": "VKuser657846756"
    }
   }
  ]
 },
 "time": {
  "start": 1728329099.53024,
  "finish": 1728329099.56387,
  "duration": 0.0336298942565918,
  "processing": 0.00533080101013184,
  "date_start": "2024-10-07T22:24:59+03:00",
  "date_finish": "2024-10-07T22:24:59+03:00",
  "operating_reset_at": 1728329699,
  "operating": 0
 }
}
