 {
 "result": [
  {
   "POST_MESSAGE_HTML": null,
   "ID": "5768",
   "AUTHOR_ID": "1",
   "AUTHOR_NAME": "Антон Титовец",
   "AUTHOR_EMAIL": "",
   "POST_DATE": "2024-10-05T18:05:35+03:00",
   "POST_MESSAGE": "The task has been changed, do not split up"
  },
  {
   "POST_MESSAGE_HTML": null,
   "ID": "5770",
   "AUTHOR_ID": "1",
   "AUTHOR_NAME": "Антон Титовец",
   "AUTHOR_EMAIL": "",
   "POST_DATE": "2024-10-05T18:05:35+03:00",
   "POST_MESSAGE": "The task has been changed, let's split up"
  }
 ],
 "time": {
  "start": 1728140736.85653,
  "finish": 1728140736.90764,
  "duration": 0.0511090755462646,
  "processing": 0.0254199504852295,
  "date_start": "2024-10-05T18:05:36+03:00",
  "date_finish": "2024-10-05T18:05:36+03:00",
  "operating_reset_at": 1728141336,
  "operating": 0
 }
}
