{
 "result": {
  "ID": "8490",
  "TASK_ID": "11658",
  "PARENT_ID": "8488",
  "CREATED_BY": "1",
  "TITLE": "New elements text",
  "SORT_INDEX": "1",
  "IS_COMPLETE": "N",
  "IS_IMPORTANT": "N",
  "TOGGLED_BY": null,
  "TOGGLED_DATE": "",
  "MEMBERS": [],
  "ATTACHMENTS": []
 },
 "time": {
  "start": 1781800894,
  "finish": 1781800894.56328,
  "duration": 0.563278913497925,
  "processing": 0,
  "date_start": "2026-06-18T19:41:34+03:00",
  "date_finish": "2026-06-18T19:41:34+03:00",
  "operating_reset_at": 1781801494,
  "operating": 0
 }
}
