{
 "result": {
  "list": [
   {
    "id": 131952,
    "createdDate": "2026-05-26T08:55:26+00:00",
    "field": "NEW",
    "value": {
     "from": null,
     "to": null
    },
    "user": {
     "id": 1,
     "name": "Антон",
     "lastName": "Титовец",
     "secondName": "",
     "login": "VKuser657846756"
    }
   },
   {
    "id": 131954,
    "createdDate": "2026-05-26T08:55:27+00:00",
    "field": "START_DATE_PLAN",
    "value": {
     "from": "",
     "to": "1779785726"
    },
    "user": {
     "id": 1,
     "name": "Антон",
     "lastName": "Титовец",
     "secondName": "",
     "login": "VKuser657846756"
    }
   },
   {
    "id": 131956,
    "createdDate": "2026-05-26T08:55:27+00:00",
    "field": "END_DATE_PLAN",
    "value": {
     "from": "",
     "to": "1779829200"
    },
    "user": {
     "id": 1,
     "name": "Антон",
     "lastName": "Титовец",
     "secondName": "",
     "login": "VKuser657846756"
    }
   },
   {
    "id": 131968,
    "createdDate": "2026-05-26T08:55:30+00:00",
    "field": "TITLE",
    "value": {
     "from": "New task",
     "to": "Another task title"
    },
    "user": {
     "id": 1,
     "name": "Антон",
     "lastName": "Титовец",
     "secondName": "",
     "login": "VKuser657846756"
    }
   },
   {
    "id": 131970,
    "createdDate": "2026-05-26T08:55:30+00:00",
    "field": "DESCRIPTION",
    "value": {
     "from": "",
     "to": ""
    },
    "user": {
     "id": 1,
     "name": "Антон",
     "lastName": "Титовец",
     "secondName": "",
     "login": "VKuser657846756"
    }
   },
   {
    "id": 131972,
    "createdDate": "2026-05-26T08:55:30+00:00",
    "field": "PRIORITY",
    "value": {
     "from": "2",
     "to": "1"
    },
    "user": {
     "id": 1,
     "name": "Антон",
     "lastName": "Титовец",
     "secondName": "",
     "login": "VKuser657846756"
    }
   },
   {
    "id": 131976,
    "createdDate": "2026-05-26T08:55:35+00:00",
    "field": "RESPONSIBLE_ID",
    "value": {
     "from": "1",
     "to": "2960"
    },
    "user": {
     "id": 1,
     "name": "Антон",
     "lastName": "Титовец",
     "secondName": "",
     "login": "VKuser657846756"
    }
   },
   {
    "id": 131980,
    "createdDate": "2026-05-26T08:55:37+00:00",
    "field": "STATUS",
    "value": {
     "from": "2",
     "to": "6"
    },
    "user": {
     "id": 1,
     "name": "Антон",
     "lastName": "Титовец",
     "secondName": "",
     "login": "VKuser657846756"
    }
   },
   {
    "id": 131984,
    "createdDate": "2026-05-26T08:55:38+00:00",
    "field": "STATUS",
    "value": {
     "from": "6",
     "to": "5"
    },
    "user": {
     "id": 1,
     "name": "Антон",
     "lastName": "Титовец",
     "secondName": "",
     "login": "VKuser657846756"
    }
   },
   {
    "id": 131988,
    "createdDate": "2026-05-26T08:55:42+00:00",
    "field": "STATUS",
    "value": {
     "from": "5",
     "to": "2"
    },
    "user": {
     "id": 1,
     "name": "Антон",
     "lastName": "Титовец",
     "secondName": "",
     "login": "VKuser657846756"
    }
   },
   {
    "id": 131992,
    "createdDate": "2026-05-26T08:55:43+00:00",
    "field": "STATUS",
    "value": {
     "from": "2",
     "to": "3"
    },
    "user": {
     "id": 1,
     "name": "Антон",
     "lastName": "Титовец",
     "secondName": "",
     "login": "VKuser657846756"
    }
   },
   {
    "id": 131996,
    "createdDate": "2026-05-26T08:55:44+00:00",
    "field": "AUDITORS",
    "value": {
     "from": "",
     "to": "1"
    },
    "user": {
     "id": 1,
     "name": "Антон",
     "lastName": "Титовец",
     "secondName": "",
     "login": "VKuser657846756"
    }
   },
   {
    "id": 132000,
    "createdDate": "2026-05-26T08:55:45+00:00",
    "field": "AUDITORS",
    "value": {
     "from": "1",
     "to": ""
    },
    "user": {
     "id": 1,
     "name": "Антон",
     "lastName": "Титовец",
     "secondName": "",
     "login": "VKuser657846756"
    }
   },
   {
    "id": 132004,
    "createdDate": "2026-05-26T08:55:47+00:00",
    "field": "STATUS",
    "value": {
     "from": "3",
     "to": "2"
    },
    "user": {
     "id": 1,
     "name": "Антон",
     "lastName": "Титовец",
     "secondName": "",
     "login": "VKuser657846756"
    }
   }
  ]
 },
 "time": {
  "start": 1779785748,
  "finish": 1779785749.02927,
  "duration": 1.02926993370056,
  "processing": 0,
  "date_start": "2026-05-26T08:55:48+00:00",
  "date_finish": "2026-05-26T08:55:49+00:00",
  "operating_reset_at": 1779786349,
  "operating": 0
 }
}
