 {
 "result": {
  "ID": "824",
  "TASK_ID": "2394",
  "USER_ID": "1",
  "COMMENT_TEXT": "",
  "SECONDS": "3600",
  "MINUTES": "60",
  "SOURCE": "2",
  "CREATED_DATE": "2024-10-08T21:38:14+03:00",
  "DATE_START": "2024-10-08T21:38:14+03:00",
  "DATE_STOP": "2024-10-08T21:38:14+03:00"
 },
 "time": {
  "start": 1728412694.26824,
  "finish": 1728412694.30752,
  "duration": 0.0392789840698242,
  "processing": 0.017024040222168,
  "date_start": "2024-10-08T21:38:14+03:00",
  "date_finish": "2024-10-08T21:38:14+03:00",
  "operating_reset_at": 1728413294,
  "operating": 0
 }
}
