 {
 "result": {
  "ID": "1432",
  "TASK_ID": "2366",
  "PARENT_ID": "1430",
  "CREATED_BY": "1",
  "TITLE": "New elements text",
  "SORT_INDEX": "1",
  "IS_COMPLETE": "Y",
  "IS_IMPORTANT": "N",
  "TOGGLED_BY": null,
  "TOGGLED_DATE": "",
  "MEMBERS": [],
  "ATTACHMENTS": []
 },
 "time": {
  "start": 1728329102.22029,
  "finish": 1728329102.26452,
  "duration": 0.0442361831665039,
  "processing": 0.0193450450897217,
  "date_start": "2024-10-07T22:25:02+03:00",
  "date_finish": "2024-10-07T22:25:02+03:00",
  "operating_reset_at": 1728329702,
  "operating": 0
 }
}
