{
 "result": [
  {
   "ID": "4572",
   "TASK_ID": "12174",
   "USER_ID": "1",
   "COMMENT_TEXT": "",
   "SECONDS": "3600",
   "MINUTES": "60",
   "SOURCE": "2",
   "CREATED_DATE": "2026-07-19T17:12:07+00:00",
   "DATE_START": "2026-07-19T17:12:08+00:00",
   "DATE_STOP": "2026-07-19T17:12:08+00:00"
  },
  {
   "ID": "4574",
   "TASK_ID": "12174",
   "USER_ID": "10",
   "COMMENT_TEXT": "Time spent on work",
   "SECONDS": "7200",
   "MINUTES": "120",
   "SOURCE": "2",
   "CREATED_DATE": "2026-06-19T14:12:09+00:00",
   "DATE_START": "2026-07-19T17:12:09+00:00",
   "DATE_STOP": "2026-07-19T17:12:09+00:00"
  }
 ],
 "total": 2,
 "time": {
  "start": 1784481133,
  "finish": 1784481133.22411,
  "duration": 0.224112033843994,
  "processing": 0,
  "date_start": "2026-07-19T17:12:13+00:00",
  "date_finish": "2026-07-19T17:12:13+00:00",
  "operating_reset_at": 1784481733,
  "operating": 0
 }
}
