  {
  "result": {
  "UF_TIMEMAN": true,
  "UF_TM_FREE": false,
  "UF_TM_MAX_START": "09:15:00",
  "UF_TM_MIN_FINISH": "17:45:00",
  "UF_TM_MIN_DURATION": "08:00:00",
  "UF_TM_ALLOWED_DELTA": "00:15:00",
  "ADMIN": true
  },
  "time": {
  "start": 1722332243.86487,
  "finish": 1722332243.88732,
  "duration": 0.0224521160125732,
  "processing": 0.00417494773864746,
  "date_start": "2024-07-30T09:37:23+00:00",
  "date_finish": "2024-07-30T09:37:23+00:00",
  "operating_reset_at": 1722332843,
  "operating": 0
  }
  }
