{
 "result": {
  "ID": "4190",
  "TASK_ID": "11208",
  "USER_ID": "10",
  "COMMENT_TEXT": "Time spent on work",
  "SECONDS": "7200",
  "MINUTES": "120",
  "SOURCE": "2",
  "CREATED_DATE": "2026-05-15T17:34:22+03:00",
  "DATE_START": "2026-06-15T17:34:21+03:00",
  "DATE_STOP": "2026-06-15T17:34:21+03:00"
 },
 "time": {
  "start": 1781534062,
  "finish": 1781534062.74855,
  "duration": 0.748549938201904,
  "processing": 0,
  "date_start": "2026-06-15T17:34:22+03:00",
  "date_finish": "2026-06-15T17:34:22+03:00",
  "operating_reset_at": 1781534662,
  "operating": 0
 }
}
