{
 "result": [
  {
   "ID": "7792",
   "TASK_ID": "10780",
   "PARENT_ID": 0,
   "CREATED_BY": "1",
   "TITLE": "BX_CHECKLIST_1",
   "SORT_INDEX": "0",
   "IS_COMPLETE": "N",
   "IS_IMPORTANT": "N",
   "TOGGLED_BY": null,
   "TOGGLED_DATE": "",
   "MEMBERS": [],
   "ATTACHMENTS": []
  },
  {
   "ID": "7794",
   "TASK_ID": "10780",
   "PARENT_ID": "7792",
   "CREATED_BY": "1",
   "TITLE": "New elements text",
   "SORT_INDEX": "1",
   "IS_COMPLETE": "N",
   "IS_IMPORTANT": "N",
   "TOGGLED_BY": null,
   "TOGGLED_DATE": "",
   "MEMBERS": [],
   "ATTACHMENTS": []
  }
 ],
 "time": {
  "start": 1779797986,
  "finish": 1779797986.59105,
  "duration": 0.591049909591675,
  "processing": 0,
  "date_start": "2026-05-26T15:19:46+03:00",
  "date_finish": "2026-05-26T15:19:46+03:00",
  "operating_reset_at": 1779798586,
  "operating": 0
 }
}
