 {
 "result": [
  {
   "ID": "824",
   "TASK_ID": "2394",
   "USER_ID": "1",
   "COMMENT_TEXT": "",
   "SECONDS": "3600",
   "MINUTES": "60",
   "SOURCE": "2",
   "CREATED_DATE": "2024-10-08T21:38:14+03:00",
   "DATE_START": "2024-10-08T21:38:14+03:00",
   "DATE_STOP": "2024-10-08T21:38:14+03:00"
  },
  {
   "ID": "826",
   "TASK_ID": "2394",
   "USER_ID": "10",
   "COMMENT_TEXT": "Time spent on work",
   "SECONDS": "7200",
   "MINUTES": "120",
   "SOURCE": "2",
   "CREATED_DATE": "2024-09-08T21:38:14+03:00",
   "DATE_START": "2024-10-08T21:38:14+03:00",
   "DATE_STOP": "2024-10-08T21:38:14+03:00"
  }
 ],
 "total": 2,
 "time": {
  "start": 1728412694.44285,
  "finish": 1728412694.50613,
  "duration": 0.0632789134979248,
  "processing": 0.0206191539764404,
  "date_start": "2024-10-08T21:38:14+03:00",
  "date_finish": "2024-10-08T21:38:14+03:00",
  "operating_reset_at": 1728413294,
  "operating": 0
 }
}
