{
 "result": {
  "1": [
   {
    "ID": "5360",
    "NAME": "[Под вопросом]",
    "DATE_FROM": "19.06.2026 17:32:00",
    "DATE_TO": "19.06.2026 18:32:00",
    "DATE_FROM_TS_UTC": "1781868720",
    "DATE_TO_TS_UTC": "1784475120",
    "~USER_OFFSET_FROM": 0,
    "~USER_OFFSET_TO": 0,
    "DT_SKIP_TIME": "N",
    "TZ_FROM": "Europe/Minsk",
    "TZ_TO": "Europe/Minsk",
    "ACCESSIBILITY": "quest",
    "IMPORTANCE": "low",
    "EVENT_TYPE": null
   },
   {
    "ID": "5364",
    "NAME": "[Под вопросом]",
    "DATE_FROM": "19.06.2026 17:32:00",
    "DATE_TO": "19.06.2026 18:32:00",
    "DATE_FROM_TS_UTC": "1781868720",
    "DATE_TO_TS_UTC": "1784475120",
    "~USER_OFFSET_FROM": 0,
    "~USER_OFFSET_TO": 0,
    "DT_SKIP_TIME": "N",
    "TZ_FROM": "Europe/Minsk",
    "TZ_TO": "Europe/Minsk",
    "ACCESSIBILITY": "quest",
    "IMPORTANCE": "low",
    "EVENT_TYPE": null
   }
  ]
 },
 "time": {
  "start": 1781803944,
  "finish": 1781803944.46344,
  "duration": 0.463442087173462,
  "processing": 0,
  "date_start": "2026-06-18T17:32:24+00:00",
  "date_finish": "2026-06-18T17:32:24+00:00",
  "operating_reset_at": 1781804544,
  "operating": 0
 }
}
