{
 "result": {
  "ID": "ID",
  "XML_ID": "Внешний код",
  "ACTIVE": "Активность",
  "NAME": "Имя",
  "LAST_NAME": "Фамилия",
  "SECOND_NAME": "Отчество",
  "TITLE": "Список пользователей",
  "EMAIL": "E-Mail",
  "LAST_LOGIN": "Последняя авторизация",
  "DATE_REGISTER": "Дата регистрации",
  "TIME_ZONE": "TIME_ZONE",
  "IS_ONLINE": "IS_ONLINE",
  "TIMESTAMP_X": "TIMESTAMP_X",
  "LAST_ACTIVITY_DATE": "LAST_ACTIVITY_DATE",
  "PERSONAL_GENDER": "Пол",
  "PERSONAL_PROFESSION": "Профессия",
  "PERSONAL_WWW": "Домашняя страничка",
  "PERSONAL_BIRTHDAY": "Дата рождения",
  "PERSONAL_PHOTO": "Фотография",
  "PERSONAL_ICQ": "ICQ",
  "PERSONAL_PHONE": "***",
  "PERSONAL_FAX": "Факс",
  "PERSONAL_MOBILE": "Личный мобильный",
  "PERSONAL_PAGER": "Пейджер",
  "PERSONAL_STREET": "Улица проживания",
  "PERSONAL_CITY": "Город проживания",
  "PERSONAL_STATE": "Область / край",
  "PERSONAL_ZIP": "Почтовый индекс",
  "PERSONAL_COUNTRY": "Страна",
  "PERSONAL_MAILBOX": "Почтовый ящик",
  "PERSONAL_NOTES": "Дополнительные заметки",
  "WORK_PHONE": "***",
  "WORK_COMPANY": "Компания",
  "WORK_POSITION": "Должность",
  "WORK_DEPARTMENT": "Отдел",
  "WORK_WWW": "Сайт компании",
  "WORK_FAX": "WORK_FAX",
  "WORK_PAGER": "WORK_PAGER",
  "WORK_STREET": "WORK_STREET",
  "WORK_MAILBOX": "WORK_MAILBOX",
  "WORK_CITY": "Город работы",
  "WORK_STATE": "WORK_STATE",
  "WORK_ZIP": "WORK_ZIP",
  "WORK_COUNTRY": "WORK_COUNTRY",
  "WORK_PROFILE": "WORK_PROFILE",
  "WORK_LOGO": "WORK_LOGO",
  "WORK_NOTES": "WORK_NOTES",
  "UF_SKYPE_LINK": "Ссылка на чат в Skype",
  "UF_ZOOM": "Zoom",
  "UF_EMPLOYMENT_DATE": "Дата принятия на работу",
  "UF_TIMEMAN": "Учет рабочего времени",
  "UF_DEPARTMENT": "Подразделения",
  "UF_INTERESTS": "Интересы",
  "UF_SKILLS": "Навыки",
  "UF_WEB_SITES": "Другие сайты",
  "UF_XING": "Xing",
  "UF_LINKEDIN": "LinkedIn",
  "UF_FACEBOOK": "Facebook",
  "UF_TWITTER": "Twitter",
  "UF_SKYPE": "Microsoft Teams",
  "UF_DISTRICT": "Район",
  "UF_PHONE_INNER": "***",
  "USER_TYPE": "USER_TYPE"
 },
 "time": {
  "start": 1765396878,
  "finish": 1765396878.03518,
  "duration": 0.0351779460906982,
  "processing": 0,
  "date_start": "2025-12-10T20:01:18+00:00",
  "date_finish": "2025-12-10T20:01:18+00:00",
  "operating_reset_at": 1765397478,
  "operating": 0
 }
}
