{
 "result": [
  {
   "ID": "3766",
   "XML_ID": "75391042",
   "ACTIVE": true,
   "NAME": "Oleg",
   "LAST_NAME": "Lama",
   "EMAIL": "328bab6a-a29c-47f3-917b-044ce520ee21@example.org",
   "LAST_LOGIN": "",
   "DATE_REGISTER": "2026-05-26T00:00:00+00:00",
   "IS_ONLINE": "N",
   "TIMESTAMP_X": {},
   "PERSONAL_GENDER": "",
   "PERSONAL_BIRTHDAY": "",
   "PERSONAL_MOBILE": "88003553535",
   "UF_EMPLOYMENT_DATE": "",
   "UF_DEPARTMENT": [
    7
   ],
   "USER_TYPE": "employee"
  }
 ],
 "total": 1,
 "time": {
  "start": 1779804942,
  "finish": 1779804942.44577,
  "duration": 0.445770025253296,
  "processing": 0,
  "date_start": "2026-05-26T14:15:42+00:00",
  "date_finish": "2026-05-26T14:15:42+00:00",
  "operating_reset_at": 1779805542,
  "operating": 0
 }
}
