 {
 "result": [
  {
   "ID": "572",
   "XML_ID": "57919698",
   "ACTIVE": true,
   "EMAIL": "0c38bdd7-c638-4658-b831-92598f79c7d1@exepmple.org",
   "LAST_LOGIN": "",
   "DATE_REGISTER": "2024-10-05T03:00:00+03:00",
   "IS_ONLINE": "N",
   "TIMESTAMP_X": {},
   "PERSONAL_GENDER": "",
   "PERSONAL_BIRTHDAY": "",
   "UF_EMPLOYMENT_DATE": "",
   "UF_DEPARTMENT": [
    1
   ],
   "USER_TYPE": "employee"
  }
 ],
 "total": 1,
 "time": {
  "start": 1728140868.92626,
  "finish": 1728140868.95895,
  "duration": 0.0326938629150391,
  "processing": 0.0091850757598877,
  "date_start": "2024-10-05T18:07:48+03:00",
  "date_finish": "2024-10-05T18:07:48+03:00",
  "operating_reset_at": 1728141468,
  "operating": 0
 }
}
