 {
 "result": {
  "1": {
   "id": 1,
   "active": true,
   "name": "Антон Титовец",
   "first_name": "Антон",
   "last_name": "Титовец",
   "work_position": null,
   "color": "#df532d",
   "avatar": "https://cdn-ru.bitrix24.by/b28528874/resize_cache/30/ff58db95aecdfa09ae61b51b5fd8f63f/main/d7e/d7e99cf556e4ab676463dae2c00ddfbb/a7e0af6899300e3c684caeca5c334d81.jpg",
   "gender": "M",
   "birthday": "",
   "extranet": false,
   "network": false,
   "bot": false,
   "connector": false,
   "external_auth_id": "socservices",
   "status": "online",
   "idle": false,
   "last_activity_date": "2024-09-17T21:21:49+03:00",
   "mobile_last_date": false,
   "absent": false,
   "departments": [
    1,
    264
   ],
   "phones": false
  },
  "10": {
   "id": 10,
   "active": true,
   "name": "Techno Pizza",
   "first_name": "Techno",
   "last_name": "Pizza",
   "work_position": null,
   "color": "#ab7761",
   "avatar": "",
   "gender": "M",
   "birthday": "",
   "extranet": false,
   "network": false,
   "bot": false,
   "connector": false,
   "external_auth_id": "socservices",
   "status": "online",
   "idle": false,
   "last_activity_date": "2024-07-13T21:36:23+03:00",
   "mobile_last_date": false,
   "absent": false,
   "departments": [
    1,
    264
   ],
   "phones": false
  }
 },
 "time": {
  "start": 1728454841.69506,
  "finish": 1728454841.73795,
  "duration": 0.0428929328918457,
  "processing": 0.0145101547241211,
  "date_start": "2024-10-09T09:20:41+03:00",
  "date_finish": "2024-10-09T09:20:41+03:00",
  "operating_reset_at": 1728455441,
  "operating": 0
 }
}
