 {
 "result": {
  "ID": 12408,
  "NAME": "New subfolder",
  "CODE": null,
  "STORAGE_ID": "3",
  "TYPE": "folder",
  "REAL_OBJECT_ID": 12408,
  "PARENT_ID": "12404",
  "DELETED_TYPE": 0,
  "CREATE_TIME": "2024-10-07T22:25:38+03:00",
  "UPDATE_TIME": "2024-10-07T22:25:38+03:00",
  "DELETE_TIME": null,
  "CREATED_BY": "1",
  "UPDATED_BY": "1",
  "DELETED_BY": null,
  "DETAIL_URL": "https://b24-ar17wx.bitrix24.by/docs/path/New catalog/New subfolder 2/New subfolder"
 },
 "time": {
  "start": 1728329138.67014,
  "finish": 1728329138.76865,
  "duration": 0.0985090732574463,
  "processing": 0.0702362060546875,
  "date_start": "2024-10-07T22:25:38+03:00",
  "date_finish": "2024-10-07T22:25:38+03:00",
  "operating_reset_at": 1728329738,
  "operating": 0
 }
}
