 {
 "result": {
  "ID": 12544,
  "NAME": "New file name.jpg",
  "CODE": null,
  "STORAGE_ID": "3",
  "TYPE": "file",
  "PARENT_ID": "12522",
  "DELETED_TYPE": 0,
  "GLOBAL_CONTENT_VERSION": 1,
  "FILE_ID": 8638,
  "SIZE": "805189",
  "CREATE_TIME": "2024-10-08T21:38:06+03:00",
  "UPDATE_TIME": "2024-10-08T21:38:06+03:00",
  "DELETE_TIME": null,
  "CREATED_BY": "1",
  "UPDATED_BY": "1",
  "DELETED_BY": null,
  "DOWNLOAD_URL": "https://b24-ar17wx.bitrix24.by/rest/download.json?auth=d5890567006e9f06006b12e400000001000007a960502ac9f0aca67dc6db609e99efe4&token=disk%7CaWQ9MTI1NDQmXz1ZWno5TWc2NEphN2oyMVR0Rk5Da0gxdDZ5bGJOS1phZQ%3D%3D%7CImRvd25sb2FkfGRpc2t8YVdROU1USTFORFFtWHoxWldubzVUV2MyTkVwaE4yb3lNVlIwUms1RGEwZ3hkRFo1YkdKT1MxcGhaUT09fGQ1ODkwNTY3MDA2ZTlmMDYwMDZiMTJlNDAwMDAwMDAxMDAwMDA3YTk2MDUwMmFjOWYwYWNhNjdkYzZkYjYwOWU5OWVmZTQi.7EcATLqzLLwaJqtvhKynYj%2FgkazLzPGcdxNXKJ0lNe4%3D",
  "DETAIL_URL": "https://b24-ar17wx.bitrix24.by/docs/file/New catalog/New file name.jpg"
 },
 "time": {
  "start": 1728412686.35106,
  "finish": 1728412686.42356,
  "duration": 0.0725009441375732,
  "processing": 0.0380170345306396,
  "date_start": "2024-10-08T21:38:06+03:00",
  "date_finish": "2024-10-08T21:38:06+03:00",
  "operating_reset_at": 1728413286,
  "operating": 0
 }
}
