{
 "result": {
  "ID": 57540,
  "NAME": "New subfolder",
  "CODE": null,
  "STORAGE_ID": "3",
  "TYPE": "folder",
  "REAL_OBJECT_ID": 57540,
  "PARENT_ID": "57536",
  "DELETED_TYPE": 0,
  "CREATE_TIME": "2026-05-26T08:57:08+00:00",
  "UPDATE_TIME": "2026-05-26T08:57:08+00:00",
  "DELETE_TIME": null,
  "CREATED_BY": "1",
  "UPDATED_BY": "1",
  "DELETED_BY": null,
  "DETAIL_URL": "https://b24-ar17wx.bitrix24.by/docs/path/New catalog/New subfolder 2/New subfolder"
 },
 "time": {
  "start": 1779785828,
  "finish": 1779785828.17751,
  "duration": 0.177509069442749,
  "processing": 0,
  "date_start": "2026-05-26T08:57:08+00:00",
  "date_finish": "2026-05-26T08:57:08+00:00",
  "operating_reset_at": 1779786428,
  "operating": 0
 }
}
