 {
 "result": {
  "ID": 12122,
  "NAME": "New file name.jpg",
  "CODE": null,
  "STORAGE_ID": "3",
  "TYPE": "file",
  "PARENT_ID": "12100",
  "DELETED_TYPE": 0,
  "GLOBAL_CONTENT_VERSION": 1,
  "FILE_ID": 8356,
  "SIZE": "805189",
  "CREATE_TIME": "2024-10-05T18:06:08+03:00",
  "UPDATE_TIME": "2024-10-05T18:06:08+03:00",
  "DELETE_TIME": null,
  "CREATED_BY": "1",
  "UPDATED_BY": "1",
  "DELETED_BY": null,
  "DOWNLOAD_URL": "https://b24-ar17wx.bitrix24.by/rest/1/1o2dojryqvjybc11/download/?token=disk%7CaWQ9MTIxMjImXz15VEl1Sk9xaFI2SnJPdFBENmNKZmFTMlNaTUlKUkZ5Tg%3D%3D%7CImRvd25sb2FkfGRpc2t8YVdROU1USXhNakltWHoxNVZFbDFTazl4YUZJMlNuSlBkRkJFTm1OS1ptRlRNbE5hVFVsS1VrWjVUZz09fDF8MW8yZG9qcnlxdmp5YmMxMSI%3D.PT4u5LCdVCJbtjsN9XTDrdGS1ghyjwfXsI7Aq0aai00%3D",
  "DETAIL_URL": "https://b24-ar17wx.bitrix24.by/docs/file/New folder 2/New file name.jpg"
 },
 "time": {
  "start": 1728140768.66783,
  "finish": 1728140768.73505,
  "duration": 0.0672178268432617,
  "processing": 0.0403680801391602,
  "date_start": "2024-10-05T18:06:08+03:00",
  "date_finish": "2024-10-05T18:06:08+03:00",
  "operating_reset_at": 1728141368,
  "operating": 0
 }
}
