{
 "result": {
  "ID": "57480",
  "NAME": "New catalog",
  "CODE": null,
  "STORAGE_ID": "3",
  "TYPE": "folder",
  "REAL_OBJECT_ID": "57480",
  "PARENT_ID": "3",
  "DELETED_TYPE": "3",
  "CREATE_TIME": "2026-05-25T14:13:17+00:00",
  "UPDATE_TIME": "2026-05-25T14:13:34+00:00",
  "DELETE_TIME": "2026-05-25T14:13:42+00:00",
  "CREATED_BY": "1",
  "UPDATED_BY": "1",
  "DELETED_BY": "1",
  "DETAIL_URL": "https://b24-ar17wx.bitrix24.by/docs/path/New catalog"
 },
 "time": {
  "start": 1779718423,
  "finish": 1779718423.09725,
  "duration": 0.0972530841827392,
  "processing": 0,
  "date_start": "2026-05-25T14:13:43+00:00",
  "date_finish": "2026-05-25T14:13:43+00:00",
  "operating_reset_at": 1779719023,
  "operating": 0
 }
}
