 {
 "result": {
  "ID": "12582",
  "NAME": "New catalog",
  "CODE": null,
  "STORAGE_ID": "3",
  "TYPE": "folder",
  "REAL_OBJECT_ID": "12582",
  "PARENT_ID": "3",
  "DELETED_TYPE": 3,
  "CREATE_TIME": "2024-10-09T09:20:23+03:00",
  "UPDATE_TIME": "2024-10-09T09:20:28+03:00",
  "DELETE_TIME": "2024-10-09T09:20:29+03:00",
  "CREATED_BY": "1",
  "UPDATED_BY": "1",
  "DELETED_BY": "1",
  "DETAIL_URL": "https://b24-ar17wx.bitrix24.by/docs/path/New catalog"
 },
 "time": {
  "start": 1728454829.64051,
  "finish": 1728454829.70746,
  "duration": 0.0669481754302978,
  "processing": 0.0378179550170898,
  "date_start": "2024-10-09T09:20:29+03:00",
  "date_finish": "2024-10-09T09:20:29+03:00",
  "operating_reset_at": 1728455429,
  "operating": 0
 }
}
