 {
 "result": {
  "ID": "12396",
  "NAME": "New file name.jpg",
  "CODE": null,
  "STORAGE_ID": "3",
  "TYPE": "file",
  "PARENT_ID": 12404,
  "DELETED_TYPE": "0",
  "GLOBAL_CONTENT_VERSION": "1",
  "FILE_ID": "8546",
  "SIZE": "805189",
  "CREATE_TIME": "2024-10-07T22:25:16+03:00",
  "UPDATE_TIME": "2024-10-07T22:25:37+03:00",
  "DELETE_TIME": "2024-10-07T22:25:36+03:00",
  "CREATED_BY": "1",
  "UPDATED_BY": "1",
  "DELETED_BY": "1",
  "DOWNLOAD_URL": "https://b24-ar17wx.bitrix24.by/rest/1/1o2dojryqvjybc11/download/?token=disk%7CaWQ9MTIzOTYmXz0wblRSSXRXRFg3eHAxSGlqV2RJQmpCQndwYUIzNm5IWg%3D%3D%7CImRvd25sb2FkfGRpc2t8YVdROU1USXpPVFltWHowd2JsUlNTWFJYUkZnM2VIQXhTR2xxVjJSSlFtcENRbmR3WVVJek5tNUlXZz09fDF8MW8yZG9qcnlxdmp5YmMxMSI%3D.z36zCKDG%2FQdYj7r7CAgXPF2krjZefvKaIg%2BsUoeiw%2Bw%3D",
  "DETAIL_URL": "https://b24-ar17wx.bitrix24.by/docs/file/New catalog/New subfolder 2/New file name.jpg"
 },
 "time": {
  "start": 1728329138.40568,
  "finish": 1728329138.45385,
  "duration": 0.0481688976287842,
  "processing": 0.0225708484649658,
  "date_start": "2024-10-07T22:25:38+03:00",
  "date_finish": "2024-10-07T22:25:38+03:00",
  "operating_reset_at": 1728329738,
  "operating": 0
 }
}
