{
 "result": {
  "ID": "64784",
  "NAME": "New file name.jpg",
  "CODE": null,
  "STORAGE_ID": "3",
  "TYPE": "file",
  "PARENT_ID": 64794,
  "DELETED_TYPE": "0",
  "GLOBAL_CONTENT_VERSION": "1",
  "FILE_ID": "45004",
  "SIZE": "805189",
  "CREATE_TIME": "2026-07-19T17:10:56+00:00",
  "UPDATE_TIME": "2026-07-19T17:11:26+00:00",
  "DELETE_TIME": "2026-07-19T17:11:24+00:00",
  "CREATED_BY": "1",
  "UPDATED_BY": "1",
  "DELETED_BY": "1",
  "DOWNLOAD_URL": "https://b24-ar17wx.bitrix24.by/rest/download.json?auth=0b125d6a006e9f06006b12e400000001000007d3bc91325bdeb17dc342517873bbba22&token=disk%7CaWQ9NjQ3ODQmXz00anpjSk53VjRUeWQ3RUJINGZQa3FudXBZSDczTnZJVA%3D%3D%7CImRvd25sb2FkfGRpc2t8YVdROU5qUTNPRFFtWHowMGFucGpTazUzVmpSVWVXUTNSVUpJTkdaUWEzRnVkWEJaU0RjelRuWkpWQT09fDBiMTI1ZDZhMDA2ZTlmMDYwMDZiMTJlNDAwMDAwMDAxMDAwMDA3ZDNiYzkxMzI1YmRlYjE3ZGMzNDI1MTc4NzNiYmJhMjIi.MP490KZNxTL2Q%2FUEbJCEQ%2BXJT1%2B5AaNWcjiBANJvAGE%3D",
  "DETAIL_URL": "https://b24-ar17wx.bitrix24.by/docs/file/New catalog/New subfolder/New file name.jpg"
 },
 "time": {
  "start": 1784481095,
  "finish": 1784481095.71316,
  "duration": 0.713160037994385,
  "processing": 0,
  "date_start": "2026-07-19T17:11:35+00:00",
  "date_finish": "2026-07-19T17:11:35+00:00",
  "operating_reset_at": 1784481695,
  "operating": 0
 }
}
