 {
 "result": {
  "ID": "12586",
  "NAME": "New subfolder",
  "CODE": null,
  "STORAGE_ID": "3",
  "TYPE": "folder",
  "REAL_OBJECT_ID": "12586",
  "PARENT_ID": 12580,
  "DELETED_TYPE": "0",
  "CREATE_TIME": "2024-10-09T09:20:24+03:00",
  "UPDATE_TIME": "2024-10-09T09:20:25+03:00",
  "DELETE_TIME": null,
  "CREATED_BY": "1",
  "UPDATED_BY": "1",
  "DELETED_BY": "0",
  "DETAIL_URL": "https://b24-ar17wx.bitrix24.by/docs/path/New folder 2/New subfolder"
 },
 "time": {
  "start": 1728454829.37884,
  "finish": 1728454829.45166,
  "duration": 0.0728268623352051,
  "processing": 0.0446360111236572,
  "date_start": "2024-10-09T09:20:29+03:00",
  "date_finish": "2024-10-09T09:20:29+03:00",
  "operating_reset_at": 1728455429,
  "operating": 0
 }
}
