 {
 "result": {
  "ID": "12100",
  "NAME": "New folder 2",
  "CODE": null,
  "STORAGE_ID": "3",
  "TYPE": "folder",
  "REAL_OBJECT_ID": "12100",
  "PARENT_ID": "3",
  "DELETED_TYPE": "0",
  "CREATE_TIME": "2024-10-05T18:06:04+03:00",
  "UPDATE_TIME": "2024-10-05T18:06:04+03:00",
  "DELETE_TIME": null,
  "CREATED_BY": "1",
  "UPDATED_BY": "1",
  "DELETED_BY": "0",
  "DETAIL_URL": "https://b24-ar17wx.bitrix24.by/docs/path/New folder 2"
 },
 "time": {
  "start": 1728140764.65721,
  "finish": 1728140764.69414,
  "duration": 0.036931037902832,
  "processing": 0.00969505310058594,
  "date_start": "2024-10-05T18:06:04+03:00",
  "date_finish": "2024-10-05T18:06:04+03:00",
  "operating_reset_at": 1728141364,
  "operating": 0
 }
}
