{
 "result": {
  "ID": "62258",
  "NAME": "New catalog",
  "CODE": null,
  "STORAGE_ID": "3",
  "TYPE": "folder",
  "REAL_OBJECT_ID": "62258",
  "PARENT_ID": "3",
  "DELETED_TYPE": "0",
  "CREATE_TIME": "2026-06-18T17:43:45+00:00",
  "UPDATE_TIME": "2026-06-18T17:43:45+00:00",
  "DELETE_TIME": null,
  "CREATED_BY": "1",
  "UPDATED_BY": "1",
  "DELETED_BY": "0",
  "DETAIL_URL": "https://b24-ar17wx.bitrix24.by/docs/path/New catalog"
 },
 "time": {
  "start": 1781804626,
  "finish": 1781804626.3331,
  "duration": 0.333098888397217,
  "processing": 0,
  "date_start": "2026-06-18T17:43:46+00:00",
  "date_finish": "2026-06-18T17:43:46+00:00",
  "operating_reset_at": 1781805226,
  "operating": 0
 }
}
