{
 "result": {
  "ID": "57798",
  "NAME": "New file name.jpg",
  "CODE": null,
  "STORAGE_ID": "3",
  "TYPE": "file",
  "PARENT_ID": "3",
  "DELETED_TYPE": "0",
  "GLOBAL_CONTENT_VERSION": "1",
  "FILE_ID": "39850",
  "SIZE": "805189",
  "CREATE_TIME": "2026-05-26T14:11:41+00:00",
  "UPDATE_TIME": "2026-05-26T14:12:08+00:00",
  "DELETE_TIME": null,
  "CREATED_BY": "1",
  "UPDATED_BY": "1",
  "DELETED_BY": "0",
  "DOWNLOAD_URL": "https://b24-ar17wx.bitrix24.by/rest/download.json?auth=c2b7156a006e9f06006b12e400000001000007145daa5...",
  "DETAIL_URL": "https://b24-ar17wx.bitrix24.by/docs/file/New file name.jpg"
 },
 "time": {
  "start": 1779804728,
  "finish": 1779804728.21312,
  "duration": 0.213119983673096,
  "processing": 0,
  "date_start": "2026-05-26T14:12:08+00:00",
  "date_finish": "2026-05-26T14:12:08+00:00",
  "operating_reset_at": 1779805328,
  "operating": 0
 }
}
