 {
 "result": {
  "ID": "12516",
  "NAME": "New file name.jpg",
  "CODE": null,
  "STORAGE_ID": "3",
  "TYPE": "file",
  "PARENT_ID": "3",
  "DELETED_TYPE": 0,
  "GLOBAL_CONTENT_VERSION": "1",
  "FILE_ID": "8626",
  "SIZE": "805189",
  "CREATE_TIME": "2024-10-08T21:37:41+03:00",
  "UPDATE_TIME": "2024-10-08T21:38:02+03:00",
  "DELETE_TIME": "2024-10-08T21:38:01+03:00",
  "CREATED_BY": "1",
  "UPDATED_BY": "1",
  "DELETED_BY": "1",
  "DOWNLOAD_URL": "https://b24-ar17wx.bitrix24.by/rest/1/1o2dojryqvjybc11/download/?token=disk%7CaWQ9MTI1MTYmXz1MZ05XUkZnckNOSHRtS08zVnc2VThFTzY1b0RaVFg3WA%3D%3D%7CImRvd25sb2FkfGRpc2t8YVdROU1USTFNVFltWHoxTVowNVhVa1puY2tOT1NIUnRTMDh6Vm5jMlZUaEZUelkxYjBSYVZGZzNXQT09fDF8MW8yZG9qcnlxdmp5YmMxMSI%3D.W9j96H0z42DwDJAhRk0QaMfZxuMezgoJrA7ij%2B1yiFs%3D",
  "DETAIL_URL": "https://b24-ar17wx.bitrix24.by/docs/file/New file name.jpg"
 },
 "time": {
  "start": 1728412682.10595,
  "finish": 1728412682.17683,
  "duration": 0.0708777904510498,
  "processing": 0.0432560443878174,
  "date_start": "2024-10-08T21:38:02+03:00",
  "date_finish": "2024-10-08T21:38:02+03:00",
  "operating_reset_at": 1728413282,
  "operating": 0
 }
}
