{
 "result": {
  "ID": "57804",
  "NAME": "New catalog",
  "CODE": null,
  "STORAGE_ID": "3",
  "TYPE": "folder",
  "REAL_OBJECT_ID": "57804",
  "PARENT_ID": "3",
  "DELETED_TYPE": "0",
  "CREATE_TIME": "2026-05-26T14:12:13+00:00",
  "UPDATE_TIME": "2026-05-26T14:12:38+00:00",
  "DELETE_TIME": "2026-05-26T14:12:37+00:00",
  "CREATED_BY": "1",
  "UPDATED_BY": "1",
  "DELETED_BY": "1",
  "DETAIL_URL": "https://b24-ar17wx.bitrix24.by/docs/path/New catalog"
 },
 "time": {
  "start": 1779804759,
  "finish": 1779804759.80492,
  "duration": 0.804919004440308,
  "processing": 0,
  "date_start": "2026-05-26T14:12:39+00:00",
  "date_finish": "2026-05-26T14:12:39+00:00",
  "operating_reset_at": 1779805359,
  "operating": 0
 }
}
