{
 "result": {
  "ID": "57474",
  "NAME": "New file name.jpg",
  "CODE": null,
  "STORAGE_ID": "3",
  "TYPE": "file",
  "PARENT_ID": "3",
  "DELETED_TYPE": "0",
  "GLOBAL_CONTENT_VERSION": "1",
  "FILE_ID": "39618",
  "SIZE": "805189",
  "CREATE_TIME": "2026-05-25T14:12:45+00:00",
  "UPDATE_TIME": "2026-05-25T14:13:15+00:00",
  "DELETE_TIME": "2026-05-25T14:13:13+00:00",
  "CREATED_BY": "1",
  "UPDATED_BY": "1",
  "DELETED_BY": "1",
  "DOWNLOAD_URL": "https://b24-ar17wx.bitrix24.by/rest/download.json?auth=7266146a006e9f06006b12e4000000010000078a8cb44...",
  "DETAIL_URL": "https://b24-ar17wx.bitrix24.by/docs/file/New file name.jpg"
 },
 "time": {
  "start": 1779718396,
  "finish": 1779718396.26429,
  "duration": 0.264288902282715,
  "processing": 0,
  "date_start": "2026-05-25T14:13:16+00:00",
  "date_finish": "2026-05-25T14:13:16+00:00",
  "operating_reset_at": 1779718996,
  "operating": 0
 }
}
