 {
 "result": {
  "ID": "12102",
  "NAME": "New catalog",
  "CODE": null,
  "STORAGE_ID": "3",
  "TYPE": "folder",
  "REAL_OBJECT_ID": "12102",
  "PARENT_ID": "3",
  "DELETED_TYPE": 0,
  "CREATE_TIME": "2024-10-05T18:06:04+03:00",
  "UPDATE_TIME": "2024-10-05T18:06:09+03:00",
  "DELETE_TIME": "2024-10-05T18:06:09+03:00",
  "CREATED_BY": "1",
  "UPDATED_BY": "1",
  "DELETED_BY": "1",
  "DETAIL_URL": "https://b24-ar17wx.bitrix24.by/docs/path/New catalog"
 },
 "time": {
  "start": 1728140769.9527,
  "finish": 1728140770.01449,
  "duration": 0.0617990493774414,
  "processing": 0.0352671146392822,
  "date_start": "2024-10-05T18:06:09+03:00",
  "date_finish": "2024-10-05T18:06:10+03:00",
  "operating_reset_at": 1728141369,
  "operating": 0
 }
}
