 {
 "result": {
  "FILES": {
   "upload12552": {
    "id": 12552,
    "chatId": 982,
    "date": {},
    "type": "file",
    "name": "Imortant doc.docx",
    "extension": "docx",
    "size": 24071,
    "image": false,
    "status": "done",
    "progress": 100,
    "authorId": 1,
    "authorName": "Антон Титовец",
    "urlPreview": "",
    "urlShow": "/bitrix/services/main/ajax.php?action=disk.api.file.download&SITE_ID=s1&humanRE=1&fileId=12552&fileName=Imortant%20doc.docx",
    "urlDownload": "/bitrix/services/main/ajax.php?action=disk.api.file.download&SITE_ID=s1&humanRE=1&fileId=12552&fileName=Imortant%20doc.docx",
    "viewerAttrs": {
     "viewer": null,
     "viewerType": "cloud-document",
     "src": "/bitrix/services/main/ajax.php?action=disk.api.file.download&SITE_ID=s1&humanRE=1&fileId=12552&fileName=Imortant%20doc.docx",
     "viewerTypeClass": "BX.Messenger.Integration.Viewer.OnlyOfficeChatItem",
     "viewerSeparateItem": true,
     "viewerExtension": "im.integration.viewer",
     "objectId": "12552",
     "imChatId": 982,
     "title": "Imortant doc.docx",
     "actions": "[{\"type\":\"download\"},{\"type\":\"copyToMe\",\"text\":\"Сохранить на Битрикс24 Диск\",\"action\":\"BXIM.disk.saveToDiskAction\",\"params\":{\"fileId\":\"12552\"},\"extension\":\"disk.viewer.actions\",\"buttonIconClass\":\"ui-btn-icon-cloud\"}]"
    }
   }
  },
  "DISK_ID": [
   "12552"
  ],
  "FILE_MODELS": {
   "upload12552": {
    "id": 12552,
    "name": "Imortant doc.docx",
    "createTime": {},
    "updateTime": {},
    "deleteTime": null,
    "code": null,
    "xmlId": null,
    "storageId": 6,
    "realObjectId": 12552,
    "parentId": 12548,
    "deletedType": 0,
    "createdBy": "1",
    "updatedBy": "1",
    "deletedBy": "0",
    "typeFile": 4,
    "globalContentVersion": 2,
    "fileId": 8646,
    "size": 24071,
    "etag": "ec5007948b45f0b6d2cabcaa4e2a80b4",
    "links": {
     "download": "/bitrix/services/main/ajax.php?action=disk.file.download&SITE_ID=s1&fileId=12552",
     "showInGrid": "/bitrix/tools/disk/focus.php?objectId=12552&action=showObjectInGrid&ncc=1"
    }
   }
  },
  "MESSAGE_ID": 17684
 },
 "time": {
  "start": 1728412768.44554,
  "finish": 1728412768.55359,
  "duration": 0.108043909072876,
  "processing": 0.0818450450897217,
  "date_start": "2024-10-08T21:39:28+03:00",
  "date_finish": "2024-10-08T21:39:28+03:00",
  "operating_reset_at": 1728413368,
  "operating": 0
 }
}
