{
 "result": {
  "FILES": {
   "upload64708": {
    "id": 64708,
    "chatId": "***",
    "date": {},
    "type": "file",
    "name": "Imortant doc.docx",
    "extension": "docx",
    "size": 24071,
    "image": false,
    "status": "done",
    "progress": 100,
    "authorId": 1,
    "authorName": "Антон Титовец",
    "urlPreview": "",
    "urlShow": "https://b24-ar17wx.bitrix24.by/bitrix/services/main/ajax.php?action=disk.api.file.download&SITE_ID=s1&humanRE=1&fileId=64708&exact=N&fileName=Imortant%20doc.docx",
    "urlDownload": "https://b24-ar17wx.bitrix24.by/bitrix/services/main/ajax.php?action=disk.api.file.download&SITE_ID=s1&humanRE=1&fileId=64708&exact=N&fileName=Imortant%20doc.docx",
    "viewerAttrs": {
     "viewer": "",
     "viewerType": "cloud-document",
     "src": "https://b24-ar17wx.bitrix24.by/bitrix/services/main/ajax.php?action=disk.api.file.download&SITE_ID=s1&humanRE=1&fileId=64708&exact=N&fileName=Imortant%20doc.docx",
     "viewerTypeClass": "BX.Disk.Viewer.UnifiedLinkItem",
     "viewerSeparateItem": true,
     "viewerExtension": "disk.viewer.unified-link-item",
     "objectId": "64708",
     "imChatId": "***",
     "title": "Imortant doc.docx",
     "unifiedLink": "https://b24-ar17wx.bitrix24.by/doc/2Cb0peBaUrRGUZS7iL1T",
     "actions": "[{\"type\":\"download\"},{\"type\":\"copyToMe\",\"text\":\"Сохранить на Диск\",\"action\":\"BXIM.disk.saveToDiskAction\",\"params\":{\"fileId\":\"64708\"},\"extension\":\"disk.viewer.actions\",\"buttonIconClass\":\"ui-btn-icon-cloud\"}]"
    },
    "mediaUrl": {
     "preview": {
      "250": ""
     }
    },
    "isTranscribable": false,
    "isVideoNote": false,
    "isVoiceNote": false
   }
  },
  "DISK_ID": [
   "64708"
  ],
  "FILE_MODELS": {
   "upload64708": {
    "id": 64708,
    "name": "Imortant doc.docx",
    "createTime": {},
    "updateTime": {},
    "deleteTime": null,
    "code": null,
    "xmlId": null,
    "storageId": 6,
    "realObjectId": 64708,
    "parentId": 64704,
    "deletedType": 0,
    "createdBy": "1",
    "updatedBy": "1",
    "deletedBy": "0",
    "uniqueCode": "2Cb0peBaUrRGUZS7iL1T",
    "typeFile": 4,
    "globalContentVersion": 2,
    "fileId": 44948,
    "size": 24071,
    "etag": "80ff52d29cbd13657e418d922d559a0c",
    "links": {
     "download": "/bitrix/services/main/ajax.php?action=disk.file.download&SITE_ID=s1&fileId=64708&_uls=1bf1b4a2aed823cc45e0843f2d4fb4b495a21fdd93251e4d2e548fc3319210ca",
     "showInGrid": "/bitrix/tools/disk/focus.php?objectId=64708&action=showObjectInGrid&ncc=1"
    }
   }
  },
  "MESSAGE_ID": 112904
 },
 "time": {
  "start": 1784478997,
  "finish": 1784478997.52403,
  "duration": 0.524032115936279,
  "processing": 0,
  "date_start": "2026-07-19T16:36:37+00:00",
  "date_finish": "2026-07-19T16:36:37+00:00",
  "operating_reset_at": 1784479597,
  "operating": 0
 }
}
