 {
 "result": {
  "task": {
   "id": "1234",
   "title": "Another task title",
   "description": "Another task description",
   "descriptionInBbcode": "Y",
   "declineReason": "",
   "priority": "1",
   "notViewed": "N",
   "statusComplete": "1",
   "multitask": "N",
   "stageId": "0",
   "responsibleId": "84",
   "responsibleName": "Олег",
   "responsibleLastName": "Лама",
   "responsibleSecondName": null,
   "responsibleLogin": "fdd97ea5-b76d-4454-bcfe-beb150990b84@exepmple.org",
   "responsibleWorkPosition": null,
   "responsiblePhoto": null,
   "dateStart": "2024-08-13T17:24:54+00:00",
   "durationFact": null,
   "timeEstimate": "0",
   "timeSpentInLogs": null,
   "replicate": "N",
   "deadline": "2024-08-14T17:24:00+00:00",
   "deadlineOrig": "14.08.2024 20:24:00",
   "startDatePlan": "2024-08-13T17:24:29+00:00",
   "endDatePlan": "2024-08-13T21:00:00+00:00",
   "createdBy": "1",
   "createdByName": "Антон",
   "createdByLastName": "Титовец",
   "createdBySecondName": null,
   "createdByLogin": "VKuser657846756",
   "createdByWorkPosition": null,
   "createdByPhoto": "30",
   "createdDate": "2024-08-13T17:24:29+00:00",
   "changedBy": "1",
   "changedDate": "2024-08-13T17:24:54+00:00",
   "statusChangedBy": "1",
   "closedBy": "0",
   "closedDate": null,
   "activityDate": "2024-08-13T17:24:53+00:00",
   "guid": "{c8d7fea7-b57d-488e-a953-d0c448f5a830}",
   "xmlId": null,
   "mark": null,
   "allowChangeDeadline": "N",
   "allowTimeTracking": "N",
   "matchWorkTime": "N",
   "taskControl": "N",
   "addInReport": "N",
   "forumTopicId": "960",
   "parentId": null,
   "commentsCount": "3",
   "serviceCommentsCount": "3",
   "forumId": "11",
   "siteId": "s1",
   "subordinate": "N",
   "exchangeModified": null,
   "exchangeId": null,
   "outlookVersion": "8",
   "viewedDate": "2024-08-13T17:24:53+00:00",
   "deadlineCounted": "0",
   "forkedByTemplateId": null,
   "sorting": null,
   "durationPlanSeconds": null,
   "durationTypeAll": "days",
   "scenarioName": [
    "default"
   ],
   "isRegular": "N",
   "flowId": null,
   "isMuted": "N",
   "isPinned": "N",
   "isPinnedInGroup": "N",
   "ufCrmTask": false,
   "ufTaskWebdavFiles": false,
   "ufMailMessage": null,
   "status": "3",
   "statusChangedDate": "2024-08-13T17:24:54+00:00",
   "durationPlan": null,
   "durationType": "days",
   "favorite": "N",
   "groupId": "0",
   "auditors": [
    "1"
   ],
   "accomplices": [],
   "tags": [],
   "checklist": [],
   "files": [],
   "dependsOn": [],
   "group": [],
   "creator": {
    "id": "1",
    "name": "Антон Титовец",
    "link": "/company/personal/user/1/",
    "icon": "https://b24-ar17wx.bitrix24.by/b28528874/resize_cache/30/c0120a8d7c10d63c83e32398d1ec4d9e/main/d7e/d7e99cf556e4ab676463dae2c00ddfbb/a7e0af6899300e3c684caeca5c334d81.jpg",
    "workPosition": null
   },
   "responsible": {
    "id": "84",
    "name": "Олег Лама",
    "link": "/company/personal/user/84/",
    "icon": "/bitrix/images/tasks/default_avatar.png",
    "workPosition": null
   },
   "accomplicesData": [],
   "auditorsData": {
    "1": {
     "id": "1",
     "name": "Антон Титовец",
     "link": "/company/personal/user/1/",
     "icon": "https://b24-ar17wx.bitrix24.by/b28528874/resize_cache/30/c0120a8d7c10d63c83e32398d1ec4d9e/main/d7e/d7e99cf556e4ab676463dae2c00ddfbb/a7e0af6899300e3c684caeca5c334d81.jpg",
     "workPosition": null
    }
   },
   "newCommentsCount": 0,
   "action": {
    "accept": false,
    "decline": false,
    "complete": true,
    "approve": false,
    "disapprove": false,
    "start": false,
    "pause": true,
    "delegate": true,
    "remove": true,
    "edit": true,
    "defer": false,
    "renew": false,
    "create": true,
    "changeDeadline": true,
    "checklistAddItems": true,
    "addFavorite": true,
    "deleteFavorite": false,
    "rate": true,
    "edit.originator": false,
    "checklist.reorder": true,
    "elapsedtime.add": true,
    "dayplan.timer.toggle": false,
    "edit.plan": true,
    "checklist.add": true,
    "favorite.add": true,
    "favorite.delete": false
   },
   "checkListTree": {
    "nodeId": 0,
    "fields": {
     "id": null,
     "copiedId": null,
     "entityId": null,
     "userId": 1,
     "createdBy": null,
     "parentId": null,
     "title": "",
     "sortIndex": null,
     "displaySortIndex": "",
     "isComplete": false,
     "isImportant": false,
     "completedCount": 0,
     "members": [],
     "attachments": []
    },
    "action": [],
    "descendants": []
   },
   "checkListCanAdd": true
  }
 },
 "time": {
  "start": 1723569896.33132,
  "finish": 1723569896.39306,
  "duration": 0.0617411136627197,
  "processing": 0.0342769622802734,
  "date_start": "2024-08-13T17:24:56+00:00",
  "date_finish": "2024-08-13T17:24:56+00:00",
  "operating_reset_at": 1723570496,
  "operating": 0
 }
}
