{
 "result": {
  "task": {
   "id": "8252",
   "parentId": null,
   "title": "Another task title",
   "description": "Another task description",
   "mark": null,
   "priority": "1",
   "multitask": "N",
   "notViewed": "N",
   "replicate": "N",
   "stageId": "0",
   "sprintId": null,
   "backlogId": null,
   "createdBy": "1",
   "createdDate": "2025-10-09T21:10:14+00:00",
   "responsibleId": "2770",
   "changedBy": "1",
   "changedDate": "2025-10-09T21:10:36+00:00",
   "statusChangedBy": "1",
   "closedBy": "0",
   "closedDate": null,
   "activityDate": "2025-10-09T21:10:33+00:00",
   "dateStart": "2025-10-09T21:10:35+00:00",
   "deadline": "2025-10-10T21:10:00+00:00",
   "startDatePlan": "2025-10-09T21:10:14+00:00",
   "endDatePlan": "2025-10-10T21:00:00+00:00",
   "guid": "{e6b0195f-cc21-41c0-a292-d4c5d110cb18}",
   "xmlId": null,
   "commentsCount": "3",
   "serviceCommentsCount": "3",
   "allowChangeDeadline": "N",
   "allowTimeTracking": "N",
   "taskControl": "N",
   "addInReport": "N",
   "forkedByTemplateId": null,
   "timeEstimate": "0",
   "timeSpentInLogs": null,
   "matchWorkTime": "N",
   "forumTopicId": "5356",
   "forumId": "11",
   "siteId": "s1",
   "subordinate": "Y",
   "exchangeModified": null,
   "exchangeId": null,
   "outlookVersion": "9",
   "viewedDate": "2025-10-09T21:10:33+00:00",
   "sorting": null,
   "durationFact": null,
   "isMuted": "N",
   "isPinned": "N",
   "isPinnedInGroup": "N",
   "flowId": null,
   "descriptionInBbcode": "Y",
   "status": "3",
   "statusChangedDate": "2025-10-09T21:10:35+00:00",
   "durationPlan": null,
   "durationType": "days",
   "favorite": "N",
   "groupId": "0",
   "auditors": [],
   "accomplices": [],
   "checklist": [],
   "group": [],
   "creator": {
    "id": "1",
    "name": "Антон Титовец",
    "link": "/company/personal/user/1/",
    "icon": "https://b24-ar17wx.bitrix24.by/b28528874/resize_cache/30/c0120a8d7c10d63c83e32398d1ec4d9e/main/d7e/d7e99cf556e4ab676463dae2c00ddfbb/a7e0af6899300e3c684caeca5c334d81.jpg",
    "workPosition": null
   },
   "responsible": {
    "id": "2770",
    "name": "Oleg Lama",
    "link": "/company/personal/user/2770/",
    "icon": "/bitrix/images/tasks/default_avatar.png",
    "workPosition": null
   },
   "accomplicesData": [],
   "auditorsData": [],
   "newCommentsCount": 0,
   "action": {
    "accept": false,
    "decline": false,
    "complete": true,
    "approve": false,
    "disapprove": false,
    "start": false,
    "pause": true,
    "delegate": true,
    "remove": true,
    "edit": true,
    "defer": false,
    "renew": false,
    "create": true,
    "changeDeadline": true,
    "checklistAddItems": true,
    "addFavorite": true,
    "deleteFavorite": false,
    "rate": true,
    "take": false,
    "edit.originator": false,
    "checklist.reorder": true,
    "elapsedtime.add": true,
    "dayplan.timer.toggle": false,
    "edit.plan": true,
    "checklist.add": true,
    "favorite.add": true,
    "favorite.delete": false
   },
   "checkListTree": {
    "nodeId": 0,
    "fields": {
     "id": null,
     "copiedId": null,
     "entityId": null,
     "userId": 1,
     "createdBy": null,
     "parentId": null,
     "title": "",
     "sortIndex": null,
     "displaySortIndex": "",
     "isComplete": false,
     "isImportant": false,
     "completedCount": 0,
     "members": [],
     "attachments": [],
     "nodeId": null
    },
    "action": [],
    "descendants": []
   },
   "checkListCanAdd": true
  }
 },
 "time": {
  "start": 1760044236,
  "finish": 1760044236.78381,
  "duration": 0.783812046051025,
  "processing": 0,
  "date_start": "2025-10-09T21:10:36+00:00",
  "date_finish": "2025-10-09T21:10:36+00:00",
  "operating_reset_at": 1760044836,
  "operating": 0.176153898239136
 }
}
