{
 "result": {
  "task": {
   "id": "7916",
   "parentId": null,
   "title": "Another task title",
   "description": "Another task description",
   "mark": null,
   "priority": "1",
   "multitask": "N",
   "notViewed": "N",
   "replicate": "N",
   "stageId": "0",
   "sprintId": null,
   "backlogId": null,
   "createdBy": "1",
   "createdDate": "2025-09-15T09:44:26+03:00",
   "responsibleId": "1",
   "changedBy": "1",
   "changedDate": "2025-09-15T09:44:30+03:00",
   "statusChangedBy": null,
   "closedBy": null,
   "closedDate": null,
   "activityDate": "2025-09-15T09:44:26+03:00",
   "dateStart": null,
   "deadline": "2025-09-16T12:44:00+03:00",
   "startDatePlan": "2025-09-15T09:44:26+03:00",
   "endDatePlan": "2025-09-16T00:00:00+03:00",
   "guid": "{1cd0cdfc-ceac-4a82-b025-168d37933fe6}",
   "xmlId": null,
   "commentsCount": null,
   "serviceCommentsCount": null,
   "allowChangeDeadline": "N",
   "allowTimeTracking": "N",
   "taskControl": "N",
   "addInReport": "N",
   "forkedByTemplateId": null,
   "timeEstimate": "0",
   "timeSpentInLogs": null,
   "matchWorkTime": "N",
   "forumTopicId": null,
   "forumId": null,
   "siteId": "s1",
   "subordinate": "Y",
   "exchangeModified": null,
   "exchangeId": null,
   "outlookVersion": "3",
   "viewedDate": null,
   "sorting": null,
   "durationFact": null,
   "isMuted": "N",
   "isPinned": "N",
   "isPinnedInGroup": "N",
   "flowId": null,
   "descriptionInBbcode": "Y",
   "status": "2",
   "statusChangedDate": "2025-09-15T09:44:30+03:00",
   "durationPlan": null,
   "durationType": "days",
   "favorite": "N",
   "groupId": "0",
   "auditors": [],
   "accomplices": [],
   "checklist": [],
   "group": [],
   "creator": {
    "id": "1",
    "name": "Антон Титовец",
    "link": "/company/personal/user/1/",
    "icon": "https://b24-ar17wx.bitrix24.by/b28528874/resize_cache/30/c0120a8d7c10d63c83e32398d1ec4d9e/main/d7e/d7e99cf556e4ab676463dae2c00ddfbb/a7e0af6899300e3c684caeca5c334d81.jpg",
    "workPosition": null
   },
   "responsible": {
    "id": "1",
    "name": "Антон Титовец",
    "link": "/company/personal/user/1/",
    "icon": "https://b24-ar17wx.bitrix24.by/b28528874/resize_cache/30/c0120a8d7c10d63c83e32398d1ec4d9e/main/d7e/d7e99cf556e4ab676463dae2c00ddfbb/a7e0af6899300e3c684caeca5c334d81.jpg",
    "workPosition": null
   },
   "accomplicesData": [],
   "auditorsData": [],
   "newCommentsCount": 0,
   "action": {
    "accept": false,
    "decline": false,
    "complete": true,
    "approve": false,
    "disapprove": false,
    "start": true,
    "pause": false,
    "delegate": true,
    "remove": true,
    "edit": true,
    "defer": true,
    "renew": false,
    "create": true,
    "changeDeadline": true,
    "checklistAddItems": true,
    "addFavorite": true,
    "deleteFavorite": false,
    "rate": true,
    "take": false,
    "edit.originator": false,
    "checklist.reorder": true,
    "elapsedtime.add": true,
    "dayplan.timer.toggle": false,
    "edit.plan": true,
    "checklist.add": true,
    "favorite.add": true,
    "favorite.delete": false
   },
   "checkListTree": {
    "nodeId": 0,
    "fields": {
     "id": null,
     "copiedId": null,
     "entityId": null,
     "userId": 1,
     "createdBy": null,
     "parentId": null,
     "title": "",
     "sortIndex": null,
     "displaySortIndex": "",
     "isComplete": false,
     "isImportant": false,
     "completedCount": 0,
     "members": [],
     "attachments": [],
     "nodeId": null
    },
    "action": [],
    "descendants": []
   },
   "checkListCanAdd": true
  }
 },
 "time": {
  "start": 1757918670.1143,
  "finish": 1757918670.47578,
  "duration": 0.361489057540894,
  "processing": 0.327623128890991,
  "date_start": "2025-09-15T09:44:30+03:00",
  "date_finish": "2025-09-15T09:44:30+03:00",
  "operating_reset_at": 1757919270,
  "operating": 0.327603101730347
 }
}
