{
 "result": {
  "ID": 57690,
  "NAME": "Picture1.jpg",
  "CODE": null,
  "STORAGE_ID": "3",
  "TYPE": "file",
  "PARENT_ID": "3",
  "DELETED_TYPE": 0,
  "GLOBAL_CONTENT_VERSION": 1,
  "FILE_ID": 39774,
  "SIZE": "805189",
  "CREATE_TIME": "2026-05-26T15:20:10+03:00",
  "UPDATE_TIME": "2026-05-26T15:20:10+03:00",
  "DELETE_TIME": null,
  "CREATED_BY": "1",
  "UPDATED_BY": "1",
  "DELETED_BY": null,
  "DOWNLOAD_URL": "https://b24-ar17wx.bitrix24.by/rest/download.json?auth=b19d156a006e9f06006b12e4000000010000077558fef...",
  "DETAIL_URL": "https://b24-ar17wx.bitrix24.by/docs/file/Picture1.jpg"
 },
 "time": {
  "start": 1779798010,
  "finish": 1779798010.92569,
  "duration": 0.925688028335571,
  "processing": 0,
  "date_start": "2026-05-26T15:20:10+03:00",
  "date_finish": "2026-05-26T15:20:10+03:00",
  "operating_reset_at": 1779798610,
  "operating": 0.419554948806763
 }
}
