 {
 "result": {
  "ID": 12574,
  "NAME": "Picture2.jpg",
  "CODE": null,
  "STORAGE_ID": "3",
  "TYPE": "file",
  "PARENT_ID": "3",
  "DELETED_TYPE": 0,
  "GLOBAL_CONTENT_VERSION": 1,
  "FILE_ID": 8664,
  "SIZE": "2114023",
  "CREATE_TIME": "2024-10-09T09:20:01+03:00",
  "UPDATE_TIME": "2024-10-09T09:20:01+03:00",
  "DELETE_TIME": null,
  "CREATED_BY": "1",
  "UPDATED_BY": "1",
  "DELETED_BY": null,
  "DOWNLOAD_URL": "https://b24-ar17wx.bitrix24.by/rest/1/1o2dojryqvjybc11/download/?token=disk%7CaWQ9MTI1NzQmXz1ESVM5QXVudmViVkVkcWxZazUyNkNkMFdJZDdHTTQwSA%3D%3D%7CImRvd25sb2FkfGRpc2t8YVdROU1USTFOelFtWHoxRVNWTTVRWFZ1ZG1WaVZrVmtjV3haYXpVeU5rTmtNRmRKWkRkSFRUUXdTQT09fDF8MW8yZG9qcnlxdmp5YmMxMSI%3D.zbD%2Fv7x05GuLWkoVgo6UdTWDtraW%2BF6jzWTKntXzDG0%3D",
  "DETAIL_URL": "https://b24-ar17wx.bitrix24.by/docs/file/Picture2.jpg"
 },
 "time": {
  "start": 1728454801.11657,
  "finish": 1728454801.58184,
  "duration": 0.465262889862061,
  "processing": 0.439237117767334,
  "date_start": "2024-10-09T09:20:01+03:00",
  "date_finish": "2024-10-09T09:20:01+03:00",
  "operating_reset_at": 1728455401,
  "operating": 0.76941704750061
 }
}
