{
 "result": {
  "ID": 64694,
  "NAME": "Picture1.jpg",
  "CODE": null,
  "STORAGE_ID": "3",
  "TYPE": "file",
  "PARENT_ID": "64682",
  "DELETED_TYPE": 0,
  "GLOBAL_CONTENT_VERSION": 1,
  "FILE_ID": 44934,
  "SIZE": "805191",
  "CREATE_TIME": "2026-07-19T16:34:27+00:00",
  "UPDATE_TIME": "2026-07-19T16:34:27+00:00",
  "DELETE_TIME": null,
  "CREATED_BY": "1",
  "UPDATED_BY": "1",
  "DELETED_BY": null,
  "DOWNLOAD_URL": "https://b24-ar17wx.bitrix24.by/rest/download.json?auth=0f095d6a006e9f06006b12e400000001000007da882fe5686eee483634ed39875ced39&token=disk%7CaWQ9NjQ2OTQmXz16eEwxZUNKY0JxNG96azZmekRYQk5FT09TYzNIOG0ydQ%3D%3D%7CImRvd25sb2FkfGRpc2t8YVdROU5qUTJPVFFtWHoxNmVFd3haVU5LWTBKeE5HOTZhelptZWtSWVFrNUZUMDlUWXpOSU9HMHlkUT09fDBmMDk1ZDZhMDA2ZTlmMDYwMDZiMTJlNDAwMDAwMDAxMDAwMDA3ZGE4ODJmZTU2ODZlZWU0ODM2MzRlZDM5ODc1Y2VkMzki.xTeSs4DMiyVH1Et%2Bol2%2FWke4IZdEcgQqVu1eAZTBlWk%3D",
  "DETAIL_URL": "https://b24-ar17wx.bitrix24.by/docs/file/New catalog/Picture1.jpg"
 }
}
