"MAIN ---" 
	linux-vdso.so.1 (0x00007ffc67119000)
	libssl.so.3 => /lib64/libssl.so.3 (0x000073ab30400000)
	libcrypto.so.3 => /lib64/libcrypto.so.3 (0x000073ab2fc00000)
	libpthread.so.0 => /lib64/libpthread.so.0 (0x000073ab2f800000)
	libc.so.6 => /lib64/libc.so.6 (0x000073ab2f400000)
	libdl.so.2 => /lib64/libdl.so.2 (0x000073ab2f000000)
	/lib64/ld-linux-x86-64.so.2 (0x000073ab30800000)
	libz.so.1 => /lib64/libz.so.1 (0x000073ab2ec00000)
r2G.
DestroyObject
GetAttachType
GetClassNames
GetClassObject
SetPlatformCapabilities
memset
free
close
bcmp
memcpy
__errno_location
write
read
posix_memalign
malloc
realloc
calloc
setsockopt
memmove
OPENSSL_init_ssl
abort
syscall
sched_yield
memcmp
send
__tls_get_addr
__cxa_thread_atexit_impl
pthread_key_create
pthread_key_delete
pthread_setspecific
strlen
__xpg_strerror_r
nanosleep
open64
statx
lseek64
munmap
mmap64
realpath
readlink
getaddrinfo
gnu_get_libc_version
__res_init
gai_strerror
freeaddrinfo
recv
clock_gettime
getcwd
dl_iterate_phdr
getenv
socket
connect
time
strncpy
snprintf
EVP_MAC_fetch
EVP_MAC_CTX_new
EVP_MAC_free
OSSL_PARAM_construct_octet_string
OSSL_PARAM_construct_utf8_string
OSSL_PARAM_construct_end
EVP_MAC_init
EVP_MAC_update
EVP_MAC_final
EVP_MAC_CTX_free
RAND_bytes
CRYPTO_malloc
OSSL_PARAM_construct_BN
EVP_PKEY_CTX_new_id
EVP_PKEY_fromdata_init
EVP_PKEY_fromdata
CRYPTO_clear_free
EVP_PKEY_CTX_free
EVP_PKEY_CTX_new
EVP_sha256
EVP_sha512
EVP_sha1
EVP_PKEY_verify_init
EVP_PKEY_CTX_set_rsa_padding
EVP_PKEY_CTX_set_signature_md
EVP_PKEY_verify
EVP_MD_CTX_new
EVP_get_digestbyname
EVP_DigestInit
EVP_DigestUpdate
EVP_DigestFinal
EVP_MD_CTX_free
EVP_PKEY_get_int_param
strcmp
EC_curve_nid2nist
CRYPTO_zalloc
ECDSA_SIG_new
BN_new
BN_bin2bn
ECDSA_SIG_set0
i2d_ECDSA_SIG
CRYPTO_free
ECDSA_SIG_free
EVP_aes_128_gcm
EVP_aes_256_gcm
EVP_CIPHER_CTX_new
EVP_CipherInit
EVP_CIPHER_CTX_ctrl
EVP_Cipher
BIO_new_mem_buf
PEM_read_bio_PrivateKey
BIO_free
fopen
fclose
BIO_new_file
EVP_PKEY_keygen_init
EVP_PKEY_keygen
EVP_PKEY_get_raw_private_key
EVP_PKEY_get_raw_public_key
EVP_PKEY_free
EVP_PKEY_new_raw_private_key
EVP_PKEY_new_raw_public_key
EVP_PKEY_get_id
EVP_PKEY_get_bn_param
BN_num_bits
BN_clear_free
EVP_PKEY_sign_init
EVP_PKEY_sign
EVP_PKEY_get_size
d2i_ECDSA_SIG
ECDSA_SIG_get0
BN_bn2bin
EVP_PKEY_CTX_set_ec_paramgen_curve_nid
EVP_PKEY_get_octet_string_param
BN_CTX_new
EVP_PKEY_get_utf8_string_param
EVP_PKEY_derive_init
EVP_PKEY_derive_set_peer
EVP_PKEY_derive
EVP_DigestSignInit
EVP_DigestSign
BN_CTX_free
EVP_DigestVerifyInit
EVP_DigestVerify
BIO_ctrl
BN_rand
BN_mod_exp
stderr
fprintf
strncmp
strchr
memchr
BN_set_word
EVP_CIPHER_CTX_free
EVP_aes_256_ctr
EVP_aes_192_ctr
EVP_aes_128_ctr
EVP_aes_256_cbc
EVP_aes_192_cbc
EVP_aes_128_cbc
EVP_bf_cbc
EVP_rc4
EVP_cast5_cbc
EVP_des_ede3_cbc
fgets
poll
difftime
fcntl
strtol
strstr
__ctype_b_loc
feof
rewind
fread
fflush
pthread_rwlock_wrlock
pthread_rwlock_unlock
dladdr
dlsym
pthread_rwlock_rdlock
fwrite
__lxstat64
__fxstat64
__xstat64
__cxa_atexit
libssl.so.3
OPENSSL_3.0.0
libcrypto.so.3
libpthread.so.0
GLIBC_2.2.5
libc.so.6
GLIBC_2.3
GLIBC_2.3.4
GLIBC_2.14
GLIBC_2.17
libdl.so.2
ld-linux-x86-64.so.2
0E.gnu_debugaltlingent@openssh.com
alloc/src/fmt.rs
assertion `left ) when slicing `connection resetinvalid argumententity not found
invalid username
{invalid syntax}buffer too smallhost unreachable.debug_types.dwoalloc/src/str.rsinvalid passwordinvalid filenamessh-rsa-cert-v01range end index auth-agent@opens
             at 																PermissionDeniedStripPrefixError
~~~~~~~~~~~~~~~~
no storage space-v01@openssh.com
 right` failed: AddrNotAvailable
floating point `
0123456789abcdef
password expired                C
sequenceNotFoundTimedOutkey_path, line: 
 retriesextern "accessed (bytes pub_path
modifiedeof sentDeadlockfilepathdeadlock column usernamethread 'a stringCONNECT 
@password
unknown variant ``, expected /mnt/r/Repos/OpenIntegrations/src/addins/!commons/common-utils/src/utils.rs/rustc/90b35a6239c3d8bdabc530a6a0816f7ff89a0aaf/library/core/src/io/borrowed_buf.rs/rustc/90b35a6239c3d8bdabc530a6a0816f7ff89a0aaf/library/core/src/mem/maybe_uninit.rsassertion failed: filled <= self.buf.init/home/bayselonarrend/.cargo/registry/src/index.crates.io-6f17d22bba15001f/serde_json-1.0.145/src/value/ser.rsserialize_value called before serialize_key
core/src/unicode/unicode_data.rsOxychromaticBlowfishSwatDynamiteindex out of bounds: the len is Failed to parse proxy response: R
Failed to send CONNECT request: 
User-Agent: rust-ftp-proxy/1.0
assertion failed: idx < CAPACITYassertion failed: new_cap >= len
std/src/sys/sync/rwlock/futex.rssrc/component/sftp_methods.rsInit SSH connection firstInit SFTP first
) = execconfZerounit
codeu128for<boolmut Kindkind/
nullhttpSome <= truecharportalse -> enumpath-infshimNonenamehost    dataSFTPsizei128 as dyn File error: Upload error: Remote file access error: uidgidis_directoryis_symlinkpermissionsextensionsrc/component/ssh_methods.rsNo configuration foundNo settings foundHandshake error: identitiesmethodsbannerkex_methodsNo key path provided with PK auth typeAuth error: Authentication failed with no errorsSession error: TCP error: No sessionexit_codestdoutstderrsrc/component/mod.rsBlob error: Index out of boundsM
private_keyagentvariant identifierauth_typepassphrasestruct SshSettingsstruct SshSettings with 8 elementssetproxy
Incompatible typealloc/src/raw_vec.rsalloc/src/ffi/c_str.rs/home/bayselonarrend/.cargo/registry/src/index.crates.io-6f17d22bba15001f/base64-0.22.1/src/engine/general_purpose/mod.rsmissing field `invalid length duplicate field `/home/bayselonarrend/.cargo/registry/src/index.crates.io-6f17d22bba15001f/serde_json-1.0.145/src/de.rscould not resolve to any addressesHeaderNameHeaderValueNewLineStatusTokenTooManyHeadersVersionSOCKS4 does not support IPv6no acceptable auth methodsunknown auth method/home/bayselonarrend/.cargo/registry/src/index.crates.io-6f17d22bba15001f/base64-0.22.1/src/encode.rsusize overflow when calculating b64 lengthinteger overflow when calculating buffer size/home/bayselonarrend/.cargo/registry/src/index.crates.io-6f17d22bba15001f/base64-0.22.1/src/engine/mod.rsInvalid UTF8/mnt/r/Repos/OpenIntegrations/src/addins/!commons/common-tcp/src/tcp_establish.rssocks5socks4Unsupported proxy typeSOCKS5 error: SOCKS4 error: Failed to connect via proxy after all retries HTTP/1.1
Host: 
Proxy-Connection: keep-alive
Connection: keep-alive
ABCDEFGHIJKLMNOPQRSTUVWXYZabcdefghijklmnopqrstuvwxyz0123456789+/
?456789:;<=
 !"#$%&'()*+,-./0123
Proxy-Authorization: Basic Proxy response too largeProxy authentication required (HTTP 407)Proxy error: HTTP  after Incomplete proxy responseFailed to resolve proxy address: Proxy address resolution returned no resultsFailed to connect to HTTP proxy: Failed to read proxy response: Direct connection error: serverproxy_typeloginstruct ProxySettingsstruct ProxySettings with 5 elementsresultcannot parse integer from empty stringinvalid digit found in stringnumber too large to fit in target typenumber too small to fit in target typenumber would be zero for non-zero typeattempt to add with overflow..BorrowMutErroralready borrowed: to_digit: radix is too high (maximum 36)core/src/char/methods.rscore/src/net/parser.rscalled `Option::unwrap()` on a `None` valuecore/src/panicking.rsexplicit panic but the index is panic in a function that cannot unwindpanic in a destructor during cleanup== right` failed
  left: 
 right: 
  left:  {
core/src/fmt/num.rs0ocore/src/fmt/mod.rscore/src/slice/memchr.rsuser-provided comparison function does not correctly implement a total ordercore/src/slice/sort/shared/smallsort.rsrange start index  out of range for slice of length slice index starts at  but ends at attempted to index slice up to maximum usizesource slice length () does not match destination slice length (invalid utf-8 sequence of  bytes from index incomplete utf-8 byte sequence from index attempted to index str up to maximum usize
core/src/str/pattern.rscore/src/str/lossy.rs\x[...]begin <= end (byte index  is not a char boundary; it is inside ) of ` is out of bounds of `core/src/str/mod.rscore/src/unicode/printable.rs
';>NO
	6=>V
67VW
)14:EFIJNOde
;>fi
./'(U
:?EQ
"%>?
 #%&(38:HJLPSUVXZ\^`cefksx}
PI73
LG	t<
./?\]_
)147:;=IJ]
)14:;EFIJ^de
):;EIW[\^_de
EIde
INOWY^_
FGNOXZ\^~
NOZ[
no7=?BE
%_ m
attempt to divide by zeroattempt to calculate the remainder with a divisor of zero
`"|, 0
_04ac
jae@m
	):7
, +*0
jaTOo
/rust/deps/gimli-0.29.0/src/read/abbrev.rs/home/bayselonarrend/.cargo/registry/src/index.crates.io-6f17d22bba15001f/httparse-1.10.1/src/simd/swar.rs/home/bayselonarrend/.cargo/registry/src/index.crates.io-6f17d22bba15001f/httparse-1.10.1/src/lib.rs
/home/bayselonarrend/.cargo/registry/src/index.crates.io-6f17d22bba15001f/libssh2-sys-0.3.1/lib.rsdest is out of bounds/rustc/90b35a6239c3d8bdabc530a6a0816f7ff89a0aaf/library/core/src/slice/index.rs/rust/deps/miniz_oxide-0.7.4/src/inflate/core.rs/rust/deps/miniz_oxide-0.7.4/src/inflate/output_buffer.rs
/rustc/90b35a6239c3d8bdabc530a6a0816f7ff89a0aaf/library/std/src/sync/once.rs/home/bayselonarrend/.cargo/registry/src/index.crates.io-6f17d22bba15001f/openssl-sys-0.9.111/src/lib.rs/home/bayselonarrend/.cargo/registry/src/index.crates.io-6f17d22bba15001f/smallvec-1.13.2/src/lib.rscapacity overflow/home/bayselonarrend/.cargo/registry/src/index.crates.io-6f17d22bba15001f/parking_lot_core-0.9.11/src/parking_lot.rs/rustc/90b35a6239c3d8bdabc530a6a0816f7ff89a0aaf/library/core/src/ops/function.rsEmptyInvalidDigitPosOverflowNegOverflowParseIntError/rust/deps/rustc-demangle-0.1.24/src/legacy.rs::C(><&*@/rust/deps/rustc-demangle-0.1.24/src/v0.rs`fmt::Error`s should be impossible without a `fmt::Formatter`punycode{-0internal error: entered unreachable codeinternal error: entered unreachable code: str::from_utf8( was expected to have 1 char, but  chars were foundstri8i16i32i64isizeu8u32u64usizef32f64!_...{recursion limit reached}?'> ::{closure# const ;  + unsafe " fn( =  {  }0x.llvm./rust/deps/rustc-demangle-0.1.24/src/lib.rs{size limit reached}`fmt::Error` from `SizeLimitedFmtAdapter` was discardedSizeLimitExhausted
infNaN
	h"lxz
"6X8I
z<=f
Q]#B
[Zr.-
Ww'&l
`KSO1
`U,$
H~QA
867w
VXXr
nGV5}$ e
4#aM
G(SN\_T8h
C`SD[
6|;m
C`y;bs
dmAR
fDBI
9ayw
 yqa
|[vt
nXPO
p~,R
.UGH
Z"cd
dB23
}xt;Q
JNt3
QwqM
#J%b
f+i#
f|yL#
#&Gl
l#)_
X"+	}z
E[]c
xE/|(
m)y@z,`
Z`!a
\98/
*"R?'Co
?~I$
"N@\Ukj
h6:Y
c]@t
o-qBa
NjhM
=O@t
ZN,5
=YI4V
$iA7
$$yF
>1d]
C#)Ch
}hN6
}Iqs
Ym?M
Am%C
~3gW`
sluu
=I"[
+:>t
mA/sq
e.{nL
4AHx
~$|7
HWrDqA
|M$D
Bus[
]3".
(:W"
Ox}?
0*te
@BXV
b.M%[
sax~Z
H<HD
{D<N1
	nQoFOn
{*do^
$qE}
D%WW
m^W%Q
6Rw>iP
"@up
hg^Jp5|
>?V;=
 =U7el#|67
/u&^Y
[@JO
fg0@
6?^s
xt\)O8
/!x\+	l
hPMX
xR|C
byte arrayboolean `integer `character `string Option valuenewtype structmapunit variantnewtype varianttuple variantstruct variant/home/bayselonarrend/.cargo/registry/src/index.crates.io-6f17d22bba15001f/serde_core-1.0.225/src/de/mod.rs` or `one of , u16a Display implementation returned an error unexpectedly/rustc/90b35a6239c3d8bdabc530a6a0816f7ff89a0aaf/library/alloc/src/string.rs00010203040506070809101112131415161718192021222324252627282930313233343536373839404142434445464748495051525354555657585960616263646566676869707172737475767778798081828384858687888990919293949596979899/rustc/90b35a6239c3d8bdabc530a6a0816f7ff89a0aaf/library/alloc/src/collections/btree/map/entry.rs/rustc/90b35a6239c3d8bdabc530a6a0816f7ff89a0aaf/library/alloc/src/collections/btree/node.rsassertion failed: edge.height == self.height - 1assertion failed: src.len() == dst.len()assertion failed: edge.height == self.node.height - 1assertion failed: self.is_char_boundary(new_len)ullrue
vH7B
W4vC
9Y>)F$
raB3G
)c=H
]rHa
O8Mr
bnMG
[*QmU
mr"iR
R$N(
-sSO\
T%L9
hGT.
B}T}
=@[V
!a9X
X5AHx
%4xY
Z~$|7
+\0I
2a\|
\ysK
|M$D
pH_r
(:W"
s\ax}?
pc2g
@BXV
tC7Ddx
EydV
eax~Z
ekhHD
@iZb
k0V(
k*do^
:V!2m
RJqn
bzo=
$qE}
XqkY
quAt
Jugm
~B v
STv/N
_w&2
xg^Jp5|
yMzw
;	Fzo
{zel#|67
P/};
[@JO
nQ:B
/home/bayselonarrend/.cargo/registry/src/index.crates.io-6f17d22bba15001f/serde_json-1.0.145/src/error.rsEOF while parsing a listEOF while parsing an objectEOF while parsing a stringEOF while parsing a valueexpected `:`expected `,` or `]`expected `,` or `}`expected identexpected valueexpected `"`invalid escapeinvalid numbernumber out of rangeinvalid unicode code pointcontrol character (\u0000-\u001F) found while parsing a stringkey must be a stringinvalid value: expected key to be a number in quotesfloat key must be finite (got NaN or +/-inf)lone leading surrogate in hex escapetrailing commatrailing charactersunexpected end of hex escaperecursion limit exceeded at line Error(, column: invalid type: , expected invalid value: `false"/home/bayselonarrend/.cargo/registry/src/index.crates.io-6f17d22bba15001f/serde_json-1.0.145/src/ser.rs],{}  ,
uuuuuuuubtnufruuuuuuuuuuuuuuuuuu
fmt error/home/bayselonarrend/.cargo/registry/src/index.crates.io-6f17d22bba15001f/serde_json-1.0.145/src/read.rs
failed to fill whole buffer/rustc/90b35a6239c3d8bdabc530a6a0816f7ff89a0aaf/library/std/src/io/mod.rs/rustc/90b35a6239c3d8bdabc530a6a0816f7ff89a0aaf/library/std/src/io/impls.rs/home/bayselonarrend/.cargo/registry/src/index.crates.io-6f17d22bba15001f/byteorder-1.5.0/src/lib.rsFromUtf8Errorbytesinvalid utf-8request rejected or failedrequest rejected because SOCKS server cannot connect to idnetd on the clientrequest rejected because the client program and identd report different user-idsinvalid response codeinvalid response version/home/bayselonarrend/.cargo/registry/src/index.crates.io-6f17d22bba15001f/socks-0.3.4/src/v5.rsunsupported address typeinvalid reserved bytegeneral SOCKS server failureconnection not allowed by rulesetTTL expiredcommand not supportedaddress kind not supporteddomain name too longpassword authentication failedUtf8Errorvalid_up_toerror_lenIdentity not found in agentend of fileno other error listedbanner recv failurebanner send failureinvalid mackex failurealloc failuresocket send failurekey exchange failurehostkey init errorhostkey sign errordecrypt errorsocket disconnectedprotocol errorfile errorbad method nameauthentication failedpublic key unverifiedchannel out of orderchannel failurerequest deniedunknown channel errorwindow exceededpacket exceededclosed channelscp protocol errorzlib errorsocket timeoutsftp protocol errormethod not supportedinvalidinvalid poll typepublic key protocol errorbad use errorcompression errorout of boundsinvalid agent protocolerror receiving on socketbad encryptbad socketknown hosts errorchannel window fullkeyfile auth failedunable to get random bytesmissing userauth banneralgorithm unsupportedunknown errorno such filefailurebad messageno connectionconnection lostoperation unsupportedinvalid handleno such pathfile already existsfile is write protectedno media availableno space on filesystemquota exceededunknown principallock conflictlink loop[] provided data contained a nul byte and could not be used as as string<failed to fetch the error message>/home/bayselonarrend/.cargo/registry/src/index.crates.io-6f17d22bba15001f/ssh2-0.9.5/src/session.rsuse set_tcp_stream() to associate with a TcpStreamno identities found in the ssh agentsession/home/bayselonarrend/.cargo/registry/src/index.crates.io-6f17d22bba15001f/ssh2-0.9.5/src/sftp.rsNever unset until shutdown, in which case inner is also unsetCannot open file after sftp shutdownno more filesWe are holding an Arc<SftpInnerDropWrapper>, so nobody could unset this (set on creation)path provided contains a 0 byteSession/rustc/90b35a6239c3d8bdabc530a6a0816f7ff89a0aaf/library/alloc/src/collections/btree/navigate.rs()/rustc/90b35a6239c3d8bdabc530a6a0816f7ff89a0aaf/library/core/src/str/pattern.rs
/rustc/90b35a6239c3d8bdabc530a6a0816f7ff89a0aaf/library/core/src/slice/sort/stable/quicksort.rsmid > lencalled `Result::unwrap()` on an `Err` value
Error/rust/deps/gimli-0.29.0/src/read/line.rs/rustc/90b35a6239c3d8bdabc530a6a0816f7ff89a0aaf/library/core/src/num/wrapping.rs/rust/deps/gimli-0.29.0/src/read/index.rs.debug_abbrev.debug_addr.debug_aranges.debug_cu_index.debug_info.debug_line.debug_line_str.debug_loc.debug_loclists.debug_ranges.debug_rnglists.debug_str.debug_str_offsets.debug_tu_index.debug_types:/rust/deps/addr2line-0.22.0/src/lib.rs/rust/deps/addr2line-0.22.0/src/function.rsmain
stream did not contain valid UTF-8/permission deniedconnection refusednetwork unreachableconnection abortednot connectedaddress in useaddress not availablenetwork downbroken pipeentity already existsoperation would blocknot a directoryis a directorydirectory not emptyread-only filesystem or storage mediumfilesystem loop or indirection limit (e.g. symlink loop)stale network file handleinvalid input parameterinvalid datatimed outwrite zeroseek on unseekable filefilesystem quota exceededfile too largeresource busyexecutable file busycross-device link or renametoo many linksargument list too longoperation interruptedunsupportedunexpected end of fileout of memoryin progressother erroruncategorized errorOsmessageCustomerror (os error ): std/src/io/mod.rsfailed to write whole buffera formatting trait implementation returned an error when the underlying stream did notpanicked at :
std/src/path.rs.extension cannot contain path separators: overflow when adding duration to instantstd/src/time.rsfile name contained an unexpected NUL bytestack backtrace:
note: Some details are omitted, run with `RUST_BACKTRACE=full` for a verbose backtrace.
__rust_begin_short_backtrace__rust_end_short_backtraces      [... omitted  frame ...]
<unknown>
memory allocation of  bytes failed
<unnamed>' panicked at 
note: run with `RUST_BACKTRACE=1` environment variable to display a backtrace
Box<dyn Any>aborting due to panic at 
thread panicked while processing panic. aborting.
thread caused non-unwinding panic. aborting.
std/src/../../backtrace/src/symbolize/mod.rs -       ConnectionRefusedConnectionResetHostUnreachableNetworkUnreachableConnectionAbortedNotConnectedAddrInUseNetworkDownBrokenPipeAlreadyExistsWouldBlockNotADirectoryIsADirectoryDirectoryNotEmptyReadOnlyFilesystemFilesystemLoopStaleNetworkFileHandleInvalidInputInvalidDataWriteZeroStorageFullNotSeekableFilesystemQuotaExceededFileTooLargeResourceBusyExecutableFileBusyCrossesDevicesTooManyLinksInvalidFilenameArgumentListTooLongInterruptedUnsupportedUnexpectedEofOutOfMemoryInProgressOtherUncategorizedfailed to lookup address information: strerror_r failurestd/src/sys/pal/unix/os.rsno /proc/self/exe available. Is /proc mounted?std/src/sys/pal/unix/thread.rsInvalid timestampstd/src/sys/pal/unix/time.rsOnce instance has previously been poisonedtoo many active read locks on RwLockassertion failed: is_unlocked(state)fatal runtime error: the global allocator may not use TLS with destructors
std/src/sys/thread_local/destructors/list.rsstd/src/sys/thread_local/key/unix.rsfatal runtime error: assertion failed: key as usize != KEY_SENTVAL
assertion failed: len >= mem::size_of::<c::sockaddr_in>()std/src/sys_common/net.rsassertion failed: len >= mem::size_of::<c::sockaddr_in6>()invalid socket addressinvalid port valuestd/src/../../backtrace/src/symbolize/gimli/stash.rs.debug_abbrev.dwo.debug_info.dwo.debug_line.dwo.debug_loc.dwo.debug_loclists.dwo.debug_rnglists.dwo.debug_str.dwo.debug_str_offsets.dwostd/src/../../backtrace/src/symbolize/gimli.rsstd/src/../../backtrace/src/symbolize/gimli/elf.rs/usr/lib/debug/usr/lib/debug/.build-id//proc/self/mapsinsufficient perms
Unable to send channel request
digest
Wrong public key length
Unable to open OpenSSH ECDSA private key file
kex-strict-s-v00@openssh.com
The current receive window is full, data ignored
Timeout waiting for GEX_GROUP reply
Unable to verify hostkey signature ECDH
Timed out waiting for NEWKEYS ECDH
Unable to verify hostkey signature curve25519
Unexpected key length DH-SHA256
ecdsa-sha2-nistp384-cert-v01@openssh.com
cast128-cbc
Error parsing PEM: offset out of bounds
Failed to get response to ssh-userauth request
Would block writing password request
Invalid public key, too short
Would block waiting
getFloatRegister
_dl_find_object
agent send failed
Unable to complete request for channel-process-startup
Unable to send transfer-window adjustment packet, deferring
Channel can not be reused
Host key data is too short
Unknown KEX nistp curve type
arcfour
aes128-gcm@openssh.com
hmac-sha2-256-etm@openssh.com
kdfname is missing
Unable to allocate memory for PEM parsing
libunwind: %s - %s
DW_EH_PE_funcrel pointer encoding not supported
failed closing the agent socket
Would block sending close-channel
Unexpected packet size
group
sha384
Can't write exchange_state->e
Timed out waiting for NEWKEYS DH-SHA
ssh-ed25519-cert-v01@openssh.com
Unable to allocate memory for zlib compression/decompression
Invalid private key; expect embedded public key
SFTP stat packet too short
Would block requesting userauth list
invalid bit length repeat
invalid distance too far back
priv
RSA no coeff
type is invalid
memory for signal name
curve25519-sha256
diffie-hellman-group18-sha512
ecdh-sha2-nistp521
1.3.1
GCM auth tag invalid
Waiting for publickey USERAUTH response
Authentication failed
libunwind: malformed DW_CFA_def_cfa DWARF unwind, reg too big
Unable to allocate memory for setenv packet
Data is too short
Failed to allocate key state g.
too long description
session not authenticated yet
Would block closing channel
Unable to send FXP_REMOVE command
data error
libunwind: malformed DW_CFA_val_offset DWARF unwind, reg (%lu) out of range
xmm12
CIE version is not 1 or 3
Channel open failure (connect failed)
ecdsa-sha2-nistp384
socket disconnect
Unexpected curve25519 server public key length
Unexpected ECDH server sig length
Unexpected value DH-SHA1 g
aes256-gcm@openssh.com
DEK-Info: AES-128-CBC
DEK-Info: DES-EDE3-CBC
DEK-Info: AES-192-CBC
zlib
key too short
invalid format
ciphername is missing
Error parsing PEM: filedata missing
Error waiting on socket
sk-ecdsa-sha2-nistp256-cert-v01@openssh.com
invalid stored block lengths
_Unwind_Resume() can't return
libunwind: malformed DW_CFA_def_cfa_sf DWARF unwind, reg too big
Can't binary search on variable length encoded data.
xmm7
Unable to allocate temporary space for packet
RSA no q
ssh-ed25519
SHA2-256
Unable to allocate memory for base64 decoding
Unable to create private key
Unable to allocate memory for a copy of the host ECDH key
Unable to allocate memory for a copy of the host curve25519 key
Invalid DH-SHA1 p
dh modulus value is too large
Unable to verify hostkey signature DH-SHA
Timed out waiting for NEWKEYS curve25519
DEK-Info: AES-256-CBC
Multiple keys are unsupported
-----BEGIN OPENSSH PRIVATE KEY-----
Private key unpack failed (correct password?)
Status message too short
Unable to allocate memory for FXP_READDIR packet
Unable to allocate memory for FXP_CLOSE packet
invalid distance code
getULEB128
illegal request
Unable to send channel data
could not create ED25519 public key
ssh-ecdsa
Algs too short
Data too short extracting channel
kex-strict-c-v00@openssh.com
Could not alloc key
unknown cipher
Unexpected userauth banner size
Unable to open public key file
libunwind: malformed DW_CFA_offset_extended DWARF unwind, reg too big
xmm1
FDE has zero length
_Unwind_GetTextRelBase
Unable to send channel-open request
bits
Data too short extracting sport
memory for server sign algo
Unexpected value DH-SHA256 p
Unable to get DH-SHA h sig
Unable to send Group Exchange Request SHA256
Unable to allocate memory for FXP_RENAME packet
Attributes too short in SFTP fstat
Too small FXP_STATUS
Unable to send userauth-none request
invalid literal/lengths set
libunwind: malformed DW_CFA_restore DWARF unwind, reg (%lu) out of range
truncated uleb128 expression
libunwind: unsupported .eh_frame_hdr version: %u at %lx
xmm13
cancel-tcpip-forward
Would block sending EOF
Channel open failure (resource shortage)
Unable to send channel open confirmation
dh key pair generation failed
Unable to initialize hostkey importer ECDH
aes256-cbc
FXP write packet too short
Unable to request SFTP subsystem
Failed opening remote file
Would block sending FXP_OPEN or FXP_OPENDIR command
Out of memory
No handler for specified private key
unknown header flags set
unsupported restore location for register
getTableEntrySize
illegal agent request
SSH_AUTH_SOCK
ECDSA could not create key
Unable to allocate memory for ED25519 key
ECDSA no point
RSA no d
sha256
forwarded-tcpip
Unable to allocate memory
Timed out waiting for KEX reply
Unable to create ECDH shared secret
Invalid DH-SHA256 p
Unexpected curve25519 key length
curve25519-sha256@libssh.org
SSH-2.0-libssh2_1.11.1_DEV
Unable to send NEWKEYS message ECDH
diffie-hellman-group14-sha1
rsa-sha2-512
aes128-ctr
chacha20-poly1305@openssh.com
Unable to exchange encryption keys
ssh-userauth
Unable to send keepalive message
SFTP rename packet too short
Would block to request SFTP subsystem
Unable to allocate new SFTP handle structure
Would block waiting for status message
ssh-connection
Authentication failed (username/password)
stream error
truncated sleb128 expression
DW_OP_piece not implemented
xmm14
failed connecting with agent
Unable to send EOF, but closing channel anyway
Failed waiting for channel success
EOF has already been received, data might be ignored
Unable to allocate space for channel data
Unable to extract public key from private key file: Unsupported private key file format
RSA no n
bcrypt
Unable to allocate memory for FXP_MKDIR packet
Unable to allocate datablock for SFTP packet
Data too short when extracting extname
Timeout waiting for status message
Out of sync with the world
Username/PublicKey combination invalid
evaluateExpression
_Unwind_GetDataRelBase() not implemented
Would block sending window adjust
ECDSA no exponent
Unable to extract public key from private key file: Unable to open private key file
SHA2-512
No SK flags.
Timeout waiting for ECDH_REPLY reply
Unexpected value DH-SHA256 g
Invalid DH-SHA256 g
Unable to send KEX init message
Unable to send NEWKEYS message DH-SHA
diffie-hellman-group-exchange-sha256
rijndael-cbc@lysator.liu.se
hmac-md5
Private key data not found
SFTP READ error
Unable to startup channel
Unable to allocate memory for userauth password change request
Password expired, and callback failed
unwind_phase2
malformed uleb128 expression
Unexpected error
Would block
Data too short extracting port
Data too short extracting window size
kex: failed to calculate hash
Unable to allocate buffer for ECDH K
Unable to send NEWKEYS message curve25519
rsa-sha2-256
hmac-sha1-etm@openssh.com
Unable to allocate memory for decrypted struct
Error parsing PEM: OpenSSH header not found
No supported cipher found
Unable to allocate memory for FXP_OPEN or FXP_OPENDIR packet
Invalid SFTP packet size
Too small FXP_HANDLE
Unable to allocate memory for userauth_list
Unable to send userauth password-change request
Invalid data in public key file
libunwind: malformed DW_CFA_register DWARF unwind, reg2 too big
DW_EH_PE_aligned pointer encoding not supported
getSavedRegister
_Unwind_Resume_or_Rethrow() called _Unwind_RaiseException() which unexpectedly returned
_Unwind_GetDataRelBase
Public key type in decrypted key data not found
EVP_PKEY_get_raw_public_key failed
Unexpected value DH-SHA1 p
Unexpected curve25519 server sig length
Unable to allocate buffer for K
Invalid response received from server
Input too largeposix-rename@openssh.com
Invalid public key
Invalid key data, not base64 encoded
too many length or distance symbols
need dictionary
getRegister
no x86_64 float registers
FDE is really a CIE
agent not connected
Failure while draining incoming flow
We have already closed this channel
libssh2_channel_wait_closed() invoked when channel is not in EOF state
Channel open failure (unknown channel type)
Channel open failure (administratively prohibited)
RSA no p
Unable to open ED25519 private key file
Invalid base64
Data too short extracting shost
Unable to initialize hash context
Unable to create curve25519 shared secret
Timeout waiting for GEX_GROUP reply SHA256
Unable to expand decompression buffer
kdf contains unexpected values
GCM auth tag missing
Unable to ask for ssh-userauth service
SSH-2.0-libssh2_1.11.1_DEV
Error waiting for SFTP packet
SFTP Protocol Error
session
Unable to send STAT/LSTAT/SETSTAT command
Data too short when extracting extdata
Would block receiving SSH_FXP_VERSION
Unable to allocate memory for userauth-password request
Unable to allocate filtered algs
agent list id failed
Unexpected packet length
Channel open failure
RSA no e
Session is required
Session is NULL, error: %s
unexpected sender channel size
Auth Agent unavailable
Invalid DH-SHA1 g
Unable to initialize hostkey importer curve25519
rsa-sha2-512-cert-v01@openssh.com
ssh-rsa
hmac-sha1
-----END OPENSSH PRIVATE KEY-----
Error allocating space for remote banner
sftp_read() internal error
Packet too short in FXP_CLOSE command
Invalid signature for supplied public key, or bad username/public key combination
sk-ssh-ed25519-cert-v01@openssh.com
Invalid public key data
unsupported x86_64 register
setFloatRegister
libunwind: malformed DW_CFA_expression DWARF unwind, reg too big
xmm5
xmm15
failed creating socket
Unable to allocate space for agent connection
Unable to send EOF on channel
sk-ssh-ed25519@openssh.com
ECDSA no curve
unexpected port size
Unable to send Group Exchange Request
Unable to send ECDH_INIT
blowfish-cbc
aes192-cbc
decompression failure
Read Packet At Unexpected Offset
Error waiting for status message
FXP write failed
Server does not support RENAME
invalid block type
libunwind: malformed DW_CFA_offset_extended_sf DWARF unwind, reg too big
libunwind: malformed DW_CFA_offset DWARF unwind, reg (%lu) out of range
xmm2
xmm3
xmm9
xmm11
agent recv failed
Would block sending forward request
sk-ecdsa-sha2-nistp256@openssh.com
Unsupported hash digest length
ecdsa-sha2-nistp521
Data too short extracting host
unexpected window size
X11 Forward Unavailable
Forward not requested
Out of memory error
diffie-hellman-group16-sha512
API timeout expired
SFTP mkdir packet too short
Unable to allocate memory for FXP_RMDIR packet
Unable to get random bytes for packet padding
unknown pointer encoding
getSLEB128
DW_OP_deref_size with bad size
xmm0
would block
Private key is not an ED25519 key
HMAC
former error forgotten (OOM)
Data too short extracting packet
Unable to allocate buffer for DH-SHA K
ecdsa-sha2-nistp256-cert-v01@openssh.com
FXP_READ response too big
Unable to read public key from file
file error
during phase1 personality function said it would stop here, but now in phase2 it did not stop here
libunwind: unsupported .eh_frame_hdr at %lx: need at least 4 bytes of data but only got %zd
Wrong padding
Not an OpenSSH key file
Unable to allocate memory for private key data
No SK application.
diffie-hellman-group14-sha256
Failed to allocate key state p.
hmac-md5-96
Timed out waiting on socket
Unable to allocate memory for SSH_FXP_VERSION packet
sftp
Unable to send FXP_RENAME command
Missing userauth banner
Failed getting response
incorrect length check
invalid window size
setRegister
Unable to send global-request packet for forward listen request
Would block sending channel request
Packet received for unknown channel
unexpected data length
Invalid MAC received
Could not copy host key
ext-info-c
ssh-rsa-cert-v01@openssh.com
none
malloc fail for zombie request ID
Unexpected userauth list size
Waiting for USERAUTH response
buffer error
libunwind: malformed DW_CFA_restore_extended DWARF unwind, reg too big
DW_EH_PE_textrel pointer encoding not supported
DWARF opcode not implemented
Unsupported OpenSSH key type
sha1
Unable to allocate a channel for new connection
strict KEX violation: unexpected packet type
Unable to initialize hostkey importer DH-SHA
aes128-cbc
openssh-key-v1
Response too small
Unable to send FXP_CLOSE command
Error waiting for FXP STATUS
publickey
OpenSSH_
insufficient memory
libunwind: malformed DW_CFA_val_expression DWARF unwind, reg too big
transport read
auth agent
strict KEX violation: KEXINIT was not the first packet
Unable to allocate buffer for SHA digest
Unrecoverable error exchanging keys
Can't write exchange_state->k
diffie-hellman-group1-sha1
Unexpected key length DH-SHA1
INTEGRATED-AES-GCM
Failed sending banner
SFTP rmdir packet too short
SFTP unlink packet too short
Would block starting up channel
SFTP Protocol badness: unrecognised read request response
SFTP packet too large
Waiting for password response
Unable to allocate memory for public key data
invalid literal/length code
unknown register
RSA no comment
Unexpected key length ECDH
ecdh-sha2-nistp256
Unexpected curve25519 key length 2
hmac-sha1-96
kdf is missing
too long language string
Invalid SSH_FXP_VERSION response
Unable to send FXP_OPEN*
Callback returned error
invalid code -- missing end-of-block
incorrect header check
DW_EH_PE_datarel is invalid with a datarelBase of 0
Unknown DWARF encoding for search table.
_Unwind_GetTextRelBase() not implemented
no auth sock variable
Packet contains more data than we offered to receive, truncating
Invalid extension info received
ecdh-sha2-nistp384
3des-cbc
hmac-sha2-512
Could not alloc key part
SSH-
Unable to allocate memory for FXP_REMOVE packet
Timeout waiting for response from SFTP subsystem
Would block sending SSH_FXP_INIT
Failed allocating additional space for userauth-publickey packet
Unable to allocate memory for userauth_banner
libunwind: malformed DW_CFA_GNU_negative_offset_extended DWARF unwind, reg too big
agent sign failure
sha512
SHA1
Unable to send open failure
Invalid DH-SHA f value
hmac-ripemd160
bcrypted without passphrase
Bad socket provided
Unable to allocate SFTP packet
Unable to allocate a new SFTP structure
_libssh2_channel_write() failed
Unable to send userauth-password request
invalid distances set
libunwind: malformed DW_CFA_register DWARF unwind, reg too big
libunwind: malformed DW_CFA_def_cfa_register DWARF unwind, reg too big
xmm10
Failed allocating memory for channel type name
Unable to extract public key from private key file: invalid/unrecognized private key file format
libssh2/src/openssl.c
Unable to send KEXINIT packet to remote host
Unable to get DH-SHA f value
Unknown KEX curve25519 curve type
aes192-ctr
hmac-sha2-256
Failed to calculate MAC
incompatible version
_Unwind_Resume
libunwind: malformed DW_CFA_undefined DWARF unwind, reg too big
CIE ID is not zero
out of memory
Unable to allocate memory for channel-process request
rsa-sha2-512,rsa-sha2-256,ssh-rsa
zlib@openssh.com
Excessive growth in decompression phase
key auth magic mismatch
No method negotiated
Unable to send SSH_FXP_INIT
malloc fail for FXP_WRITE
Unable to initialize private key from file
password
incorrect data check
unknown compression method
xmm6
CIE start does not match
Unable to open OpenSSH RSA private key file
No SK key_handle.
Data too short extracting kex
diffie-hellman-group-exchange-sha1
ecdsa-sha2-nistp521-cert-v01@openssh.com
aes256-ctr
hmac-sha2-512-etm@openssh.com
hmac-ripemd160@openssh.com
Unable to allocate decompression buffer
Failed getting banner
Operation Not Supported
Unable to send userauth-publickey request
Unable to allocate memory for userauth-publickey signed data
_Unwind_Resume_or_Rethrow
Unable to send close-channel request, but closing anyway
Wrong private key length
Remote sent more data than current window allows, truncating
unexpected host size
sha algo value is unimplemented
Unexpected packet length DH-SHA
rsa-sha2-256-cert-v01@openssh.com
Error parsing PEM: base 64 data missing
Failed changing socket's blocking state to non-blocking
Would block requesting handle extended data
Missing public key data
header crc mismatch
stream end
libunwind: malformed DW_CFA_val_offset_sf DWARF unwind, reg too big
getEncodedP
DW_OP_fbreg not implemented
Would block sending channel-open request
Unable to read comment
Unable to extract public key from private key file: Wrong passphrase or invalid/unrecognized private key file format
ecdsa-sha2-nistp256
RIPEMD160
Unknown SHA digest for EC curve
Unable to get random bytes for KEXINIT cookie
arcfour128
DEK-Info: RC4
decompression uninitialized
Could not alloc iv part
Invalid parameter specified for method_type
Unable to allocate memory for FXP_*STAT packet
SFTP Protocol badness
Unable to send FXP_RMDIR command
File already exists and SSH_FXP_RENAME_OVERWRITE not specified
channel read
No error
No signing signature matched
invalid code lengths set
libunwind: malformed DW_CFA_same_value DWARF unwind, reg too big
xmm4
xmm8
5mmQ
vb^~
I(fQ
^F.6
Wza]lw	
(|YGNk
v!pH
5mmQ
vb^~
I(fQ
^F.6
Wza]lw	
(|YGNk
v!pH
8/A0
%K3 QQ+
^p/F
f?H`
5mmQ
vb^~
I(fQ
^F.6
5mmQ
vb^~
I(fQ
~&jE
 iciNWq
x`\`U
S2zw
Qjh/T
w?6r
\^c$j
yr,@
H{1S
"//w
AJsN
*!ec
pzKD)
ilRdV
)L	u@
?kh	
|sG2
U$qk.
fC	c
27;C
qUN1
/n[(
Ze2Zh@
Wcr"
T0.S
ap?#
r3A~
;"lY7
@n2w
_g@Cg
%xP(
B*k@5
mK1f
n:2C[
V@E'
::SU
^|1)
A4x{%`
no:7
7,gm;
.97yY
Bh;+j
.x7B
{x`M`
BFUa.X
YnFpW
	-f3F2
r9$|
n6j/
HWyn
9)PF
(-}|
W;()f
_xU`u
08bX
w``u N
-%	?
!(Ew
keepalive@libssh2.orgW
fegeheie<m
 n;^
Qkkbal
i]Wb
9a&g
MGiI
wn>Jj
#.zf
+o*7
ayUW
!@f$f
Q	7R
>K"a
RwR(
dbk]
&hG%
A'z*
Wll"
"\RW
,^mg
=xL:
y>X,7 l
gkKr{
eT{.n
FXuM
!t+ o
Vwr8
H5DHC
&Dq3hZE
f-a?
Ah/^
LK$TG
cYR	
PE't
'V u
c)v3
p.wD\
MuH *u
^rIWr
Ck{J
|so3
4x|K
Sh<P
@o=''o
3uf>
Dfa?
(MqO
):bH
.0AJc
\=oR
]J|U
)=[?d
`?aZ
i24~
w	Y9
9JWn
rev5
,\bA
sSiB
UYWr1
4GCI
H6#P
Z[,RA
C']2
7;)x
{=T)
]MUz
U[>/
t)Ko
-&Sb
}ES`
}mM1dS
lGLZ{
>(G9'
}TlC~
vlRn
7lAg
](E 
IEin$s8
0H{]
!Z%F3lKpb
bsS 8
O$@?k~
ka)QO
eN4z
H/63
gMnxg{?
,G)(
(i.G
A*\%
GjtEc
LMc	
								
zPLR
UAWAVAUATSH
[A\A]A^A_]
[A\A]A^A_]
D$(H
t$`I
d$@L
H9\$@
D$PH
oD$@f
t$(L
(L$ 
(T$0H
D$`H
t$mD
oD$p
[A\A]A^A_]
UAWAVAUATSH
d$ I
l$8M
D$0H
(D$ 
D$@H
X[A\A]A^A_]
UAWAVAUATSH
l$PI
\$8j
L$PL
|$8j
\$PH
T$8H
\$PH
[A\A]A^A_]
D$XH
AWAVAUATSH
|$`L
t$xI
d$(j
l$@L
|$(j
d$xH
T$(L
|$`L
[A\A]A^A_
T$@H
UAWAVAUATSH
l$hL
l$(j
|$@L
|$(j
T$(L
|$hL
[A\A]A^A_]
T$@H
UAWAVAUATSH
l$PI
|$0I
\$8j
L$PL
|$8j
\$PH
T$8H
\$PH
[A\A]A^A_]
D$XH
UAWAVAUATSH
l$ A
|$	#u%H
!s'H
t$ H
H[A\A]A^A_]
j ^L
UAWAVAUATSH
d$ A
|$	#u%L
!s'H
t$ H
H[A\A]A^A_]
j ^L
UAWAVAUATSH
d$ A
$j ]H
|$	#u%L
!s'H
t$ H
H[A\A]A^A_]
j ^L
AWAVSH
[A^A_
UAWAVAUATSH
D$@L
l$ I
D$ H
l$(H
|$0L9
L$8H
D$HH
l$PH
|$XH
L$`H
D$@L
jYZH
D$ Ic
|$!#u9L
h[A\A]A^A_]
AVSH
X[A^
AVSH
X[A^
AVSH
X[A^
D$P 
D$@H
D$H1
T$`H
D$ H
AVSH
X[A^
UAWAVAUATSH
<$/@
\$xL
n:E1
|$@H
d$@I
|$HH
t$PH
D$AH
\$XL
|$`D
D$	H
l$ L
\$(L
\$xt
[A\A]A^A_]
UAWAVAUATSH
jYZL
[A\A]A^A_]
[A\A]A^A_]
AWAVATSPI
[A\A^A_
AVSPH
j7^H
UAVSH
L;3u
[A^]
AWAVSI
L;?u
[A^A_
AWAVSI
L;?u
[A^A_
AVSPI
Yj`AX
UAWAVAUATSPH
t%N9|5
[A\A]A^A_]
UAWAVAUATSH
L$ H
T$ L
[A\A]A^A_]
AWAVATSH
[A\A^A_
AVSPH
AWAVSH
[A^A_
AVSH
t$ L
8[A^
UAWAVATSH
|$0L
l$	L
|$ L
|$"n
|$ L
@[A\A^A_]
|$"}uXI
AWAVAUATSH
d$(L
l$8H
[A\A]A^A_
t$PH
t$PL
D$@L
|$PH
L$ L
AVSH
UAWAVATSH
d$0L
p[A\A^A_]
AWAVSH
t$@H
t$ L
|$(H
t$`H
L$ L
[A^A_
AWAVATSH
t$@H
d$ L
d$(H
t$XH
L$ L
x[A\A^A_
UAWAVAUATSH
l$ H
	rFH
l$ H
8[A\A]A^A_]
UAWAVAUATSH
l$ H
:..u
l$(I
|$(H
|$`H
T$hH
l$(H
t$HH
T$PH
t$(H
t$(H
j	ZH
d$xH
l$(H
|$pL
|$XL
|$@L
[A\A]A^A_]
UAWAVAUATSH
|$@L
l$HL
T$PL
t$ H
H;D$
D$8H
t$`H
t$8E
d$ L
|$`L
d$(M
|$@L
|$HM
l$PL
\$	A
D$@E1
|$@H
t$HH
L$8E1
d$pL
t$(H
L;|$
D$@H
T$HH
|$@H
t$@H
D$@H
|$@H
jYZH
\$@L
l$HH
D$PH
L;|$
D$ H
D$(H
t$(L
|$ L
l$8M
D$`L
t$pL
t$8j
t$(I
T$`H
|$ L
t$(L
|$@j
D$ H9
D$@L
d$@L
)@ A
\$(H
I9D$
|$@L
t$HM
L$PL
T$@H
D$0H
D$pH
l$8L
L9l$
D$ L
D$xf
L9l$8
D$8H
L9l$p
D$pL9
|$hI
L9l$0
D$0L9
l$ L
H9l$
D$xH
t$8L
H9l$ 
D$ H9
t$`H
D$0H
|$@j
T$ A
l$xL
d$(I
\$ L
j0A^L
D$(H
D$8H
jEZ1
D$@L
|$@H
D$(H
D$(L
|$8H
t$(H
t$(L
D$(I
D$8H
D$ H
L$ H
t$ H
|$@L
|$@L
L;|$
D$(H
D$8L
D$`H
D$pH
D$ H
D$0H
D$xH
D$hH
D$8f
D$(I9
H;D$ 
D$(H)
j`Y1
|$0L
|$pH9
L9l$8L
|$8H
l$`H
D$ H
D$8H
D$pH
D$hH
D$xf
|$@L
D$(H
D$(L
D$8L
d$(L
L$ H
T$8H
H9l$
l$ I9
l$`@
L9l$8
L$pH9
L$pH
\$0H9
d$(E1
d$(L9e
H;D$(
#u;L
t$0H
D$ H9
D$8H
t$0L
|$Hj
|$@L
D$pH
D$8H
D$0L
D$`I
l$hH
\$ L
\$ L
|$ H
|$@L
\$(H
j0Y1
\$ L
D$(H
H9HX
|$@j&Z
d$@I
t$@H
t$@H
|$8L
t$@H
t$@H
t$@H
|$@H
l$hH
D$(H
l$ M
l$xH
T$ H
D$(H
l$hL
t$xH
I9.L
M9'u
|$8L
D$`H
D$ L
L$`L9
t$0H
|$`H
|$ L
XpH9
l$hj
|$0L
|$pH
t$0H
l$xH
L$xH
D$0L9
l$hj
\$(H
|$pH
|$@L
|$8L
d$`H
|$pL
|$@j$Z
|$8L
L$pH9
\$0L
D$xL9
tVH9l$x
D$hL9
|$xL
t$hH
|$pH
D$ H
t$ H
t$Hj
|$@L
D$@H
T$@H
T$@H9
|$@H
H;D$(
T$@H
l$PH)
l$HL9
#u:H
l$PH
l$PE
t$HH
\$PL
|$@H
D$PA
)D$@H
D$(I9
|$HH
T$PL
|$@L
l$ H
D$ H
D$`H
D$8H
D$xH
D$pH
l$hj
l$hj
t$0H
H;L$
|$ H9
|$xH
D$8H
D$`H
D$ H
D$0H
\$(H
[A\A]A^A_]
|$0I
USP@
UAWAVAUATSH
L$ H+D$
l$(I
D$ H
l$@H
L;t$(t
L$PH+D$@H
D$(H
X[A\A]A^A_]
AWAVATSH
|$0j
H[A\A^A_
UAWAVAUATSPI
[A\A]A^A_]
AVSH
UAWAVAUATSPH
4$j0_j
D$ H
D$(H
D$0I
D$8H
D$@I
D$HH
L$PH
L$XH
L$`H
L$hH
L$pI
D$xH
[A\A]A^A_]
u,PH
AWAVATSPH
[A\A^A_
[A\A^A_
AVSPH
UAWAVAUATSH
|$ M
s"L;l$
l$ K
l$ H
)D$PH
D$PH
D$ H
D$X1
L$PH
L$XH
h[A\A]A^A_]
AWAVAUATSH
G:|%
M;&u
([A\A]A^A_]
AVSH
0[A^]
AVSI
[A^]
AWAVAUATSH
[A\A]A^A_]
AWAVSH
8[A^A_]
AWAVAUATSH
h[A\A]A^A_]
AWAVSH
x8E1
fffff.
fffff.
([A^A_]
AWAVATSH
[A\A^A_]
AWAVSPH
L;3u
[A^A_]
AVSH
0[A^]
AWAVATSH
[A\A^A_]
AWAVATSH
[A\A^A_]
|$(H
|$8H
|$(H
AWAVAUATSH
|$(L
T$8L
D$ H
@[A\A]A^A_
t$(H
AWAVATSH
M9'u
([A\A^A_
D$ H
AWAVATSH
M9&t
[A\A^A_
UAWAVAUATSH
{u}@
}u'A
[u*H
([A\A]A^A_]
{uvj
[t)A
{uHj
AVSPI
AVSH
<0utH
C(H9
C(H9
([A^
([A^
AVSH
AVSH
O(H;O s
([A^
AWAVSH
[A^A_
AWAVATSH
M9&t
[A\A^A_
AVSPI
AVSPI
AWAVSH
|$ L
D$"<-u#I
|$0L
|$@j
D$HH
t$@L
P[A^A_
AVSH
t$ L
8[A^
AWAVAUATSH
 [A\A]A^A_
UAWAVAUATSH
d$PL
t$RA
)L$@
)D$0L
|$HE1
\$8H
l$PL9
)D$pH
D$~A
(D$pA
|$ 1
d$(L
|$0H
t$X@
|$0H
[A\A]A^A_]
UAWAVAUATSH
D$ZH
D$hH
L$(H
L$xf
l$XH
D$`L
t$hH
T$pL
D$ZfA
T$2f
D$@H
|$Pf
D$0H
t$8f
t$2L
t$@H
T$HH
l$6L
t$0L
[A\A]A^A_]
t$0L
|$0j
|$0j
j(_j
UAWAVAUATSH
$$fA
D$ZH
D$hH
L$xfD
d$XH
D$`M
t;D8
j(_j
j(_j
[A\A]A^A_]
d$XL
l$ZH
t$pI
l$xH
t$`H
T$0H
l$bH
t$HA
L$0D
T$0H
t$hH
H+T$
D$	H
j(_j
j(_j!
j(_j
j(_j
j(_j
j(_j
j(_j
j(_j
j(_j
|$0L
t$8L
l$Hf
D$L1
|$J1
L$Hf
l$0L
D$ L
d$ I9
T$0H
T$0H
T$0H
T$0H
T$0H
T$0H
T$0H
T$0H
AVSPH
ASARj
8[A^
UAWAVAUATSH
l$0I
d$ L
L$@f
D$0L
l$HE1
l$8L
D$ H
|$0H
d$ L
\$0H
L$8L
A^E1
D$ L
|$0H
d$ H
D$ H
L$ L
xvH)
uSH=
jiXD
D$0H
D$1j
D$ L
L;d$ 
d$(H
D$0D
D$1H
D$2j
D$0D
D$1D
D$2H
D$3j
t$0H
\$ 1
D$0H
D$1j
D$0D
D$1H
D$2j
D$0D
D$1D
D$2H
D$3j
t$0H
D$0A
|$1H
D$0fC
L$0H
H9k0
H9kH
oKPH
\$0L
I9o0
|$0H
D$0H
|$8f
T$0H
I9m0
I9mH
d$(L
|$01
|$8L
l$0H
D$8H
D$0H
\$4L
D$0H
D$8H
D$@H
D$HL
t$0L
L$0H
D$8H
L$@H
D$HL
D$0H
L$8H
D$@H
L$HH
D$0H
\$ A
H;D$ 
t$ I
L;l$
L$0H
T$8H
D$@H
D$0H
|$0H
|$0L
D$0H9
D$0j
L$8H
D$@H
L$HL
j XH
\$0L
t$8H
\$@L
d$(H
D$@L9
\$@<
\$0L
HTTP/1.1H9
HTTP/1.0H9
\$@H
L$@<H
D$0L9
D$@@
D$@A
 t1A
L$@<
L$0H
D$0L9
D$@H
T$@L
T$@H
L$@L9
L$@H
L$0<:
D$@L9
D$0H
D$@H
D$@@
T$@j
t$8H
L$@L9
L$@H
L$0H
D$0I
D$@H
t$8H
\$@L
t$HH
t$XH
l$PI
l$0I
d$(L
D$@L9
d$(H
\$Xf
[A\A]A^A_]
t$0H
L$8H
j,ZH
j-ZH
D$8H
d$(L
oD$8H
d$(L
j(ZH
t$0H
t$0H
|$ H
t$(H
t$0H
j+^H
AWAVATSPH
[A\A^A_
UAWAVAUATSH
[A\A]A^A_]
AWAVSH
t$Pj
L$PH
resuL
|$0H
|$0H
t$PH
D$(H
[A^A_
j7^H
UAVSH
L;3u
[A^]
AWAVATSPH
[A\A^A_
m4fff.
AWAVAUATSH
fffff.
8[A\A]A^A_]
8[A\A]A^A_]
H8E1
AWAVATSI
fff.
[A\A^A_]
AWAVATSL
[A\A^A_]
[A\A^A_]
AWAVAUATSH
tQE1
t/I9
[A\A]A^A_]
[A\A]A^A_]
AWAVAUATSH
X[A\A]A^A_]
ffffff.
fffff.
fff.
AWAVS1
ffff.
[A^A_]
AWAVAUATSH
x[A\A]A^A_]
AWAVAUATSH
w4L9
%ffffff.
([A\A]A^A_]
AWAVATSL
[A\A^A_]
[A\A^A_]
AWAVAUATSH
[A\A]A^A_]
	wAI
	w)I
	wNM
	w2I
	wQM
	w3I
	w]M
	wCM
AWAVATSH
::uuH
:uVH
 [A\A^A_]
AWAVAUATSH
H[A\A]A^A_]
AWAVSH
ffffff.
8[A^A_]
uHUH
AWAVAUATSH
h[A\A]A^A_]
AWAVATSH
p[A\A^A_]
AWAVAUATSH
[A\A]A^A_]
AWAVSH
[A^A_]
AWAVAUATSH
t2I9
t!H9
u]H)
H[A\A]A^A_]
AVSH
 [A^]
AWAVATSH
|$ H
[A\A^A_]
AVSH
[A^]
[A^]
tED)
fffff.
AWAVATSL
uAI9
B8<8M
offf.
fffff.
0ff.
[A\A^A_]
uEUH
AVSL
t9I9
fffff.
fff.
[A^]
AWAVSPL
A88M
[A^A_]
AWAVAUATSH
*fffff.
<<C8<
fffff.
<.H9
<<C8<
$fff.
&fffff.
fff.
[A\A]A^A_]
AVSH
[A^]
fff.
fff.
>+uSH
rIE1
?+uMH
rCE1
tZfA
	wSE
>+uoH
<umH
fff.
cv6H
m4fffff.
fff.
tED)
fffff.
tDD)
ffff.
AWAVAUATSH
[A\A]A^A_]
AWAVAUATSH
[A\A]A^A_]
AWAVAUATSH
[A\A]A^A_]
AWAVAUATSH
[A\A]A^A_]
AWAVATSH
[A\A^A_]
AWAVSPH
[A^A_]
AWAVATSH
0[A\A^A_]
AWAVATSI
[A\A^A_]
AWAVAUATSH
[A\A]A^A_]
t.E1
t.E1
M;/u
AWAVS
[A^A_
UAWAVSPH
<3L1
[A^A_]
j ZH
AWAVATSH
8[A\A^A_
T$ H
t$0H
D$ I
AWAVSI
[A^A_
UAVSH
[A^]A
j _A
@rfH
 s$H
oG@f
AWAVAUATSH
[A\A]A^A_]
oT$ 
oL$@
oD$`
G I9
UAVSH
[A^]A
s<US
 s(H
@8>A
UUUUA
3333A
3333H9
UUUUE)
@89@
@89@
s+UAVSH
@8>A
oI f
oI0f
@89@
[A^]
AWAVAUATSH
s4fffff.
skM9
Sffffff.
Mffff.
ffff.
s1ff.
ffff.
Offffff.
fff.
tmE1
sEE1
ffff.
fff.
u?L9
fff.
s&M9
s E1
[A\A]A^A_]
AWAVAUATSH
3333
3333B
UUUU
UUUUB
[A\A]A^A_]
s*H9
u;I9
s-L9
s5L)
rmL9
AWAVATSH
ffff.
0[A\A^A_]
oJ f
oB0f
t(PH
AWAVAUATSH
 [A\A]A^A_
UAVSH
L;3u
[A^]
AWAVATSPI
$9u H
[A\A^A_
UAWAVSPI
[A^A_]
[A^A_]
UAWAVAUATSH
D$ L
H;\$ 
([A\A]A^A_]
AVSPj
UAWAVAUATSH
t$ j
([A\A]A^A_]
UAWAVAUATSH
t$ H
j@YL
j([E1
t8L;|$
j@ZL
j@_L
j@A\
j@Zt
?j?Y)
T$ H
([A\A]A^A_]
_j ^
Zj@YI
AWAVAUATSH
s,I9
ffff.
ffff.
w#I9
8[A\A]A^A_]
AWAVATSH
`[A\A^A_]
`[A\A^A_]
Mt4H
Su.H
AVSH
 [A^]
 [A^]
su#L
fff.
_tHD
<	wiI
t<H9
@umH
t*H9
AWAVAUATSH
[A\A]A^A_]
 t'H
$ff.
t&I)
ffff.
[A\A]A^A_]
s!UH
AWAVSH
[A^A_]
Au/H
[A^A_]
Rt%H
AWAVATSH
fffff.
EtAI
[A\A^A_]
Lu#L
_u.H
ffff.
_t@D
AWAVATSH
nu-H
[A\A^A_]
[A\A^A_]
Rt%H
AWAVAUATSH
o(M)
[A\A]A^A_]
[A\A]A^A_]
AWAVAUATSPH
_ucI
[A\A]A^A_]
[A\A]A^A_]
AVSH
 [A^]
 [A^]
AWAVATSH
[A\A^A_]
AWAVAUATSH
"u"H
ffffff.
[A\A]A^A_]
[A\A]A^A_]
AWAVAUATSH
8[A\A]A^A_]
8[A\A]A^A_]
8[A\A]A^A_]
AWAVATSH
fffff.
EtFI
[A\A^A_]
AWAVATSH
fffff.
EtLH
[A\A^A_]
AWAVAUATSH
<9_u
fff.
_t}D
H[A\A]A^A_]
AVSH
 [A^]
AWAVAUATSH
ffffff.
[A\A]A^A_]
AWAVAUATSH
FPH9
saM9
fff.
fffff.
8[A\A]A^A_]
AWAVAUATSPH
Gu*H
#ff.
[A\A]A^A_]
[A\A]A^A_]
_tID
D)c(H
[A\A]A^A_]
AVSH
fff.
_tuD
 [A^]
 [A^]
_tHD
AWAVATSH
fffff.
EtGH
[A\A^A_]
AWAVAUATSPH
Gu+H
$fff.
[A\A]A^A_]
9<_tdD
ffff.
tbE1
Et;I
D)s(D
[A\A]A^A_]
AWAVAUATSH
fff.
H[A\A]A^A_]
H[A\A]A^A_]
AWAVATSH
Bu4L
 [A\A^A_]
ffff.
_t@D
AWAVAUATSH
Ku*H
<1CuSH
[A\A]A^A_]
ffffff.
[A\A]A^A_]
AWAVAUATSH
<)H9
fff.
<)H9
4*G:4(t
ffffff.
fffff.
t1fA
;__ZN
t5L9
rRfA
;_RtzA
;RtZA
[A\A]A^A_]
AWAVAUATSH
.fff.
kff.
|$ I
.u;I
|$ I
|$ I
D$(L
|$ I
D$(L
|$ I
D$(L
|$ I
<$SPH
<$BPH
<$RFH
<$LTH
<$GTH
<$LPH
<$RPH
|$ I
:+uyI
|$ I
[A\A]A^A_]
UAWAVAUATSH
Lct$PH
[A\A]A^A_]
43333333H
jdAZL
cv'jdY1
UAWAVAUATSH
D$HH
D$PH
D$HH
D$(H
D$HL
D$HL
h[A\A]A^A_]
UAWAVAUATSH
T$ H
L$8H
T$@L
\$PH
D$H@
D$ M
|$ A
t$PM
T$XL
L$ M
L$ 1
\$PH
t$PH
h[A\A]A^A_]
AVSPH
AWAVATSPI
[A\A^A_
L$(H
|$HH
D$`H
T$0H
T$0H
UAWAVAUATSH
t$PH
\$XH
|$`j	AXL
L$pH
T$xH
T$@L
T$8I
T$0H
T$(H
|$ H
L$@J
L$8N
rDH9
L+l$
|$ H
L$(L
D$0H
L+l$
|$ H
T$yj
D$yM
 column H9
d$`L
d$`M
tyE1
t$HH9
A^j(_
[A\A]A^A_]
d$hL9
AWAVAUATSH
[A\A]A^A_
UAWAVAUATSH
D$(L
t$0H
\$@L
d$8I
t$0H
d$@L
L$8M
D$8L
T$ D
?sJj
D$0D
jdAXL
d$(v
H=PJ
H[A\A]A^A_]
UAWAVAUATSH
"uTI
toL9
([A\A]A^A_]
UAWAVAUATSPH
""""""""I
\\\\\\\\I
H+4$I
[A\A]A^A_]
[A\A]A^A_]
AVSPH
AWAVSH
0[A^A_
UAVS
L;7u
[A^]
AWAVATSH
[A\A^A_
UAVSH
[A^]
[A^]
AVSPH
AWAVSH
X [A^A_
AWAVATSPH
[A\A^A_
AVSPH
 r	H
UAWAVAUATSPI
j(]j	A]L
#u/H
[A\A]A^A_]
t SH
AWAVSH
[A^A_
[A^A_
AWAVAUATSI
[A\A]A^A_
UAWAVAUATSH
X[A\A]A^A_]
X[A\A]A^A_]
X[A\A]A^A_]
UAWAVAUATSH
l$0M
l$(D
T$ H
uu4D
\u00
8[A\A]A^A_]
AWAVSH
[A^A_
[A^A_
cv!fA
cv"fA
AWAVSH
[A^A_
[A^A_
AVSH
UAWAVAUATSH
X[A\A]A^A_]
X[A\A]A^A_]
X[A\A]A^A_]
AWAVATSH
D$XH
d$@A
|$ H
D$(H
[A\A^A_
j7^H
UAWAVAUATSH
\$@H
l$HL
|$8I
T$0H
D$XH
D$`L
|$hH
D$8H
D$pH
D$PH
D$0H
l$HH
)D$PH
D$`L
|$hH
H;D$Pq0H
D$XI
t$`H
(D$P
[A\A]A^A_]
L$pH
)D$PH
D$`H
T$8H
T$h1
H;D$Pq
l$HH
L$@s
t$pH
Wt(I
A^E1
D$8A
T$0H
D$0f
T$PH
L$8H9
D$ H
D$ H
D$ H
D$ H
|$hM
D$hH
u)I9
UAWAVAUATSPM
[A\A]A^A_]
UAWAVAUATSH
)D$ H
L$HL
(D$ 
(L$0
(T$@H
L$PH
X[A\A]A^A_]
AWAVSH
s$Ik
[A^A_
AWAVSI
[A^A_
UAWAVAUATSPH
[A\A]A^A_]
Yj AX
AVSH
([A^
AWAVATSH
G(H;G 
d$0j
d$@L
L$PH
d$ L
D$(H
X[A\A^A_
|$0L
X[A\A^A_
UAWAVAUATSH
4u*I
8[A\A]A^A_]
t$ H
t$ H
UAWAVATSH
0[A\A^A_]
0u(I
F(I;F s
s$H9
~(Hk
0[A\A^A_]
D$ H
AVSPH
AVSH
F(H;F s,H
xafH
V(E1
UAWAVSH
^ E1
s9H9
N(Hk
[A^A_]
[A^A_]
[A^A_]
[A^A_]
UAWAVAUATSH
H;N s I
8[A\A]A^A_]
v(H9
8[A\A]A^A_]
t$ H
t$ H
8[A\A]A^A_]
~(H9
V(M9
	w	I
AVSH
([A^
UAVSH
@[A^]
,u8H
t$(H
t$(H
t$(H
t$(H
AVSH
([A^
AWAVATSH
<"uaf
5<,udI
([A\A^A_
AWAVATSH
2<,uSI
([A\A^A_
L$(H
|$HH
^j ZH
AWAVATSH
\ufH
w$Ic
[A\A^A_
CARP&N
AVSPH
j	Zj
ASARj	SAV
8[A^
UAWAVAUATSH
T$ H
|$	#u
([A\A]A^A_]
AWAVSH
[A^A_
[A^A_
UAWAVAUATSH
t$ H
|$	#u
([A\A]A^A_]
AVSH
AWAVSH
[A^A_
AWAVAUATSH
[A\A]A^A_
AWAVATSP
[A\A^A_
AWAVAUATSH
l$8M
D$	H
L$/H
L$(A
D$(H
T$/H
l$8L
P[A\A]A^A_
AWAVAUATSH
[A\A]A^A_
T$(H
UAWAVSP
[A^A_]
AVSPH
j	Zj
ASARj	SAV
8[A^
AWAVAUATSH
 [A\A]A^A_
AWAVSH
[A^A_
[A^A_
AVSPH
UAWAVAUATSH
[A\A]A^A_]
UAWAVAUATSH
[A\A]A^A_]
t$Xj
L$ H
D$@I
L$0A
t$ H
t$ H
Yj0AX
AVSP
UAWAVAUATSH
D$ L
t$ L
([A\A]A^A_]
UAWAVAUATSH
t$(H
A_E1
|$8H
H;l$
T$XC
T7 C
l$ I
D$ H
L$(H
h[A\A]A^A_]
AWAVATSPI
[A\A^A_
UAWAVAUATSH
A]E1
([A\A]A^A_]
AVSPH
Yj(Z
~FAWAVSH
[A^A_
UAWAVAUATSH
d$(L
M)o0E1
D$8H
|$ L
h[A\A]A^A_]
USPH
AWAVATSH
D$ H
([A\A^A_
UAWAVAUATSH
t$8L
)D$ I
L$0H9
t$XH
t$ L
D$hH
l$8H
L$0H
(D$ 
x[A\A]A^A_]
L$PH
x[A\A]A^A_]
AWAVATSPH
j=ZL
[A\A^A_
AVSH
w([A^
AWAVATSPH
jYZL
[A\A^A_
AWAVAUATSH
x2E1
D$ H
jYZL
@[A\A]A^A_
AWAVAUATSH
_Lc:H
Lc2H
H[A\A]A^A_]
AWAVATSH
@[A\A^A_]
AWAVATSH
[A\A^A_]
[A\A^A_]
AWAVAUATSH
fff.
H[A\A]A^A_]
AVSH
[A^]
[A^]
AWAVSH
[A^A_]
[A^A_]
[A^A_]
AWAVAUATSPH
t3M9
[A\A]A^A_]
AWAVAUATSH
"fffff.
t3M9
[A\A]A^A_]
AWAVAUATSH
ffff.
t:L9
H[A\A]A^A_]
AWAVSH
PARj
ASAW
[A^A_]
AWAVAUATSH
[A\A]A^A_]
E#&A	
AWAVSPH
[A^A_]
AVSH
0[A^]
AWAVAUATSH
[A\A]A^A_]
ffff.
AWAVAUATSH
<;/t
fffff.
<;/t
[A\A]A^A_]
ffffff.
AVSI
.u+1
[A^]
AWAVAUATSH
L$0I
[A\A]A^A_]
l$:I
D$ H
/t5I
D$0H
V H;S u
[A^]
AWAVSH
[A^A_]
[A^A_]
AVSH
[A^]
AVSH
[A^]
AWAVATSH
 [A\A^A_]
 [A\A^A_]
AWAVAUATSH
[A\A]A^A_]
AWAVAUATSH
!sxH
([A\A]A^A_]
AWAVAUATSH
D#8A	
8[A\A]A^A_]
8[A\A]A^A_]
AWAVAUATSH
[A\A]A^A_]
AWAVAUATSH
?/u4H
h[A\A]A^A_]
h[A\A]A^A_]
AWAVAUATSH
u4H;
ffffff.
fffff.
[A\A]A^A_]
AVSH
[A^]
AWAVAUATSH
[A\A]A^A_]
AWAVAUATSH
[A\A]A^A_]
ELFu
T7 M
L+D0
AWAVAUATSPH
ffffff.
[A\A]A^A_]
[A\A]A^A_]
AWAVAUATSH
ffff.
UfA	
[A\A]A^A_]
AWAVAUATSH
vDE1
.debH
8[A\A]A^A_]
AWAVAUATSH
[A\A]A^A_]
[A\A]A^A_]
?/ujH
AWAVATSH
[A\A^A_]
AWAVAUATSH
G8:F8u_
[A\A]A^A_]
AWAVATSH
[A\A^A_]
AWAVATSH
[A\A^A_]
AWAVAUATSH
/.dwpI
:..u	
l$(M;l$
L$ L
L$ H
[A\A]A^A_]
AWAVAUATSH
?ffff.
t@L+
&fff.
[A\A]A^A_]
ffffff.
H;J s
t0E1
L9,8L
L9)H
=ffff.
V H;
I;T?
fff.
t=Hi
t:Hi
AWAVAUATSH
Ku"I
[A\A]A^A_]
AWAVAUATSH
T$ A
D$PH
l$0I
\$HM
t$ I
D$(H
|$8H
vJM;w
|$8I
r H9
|$8A
|$8E1
[A\A]A^A_]
<(O9d
L9?v
)M9d
w3r1L9:w,L9z
syL;e
AVSH
[A^]
[A^]
AVSH
[A^]
AWAVAUATSPH
<$/u
t7L9
[A\A]A^A_]
[A\A]A^A_]
AVSH
<uxL
0[A^]
AWAVAUATSH
.debH
bug_3J
[A\A]A^A_]
.zdebug_H90@
;ZLIB
tBUH
AWAVAUATSL
WIfD
[A\A]A^A_]
AWAVAUATSH
t+E1
<9Ku#L
fff.
ffffff.
"ff.
t"Hk
<KuNL
q~[=0!
t6=3!
PHH)
/tjH
[A\A]A^A_]
D2 H
AVSH
[A^]
AVS@
[A^]
[A^]
AWAVAUATSH
y(I)
s!Hk
t0E1
h.uH
\$(L
ffff.
I;0s
dN;,
f <K
ulE1
[A\A]A^A_]
ffff.
4RO9,
RO9,
fffff.
H;J H
sFHk
IL9,
t+E1
C H;S
AWAVAUATSH
GhE1
:uEH
[A\A]A^A_]
AWAVAUATSH
fff.
fffff.
ffff.
L9 u"L
[A\A]A^A_]
P0I;P
fffff.
.tzH
9fffff.
AWAVAUATSPL
[A\A]A^A_]
[A\A]A^A_]
t5E1
ffff.
@J94
AVSH
:uxL
0[A^]
AWAVAUATSH
s.E1
[A\A]A^A_]
[A\A]A^A_]
AVSH
0[A^]
AVSH
;uxL
0[A^]
AWAVAUATSPI
[A\A]A^A_]
[A\A]A^A_]
AWAVAUATSH
I;Eh
I9Eh
[A\A]A^A_]
AWAVAUATSPI
[A\A]A^A_]
[A\A]A^A_]
AWAVATSH
ffff.
[A\A^A_]
[A\A^A_]
FhH9
NxI)
@xH9
fffff.
FXH9
fff.
VhH9
AWAVAUATSH
w0H9
fffff.
fff.
ffff.
[A\A]A^A_]
[A\A]A^A_]
AWAVAUATSH
D$0I
L$pE1
I;D$
I;L$P@
D<0L
H;D9
D8pA
H;D9PA
T; D
\;0D
d;@D
l;PD
t;`D
D$ H
@sAI
fffff.
fffff.
t>M9
fff.
/fffff.
fff.
N;L1
[A\A]A^A_]
AWAVAUATSPI
4?Li
[A\A]A^A_]
AWAVATSH
s,E1
[A\A^A_]
[A\A^A_]
AWAVAUATSPI
v H=
ffff.
ffff.
fffff.
4)I!
[A\A]A^A_]
AWAVAUATSH
<Ku(H
([A\A]A^A_]
AVSH
0[A^]
AVSI
[A^]
AWAVAUATSM
+w*Oc4
fffff.
ffff.
t,L)
[A\A]A^A_]
AWAVAUATSPI
[A\A]A^A_]
[A\A]A^A_]
AWAVATSH
ffff.
[A\A^A_]
[A\A^A_]
AWAVAUATSPL
[A\A]A^A_]
[A\A]A^A_]
AWAVAUATSH
L$8H
L$0L
L$(H)
hJfD
s H;
t1E1
fffff.
t1E1
M;4$u
L;6u
L;&u
u ATAR
q(H)
[A\A]A^A_]
AWAVAUATSH
s.E1
[A\A]A^A_]
<unI
[A\A]A^A_]
AWAVSPL
r8E1
txIi
[A^A_]
AWAVAUATSH
~IE1
[A\A]A^A_]
I;B s
t+E1
1u(H
AWAVAUATSH
fffff.
W0H;W
w wJH;7sEA
[A\A]A^A_]
[A\A]A^A_]
AWAVAUATSH
!sML
D$ H
fffff.
H98@
ffffff.
tEM9
fffff.
I96@
*fffff.
I;;s
I;;r
[A\A]A^A_]
H9G 
WpH9
W`H9
L9O`
I98A
9H98
Np[]
AWAVAUATSPH
4?Li
r=wZI9
[A\A]A^A_]
AVSH
0[A^]
AWAVAUATSH
<6H)
ffffff.
[A\A]A^A_]
[A\A]A^A_]
AWAVAUATSH
F0I;N0L
L>HE1
\8HH
L;L90O
D;0A
@s0I
8I;}
tFM9
fff.
sBffffff.
H;0H
hffffff.
[A\A]A^A_]
AWAVAUATSPI
4?Li
[A\A]A^A_]
AVSH
[A^]
AWAVAUATSPH
[A\A]A^A_]
[A\A]A^A_]
?/tSH
AWAVSH
h[A^A_]
AWAVAUATSPI
rLfffff.
fff.
rPffffff.
[A\A]A^A_]
AWAVAUATSPH
[A\A]A^A_]
AWAVAUATSPH
[A\A]A^A_]
AWAVAUATSH
NPH)
J8E1
H+J0N
L+J(I
fffff.
D$0H
s=Hk
t+E1
h[A\A]A^A_]
AWAVAUATSH
X[A\A]A^A_]
AWAVAUATSH
h[A\A]A^A_]
AWAVAUATSH
h[A\A]A^A_]
AWAVAUATSL
[A\A]A^A_]
%wBH
t\=!
fff.
AVSH
>uyJ
0[A^]
AWAVAUATSPH
M;.t
M;.u
[A\A]A^A_]
AWAVAUATSH
[A\A]A^A_]
AVSH
"fffff.
`[A^]
AWAVAUATSPI
rLfffff.
fff.
rPffffff.
[A\A]A^A_]
AVSH
 [A^]
AVSH
=uyJ
0[A^]
AWAVATSH
[A\A^A_]
r8t6I
AWAVAUATSH
s.E1
[A\A]A^A_]
=unI
[A\A]A^A_]
AVSH
0[A^]
AVSH
[A^]
[A^]
AWAVAUATSH
s.E1
[A\A]A^A_]
<unI
[A\A]A^A_]
AWAVAUATSPI
[A\A]A^A_]
[A\A]A^A_]
AWAVAUATSPI
[A\A]A^A_]
[A\A]A^A_]
AVSH
0[A^]
AVSH
[A^]
AWAVAUATSPI
[A\A]A^A_]
[A\A]A^A_]
tDUH
AWAVAUATSH
[A\A]A^A_]
tTE9
UUUUD
3333
3333D
AWAVAUATSPH
fffff.
[A\A]A^A_]
AVSH
[A^]
AWAVAUATSPH
&fffff.
[A\A]A^A_]
[A\A]A^A_]
fffff.
AWAVAUATSH
w H9
fff.
fffff.
fff.
ffffff.
[A\A]A^A_]
[A\A]A^A_]
AWAVAUATSH
D$ I
L$`E1
I;L$@@
D< E1
D8`A
H;D9@A
T; D
\;0D
d;@D
l;PD
t;`D
D$ H
fffff.
tEM9
H;0H
fffff.
[A\A]A^A_]
AWAVAUATSPI
4?Li
[A\A]A^A_]
AWAVAUATSH
ffffff.
<>H9
fffff.
fff.
[A\A]A^A_]
[A\A]A^A_]
AWAVAUATSH
ffff.
ffff.
s;ff.
tDM9
fff.
ffff.
ffffff.
H;0H
H;x 
H;p0H
H;0H
H0E1
H;H @
2I;3L
L00A
L;L0 A
d  K
[A\A]A^A_]
AWAVAUATSPH
O0E1
H;O A
OpE1
H;G@A
H;O`A
:I;?L
rpL9
<;E1
K;<&O
O;$3A
[A\A]A^A_]
AWAVAUATSPI
4?Lk
[A\A]A^A_]
AWAVAUATSH
ffff.
[A\A]A^A_]
AWAVSH
([A^A_]
AVSH
0[A^]
uMH9
AWAVAUATSH
[A\A]A^A_]
ffffff.
@s8I
M9(L
M9(L
fffff.
I;0L
I;0L
[A\A]A^A_]
AWAVAUATSH
WHE1
O0H;W0O
0H;D
 O;$
[A\A]A^A_]
AWAVAUATSPI
4?Li
[A\A]A^A_]
AWAVAUATSH
self/exeH
/proc/seH
fffff.
[A\A]A^A_]
AVSH
0[A^]
AWAVAUATSPI
[A\A]A^A_]
[A\A]A^A_]
AVSH
0[A^]
AVSH
ffffff.
0u!A
[A^]
teUH
7H;w
AWAVSH
H[A^A_]
AWAVSPH
[A^A_]
AWAVSH
x[A^A_]
AWAVAUATSH
fffff.
@u!A
fffff.
ffff.
8[A\A]A^A_]
@ua1
AWAVAUATSH
T$ A
T$ A
[A\A]A^A_]
AVSH
ffffff.
[A^]
AWAVSPI
[A^A_]
[A^A_]
AWAVATSH
[A\A^A_]
AWAVSPH
L;3u
[A^A_]
AWAVSPH
[A^A_]
AWAVAUATSH
[A\A]A^A_]
AWAVATSH
 [A\A^A_]
 [A\A^A_]
AWAVATSH
[A\A^A_]
AWAVAUATSH
:uXH
t"I)
[A\A]A^A_]
ffffff.
ffff.
AVSH
[A^]
;sDH
AWAVAUATSH
Lc I
Lc I
[A\A]A^A_]
AWAVAUATSH
fff.
.gnu_debH1
ebuglinkH1
fff.
vBI9w
M;'v
D$(H
D$,H
@@I)
q8E1
ffffff.
fff.
LtqA
<Ku'I
T$ L
fff.
t"H;H
[A\A]A^A_]
tHL9
tTL9
;.debL
tGH9
ib/debugK
/usr/libK
tHL9
tGH9
AWAVAUATSH
[A\A]A^A_]
AWAVAUATSH
fff.
sDM9
$*G:$(t
ffff.
ffffff.
[A\A]A^A_]
ffffff.
xfff.
A;D8
AVSH
 [A^]
AWAVATSH
P[A\A^A_]
AWAVAUATSH
ACKTRACEH
RUST_BACH
j	XH
j	XH
8fullu
AVSH
[A^]
q=UH
AWAVATSH
P[A\A^A_]
AWAVAUATSH
([A\A]A^A_]
AWAVAUATSH
AuthentiL1
cAMDH	
HygonGenL1
uineH	
GenuineII1
ntelL	
H[A\A]A^A_]
j Zj
AVSI
[A^]
AWAVAUATSH
([A\A]A^A_]
}0I)
D$8H
([A\A]A^A_]
AWAVATSI
[A\A^A_]
AWAVAUATSH
[A\A]A^A_]
AWAVAUATSH
rsa-sha2H
-512H	
t;H3
H5-2561
([A\A]A^A_]
([A\A]A^A_]
t	H9
AWAVAUATSH
x[A\A]A^A_]
x[A\A]A^A_]
AWAVAUATSH
t$hH
([A\A]A^A_]
AVSH
H8D9
[A^]
9X8tPH
9X8t
[A^]
AWAVAUATSH
[u5H
8[A\A]A^A_]
AWAVAUATSH
[A\A]A^A_]
AWAVAUATSPI
[A\A]A^A_]
AWAVAUATSH
([A\A]A^A_]
AWAVAUATSH
ctbH
([A\A]A^A_]
([A\A]A^A_]
AWAVAUATSPH
[A\A]A^A_]
AWAVAUATSPH
;C8ug1
I+G(H
H)Ch)CTH
[A\A]A^A_]
[A\A]A^A_]
AWAVSPA
C`E1
C`E1
[A^A_]
[A^A_]
tCUH
AWAVSP
[A^A_]
AWAVAUATSH
9A8t
9A8uxH
G(I)
H)Ah)AT
8[A\A]A^A_]
AWAVAUATSPH
GTH9
[A\A]A^A_]
AWAVAUATSPI
;C8u
o M+o(M
[A\A]A^A_]
AWAVAUATSH
A)F@A
[A\A]A^A_]
F@H9
FDH9
$H+U
AWAVSPI
[A^A_]
tqUH
AWAVSPH
[A^A_]
AWAVATSH
spE1
[A\A^A_]
AWAVATSH
[A\A^A_]
t<UH
AVSH
[A^]
AWAVAUATSH
)O`A
)GPH
[A\A]A^A_]
AWAVAUATSH
[A\A]A^A_]
AWAVAUATSH
@t@I
[A\A]A^A_]
AWAVATSI
[A\A^A_]
AWAVATSI
[A\A^A_]
AWAVATSI
[A\A^A_]
AWAVSPA
[A^A_]
AWAVAUATSH
)E`A
)EPA
)E@A
)E0A
)E A
)M`A
)EPH
[A\A]A^A_]
AWAVAUATSH
tfE1
x[A\A]A^A_]
AWAVATSI
[A\A^A_]
AWAVAUATSPD
[A\A]A^A_]
AWAVAUATSH
H;5	
H[A\A]A^A_]
AWAVAUATSPM
AWAVSj
[A\A]A^A_]
AWAVATSI
[A\A^A_]
AWAVAUATSH
x[A\A]A^A_]
x[A\A]A^A_]
AWAVATSH
 [A\A^A_]
AWAVATSI
[A\A^A_]
AWAVAUATSPM
AWAVSj
[A\A]A^A_]
AWAVAUATSH
 uhM
([A\A]A^A_]
AWAVATSH
tKE1
 [A\A^A_]
AWAVAUATSH
@usL
H[A\A]A^A_]
ssh-ed25I
5519M
AWAVAUATSH
X[A\A]A^A_]
AWAVAUATSH
AUATAWj
[A\A]A^A_]
[A\A]A^A_]
AWAVSPH
[A^A_]
[A^A_]
AWAVAUATSH
8[A\A]A^A_]
AWAVAUATSH
8[A\A]A^A_]
8[A\A]A^A_]
AWAVATSA
[A\A^A_]
AVSH
[A^]
AVSH
[A^]
AVSH
[A^]
AVSH
[A^]
AVSH
[A^]
AVSH
[A^]
AVSH
[A^]
AVSH
[A^]
AVSH
[A^]
AVSH
[A^]
AWAVATSH
 [A\A^A_]
AWAVAUATSH
[A\A]A^A_]
AWAVAUATSH
)O`A
)GPL
[A\A]A^A_]
AWAVAUATSH
([A\A]A^A_]
AWAVAUATSH
 u"I
8[A\A]A^A_]
AWAVAUATSPL
[A\A]A^A_]
AWAVAUATSH
H[A\A]A^A_]
H[A\A]A^A_]
AWAVAUATSH
ssh-ed25L
5519H
H[A\A]A^A_]
AWAVAUATSH
-rsaA
ssh-I
-rsa
ssh-H
8[A\A]A^A_]
AWAVAUATSH
C omL
p256
H[A\A]A^A_]
p384
p521
AWAVAUATSPL
[A\A]A^A_]
ssh-3
-rsa3N
AWAVSPH
[A^A_]
AWAVAUATSH
[A\A]A^A_]
AWAVAUATSH
[A\A]A^A_]
)APH
AWAVAUATSH
X[A\A]A^A_]
AWAVAUATSPI
[A\A]A^A_]
AWAVSPH
[A^A_]
AWAVAUATSPM
wINc
[A\A]A^A_]
t+UH
AVSI
[A^]
AWAVSPL
[A^A_]
AWAVSH
[A^A_]
AWAVATSH
[A\A^A_]
AWAVATSH
[A\A^A_]
AWAVSPH
[A^A_]
AWAVAUATSH
\$pI
T$ H
D$LH
D$PA
D$8H
D$<I
D$@H
t$LL
t$8L
t$PL
t$XL
|$pL
T$ H
D$LH
D$PA
D$8H
D$<I
D$@H
t$LL
t$8L
t$PL
t$XL
|$pH
[A\A]A^A_]
D$hI
L$TH
t$TL
forwardeI3F
ed-tcpipI3N
H	E1
exit-staI3F	H
t-statusI3N
exit-sigI3F	H
t-signalI3N
D$0H
D$0B
D$XH9
|$XL
L$TI
T$hH9
D$TL
M+|$hI
D$hL
server-sH1
sig-algsH1
D$(;
l$ L
[A\A]A^A_]
A;D$@
AWAVAUATSH
E87u.M
e L;e
8[A\A]A^A_]
8[A\A]A^A_]
AWAVAUATSH
t<E1
([A\A]A^A_]
AWAVAUATSH
[A\A]A^A_]
AWAVAUATSH
[A\A]A^A_]
xSt$H
AWAVAUATSH
([A\A]A^A_]
AWAVAUATSH
tYM9
wTI9
,tNI
[A\A]A^A_]
AWAVAUATSH
[A\A]A^A_]
AWAVAUATSPH
[A\A]A^A_]
AVSH
[A^]
AWAVAUATSPI
[A\A]A^A_]
AWAVAUATSH
([A\A]A^A_]
AWAVAUATSH
[A\A]A^A_]
AWAVAUATSH
X(E1
[A\A]A^A_]
AWAVAUATSH
X@E1
[A\A]A^A_]
AWAVAUATSH
|$xM
([A\A]A^A_]
AWAVAUATSH
 u.H
[A\A]A^A_]
AVSH
[A^]
[A^]
AVSH
[A^]
AWAVSH
[A^A_]
AVSH
[A^]
[A^]
AWAVSPA
[A^A_]
AWAVAUATSH
x[A\A]A^A_]
x[A\A]A^A_]
p E1
p E1
p E1
p E1
p E1
v E1
p E1
p E1
p E1
p E1
p E1
p E1
AVSH
[A^]
AWAVSH
H[A^A_]
ASARPj!j 
AWAVSPH
[A^A_]
[A^A_]
AWAVAUATSH
 uHL
x[A\A]A^A_]
E0tVH
AWAVAUATSH
|$ H
|$@H
|$0H
([A\A]A^A_]
AWAVSPH
[A^A_]
AWAVSH
8[A^A_]
AWAVSH
8[A^A_]
AWAVAUATSH
([A\A]A^A_]
AWAVSH
8[A^A_]
AWAVSH
H[A^A_]
ASARPj!j 
AWAVAUATSH
X[A\A]A^A_]
AWAVAUATSPI
[A\A]A^A_]
AWAVAUATSPL
[A\A]A^A_]
AWAVATSH
`[A\A^A_]
AWAVAUATSH
h[A\A]A^A_]
AWAVAUATSH
8[A\A]A^A_]
AWAVATSH
[A\A^A_]
AWAVAUATSPL
[A\A]A^A_]
AWAVATSH
[A\A^A_]
AWAVATSH
[A\A^A_]
AWAVAUATSPL
[A\A]A^A_]
AWAVAUATSH
h[A\A]A^A_]
AWAVAUATSH
H[A\A]A^A_]
AWAVAUATSH
H[A\A]A^A_]
AWAVAUATSPL
[A\A]A^A_]
AWAVSPI
[A^A_]
AWAVAUATSH
[A\A]A^A_]
t3UH
AVSH
[A^]1
AWAVAUATSH
[A\A]A^A_]
@u5UH
AVSH
[A^]
AWAVAUATSH
h[A\A]A^A_]
AWAVAUATSH
[A\A]A^A_]
expa
nd 1
2-by
te k]
AWAVAUATSH
D3V D
D3~$D3^(D
D3F,D
D3v0E
D3f4D
D3n83~<
@v&H
X[A\A]A^A_]
AWAVAUATSH
[A\A]A^A_]
AWAVAUATSH
[A\A]A^A_]
AWAVAUATSH
[A\A]A^A_]
AWAVAUATSH
[A\A]A^A_]
AWAVAUATSH
[A\A]A^A_]
AWAVATSI
[A\A^A_]
[A\A^A_]
AWAVATSH
[A\A^A_]
[A\A^A_]
AWAVAUATSH
l$ H
uuM9
l$ M
D$ H
[A\A]A^A_]
[A\A]A^A_]
AWAVSPH
[A^A_]
[A^]
AWAVAUATSH
[A\A]A^A_]
AWAVAUATSH
[A\A]A^A_]
AWAVAUATSH
[A\A]A^A_]
[A\A]A^A_]
AWAVAUATSH
[A\A]A^A_]
AWAVAUATSH
<;D	
[A\A]A^A_]
AWAVAUATSH
[A\A]A^A_]
AWAVAUATSH
x[A\A]A^A_]
AWAVATSH
0[A\A^A_]
AWAVSH
tvHc
[A^A_]
AWAVAUATSH
ssh-userH
auth
H[A\A]A^A_]
AWAVATSH
[A\A^A_]
AWAVAUATSH
8[A\A]A^A_]
AWAVAUATSP
[A\A]A^A_]
AWAVATSH
 [A\A^A_]
AVSH
[A^]
AWAVAUATSH
x[A\A]A^A_]
AWAVAUATSH
[A\A]A^A_]
AWAVAUATSH
[A\A]A^A_]
AWAVAUATSH
x[A\A]A^A_]
	w#H
AWAVAUATSH
|$<I
L$0H
T$(L
\$(I)\$0t
I+N 
h[A\A]A^A_]
AWAVAUATSH
[A\A]A^A_]
AWAVAUATSH
u(H9
?euhH
x[A\A]A^A_]
AWAVAUATSH
F(I)F0u
F0H	
h[A\A]A^A_]
AWAVAUATSH
([A\A]A^A_]
AWAVAUATSH
H[A\A]A^A_]
AWAVAUATSH
8[A\A]A^A_]
AWAVAUATSH
|$HA
X[A\A]A^A_]
AWAVAUATSH
\$HL
[A\A]A^A_]
AWAVAUATSH
8[A\A]A^A_]
AWAVAUATSH
>euQH
\$HL
H[A\A]A^A_]
AWAVAUATSH
[A\A]A^A_]
AWAVAUATSH
G D8(u
[A\A]A^A_]
AWAVAUATSH
vhH9
FpH9
guGL
[A\A]A^A_]
[A\A]A^A_]
AWAVSPH
[A^A_]
AWAVAUATSH
([A\A]A^A_]
AWAVAUATSH
H[A\A]A^A_]
AWAVAUATSH
i(Lca
ASPA
[A\A]A^A_]
AWAVAUATSH
([A\A]A^A_]
AWAVAUATSH
S`L9
t(E1
u%Lc
S`L9
h[A\A]A^A_]
AWAVAUATSH
<4uTL
8[A\A]A^A_]
AWAVAUATSH
L$(H
><t	
h[A\A]A^A_]
AWAVSPI
[A^A_]
C omA
AWAVAUATSH
9.uXH
<0u?I
nssh.comJ
[A\A]A^A_]
AWAVAUATSH
X[A\A]A^A_]
AWAVAUATSH
H[A\A]A^A_]
 tVI
H[A\A]A^A_]
AWAVAUATSH
([A\A]A^A_]
([A\A]A^A_]
AWAVAUATSH
N@E1
8[A\A]A^A_]
AWAVAUATSH
E0E1
M9}`t
[A\A]A^A_]
[A\A]A^A_]
AVSH
[A^]
AWAVSPI
[A^A_]
t'UH
H99u
AWAVAUATSH
cXA!
4afC
s%M)
v&M9
[A\A]A^A_]
AVSH
[A^]
AWAVAUATSH
[A\A]A^A_]
N8I;V
V(H9
N8I;V
V(H9
t7Ic
F0E1
AWAVATSI
F D9
~(E)f L){(u
C [A\A^A_]
AWAVAUATSH
GPH9
t:A9
D)` L
)X H
whA)
wPH)
[A\A]A^A_]
AWAVATSA
[A\A^A_]
AWAVAUATSPA
[A\A]A^A_]
AWAVATS
[A\A^A_]
AWAVAUATSPA
CXA!
$ E1
,sfC
[A\A]A^A_]
AWAVAUATSPA
SXA!
4PfA
{XA!
[A\A]A^A_]
AWAVAUATSD
OPE1
C8D#
#D:"
	G:d
	L+]
4sA9
[A\A]A^A_]
AWAVAUATSI
@2>H
L3~ H
H3>A
H3F 
@2>@
[A\A]A^A_]H
H99u
AWAVATSA
[A\A^A_]
E9w8t
[A\A^A_]
AWAVATSA
[A\A^A_]
AWAVAUATSH
[A\A]A^A_]
A)[\M
@uT@
A;S@v*A
 u/@
	s?A
	s?A
C E1
	s&A
K\D)
S\;Q0s
S\;Q@s
K I9
I;K usE1
C(I9
w =N?
t?E9
OXE	
AWAVAUATSPA
EDA)
sNE)
}HL)
E@E1
[A\A]A^A_]
E@E1
AWAVAUATSL
O D)
 u&H
@X[A\A]A^A_]
AWAVAUATSH
[A\A]A^A_]
4FE9
AWAVSPA
[A^A_]
AWAVAUATSPA
[A\A]A^A_]
[A\A]A^A_]
AWAVAUATSH
t'Mc
t?Mc
H[A\A]A^A_]
AWAVAUATS
[A\A]A^A_]
AWAVSHc
fF9<
v=Hc
[A^A_]Ic
AVSE1
[A^]
AWAVAUATSD
[A\A]A^A_]
@u!H
@u$H
AWAVATSH
[A\A^A_]
AWAVAUATSH
X[A\A]A^A_]
AWAVAUATSH
H[A\A]A^A_]
AWAVATSH
[A\A^A_]
AWAVSPH
[A^A_]
AWAVSH
H[A^A_]
AWAVSPH
[A^A_]
AVSH
[A^]
AVSH
L;5D
s(f.
 L;5
[A^]
AWAVAUATSH
[A\A]A^A_]
AWAVAUATSH
[A\A]A^A_]
AWAVAUATSH
D0(M
([A\A]A^A_]
AWAVAUATSH
t6I97tEH
([A\A]A^A_]
AWAVAUATSH
.wmIcD
L+#L
[A\A]A^A_]
AWAVATS1
[A\A^A_]
AWAVAUATSH
([A\A]A^A_]
AWAVATSH
[A\A^A_]
AWAVAUATSH
tKI9
[A\A]A^A_]
AWAVAUATSH
IcN,H
IcN,I
IcV,I
IcN,H
IcN,I
IcN,D
[A\A]A^A_]
AWAVSP
[A^A_]
ydH9
y@H9
y H9
~uIH
AWAVAUATSH
[A\A]A^A_]
AWAVAUATSH
L98u
[A\A]A^A_]
AWAVAUATSPI
[A\A]A^A_]
AWAVAUATSH
([A\A]A^A_]
AWAVAUATSH
H9K w
h[A\A]A^A_]
AWAVSH
[A^A_]
AWAVATSH
[A\A^A_]
AWAVATSH
[A\A^A_]
AVSH
[A^]
g8_Y
rustc version 1.83.0 (90b35a623 2024-11-26)
clang version 19.1.7 (https://github.com/ziglang/zig-bootstrap 1c3c59435891bc9caf8cd1d3783773369d191c5f)
Linker: LLD 19.1.7 (https://github.com/ziglang/zig-bootstrap 1c3c59435891bc9caf8cd1d3783773369d191c5f)
.dynsym
.gnu.version
.gnu.version_r
.gnu.hash
.hash
.dynstr
.rela.dyn
.rela.plt
.rodata
.gcc_except_table
.eh_frame_hdr
.eh_frame
.text
.plt
.tdata
.tbss
.data.rel.ro
.init_array
.dynamic
.got
.got.plt
.relro_padding
.data
.bss
.comment
.shstrtab
