{
 "model": "tinyllama",
 "created_at": "2026-05-24T17:24:10.3422146Z",
 "response": "1C:Enterprise is a flagship product of software development company, 1C Company, that provides accou...",
 "done": true,
 "done_reason": "stop",
 "context": [
  529,
  29989,
  5205,
  29989,
  29958,
  13,
  3492,
  526,
  263,
  8444,
  319,
  29902,
  20255,
  29889,
  2,
  29871,
  13,
  29966,
  29989,
  1792,
  29989,
  29958,
  13,
  5618,
  338,
  29871,
  29896,
  29907,
  29901,
  10399,
  7734,
  29973,
  2,
  29871,
  13,
  29966,
  29989,
  465,
  22137,
  29989,
  29958,
  13,
  29896,
  29907,
  29901,
  10399,
  7734,
  338,
  263,
  13449,
  4034,
  3234,
  310,
  7047,
  5849,
  5001,
  29892,
  29871,
  29896,
  29907,
  6938,
  29892,
  393,
  8128,
  3633,
  292,
  322,
  18161,
  10643,
  8492,
  363,
  2319,
  322,
  18350,
  29899,
  2311,
  29881,
  5381,
  267,
  29889,
  739,
  16688,
  263,
  9377,
  3464,
  310,
  3168,
  29892,
  3704,
  11817,
  706,
  10643,
  29892,
  11962,
  9443,
  10643,
  313,
  11341,
  29924,
  511,
  3633,
  292,
  29892,
  5146,
  1245,
  29892,
  2437,
  7768,
  3277,
  29892,
  931,
  23110,
  29892,
  16538,
  23415,
  29892,
  322,
  18161,
  23415,
  29889,
  450,
  3234,
  338,
  2998,
  363,
  967,
  16326,
  310,
  671,
  29892,
  8525,
  4127,
  29892,
  15688,
  18152,
  537,
  29892,
  322,
  16424,
  5680,
  393,
  1371,
  13154,
  10933,
  1009,
  5381,
  6931,
  901,
  29497,
  29889
 ],
 "total_duration": 2226480300,
 "load_duration": 489180600,
 "prompt_eval_count": 43,
 "prompt_eval_duration": 201122000,
 "eval_count": 108,
 "eval_duration": 1491023000
}
