    {
 "model": "tinyllama",
 "created_at": "2025-04-14T20:16:18.5657288Z",
 "response": "{\n  \"age\": 22,\n  \"available\": true\n}\n",
 "done": true,
 "done_reason": "stop",
 "context": [
  529,
  29989,
  5205,
  29989,
  29958,
  13,
  3492,
  526,
  263,
  8444,
  319,
  29902,
  20255,
  29889,
  2,
  29871,
  13,
  29966,
  29989,
  1792,
  29989,
  29958,
  13,
  29949,
  13520,
  655,
  338,
  29871,
  29906,
  29906,
  2440,
  2030,
  322,
  338,
  19587,
  14238,
  278,
  3186,
  29889,
  2538,
  2818,
  773,
  4663,
  2,
  29871,
  13,
  29966,
  29989,
  465,
  22137,
  29989,
  29958,
  13,
  29912,
  13,
  259,
  29908,
  482,
  1115,
  29871,
  29906,
  29906,
  29892,
  13,
  259,
  29908,
  879,
  4233,
  569,
  1115,
  1565,
  13,
  29913,
  13
 ],
 "total_duration": 6006001600,
 "load_duration": 16012300,
 "prompt_eval_count": 54,
 "prompt_eval_duration": 2922997000,
 "eval_count": 23,
 "eval_duration": 3066001000
}
