{
 "model": "nomic-embed-text-v2-moe",
 "embeddings": [
  [
   -0.023377083,
   -0.039815597,
   -0.026976615,
   -0.040000755,
   0.037415713,
   -0.045650277,
   0.056364704,
   0.013559645,
   0.015879741,
   0.0711201,
   0.046037834,
   -0.086130954,
   0.024833031,
   -0.01432908,
   0.023052258,
   0.04044247,
   0.016339744,
   -0.05005762,
   -0.016876565,
   -0.014787036,
   0.049448553,
   0.019526914,
   -0.06560645,
   -0.04175051,
   -0.02843286,
   0.05182565,
   0.012752147,
   -0.0016665044,
   0.038716365,
   0.051535368,
   0.00584156,
   0.0007755707,
   0.022913434,
   0.06392446,
   -0.038003724,
   -0.033234283,
   -0.066329926,
   -0.08037679,
   0.042263642,
   0.016748663,
   0.01418123,
   0.013457093,
   0.011624278,
   0.014238991,
   -0.013748628,
   0.051531993,
   0.021072157,
   0.07569989,
   0.02140503,
   -0.06919649,
   0.0039464603,
   -0.012791496,
   -0.046320725,
   -0.007195886,
   0.007779556,
   -0.06134129,
   -0.01374209,
   -0.040604148,
   0.028345661,
   -0.04747942,
   0.0061556827,
   0.014106248,
   0.09201862,
   0.0015398758,
   -0.009631331,
   -0.0038964436,
   0.03682363,
   -0.035839166,
   -0.03807238,
   0.055670027,
   -0.0013260737,
   0.025252676,
   0.0037467296,
   0.07565882,
   -0.047345232,
   -0.037063956,
   -0.024034323,
   0.028335493,
   -0.09239901,
   0.042268574,
   0.011507675,
   -0.044367682,
   0.009322365,
   -0.030236725,
   0.012708565,
   -0.018103514,
   -0.082024276,
   -0.01809269,
   0.019340228,
   -0.01222963,
   -0.009168237,
   -0.0027882208,
   0.05474164,
   0.025428774,
   0.032191265,
   -0.012124515,
   0.003760471,
   0.014201002,
   -0.0065245545,
   0.02200837,
   0.03048284,
   0.08725099,
   0.024240285,
   0.058888808,
   -0.07347328,
   0.0616408,
   0.016072467,
   -0.011010588,
   0.10297248,
   0.02999366,
   -0.030772947,
   0.00765894,
   0.010290124,
   -0.043413114,
   0.0110719,
   -0.05654556,
   0.02350074,
   -0.035292085,
   0.014546188,
   0.025833452,
   0.007843072,
   0.03613608,
   -0.035433687,
   0.0025724492,
   0.011019124,
   -0.00057252217,
   -0.07885687,
   0.046548493,
   0.021734599,
   0.01884446,
   0.01435122,
   -0.0664635,
   0.0505971,
   -0.028974326,
   -0.01983977,
   -0.05966596,
   0.01958118,
   -0.020545477,
   -0.05370811,
   0.008216748,
   -0.088197105,
   -0.035971634,
   0.038610596,
   -0.03593245,
   -0.059190493,
   -0.0145298075,
   -0.005040705,
   0.03639117,
   0.024898363,
   0.07341538,
   -0.018953716,
   -0.017204123,
   -0.1037042,
   0.00917192,
   -0.004285219,
   0.07055873,
   0.0146022495,
   0.027829548,
   0.027059598,
   0.056708314,
   0.041593816,
   -0.07952718,
   -0.011961693,
   0.0136152385,
   -0.08395536,
   -0.04462548,
   -0.057562888,
   0.020780198,
   0.063653335,
   -0.04992631,
   0.100132756,
   -0.030999266,
   0.0147909345,
   -0.028885875,
   0.026559556,
   0.005958397,
   0.017512461,
   -0.004214466,
   0.014299622,
   -0.0053272843,
   -0.025592724,
   -0.04290013,
   0.002012424,
   0.026367864,
   -0.027908988,
   -0.013490112,
   -0.08506765,
   0.023435432,
   -0.03893665,
   0.0072055743,
   0.007087199,
   0.039489884,
   -0.036004808,
   0.011250815,
   -0.056862764,
   0.0069902753,
   -0.057504937,
   0.043691475,
   0.033412732,
   -0.005288559,
   0.0027662544,
   -0.035862572,
   0.03504297,
   0.01414544,
   0.10150788,
   -0.0039065178,
   -0.018141566,
   0.019956864,
   -0.074594185,
   -0.014298485,
   -0.061612286,
   -0.0343701,
   0.027958317,
   0.062121097,
   0.07432317,
   0.017321784,
   -0.009604311,
   -0.033586696,
   0.0551755,
   -0.047491487,
   -0.0029623732,
   -0.030121177,
   -0.016823983,
   0.04176841,
   0.010597921,
   -0.056770902,
   -0.02721915,
   -0.07975727,
   -0.015772311,
   0.04977076,
   0.05057362,
   0.043724753,
   -0.029578801,
   0.014308599,
   0.08239457,
   -0.03567762,
   -0.033286504,
   -0.039075524,
   -0.028922655,
   -0.004959925,
   -0.022209562,
   -0.03300685,
   0.044445146,
   -0.0031324676,
   0.019829532,
   0.0018819346,
   0.0051699034,
   -0.01417568,
   -0.010598155,
   0.008320499,
   0.007886772,
   -0.014176667,
   -0.014911483,
   0.05667984,
   -0.033753555,
   0.05993622,
   0.028439492,
   -0.002934829,
   -0.0024172165,
   -0.017174533,
   -0.021149699,
   0.019143518,
   0.03744896,
   0.014169554,
   0.005704234,
   -0.029420722,
   -0.033241052,
   0.055006113,
   0.032200344,
   0.008687515,
   -0.036525216,
   0.011445666,
   0.012018569,
   0.010220556,
   -0.016986953,
   0.045695554,
   0.050310273,
   0.046966664,
   -0.019392265,
   0.03553845,
   -0.028090479,
   0.006325618,
   -0.03523626,
   -0.020289244,
   -0.01449764,
   -0.0288363,
   -0.01031714,
   0.033363197,
   0.03369915,
   -0.07031022,
   -0.0011460927,
   -0.042845283,
   0.003108804,
   -0.06797012,
   -0.008650676,
   -0.02341441,
   0.0022030782,
   -0.052579775,
   0.061706234,
   0.02348768,
   0.004069422,
   -0.026976597,
   -0.029002985,
   -0.00016887544,
   0.015640905,
   -0.025550848,
   -0.007620565,
   0.0032305308,
   -0.033617076,
   0.03294857,
   0.035886988,
   -0.012035535,
   0.019753268,
   -0.017134568,
   0.010178346,
   0.0009522377,
   -0.011354254,
   -0.0021698126,
   0.024200795,
   0.019506276,
   0.005485904,
   0.01263095,
   0.05096212,
   -0.06403133,
   -0.011939455,
   -0.02573736,
   0.028397745,
   -0.03857686,
   -0.03550126,
   0.036337018,
   0.07615272,
   0.026978146,
   -0.00077810447,
   -0.042604867,
   0.04037932,
   0.011490302,
   0.0042514927,
   0.049753603,
   -0.058498498,
   0.008296848,
   -0.018068274,
   -0.03737919,
   0.018561982,
   0.005355972,
   0.096941225,
   0.03970217,
   -0.019162381,
   -0.029084578,
   -0.019270198,
   0.03158343,
   -0.0017539241,
   -0.0024836038,
   0.021730067,
   -0.017532498,
   -0.049807377,
   0.01722334,
   0.036264457,
   -0.015718669,
   -0.012399025,
   0.05703765,
   -0.011031629,
   -0.065389134,
   -0.026135666,
   -0.033815216,
   -0.017494122,
   0.033902626,
   -0.01937036,
   -0.032298986,
   0.06833714,
   0.03586937,
   0.013748706,
   0.0045080013,
   0.036732126,
   -0.006376616,
   0.00415694,
   0.030496506,
   0.07045177,
   0.022108631,
   0.0074202414,
   0.11679308,
   -0.049966823,
   -0.019750278,
   -0.0032162212,
   -0.0054822667,
   0.013734878,
   0.034873363,
   0.013234511,
   -0.046943806,
   -0.046525396,
   -0.013289131,
   -0.034810185,
   0.049980003,
   0.023858698,
   -0.026065497,
   0.008826249,
   0.017544799,
   0.025760237,
   0.01753382,
   -0.008998565,
   0.00012682907,
   0.005359165,
   -0.034972757,
   -0.058703918,
   -0.018576618,
   0.039894935,
   0.03940164,
   -0.0017028839,
   0.069814146,
   -0.0019203542,
   0.016557362,
   -0.018413333,
   -0.013647439,
   -0.016415188,
   0.014070611,
   -0.011583107,
   -0.025920589,
   -0.019173933,
   0.016469246,
   0.02107945,
   -0.024862831,
   0.06711855,
   0.03204372,
   0.0009270088,
   -0.03267388,
   0.047236253,
   -0.023800377,
   0.038379505,
   0.080724895,
   0.03368704,
   -0.014650143,
   0.018501017,
   -0.035532005,
   -0.05733266,
   -0.010007775,
   0.041031223,
   0.01120581,
   0.01643513,
   0.0055130683,
   0.0599556,
   -0.00081151706,
   -0.0074250586,
   -0.0074933446,
   -0.03765514,
   0.007787241,
   0.055328954,
   0.026395453,
   0.01245052,
   0.040517885,
   -0.0089501,
   -0.03525347,
   -0.0412157,
   -0.06516232,
   -0.032585353,
   -0.007219906,
   -0.007395553,
   -0.06481053,
   0.042800657,
   0.024236249,
   -0.053379934,
   -0.024228055,
   -0.008085476,
   0.040893,
   -0.04564733,
   -0.050466422,
   -0.062732495,
   -0.021970984,
   -0.04015476,
   -0.0058886344,
   -0.071439,
   -0.04479043,
   0.037825856,
   -0.08271968,
   0.0013475263,
   0.015521446,
   -0.008010264,
   0.049086377,
   0.0033769386,
   0.007135201,
   -0.01703242,
   -0.0045917113,
   -0.0008491556,
   0.011111019,
   -0.047835767,
   0.018869838,
   -0.019186845,
   0.05651813,
   -0.0069567636,
   0.044857424,
   -0.013217383,
   0.038652822,
   0.041515954,
   0.0022969202,
   -0.035792384,
   0.043233693,
   -0.016028333,
   0.05326058,
   0.0065088673,
   0.0016333914,
   -0.0493532,
   -0.025800843,
   0.0130435545,
   -0.022578564,
   0.00083928276,
   -0.023378534,
   -0.015907675,
   -0.036002662,
   -0.004089783,
   -0.025679585,
   -0.0058185877,
   -0.018817905,
   0.0060269637,
   -0.046455663,
   0.042109195,
   -0.062389754,
   0.024262423,
   0.060738962,
   -0.025254827,
   0.0072267195,
   -0.045342583,
   -0.015245378,
   -0.014658323,
   -0.00091782876,
   -0.0020232017,
   -0.04025426,
   -0.00018466,
   0.015685756,
   0.02312134,
   -0.049555026,
   -0.0041135806,
   -0.015443452,
   0.041179396,
   -0.032520797,
   0.0013511651,
   -0.013207851,
   -0.06616554,
   -0.029079832,
   -0.021238506,
   -0.035072625,
   0.07381514,
   -0.015672253,
   -0.004392151,
   -0.001993671,
   -0.026853167,
   -0.02055514,
   0.0034554242,
   -0.0088213505,
   -0.04391511,
   -0.028968897,
   0.021325873,
   0.062346824,
   -0.009678269,
   -0.0115978,
   -0.060042452,
   0.045712344,
   -0.0019845616,
   -0.048690468,
   -0.04421535,
   -0.019143252,
   -0.046168707,
   0.0014079713,
   -0.051080804,
   -0.06976138,
   0.00945657,
   0.008703305,
   -0.023598414,
   -0.07437959,
   -0.028930092,
   0.016939774,
   0.016863843,
   0.039272983,
   -0.010627737,
   0.015290748,
   -0.027681526,
   0.059368115,
   0.019613229,
   -0.0024190315,
   0.013324673,
   -0.01627801,
   0.028385675,
   -0.02902025,
   0.053398103,
   0.03469625,
   0.00964395,
   -0.006667521,
   0.018767204,
   -0.01841175,
   -0.004463837,
   0.032080412,
   -0.034560073,
   0.04537675,
   -0.012502701,
   0.028337691,
   0.014867596,
   -0.037390362,
   -0.02702701,
   0.027963279,
   -0.09343913,
   0.031798866,
   0.07926678,
   0.0053817225,
   -0.035462335,
   -0.008817484,
   -0.02711339,
   -0.005138988,
   -0.032924823,
   0.034329657,
   -0.05450697,
   -0.0076109027,
   -0.0034573765,
   -0.031768065,
   -0.015957959,
   -0.014456553,
   -0.06434369,
   0.05128757,
   0.03304584,
   -0.0039987657,
   0.023692325,
   -0.045873333,
   -0.019475274,
   -0.0017367185,
   0.078341,
   0.04900295,
   -0.01770124,
   -0.017033465,
   0.021536924,
   -0.067257956,
   -0.007636956,
   0.027240444,
   -0.013955309,
   -0.025013885,
   -0.041115426,
   0.043438625,
   -0.018301798,
   0.021712193,
   -0.034421567,
   0.0008247103,
   0.011127169,
   0.014388044,
   0.057844628,
   0.044327617,
   -0.015811145,
   0.013841563,
   0.01796347,
   0.04061028,
   -0.018306052,
   0.022859115,
   0.026324311,
   0.013649418,
   -0.003555817,
   -0.014598501,
   0.04547787,
   0.040450774,
   -0.05401593,
   0.0146456575,
   0.027364064,
   0.015616463,
   -0.011205348,
   -0.020519083,
   0.023351615,
   -0.054923475,
   0.02412978,
   0.032163423,
   -0.025734825,
   0.005438784,
   -0.038460612,
   0.039828278,
   -0.0090349605,
   0.026576456,
   -0.011651796,
   -0.015566761,
   -0.015332445,
   0.018635333,
   0.045105744,
   0.050131865,
   -0.0031709992,
   0.0031341873,
   -0.008179655,
   0.0037766418,
   -0.031431846,
   -0.07128207,
   0.009407142,
   -0.073425606,
   -0.043903854,
   0.04639548,
   0.019240655,
   -0.0421279,
   -0.032598812,
   0.040661346,
   -0.05541182,
   -0.003331796,
   0.04174894,
   -0.015166975,
   -0.02367243,
   0.018864503,
   0.034747772,
   0.015808074,
   -0.028300341,
   -0.029991537,
   0.021076245,
   0.018036973,
   0.03354217,
   -0.013678681,
   0.009398181,
   0.0046380903,
   -0.06941025,
   0.110875145,
   -0.033528544,
   -0.0103929285,
   0.026329122,
   0.01830653,
   0.014895506,
   0.0052818623,
   -0.03233138,
   -0.017336382,
   -0.0005391883,
   0.026718073,
   -0.045204192,
   -0.009114779,
   -0.025262713,
   0.0029868365,
   0.041984398,
   -0.010215863,
   -0.0014986342,
   0.05490139,
   -0.0053153043,
   0.0073030875,
   0.022566963,
   0.0049430816,
   0.04318752,
   -0.009270072,
   -0.027536236,
   -0.01567944,
   0.049546257,
   0.01076725,
   0.045336813,
   0.024687635,
   0.020354077,
   0.013781844,
   0.023814548,
   0.025505416,
   -0.020614142,
   0.080765486,
   0.02154023,
   -0.023335313,
   -0.05316841,
   -0.02873445,
   -0.02814449,
   0.018952519,
   -0.04896227,
   0.0035613454,
   -0.01492743,
   -0.023127986,
   -0.042972513,
   0.044717543,
   -0.051612057,
   0.005729644,
   0.02095145,
   0.021484908,
   0.069312185,
   0.0029076422,
   -0.005602146,
   0.032459177,
   -0.073400706,
   0.027908877,
   0.011174469,
   0.040713184,
   0.01113625,
   0.018326674
  ]
 ],
 "total_duration": 5830653600,
 "load_duration": 5666023100,
 "prompt_eval_count": 20
}
