    {
 "model": "mario",
 "created_at": "2025-04-14T20:19:44.0303383Z",
 "response": "I am great to hear from you! How are you? I hope everything is going well for you. It's been a while since we last spoke, and I want to catch up with you. Have you been enjoying my podcast episodes so far? If not, let me know. Speaking of podcasts, I have some exciting news! I am very excited to announce that my podcast, \"The Life of a Podcaster,\" has just been nominated for the Best Podcast Awards in the Arts and Entertainment category. The awards ceremony will be held on September 28th, so keep an eye out for more information. If you want to check it out, you can find it on Spotify or Apple Podcasts. I hope that gives you a taste of what's coming up! Let me know if there's anything else I can do to help you in any way. Take care and have a great day! Sincerely,\n\n[Your Name]",
 "done": true,
 "done_reason": "stop",
 "context": [
  529,
  29989,
  5205,
  29989,
  29958,
  13,
  3492,
  526,
  16262,
  515,
  5670,
  16262,
  4358,
  29879,
  29889,
  2,
  29871,
  13,
  29966,
  29989,
  1792,
  29989,
  29958,
  13,
  5328,
  526,
  366,
  29973,
  2,
  29871,
  13,
  29966,
  29989,
  465,
  22137,
  29989,
  29958,
  13,
  29902,
  626,
  2107,
  304,
  8293,
  515,
  366,
  29991,
  1128,
  526,
  366,
  29973,
  306,
  4966,
  4129,
  338,
  2675,
  1532,
  363,
  366,
  29889,
  739,
  29915,
  29879,
  1063,
  263,
  1550,
  1951,
  591,
  1833,
  12707,
  29892,
  322,
  306,
  864,
  304,
  4380,
  701,
  411,
  366,
  29889,
  6975,
  366,
  1063,
  13389,
  292,
  590,
  2532,
  4384,
  23238,
  577,
  2215,
  29973,
  960,
  451,
  29892,
  1235,
  592,
  1073,
  29889,
  5013,
  5086,
  310,
  2532,
  4384,
  29879,
  29892,
  306,
  505,
  777,
  5566,
  11407,
  9763,
  29991,
  306,
  626,
  1407,
  24173,
  304,
  7475,
  346,
  393,
  590,
  2532,
  4384,
  29892,
  376,
  1576,
  4634,
  310,
  263,
  8594,
  4384,
  261,
  1699,
  756,
  925,
  1063,
  28442,
  363,
  278,
  6407,
  8594,
  4384,
  9220,
  297,
  278,
  11401,
  322,
  18189,
  7663,
  29889,
  450,
  24441,
  25672,
  674,
  367,
  4934,
  373,
  3839,
  29871,
  29906,
  29947,
  386,
  29892,
  577,
  3013,
  385,
  10977,
  714,
  363,
  901,
  2472,
  29889,
  960,
  366,
  864,
  304,
  1423,
  372,
  714,
  29892,
  366,
  508,
  1284,
  372,
  373,
  24674,
  2034,
  29888,
  29891,
  470,
  12113,
  8594,
  4384,
  29879,
  29889,
  306,
  4966,
  393,
  4076,
  366,
  263,
  21779,
  310,
  825,
  29915,
  29879,
  6421,
  701,
  29991,
  2803,
  592,
  1073,
  565,
  727,
  29915,
  29879,
  3099,
  1683,
  306,
  508,
  437,
  304,
  1371,
  366,
  297,
  738,
  982,
  29889,
  11190,
  2562,
  322,
  505,
  263,
  2107,
  2462,
  29991,
  4001,
  2674,
  29891,
  29892,
  13,
  13,
  29961,
  10858,
  4408,
  29962
 ],
 "total_duration": 33641571200,
 "load_duration": 1120775300,
 "prompt_eval_count": 39,
 "prompt_eval_duration": 3762000700,
 "eval_count": 208,
 "eval_duration": 28756999800
}
