  {
  "account_id": "dbid:AAA4WKMCfgoW5LwuNQFeLOyp-X4omQiNDhE",
  "name": {
  "given_name": "Anton",
  "surname": "Titovets",
  "familiar_name": "Anton",
  "display_name": "Anton Titovets",
  "abbreviated_name": "AT"
  },
  "email": "bayselonarrend@gmail.com",
  "email_verified": true,
  "disabled": false,
  "country": "BY",
  "locale": "en",
  "referral_link": "https://www.dropbox.com/referrals/AADQceVD6l02CM1dzgLM7s_o8gdaPXKc7oM?src=app9-2724483",
  "is_paired": false,
  "account_type": {
  ".tag": "basic"
  },
  "root_info": {
  ".tag": "user",
  "root_namespace_id": "3179550035",
  "home_namespace_id": "3179550035"
  }
  }
