{
 "cursor": "AAXqcRlE2RCdKWr24-EIMLqhBkYOLMksNP6QfEDtvB3Zik0pg8KlOX-LpzobeNJ5JqMp25477YHRS0to9Ph74onIWZppk56AUUo_...",
 "entries": [
  {
   ".tag": "file",
   "client_modified": "***",
   "content_hash": "376f728ef041d9cef08406f16debc12de89d83130e69c66a817fd834d2d82dc2",
   "id": "id:kJU6-a-pT48AAAAAAAAACA",
   "is_downloadable": true,
   "name": "Dogs.mp3",
   "path_display": "/New/Dogs.mp3",
   "path_lower": "/new/dogs.mp3",
   "property_groups": [],
   "rev": "652b4a3c3817ebd841553",
   "server_modified": "2026-05-26T08:54:15Z",
   "size": 9229352
  },
  {
   ".tag": "file",
   "client_modified": "***",
   "content_hash": "8d63c5989ceec1a90f3fde2ffaa76efcd2c050191e6b55a1761e4e352590bd8c",
   "id": "id:kJU6-a-pT48AAAAAAAALvg",
   "is_downloadable": true,
   "name": "url_doc (1).docx",
   "path_display": "/New/url_doc (1).docx",
   "path_lower": "/new/url_doc (1).docx",
   "property_groups": [],
   "rev": "652b4a3c3817fbd841553",
   "server_modified": "2026-05-26T08:54:15Z",
   "size": 24069
  },
  {
   ".tag": "file",
   "client_modified": "***",
   "content_hash": "8d63c5989ceec1a90f3fde2ffaa76efcd2c050191e6b55a1761e4e352590bd8c",
   "id": "id:kJU6-a-pT48AAAAAAAA24g",
   "is_downloadable": true,
   "name": "url_doc (2).docx",
   "path_display": "/New/url_doc (2).docx",
   "path_lower": "/new/url_doc (2).docx",
   "property_groups": [],
   "rev": "652b4a3c38180bd841553",
   "server_modified": "2026-05-26T08:54:15Z",
   "size": 24069
  },
  {
   ".tag": "file",
   "client_modified": "***",
   "content_hash": "8d63c5989ceec1a90f3fde2ffaa76efcd2c050191e6b55a1761e4e352590bd8c",
   "id": "id:kJU6-a-pT48AAAAAAABDNA",
   "is_downloadable": true,
   "name": "url_doc (3).docx",
   "path_display": "/New/url_doc (3).docx",
   "path_lower": "/new/url_doc (3).docx",
   "property_groups": [],
   "rev": "652b4a3c38181bd841553",
   "server_modified": "2026-05-26T08:54:15Z",
   "size": 24069
  },
  {
   ".tag": "file",
   "client_modified": "***",
   "content_hash": "8d63c5989ceec1a90f3fde2ffaa76efcd2c050191e6b55a1761e4e352590bd8c",
   "id": "id:kJU6-a-pT48AAAAAAABJpA",
   "is_downloadable": true,
   "name": "url_doc (4).docx",
   "path_display": "/New/url_doc (4).docx",
   "path_lower": "/new/url_doc (4).docx",
   "property_groups": [],
   "rev": "652b4a3c38182bd841553",
   "server_modified": "2026-05-26T08:54:15Z",
   "size": 24069
  },
  {
   ".tag": "file",
   "client_modified": "***",
   "content_hash": "8d63c5989ceec1a90f3fde2ffaa76efcd2c050191e6b55a1761e4e352590bd8c",
   "id": "id:kJU6-a-pT48AAAAAAABSFA",
   "is_downloadable": true,
   "name": "url_doc (5).docx",
   "path_display": "/New/url_doc (5).docx",
   "path_lower": "/new/url_doc (5).docx",
   "property_groups": [],
   "rev": "652b4a3c38183bd841553",
   "server_modified": "2026-05-26T08:54:15Z",
   "size": 24069
  },
  {
   ".tag": "file",
   "client_modified": "***",
   "content_hash": "8d63c5989ceec1a90f3fde2ffaa76efcd2c050191e6b55a1761e4e352590bd8c",
   "id": "id:kJU6-a-pT48AAAAAAABSTA",
   "is_downloadable": true,
   "name": "url_doc (6).docx",
   "path_display": "/New/url_doc (6).docx",
   "path_lower": "/new/url_doc (6).docx",
   "property_groups": [],
   "rev": "652b4a3c38184bd841553",
   "server_modified": "2026-05-26T08:54:15Z",
   "size": 24069
  },
  {
   ".tag": "file",
   "client_modified": "***",
   "content_hash": "8d63c5989ceec1a90f3fde2ffaa76efcd2c050191e6b55a1761e4e352590bd8c",
   "id": "id:kJU6-a-pT48AAAAAAABSaA",
   "is_downloadable": true,
   "name": "url_doc (7).docx",
   "path_display": "/New/url_doc (7).docx",
   "path_lower": "/new/url_doc (7).docx",
   "property_groups": [],
   "rev": "652b4a3c38185bd841553",
   "server_modified": "2026-05-26T08:54:15Z",
   "size": 24069
  },
  {
   ".tag": "file",
   "client_modified": "***",
   "content_hash": "8d63c5989ceec1a90f3fde2ffaa76efcd2c050191e6b55a1761e4e352590bd8c",
   "id": "id:kJU6-a-pT48AAAAAAABShA",
   "is_downloadable": true,
   "name": "url_doc (8).docx",
   "path_display": "/New/url_doc (8).docx",
   "path_lower": "/new/url_doc (8).docx",
   "property_groups": [],
   "rev": "652b4a3c38186bd841553",
   "server_modified": "2026-05-26T08:54:15Z",
   "size": 24069
  },
  {
   ".tag": "file",
   "client_modified": "***",
   "content_hash": "8d63c5989ceec1a90f3fde2ffaa76efcd2c050191e6b55a1761e4e352590bd8c",
   "id": "id:kJU6-a-pT48AAAAAAABUqg",
   "is_downloadable": true,
   "name": "url_doc (9).docx",
   "path_display": "/New/url_doc (9).docx",
   "path_lower": "/new/url_doc (9).docx",
   "property_groups": [],
   "rev": "652b4a3c38187bd841553",
   "server_modified": "2026-05-26T08:54:15Z",
   "size": 24069
  },
  {
   ".tag": "file",
   "client_modified": "***",
   "content_hash": "8d63c5989ceec1a90f3fde2ffaa76efcd2c050191e6b55a1761e4e352590bd8c",
   "id": "id:kJU6-a-pT48AAAAAAABpLw",
   "is_downloadable": true,
   "name": "url_doc (10).docx",
   "path_display": "/New/url_doc (10).docx",
   "path_lower": "/new/url_doc (10).docx",
   "property_groups": [],
   "rev": "652b4a3c38188bd841553",
   "server_modified": "2026-05-26T08:54:15Z",
   "size": 24069
  },
  {
   ".tag": "file",
   "client_modified": "***",
   "content_hash": "8d63c5989ceec1a90f3fde2ffaa76efcd2c050191e6b55a1761e4e352590bd8c",
   "id": "id:kJU6-a-pT48AAAAAAAAABw",
   "is_downloadable": true,
   "name": "mydoc.docx",
   "path_display": "/New/mydoc.docx",
   "path_lower": "/new/mydoc.docx",
   "property_groups": [],
   "rev": "652b4a3c38189bd841553",
   "server_modified": "2026-05-26T08:54:15Z",
   "size": 24069
  }
 ],
 "has_more": false
}
