{
 ".tag": "complete",
 "access_inheritance": {
  ".tag": "inherit"
 },
 "access_type": {
  ".tag": "owner"
 },
 "folder_id": "id:kJU6-a-pT48AAAAAAAB9hw",
 "is_inside_team_folder": false,
 "is_team_folder": false,
 "name": "New",
 "path_display": "/New",
 "path_lower": "/new",
 "policy": {
  "acl_update_policy": {
   ".tag": "editors"
  },
  "shared_link_policy": {
   ".tag": "anyone"
  },
  "viewer_info_policy": {
   ".tag": "enabled"
  }
 },
 "preview_url": "https://www.dropbox.com/scl/fo/7z47le206onwo5tkequg8/h?dl=0",
 "shared_folder_id": "14487452755",
 "time_invited": "***"
}
