{
 "object": "page",
 "id": "37782aa7-fc4e-81a4-bd30-dfe20598715d",
 "created_time": "2026-06-06T17:21:00Z",
 "last_edited_time": "2026-06-06T17:21:00Z",
 "created_by": {
  "object": "user",
  "id": "8b07422e-eeea-40d1-8d5e-c784211825b0"
 },
 "last_edited_by": {
  "object": "user",
  "id": "8b07422e-eeea-40d1-8d5e-c784211825b0"
 },
 "cover": {
  "type": "external",
  "external": {
   "url": "https://hut.openintegrations.dev/test_data/picture2.jpg"
  }
 },
 "icon": {
  "type": "external",
  "external": {
   "url": "https://hut.openintegrations.dev/test_data/picture.jpg"
  }
 },
 "parent": {
  "type": "page_id",
  "page_id": "5dd94c34-fab0-4bff-986b-7511c0779f77"
 },
 "in_trash": false,
 "is_archived": false,
 "is_locked": false,
 "properties": {
  "title": {
   "id": "title",
   "type": "title",
   "title": [
    {
     "type": "text",
     "text": {
      "content": "Тестовый заголовок",
      "link": null
     },
     "annotations": {
      "bold": false,
      "italic": false,
      "strikethrough": false,
      "underline": false,
      "code": false,
      "color": "default"
     },
     "plain_text": "Тестовый заголовок",
     "href": null
    }
   ]
  }
 },
 "url": "https://app.notion.com/p/37782aa7fc4e81a4bd30dfe20598715d",
 "public_url": null,
 "archived": false,
 "request_id": "46c9ed1b-645c-4124-bb6f-acb61761a4b1"
}
