{
 "object": "database",
 "id": "38082aa7-fc4e-8117-a86f-ee6360203d4f",
 "cover": null,
 "icon": null,
 "created_time": "2026-06-15T13:48:00Z",
 "created_by": {
  "object": "user",
  "id": "8b07422e-eeea-40d1-8d5e-c784211825b0"
 },
 "last_edited_by": {
  "object": "user",
  "id": "8b07422e-eeea-40d1-8d5e-c784211825b0"
 },
 "last_edited_time": "2026-06-15T13:48:00Z",
 "title": [
  {
   "type": "text",
   "text": {
    "content": "Тестовый заголовок",
    "link": null
   },
   "annotations": {
    "bold": false,
    "italic": false,
    "strikethrough": false,
    "underline": false,
    "code": false,
    "color": "default"
   },
   "plain_text": "Тестовый заголовок",
   "href": null
  }
 ],
 "description": [
  {
   "type": "text",
   "text": {
    "content": "Тестовое описание",
    "link": null
   },
   "annotations": {
    "bold": false,
    "italic": false,
    "strikethrough": false,
    "underline": false,
    "code": false,
    "color": "default"
   },
   "plain_text": "Тестовое описание",
   "href": null
  }
 ],
 "is_inline": false,
 "properties": {
  "Пользователь": {
   "id": "Ds%7Bf",
   "name": "Пользователь",
   "description": null,
   "type": "people",
   "people": {}
  },
  "Статус": {
   "id": "PtTp",
   "name": "Статус",
   "description": null,
   "type": "select",
   "select": {
    "options": [
     {
      "id": "4fbe7a01-7090-4d0c-b173-9e392fc2a107",
      "name": "Новый",
      "color": "green",
      "description": null
     },
     {
      "id": "75982780-87c4-4107-9eca-00475d8cd033",
      "name": "В работе",
      "color": "yellow",
      "description": null
     },
     {
      "id": "c2975d42-1fe4-4f45-ad8f-a29f620bdb4b",
      "name": "Удаленный",
      "color": "red",
      "description": null
     }
    ]
   }
  },
  "Почта": {
   "id": "Va_t",
   "name": "Почта",
   "description": null,
   "type": "rich_text",
   "rich_text": {}
  },
  "Описание": {
   "id": "%5CJF_",
   "name": "Описание",
   "description": null,
   "type": "rich_text",
   "rich_text": {}
  },
  "Активен": {
   "id": "%5D%7DBD",
   "name": "Активен",
   "description": null,
   "type": "checkbox",
   "checkbox": {}
  },
  "Телефон": {
   "id": "h%7BeF",
   "name": "Телефон",
   "description": null,
   "type": "phone_number",
   "phone_number": {}
  },
  "Картинка": {
   "id": "idOq",
   "name": "Картинка",
   "description": null,
   "type": "files",
   "files": {}
  },
  "Дата создания": {
   "id": "vYRL",
   "name": "Дата создания",
   "description": null,
   "type": "date",
   "date": {}
  },
  "Номер": {
   "id": "%7Dihw",
   "name": "Номер",
   "description": null,
   "type": "number",
   "number": {
    "format": "number"
   }
  },
  "Имя": {
   "id": "title",
   "name": "Имя",
   "description": null,
   "type": "title",
   "title": {}
  }
 },
 "parent": {
  "type": "page_id",
  "page_id": "5dd94c34-fab0-4bff-986b-7511c0779f77"
 },
 "url": "https://app.notion.com/p/38082aa7fc4e8117a86fee6360203d4f",
 "public_url": null,
 "in_trash": false,
 "archived": false,
 "request_id": "f19a16d5-01a4-4f12-a0b8-aad360ddd01e"
}
