{
 "object": "page",
 "id": "39d82aa7-fc4e-8186-929e-f466630841c6",
 "created_time": "2026-07-14T06:10:00Z",
 "last_edited_time": "2026-07-14T06:10:00Z",
 "created_by": {
  "object": "user",
  "id": "8b07422e-eeea-40d1-8d5e-c784211825b0"
 },
 "last_edited_by": {
  "object": "user",
  "id": "8b07422e-eeea-40d1-8d5e-c784211825b0"
 },
 "cover": null,
 "icon": null,
 "parent": {
  "type": "page_id",
  "page_id": "5dd94c34-fab0-4bff-986b-7511c0779f77"
 },
 "in_trash": false,
 "is_archived": false,
 "is_locked": false,
 "properties": {
  "title": {
   "id": "title",
   "type": "title",
   "title": [
    {
     "type": "text",
     "text": {
      "content": "Тестовый заголовок",
      "link": null
     },
     "annotations": {
      "bold": false,
      "italic": false,
      "strikethrough": false,
      "underline": false,
      "code": false,
      "color": "default"
     },
     "plain_text": "Тестовый заголовок",
     "href": null
    }
   ]
  }
 },
 "url": "https://app.notion.com/p/39d82aa7fc4e8186929ef466630841c6",
 "public_url": null,
 "archived": false,
 "request_id": "aff0ed68-fb43-4ed6-8f35-613c1cd4bcca"
}
