{
 "object": "page",
 "id": "37982aa7-fc4e-8166-8662-ef6f3f12d97c",
 "created_time": "2026-06-08T19:46:00Z",
 "last_edited_time": "2026-06-08T19:46:00Z",
 "created_by": {
  "object": "user",
  "id": "8b07422e-eeea-40d1-8d5e-c784211825b0"
 },
 "last_edited_by": {
  "object": "user",
  "id": "8b07422e-eeea-40d1-8d5e-c784211825b0"
 },
 "cover": null,
 "icon": null,
 "parent": {
  "type": "database_id",
  "database_id": "37982aa7-fc4e-811f-9ebb-dc0e964fe5e9"
 },
 "in_trash": false,
 "is_archived": false,
 "is_locked": false,
 "properties": {
  "Активен": {
   "id": "%3BwP%7D",
   "type": "checkbox",
   "checkbox": true
  },
  "Телефон": {
   "id": "C%7C%5Dz",
   "type": "phone_number",
   "phone_number": "***"
  },
  "Почта": {
   "id": "N%3EAB",
   "type": "rich_text",
   "rich_text": [
    {
     "type": "text",
     "text": {
      "content": "mail@vector.ru",
      "link": null
     },
     "annotations": {
      "bold": false,
      "italic": false,
      "strikethrough": false,
      "underline": false,
      "code": false,
      "color": "default"
     },
     "plain_text": "mail@vector.ru",
     "href": null
    }
   ]
  },
  "Номер": {
   "id": "Zaz%40",
   "type": "number",
   "number": 1
  },
  "Описание": {
   "id": "bxgt",
   "type": "rich_text",
   "rich_text": [
    {
     "type": "text",
     "text": {
      "content": "Наш первый клиент",
      "link": null
     },
     "annotations": {
      "bold": false,
      "italic": false,
      "strikethrough": false,
      "underline": false,
      "code": false,
      "color": "default"
     },
     "plain_text": "Наш первый клиент",
     "href": null
    }
   ]
  },
  "Картинка": {
   "id": "b%7C%7Ct",
   "type": "files",
   "files": [
    {
     "name": "Лого",
     "type": "external",
     "external": {
      "url": "https://hut.openintegrations.dev/test_data/picture.jpg"
     }
    }
   ]
  },
  "Дата создания": {
   "id": "kDNS",
   "type": "date",
   "date": {
    "start": "2026-06-08T13:46:00+03:00",
    "end": null,
    "time_zone": null
   }
  },
  "Пользователь": {
   "id": "ok%3Av",
   "type": "people",
   "people": []
  },
  "Статус": {
   "id": "~i%7CQ",
   "type": "select",
   "select": {
    "id": "8da1cd17-fc40-461a-920f-ef2a9ffd718a",
    "name": "Новый",
    "color": "green"
   }
  },
  "Имя": {
   "id": "title",
   "type": "title",
   "title": [
    {
     "type": "text",
     "text": {
      "content": "ООО Вектор",
      "link": null
     },
     "annotations": {
      "bold": false,
      "italic": false,
      "strikethrough": false,
      "underline": false,
      "code": false,
      "color": "default"
     },
     "plain_text": "ООО Вектор",
     "href": null
    }
   ]
  }
 },
 "url": "https://app.notion.com/p/37982aa7fc4e81668662ef6f3f12d97c",
 "public_url": null,
 "archived": false,
 "request_id": "43a4a950-aa99-44d7-aaa8-bf91f8275ffb"
}
