{
 "object": "database",
 "id": "39c82aa7-fc4e-8161-8f23-f44b032c03f3",
 "cover": null,
 "icon": null,
 "created_time": "2026-07-13T08:51:00Z",
 "created_by": {
  "object": "user",
  "id": "8b07422e-eeea-40d1-8d5e-c784211825b0"
 },
 "last_edited_by": {
  "object": "user",
  "id": "8b07422e-eeea-40d1-8d5e-c784211825b0"
 },
 "last_edited_time": "2026-07-13T08:51:00Z",
 "title": [
  {
   "type": "text",
   "text": {
    "content": "Тестовый заголовок",
    "link": null
   },
   "annotations": {
    "bold": false,
    "italic": false,
    "strikethrough": false,
    "underline": false,
    "code": false,
    "color": "default"
   },
   "plain_text": "Тестовый заголовок",
   "href": null
  }
 ],
 "description": [],
 "is_inline": false,
 "properties": {
  "Пользователь": {
   "id": "%3FXPB",
   "name": "Пользователь",
   "description": null,
   "type": "people",
   "people": {}
  },
  "Картинка": {
   "id": "CY%3Ei",
   "name": "Картинка",
   "description": null,
   "type": "files",
   "files": {}
  },
  "Дата создания": {
   "id": "CgmF",
   "name": "Дата создания",
   "description": null,
   "type": "date",
   "date": {}
  },
  "Сайт": {
   "id": "VZyT",
   "name": "Сайт",
   "description": null,
   "type": "url",
   "url": {}
  },
  "Номер": {
   "id": "%5DVrz",
   "name": "Номер",
   "description": null,
   "type": "number",
   "number": {
    "format": "number"
   }
  },
  "Почта": {
   "id": "ctzG",
   "name": "Почта",
   "description": null,
   "type": "email",
   "email": {}
  },
  "Статус": {
   "id": "e%3Cv%60",
   "name": "Статус",
   "description": null,
   "type": "select",
   "select": {
    "options": [
     {
      "id": "f1fdf268-243a-4f8f-910c-38843e055f8c",
      "name": "Новый",
      "color": "green",
      "description": null
     },
     {
      "id": "583d5f8e-1b83-4a7c-907f-a70821bc90a0",
      "name": "В работе",
      "color": "yellow",
      "description": null
     },
     {
      "id": "c7013a99-bc10-42b0-9614-d28e6837f8e3",
      "name": "Удаленный",
      "color": "red",
      "description": null
     }
    ]
   }
  },
  "Активен": {
   "id": "fLBR",
   "name": "Активен",
   "description": null,
   "type": "checkbox",
   "checkbox": {}
  },
  "Описание": {
   "id": "h%5BW%5D",
   "name": "Описание",
   "description": null,
   "type": "rich_text",
   "rich_text": {}
  },
  "Телефон": {
   "id": "vQWC",
   "name": "Телефон",
   "description": null,
   "type": "phone_number",
   "phone_number": {}
  },
  "Имя": {
   "id": "title",
   "name": "Имя",
   "description": null,
   "type": "title",
   "title": {}
  }
 },
 "parent": {
  "type": "page_id",
  "page_id": "5dd94c34-fab0-4bff-986b-7511c0779f77"
 },
 "url": "https://app.notion.com/p/39c82aa7fc4e81618f23f44b032c03f3",
 "public_url": null,
 "in_trash": false,
 "archived": false,
 "request_id": "14ee159d-2630-4087-a431-87ebb8056972"
}
