    {
 "object": "list",
 "results": [
  {
   "object": "user",
   "id": "ed71865a-9891-46bc-86cd-a92aa499cfdb",
   "name": "Techno Pizza",
   "avatar_url": null,
   "type": "person",
   "person": {
    "email": "iscript13@gmail.com"
   }
  },
  {
   "object": "user",
   "id": "8b07422e-eeea-40d1-8d5e-c784211825b0",
   "name": "1C Integration",
   "avatar_url": null,
   "type": "bot",
   "bot": {
    "owner": {
     "type": "workspace",
     "workspace": true
    },
    "workspace_name": "Bayselonarrends Notion"
   }
  }
 ],
 "next_cursor": null,
 "has_more": false,
 "type": "user",
 "user": {},
 "request_id": "e7c3905b-5de9-47c1-9ece-1d59b4e255a4"
}
