{
 "object": "block",
 "id": "38c82aa7-fc4e-8147-8e3e-f50f4a0cf4f0",
 "parent": {
  "type": "page_id",
  "page_id": "5dd94c34-fab0-4bff-986b-7511c0779f77"
 },
 "created_time": "2026-06-27T17:36:00Z",
 "last_edited_time": "2026-06-27T17:36:00Z",
 "created_by": {
  "object": "user",
  "id": "8b07422e-eeea-40d1-8d5e-c784211825b0"
 },
 "last_edited_by": {
  "object": "user",
  "id": "8b07422e-eeea-40d1-8d5e-c784211825b0"
 },
 "has_children": false,
 "in_trash": true,
 "type": "to_do",
 "to_do": {
  "rich_text": [
   {
    "type": "text",
    "text": {
     "content": "YoYO",
     "link": null
    },
    "annotations": {
     "bold": false,
     "italic": false,
     "strikethrough": false,
     "underline": false,
     "code": false,
     "color": "default"
    },
    "plain_text": "YoYO",
    "href": null
   }
  ],
  "checked": false,
  "color": "default"
 },
 "archived": true,
 "request_id": "17d35f88-2572-4db6-8997-5b1c84e430a7"
}
