{
 "entity": {
  "uuid": "99be7a5a-a18d-4690-b1d2-7aafd8eee23b",
  "cdek_number": "1109932319",
  "order_uuid": "e6b98ec0-79d3-43f0-a7d1-2992cfb5940e",
  "intake_date": "2026-07-20",
  "intake_number": "13312571",
  "intake_time_from": "10:00",
  "intake_time_to": "17:00",
  "name": "Consolidated cargo",
  "weight": 1000,
  "length": 10,
  "width": "***",
  "height": 10,
  "comment": "Comment to courier",
  "sender": {
   "company": "Company",
   "name": "Company",
   "contragent_type": "LEGAL_ENTITY",
   "phones": [
    {
     "number": "79589441654"
    }
   ],
   "passport_requirements_satisfied": "***"
  },
  "from_location": {
   "code": 44,
   "city_uuid": "7e8f36ba-d937-4ce4-8d53-e44177db6469",
   "city": "Москва",
   "fias_guid": "0c5b2444-70a0-4932-980c-b4dc0d3f02b5",
   "country_code": "RU",
   "country": "Россия",
   "region": "Москва",
   "region_code": 81,
   "sub_region": "Москва",
   "longitude": 37.61556,
   "latitude": 55.75222,
   "address": "st. Bluchera, 32"
  },
  "to_location": {
   "code": 44,
   "city_uuid": "7e8f36ba-d937-4ce4-8d53-e44177db6469",
   "city": "Москва",
   "country_code": "RU",
   "country": "Россия",
   "region": "Москва",
   "region_code": 81,
   "longitude": 37.831928,
   "latitude": 55.644399,
   "address": "Россия, Москва, Москва, ул. Энергетиков, 22 корп. 2",
   "postal_code": "140091"
  },
  "need_call": false,
  "statuses": [
   {
    "code": "READY_FOR_APPOINTMENT",
    "name": "Готова к назначению",
    "date_time": "2026-07-19T16:31:12+00:00"
   },
   {
    "code": "CREATED",
    "name": "Создан",
    "date_time": "2026-07-19T16:31:12+00:00"
   },
   {
    "code": "ACCEPTED",
    "name": "Принят",
    "date_time": "2026-07-19T16:31:12+00:00"
   }
  ],
  "packages": [
   {
    "package_id": "e1800831-c034-4a3a-bbdb-37ad27e45bef",
    "weight": 1000,
    "length": 10,
    "width": "***",
    "height": 10
   }
  ]
 },
 "requests": [
  {
   "request_uuid": "f3006e39-ec8c-40fa-8ce5-a8de1141bd7c",
   "type": "CREATE",
   "date_time": "2026-07-19T16:31:08+00:00",
   "state": "SUCCESSFUL"
  }
 ]
}
