{
 "entity": {
  "cdek_number": "1106207236",
  "order_uuid": "02534496-b554-4877-bcad-50fa69614c01",
  "date": "2026-06-29",
  "time_from": "10:00",
  "time_to": "17:00",
  "comment": "Group office",
  "to_location": {
   "code": 270,
   "city": "Novosibirsk",
   "fias_guid": "0c5b2444-70a0-4932-980c-b4dc0d3f02b5",
   "kladr_code": "7700000000000",
   "country_code": "RU",
   "region": "Novosibirsk",
   "sub_region": "Novosibirsk",
   "longitude": 37.6204,
   "latitude": 55.754,
   "address": "st. Bluchera, 33",
   "postal_code": "109004"
  },
  "uuid": "0a94e7f8-c4e5-4aec-9c7a-31eb05d36f91",
  "statuses": [
   {
    "code": "INVALID",
    "name": "Некорректна",
    "date_time": "2026-06-15T17:32:57+03:00"
   },
   {
    "code": "ACCEPTED",
    "name": "Принята",
    "date_time": "2026-06-15T17:32:56+03:00"
   }
  ]
 },
 "requests": [
  {
   "request_uuid": "0fe866a7-a510-43c6-830e-8e5df0706ad1",
   "type": "CREATE",
   "date_time": "2026-06-15T17:32:56+03:00",
   "state": "INVALID",
   "errors": [
    {
     "code": "delivery_date_forbidden",
     "message": "Доставка в указанную дату не осуществляется"
    }
   ]
  }
 ],
 "related_entities": []
}
