{
 "entity": {
  "uuid": "dfa3e052-e912-4d42-b83e-b640cccc17db",
  "type": 1,
  "is_return": false,
  "is_reverse": false,
  "cdek_number": "1109910057",
  "number": "18aa8e9d-c71e-4954-8684-f616874a3dac",
  "tariff_code": 139,
  "comment": "New order",
  "items_cost_currency": "RUB",
  "recipient_currency": "RUB",
  "delivery_recipient_cost": {
   "value": 50,
   "vat_sum": 0
  },
  "delivery_recipient_cost_adv": [
   {
    "threshold": 200,
    "sum": 3000,
    "vat_sum": 0
   }
  ],
  "sender": {
   "company": "Тестирование Интеграции ИМ",
   "name": "Petrov Petr",
   "contragent_type": "LEGAL_ENTITY",
   "phones": [
    {
     "number": "79529287654"
    }
   ],
   "passport_requirements_satisfied": "***"
  },
  "seller": {
   "name": "Тестирование Интеграции ИМ"
  },
  "recipient": {
   "company": "Ivaniv Ivan",
   "name": "Ivaniv Ivan",
   "phones": [
    {
     "number": "79134637228"
    }
   ],
   "passport_requirements_satisfied": "***"
  },
  "from_location": {
   "code": 44,
   "city_uuid": "7e8f36ba-d937-4ce4-8d53-e44177db6469",
   "city": "Москва",
   "fias_guid": "0c5b2444-70a0-4932-980c-b4dc0d3f02b5",
   "country_code": "RU",
   "country": "Россия",
   "region": "Москва",
   "region_code": 81,
   "sub_region": "Москва",
   "longitude": 37.61556,
   "latitude": 55.75222,
   "address": "Ave. Leningradsky, 4"
  },
  "to_location": {
   "code": 270,
   "city_uuid": "4e938d63-e189-454d-bb5c-54bfb2f1e4e2",
   "city": "Новосибирск",
   "country_code": "RU",
   "country": "Россия",
   "region": "Новосибирская область",
   "region_code": 23,
   "sub_region": "городской округ Новосибирск",
   "longitude": 82.906928,
   "latitude": 55.028739,
   "address": "st. Bluchera, 32"
  },
  "services": [
   {
    "code": "INSURANCE",
    "parameter": "600.00",
    "sum": 4.5,
    "total_sum": 5.4,
    "discount_percent": 0,
    "discount_sum": 0,
    "vat_rate": 20,
    "vat_sum": 0.9
   },
   {
    "code": "SECURE_PACKAGE_A2",
    "parameter": "10",
    "sum": 500,
    "total_sum": 600,
    "discount_percent": 0,
    "discount_sum": 0,
    "vat_rate": 20,
    "vat_sum": 100
   }
  ],
  "packages": [
   {
    "number": "bar-001",
    "barcode": "000004728862",
    "weight": 4000,
    "length": 10,
    "width": "***",
    "weight_volume": 200,
    "weight_calc": 4000,
    "height": 10,
    "comment": "приложена опись",
    "items": [
     {
      "name": "Product",
      "ware_key": "***",
      "payment": {
       "value": 3000,
       "vat_sum": 0
      },
      "weight": 700,
      "weight_gross": 700,
      "amount": 2,
      "delivery_amount": 0,
      "url": "www.item.ru",
      "return_item_detail": {},
      "excise": false,
      "cost": 300
     }
    ],
    "package_id": "9a186b5b-21de-47a4-957a-4b032cff5fa7"
   }
  ],
  "statuses": [
   {
    "code": "CREATED",
    "name": "Создан",
    "date_time": "2026-06-18T19:39:34+03:00",
    "city": "Офис СДЭК",
    "deleted": false
   },
   {
    "code": "ACCEPTED",
    "name": "Принят",
    "date_time": "2026-06-18T19:39:33+03:00",
    "city": "Офис СДЭК",
    "deleted": false
   }
  ],
  "is_client_return": "***",
  "delivery_mode": "1",
  "has_reverse_order": false,
  "delivery_detail": {
   "delivery_sum": 1315,
   "total_sum": 2183.4,
   "payment_info": [],
   "delivery_vat_rate": 20,
   "delivery_vat_sum": 263,
   "delivery_discount_percent": 0,
   "delivery_discount_sum": 0
  },
  "calls": {}
 },
 "requests": [
  {
   "request_uuid": "9d2a212b-be71-494e-ba1f-17abfc9a3e15",
   "type": "CREATE",
   "date_time": "2026-06-18T19:39:34+03:00",
   "state": "SUCCESSFUL"
  }
 ],
 "related_entities": []
}
