[
 {
  "code": "NSK1",
  "name": "NSK1, Новосибирск, ул. Кривощековская",
  "uuid": "b9ddb29e-2a11-406e-8d34-4763dff0cc86",
  "work_time": "Пн-Пт 08:00-22:00, Сб-Вс 10:00-18:00",
  "phones": [
   {
    "number": "+73832022250"
   }
  ],
  "email": "nsk@cdek.ru",
  "type": "PVZ",
  "owner_code": "CDEK",
  "take_only": false,
  "is_handout": true,
  "is_reception": true,
  "is_dressing_room": true,
  "is_ltl": false,
  "have_cashless": true,
  "have_cash": true,
  "have_fast_payment_system": false,
  "allowed_cod": true,
  "site": "https://www.cdek.ru/contacts/g_novosibirsk_ul_krivoshchekovskaya_15_korp_5_1_et.html",
  "work_time_list": [
   {
    "day": 1,
    "time": "08:00/22:00"
   },
   {
    "day": 2,
    "time": "08:00/22:00"
   },
   {
    "day": 3,
    "time": "08:00/22:00"
   },
   {
    "day": 4,
    "time": "08:00/22:00"
   },
   {
    "day": 5,
    "time": "08:00/22:00"
   },
   {
    "day": 6,
    "time": "10:00/18:00"
   },
   {
    "day": 7,
    "time": "10:00/18:00"
   }
  ],
  "work_time_exception_list": [],
  "location": {
   "country_code": "RU",
   "region_code": 23,
   "region": "Новосибирская область",
   "city_code": 270,
   "city": "Новосибирск",
   "postal_code": "630007",
   "longitude": 82.92912,
   "latitude": 55.01591,
   "address": "ул. Кривощековская, 15, корп.1",
   "address_full": "630007, Россия, Новосибирская область, Новосибирск, ул. Кривощековская, 15, корп.1",
   "city_uuid": "4e938d63-e189-454d-bb5c-54bfb2f1e4e2"
  },
  "fulfillment": false
 },
 {
  "code": "NSK5",
  "name": "NSK5, Новосибирск, пр-т Красный",
  "uuid": "a3964112-40b4-4da5-ae87-315bab7469ad",
  "work_time": "Пн-Пт 10:00-20:00, Сб 10:00-16:00, Вс 10:00-16:00",
  "phones": [
   {
    "number": "+79833004613"
   }
  ],
  "email": "ks.biryukova@cdek.ru",
  "type": "PVZ",
  "owner_code": "CDEK",
  "take_only": false,
  "is_handout": true,
  "is_reception": true,
  "is_dressing_room": true,
  "is_ltl": false,
  "have_cashless": true,
  "have_cash": true,
  "have_fast_payment_system": false,
  "allowed_cod": true,
  "site": "https://www.cdek.ru/contacts/g_novosibirsk_krasnyy_prospekt_d_99.html",
  "work_time_list": [
   {
    "day": 1,
    "time": "10:00/20:00"
   },
   {
    "day": 2,
    "time": "10:00/20:00"
   },
   {
    "day": 3,
    "time": "10:00/20:00"
   },
   {
    "day": 4,
    "time": "10:00/20:00"
   },
   {
    "day": 5,
    "time": "10:00/20:00"
   },
   {
    "day": 6,
    "time": "10:00/16:00"
   },
   {
    "day": 7,
    "time": "10:00/16:00"
   }
  ],
  "work_time_exception_list": [],
  "location": {
   "country_code": "RU",
   "region_code": 23,
   "region": "Новосибирская область",
   "city_code": 270,
   "city": "Новосибирск",
   "postal_code": "630049",
   "longitude": 82.91155,
   "latitude": 55.054855,
   "address": "пр-т Красный, 99",
   "address_full": "630049, Россия, Новосибирская область, Новосибирск, пр-т Красный, 99",
   "city_uuid": "4e938d63-e189-454d-bb5c-54bfb2f1e4e2"
  },
  "fulfillment": false
 },
 {
  "code": "NSK7",
  "name": "NSK7, Новосибирск, ул. Зорге",
  "uuid": "f16cc208-e1cf-4253-982b-22b30c62d18d",
  "work_time": "Пн-Пт 10:00-20:00, Сб 10:00-16:00, Вс 10:00-16:00",
  "phones": [
   {
    "number": "+79231555992"
   }
  ],
  "email": "A.Raevskiy@cdek.ru",
  "type": "PVZ",
  "owner_code": "CDEK",
  "take_only": false,
  "is_handout": true,
  "is_reception": true,
  "is_dressing_room": true,
  "is_ltl": false,
  "have_cashless": true,
  "have_cash": true,
  "have_fast_payment_system": false,
  "allowed_cod": true,
  "site": "https://www.cdek.ru/contacts/gnovosibirsk_ul_petuhova_dom_67_.html",
  "work_time_list": [
   {
    "day": 1,
    "time": "10:00/20:00"
   },
   {
    "day": 2,
    "time": "10:00/20:00"
   },
   {
    "day": 3,
    "time": "10:00/20:00"
   },
   {
    "day": 4,
    "time": "10:00/20:00"
   },
   {
    "day": 5,
    "time": "10:00/20:00"
   },
   {
    "day": 6,
    "time": "10:00/16:00"
   },
   {
    "day": 7,
    "time": "10:00/16:00"
   }
  ],
  "work_time_exception_list": [],
  "weight_min": 0,
  "weight_max": 50,
  "location": {
   "country_code": "RU",
   "region_code": 23,
   "region": "Новосибирская область",
   "city_code": 270,
   "city": "Новосибирск",
   "postal_code": "630088",
   "longitude": 82.89883,
   "latitude": 54.938187,
   "address": "ул. Зорге, 1а",
   "address_full": "630088, Россия, Новосибирская область, Новосибирск, ул. Зорге, 1а",
   "city_uuid": "4e938d63-e189-454d-bb5c-54bfb2f1e4e2"
  },
  "fulfillment": false
 },
 {
  "code": "NSK9",
  "name": "NSK9, Новосибирск, ул. Ильича",
  "uuid": "85e0886f-5f35-4ce1-9cc4-ec3b0a98d9e5",
  "address_comment": "переход ТЦ \"АКАДЕМГОРОДОК\", цокольный этаж",
  "nearest_station": "Дом Ученых",
  "nearest_metro_station": "Ст. м. «Речной Вокзал»",
  "work_time": "Пн-Пт 10:00-20:00, Сб 10:00-16:00, Вс 10:00-16:00",
  "phones": [
   {
    "number": "+79831361200"
   }
  ],
  "email": "s.krukov@cdek.ru",
  "note": "переход ТЦ \"АКАДЕМГОРОДОК\", цокольный этаж",
  "type": "PVZ",
  "owner_code": "CDEK",
  "take_only": false,
  "is_handout": true,
  "is_reception": true,
  "is_dressing_room": true,
  "is_ltl": false,
  "have_cashless": true,
  "have_cash": true,
  "have_fast_payment_system": false,
  "allowed_cod": true,
  "site": "https://www.cdek.ru/contacts/g_novosibirsk_akademgorodok_ul_ilicha_d_6.html",
  "work_time_list": [
   {
    "day": 1,
    "time": "10:00/20:00"
   },
   {
    "day": 2,
    "time": "10:00/20:00"
   },
   {
    "day": 3,
    "time": "10:00/20:00"
   },
   {
    "day": 4,
    "time": "10:00/20:00"
   },
   {
    "day": 5,
    "time": "10:00/20:00"
   },
   {
    "day": 6,
    "time": "10:00/16:00"
   },
   {
    "day": 7,
    "time": "10:00/16:00"
   }
  ],
  "work_time_exception_list": [],
  "weight_min": 0,
  "weight_max": 150,
  "location": {
   "country_code": "RU",
   "region_code": 23,
   "region": "Новосибирская область",
   "city_code": 270,
   "city": "Новосибирск",
   "postal_code": "630090",
   "longitude": 83.09567,
   "latitude": 54.839066,
   "address": "ул. Ильича, 6",
   "address_full": "630090, Россия, Новосибирская область, Новосибирск, ул. Ильича, 6",
   "city_uuid": "4e938d63-e189-454d-bb5c-54bfb2f1e4e2"
  },
  "fulfillment": false
 },
 {
  "code": "NSK12",
  "name": "NSK12, Новосибирск, ул. Бориса Богаткова",
  "uuid": "241a85a7-de98-4c03-b39f-a39133f6071c",
  "work_time": "Пн-Пт 10:00-20:00, Сб 10:00-16:00, Вс 10:00-16:00",
  "phones": [
   {
    "number": "+79061946080"
   }
  ],
  "email": "d.panchenko@cdek.ru",
  "type": "PVZ",
  "owner_code": "CDEK",
  "take_only": false,
  "is_handout": true,
  "is_reception": true,
  "is_dressing_room": true,
  "is_ltl": false,
  "have_cashless": true,
  "have_cash": true,
  "have_fast_payment_system": false,
  "allowed_cod": true,
  "site": "https://www.cdek.ru/contacts/g_novosibirsk_ul_borisa_bogatkova_d2031.html",
  "work_time_list": [
   {
    "day": 1,
    "time": "10:00/20:00"
   },
   {
    "day": 2,
    "time": "10:00/20:00"
   },
   {
    "day": 3,
    "time": "10:00/20:00"
   },
   {
    "day": 4,
    "time": "10:00/20:00"
   },
   {
    "day": 5,
    "time": "10:00/20:00"
   },
   {
    "day": 6,
    "time": "10:00/16:00"
   },
   {
    "day": 7,
    "time": "10:00/16:00"
   }
  ],
  "work_time_exception_list": [],
  "location": {
   "country_code": "RU",
   "region_code": 23,
   "region": "Новосибирская область",
   "city_code": 270,
   "city": "Новосибирск",
   "postal_code": "630089",
   "longitude": 82.97488,
   "latitude": 55.03591,
   "address": "ул. Бориса Богаткова, 203/1",
   "address_full": "630089, Россия, Новосибирская область, Новосибирск, ул. Бориса Богаткова, 203/1",
   "city_uuid": "4e938d63-e189-454d-bb5c-54bfb2f1e4e2"
  },
  "fulfillment": false
 },
 {
  "code": "NSK13",
  "name": "NSK13, Новосибирск, ул. Богдана Хмельницкого",
  "uuid": "7eeb1609-3fcc-4bb2-877d-0820efa205bd",
  "work_time": "Пн-Пт 10:00-20:00, Сб 10:00-16:00, Вс 10:00-16:00",
  "phones": [
   {
    "number": "+73832772474"
   },
   {
    "number": "+73832772477"
   }
  ],
  "email": "p.turkin@cdek.ru",
  "type": "PVZ",
  "owner_code": "CDEK",
  "take_only": false,
  "is_handout": true,
  "is_reception": true,
  "is_dressing_room": true,
  "is_ltl": false,
  "have_cashless": true,
  "have_cash": true,
  "have_fast_payment_system": false,
  "allowed_cod": true,
  "site": "https://www.cdek.ru/contacts/g_novosibirsk_ul_bogdana_hmelnickogo_d63.html",
  "work_time_list": [
   {
    "day": 1,
    "time": "10:00/20:00"
   },
   {
    "day": 2,
    "time": "10:00/20:00"
   },
   {
    "day": 3,
    "time": "10:00/20:00"
   },
   {
    "day": 4,
    "time": "10:00/20:00"
   },
   {
    "day": 5,
    "time": "10:00/20:00"
   },
   {
    "day": 6,
    "time": "10:00/16:00"
   },
   {
    "day": 7,
    "time": "10:00/16:00"
   }
  ],
  "work_time_exception_list": [],
  "location": {
   "country_code": "RU",
   "region_code": 23,
   "region": "Новосибирская область",
   "city_code": 270,
   "city": "Новосибирск",
   "postal_code": "630110",
   "longitude": 82.96555,
   "latitude": 55.08216,
   "address": "ул. Богдана Хмельницкого, 63",
   "address_full": "630110, Россия, Новосибирская область, Новосибирск, ул. Богдана Хмельницкого, 63",
   "city_uuid": "4e938d63-e189-454d-bb5c-54bfb2f1e4e2"
  },
  "fulfillment": false
 },
 {
  "code": "NSK17",
  "name": "NSK17, Новосибирск, ул. Гоголя",
  "uuid": "60e63a5b-1a74-45fb-94ab-e008fb9ca288",
  "nearest_station": "Торговый Центр Маршал",
  "nearest_metro_station": "Ст. м. Маршала Покрышкина",
  "work_time": "Пн-Пт 10:00-20:00, Сб-Вс 10:00-19:30",
  "phones": [
   {
    "number": "+79137134111"
   }
  ],
  "email": "n.pronenko@cdek.ru",
  "type": "PVZ",
  "owner_code": "CDEK",
  "take_only": false,
  "is_handout": true,
  "is_reception": true,
  "is_dressing_room": true,
  "is_ltl": false,
  "have_cashless": true,
  "have_cash": true,
  "have_fast_payment_system": false,
  "allowed_cod": true,
  "site": "https://www.cdek.ru/contacts/g_novosibirsk_ul_gogolya_d38.html",
  "work_time_list": [
   {
    "day": 1,
    "time": "10:00/20:00"
   },
   {
    "day": 2,
    "time": "10:00/20:00"
   },
   {
    "day": 3,
    "time": "10:00/20:00"
   },
   {
    "day": 4,
    "time": "10:00/20:00"
   },
   {
    "day": 5,
    "time": "10:00/20:00"
   },
   {
    "day": 6,
    "time": "10:00/19:30"
   },
   {
    "day": 7,
    "time": "10:00/19:30"
   }
  ],
  "work_time_exception_list": [],
  "location": {
   "country_code": "RU",
   "region_code": 23,
   "region": "Новосибирская область",
   "city_code": 270,
   "city": "Новосибирск",
   "postal_code": "630007",
   "longitude": 82.93568,
   "latitude": 55.04338,
   "address": "ул. Гоголя, 38",
   "address_full": "630007, Россия, Новосибирская область, Новосибирск, ул. Гоголя, 38",
   "city_uuid": "4e938d63-e189-454d-bb5c-54bfb2f1e4e2"
  },
  "fulfillment": false
 },
 {
  "code": "NSK18",
  "name": "NSK18, Новосибирск, ул. Восход",
  "uuid": "f39bca93-35c6-4f01-8e79-63ae47a2731a",
  "address_comment": "1 этаж",
  "work_time": "Пн-Пт 10:00-20:00, Сб 10:00-16:00, Вс 10:00-16:00",
  "phones": [
   {
    "number": "+79231503993"
   }
  ],
  "email": "e.voronova@cdek.ru",
  "note": "1 этаж",
  "type": "PVZ",
  "owner_code": "CDEK",
  "take_only": false,
  "is_handout": true,
  "is_reception": true,
  "is_dressing_room": true,
  "is_ltl": false,
  "have_cashless": true,
  "have_cash": true,
  "have_fast_payment_system": false,
  "allowed_cod": true,
  "site": "https://www.cdek.ru/contacts/g_novosibirsk_ul_bolshevistskaya_d12_of4.html",
  "work_time_list": [
   {
    "day": 1,
    "time": "10:00/20:00"
   },
   {
    "day": 2,
    "time": "10:00/20:00"
   },
   {
    "day": 3,
    "time": "10:00/20:00"
   },
   {
    "day": 4,
    "time": "10:00/20:00"
   },
   {
    "day": 5,
    "time": "10:00/20:00"
   },
   {
    "day": 6,
    "time": "10:00/16:00"
   },
   {
    "day": 7,
    "time": "10:00/16:00"
   }
  ],
  "work_time_exception_list": [],
  "weight_min": 0,
  "weight_max": 50,
  "location": {
   "country_code": "RU",
   "region_code": 23,
   "region": "Новосибирская область",
   "city_code": 270,
   "city": "Новосибирск",
   "postal_code": "630102",
   "longitude": 82.9397,
   "latitude": 55.011837,
   "address": "ул. Восход, 1а, 105",
   "address_full": "630102, Россия, Новосибирская область, Новосибирск, ул. Восход, 1а, 105",
   "city_uuid": "4e938d63-e189-454d-bb5c-54bfb2f1e4e2"
  },
  "fulfillment": false
 },
 {
  "code": "NSK21",
  "name": "NSK21, Новосибирск, ул. Героев Революции",
  "uuid": "1757335f-2eb8-49eb-85ff-cf4296fcebfe",
  "address_comment": "Обходим поликлинику с правой стороны, второе здание по ходу движения. Рядом с вывеской СДЭК, вывески Ткани, а также Зоомагазин.",
  "nearest_station": "Поликлиника (ул. Героев революции)",
  "work_time": "Пн-Пт 10:00-20:00, Сб 10:00-16:00, Вс 10:00-16:00",
  "phones": [
   {
    "number": "+79069945158"
   }
  ],
  "email": "s.semenov@cdek.ru",
  "note": "Обходим поликлинику с правой стороны, второе здание по ходу движения. Рядом с вывеской СДЭК, вывески Ткани, а также Зоомагазин.",
  "type": "PVZ",
  "owner_code": "CDEK",
  "take_only": false,
  "is_handout": true,
  "is_reception": true,
  "is_dressing_room": true,
  "is_ltl": false,
  "have_cashless": true,
  "have_cash": true,
  "have_fast_payment_system": false,
  "allowed_cod": true,
  "site": "https://www.cdek.ru/about/news/otkrylsya_novyy_ofis_v_g_novosibirsk.html",
  "work_time_list": [
   {
    "day": 1,
    "time": "10:00/20:00"
   },
   {
    "day": 2,
    "time": "10:00/20:00"
   },
   {
    "day": 3,
    "time": "10:00/20:00"
   },
   {
    "day": 4,
    "time": "10:00/20:00"
   },
   {
    "day": 5,
    "time": "10:00/20:00"
   },
   {
    "day": 6,
    "time": "10:00/16:00"
   },
   {
    "day": 7,
    "time": "10:00/16:00"
   }
  ],
  "work_time_exception_list": [],
  "weight_min": 0,
  "weight_max": 50,
  "location": {
   "country_code": "RU",
   "region_code": 23,
   "region": "Новосибирская область",
   "city_code": 270,
   "city": "Новосибирск",
   "postal_code": "630037",
   "longitude": 83.09664,
   "latitude": 54.972446,
   "address": "ул. Героев Революции, 5/2",
   "address_full": "630037, Россия, Новосибирская область, Новосибирск, ул. Героев Революции, 5/2",
   "city_uuid": "4e938d63-e189-454d-bb5c-54bfb2f1e4e2"
  },
  "fulfillment": false
 },
 {
  "code": "NSK30",
  "name": "NSK30, Новосибирск, пр. Северный",
  "uuid": "fc586144-cd39-4935-932e-275bf4b0bdbd",
  "address_comment": "За мегамаркетом «Метро», проезжая Хладокомбинат, налево под шлагбаум. Второй вход.",
  "nearest_station": "Торговый Город Левобережный",
  "nearest_metro_station": "Ст. м. Карла Маркса",
  "work_time": "Пн-Пт 08:00-20:00, Сб-Вс 10:00-18:00",
  "phones": [
   {
    "number": "+73832022250"
   }
  ],
  "email": "nsk@cdek.ru",
  "note": "За мегамаркетом «Метро», проезжая Хладокомбинат, налево под шлагбаум. Второй вход.",
  "type": "PVZ",
  "owner_code": "CDEK",
  "take_only": false,
  "is_handout": true,
  "is_reception": true,
  "is_dressing_room": true,
  "is_ltl": false,
  "have_cashless": true,
  "have_cash": true,
  "have_fast_payment_system": false,
  "allowed_cod": true,
  "work_time_list": [
   {
    "day": 1,
    "time": "08:00/20:00"
   },
   {
    "day": 2,
    "time": "08:00/20:00"
   },
   {
    "day": 3,
    "time": "08:00/20:00"
   },
   {
    "day": 4,
    "time": "08:00/20:00"
   },
   {
    "day": 5,
    "time": "08:00/20:00"
   },
   {
    "day": 6,
    "time": "10:00/18:00"
   },
   {
    "day": 7,
    "time": "10:00/18:00"
   }
  ],
  "work_time_exception_list": [],
  "location": {
   "country_code": "RU",
   "region_code": 23,
   "region": "Новосибирская область",
   "city_code": 270,
   "city": "Новосибирск",
   "postal_code": "630088",
   "longitude": 82.886894,
   "latitude": 54.951065,
   "address": "пр. Северный, 3/8",
   "address_full": "630088, Россия, Новосибирская область, Новосибирск, пр. Северный, 3/8",
   "city_uuid": "4e938d63-e189-454d-bb5c-54bfb2f1e4e2"
  },
  "fulfillment": false
 },
 {
  "code": "NSK37",
  "name": "NSK37, Новосибирск, ул. Выборная",
  "uuid": "64bda32b-01fa-4b0a-bcbc-d2ab7f4b0d77",
  "address_comment": "Цоколь справа от входа в ТД Визит, вход со стороны Выборной",
  "nearest_station": "Жилмассив",
  "work_time": "Пн-Пт 10:00-20:00, Сб 10:00-16:00, Вс 10:00-16:00",
  "phones": [
   {
    "number": "+73832692029"
   }
  ],
  "email": "ivanov.v@cdek.ru",
  "note": "Цоколь справа от входа в ТД Визит, вход со стороны Выборной",
  "type": "PVZ",
  "owner_code": "CDEK",
  "take_only": false,
  "is_handout": true,
  "is_reception": true,
  "is_dressing_room": true,
  "is_ltl": false,
  "have_cashless": true,
  "have_cash": true,
  "have_fast_payment_system": false,
  "allowed_cod": true,
  "work_time_list": [
   {
    "day": 1,
    "time": "10:00/20:00"
   },
   {
    "day": 2,
    "time": "10:00/20:00"
   },
   {
    "day": 3,
    "time": "10:00/20:00"
   },
   {
    "day": 4,
    "time": "10:00/20:00"
   },
   {
    "day": 5,
    "time": "10:00/20:00"
   },
   {
    "day": 6,
    "time": "10:00/16:00"
   },
   {
    "day": 7,
    "time": "10:00/16:00"
   }
  ],
  "work_time_exception_list": [],
  "weight_min": 0,
  "weight_max": 50,
  "location": {
   "country_code": "RU",
   "region_code": 23,
   "region": "Новосибирская область",
   "city_code": 270,
   "city": "Новосибирск",
   "postal_code": "630126",
   "longitude": 83.00474,
   "latitude": 54.99761,
   "address": "ул. Выборная, 122",
   "address_full": "630126, Россия, Новосибирская область, Новосибирск, ул. Выборная, 122",
   "city_uuid": "4e938d63-e189-454d-bb5c-54bfb2f1e4e2"
  },
  "fulfillment": false
 },
 {
  "code": "NSK43",
  "name": "NSK43, Новосибирск, Гусинобродское ш.",
  "uuid": "2ebbcfc0-cd60-47bc-ae06-fe0e1423290e",
  "address_comment": "ТЦ «Пионер»",
  "nearest_station": "ул.Толбухина",
  "work_time": "Пн-Пт 10:00-20:00, Сб 10:00-16:00, Вс 10:00-16:00",
  "phones": [
   {
    "number": "+79137521238"
   }
  ],
  "email": "i.maevskiy@cdek.ru",
  "note": "ТЦ «Пионер»",
  "type": "PVZ",
  "owner_code": "CDEK",
  "take_only": false,
  "is_handout": true,
  "is_reception": true,
  "is_dressing_room": true,
  "is_ltl": false,
  "have_cashless": true,
  "have_cash": true,
  "have_fast_payment_system": false,
  "allowed_cod": true,
  "work_time_list": [
   {
    "day": 1,
    "time": "10:00/20:00"
   },
   {
    "day": 2,
    "time": "10:00/20:00"
   },
   {
    "day": 3,
    "time": "10:00/20:00"
   },
   {
    "day": 4,
    "time": "10:00/20:00"
   },
   {
    "day": 5,
    "time": "10:00/20:00"
   },
   {
    "day": 6,
    "time": "10:00/16:00"
   },
   {
    "day": 7,
    "time": "10:00/16:00"
   }
  ],
  "work_time_exception_list": [],
  "location": {
   "country_code": "RU",
   "region_code": 23,
   "region": "Новосибирская область",
   "city_code": 270,
   "city": "Новосибирск",
   "postal_code": "630039",
   "longitude": 83.01152,
   "latitude": 55.036728,
   "address": "Гусинобродское ш., 62 к.1",
   "address_full": "630039, Россия, Новосибирская область, Новосибирск, Гусинобродское ш., 62 к.1",
   "city_uuid": "4e938d63-e189-454d-bb5c-54bfb2f1e4e2"
  },
  "fulfillment": false
 },
 {
  "code": "NSK66",
  "name": "NSK66, Новосибирск, ул. Титова",
  "uuid": "10dd1c92-dd93-40e1-80f1-258b5794dac9",
  "address_comment": "От площади Станиславского вверх по ул. Титова около 350 метров, на первом этаже пятиэтажного многоквартирного жилого дома, в котором расположен супермаркет «Ярче», отдельный совместный вход с магазином строительных материалов колор-студией «Палитра», рядом с входом в супермаркет «Мясная карта»",
  "nearest_station": "пл. Станиславского, Телецентр",
  "nearest_metro_station": "пл. Карла Маркса",
  "work_time": "Пн-Пт 10:00-20:00, Сб-Вс 10:00-16:00",
  "phones": [
   {
    "number": "+79833229901"
   }
  ],
  "email": "titov.sa@cdek.ru",
  "note": "От площади Станиславского вверх по ул. Титова около 350 метров, на первом этаже пятиэтажного многоквартирного жилого дома, в котором расположен супермаркет «Ярче», отдельный совместный вход с магазином строительных материалов колор-студией «Палитра», рядом с входом в супермаркет «Мясная карта»",
  "type": "PVZ",
  "owner_code": "CDEK",
  "take_only": false,
  "is_handout": true,
  "is_reception": true,
  "is_dressing_room": true,
  "is_ltl": false,
  "have_cashless": true,
  "have_cash": true,
  "have_fast_payment_system": false,
  "allowed_cod": true,
  "work_time_list": [
   {
    "day": 1,
    "time": "10:00/20:00"
   },
   {
    "day": 2,
    "time": "10:00/20:00"
   },
   {
    "day": 3,
    "time": "10:00/20:00"
   },
   {
    "day": 4,
    "time": "10:00/20:00"
   },
   {
    "day": 5,
    "time": "10:00/20:00"
   },
   {
    "day": 6,
    "time": "10:00/16:00"
   },
   {
    "day": 7,
    "time": "10:00/16:00"
   }
  ],
  "work_time_exception_list": [],
  "location": {
   "country_code": "RU",
   "region_code": 23,
   "region": "Новосибирская область",
   "city_code": 270,
   "city": "Новосибирск",
   "postal_code": "630054",
   "longitude": 82.87821,
   "latitude": 54.98208,
   "address": "ул. Титова, 17",
   "address_full": "630054, Россия, Новосибирская область, Новосибирск, ул. Титова, 17",
   "city_uuid": "4e938d63-e189-454d-bb5c-54bfb2f1e4e2"
  },
  "fulfillment": false
 },
 {
  "code": "NSK67",
  "name": "NSK67, Новосибирск, ул. Молодости",
  "uuid": "e360835f-a499-403a-a6b4-3b1b990f2680",
  "address_comment": "Пересечение улиц Гидромонтажная и Молодости. Остановка «Поликлиника». Вход — пристрой к жилому двухэтажному дому со стороны ул. Молодости.",
  "nearest_station": "Поликлиника",
  "work_time": "Пн-Пт 10:00-20:00, Сб-Вс 10:00-16:00",
  "phones": [
   {
    "number": "+73833049162"
   }
  ],
  "email": "i.gordeeva@cdek.ru",
  "note": "Пересечение улиц Гидромонтажная и Молодости. Остановка «Поликлиника». Вход — пристрой к жилому двухэтажному дому со стороны ул. Молодости.",
  "type": "PVZ",
  "owner_code": "CDEK",
  "take_only": false,
  "is_handout": true,
  "is_reception": true,
  "is_dressing_room": true,
  "is_ltl": false,
  "have_cashless": true,
  "have_cash": true,
  "have_fast_payment_system": false,
  "allowed_cod": true,
  "work_time_list": [
   {
    "day": 1,
    "time": "10:00/20:00"
   },
   {
    "day": 2,
    "time": "10:00/20:00"
   },
   {
    "day": 3,
    "time": "10:00/20:00"
   },
   {
    "day": 4,
    "time": "10:00/20:00"
   },
   {
    "day": 5,
    "time": "10:00/20:00"
   },
   {
    "day": 6,
    "time": "10:00/16:00"
   },
   {
    "day": 7,
    "time": "10:00/16:00"
   }
  ],
  "work_time_exception_list": [],
  "weight_min": 0,
  "weight_max": 60,
  "location": {
   "country_code": "RU",
   "region_code": 23,
   "region": "Новосибирская область",
   "city_code": 270,
   "city": "Новосибирск",
   "postal_code": "630056",
   "longitude": 82.978455,
   "latitude": 54.8584,
   "address": "ул. Молодости, 21",
   "address_full": "630056, Россия, Новосибирская область, Новосибирск, ул. Молодости, 21",
   "city_uuid": "4e938d63-e189-454d-bb5c-54bfb2f1e4e2"
  },
  "fulfillment": false
 },
 {
  "code": "NSK68",
  "name": "NSK68, Новосибирск, пр-т Карла Маркса",
  "uuid": "63d78fa3-7a9f-4c09-b8c3-7c0227887971",
  "address_comment": "Центральный вход с улицы Карла Маркса. Над дверью надпись «учебный корпус №4»",
  "nearest_station": "Студенческая",
  "nearest_metro_station": "Студенческая",
  "work_time": "Пн-Пт 10:00-20:00, Сб-Вс 10:00-16:00",
  "phones": [
   {
    "number": "+73832813041"
   }
  ],
  "email": "d.varnavsky@cdek.ru",
  "note": "Центральный вход с улицы Карла Маркса. Над дверью надпись «учебный корпус №4»",
  "type": "PVZ",
  "owner_code": "CDEK",
  "take_only": false,
  "is_handout": true,
  "is_reception": true,
  "is_dressing_room": true,
  "is_ltl": false,
  "have_cashless": true,
  "have_cash": true,
  "have_fast_payment_system": false,
  "allowed_cod": true,
  "work_time_list": [
   {
    "day": 1,
    "time": "10:00/20:00"
   },
   {
    "day": 2,
    "time": "10:00/20:00"
   },
   {
    "day": 3,
    "time": "10:00/20:00"
   },
   {
    "day": 4,
    "time": "10:00/20:00"
   },
   {
    "day": 5,
    "time": "10:00/20:00"
   },
   {
    "day": 6,
    "time": "10:00/16:00"
   },
   {
    "day": 7,
    "time": "10:00/16:00"
   }
  ],
  "work_time_exception_list": [],
  "location": {
   "country_code": "RU",
   "region_code": 23,
   "region": "Новосибирская область",
   "city_code": 270,
   "city": "Новосибирск",
   "postal_code": "630087",
   "longitude": 82.90798,
   "latitude": 54.989716,
   "address": "пр-т Карла Маркса, 24, оф. 1",
   "address_full": "630087, Россия, Новосибирская область, Новосибирск, пр-т Карла Маркса, 24, оф. 1",
   "city_uuid": "4e938d63-e189-454d-bb5c-54bfb2f1e4e2"
  },
  "fulfillment": false
 },
 {
  "code": "NSK69",
  "name": "NSK69, Новосибирск, ул. Советская",
  "uuid": "49a6ef19-931e-4263-a89d-c061fdc9ba91",
  "address_comment": "Остановка «Муниципальный банк», затем по  ул. Фрунзе до ул. Советская",
  "nearest_station": "Муниципальный банк",
  "nearest_metro_station": "Красный проспект",
  "work_time": "Пн-Пт 10:00-20:00, Сб-Вс 10:00-16:00",
  "phones": [
   {
    "number": "+73832213550"
   }
  ],
  "email": "aa.chuev@cdek.ru",
  "note": "Остановка «Муниципальный банк», затем по  ул. Фрунзе до ул. Советская",
  "type": "PVZ",
  "owner_code": "CDEK",
  "take_only": false,
  "is_handout": true,
  "is_reception": true,
  "is_dressing_room": true,
  "is_ltl": false,
  "have_cashless": true,
  "have_cash": true,
  "have_fast_payment_system": false,
  "allowed_cod": true,
  "work_time_list": [
   {
    "day": 1,
    "time": "10:00/20:00"
   },
   {
    "day": 2,
    "time": "10:00/20:00"
   },
   {
    "day": 3,
    "time": "10:00/20:00"
   },
   {
    "day": 4,
    "time": "10:00/20:00"
   },
   {
    "day": 5,
    "time": "10:00/20:00"
   },
   {
    "day": 6,
    "time": "10:00/16:00"
   },
   {
    "day": 7,
    "time": "10:00/16:00"
   }
  ],
  "work_time_exception_list": [],
  "weight_min": 0,
  "weight_max": 80,
  "location": {
   "country_code": "RU",
   "region_code": 23,
   "region": "Новосибирская область",
   "city_code": 270,
   "city": "Новосибирск",
   "postal_code": "630091",
   "longitude": 82.91501,
   "latitude": 55.037315,
   "address": "ул. Советская, 36/1",
   "address_full": "630091, Россия, Новосибирская область, Новосибирск, ул. Советская, 36/1",
   "city_uuid": "4e938d63-e189-454d-bb5c-54bfb2f1e4e2"
  },
  "fulfillment": false
 },
 {
  "code": "NSK70",
  "name": "NSK70, Новосибирск, ул. Октябрьская",
  "uuid": "c476ea6b-cc13-4c80-a5d0-0477a099a59d",
  "address_comment": "Возле кинотеатра им. В.Маяковского на пересечении Красного проспекта и ул. Октябрьская здание БЦ «На Октябрьской», главный вход в здание, на 1-м эт., кааб. 110А",
  "nearest_station": "Кинотеатр им. В.Маяковского",
  "nearest_metro_station": "Ленина",
  "work_time": "Пн-Пт 10:00-20:00, Сб-Вс 10:00-16:00",
  "phones": [
   {
    "number": "+79231157799"
   }
  ],
  "email": "E.Voronova@cdek.ru",
  "note": "Возле кинотеатра им. В.Маяковского на пересечении Красного проспекта и ул. Октябрьская здание БЦ «На Октябрьской», главный вход в здание, на 1-м эт., кааб. 110А",
  "type": "PVZ",
  "owner_code": "CDEK",
  "take_only": false,
  "is_handout": true,
  "is_reception": true,
  "is_dressing_room": true,
  "is_ltl": false,
  "have_cashless": true,
  "have_cash": true,
  "have_fast_payment_system": false,
  "allowed_cod": true,
  "work_time_list": [
   {
    "day": 1,
    "time": "10:00/20:00"
   },
   {
    "day": 2,
    "time": "10:00/20:00"
   },
   {
    "day": 3,
    "time": "10:00/20:00"
   },
   {
    "day": 4,
    "time": "10:00/20:00"
   },
   {
    "day": 5,
    "time": "10:00/20:00"
   },
   {
    "day": 6,
    "time": "10:00/16:00"
   },
   {
    "day": 7,
    "time": "10:00/16:00"
   }
  ],
  "work_time_exception_list": [],
  "weight_min": 0,
  "weight_max": 50,
  "location": {
   "country_code": "RU",
   "region_code": 23,
   "region": "Новосибирская область",
   "city_code": 270,
   "city": "Новосибирск",
   "postal_code": "630099",
   "longitude": 82.92001,
   "latitude": 55.024387,
   "address": "ул. Октябрьская, 42, 110а",
   "address_full": "630099, Россия, Новосибирская область, Новосибирск, ул. Октябрьская, 42, 110а",
   "city_uuid": "4e938d63-e189-454d-bb5c-54bfb2f1e4e2"
  },
  "fulfillment": false
 },
 {
  "code": "NSK71",
  "name": "NSK71, Новосибирск, ул. Холодильная",
  "uuid": "deadf595-2a04-488a-935f-00b3976fd6e1",
  "address_comment": "Рядом с остановкой «Холодильная» ( по стороне нечетных домов Дуси Ковальчук) стоит дом , от дороги второе офисное помещение.",
  "nearest_station": "Холодильная",
  "nearest_metro_station": "Заельцовская",
  "work_time": "Пн-Пт 10:00-20:00, Сб-Вс 10:00-16:00",
  "phones": [
   {
    "number": "+79913770310"
   }
  ],
  "email": "Bibikova.m@cdek.ru",
  "note": "Рядом с остановкой «Холодильная» ( по стороне нечетных домов Дуси Ковальчук) стоит дом , от дороги второе офисное помещение.",
  "type": "PVZ",
  "owner_code": "CDEK",
  "take_only": false,
  "is_handout": true,
  "is_reception": true,
  "is_dressing_room": true,
  "is_ltl": false,
  "have_cashless": true,
  "have_cash": true,
  "have_fast_payment_system": false,
  "allowed_cod": true,
  "work_time_list": [
   {
    "day": 1,
    "time": "10:00/20:00"
   },
   {
    "day": 2,
    "time": "10:00/20:00"
   },
   {
    "day": 3,
    "time": "10:00/20:00"
   },
   {
    "day": 4,
    "time": "10:00/20:00"
   },
   {
    "day": 5,
    "time": "10:00/20:00"
   },
   {
    "day": 6,
    "time": "10:00/16:00"
   },
   {
    "day": 7,
    "time": "10:00/16:00"
   }
  ],
  "work_time_exception_list": [],
  "location": {
   "country_code": "RU",
   "region_code": 23,
   "region": "Новосибирская область",
   "city_code": 270,
   "city": "Новосибирск",
   "postal_code": "630001",
   "longitude": 82.88536,
   "latitude": 55.049587,
   "address": "ул. Холодильная, 13",
   "address_full": "630001, Россия, Новосибирская область, Новосибирск, ул. Холодильная, 13",
   "city_uuid": "4e938d63-e189-454d-bb5c-54bfb2f1e4e2"
  },
  "fulfillment": false
 },
 {
  "code": "NSK39",
  "name": "NSK39, Новосибирск, ул. Крылова",
  "uuid": "8701da6a-08d7-4fda-b7b7-1997398dd305",
  "nearest_station": "«Метро Красный проспект»",
  "nearest_metro_station": "Красный проспект",
  "work_time": "Пн-Пт 10:00-20:00, Сб 10:00-16:00, Вс 10:00-16:00",
  "phones": [
   {
    "number": "+79529304062"
   }
  ],
  "email": "a.matyunina@cdek.ru",
  "type": "PVZ",
  "owner_code": "CDEK",
  "take_only": false,
  "is_handout": true,
  "is_reception": true,
  "is_dressing_room": true,
  "is_ltl": false,
  "have_cashless": true,
  "have_cash": true,
  "have_fast_payment_system": false,
  "allowed_cod": true,
  "office_image_list": [
   {
    "url": "https://gateway.edu.cdek.ru/file-storage/web/object/office-photo/d6da10e9-dbe2-4ad1-95c2-412d6ab0dd36"
   }
  ],
  "work_time_list": [
   {
    "day": 1,
    "time": "10:00/20:00"
   },
   {
    "day": 2,
    "time": "10:00/20:00"
   },
   {
    "day": 3,
    "time": "10:00/20:00"
   },
   {
    "day": 4,
    "time": "10:00/20:00"
   },
   {
    "day": 5,
    "time": "10:00/20:00"
   },
   {
    "day": 6,
    "time": "10:00/16:00"
   },
   {
    "day": 7,
    "time": "10:00/16:00"
   }
  ],
  "work_time_exception_list": [],
  "location": {
   "country_code": "RU",
   "region_code": 23,
   "region": "Новосибирская область",
   "city_code": 270,
   "city": "Новосибирск",
   "postal_code": "630091",
   "longitude": 82.918785,
   "latitude": 55.04105,
   "address": "ул. Крылова, 7/1, 5а",
   "address_full": "630091, Россия, Новосибирская область, Новосибирск, ул. Крылова, 7/1, 5а",
   "city_uuid": "4e938d63-e189-454d-bb5c-54bfb2f1e4e2"
  },
  "fulfillment": false
 },
 {
  "code": "NSK27",
  "name": "NSK27, Новосибирск, пр-т Дзержинского",
  "uuid": "98d946b1-f0a1-4188-bc35-97a63e449abf",
  "nearest_station": "Гостиница Северная",
  "work_time": "Пн-Пт 10:00-20:00, Сб 10:00-16:00, Вс 10:00-16:00",
  "phones": [
   {
    "number": "+73832279625"
   }
  ],
  "email": "vl.mironov@cdek.ru",
  "type": "PVZ",
  "owner_code": "CDEK",
  "take_only": false,
  "is_handout": true,
  "is_reception": true,
  "is_dressing_room": true,
  "is_ltl": false,
  "have_cashless": true,
  "have_cash": true,
  "have_fast_payment_system": false,
  "allowed_cod": true,
  "office_image_list": [
   {
    "url": "https://gateway.edu.cdek.ru/file-storage/web/object/office-photo/c3ec2fcf-2edb-4b67-aef4-9fd518cfaf31"
   },
   {
    "url": "https://gateway.edu.cdek.ru/file-storage/web/object/office-photo/23417e5f-0a30-4035-a1a9-8c45c2303a52"
   },
   {
    "url": "https://gateway.edu.cdek.ru/file-storage/web/object/office-photo/fbf9c44f-7291-4ed9-951b-395e771191d1"
   }
  ],
  "work_time_list": [
   {
    "day": 1,
    "time": "10:00/20:00"
   },
   {
    "day": 2,
    "time": "10:00/20:00"
   },
   {
    "day": 3,
    "time": "10:00/20:00"
   },
   {
    "day": 4,
    "time": "10:00/20:00"
   },
   {
    "day": 5,
    "time": "10:00/20:00"
   },
   {
    "day": 6,
    "time": "10:00/16:00"
   },
   {
    "day": 7,
    "time": "10:00/16:00"
   }
  ],
  "work_time_exception_list": [],
  "location": {
   "country_code": "RU",
   "region_code": 23,
   "region": "Новосибирская область",
   "city_code": 270,
   "city": "Новосибирск",
   "postal_code": "630051",
   "longitude": 82.9796,
   "latitude": 55.056816,
   "address": "пр-т Дзержинского, 34/1, 105",
   "address_full": "630051, Россия, Новосибирская область, Новосибирск, пр-т Дзержинского, 34/1, 105",
   "city_uuid": "4e938d63-e189-454d-bb5c-54bfb2f1e4e2"
  },
  "fulfillment": false
 },
 {
  "code": "NSK49",
  "name": "NSK49, Новосибирск, ул. Балтийская",
  "uuid": "ef362772-2c16-43ea-b515-7f7056614472",
  "address_comment": "ТЦ \"Балтийский\", по эскалатору на 2ой этаж, далее по навигационным вывескам. С заднего фасада имеется доп.вход с грузовым лифтом.",
  "nearest_station": "Белоусова",
  "work_time": "Пн-Пт 10:00-20:00, Сб 10:00-16:00, Вс 10:00-16:00",
  "phones": [
   {
    "number": "+79537755040"
   }
  ],
  "email": "f.kvashnin@cdek.ru",
  "note": "ТЦ \"Балтийский\", по эскалатору на 2ой этаж, далее по навигационным вывескам. С заднего фасада имеется доп.вход с грузовым лифтом.",
  "type": "PVZ",
  "owner_code": "CDEK",
  "take_only": false,
  "is_handout": true,
  "is_reception": true,
  "is_dressing_room": true,
  "is_ltl": false,
  "have_cashless": true,
  "have_cash": true,
  "have_fast_payment_system": false,
  "allowed_cod": true,
  "office_image_list": [
   {
    "url": "https://gateway.edu.cdek.ru/file-storage/web/object/office-photo/9ba140bc-47b5-471d-90ef-cef6a320708e"
   },
   {
    "url": "https://gateway.edu.cdek.ru/file-storage/web/object/office-photo/3e87c42f-68f0-490d-aba0-747d9ae1f33a"
   },
   {
    "url": "https://gateway.edu.cdek.ru/file-storage/web/object/office-photo/dcaf11cc-c7d9-4f80-b0f9-eb6393db28cc"
   },
   {
    "url": "https://gateway.edu.cdek.ru/file-storage/web/object/office-photo/1f49e563-770d-43b7-863a-2e7aab237cca"
   },
   {
    "url": "https://gateway.edu.cdek.ru/file-storage/web/object/office-photo/32075198-b5f4-4dde-b353-53444e9df2b4"
   }
  ],
  "work_time_list": [
   {
    "day": 1,
    "time": "10:00/20:00"
   },
   {
    "day": 2,
    "time": "10:00/20:00"
   },
   {
    "day": 3,
    "time": "10:00/20:00"
   },
   {
    "day": 4,
    "time": "10:00/20:00"
   },
   {
    "day": 5,
    "time": "10:00/20:00"
   },
   {
    "day": 6,
    "time": "10:00/16:00"
   },
   {
    "day": 7,
    "time": "10:00/16:00"
   }
  ],
  "work_time_exception_list": [],
  "location": {
   "country_code": "RU",
   "region_code": 23,
   "region": "Новосибирская область",
   "city_code": 270,
   "city": "Новосибирск",
   "postal_code": "630058",
   "longitude": 83.05066,
   "latitude": 54.854942,
   "address": "ул. Балтийская, 29",
   "address_full": "630058, Россия, Новосибирская область, Новосибирск, ул. Балтийская, 29",
   "city_uuid": "4e938d63-e189-454d-bb5c-54bfb2f1e4e2"
  },
  "fulfillment": false
 },
 {
  "code": "NSK33",
  "name": "NSK33, Новосибирск, ул. Дуси Ковальчук",
  "uuid": "7aa87999-de93-4cb0-ae67-9e865010cbd2",
  "address_comment": "От метро по ул. Дуси Ковальчук в сторону Университета путей сообщения. Здание рядом с БЦ Колибри, вход с правой стороны.",
  "nearest_station": "Ст. м.  Заельцовская, пл.Калинина",
  "nearest_metro_station": "Ст. м. Заельцовская",
  "work_time": "Пн-Пт 10:00-20:00, Сб 10:00-16:00, Вс 10:00-16:00",
  "phones": [
   {
    "number": "+79607857869"
   }
  ],
  "email": "e.arestova@cdek.ru",
  "note": "От метро по ул. Дуси Ковальчук в сторону Университета путей сообщения. Здание рядом с БЦ Колибри, вход с правой стороны.",
  "type": "PVZ",
  "owner_code": "CDEK",
  "take_only": false,
  "is_handout": true,
  "is_reception": true,
  "is_dressing_room": true,
  "is_ltl": false,
  "have_cashless": true,
  "have_cash": true,
  "have_fast_payment_system": false,
  "allowed_cod": true,
  "office_image_list": [
   {
    "url": "https://gateway.edu.cdek.ru/file-storage/web/object/office-photo/171ae838-036b-4ec5-954e-ebaedf7c7971"
   },
   {
    "url": "https://gateway.edu.cdek.ru/file-storage/web/object/office-photo/8449af3e-5a01-45b9-b04b-a784656b0bf9"
   },
   {
    "url": "https://gateway.edu.cdek.ru/file-storage/web/object/office-photo/b094e78e-88ae-418f-afd8-66f4179b7b00"
   },
   {
    "url": "https://gateway.edu.cdek.ru/file-storage/web/object/office-photo/76bdfa32-1544-4eb2-8e4f-76af58b48096"
   },
   {
    "url": "https://gateway.edu.cdek.ru/file-storage/web/object/office-photo/23088921-8838-4a8a-a268-d5dc1d98e0af"
   }
  ],
  "work_time_list": [
   {
    "day": 1,
    "time": "10:00/20:00"
   },
   {
    "day": 2,
    "time": "10:00/20:00"
   },
   {
    "day": 3,
    "time": "10:00/20:00"
   },
   {
    "day": 4,
    "time": "10:00/20:00"
   },
   {
    "day": 5,
    "time": "10:00/20:00"
   },
   {
    "day": 6,
    "time": "10:00/16:00"
   },
   {
    "day": 7,
    "time": "10:00/16:00"
   }
  ],
  "work_time_exception_list": [],
  "location": {
   "country_code": "RU",
   "region_code": 23,
   "region": "Новосибирская область",
   "city_code": 270,
   "city": "Новосибирск",
   "postal_code": "630049",
   "longitude": 82.91611,
   "latitude": 55.06141,
   "address": "ул. Дуси Ковальчук, 179а, 3",
   "address_full": "630049, Россия, Новосибирская область, Новосибирск, ул. Дуси Ковальчук, 179а, 3",
   "city_uuid": "4e938d63-e189-454d-bb5c-54bfb2f1e4e2"
  },
  "fulfillment": false
 },
 {
  "code": "NSK42",
  "name": "NSK42, Новосибирск, ул. Немировича – Данченко",
  "uuid": "140d5d34-1c32-4cdb-9160-f96bdc7504fa",
  "address_comment": "Станция метро Студенческая, спуститься до улицы Немировича Данченко по улице Геодезическая, повернуть налево. Пройти 100 метров, где будет центральный вход в здание.",
  "nearest_station": "Лыщинского",
  "nearest_metro_station": "Студенческая",
  "work_time": "Пн-Пт 09:00-20:00, Сб 09:00-16:00, Вс 09:00-16:00",
  "phones": [
   {
    "number": "+79231954545"
   }
  ],
  "email": "v.shilin@cdek.ru",
  "note": "Станция метро Студенческая, спуститься до улицы Немировича Данченко по улице Геодезическая, повернуть налево. Пройти 100 метров, где будет центральный вход в здание.",
  "type": "PVZ",
  "owner_code": "CDEK",
  "take_only": false,
  "is_handout": true,
  "is_reception": true,
  "is_dressing_room": true,
  "is_ltl": false,
  "have_cashless": true,
  "have_cash": true,
  "have_fast_payment_system": false,
  "allowed_cod": true,
  "office_image_list": [
   {
    "url": "https://gateway.edu.cdek.ru/file-storage/web/object/office-photo/395ab244-63d0-46ba-a263-5c27110a9de8"
   },
   {
    "url": "https://gateway.edu.cdek.ru/file-storage/web/object/office-photo/e32b5936-129a-48d1-8766-215d5ee92162"
   },
   {
    "url": "https://gateway.edu.cdek.ru/file-storage/web/object/office-photo/f3bb8752-cc6e-4878-8905-137670163a50"
   },
   {
    "url": "https://gateway.edu.cdek.ru/file-storage/web/object/office-photo/725c3bbe-ace9-4e39-9264-11850f95c61a"
   }
  ],
  "work_time_list": [
   {
    "day": 1,
    "time": "09:00/20:00"
   },
   {
    "day": 2,
    "time": "09:00/20:00"
   },
   {
    "day": 3,
    "time": "09:00/20:00"
   },
   {
    "day": 4,
    "time": "09:00/20:00"
   },
   {
    "day": 5,
    "time": "09:00/20:00"
   },
   {
    "day": 6,
    "time": "09:00/16:00"
   },
   {
    "day": 7,
    "time": "09:00/16:00"
   }
  ],
  "work_time_exception_list": [],
  "weight_min": 0,
  "weight_max": 200,
  "location": {
   "country_code": "RU",
   "region_code": 23,
   "region": "Новосибирская область",
   "city_code": 270,
   "city": "Новосибирск",
   "postal_code": "630087",
   "longitude": 82.91296,
   "latitude": 54.987877,
   "address": "ул. Немировича – Данченко, 165, 109",
   "address_full": "630087, Россия, Новосибирская область, Новосибирск, ул. Немировича – Данченко, 165, 109",
   "city_uuid": "4e938d63-e189-454d-bb5c-54bfb2f1e4e2"
  },
  "fulfillment": false
 },
 {
  "code": "NSK38",
  "name": "NSK38, Новосибирск, ул. Большевистская",
  "uuid": "a475fdf4-0628-44fe-ba1e-cb4c7bdf780d",
  "address_comment": "ПВЗ находится рядом с остановкой \"Мелькомбинат\", напротив \"Бургер-кинг\"",
  "nearest_station": "Мелькомбинат",
  "nearest_metro_station": "Речной вокзал",
  "work_time": "Пн-Пт 10:00-20:00, Сб 10:00-16:00, Вс 10:00-16:00",
  "phones": [
   {
    "number": "+79231864354"
   }
  ],
  "email": "v.murashov@cdek.ru",
  "note": "ПВЗ находится рядом с остановкой \"Мелькомбинат\", напротив \"Бургер-кинг\"",
  "type": "PVZ",
  "owner_code": "CDEK",
  "take_only": false,
  "is_handout": true,
  "is_reception": true,
  "is_dressing_room": true,
  "is_ltl": false,
  "have_cashless": true,
  "have_cash": true,
  "have_fast_payment_system": false,
  "allowed_cod": true,
  "office_image_list": [
   {
    "url": "https://gateway.edu.cdek.ru/file-storage/web/object/office-photo/4d1d9fdf-ea93-4fdf-a4fa-48d610459e14"
   },
   {
    "url": "https://gateway.edu.cdek.ru/file-storage/web/object/office-photo/d9069726-b35a-441e-9d6d-7ca1f8732a2d"
   },
   {
    "url": "https://gateway.edu.cdek.ru/file-storage/web/object/office-photo/761ebd60-cf4d-4e68-ab17-5254a50bbfb0"
   },
   {
    "url": "https://gateway.edu.cdek.ru/file-storage/web/object/office-photo/d6595d33-96e9-433a-aba5-f25af6eb2120"
   },
   {
    "url": "https://gateway.edu.cdek.ru/file-storage/web/object/office-photo/b97a5e27-43da-4285-9bbb-d1a66733d152"
   }
  ],
  "work_time_list": [
   {
    "day": 1,
    "time": "10:00/20:00"
   },
   {
    "day": 2,
    "time": "10:00/20:00"
   },
   {
    "day": 3,
    "time": "10:00/20:00"
   },
   {
    "day": 4,
    "time": "10:00/20:00"
   },
   {
    "day": 5,
    "time": "10:00/20:00"
   },
   {
    "day": 6,
    "time": "10:00/16:00"
   },
   {
    "day": 7,
    "time": "10:00/16:00"
   }
  ],
  "work_time_exception_list": [],
  "location": {
   "country_code": "RU",
   "region_code": 23,
   "region": "Новосибирская область",
   "city_code": 270,
   "city": "Новосибирск",
   "postal_code": "630083",
   "longitude": 82.964195,
   "latitude": 54.99697,
   "address": "ул. Большевистская, 48",
   "address_full": "630083, Россия, Новосибирская область, Новосибирск, ул. Большевистская, 48",
   "city_uuid": "4e938d63-e189-454d-bb5c-54bfb2f1e4e2"
  },
  "fulfillment": false
 },
 {
  "code": "NSK65",
  "name": "NSK65, Новосибирск, ул. Рассветная",
  "uuid": "f99c7446-2021-4d3b-9c9f-4f25b9cf6ec7",
  "address_comment": "Рассветная 17,вход со стороны улицы Курчатова",
  "nearest_station": "Рассветная",
  "nearest_metro_station": "Заельцовская",
  "work_time": "Пн-Пт 10:00-20:00, Сб 10:00-16:00, Вс 10:00-16:00",
  "phones": [
   {
    "number": "+73832556900"
   }
  ],
  "email": "A.Mashnin@cdek.ru",
  "note": "Рассветная 17,вход со стороны улицы Курчатова",
  "type": "PVZ",
  "owner_code": "CDEK",
  "take_only": false,
  "is_handout": true,
  "is_reception": true,
  "is_dressing_room": true,
  "is_ltl": false,
  "have_cashless": true,
  "have_cash": true,
  "have_fast_payment_system": false,
  "allowed_cod": true,
  "office_image_list": [
   {
    "url": "https://gateway.edu.cdek.ru/file-storage/web/object/office-photo/2844d6ff-b437-4d52-9e65-479944018274"
   },
   {
    "url": "https://gateway.edu.cdek.ru/file-storage/web/object/office-photo/906ea4d7-a4a8-425c-b305-a635566864fb"
   },
   {
    "url": "https://gateway.edu.cdek.ru/file-storage/web/object/office-photo/e7b11edf-f5fa-4f14-97ef-2b171abc8db2"
   },
   {
    "url": "https://gateway.edu.cdek.ru/file-storage/web/object/office-photo/04291070-f3ea-4727-a847-6369339f4605"
   },
   {
    "url": "https://gateway.edu.cdek.ru/file-storage/web/object/office-photo/6b5f9ab2-1a2f-48c0-aa60-174b70e4a17a"
   },
   {
    "url": "https://gateway.edu.cdek.ru/file-storage/web/object/office-photo/3f319211-09d2-4aff-8cdc-1528d47b191c"
   }
  ],
  "work_time_list": [
   {
    "day": 1,
    "time": "10:00/20:00"
   },
   {
    "day": 2,
    "time": "10:00/20:00"
   },
   {
    "day": 3,
    "time": "10:00/20:00"
   },
   {
    "day": 4,
    "time": "10:00/20:00"
   },
   {
    "day": 5,
    "time": "10:00/20:00"
   },
   {
    "day": 6,
    "time": "10:00/16:00"
   },
   {
    "day": 7,
    "time": "10:00/16:00"
   }
  ],
  "work_time_exception_list": [],
  "location": {
   "country_code": "RU",
   "region_code": 23,
   "region": "Новосибирская область",
   "city_code": 270,
   "city": "Новосибирск",
   "postal_code": "630129",
   "longitude": 82.9765,
   "latitude": 55.108788,
   "address": "ул. Рассветная, 17",
   "address_full": "630129, Россия, Новосибирская область, Новосибирск, ул. Рассветная, 17",
   "city_uuid": "4e938d63-e189-454d-bb5c-54bfb2f1e4e2"
  },
  "fulfillment": false
 },
 {
  "code": "NSK44",
  "name": "NSK44, Новосибирск, ул. Кутателадзе",
  "uuid": "ea1b6b4e-a216-4f19-a27e-0dcd03453942",
  "address_comment": "Мебельный центр ЭДЕМ",
  "nearest_station": "ТЦ Эдем",
  "work_time": "Пн-Пт 10:00-20:00, Сб 10:00-16:00, Вс 10:00-16:00",
  "phones": [
   {
    "number": "+73833802313"
   }
  ],
  "email": "akadem@cdek.ru",
  "note": "Мебельный центр ЭДЕМ",
  "type": "PVZ",
  "owner_code": "CDEK",
  "take_only": false,
  "is_handout": true,
  "is_reception": true,
  "is_dressing_room": true,
  "is_ltl": false,
  "have_cashless": true,
  "have_cash": true,
  "have_fast_payment_system": false,
  "allowed_cod": true,
  "office_image_list": [
   {
    "url": "https://gateway.edu.cdek.ru/file-storage/web/object/office-photo/030fefb4-e97d-4328-a03c-b39b5b3590f2"
   },
   {
    "url": "https://gateway.edu.cdek.ru/file-storage/web/object/office-photo/b23dc5ac-45ab-43b8-90bb-9fe5007037e1"
   },
   {
    "url": "https://gateway.edu.cdek.ru/file-storage/web/object/office-photo/5855b16f-19b8-4384-88ec-8db4f2220145"
   }
  ],
  "work_time_list": [
   {
    "day": 1,
    "time": "10:00/20:00"
   },
   {
    "day": 2,
    "time": "10:00/20:00"
   },
   {
    "day": 3,
    "time": "10:00/20:00"
   },
   {
    "day": 4,
    "time": "10:00/20:00"
   },
   {
    "day": 5,
    "time": "10:00/20:00"
   },
   {
    "day": 6,
    "time": "10:00/16:00"
   },
   {
    "day": 7,
    "time": "10:00/16:00"
   }
  ],
  "work_time_exception_list": [],
  "location": {
   "country_code": "RU",
   "region_code": 23,
   "region": "Новосибирская область",
   "city_code": 270,
   "city": "Новосибирск",
   "postal_code": "630128",
   "longitude": 83.10323,
   "latitude": 54.859333,
   "address": "ул. Кутателадзе, 4",
   "address_full": "630128, Россия, Новосибирская область, Новосибирск, ул. Кутателадзе, 4",
   "city_uuid": "4e938d63-e189-454d-bb5c-54bfb2f1e4e2"
  },
  "fulfillment": false
 },
 {
  "code": "NSK51",
  "name": "NSK51, Новосибирск, ул. Богдана Хмельницкого",
  "uuid": "fda156ca-c517-443b-8087-35343e67401d",
  "address_comment": "(ТЦ Автомолл, 1этаж)",
  "nearest_station": "Калининский универмаг",
  "nearest_metro_station": "Заельцовская",
  "work_time": "Пн-Пт 10:00-20:00, Сб 10:00-16:00, Вс 10:00-16:00",
  "phones": [
   {
    "number": "+79529152211"
   },
   {
    "number": "+79538851010"
   }
  ],
  "email": "k.lihodienko@cdek.ru",
  "note": "(ТЦ Автомолл, 1этаж)",
  "type": "PVZ",
  "owner_code": "CDEK",
  "take_only": false,
  "is_handout": true,
  "is_reception": true,
  "is_dressing_room": true,
  "is_ltl": false,
  "have_cashless": true,
  "have_cash": true,
  "have_fast_payment_system": false,
  "allowed_cod": true,
  "office_image_list": [
   {
    "url": "https://gateway.edu.cdek.ru/file-storage/web/object/office-photo/096735ed-c289-437f-b093-1dbbcad2e6c4"
   },
   {
    "url": "https://gateway.edu.cdek.ru/file-storage/web/object/office-photo/11f8dba3-1eb5-410b-b893-310ac6007fcf"
   },
   {
    "url": "https://gateway.edu.cdek.ru/file-storage/web/object/office-photo/91e3f6cf-ac29-4860-a575-64be946bcccc"
   },
   {
    "url": "https://gateway.edu.cdek.ru/file-storage/web/object/office-photo/a84cbe99-1e5c-4741-8080-74dc16d59a66"
   }
  ],
  "work_time_list": [
   {
    "day": 1,
    "time": "10:00/20:00"
   },
   {
    "day": 2,
    "time": "10:00/20:00"
   },
   {
    "day": 3,
    "time": "10:00/20:00"
   },
   {
    "day": 4,
    "time": "10:00/20:00"
   },
   {
    "day": 5,
    "time": "10:00/20:00"
   },
   {
    "day": 6,
    "time": "10:00/16:00"
   },
   {
    "day": 7,
    "time": "10:00/16:00"
   }
  ],
  "work_time_exception_list": [],
  "location": {
   "country_code": "RU",
   "region_code": 23,
   "region": "Новосибирская область",
   "city_code": 270,
   "city": "Новосибирск",
   "postal_code": "630075",
   "longitude": 82.933685,
   "latitude": 55.06642,
   "address": "ул. Богдана Хмельницкого, 1/1",
   "address_full": "630075, Россия, Новосибирская область, Новосибирск, ул. Богдана Хмельницкого, 1/1",
   "city_uuid": "4e938d63-e189-454d-bb5c-54bfb2f1e4e2"
  },
  "fulfillment": false
 },
 {
  "code": "NSK48",
  "name": "NSK48, Новосибирск, ул. Бориса Богаткова",
  "uuid": "88f2222b-cd8b-4c67-b551-70c01d028874",
  "address_comment": "Октябрьский район. Остановка Октябрьский рынок. Серое трехэтажное здание, вход один со стороны дороги,  почти напротив (на перекрестке) университет связи — новый корпус",
  "nearest_station": "Октябрьский рынок",
  "nearest_metro_station": "Октябрьская",
  "work_time": "Пн-Пт 10:00-20:00, Сб 10:00-16:00, Вс 10:00-16:00",
  "phones": [
   {
    "number": "+73832819666"
   }
  ],
  "email": "o.doroganova@cdek.ru",
  "note": "Октябрьский район. Остановка Октябрьский рынок. Серое трехэтажное здание, вход один со стороны дороги,  почти напротив (на перекрестке) университет связи — новый корпус",
  "type": "PVZ",
  "owner_code": "CDEK",
  "take_only": false,
  "is_handout": true,
  "is_reception": true,
  "is_dressing_room": true,
  "is_ltl": false,
  "have_cashless": true,
  "have_cash": true,
  "have_fast_payment_system": false,
  "allowed_cod": true,
  "office_image_list": [
   {
    "url": "https://gateway.edu.cdek.ru/file-storage/web/object/office-photo/6cbd8eaa-49e8-43a9-96ee-82502a793b39"
   },
   {
    "url": "https://gateway.edu.cdek.ru/file-storage/web/object/office-photo/89e90c8d-4f05-405c-8733-719ba11a98cf"
   },
   {
    "url": "https://gateway.edu.cdek.ru/file-storage/web/object/office-photo/b4637807-af2e-4dee-8e59-e2e984549873"
   }
  ],
  "work_time_list": [
   {
    "day": 1,
    "time": "10:00/20:00"
   },
   {
    "day": 2,
    "time": "10:00/20:00"
   },
   {
    "day": 3,
    "time": "10:00/20:00"
   },
   {
    "day": 4,
    "time": "10:00/20:00"
   },
   {
    "day": 5,
    "time": "10:00/20:00"
   },
   {
    "day": 6,
    "time": "10:00/16:00"
   },
   {
    "day": 7,
    "time": "10:00/16:00"
   }
  ],
  "work_time_exception_list": [],
  "location": {
   "country_code": "RU",
   "region_code": 23,
   "region": "Новосибирская область",
   "city_code": 270,
   "city": "Новосибирск",
   "postal_code": "630008",
   "longitude": 82.952194,
   "latitude": 55.017265,
   "address": "ул. Бориса Богаткова, 68, 106",
   "address_full": "630008, Россия, Новосибирская область, Новосибирск, ул. Бориса Богаткова, 68, 106",
   "city_uuid": "4e938d63-e189-454d-bb5c-54bfb2f1e4e2"
  },
  "fulfillment": false
 },
 {
  "code": "NSK47",
  "name": "NSK47, Новосибирск, ул. Нарымская",
  "uuid": "47b11d9f-3b0a-4129-b606-a5dc8389d1a1",
  "nearest_station": "ул. 1905 года, Цирк",
  "nearest_metro_station": "Красный проспект",
  "work_time": "Пн-Пт 10:00-20:00, Сб 10:00-16:00, Вс 10:00-16:00",
  "phones": [
   {
    "number": "+79132001772"
   }
  ],
  "email": "na.podzolkova@cdek.ru",
  "type": "PVZ",
  "owner_code": "CDEK",
  "take_only": false,
  "is_handout": true,
  "is_reception": true,
  "is_dressing_room": true,
  "is_ltl": false,
  "have_cashless": true,
  "have_cash": true,
  "have_fast_payment_system": false,
  "allowed_cod": true,
  "office_image_list": [
   {
    "url": "https://gateway.edu.cdek.ru/file-storage/web/object/office-photo/b983bcd7-4ba8-4862-a1ad-efd94b38ff32"
   },
   {
    "url": "https://gateway.edu.cdek.ru/file-storage/web/object/office-photo/6edf1703-7589-4498-9616-bc013f6adf6d"
   },
   {
    "url": "https://gateway.edu.cdek.ru/file-storage/web/object/office-photo/66a12260-b386-4a48-a320-eb82cf4bda57"
   },
   {
    "url": "https://gateway.edu.cdek.ru/file-storage/web/object/office-photo/6bb4f5ca-5c00-486b-aeb9-57ee8938387a"
   },
   {
    "url": "https://gateway.edu.cdek.ru/file-storage/web/object/office-photo/75f927dd-c4cb-4e85-97aa-ca93292befb5"
   },
   {
    "url": "https://gateway.edu.cdek.ru/file-storage/web/object/office-photo/ee1c1339-e433-42c6-9fea-fff614870fc3"
   }
  ],
  "work_time_list": [
   {
    "day": 1,
    "time": "10:00/20:00"
   },
   {
    "day": 2,
    "time": "10:00/20:00"
   },
   {
    "day": 3,
    "time": "10:00/20:00"
   },
   {
    "day": 4,
    "time": "10:00/20:00"
   },
   {
    "day": 5,
    "time": "10:00/20:00"
   },
   {
    "day": 6,
    "time": "10:00/16:00"
   },
   {
    "day": 7,
    "time": "10:00/16:00"
   }
  ],
  "work_time_exception_list": [],
  "location": {
   "country_code": "RU",
   "region_code": 23,
   "region": "Новосибирская область",
   "city_code": 270,
   "city": "Новосибирск",
   "postal_code": "630132",
   "longitude": 82.90741,
   "latitude": 55.041172,
   "address": "ул. Нарымская, 17/2",
   "address_full": "630132, Россия, Новосибирская область, Новосибирск, ул. Нарымская, 17/2",
   "city_uuid": "4e938d63-e189-454d-bb5c-54bfb2f1e4e2"
  },
  "fulfillment": false
 },
 {
  "code": "NSK53",
  "name": "NSK53, Новосибирск, ул. Титова",
  "uuid": "d1507fd5-1cd3-4984-864e-469dfce90124",
  "address_comment": "Вход в здание со стороны ул. Титова, правый вход в помещение Гастронома. Сразу на входе направо. Левая дверь (возле автострахования).",
  "nearest_station": "Танкистов",
  "nearest_metro_station": "Площадь Маркса",
  "work_time": "Пн-Пт 10:00-20:00, Сб 10:00-16:00, Вс 10:00-16:00",
  "phones": [
   {
    "number": "+79618779488"
   }
  ],
  "email": "e.shabunina@cdek.ru",
  "note": "Вход в здание со стороны ул. Титова, правый вход в помещение Гастронома. Сразу на входе направо. Левая дверь (возле автострахования).",
  "type": "PVZ",
  "owner_code": "CDEK",
  "take_only": false,
  "is_handout": true,
  "is_reception": true,
  "is_dressing_room": true,
  "is_ltl": false,
  "have_cashless": true,
  "have_cash": true,
  "have_fast_payment_system": false,
  "allowed_cod": true,
  "office_image_list": [
   {
    "url": "https://gateway.edu.cdek.ru/file-storage/web/object/office-photo/a157c100-ea5c-44ab-aa75-488e91fd4da3"
   },
   {
    "url": "https://gateway.edu.cdek.ru/file-storage/web/object/office-photo/57cb0e8d-adfa-4f67-8886-58ee6c1ff6ef"
   },
   {
    "url": "https://gateway.edu.cdek.ru/file-storage/web/object/office-photo/2f09d1a5-55e0-4756-90f9-2708dc6aa62e"
   }
  ],
  "work_time_list": [
   {
    "day": 1,
    "time": "10:00/20:00"
   },
   {
    "day": 2,
    "time": "10:00/20:00"
   },
   {
    "day": 3,
    "time": "10:00/20:00"
   },
   {
    "day": 4,
    "time": "10:00/20:00"
   },
   {
    "day": 5,
    "time": "10:00/20:00"
   },
   {
    "day": 6,
    "time": "10:00/16:00"
   },
   {
    "day": 7,
    "time": "10:00/16:00"
   }
  ],
  "work_time_exception_list": [],
  "location": {
   "country_code": "RU",
   "region_code": 23,
   "region": "Новосибирская область",
   "city_code": 270,
   "city": "Новосибирск",
   "postal_code": "630120",
   "longitude": 82.83028,
   "latitude": 54.980675,
   "address": "ул. Титова, 198",
   "address_full": "630120, Россия, Новосибирская область, Новосибирск, ул. Титова, 198",
   "city_uuid": "4e938d63-e189-454d-bb5c-54bfb2f1e4e2"
  },
  "fulfillment": false
 },
 {
  "code": "NSK52",
  "name": "NSK52, Новосибирск, ул. Оловозаводская",
  "uuid": "444d636c-d378-416a-8cca-d9205199c38a",
  "nearest_station": "Оловозаводская",
  "work_time": "Пн-Пт 10:00-20:00, Сб 10:00-16:00, Вс 10:00-16:00",
  "phones": [
   {
    "number": "+79537672755"
   }
  ],
  "email": "l.serovets@cdek.ru",
  "type": "PVZ",
  "owner_code": "CDEK",
  "take_only": false,
  "is_handout": true,
  "is_reception": true,
  "is_dressing_room": true,
  "is_ltl": false,
  "have_cashless": true,
  "have_cash": true,
  "have_fast_payment_system": false,
  "allowed_cod": true,
  "office_image_list": [
   {
    "url": "https://gateway.edu.cdek.ru/file-storage/web/object/office-photo/fdaa6562-903b-4f9b-8cba-bba004e202bf"
   },
   {
    "url": "https://gateway.edu.cdek.ru/file-storage/web/object/office-photo/ffc35363-4cbb-47c0-87ab-3801f4a572df"
   },
   {
    "url": "https://gateway.edu.cdek.ru/file-storage/web/object/office-photo/6bba5c96-dd38-431f-9516-432cd2e3a958"
   },
   {
    "url": "https://gateway.edu.cdek.ru/file-storage/web/object/office-photo/d1d39d64-36de-4410-a31e-9965f58cb3b2"
   }
  ],
  "work_time_list": [
   {
    "day": 1,
    "time": "10:00/20:00"
   },
   {
    "day": 2,
    "time": "10:00/20:00"
   },
   {
    "day": 3,
    "time": "10:00/20:00"
   },
   {
    "day": 4,
    "time": "10:00/20:00"
   },
   {
    "day": 5,
    "time": "10:00/20:00"
   },
   {
    "day": 6,
    "time": "10:00/16:00"
   },
   {
    "day": 7,
    "time": "10:00/16:00"
   }
  ],
  "work_time_exception_list": [],
  "weight_min": 0,
  "weight_max": 50,
  "location": {
   "country_code": "RU",
   "region_code": 23,
   "region": "Новосибирская область",
   "city_code": 270,
   "city": "Новосибирск",
   "postal_code": "630033",
   "longitude": 82.95126,
   "latitude": 54.963036,
   "address": "ул. Оловозаводская, 18/1",
   "address_full": "630033, Россия, Новосибирская область, Новосибирск, ул. Оловозаводская, 18/1",
   "city_uuid": "4e938d63-e189-454d-bb5c-54bfb2f1e4e2"
  },
  "fulfillment": false
 },
 {
  "code": "NSK50",
  "name": "NSK50, Новосибирск, ул. Ленинградская",
  "uuid": "47ce9ce7-db9d-4724-bfde-0d5a4529004c",
  "address_comment": "4 мин. от остановок «Октябрьский Рынок», «Октябрьский Универмаг» или «Никитина» в сторону СИБСТРИНа, 3-х этажное здание напротив ворот университета.",
  "nearest_station": "Октябрьский Универмаг, Октябрьский Рынок, ул. Никитина",
  "work_time": "Пн-Пт 10:00-20:00, Сб 10:00-16:00, Вс 10:00-16:00",
  "phones": [
   {
    "number": "+79913768801"
   },
   {
    "number": "+79913768808"
   }
  ],
  "email": "m.tatkova@cdek.ru",
  "note": "4 мин. от остановок «Октябрьский Рынок», «Октябрьский Универмаг» или «Никитина» в сторону СИБСТРИНа, 3-х этажное здание напротив ворот университета.",
  "type": "PVZ",
  "owner_code": "CDEK",
  "take_only": false,
  "is_handout": true,
  "is_reception": true,
  "is_dressing_room": true,
  "is_ltl": false,
  "have_cashless": true,
  "have_cash": true,
  "have_fast_payment_system": false,
  "allowed_cod": true,
  "office_image_list": [
   {
    "url": "https://gateway.edu.cdek.ru/file-storage/web/object/office-photo/596dd964-fbc7-4dc3-bbf2-f77fd0edaa30"
   },
   {
    "url": "https://gateway.edu.cdek.ru/file-storage/web/object/office-photo/6ea2a497-1098-4894-8725-2a29e0e5d533"
   }
  ],
  "work_time_list": [
   {
    "day": 1,
    "time": "10:00/20:00"
   },
   {
    "day": 2,
    "time": "10:00/20:00"
   },
   {
    "day": 3,
    "time": "10:00/20:00"
   },
   {
    "day": 4,
    "time": "10:00/20:00"
   },
   {
    "day": 5,
    "time": "10:00/20:00"
   },
   {
    "day": 6,
    "time": "10:00/16:00"
   },
   {
    "day": 7,
    "time": "10:00/16:00"
   }
  ],
  "work_time_exception_list": [],
  "location": {
   "country_code": "RU",
   "region_code": 23,
   "region": "Новосибирская область",
   "city_code": 270,
   "city": "Новосибирск",
   "postal_code": "630008",
   "longitude": 82.95696,
   "latitude": 55.01345,
   "address": "ул. Ленинградская, 102",
   "address_full": "630008, Россия, Новосибирская область, Новосибирск, ул. Ленинградская, 102",
   "city_uuid": "4e938d63-e189-454d-bb5c-54bfb2f1e4e2"
  },
  "fulfillment": false
 },
 {
  "code": "NSK46",
  "name": "NSK46, Новосибирск, ул. Московская",
  "uuid": "746f8725-1879-4285-af02-6e1c1bbc3cf5",
  "address_comment": "100м от пересечения улиц Кирова и Сакко и Ванцетти в сторону ул. Толстого. За\nмагазином Бахетле. Цокольный этаж",
  "nearest_station": "ГПНТБ",
  "nearest_metro_station": "Октябрьская",
  "work_time": "Пн-Пт 10:00-20:00, Сб 10:00-16:00, Вс 10:00-16:00",
  "phones": [
   {
    "number": "+73832632600"
   }
  ],
  "email": "ya.shiryaev@cdek.ru",
  "note": "100м от пересечения улиц Кирова и Сакко и Ванцетти в сторону ул. Толстого. За\nмагазином Бахетле. Цокольный этаж",
  "type": "PVZ",
  "owner_code": "CDEK",
  "take_only": false,
  "is_handout": true,
  "is_reception": true,
  "is_dressing_room": true,
  "is_ltl": false,
  "have_cashless": true,
  "have_cash": true,
  "have_fast_payment_system": false,
  "allowed_cod": true,
  "office_image_list": [
   {
    "url": "https://gateway.edu.cdek.ru/file-storage/web/object/office-photo/40e1df55-0a94-4030-b938-a4673b080e99"
   },
   {
    "url": "https://gateway.edu.cdek.ru/file-storage/web/object/office-photo/0400dca2-1c56-488d-abc5-2fbe9b21ae10"
   },
   {
    "url": "https://gateway.edu.cdek.ru/file-storage/web/object/office-photo/c9b9c337-4749-4ac7-a98f-16c8bf3d06f6"
   },
   {
    "url": "https://gateway.edu.cdek.ru/file-storage/web/object/office-photo/48365ffa-f79c-4de9-856a-efcecae05a4a"
   }
  ],
  "work_time_list": [
   {
    "day": 1,
    "time": "10:00/20:00"
   },
   {
    "day": 2,
    "time": "10:00/20:00"
   },
   {
    "day": 3,
    "time": "10:00/20:00"
   },
   {
    "day": 4,
    "time": "10:00/20:00"
   },
   {
    "day": 5,
    "time": "10:00/20:00"
   },
   {
    "day": 6,
    "time": "10:00/16:00"
   },
   {
    "day": 7,
    "time": "10:00/16:00"
   }
  ],
  "work_time_exception_list": [],
  "location": {
   "country_code": "RU",
   "region_code": 23,
   "region": "Новосибирская область",
   "city_code": 270,
   "city": "Новосибирск",
   "postal_code": "630008",
   "longitude": 82.94318,
   "latitude": 55.01847,
   "address": "ул. Московская, 93",
   "address_full": "630008, Россия, Новосибирская область, Новосибирск, ул. Московская, 93",
   "city_uuid": "4e938d63-e189-454d-bb5c-54bfb2f1e4e2"
  },
  "fulfillment": false
 },
 {
  "code": "NSK35",
  "name": "NSK35, Новосибирск, ул. Вавилова",
  "uuid": "7436bfff-464c-48b7-94da-aabd382df0c4",
  "address_comment": "От перекрестка прямо по ул. Плановой в сторону зоопарка по правой стороне дороги. Через 150м перед домом номер 50 (высокий многоэтажный дом) повернуть направо и двигаться до улицы Вавилова. Вход - отдельное крыльцо.",
  "nearest_station": "Плановая",
  "nearest_metro_station": "Ст. м. Заельцовская",
  "work_time": "Пн-Пт 10:00-20:00, Сб 10:00-16:00, Вс 10:00-16:00",
  "phones": [
   {
    "number": "+79588542645"
   }
  ],
  "email": "E.A.Efremov@cdek.ru",
  "note": "От перекрестка прямо по ул. Плановой в сторону зоопарка по правой стороне дороги. Через 150м перед домом номер 50 (высокий многоэтажный дом) повернуть направо и двигаться до улицы Вавилова. Вход - отдельное крыльцо.",
  "type": "PVZ",
  "owner_code": "CDEK",
  "take_only": false,
  "is_handout": true,
  "is_reception": true,
  "is_dressing_room": true,
  "is_ltl": false,
  "have_cashless": true,
  "have_cash": true,
  "have_fast_payment_system": false,
  "allowed_cod": true,
  "office_image_list": [
   {
    "url": "https://gateway.edu.cdek.ru/file-storage/web/object/office-photo/4a295bfa-3f19-4a4e-8d50-8bbd818bdfe8"
   },
   {
    "url": "https://gateway.edu.cdek.ru/file-storage/web/object/office-photo/dcfa1378-d3cc-4407-b6f4-f2d4eb4e272c"
   },
   {
    "url": "https://gateway.edu.cdek.ru/file-storage/web/object/office-photo/c1a0b2dc-3944-4e6d-8c45-16a286a2d133"
   },
   {
    "url": "https://gateway.edu.cdek.ru/file-storage/web/object/office-photo/2f625711-0a3b-4724-a87f-7f11c1169dde"
   },
   {
    "url": "https://gateway.edu.cdek.ru/file-storage/web/object/office-photo/c61e4136-2a69-4fa4-8336-4edd63bcce68"
   },
   {
    "url": "https://gateway.edu.cdek.ru/file-storage/web/object/office-photo/0d12c8c8-fc2e-48ac-939f-df096dd77569"
   },
   {
    "url": "https://gateway.edu.cdek.ru/file-storage/web/object/office-photo/b115381a-fd1f-4665-b972-dd317de61636"
   },
   {
    "url": "https://gateway.edu.cdek.ru/file-storage/web/object/office-photo/40812a83-da10-4541-9245-49d2cef44b1f"
   }
  ],
  "work_time_list": [
   {
    "day": 1,
    "time": "10:00/20:00"
   },
   {
    "day": 2,
    "time": "10:00/20:00"
   },
   {
    "day": 3,
    "time": "10:00/20:00"
   },
   {
    "day": 4,
    "time": "10:00/20:00"
   },
   {
    "day": 5,
    "time": "10:00/20:00"
   },
   {
    "day": 6,
    "time": "10:00/16:00"
   },
   {
    "day": 7,
    "time": "10:00/16:00"
   }
  ],
  "work_time_exception_list": [],
  "weight_min": 0,
  "weight_max": 60,
  "location": {
   "country_code": "RU",
   "region_code": 23,
   "region": "Новосибирская область",
   "city_code": 270,
   "city": "Новосибирск",
   "postal_code": "630082",
   "longitude": 82.89581,
   "latitude": 55.0552,
   "address": "ул. Вавилова, 3, 2",
   "address_full": "630082, Россия, Новосибирская область, Новосибирск, ул. Вавилова, 3, 2",
   "city_uuid": "4e938d63-e189-454d-bb5c-54bfb2f1e4e2"
  },
  "fulfillment": false
 }
]
