 {
 "entity": {
  "uuid": "72753031-e788-47d8-ad01-9d27540ea291",
  "prealert_number": "PA/1305/13",
  "planned_date": "2024-10-22T01:14:45+03:00",
  "shipment_point": "NSK27",
  "orders": [
   {
    "order_uuid": "0a26a2dd-8332-4c30-a4ff-c1b70aa14698",
    "cdek_number": 1106094646,
    "im_number": "bf0c67d4-51bd-49a2-84b2-d5045f43c958"
   }
  ]
 },
 "requests": [
  {
   "request_uuid": "a3702906-dd29-4761-8a7d-e54cf9359488",
   "type": "CREATE",
   "date_time": "2024-10-20T22:14:46+03:00",
   "state": "SUCCESSFUL"
  }
 ],
 "related_entities": []
}
