{
 "entity": {
  "uuid": "e126a916-46de-4bf7-9dff-ab432b992039",
  "orders": [
   {
    "order_uuid": "3265a3b0-1a31-4871-bec7-1d2c2ee626d7"
   }
  ],
  "copy_count": 1,
  "type": "tpl_russia",
  "url": "https://api.edu.cdek.ru/v2/print/orders/e126a916-46de-4bf7-9dff-ab432b992039.pdf",
  "statuses": [
   {
    "code": "ACCEPTED",
    "name": "Принят",
    "date_time": "2026-07-19T17:07:16+00:00"
   },
   {
    "code": "PROCESSING",
    "name": "Формируется",
    "date_time": "2026-07-19T17:07:16+00:00"
   },
   {
    "code": "READY",
    "name": "Сформирован",
    "date_time": "2026-07-19T17:07:17+00:00"
   }
  ]
 },
 "requests": [
  {
   "request_uuid": "3cf4d150-75c3-4e5d-8162-3c7d5deb7349",
   "type": "CREATE",
   "date_time": "2026-07-19T17:07:16+00:00",
   "state": "SUCCESSFUL"
  }
 ],
 "related_entities": []
}
