{
 "kind": "calendar#calendarListEntry",
 "etag": "\"1779808430078415\"",
 "id": "1a16761b8ef780ba945f34509cafcbe3e972e9faee3c59823ad78a825b8f67ba@group.calendar.google.com",
 "summary": "Новое наименование",
 "description": "Новое описание",
 "timeZone": "Europe/Moscow",
 "dataOwner": "bayselonarrend@gmail.com",
 "colorId": "17",
 "backgroundColor": "#9a9cff",
 "foregroundColor": "#000000",
 "selected": true,
 "accessRole": "owner",
 "defaultReminders": [],
 "conferenceProperties": {
  "allowedConferenceSolutionTypes": [
   "hangoutsMeet"
  ]
 }
}
