{
 "kind": "calendar#event",
 "etag": "\"3568720123274366\"",
 "id": "nai1eacgnnioq95lmlao3f86d0",
 "status": "confirmed",
 "htmlLink": "https://www.google.com/calendar/event?eid=bmFpMWVhY2dubmlvcTk1bG1sYW8zZjg2ZDAgOWQ2MmJhZDg2YmM5ZWM3MDQ2NzczMWU0YjRjOGVjN2IxMmY2MjIyOTExYjU5NWI2NzQyZjdmNTY0YmM3NmY1N0Bn",
 "created": "2026-07-18T07:34:19Z",
 "updated": "2026-07-18T07:34:21.637Z",
 "summary": "Новое событие",
 "description": "Новое описание события",
 "location": "В офисе",
 "creator": {
  "email": "bayselonarrend@gmail.com"
 },
 "organizer": {
  "email": "9d62bad86bc9ec70467731e4b4c8ec7b12f6222911b595b6742f7f564bc76f57@group.calendar.google.com",
  "displayName": "Тестовый календарь",
  "self": true
 },
 "start": {
  "dateTime": "2026-07-18T13:34:19+03:00",
  "timeZone": "Europe/Moscow"
 },
 "end": {
  "dateTime": "2026-07-18T14:34:19+03:00",
  "timeZone": "Europe/Moscow"
 },
 "iCalUID": "nai1eacgnnioq95lmlao3f86d0@google.com",
 "sequence": 0,
 "reminders": {
  "useDefault": true
 },
 "attachments": [
  {
   "fileUrl": "https://releases.openintegrations.dev/test_data/picture.jpg",
   "title": "Картинка1",
   "iconLink": ""
  },
  {
   "fileUrl": "https://releases.openintegrations.dev/test_data/picture2.jpg",
   "title": "Картинка2",
   "iconLink": ""
  }
 ],
 "eventType": "default"
}
