{
 "kind": "calendar#event",
 "etag": "\"3561378725083838\"",
 "id": "iub795ju58pcj85r5fke5jme04",
 "status": "cancelled",
 "htmlLink": "https://www.google.com/calendar/event?eid=aXViNzk1anU1OHBjajg1cjVma2U1am1lMDQgYTRiZDcwN2ZkNjRlZTk2M2...",
 "created": "2026-06-05T19:56:01Z",
 "updated": "2026-06-05T19:56:02.541Z",
 "summary": "Новое событие",
 "description": "Новое описание события",
 "location": "В офисе",
 "creator": {
  "email": "bayselonarrend@gmail.com"
 },
 "organizer": {
  "email": "bayselonarrend@gmail.com"
 },
 "start": {
  "dateTime": "2026-06-06T01:56:02+03:00",
  "timeZone": "Europe/Moscow"
 },
 "end": {
  "dateTime": "2026-06-06T02:56:02+03:00",
  "timeZone": "Europe/Moscow"
 },
 "iCalUID": "iub795ju58pcj85r5fke5jme04@google.com",
 "sequence": 0,
 "reminders": {
  "useDefault": true
 },
 "attachments": [
  {
   "fileUrl": "https://hut.openintegrations.dev/test_data/picture.jpg",
   "title": "Картинка1",
   "iconLink": ""
  },
  {
   "fileUrl": "https://hut.openintegrations.dev/test_data/picture2.jpg",
   "title": "Картинка2",
   "iconLink": ""
  }
 ],
 "eventType": "default"
}
