[
 {
  "kind": "calendar#event",
  "etag": "\"3567850310264606\"",
  "id": "d238jqcsc46l60tfke9nik2vp8",
  "status": "confirmed",
  "htmlLink": "https://www.google.com/calendar/event?eid=ZDIzOGpxY3NjNDZsNjB0ZmtlOW5pazJ2cDggMDMzMDgxMGM5MTE5Y2VmYjMwNDBmNzQ5NDM3NTUxYWUwYmQ2N2FhY2E4OTA5MjZlYjYxYmM3YTcxZTk5MjQ0ZUBn",
  "created": "2026-07-13T06:45:46Z",
  "updated": "2026-07-13T06:45:55.132Z",
  "summary": "Новое событие",
  "description": "Новое описание события",
  "location": "В офисе",
  "creator": {
   "email": "bayselonarrend@gmail.com"
  },
  "organizer": {
   "email": "0330810c9119cefb3040f749437551ae0bd67aaca890926eb61bc7a71e99244e@group.calendar.google.com",
   "displayName": "Тестовый календарь",
   "self": true
  },
  "start": {
   "dateTime": "2026-07-13T06:45:47+00:00",
   "timeZone": "Europe/Moscow"
  },
  "end": {
   "dateTime": "2026-07-13T07:45:47+00:00",
   "timeZone": "Europe/Moscow"
  },
  "iCalUID": "d238jqcsc46l60tfke9nik2vp8@google.com",
  "sequence": 0,
  "reminders": {
   "useDefault": true
  },
  "attachments": [
   {
    "fileUrl": "https://hut.openintegrations.dev/test_data/picture.jpg",
    "title": "Картинка1",
    "iconLink": ""
   },
   {
    "fileUrl": "https://hut.openintegrations.dev/test_data/picture2.jpg",
    "title": "Картинка2",
    "iconLink": ""
   }
  ],
  "eventType": "default"
 }
]
