{
 "kind": "calendar#calendar",
 "etag": "\"vlGCf3yhFTeIICvzV7TG6DKYtcQ\"",
 "id": "482385292cd8490b8e94f803ce4b61d970a5058ebdb1095feb6939c79da29f21@group.calendar.google.com",
 "summary": "Новое наименование",
 "description": "Новое описание",
 "timeZone": "Europe/Moscow",
 "dataOwner": "bayselonarrend@gmail.com",
 "conferenceProperties": {
  "allowedConferenceSolutionTypes": [
   "hangoutsMeet"
  ]
 },
 "labelProperties": {
  "eventLabels": [
   {
    "id": "24a5392d-8f98-472b-9fd3-6e4570b3783b",
    "backgroundColor": "#d81b60"
   },
   {
    "id": "3945fe4c-bb0f-4f62-9ccc-709f728c1da7",
    "backgroundColor": "#f09300"
   },
   {
    "id": "4e0f5577-6cbd-4aa1-8bce-7c80e1b0f53f",
    "backgroundColor": "#a79b8e"
   },
   {
    "id": "4ed5302d-5b09-4b02-9314-9f91a6268b6c",
    "backgroundColor": "#8e24aa"
   },
   {
    "id": "52c1be57-4dd5-4644-b7dd-ea18b81c0085",
    "backgroundColor": "#7cb342"
   },
   {
    "id": "56740ae2-5542-48eb-af19-77a1288061b2",
    "backgroundColor": "#e67c73"
   },
   {
    "id": "5bdf3b4f-bec6-4d15-bae2-83767d918a20",
    "backgroundColor": "#0b8043"
   },
   {
    "id": "6a83cb68-82f8-46da-b4dc-ca70d8beaf73",
    "backgroundColor": "#ad1457"
   },
   {
    "id": "7290b5bb-1938-4788-affb-b1ff0a20953d",
    "backgroundColor": "#7986cb"
   },
   {
    "id": "86cf00fe-5d40-4b8f-8d15-5f141048b04d",
    "backgroundColor": "#d50000"
   },
   {
    "id": "8879077f-ee22-415e-995b-dfa28a2f67ac",
    "backgroundColor": "#795548"
   },
   {
    "id": "8cf45164-8502-445c-b211-fb7990d20c37",
    "backgroundColor": "#33b679"
   },
   {
    "id": "90ce11cd-e133-4cb4-8bbc-ee77ad8eca07",
    "backgroundColor": "#9e69af"
   },
   {
    "id": "a66c5e59-578f-45b1-bc6c-005b3fe1e75a",
    "backgroundColor": "#039be5"
   },
   {
    "id": "c00b0551-b574-4241-a257-b525d4925b18",
    "backgroundColor": "#616161"
   },
   {
    "id": "c05e9829-f293-4637-8730-a4a09e0aa8c2",
    "backgroundColor": "#4285f4"
   },
   {
    "id": "c5144a82-5a3e-4826-b0cc-b606f548cf08",
    "backgroundColor": "#f6bf26"
   },
   {
    "id": "cab870c3-b119-49a9-b428-4cff55e3a237",
    "backgroundColor": "#009688"
   },
   {
    "id": "ce8a9e34-1036-4747-bb28-e8a473edc320",
    "backgroundColor": "#c0ca33"
   },
   {
    "id": "d2c15717-d0a1-47d7-9151-c17b4aecb517",
    "backgroundColor": "#ef6c00"
   },
   {
    "id": "d3cd7d5b-0eb5-4b22-9f1a-9ff143661dd7",
    "backgroundColor": "#e4c441"
   },
   {
    "id": "da3f14d9-a5c9-4d8f-ac8b-a487d55964c1",
    "backgroundColor": "#f4511e"
   },
   {
    "id": "e7664e4a-a76c-4021-ba79-9c7dc3082ec7",
    "backgroundColor": "#3f51b5"
   },
   {
    "id": "fa1f8134-5b2a-4368-9e04-9d47ec28c404",
    "backgroundColor": "#b39ddb"
   }
  ]
 }
}
