[
 {
  "kind": "calendar#calendarListEntry",
  "etag": "\"1720626834830000\"",
  "id": "ab71c432a2cd06ecad2f5c517b3540f04d56df7aadb6df1d7b001ea4d6ac4398@group.calendar.google.com",
  "summary": "Тестовый календарь (изм.)",
  "description": "Тестовое описание",
  "timeZone": "Europe/Moscow",
  "dataOwner": "bayselonarrend@gmail.com",
  "colorId": "6",
  "backgroundColor": "#ffd800",
  "foregroundColor": "#000000",
  "accessRole": "owner",
  "defaultReminders": [],
  "conferenceProperties": {
   "allowedConferenceSolutionTypes": [
    "hangoutsMeet"
   ]
  }
 },
 {
  "kind": "calendar#calendarListEntry",
  "etag": "\"1720626835116000\"",
  "id": "c1aa2a1fe0ac12393b65eab12294daf3a09c12d5b7e54571774ddc001c4de938@group.calendar.google.com",
  "summary": "\\u0422\\u0435\\u0441\\u0442\\u043e\\u0432\\u044b\\u0439 \\u043a\\u0430\\u043b\\u0435\\u043d\\u0434\\u0430\\u0440\\u044c",
  "timeZone": "Europe/Moscow",
  "dataOwner": "bayselonarrend@gmail.com",
  "colorId": "5",
  "backgroundColor": "#ff7537",
  "foregroundColor": "#000000",
  "selected": true,
  "accessRole": "owner",
  "defaultReminders": [],
  "conferenceProperties": {
   "allowedConferenceSolutionTypes": [
    "hangoutsMeet"
   ]
  }
 },
 {
  "kind": "calendar#calendarListEntry",
  "etag": "\"1720626835376000\"",
  "id": "ru.by#holiday@group.v.calendar.google.com",
  "summary": "Праздники Беларуси",
  "description": "Праздники и памятные даты Беларуси",
  "timeZone": "Europe/Minsk",
  "colorId": "8",
  "backgroundColor": "#16a765",
  "foregroundColor": "#000000",
  "selected": true,
  "accessRole": "reader",
  "defaultReminders": [],
  "conferenceProperties": {
   "allowedConferenceSolutionTypes": [
    "hangoutsMeet"
   ]
  }
 },
 {
  "kind": "calendar#calendarListEntry",
  "etag": "\"1720626835701000\"",
  "id": "b0b7ceee4056c516b0718eed0a1e4ad8694259935a6d2ffc056325df06232841@group.calendar.google.com",
  "summary": "Тестовый календарь (изм.)",
  "description": "Тестовое описание",
  "timeZone": "Europe/Moscow",
  "dataOwner": "bayselonarrend@gmail.com",
  "colorId": "6",
  "backgroundColor": "#ffd800",
  "foregroundColor": "#000000",
  "accessRole": "owner",
  "defaultReminders": [],
  "conferenceProperties": {
   "allowedConferenceSolutionTypes": [
    "hangoutsMeet"
   ]
  }
 },
 {
  "kind": "calendar#calendarListEntry",
  "etag": "\"1720626835924000\"",
  "id": "25f80e38669312d27a9c7441f065887c6beaacf63af84ea67ebd9251a6b5f32b@group.calendar.google.com",
  "summary": "Тестовый календарь (изм.)",
  "description": "Тестовое описание",
  "timeZone": "Europe/Moscow",
  "dataOwner": "bayselonarrend@gmail.com",
  "colorId": "6",
  "backgroundColor": "#ffd800",
  "foregroundColor": "#000000",
  "accessRole": "owner",
  "defaultReminders": [],
  "conferenceProperties": {
   "allowedConferenceSolutionTypes": [
    "hangoutsMeet"
   ]
  }
 },
 {
  "kind": "calendar#calendarListEntry",
  "etag": "\"1720626836240000\"",
  "id": "36c14edd62c430b5646cbcaecfc67ee7fe7252d1d315ba3b099efca66084f7ff@group.calendar.google.com",
  "summary": "Тестовый календарь (изм.)",
  "description": "Тестовое описание",
  "timeZone": "Europe/Moscow",
  "dataOwner": "bayselonarrend@gmail.com",
  "colorId": "11",
  "backgroundColor": "#fbe983",
  "foregroundColor": "#000000",
  "selected": true,
  "accessRole": "owner",
  "defaultReminders": [],
  "conferenceProperties": {
   "allowedConferenceSolutionTypes": [
    "hangoutsMeet"
   ]
  }
 },
 {
  "kind": "calendar#calendarListEntry",
  "etag": "\"1720626836552000\"",
  "id": "a22bce47d6f960fa5bfff31b30a35f3c714a3d74d41542220ad983cd60a4a350@group.calendar.google.com",
  "summary": "Тестовый календарь (изм.)",
  "description": "Тестовое описание",
  "timeZone": "Europe/Moscow",
  "dataOwner": "bayselonarrend@gmail.com",
  "colorId": "4",
  "backgroundColor": "#fa573c",
  "foregroundColor": "#000000",
  "selected": true,
  "accessRole": "owner",
  "defaultReminders": [],
  "conferenceProperties": {
   "allowedConferenceSolutionTypes": [
    "hangoutsMeet"
   ]
  }
 },
 {
  "kind": "calendar#calendarListEntry",
  "etag": "\"1720626836894000\"",
  "id": "27fa1adb67cec264c029a505c32b08107e25b436fe52c7fada93dbf37f01f275@group.calendar.google.com",
  "summary": "Тестовый календарь (изм.)",
  "description": "Тестовое описание",
  "timeZone": "UTC",
  "dataOwner": "bayselonarrend@gmail.com",
  "colorId": "24",
  "backgroundColor": "#a47ae2",
  "foregroundColor": "#000000",
  "selected": true,
  "accessRole": "owner",
  "defaultReminders": [],
  "conferenceProperties": {
   "allowedConferenceSolutionTypes": [
    "hangoutsMeet"
   ]
  }
 },
 {
  "kind": "calendar#calendarListEntry",
  "etag": "\"1720626837869000\"",
  "id": "2347ec77566007b224623d07cc9e34bdd423c479146ef29d8691319c78879350@group.calendar.google.com",
  "summary": "Тестовый календарь (изм.)",
  "description": "Тестовое описание",
  "timeZone": "UTC",
  "dataOwner": "bayselonarrend@gmail.com",
  "colorId": "20",
  "backgroundColor": "#cabdbf",
  "foregroundColor": "#000000",
  "selected": true,
  "accessRole": "owner",
  "defaultReminders": [],
  "conferenceProperties": {
   "allowedConferenceSolutionTypes": [
    "hangoutsMeet"
   ]
  }
 },
 {
  "kind": "calendar#calendarListEntry",
  "etag": "\"1720626838417000\"",
  "id": "154d90fb7073c749acf0da663982621cfa34b6133560d8584db300ebd6c75973@group.calendar.google.com",
  "summary": "Тестовый календарь",
  "timeZone": "Europe/Moscow",
  "dataOwner": "bayselonarrend@gmail.com",
  "colorId": "24",
  "backgroundColor": "#a47ae2",
  "foregroundColor": "#000000",
  "selected": true,
  "accessRole": "owner",
  "defaultReminders": [],
  "conferenceProperties": {
   "allowedConferenceSolutionTypes": [
    "hangoutsMeet"
   ]
  }
 },
 {
  "kind": "calendar#calendarListEntry",
  "etag": "\"1720626838903000\"",
  "id": "039cc890cfa96cef7e399ecf0e84dac3510d797967a8dee424f526702da548da@group.calendar.google.com",
  "summary": "Тестовый календарь (изм.)",
  "description": "Тестовое описание",
  "timeZone": "Europe/Moscow",
  "dataOwner": "bayselonarrend@gmail.com",
  "colorId": "6",
  "backgroundColor": "#ffd800",
  "foregroundColor": "#000000",
  "accessRole": "owner",
  "defaultReminders": [],
  "conferenceProperties": {
   "allowedConferenceSolutionTypes": [
    "hangoutsMeet"
   ]
  }
 },
 {
  "kind": "calendar#calendarListEntry",
  "etag": "\"1720626839292000\"",
  "id": "a6c0bcf02064d42cc38a2839fe74be071edeae7f048922e81b18102fa085380d@group.calendar.google.com",
  "summary": "Тестовый календарь (изм.)",
  "description": "Тестовое описание",
  "timeZone": "Europe/Moscow",
  "dataOwner": "bayselonarrend@gmail.com",
  "colorId": "17",
  "backgroundColor": "#9a9cff",
  "foregroundColor": "#000000",
  "selected": true,
  "accessRole": "owner",
  "defaultReminders": [],
  "conferenceProperties": {
   "allowedConferenceSolutionTypes": [
    "hangoutsMeet"
   ]
  }
 },
 {
  "kind": "calendar#calendarListEntry",
  "etag": "\"1720626839614000\"",
  "id": "28581c5857115dcfb63cd640c1fee116a2b7b0c12004a17c62961290e5f10c99@group.calendar.google.com",
  "summary": "Тестовый календарь (изм.)",
  "description": "Тестовое описание",
  "timeZone": "Europe/Moscow",
  "dataOwner": "bayselonarrend@gmail.com",
  "colorId": "6",
  "backgroundColor": "#ffd800",
  "foregroundColor": "#000000",
  "accessRole": "owner",
  "defaultReminders": [],
  "conferenceProperties": {
   "allowedConferenceSolutionTypes": [
    "hangoutsMeet"
   ]
  }
 },
 {
  "kind": "calendar#calendarListEntry",
  "etag": "\"1720626839896000\"",
  "id": "f916244082e86cafd5cc352c9752f634705395288ee3defefc08d77d8d0838cc@group.calendar.google.com",
  "summary": "Тестовый календарь",
  "timeZone": "Europe/Moscow",
  "dataOwner": "bayselonarrend@gmail.com",
  "colorId": "15",
  "backgroundColor": "#9fc6e7",
  "foregroundColor": "#000000",
  "selected": true,
  "accessRole": "owner",
  "defaultReminders": [],
  "conferenceProperties": {
   "allowedConferenceSolutionTypes": [
    "hangoutsMeet"
   ]
  }
 },
 {
  "kind": "calendar#calendarListEntry",
  "etag": "\"1720626840237000\"",
  "id": "e649e48d256c628fe40542bd6a86e8ba349860674a302602f2949be974043f4f@group.calendar.google.com",
  "summary": "Тестовый календарь",
  "timeZone": "Europe/Moscow",
  "dataOwner": "bayselonarrend@gmail.com",
  "colorId": "22",
  "backgroundColor": "#f691b2",
  "foregroundColor": "#000000",
  "selected": true,
  "accessRole": "owner",
  "defaultReminders": [],
  "conferenceProperties": {
   "allowedConferenceSolutionTypes": [
    "hangoutsMeet"
   ]
  }
 },
 {
  "kind": "calendar#calendarListEntry",
  "etag": "\"1720626840573000\"",
  "id": "3830ed16a060d63eb276a6fdc1e056ec3dc96736c4ea2f37f80bde42469085fb@group.calendar.google.com",
  "summary": "Bayselonarrend",
  "timeZone": "Europe/Minsk",
  "dataOwner": "bayselonarrend@gmail.com",
  "colorId": "23",
  "backgroundColor": "#cd74e6",
  "foregroundColor": "#000000",
  "accessRole": "owner",
  "defaultReminders": [],
  "conferenceProperties": {
   "allowedConferenceSolutionTypes": [
    "hangoutsMeet"
   ]
  }
 },
 {
  "kind": "calendar#calendarListEntry",
  "etag": "\"1720626840868000\"",
  "id": "c5bd30cbe946857d374787855c34db7d7396b98fef39196cdee6fd22ea32bbd8@group.calendar.google.com",
  "summary": "Тестовый календарь (изм.)",
  "description": "Тестовое описание",
  "timeZone": "Europe/Moscow",
  "dataOwner": "bayselonarrend@gmail.com",
  "colorId": "6",
  "backgroundColor": "#ffd800",
  "foregroundColor": "#000000",
  "accessRole": "owner",
  "defaultReminders": [],
  "conferenceProperties": {
   "allowedConferenceSolutionTypes": [
    "hangoutsMeet"
   ]
  }
 },
 {
  "kind": "calendar#calendarListEntry",
  "etag": "\"1720626841088000\"",
  "id": "d21abdc4be1d233edc0078bccc4e2efe4752059b2c21280ce99dba34c1c4ab27@group.calendar.google.com",
  "summary": "Тестовый календарь (изм.)",
  "description": "Тестовое описание",
  "timeZone": "Europe/Moscow",
  "dataOwner": "bayselonarrend@gmail.com",
  "colorId": "6",
  "backgroundColor": "#ffd800",
  "foregroundColor": "#000000",
  "accessRole": "owner",
  "defaultReminders": [],
  "conferenceProperties": {
   "allowedConferenceSolutionTypes": [
    "hangoutsMeet"
   ]
  }
 },
 {
  "kind": "calendar#calendarListEntry",
  "etag": "\"1720626841362000\"",
  "id": "d464d99f1fa2297d32d64c31e950bd121b12424403efb99f677be79b7aefd65b@group.calendar.google.com",
  "summary": "\\u0422\\u0435\\u0441\\u0442\\u043e\\u0432\\u044b\\u0439 \\u043a\\u0430\\u043b\\u0435\\u043d\\u0434\\u0430\\u0440\\u044c",
  "timeZone": "Europe/Moscow",
  "dataOwner": "bayselonarrend@gmail.com",
  "colorId": "6",
  "backgroundColor": "#ffad46",
  "foregroundColor": "#000000",
  "selected": true,
  "accessRole": "owner",
  "defaultReminders": [],
  "conferenceProperties": {
   "allowedConferenceSolutionTypes": [
    "hangoutsMeet"
   ]
  }
 },
 {
  "kind": "calendar#calendarListEntry",
  "etag": "\"1720626841710000\"",
  "id": "ceb07fa94b73bea00ec34d410beda48728af27707eafeee55447b24788ea97a6@group.calendar.google.com",
  "summary": "Тестовый календарь (изм.)",
  "description": "Тестовое описание",
  "timeZone": "Europe/Moscow",
  "dataOwner": "bayselonarrend@gmail.com",
  "colorId": "7",
  "backgroundColor": "#42d692",
  "foregroundColor": "#000000",
  "selected": true,
  "accessRole": "owner",
  "defaultReminders": [],
  "conferenceProperties": {
   "allowedConferenceSolutionTypes": [
    "hangoutsMeet"
   ]
  }
 },
 {
  "kind": "calendar#calendarListEntry",
  "etag": "\"1727572365074000\"",
  "id": "15a74591a9d4eabc92b895c9114b521553c3ff87429ca58f8a5c43f6a79bc122@group.calendar.google.com",
  "summary": "Тестовый календарь",
  "timeZone": "Europe/Moscow",
  "dataOwner": "bayselonarrend@gmail.com",
  "colorId": "10",
  "backgroundColor": "#b3dc6c",
  "foregroundColor": "#000000",
  "selected": true,
  "accessRole": "owner",
  "defaultReminders": [],
  "conferenceProperties": {
   "allowedConferenceSolutionTypes": [
    "hangoutsMeet"
   ]
  }
 },
 {
  "kind": "calendar#calendarListEntry",
  "etag": "\"1727572366284000\"",
  "id": "e3cfdb50c1585cc03163ad3ad84555f7238babbd80a7f9de47184427e8cc5788@group.calendar.google.com",
  "summary": "Новое наименование",
  "description": "Новое описание",
  "timeZone": "Europe/Moscow",
  "dataOwner": "bayselonarrend@gmail.com",
  "colorId": "6",
  "backgroundColor": "#ffd800",
  "foregroundColor": "#000000",
  "accessRole": "owner",
  "defaultReminders": [],
  "conferenceProperties": {
   "allowedConferenceSolutionTypes": [
    "hangoutsMeet"
   ]
  }
 },
 {
  "kind": "calendar#calendarListEntry",
  "etag": "\"1727608764642000\"",
  "id": "4c7a7fff8dcb480197c95cd4bbac49b25ea6eb9b58730e232c00581aef03afb8@group.calendar.google.com",
  "summary": "Новое наименование",
  "description": "Новое описание",
  "timeZone": "Europe/Moscow",
  "dataOwner": "bayselonarrend@gmail.com",
  "colorId": "6",
  "backgroundColor": "#ffd800",
  "foregroundColor": "#000000",
  "accessRole": "owner",
  "defaultReminders": [],
  "conferenceProperties": {
   "allowedConferenceSolutionTypes": [
    "hangoutsMeet"
   ]
  }
 },
 {
  "kind": "calendar#calendarListEntry",
  "etag": "\"1728755740521000\"",
  "id": "ce52c212781d993cd373e38c98997b4fd549f49ca5222d61a2a1f6f71cbe2f1f@group.calendar.google.com",
  "summary": "Тестовый календарь",
  "timeZone": "Europe/Moscow",
  "dataOwner": "bayselonarrend@gmail.com",
  "colorId": "9",
  "backgroundColor": "#7bd148",
  "foregroundColor": "#000000",
  "selected": true,
  "accessRole": "owner",
  "defaultReminders": [],
  "conferenceProperties": {
   "allowedConferenceSolutionTypes": [
    "hangoutsMeet"
   ]
  }
 },
 {
  "kind": "calendar#calendarListEntry",
  "etag": "\"1742084392928687\"",
  "id": "e6d7b493908d63132da7ca59bf0577ceb2818e8edf102645cdccc4b1a5c801e1@group.calendar.google.com",
  "summary": "Тестовый календарь",
  "timeZone": "Europe/Moscow",
  "dataOwner": "bayselonarrend@gmail.com",
  "colorId": "12",
  "backgroundColor": "#fad165",
  "foregroundColor": "#000000",
  "selected": true,
  "accessRole": "owner",
  "defaultReminders": [],
  "conferenceProperties": {
   "allowedConferenceSolutionTypes": [
    "hangoutsMeet"
   ]
  }
 },
 {
  "kind": "calendar#calendarListEntry",
  "etag": "\"1742084395074511\"",
  "id": "a4e03bff44edb0314c171e443d7ed2459360d5a0620e5508ebaf6e1df0895196@group.calendar.google.com",
  "summary": "Новое наименование",
  "description": "Новое описание",
  "timeZone": "Europe/Moscow",
  "dataOwner": "bayselonarrend@gmail.com",
  "colorId": "6",
  "backgroundColor": "#ffd800",
  "foregroundColor": "#000000",
  "accessRole": "owner",
  "defaultReminders": [],
  "conferenceProperties": {
   "allowedConferenceSolutionTypes": [
    "hangoutsMeet"
   ]
  }
 },
 {
  "kind": "calendar#calendarListEntry",
  "etag": "\"1742084396197615\"",
  "id": "03867547afd70e07081e3653aafa55955616fc5c3e4d7a7c1ff9d6da3650d653@group.calendar.google.com",
  "summary": "Тестовый календарь",
  "timeZone": "Europe/Moscow",
  "dataOwner": "bayselonarrend@gmail.com",
  "colorId": "11",
  "backgroundColor": "#fbe983",
  "foregroundColor": "#000000",
  "selected": true,
  "accessRole": "owner",
  "defaultReminders": [],
  "conferenceProperties": {
   "allowedConferenceSolutionTypes": [
    "hangoutsMeet"
   ]
  }
 },
 {
  "kind": "calendar#calendarListEntry",
  "etag": "\"1742084397208639\"",
  "id": "ec42282f6e60956dd3738e2818194870a368c8dd093fff26edf99b6a140fd13d@group.calendar.google.com",
  "summary": "Тестовый календарь",
  "timeZone": "Europe/Moscow",
  "dataOwner": "bayselonarrend@gmail.com",
  "colorId": "10",
  "backgroundColor": "#b3dc6c",
  "foregroundColor": "#000000",
  "selected": true,
  "accessRole": "owner",
  "defaultReminders": [],
  "conferenceProperties": {
   "allowedConferenceSolutionTypes": [
    "hangoutsMeet"
   ]
  }
 },
 {
  "kind": "calendar#calendarListEntry",
  "etag": "\"1742084398100559\"",
  "id": "91c1d9d403851398065a514dad7d23c6f4cbe71ea117e6884da4c25b1e198a25@group.calendar.google.com",
  "summary": "Новое наименование",
  "description": "Новое описание",
  "timeZone": "Europe/Moscow",
  "dataOwner": "bayselonarrend@gmail.com",
  "colorId": "6",
  "backgroundColor": "#ffd800",
  "foregroundColor": "#000000",
  "accessRole": "owner",
  "defaultReminders": [],
  "conferenceProperties": {
   "allowedConferenceSolutionTypes": [
    "hangoutsMeet"
   ]
  }
 },
 {
  "kind": "calendar#calendarListEntry",
  "etag": "\"1743381128735391\"",
  "id": "bayselonarrend@gmail.com",
  "summary": "Тестовый календарь (изм.)",
  "description": "ТестовоеОписание",
  "timeZone": "Europe/Minsk",
  "colorId": "19",
  "backgroundColor": "#fffff0",
  "foregroundColor": "#000000",
  "accessRole": "owner",
  "defaultReminders": [],
  "notificationSettings": {
   "notifications": [
    {
     "type": "eventCreation",
     "method": "email"
    },
    {
     "type": "eventChange",
     "method": "email"
    },
    {
     "type": "eventCancellation",
     "method": "email"
    },
    {
     "type": "eventResponse",
     "method": "email"
    }
   ]
  },
  "primary": true,
  "conferenceProperties": {
   "allowedConferenceSolutionTypes": [
    "hangoutsMeet"
   ]
  }
 },
 {
  "kind": "calendar#calendarListEntry",
  "etag": "\"1748056064011231\"",
  "id": "0750432b0f7fff1e2cd33160de79654c00233caf1b3646b23b12356452addb1b@group.calendar.google.com",
  "summary": "Новое наименование",
  "description": "Новое описание",
  "timeZone": "Europe/Moscow",
  "dataOwner": "bayselonarrend@gmail.com",
  "colorId": "6",
  "backgroundColor": "#ffd800",
  "foregroundColor": "#000000",
  "accessRole": "owner",
  "defaultReminders": [],
  "conferenceProperties": {
   "allowedConferenceSolutionTypes": [
    "hangoutsMeet"
   ]
  }
 },
 {
  "kind": "calendar#calendarListEntry",
  "etag": "\"1748056064705119\"",
  "id": "156bd87738c6ec5dbc10660b93b3dfd415c172104fd1c0a7cff7f9fc69b76844@group.calendar.google.com",
  "summary": "Тестовый календарь",
  "timeZone": "Europe/Moscow",
  "dataOwner": "bayselonarrend@gmail.com",
  "colorId": "10",
  "backgroundColor": "#b3dc6c",
  "foregroundColor": "#000000",
  "selected": true,
  "accessRole": "owner",
  "defaultReminders": [],
  "conferenceProperties": {
   "allowedConferenceSolutionTypes": [
    "hangoutsMeet"
   ]
  }
 },
 {
  "kind": "calendar#calendarListEntry",
  "etag": "\"1748056065569999\"",
  "id": "62bdd29c9c665f711c7e3db953fedbbc430d0a7c0fbbccbeb4663be52d49c82f@group.calendar.google.com",
  "summary": "Новое наименование",
  "description": "Новое описание",
  "timeZone": "Europe/Moscow",
  "dataOwner": "bayselonarrend@gmail.com",
  "colorId": "6",
  "backgroundColor": "#ffd800",
  "foregroundColor": "#000000",
  "accessRole": "owner",
  "defaultReminders": [],
  "conferenceProperties": {
   "allowedConferenceSolutionTypes": [
    "hangoutsMeet"
   ]
  }
 },
 {
  "kind": "calendar#calendarListEntry",
  "etag": "\"1748056066175471\"",
  "id": "852c7a43e1ee6da3c5640d3affadc0e9ea59786b3357e338fdc711d87001b1e0@group.calendar.google.com",
  "summary": "Тестовый календарь",
  "timeZone": "Europe/Moscow",
  "dataOwner": "bayselonarrend@gmail.com",
  "colorId": "3",
  "backgroundColor": "#f83a22",
  "foregroundColor": "#000000",
  "selected": true,
  "accessRole": "owner",
  "defaultReminders": [],
  "conferenceProperties": {
   "allowedConferenceSolutionTypes": [
    "hangoutsMeet"
   ]
  }
 },
 {
  "kind": "calendar#calendarListEntry",
  "etag": "\"1748056066944783\"",
  "id": "a39c1d8692d0f7ee01b8a09410ebe4b8b3013672a75df383c098ea2711d574f7@group.calendar.google.com",
  "summary": "Новое наименование",
  "description": "Новое описание",
  "timeZone": "Europe/Moscow",
  "dataOwner": "bayselonarrend@gmail.com",
  "colorId": "6",
  "backgroundColor": "#ffd800",
  "foregroundColor": "#000000",
  "accessRole": "owner",
  "defaultReminders": [],
  "conferenceProperties": {
   "allowedConferenceSolutionTypes": [
    "hangoutsMeet"
   ]
  }
 },
 {
  "kind": "calendar#calendarListEntry",
  "etag": "\"1748056067719983\"",
  "id": "84548d9365ad35d6642a82b3b2eb318dda43399051eb7aac071d69626cad3e0b@group.calendar.google.com",
  "summary": "Тестовый календарь",
  "timeZone": "Europe/Moscow",
  "dataOwner": "bayselonarrend@gmail.com",
  "colorId": "16",
  "backgroundColor": "#4986e7",
  "foregroundColor": "#000000",
  "selected": true,
  "accessRole": "owner",
  "defaultReminders": [],
  "conferenceProperties": {
   "allowedConferenceSolutionTypes": [
    "hangoutsMeet"
   ]
  }
 },
 {
  "kind": "calendar#calendarListEntry",
  "etag": "\"1748056068542527\"",
  "id": "aa4179ff3c2013a4a3cff006075bdaacb75dcc9cfc13ee5a330ede9a857334fb@group.calendar.google.com",
  "summary": "Тестовый календарь",
  "timeZone": "Europe/Moscow",
  "dataOwner": "bayselonarrend@gmail.com",
  "colorId": "6",
  "backgroundColor": "#ffad46",
  "foregroundColor": "#000000",
  "selected": true,
  "accessRole": "owner",
  "defaultReminders": [],
  "conferenceProperties": {
   "allowedConferenceSolutionTypes": [
    "hangoutsMeet"
   ]
  }
 },
 {
  "kind": "calendar#calendarListEntry",
  "etag": "\"1748056069354623\"",
  "id": "385be031c365ae253475a733d70076dbb1ae66b89e4bc4f62c798338158f261e@group.calendar.google.com",
  "summary": "Новое наименование",
  "description": "Новое описание",
  "timeZone": "Europe/Moscow",
  "dataOwner": "bayselonarrend@gmail.com",
  "colorId": "6",
  "backgroundColor": "#ffd800",
  "foregroundColor": "#000000",
  "accessRole": "owner",
  "defaultReminders": [],
  "conferenceProperties": {
   "allowedConferenceSolutionTypes": [
    "hangoutsMeet"
   ]
  }
 },
 {
  "kind": "calendar#calendarListEntry",
  "etag": "\"1748056070163647\"",
  "id": "b3c91de89dbb6280552853660bde1ce136f55ff013225bce58d5ed11a43fad15@group.calendar.google.com",
  "summary": "Новое наименование",
  "description": "Новое описание",
  "timeZone": "Europe/Moscow",
  "dataOwner": "bayselonarrend@gmail.com",
  "colorId": "6",
  "backgroundColor": "#ffd800",
  "foregroundColor": "#000000",
  "accessRole": "owner",
  "defaultReminders": [],
  "conferenceProperties": {
   "allowedConferenceSolutionTypes": [
    "hangoutsMeet"
   ]
  }
 },
 {
  "kind": "calendar#calendarListEntry",
  "etag": "\"1748056071116143\"",
  "id": "c2c8c3d8135c03677d56dda75992d0e8b59da3fe0cd9737151dac44a118ad30d@group.calendar.google.com",
  "summary": "Тестовый календарь",
  "timeZone": "Europe/Moscow",
  "dataOwner": "bayselonarrend@gmail.com",
  "colorId": "3",
  "backgroundColor": "#f83a22",
  "foregroundColor": "#000000",
  "selected": true,
  "accessRole": "owner",
  "defaultReminders": [],
  "conferenceProperties": {
   "allowedConferenceSolutionTypes": [
    "hangoutsMeet"
   ]
  }
 },
 {
  "kind": "calendar#calendarListEntry",
  "etag": "\"1748056072016271\"",
  "id": "216ed875dc34e43668289f38b541875cf4a51d043f6e6e8b674a305b03936443@group.calendar.google.com",
  "summary": "Тестовый календарь",
  "timeZone": "Europe/Moscow",
  "dataOwner": "bayselonarrend@gmail.com",
  "colorId": "4",
  "backgroundColor": "#fa573c",
  "foregroundColor": "#000000",
  "selected": true,
  "accessRole": "owner",
  "defaultReminders": [],
  "conferenceProperties": {
   "allowedConferenceSolutionTypes": [
    "hangoutsMeet"
   ]
  }
 },
 {
  "kind": "calendar#calendarListEntry",
  "etag": "\"1748056073082735\"",
  "id": "bc0fdd43d829d73957312a96c2d439d261dcc9b42db08056bcda43ad9d3a07e1@group.calendar.google.com",
  "summary": "Тестовый календарь",
  "timeZone": "Europe/Moscow",
  "dataOwner": "bayselonarrend@gmail.com",
  "colorId": "4",
  "backgroundColor": "#fa573c",
  "foregroundColor": "#000000",
  "selected": true,
  "accessRole": "owner",
  "defaultReminders": [],
  "conferenceProperties": {
   "allowedConferenceSolutionTypes": [
    "hangoutsMeet"
   ]
  }
 },
 {
  "kind": "calendar#calendarListEntry",
  "etag": "\"1748056074137727\"",
  "id": "0ecb06707e270a6675d3f94f792318a48d20b3a9f05a91c787e88b9fbf968fd7@group.calendar.google.com",
  "summary": "Новое наименование",
  "description": "Новое описание",
  "timeZone": "Europe/Moscow",
  "dataOwner": "bayselonarrend@gmail.com",
  "colorId": "6",
  "backgroundColor": "#ffd800",
  "foregroundColor": "#000000",
  "accessRole": "owner",
  "defaultReminders": [],
  "conferenceProperties": {
   "allowedConferenceSolutionTypes": [
    "hangoutsMeet"
   ]
  }
 },
 {
  "kind": "calendar#calendarListEntry",
  "etag": "\"1748056075154015\"",
  "id": "ab7807e9d675aa31d95bd85c4637517877f5674a2324c15498e003e984c63c5c@group.calendar.google.com",
  "summary": "Новое наименование",
  "description": "Новое описание",
  "timeZone": "Europe/Moscow",
  "dataOwner": "bayselonarrend@gmail.com",
  "colorId": "6",
  "backgroundColor": "#ffd800",
  "foregroundColor": "#000000",
  "accessRole": "owner",
  "defaultReminders": [],
  "conferenceProperties": {
   "allowedConferenceSolutionTypes": [
    "hangoutsMeet"
   ]
  }
 },
 {
  "kind": "calendar#calendarListEntry",
  "etag": "\"1752300489767583\"",
  "id": "739ad5c0b494b46297af6229561cc72dedd0c33b5c8d2fa0a90f137b157dda51@group.calendar.google.com",
  "summary": "Тестовый календарь",
  "timeZone": "Europe/Moscow",
  "dataOwner": "bayselonarrend@gmail.com",
  "colorId": "12",
  "backgroundColor": "#fad165",
  "foregroundColor": "#000000",
  "selected": true,
  "accessRole": "owner",
  "defaultReminders": [],
  "conferenceProperties": {
   "allowedConferenceSolutionTypes": [
    "hangoutsMeet"
   ]
  }
 },
 {
  "kind": "calendar#calendarListEntry",
  "etag": "\"1761323446838623\"",
  "id": "ac1705841160fcdb3657e157a604460baf38fcd14852f296fe9ddcd973917c72@group.calendar.google.com",
  "summary": "Тестовый календарь",
  "timeZone": "Europe/Moscow",
  "dataOwner": "bayselonarrend@gmail.com",
  "colorId": "16",
  "backgroundColor": "#4986e7",
  "foregroundColor": "#000000",
  "selected": true,
  "accessRole": "owner",
  "defaultReminders": [],
  "conferenceProperties": {
   "allowedConferenceSolutionTypes": [
    "hangoutsMeet"
   ]
  }
 },
 {
  "kind": "calendar#calendarListEntry",
  "etag": "\"1763968756909759\"",
  "id": "fccd8159ccc85dd93f5a1d9ce2b54280d4ad23179da11cbd4f715a258617a7cb@group.calendar.google.com",
  "summary": "Новое наименование",
  "description": "Новое описание",
  "timeZone": "Europe/Moscow",
  "dataOwner": "bayselonarrend@gmail.com",
  "colorId": "6",
  "backgroundColor": "#ffd800",
  "foregroundColor": "#000000",
  "accessRole": "owner",
  "defaultReminders": [],
  "conferenceProperties": {
   "allowedConferenceSolutionTypes": [
    "hangoutsMeet"
   ]
  }
 },
 {
  "kind": "calendar#calendarListEntry",
  "etag": "\"1764184102664607\"",
  "id": "f599793167a2f206a33c0f495f0a5dae023846a534988bf6e8f281b41912698f@group.calendar.google.com",
  "summary": "Новое наименование",
  "description": "Новое описание",
  "timeZone": "Europe/Moscow",
  "dataOwner": "bayselonarrend@gmail.com",
  "colorId": "6",
  "backgroundColor": "#ffd800",
  "foregroundColor": "#000000",
  "accessRole": "owner",
  "defaultReminders": [],
  "conferenceProperties": {
   "allowedConferenceSolutionTypes": [
    "hangoutsMeet"
   ]
  }
 },
 {
  "kind": "calendar#calendarListEntry",
  "etag": "\"1764315070720591\"",
  "id": "a5522de86b9ead48e7bca1fef5ac18cdbc36942eb2b997cf8a0a9b573d01bb08@group.calendar.google.com",
  "summary": "Новое наименование",
  "description": "Новое описание",
  "timeZone": "Europe/Moscow",
  "dataOwner": "bayselonarrend@gmail.com",
  "colorId": "6",
  "backgroundColor": "#ffd800",
  "foregroundColor": "#000000",
  "accessRole": "owner",
  "defaultReminders": [],
  "conferenceProperties": {
   "allowedConferenceSolutionTypes": [
    "hangoutsMeet"
   ]
  }
 },
 {
  "kind": "calendar#calendarListEntry",
  "etag": "\"1764323866008159\"",
  "id": "7b38edc4fff3969c1ff7ba9c2e0a691a07c7b1087936c2948b8b6c0482c2b5ba@group.calendar.google.com",
  "summary": "Новое наименование",
  "description": "Новое описание",
  "timeZone": "Europe/Moscow",
  "dataOwner": "bayselonarrend@gmail.com",
  "colorId": "6",
  "backgroundColor": "#ffd800",
  "foregroundColor": "#000000",
  "accessRole": "owner",
  "defaultReminders": [],
  "conferenceProperties": {
   "allowedConferenceSolutionTypes": [
    "hangoutsMeet"
   ]
  }
 },
 {
  "kind": "calendar#calendarListEntry",
  "etag": "\"1764325116487967\"",
  "id": "0d88d368b4dbf70b0d4d95e1949b9acb6b2ee080fe7cfd91204ed163d13585ec@group.calendar.google.com",
  "summary": "Новое наименование",
  "description": "Новое описание",
  "timeZone": "Europe/Moscow",
  "dataOwner": "bayselonarrend@gmail.com",
  "colorId": "6",
  "backgroundColor": "#ffd800",
  "foregroundColor": "#000000",
  "accessRole": "owner",
  "defaultReminders": [],
  "conferenceProperties": {
   "allowedConferenceSolutionTypes": [
    "hangoutsMeet"
   ]
  }
 }
]
