{
 "kind": "calendar#event",
 "etag": "\"3567862492806174\"",
 "id": "dhcrshtc0c28o8sek0sbs7heik",
 "status": "confirmed",
 "htmlLink": "https://www.google.com/calendar/event?eid=ZGhjcnNodGMwYzI4bzhzZWswc2JzN2hlaWsgMTBhYzdiNWQ2ODY4YjFiYWE4MDU2MmI5YjYyZjU3MzQ0N2ExNjk0M2ZjMWRkMTczZmEyNjg5MDhmNGEzZDhkYkBn",
 "created": "2026-07-13T08:27:21Z",
 "updated": "2026-07-13T08:27:26.403Z",
 "summary": "Новое событие",
 "description": "Новое описание события",
 "location": "В офисе",
 "creator": {
  "email": "bayselonarrend@gmail.com"
 },
 "organizer": {
  "email": "10ac7b5d6868b1baa80562b9b62f573447a16943fc1dd173fa268908f4a3d8db@group.calendar.google.com",
  "displayName": "Тестовый календарь",
  "self": true
 },
 "start": {
  "dateTime": "2026-07-13T08:27:21+00:00",
  "timeZone": "Europe/Moscow"
 },
 "end": {
  "dateTime": "2026-07-13T09:27:21+00:00",
  "timeZone": "Europe/Moscow"
 },
 "iCalUID": "dhcrshtc0c28o8sek0sbs7heik@google.com",
 "sequence": 0,
 "reminders": {
  "useDefault": true
 },
 "attachments": [
  {
   "fileUrl": "https://hut.openintegrations.dev/test_data/picture.jpg",
   "title": "Картинка1",
   "iconLink": ""
  },
  {
   "fileUrl": "https://hut.openintegrations.dev/test_data/picture2.jpg",
   "title": "Картинка2",
   "iconLink": ""
  }
 ],
 "eventType": "default"
}
