{
 "kind": "calendar#calendarListEntry",
 "etag": "\"1779392576644383\"",
 "id": "57f31e7bace668e14d37aa8e958e471bf1a0472bff9f63088cf129dbf76b0a3d@group.calendar.google.com",
 "summary": "Новое наименование",
 "description": "Новое описание",
 "timeZone": "Europe/Moscow",
 "dataOwner": "bayselonarrend@gmail.com",
 "colorId": "6",
 "backgroundColor": "#ffd800",
 "foregroundColor": "#000000",
 "selected": true,
 "accessRole": "owner",
 "defaultReminders": [],
 "conferenceProperties": {
  "allowedConferenceSolutionTypes": [
   "hangoutsMeet"
  ]
 }
}
