{
 "kind": "calendar#calendar",
 "etag": "\"JSFlI6j4-xEKb0zdPxqe0e6PGJ4\"",
 "id": "52960a9046b7a485673a8ff3d27ccc17e8f176e23b4137cd898b543d3eb7aa41@group.calendar.google.com",
 "summary": "Тестовый календарь",
 "timeZone": "Europe/Moscow",
 "dataOwner": "bayselonarrend@gmail.com",
 "conferenceProperties": {
  "allowedConferenceSolutionTypes": [
   "hangoutsMeet"
  ]
 },
 "labelProperties": {
  "eventLabels": [
   {
    "id": "095ee112-d5bc-41db-ad3a-2dcd91172a06",
    "backgroundColor": "#4285f4"
   },
   {
    "id": "0cc04a52-956c-4f67-9d02-d12289fc6a45",
    "backgroundColor": "#3f51b5"
   },
   {
    "id": "25a8e8e7-fdae-41ba-b0fe-dfb6f3ce048e",
    "backgroundColor": "#795548"
   },
   {
    "id": "2c6faa12-1c09-4f8e-b935-dd192e4f40ff",
    "backgroundColor": "#f6bf26"
   },
   {
    "id": "3984d429-5b6d-46d3-a9fa-2f7aa36c3c5d",
    "backgroundColor": "#8e24aa"
   },
   {
    "id": "4ff9b28a-c9be-4d72-9233-fb031c0c840f",
    "backgroundColor": "#009688"
   },
   {
    "id": "50014c32-edaf-4556-b6ac-405636567199",
    "backgroundColor": "#7cb342"
   },
   {
    "id": "52f8a6b3-c3bd-41f1-b69e-209a7709ea22",
    "backgroundColor": "#e4c441"
   },
   {
    "id": "54f1a78d-d580-4b5d-833e-0a9dfab3da40",
    "backgroundColor": "#33b679"
   },
   {
    "id": "6942ea9d-95e1-43bd-9ae4-3d997c7150a1",
    "backgroundColor": "#d81b60"
   },
   {
    "id": "6df99c16-0e72-4c35-a001-0473c0b43340",
    "backgroundColor": "#a79b8e"
   },
   {
    "id": "6f577b5f-e2b3-44e0-ae8a-1ebaa6d3c20d",
    "backgroundColor": "#c0ca33"
   },
   {
    "id": "822c997e-c4cb-4ef6-b32b-5f3d82ce82bf",
    "backgroundColor": "#b39ddb"
   },
   {
    "id": "91c61411-51fe-4d7b-ba29-65efa8e6bd3b",
    "backgroundColor": "#d50000"
   },
   {
    "id": "bdc30713-f402-4583-b78e-91807002cbee",
    "backgroundColor": "#9e69af"
   },
   {
    "id": "c0e7bea4-4387-48ca-a529-1e2d44bc2ea5",
    "backgroundColor": "#f4511e"
   },
   {
    "id": "c284f2a2-d97c-4dab-abd4-1dafeb5aa176",
    "backgroundColor": "#0b8043"
   },
   {
    "id": "c48610cc-42ca-4c72-a819-de564a5bea4e",
    "backgroundColor": "#f09300"
   },
   {
    "id": "da91ace1-2310-402b-bcd9-508e78e8813d",
    "backgroundColor": "#616161"
   },
   {
    "id": "df2b78b4-5703-492b-b64f-bc3f60c7f664",
    "backgroundColor": "#ef6c00"
   },
   {
    "id": "e2525d27-d7af-4e6f-ac93-726108290fae",
    "backgroundColor": "#e67c73"
   },
   {
    "id": "e510fa2f-f6af-43fe-8158-5a57eb8af324",
    "backgroundColor": "#7986cb"
   },
   {
    "id": "ef66777c-7d0d-4d7d-81b0-e7a3f6e6d2e6",
    "backgroundColor": "#ad1457"
   },
   {
    "id": "f5c65161-deeb-49b7-a819-dac0346b56cf",
    "backgroundColor": "#039be5"
   }
  ]
 }
}
