{
 "kind": "calendar#event",
 "etag": "\"3561561021038494\"",
 "id": "29k7rcfffc7kcns376qh013ues",
 "status": "confirmed",
 "htmlLink": "https://www.google.com/calendar/event?eid=MjlrN3JjZmZmYzdrY25zMzc2cWgwMTN1ZXMgYzM2NWM0ODQ2NTg0NTgxZW...",
 "created": "2026-06-06T21:15:10Z",
 "updated": "2026-06-06T21:15:10.519Z",
 "summary": "Новое событие",
 "description": "Описание тестового события",
 "location": "В офисе",
 "creator": {
  "email": "bayselonarrend@gmail.com"
 },
 "organizer": {
  "email": "c365c4846584581ef1bff30f666920483e934303ddede09ce07e420c8b71b4a2@group.calendar.google.com",
  "displayName": "Тестовый календарь",
  "self": true
 },
 "start": {
  "dateTime": "2026-06-07T03:15:11+03:00",
  "timeZone": "Europe/Moscow"
 },
 "end": {
  "dateTime": "2026-06-07T04:15:11+03:00",
  "timeZone": "Europe/Moscow"
 },
 "iCalUID": "29k7rcfffc7kcns376qh013ues@google.com",
 "sequence": 0,
 "reminders": {
  "useDefault": true
 },
 "attachments": [
  {
   "fileUrl": "https://hut.openintegrations.dev/test_data/picture.jpg",
   "title": "Картинка1",
   "iconLink": ""
  },
  {
   "fileUrl": "https://hut.openintegrations.dev/test_data/picture2.jpg",
   "title": "Картинка2",
   "iconLink": ""
  }
 ],
 "eventType": "default"
}
