    {
 "description_category_id": 17028922,
 "name": "Комплект защитных плёнок для X3 NFC. Темный хлопок",
 "offer_id": "143210608",
 "barcode": "112772873170",
 "price": "1000",
 "old_price": "1100",
 "vat": "0.1",
 "height": 250,
 "width": 150,
 "depth": 10,
 "dimension_unit": "mm",
 "weight": 100,
 "weight_unit": "g",
 "attributes": [
  {
   "id": 5076,
   "complex_id": 0,
   "values": [
    {
     "dictionary_value_id": 971082156,
     "value": "Стойка для акустической системы"
    }
   ]
  },
  {
   "id": 9048,
   "complex_id": 0,
   "values": [
    {
     "value": "Комплект защитных плёнок для X3 NFC. Темный хлопок"
    }
   ]
  }
 ]
}
