    {
 "drop_off_warehouse_timeslots": [
  {
   "drop_off_warehouse_id": 1020000115166000,
   "warehouse_timezone": "Europe/Moscow",
   "current_time_in_timezone": "2024-12-24T22:29:05.666245500Z",
   "days": [
    {
     "timeslots": [
      {
       "from_in_timezone": "2024-12-25T01:00:00Z",
       "to_in_timezone": "2024-12-25T02:00:00Z"
      },
      {
       "from_in_timezone": "2024-12-25T02:00:00Z",
       "to_in_timezone": "2024-12-25T03:00:00Z"
      },
      {
       "from_in_timezone": "2024-12-25T03:00:00Z",
       "to_in_timezone": "2024-12-25T04:00:00Z"
      },
      {
       "from_in_timezone": "2024-12-25T04:00:00Z",
       "to_in_timezone": "2024-12-25T05:00:00Z"
      },
      {
       "from_in_timezone": "2024-12-25T05:00:00Z",
       "to_in_timezone": "2024-12-25T06:00:00Z"
      },
      {
       "from_in_timezone": "2024-12-25T06:00:00Z",
       "to_in_timezone": "2024-12-25T07:00:00Z"
      },
      {
       "from_in_timezone": "2024-12-25T08:00:00Z",
       "to_in_timezone": "2024-12-25T09:00:00Z"
      },
      {
       "from_in_timezone": "2024-12-25T09:00:00Z",
       "to_in_timezone": "2024-12-25T10:00:00Z"
      },
      {
       "from_in_timezone": "2024-12-25T10:00:00Z",
       "to_in_timezone": "2024-12-25T11:00:00Z"
      },
      {
       "from_in_timezone": "2024-12-25T17:00:00Z",
       "to_in_timezone": "2024-12-25T18:00:00Z"
      },
      {
       "from_in_timezone": "2024-12-25T20:00:00Z",
       "to_in_timezone": "2024-12-25T21:00:00Z"
      },
      {
       "from_in_timezone": "2024-12-25T21:00:00Z",
       "to_in_timezone": "2024-12-25T22:00:00Z"
      },
      {
       "from_in_timezone": "2024-12-25T22:00:00Z",
       "to_in_timezone": "2024-12-25T23:00:00Z"
      }
     ],
     "date_in_timezone": "2024-12-25T00:00:00Z"
    },
    {
     "timeslots": [
      {
       "from_in_timezone": "2024-12-26T03:00:00Z",
       "to_in_timezone": "2024-12-26T04:00:00Z"
      },
      {
       "from_in_timezone": "2024-12-26T04:00:00Z",
       "to_in_timezone": "2024-12-26T05:00:00Z"
      },
      {
       "from_in_timezone": "2024-12-26T05:00:00Z",
       "to_in_timezone": "2024-12-26T06:00:00Z"
      },
      {
       "from_in_timezone": "2024-12-26T06:00:00Z",
       "to_in_timezone": "2024-12-26T07:00:00Z"
      },
      {
       "from_in_timezone": "2024-12-26T08:00:00Z",
       "to_in_timezone": "2024-12-26T09:00:00Z"
      },
      {
       "from_in_timezone": "2024-12-26T09:00:00Z",
       "to_in_timezone": "2024-12-26T10:00:00Z"
      },
      {
       "from_in_timezone": "2024-12-26T10:00:00Z",
       "to_in_timezone": "2024-12-26T11:00:00Z"
      },
      {
       "from_in_timezone": "2024-12-26T11:00:00Z",
       "to_in_timezone": "2024-12-26T12:00:00Z"
      },
      {
       "from_in_timezone": "2024-12-26T12:00:00Z",
       "to_in_timezone": "2024-12-26T13:00:00Z"
      },
      {
       "from_in_timezone": "2024-12-26T13:00:00Z",
       "to_in_timezone": "2024-12-26T14:00:00Z"
      },
      {
       "from_in_timezone": "2024-12-26T16:00:00Z",
       "to_in_timezone": "2024-12-26T17:00:00Z"
      },
      {
       "from_in_timezone": "2024-12-26T17:00:00Z",
       "to_in_timezone": "2024-12-26T18:00:00Z"
      },
      {
       "from_in_timezone": "2024-12-26T18:00:00Z",
       "to_in_timezone": "2024-12-26T19:00:00Z"
      },
      {
       "from_in_timezone": "2024-12-26T20:00:00Z",
       "to_in_timezone": "2024-12-26T21:00:00Z"
      },
      {
       "from_in_timezone": "2024-12-26T21:00:00Z",
       "to_in_timezone": "2024-12-26T22:00:00Z"
      },
      {
       "from_in_timezone": "2024-12-26T22:00:00Z",
       "to_in_timezone": "2024-12-26T23:00:00Z"
      },
      {
       "from_in_timezone": "2024-12-26T23:00:00Z",
       "to_in_timezone": "2024-12-27T00:00:00Z"
      }
     ],
     "date_in_timezone": "2024-12-26T00:00:00Z"
    }
   ]
  }
 ],
 "requested_date_from": "2024-12-24T00:00:00Z",
 "requested_date_to": "2024-12-25T22:29:05.610003800Z"
}
