{
 "result": [
  {
   "id": 2846218811,
   "barcode": "",
   "name": "Protective film set for X3 NFC. Dark cotton",
   "offer_id": "143210609",
   "height": 250,
   "depth": 10,
   "width": 150,
   "dimension_unit": "mm",
   "weight": 100,
   "weight_unit": "g",
   "description_category_id": 17028922,
   "type_id": 91565,
   "primary_image": "",
   "model_info": {
    "model_id": 0,
    "count": 0
   },
   "images": [
    "https://hut.openintegrations.dev/test_data/picture.jpg",
    "https://hut.openintegrations.dev/test_data/picture2.jpg"
   ],
   "pdf_list": [],
   "attributes": [
    {
     "id": 85,
     "complex_id": 0,
     "values": [
      {
       "dictionary_value_id": 5060050,
       "value": "Samsung"
      }
     ]
    },
    {
     "id": 9048,
     "complex_id": 0,
     "values": [
      {
       "dictionary_value_id": 0,
       "value": "Protective film set for X3 NFC. Dark cotton"
      }
     ]
    },
    {
     "id": 10096,
     "complex_id": 0,
     "values": [
      {
       "dictionary_value_id": 61576,
       "value": "gray"
      }
     ]
    },
    {
     "id": 4180,
     "complex_id": 0,
     "values": [
      {
       "dictionary_value_id": 0,
       "value": "Protective film set for X3 NFC. Dark cotton"
      }
     ]
    },
    {
     "id": 9024,
     "complex_id": 0,
     "values": [
      {
       "dictionary_value_id": 0,
       "value": "143210609"
      }
     ]
    }
   ],
   "complex_attributes": [
    {
     "id": 21837,
     "complex_id": 100001,
     "values": [
      {
       "dictionary_value_id": 0,
       "value": "viedo1"
      }
     ]
    },
    {
     "id": 21841,
     "complex_id": 100001,
     "values": [
      {
       "dictionary_value_id": 0,
       "value": "https://rutube.ru/video/c6cc4d620b1d4338901770a44b3e82f4/"
      }
     ]
    }
   ],
   "color_image": "",
   "sku": 0,
   "barcodes": [],
   "attributes_with_defaults": [
    10100,
    11794,
    22074,
    22806,
    23120,
    23121,
    23133,
    23134,
    23137,
    23138,
    23173,
    23183,
    23184,
    23185,
    23186,
    23187,
    23188,
    23379,
    23380
   ]
  }
 ],
 "total": 1,
 "last_id": ""
}
