{
 "search": [
  {
   "warehouse_id": 23021125185000,
   "warehouse_type": "WAREHOUSE_TYPE_FULL_FILLMENT",
   "coordinates": {
    "latitude": 56.79799,
    "longitude": 35.934505
   },
   "address": "Россия, 170044, обл. Тверская, г. Тверь, промышленная зона Боровлево-2, стр. 1 А",
   "name": "ТВЕРЬ_РФЦ"
  },
  {
   "warehouse_id": 6048863967000,
   "warehouse_type": "WAREHOUSE_TYPE_FULL_FILLMENT",
   "coordinates": {
    "latitude": 56.79799,
    "longitude": 35.934505
   },
   "address": "Россия, 170044, обл. Тверская, г. Тверь, промышленная зона Боровлево-2, стр. 1 А",
   "name": "ТВЕРЬ_ХАБ"
  }
 ]
}
