{
 "clusters": [
  {
   "logistic_clusters": [
    {
     "warehouses": [
      {
       "warehouse_id": 1020002007512000,
       "type": "CROSS_DOCK",
       "name": "ЯРОСЛАВЛЬ_РФЦ_КРОССДОКИНГ"
      },
      {
       "warehouse_id": 1020002513331000,
       "type": "SORTING_CENTER",
       "name": "ЯРОСЛАВЛЬ_2_ХАБ"
      },
      {
       "warehouse_id": 1020002093565000,
       "type": "ORDERS_RECEIVING_POINT",
       "name": "ЯРОСЛАВЛЬ_АППЗ_1"
      },
      {
       "warehouse_id": 1020001070840000,
       "type": "ORDERS_RECEIVING_POINT",
       "name": "КОСТРОМА_АППЗ_2"
      },
      {
       "warehouse_id": 1020002513368000,
       "type": "SORTING_CENTER",
       "name": "ЯРОСЛАВЛЬ_КГТ"
      },
      {
       "warehouse_id": 1020002513728000,
       "type": "SORTING_CENTER",
       "name": "СЦ_ФФ_ЯРОСЛАВЛЬ_ВОЗВРАТЫ"
      },
      {
       "warehouse_id": 1020002006967000,
       "type": "FULL_FILLMENT",
       "name": "ЯРОСЛАВЛЬ_РФЦ"
      },
      {
       "warehouse_id": 1020002513329000,
       "type": "SORTING_CENTER",
       "name": "ЯРОСЛАВЛЬ_1_ХАБ"
      },
      {
       "warehouse_id": 22259183721000,
       "type": "SORTING_CENTER",
       "name": "СЦ_КОСТРОМА_ИНДУСТРИАЛЬНАЯ"
      }
     ]
    }
   ],
   "id": 170,
   "name": "Ярославль",
   "type": "OZON"
  },
  {
   "logistic_clusters": [
    {
     "warehouses": [
      {
       "warehouse_id": 1020002126480000,
       "type": "ORDERS_RECEIVING_POINT",
       "name": "ОМСК_АППЗ_1"
      },
      {
       "warehouse_id": 1020001835503000,
       "type": "CROSS_DOCK",
       "name": "ОМСК_РФЦ_КРОССДОКИНГ"
      },
      {
       "warehouse_id": 1020002634846000,
       "type": "ORDERS_RECEIVING_POINT",
       "name": "ОМСК_АППЗ_2"
      },
      {
       "warehouse_id": 1020001835468000,
       "type": "FULL_FILLMENT",
       "name": "ОМСК_РФЦ"
      },
      {
       "warehouse_id": 1020003227886000,
       "type": "SORTING_CENTER",
       "name": "ОМСК_ХАБ_КГТ"
      },
      {
       "warehouse_id": 1020003227823000,
       "type": "SORTING_CENTER",
       "name": "ОМСК_ХАБ_БЛОК_2"
      },
      {
       "warehouse_id": 19077291855000,
       "type": "SORTING_CENTER",
       "name": "СЦ_ОМСК_БАГНЮКА"
      },
      {
       "warehouse_id": 21705048763000,
       "type": "SORTING_CENTER",
       "name": "СЦ_Омск"
      }
     ]
    },
    {
     "warehouses": [
      {
       "warehouse_id": 1020002418102000,
       "type": "CROSS_DOCK",
       "name": "НОВОСИБИРСК_РФЦ_НЕГАБАРИТ_КРОССДОКИНГ"
      },
      {
       "warehouse_id": 1020000949093000,
       "type": "SORTING_CENTER",
       "name": "НОВОСИБИРСК_ХАБ_ОМСКИЙ_ТРАКТ"
      },
      {
       "warehouse_id": 21957447472000,
       "type": "CROSS_DOCK",
       "name": "НОВОСИБИРСК_РФЦ_Кроссдокинг"
      },
      {
       "warehouse_id": 23967236891000,
       "type": "ORDERS_RECEIVING_POINT",
       "name": "НОВОСИБИРСК_СППЗ_НАРЫМСКАЯ_11"
      },
      {
       "warehouse_id": 1020003152008000,
       "type": "SORTING_CENTER",
       "name": "НОВОСИБИРСК_ТСЦ_САДОВЫЙ"
      },
      {
       "warehouse_id": 1020005000298706,
       "type": "ORDERS_RECEIVING_POINT",
       "name": "НОВОСИБИРСК_АППЗ_5"
      },
      {
       "warehouse_id": 20547966778000,
       "type": "SORTING_CENTER",
       "name": "ТСЦ_НСБ"
      },
      {
       "warehouse_id": 1020000386145000,
       "type": "ORDERS_RECEIVING_POINT",
       "name": "НОВОСИБИРСК_АППЗ_2"
      },
      {
       "warehouse_id": 1020001761017000,
       "type": "SORTING_CENTER",
       "name": "НОВОСИБИРСК_ДО_ТСЦ"
      },
      {
       "warehouse_id": 1020001364962000,
       "type": "SORTING_CENTER",
       "name": "НОВОСИБИРСК_ТСЦ"
      },
      {
       "warehouse_id": 1020002418056000,
       "type": "FULL_FILLMENT",
       "name": "НОВОСИБИРСК_РФЦ_НЕГАБАРИТ"
      },
      {
       "warehouse_id": 1020000142982000,
       "type": "ORDERS_RECEIVING_POINT",
       "name": "НОВОСИБИРСК_АППЗ_1"
      },
      {
       "warehouse_id": 1020001351145000,
       "type": "FULL_FILLMENT",
       "name": "НОВОСИБИРСК_РФЦ_ЮВЕЛИРНЫЙ"
      },
      {
       "warehouse_id": 1020001803875000,
       "type": "SORTING_CENTER",
       "name": "НОВОСИБИРСК_ОМСКИЙ_ТРАКТ_КГТ"
      },
      {
       "warehouse_id": 23605390489000,
       "type": "SORTING_CENTER",
       "name": "НОВОСИБИРСК_ХАБ_ОБЬ"
      },
      {
       "warehouse_id": 23609313971000,
       "type": "SORTING_CENTER",
       "name": "НОВОСИБИРСК_ХАБ_ОБЬ_КГТ"
      },
      {
       "warehouse_id": 18044341087000,
       "type": "FULL_FILLMENT",
       "name": "Новосибирск_РФЦ_НОВЫЙ"
      }
     ]
    }
   ],
   "id": 5,
   "name": "Сибирь",
   "type": "OZON"
  },
  {
   "logistic_clusters": [
    {
     "warehouses": [
      {
       "warehouse_id": 1020001995936000,
       "type": "SORTING_CENTER",
       "name": "СЦ_КАЛИНИНГРАД_ХАБ_КАМСКАЯ_Возвраты"
      },
      {
       "warehouse_id": 20547966716000,
       "type": "SORTING_CENTER",
       "name": "КАЛИНИНГРАД_ХАБ_ПЕЧАТНАЯ"
      },
      {
       "warehouse_id": 1020001370635000,
       "type": "SORTING_CENTER",
       "name": "СЦ_ФФ_КАЛИНИНГРАД_Возвраты"
      },
      {
       "warehouse_id": 1020001989874000,
       "type": "SORTING_CENTER",
       "name": "КАЛИНИНГРАД_ХАБ_КАМСКАЯ_КГТ"
      },
      {
       "warehouse_id": 22294782253000,
       "type": "FULL_FILLMENT",
       "name": "КАЛИНИНГРАД_МРФЦ"
      },
      {
       "warehouse_id": 1020002912539000,
       "type": "SORTING_CENTER",
       "name": "КАЛИНИНГРАД_ХАБ_КАМСКАЯ"
      },
      {
       "warehouse_id": 1020001237023000,
       "type": "SORTING_CENTER",
       "name": "КАЛИНИНГРАД_МРФЦ_КГТ"
      }
     ]
    }
   ],
   "id": 12,
   "name": "Калининград",
   "type": "OZON"
  },
  {
   "logistic_clusters": [
    {
     "warehouses": [
      {
       "warehouse_id": 1020001007805000,
       "type": "FULL_FILLMENT",
       "name": "ВОРОНЕЖ_2_РФЦ"
      },
      {
       "warehouse_id": 1020002581497000,
       "type": "ORDERS_RECEIVING_POINT",
       "name": "ВОРОНЕЖ_АППЗ_3"
      },
      {
       "warehouse_id": 23963150422000,
       "type": "ORDERS_RECEIVING_POINT",
       "name": "ВОРОНЕЖ_СППЗ_45-СТРЕЛКОВОЙ ДИВИЗИИ_62"
      },
      {
       "warehouse_id": 1020000980265000,
       "type": "SORTING_CENTER",
       "name": "ВОРОНЕЖ_ХАБ_АКВАРЕЛЬНАЯ"
      },
      {
       "warehouse_id": 21807384609000,
       "type": "SORTING_CENTER",
       "name": "СЦ_ВОРОНЕЖ"
      },
      {
       "warehouse_id": 19815467502000,
       "type": "SORTING_CENTER",
       "name": "СЦ_ВОРОНЕЖ_ПРОМЫШЛЕННАЯ"
      },
      {
       "warehouse_id": 1020003227885000,
       "type": "SORTING_CENTER",
       "name": "ВОРОНЕЖ_ХАБ_АКВАРЕЛЬНАЯ_БЛОК_2"
      },
      {
       "warehouse_id": 20547966358000,
       "type": "SORTING_CENTER",
       "name": "ТСЦ_ВОРОНЕЖ_ТСЦ"
      },
      {
       "warehouse_id": 1020001007922000,
       "type": "CROSS_DOCK",
       "name": "ВОРОНЕЖ_2_РФЦ_КРОССДОКИНГ"
      },
      {
       "warehouse_id": 20547967168000,
       "type": "SORTING_CENTER",
       "name": "ВОРОНЕЖ_ХАБ_ЛОГВИЛЛ_КГТ"
      },
      {
       "warehouse_id": 1020002160746000,
       "type": "ORDERS_RECEIVING_POINT",
       "name": "ВОРОНЕЖ_АППЗ_2"
      },
      {
       "warehouse_id": 20547967160000,
       "type": "SORTING_CENTER",
       "name": "ВОРОНЕЖ_ХАБ_ЛОГВИЛЛ"
      },
      {
       "warehouse_id": 1020000995023000,
       "type": "SORTING_CENTER",
       "name": "СЦ_Воронеж_Акварельная_Возвраты"
      },
      {
       "warehouse_id": 1020002196480000,
       "type": "FULL_FILLMENT",
       "name": "ВОРОНЕЖ_РФЦ_НЕГАБАРИТ"
      },
      {
       "warehouse_id": 1020002196551000,
       "type": "CROSS_DOCK",
       "name": "ВОРОНЕЖ_РФЦ_НЕГАБАРИТ_КРОССДОКИНГ"
      },
      {
       "warehouse_id": 23684735180000,
       "type": "FULL_FILLMENT",
       "name": "ВОРОНЕЖ_МРФЦ"
      },
      {
       "warehouse_id": 23860043883000,
       "type": "CROSS_DOCK",
       "name": "ВОРОНЕЖ_МРФЦ_Кроссдокинг"
      }
     ]
    }
   ],
   "id": 16,
   "name": "Воронеж",
   "type": "OZON"
  },
  {
   "logistic_clusters": [
    {
     "warehouses": [
      {
       "warehouse_id": 1020002080349000,
       "type": "SORTING_CENTER",
       "name": "ТВЕРЬ_КОНЯЕВСКАЯ_ФБС"
      },
      {
       "warehouse_id": 1020000995840000,
       "type": "SORTING_CENTER",
       "name": "ТВЕРЬ_ХАБ_КОНЯЕВСКАЯ_2"
      },
      {
       "warehouse_id": 1020001556829000,
       "type": "SORTING_CENTER",
       "name": "ТВЕРЬ_ХАБ_КОНЯЕВСКАЯ_2_КГТ"
      },
      {
       "warehouse_id": 23021125185000,
       "type": "FULL_FILLMENT",
       "name": "ТВЕРЬ_РФЦ"
      },
      {
       "warehouse_id": 6048863967000,
       "type": "FULL_FILLMENT",
       "name": "Тверь_Хаб"
      },
      {
       "warehouse_id": 1020000893884000,
       "type": "SORTING_CENTER",
       "name": "ТВЕРЬ_ХАБ_КОНЯЕВСКАЯ_1"
      },
      {
       "warehouse_id": 23953850246000,
       "type": "ORDERS_RECEIVING_POINT",
       "name": "ТВЕРЬ_АППЗ_1"
      },
      {
       "warehouse_id": 1020001001744000,
       "type": "SORTING_CENTER",
       "name": "СЦ_ТВЕРЬ_КОНЯЕВСКАЯ_2_Возвраты"
      },
      {
       "warehouse_id": 1020001775656000,
       "type": "SORTING_CENTER",
       "name": "ТВЕРЬ_ТСЦ"
      },
      {
       "warehouse_id": 23470817390000,
       "type": "SORTING_CENTER",
       "name": "ТВЕРЬ_ХАБ_КГТ"
      },
      {
       "warehouse_id": 23552438554000,
       "type": "SORTING_CENTER",
       "name": "ТВЕРЬ_ХАБ_БОРОВЛЁВО"
      }
     ]
    },
    {
     "warehouses": [
      {
       "warehouse_id": 1020003227908000,
       "type": "SORTING_CENTER",
       "name": "МО_ЛЕНИНГРАДСКИЙ_2_ХАБ"
      },
      {
       "warehouse_id": 19408858470000,
       "type": "SORTING_CENTER",
       "name": "СЦ_ЧЕРНАЯ_ГРЯЗЬ_ФБС"
      },
      {
       "warehouse_id": 1020001286604000,
       "type": "SORTING_CENTER",
       "name": "МО_ЛЕНИНГРАДСКИЙ_ХАБ"
      },
      {
       "warehouse_id": 21704280420000,
       "type": "SORTING_CENTER",
       "name": "СЦ_ЧГВ"
      },
      {
       "warehouse_id": 1020003227756000,
       "type": "SORTING_CENTER",
       "name": "МО_ЧЕРНАЯ_ГРЯЗЬ_1_ХАБ"
      },
      {
       "warehouse_id": 1020003227757000,
       "type": "SORTING_CENTER",
       "name": "СЦ_ЧЕРНАЯ_ГРЯЗЬ_Возвраты"
      },
      {
       "warehouse_id": 1020002007811000,
       "type": "FULL_FILLMENT",
       "name": "РАДУМЛЯ_РФЦ_НЕГАБАРИТ"
      },
      {
       "warehouse_id": 1020002007821000,
       "type": "CROSS_DOCK",
       "name": "РАДУМЛЯ_РФЦ_НЕГАБАРИТ_КРОССДОКИНГ"
      },
      {
       "warehouse_id": 1020003227758000,
       "type": "SORTING_CENTER",
       "name": "МО_ЛЕНИНГРАДСКИЙ_1_ХАБ"
      },
      {
       "warehouse_id": 1020003227910000,
       "type": "SORTING_CENTER",
       "name": "МО_ЧЕРНАЯ_ГРЯЗЬ_2_ХАБ"
      },
      {
       "warehouse_id": 21142068202000,
       "type": "SORTING_CENTER",
       "name": "СЦ_Черная_Грязь"
      },
      {
       "warehouse_id": 1020001370942000,
       "type": "SORTING_CENTER",
       "name": "СЦ_ЛЕНИНГРАДСКИЙ_Возвраты"
      },
      {
       "warehouse_id": 23824292844000,
       "type": "SORTING_CENTER",
       "name": "МО_ЧЕРНАЯ_ГРЯЗЬ_ХАБ"
      }
     ]
    },
    {
     "warehouses": [
      {
       "warehouse_id": 1020002075314000,
       "type": "SORTING_CENTER",
       "name": "МО_ЗАМОСКВОРЕЧЬЕ_ФБС"
      },
      {
       "warehouse_id": 1020003227920000,
       "type": "SORTING_CENTER",
       "name": "МО_ВЕЛИНО_2_ХАБ"
      },
      {
       "warehouse_id": 1020003227922000,
       "type": "SORTING_CENTER",
       "name": "МО_ЗАМОСКВОРЕЧЬЕ_1_ХАБ"
      },
      {
       "warehouse_id": 1020001810579000,
       "type": "SORTING_CENTER",
       "name": "МО_ЗАМОСКВОРЕЧЬЕ_IT_FF"
      },
      {
       "warehouse_id": 1020000115166000,
       "type": "FULL_FILLMENT",
       "name": "ЖУКОВСКИЙ_РФЦ"
      },
      {
       "warehouse_id": 1020001344366000,
       "type": "SORTING_CENTER",
       "name": "СЦ_ЗАМОСКВОРЕЧЬЕ_Возвраты"
      },
      {
       "warehouse_id": 22421349535000,
       "type": "SORTING_CENTER",
       "name": "МО_НИЖНЕЕ_ВЕЛИНО_2_ХАБ"
      },
      {
       "warehouse_id": 1020000115460000,
       "type": "CROSS_DOCK",
       "name": "ЖУКОВСКИЙ_РФЦ_КРОССДОКИНГ"
      },
      {
       "warehouse_id": 1020002681017000,
       "type": "SORTING_CENTER",
       "name": "МО_ЗАМОСКВОРЕЧЬЕ_XD"
      },
      {
       "warehouse_id": 1020003096954000,
       "type": "SORTING_CENTER",
       "name": "МО_ВЕЛИНО_ХАБ"
      },
      {
       "warehouse_id": 23969023230000,
       "type": "SORTING_CENTER",
       "name": "МО_ЖУКОВСКИЙ_ХАБ"
      },
      {
       "warehouse_id": 1020000241817000,
       "type": "CROSS_DOCK",
       "name": "СОФЬИНО_РФЦ_КРОССДОКИНГ"
      },
      {
       "warehouse_id": 1020001344365000,
       "type": "SORTING_CENTER",
       "name": "МО_ЗАМОСКВОРЕЧЬЕ_ХАБ"
      },
      {
       "warehouse_id": 1020001572193000,
       "type": "SORTING_CENTER",
       "name": "МО_ЗАМОСКВОРЕЧЬЕ_КГТ"
      },
      {
       "warehouse_id": 1020003120665000,
       "type": "SORTING_CENTER",
       "name": "СЦ_ВЕЛИНО_Возвраты"
      },
      {
       "warehouse_id": 20547966998000,
       "type": "SORTING_CENTER",
       "name": "МО_НИЖНЕЕ_ВЕЛИНО_КГТ"
      },
      {
       "warehouse_id": 22243578862000,
       "type": "SORTING_CENTER",
       "name": "СЦ_МО_НИЖНЕЕ_ВЕЛИНО_1"
      },
      {
       "warehouse_id": 1020000916183000,
       "type": "SORTING_CENTER",
       "name": "МО_ЖУКОВСКИЙ_2_ХАБ"
      },
      {
       "warehouse_id": 1020000014427000,
       "type": "ORDERS_RECEIVING_POINT",
       "name": "МО_РЕЧИЦЫ_АППЗ_1"
      },
      {
       "warehouse_id": 1020000241710000,
       "type": "FULL_FILLMENT",
       "name": "СОФЬИНО_РФЦ"
      },
      {
       "warehouse_id": 1020000250901000,
       "type": "ORDERS_RECEIVING_POINT",
       "name": "МО_РАМЕНСКОЕ_АППЗ_1"
      },
      {
       "warehouse_id": 1020001520740000,
       "type": "SORTING_CENTER",
       "name": "МО_ЗАМОСКВОРЕЧЬЕ_IT"
      }
     ]
    },
    {
     "warehouses": [
      {
       "warehouse_id": 1020002065907000,
       "type": "SORTING_CENTER",
       "name": "МО_ВАТУТИНКИ_ХАБ"
      },
      {
       "warehouse_id": 1020001067844000,
       "type": "SORTING_CENTER",
       "name": "МО_ГРИВНО_КГТ"
      },
      {
       "warehouse_id": 1020005000519928,
       "type": "ORDERS_RECEIVING_POINT",
       "name": "СЕРПУХОВ_АППЗ_1"
      },
      {
       "warehouse_id": 1020001853954000,
       "type": "FULL_FILLMENT",
       "name": "ВАТУТИНКИ_РФЦ"
      },
      {
       "warehouse_id": 1020002065915000,
       "type": "SORTING_CENTER",
       "name": "СЦ_ВАТУТИНКИ_Возвраты"
      },
      {
       "warehouse_id": 1020005000256817,
       "type": "ORDERS_RECEIVING_POINT",
       "name": "СЕРПУХОВ_АППЗ_2"
      },
      {
       "warehouse_id": 1020000780738000,
       "type": "SORTING_CENTER",
       "name": "МО_ГРИВНО_ХАБ"
      },
      {
       "warehouse_id": 1020000989855000,
       "type": "FULL_FILLMENT",
       "name": "ГРИВНО_РФЦ_НЕГАБАРИТ"
      },
      {
       "warehouse_id": 1020000964594000,
       "type": "SORTING_CENTER",
       "name": "МО_ГРИВНО_2_ХАБ"
      },
      {
       "warehouse_id": 1020001853979000,
       "type": "CROSS_DOCK",
       "name": "ВАТУТИНКИ_РФЦ_КРОССДОКИНГ"
      },
      {
       "warehouse_id": 1020000435290000,
       "type": "FULL_FILLMENT",
       "name": "ГРИВНО_РФЦ"
      },
      {
       "warehouse_id": 1020000435423000,
       "type": "CROSS_DOCK",
       "name": "ГРИВНО_РФЦ_КРОССДОКИНГ"
      }
     ]
    },
    {
     "warehouses": [
      {
       "warehouse_id": 1020001853795000,
       "type": "CROSS_DOCK",
       "name": "ДОМОДЕДОВО_РФЦ_КРОССДОКИНГ"
      },
      {
       "warehouse_id": 1020003227870000,
       "type": "SORTING_CENTER",
       "name": "МО_ДОМОДЕДОВО_ХАБ_ПРОМЫШЛЕННАЯ_Блок_1"
      },
      {
       "warehouse_id": 1020000829019000,
       "type": "ORDERS_RECEIVING_POINT",
       "name": "МО_ВИДНОЕ_АППЗ_2"
      },
      {
       "warehouse_id": 1020005000357175,
       "type": "ORDERS_RECEIVING_POINT",
       "name": "ВИДНОЕ_АППЗ_1"
      },
      {
       "warehouse_id": 1020005000363814,
       "type": "ORDERS_RECEIVING_POINT",
       "name": "БУЛАТНИКОВСКОЕ_АППЗ_1"
      },
      {
       "warehouse_id": 1020001345510000,
       "type": "SORTING_CENTER",
       "name": "СЦ_Коми_Каширское_3PL_Возвраты"
      },
      {
       "warehouse_id": 19631366899000,
       "type": "SORTING_CENTER",
       "name": "СЦ_МО_ВИДНОЕ"
      },
      {
       "warehouse_id": 1020000076625000,
       "type": "ORDERS_RECEIVING_POINT",
       "name": "МО_ПОДОЛЬСК_АППЗ_2"
      },
      {
       "warehouse_id": 1020002478687000,
       "type": "SORTING_CENTER",
       "name": "МО_ДОМОДЕДОВО_2_ХАБ"
      },
      {
       "warehouse_id": 1020002183393000,
       "type": "SORTING_CENTER",
       "name": "СЦ_ДОМОДЕДОВО_Возвраты"
      },
      {
       "warehouse_id": 1020002141147000,
       "type": "SORTING_CENTER",
       "name": "МО_ДОМОДЕДОВО_1_ХАБ"
      },
      {
       "warehouse_id": 1020001853757000,
       "type": "FULL_FILLMENT",
       "name": "ДОМОДЕДОВО_РФЦ"
      },
      {
       "warehouse_id": 22421382257000,
       "type": "SORTING_CENTER",
       "name": "СЦ_МО_ДОМОДЕДОВО"
      },
      {
       "warehouse_id": 20547967058000,
       "type": "SORTING_CENTER",
       "name": "Коми_ХАБ_Каширское_3PL"
      },
      {
       "warehouse_id": 23962956493000,
       "type": "ORDERS_RECEIVING_POINT",
       "name": "МО_ВИДНОЕ_СППЗ_ЛЕМЕШКО"
      }
     ]
    },
    {
     "warehouses": [
      {
       "warehouse_id": 1020002964719000,
       "type": "ORDERS_RECEIVING_POINT",
       "name": "МОСКВА_АППЗ_31"
      },
      {
       "warehouse_id": 1020001419169000,
       "type": "FULL_FILLMENT",
       "name": "FRESH_Рябиновая_РФЦ"
      },
      {
       "warehouse_id": 1020000394959000,
       "type": "CROSS_DOCK",
       "name": "СЦ_Рябиновая_Кроссдокинг"
      },
      {
       "warehouse_id": 1020005000257083,
       "type": "ORDERS_RECEIVING_POINT",
       "name": "МОСКВА_АППЗ_35"
      },
      {
       "warehouse_id": 16193312515000,
       "type": "SORTING_CENTER",
       "name": "СЦ_МОСКВА_МКШВ"
      },
      {
       "warehouse_id": 19736116035000,
       "type": "ORDERS_RECEIVING_POINT",
       "name": "ППЗ_МОСКВА_МАТВЕЕВСКАЯ"
      },
      {
       "warehouse_id": 23961186908000,
       "type": "ORDERS_RECEIVING_POINT",
       "name": "МОСКВА_СППЗ_МАТВЕЕВСКАЯ_11"
      },
      {
       "warehouse_id": 14830086490000,
       "type": "SORTING_CENTER",
       "name": "СЦ_МСК_БЕРЕЖКОВСКИЙ"
      },
      {
       "warehouse_id": 1020000451689000,
       "type": "DISTRIBUTION_CENTER",
       "name": "РЦ_РЯБИНОВАЯ_WMS"
      }
     ]
    },
    {
     "warehouses": [
      {
       "warehouse_id": 19607172546000,
       "type": "SORTING_CENTER",
       "name": "СЦ_Новая Рига"
      },
      {
       "warehouse_id": 1020001067852000,
       "type": "SORTING_CENTER",
       "name": "МО_НОВОРИЖСКИЙ_1_КГТ"
      },
      {
       "warehouse_id": 23948599159000,
       "type": "FULL_FILLMENT",
       "name": "ПЕТРОВСКОЕ_РФЦ"
      },
      {
       "warehouse_id": 21957735428000,
       "type": "CROSS_DOCK",
       "name": "НОВАЯ_РИГА_РФЦ_Кроссдокинг"
      },
      {
       "warehouse_id": 1020002498196000,
       "type": "SORTING_CENTER",
       "name": "МО_ИСТРА_3_ХАБ"
      },
      {
       "warehouse_id": 22777011764000,
       "type": "SORTING_CENTER",
       "name": "МО_ТСЦ_НОВАЯ_РИГА"
      },
      {
       "warehouse_id": 1020000613453000,
       "type": "CROSS_DOCK",
       "name": "ДАВЫДОВСКОЕ_РФЦ_НЕГАБАРИТ_КРОССДОКИНГ"
      },
      {
       "warehouse_id": 1020001104756000,
       "type": "SORTING_CENTER",
       "name": "СЦ_НОВОРИЖСКИЙ_Возвраты"
      },
      {
       "warehouse_id": 1020000032914000,
       "type": "SORTING_CENTER",
       "name": "МО_ДАВЫДОВСКОЕ_ФБС"
      },
      {
       "warehouse_id": 1020000268887000,
       "type": "FULL_FILLMENT",
       "name": "ПАВЛО_СЛОБОДСКОЕ_РФЦ_НЕГАБАРИТ"
      },
      {
       "warehouse_id": 1020002126353000,
       "type": "SORTING_CENTER",
       "name": "МО_НОВОРИЖСКИЙ_ХАБ"
      },
      {
       "warehouse_id": 23948626989000,
       "type": "CROSS_DOCK",
       "name": "ПЕТРОВСКОЕ_РФЦ_КРОССДОКИНГ"
      },
      {
       "warehouse_id": 22038837444000,
       "type": "DISTRIBUTION_CENTER",
       "name": "ПАВЛО_СЛОБОДСКОЕ_РЦ"
      },
      {
       "warehouse_id": 1020000909282000,
       "type": "SORTING_CENTER",
       "name": "МО_НОВОРИЖСКИЙ_ХАБ_1"
      },
      {
       "warehouse_id": 22239128924000,
       "type": "SORTING_CENTER",
       "name": "МО_ИСТРА_ХАБ"
      },
      {
       "warehouse_id": 22757590219000,
       "type": "SORTING_CENTER",
       "name": "МО_ИСТРА_КГТ"
      },
      {
       "warehouse_id": 22852896885000,
       "type": "CROSS_DOCK",
       "name": "ДАВЫДОВСКОЕ_кроссдокинг"
      },
      {
       "warehouse_id": 22852948506000,
       "type": "CROSS_DOCK",
       "name": "ПАВЛО_СЛОБОДСКОЕ_РЦ_Кроссдокинг"
      },
      {
       "warehouse_id": 1020002930328000,
       "type": "SORTING_CENTER",
       "name": "МО_ИСТРА_4_ХАБ"
      },
      {
       "warehouse_id": 23851591824000,
       "type": "SORTING_CENTER",
       "name": "ТСЦ_МО_ИСТРА"
      },
      {
       "warehouse_id": 1020000185586000,
       "type": "SORTING_CENTER",
       "name": "МО_ИСТРА_2_ХАБ"
      },
      {
       "warehouse_id": 1020000613049000,
       "type": "FULL_FILLMENT",
       "name": "ДАВЫДОВСКОЕ_РФЦ_НЕГАБАРИТ"
      }
     ]
    },
    {
     "warehouses": [
      {
       "warehouse_id": 1020002065804000,
       "type": "FULL_FILLMENT",
       "name": "ВЕТАПТЕКА_МОСКВА"
      },
      {
       "warehouse_id": 1020001357190000,
       "type": "ORDERS_RECEIVING_POINT",
       "name": "ФУДСИТИ_АППЗ_7"
      },
      {
       "warehouse_id": 23948993287000,
       "type": "SORTING_CENTER",
       "name": "МСК_МОСКОВСКИЙ_ВОЗВРАТЫ"
      },
      {
       "warehouse_id": 1020003227774000,
       "type": "FULL_FILLMENT",
       "name": "АПТЕКА_МОСКВА"
      },
      {
       "warehouse_id": 23962075850000,
       "type": "ORDERS_RECEIVING_POINT",
       "name": "МОСКВА_СППЗ_ПОПУТНАЯ_1"
      },
      {
       "warehouse_id": 1020001769791000,
       "type": "SORTING_CENTER",
       "name": "МСК_САЛАРЬЕВО_КГТ"
      },
      {
       "warehouse_id": 1020002619769000,
       "type": "SORTING_CENTER",
       "name": "МСК_САЛАРЬЕВО_2_ХАБ"
      },
      {
       "warehouse_id": 22961045669000,
       "type": "SORTING_CENTER",
       "name": "МСК_САЛАРЬЕВО_ХАБ"
      },
      {
       "warehouse_id": 23824610792000,
       "type": "SORTING_CENTER",
       "name": "МСК_МОСКОВСКИЙ_ХАБ"
      }
     ]
    },
    {
     "warehouses": [
      {
       "warehouse_id": 1020002030223000,
       "type": "SORTING_CENTER",
       "name": "МО_СОЛНЕЧНОГОРСК_КГТ"
      },
      {
       "warehouse_id": 22123468519000,
       "type": "CROSS_DOCK",
       "name": "ХОРУГВИНО_НЕГАБАРИТ_кроссдокинг"
      },
      {
       "warehouse_id": 1020003182531000,
       "type": "SORTING_CENTER",
       "name": "СЦ_НИКОЛЬСКОЕ_Возвраты"
      },
      {
       "warehouse_id": 1020002064151000,
       "type": "SORTING_CENTER",
       "name": "СЦ_СОЛНЕЧНОГОРСК_Возвраты"
      },
      {
       "warehouse_id": 19262731541000,
       "type": "FULL_FILLMENT",
       "name": "Хоругвино_РФЦ_НЕГАБАРИТ"
      },
      {
       "warehouse_id": 1020002458344000,
       "type": "FULL_FILLMENT",
       "name": "ХОРУГВИНО_РФЦ_ПАЛЛЕТНЫЙ"
      },
      {
       "warehouse_id": 1020002879746000,
       "type": "SORTING_CENTER",
       "name": "МО_НИКОЛЬСКОЕ_ХАБ"
      },
      {
       "warehouse_id": 1020003133842000,
       "type": "FULL_FILLMENT",
       "name": "ХОРУГВИНО_ФОТОСТУДИЯ_WMS"
      },
      {
       "warehouse_id": 1020002271456000,
       "type": "SORTING_CENTER",
       "name": "МО_СОЛНЕЧНОГОРСК_ХАБ_КГТ"
      },
      {
       "warehouse_id": 1020002201523000,
       "type": "SORTING_CENTER",
       "name": "МО_ТСЦ_НИКОЛЬСКОЕ"
      },
      {
       "warehouse_id": 1020002009994000,
       "type": "SORTING_CENTER",
       "name": "МО_СОЛНЕЧНОГОРСК_ХАБ"
      },
      {
       "warehouse_id": 21861873831000,
       "type": "CROSS_DOCK",
       "name": "ХОРУГВИНО_РФЦ_Негабарит_Кроссдокинг"
      },
      {
       "warehouse_id": 20995730717000,
       "type": "CROSS_DOCK",
       "name": "Кросс_Док FBO_PICK_UP"
      },
      {
       "warehouse_id": 15431806189000,
       "type": "FULL_FILLMENT",
       "name": "ХОРУГВИНО_РФЦ"
      },
      {
       "warehouse_id": 21963416268000,
       "type": "CROSS_DOCK",
       "name": "ХОРУГВИНО_РФЦ_Кроссдокинг"
      },
      {
       "warehouse_id": 22284661912000,
       "type": "SORTING_CENTER",
       "name": "СЦ_МО_КЛИН"
      }
     ]
    },
    {
     "warehouses": [
      {
       "warehouse_id": 1020000721351000,
       "type": "SORTING_CENTER",
       "name": "МО_НОГИНСК_ХАБ"
      },
      {
       "warehouse_id": 1020005000430590,
       "type": "ORDERS_RECEIVING_POINT",
       "name": "НОГИНСК_АППЗ_3"
      },
      {
       "warehouse_id": 1020001517663000,
       "type": "SORTING_CENTER",
       "name": "МО_НОГИНСК_КГТ"
      },
      {
       "warehouse_id": 22389405258000,
       "type": "SORTING_CENTER",
       "name": "СЦ_МО_ВОРОВСКОГО"
      },
      {
       "warehouse_id": 1020001642383000,
       "type": "FULL_FILLMENT",
       "name": "НОГИНСК_РФЦ_НЕГАБАРИТ"
      },
      {
       "warehouse_id": 1020001910980000,
       "type": "SORTING_CENTER",
       "name": "СЦ_Ногинск_КГТ_возвраты"
      },
      {
       "warehouse_id": 1020000759116000,
       "type": "FULL_FILLMENT",
       "name": "НОГИНСК_РФЦ"
      },
      {
       "warehouse_id": 1020000381193000,
       "type": "SORTING_CENTER",
       "name": "МО_УСПЕНСКИЙ_КГТ"
      },
      {
       "warehouse_id": 1020000260822000,
       "type": "SORTING_CENTER",
       "name": "МО_УСПЕНСКИЙ_ХАБ"
      },
      {
       "warehouse_id": 1020001642405000,
       "type": "CROSS_DOCK",
       "name": "НОГИНСК_РФЦ_НЕГАБАРИТ_КРОССДОКИНГ"
      },
      {
       "warehouse_id": 1020001024045000,
       "type": "SORTING_CENTER",
       "name": "МО_НОГИНСК_2_ХАБ"
      },
      {
       "warehouse_id": 1020000759303000,
       "type": "CROSS_DOCK",
       "name": "НОГИНСК_РФЦ_КРОССДОКИНГ"
      },
      {
       "warehouse_id": 1020000409678000,
       "type": "ORDERS_RECEIVING_POINT",
       "name": "МО_ЩЕЛКОВО_АППЗ_1"
      },
      {
       "warehouse_id": 1020000272159000,
       "type": "SORTING_CENTER",
       "name": "МО_УСПЕНСКИЙ_ХАБ_Возвраты"
      }
     ]
    },
    {
     "warehouses": [
      {
       "warehouse_id": 23875337593000,
       "type": "SORTING_CENTER",
       "name": "МО_ПУШКИНО_КГТ_НОВЫЙ"
      },
      {
       "warehouse_id": 1020001816779000,
       "type": "SORTING_CENTER",
       "name": "МО_ТСЦ_БРАТОВЩИНА"
      },
      {
       "warehouse_id": 1020003227921000,
       "type": "SORTING_CENTER",
       "name": "МО_ПУШКИНО_1_ХАБ"
      },
      {
       "warehouse_id": 1020001067867000,
       "type": "SORTING_CENTER",
       "name": "МО_ПУШКИНО_2_КГТ"
      },
      {
       "warehouse_id": 21703968931000,
       "type": "SORTING_CENTER",
       "name": "СЦ_Королев"
      },
      {
       "warehouse_id": 23902289166000,
       "type": "FULL_FILLMENT",
       "name": "ПУШКИНО_2_РФЦ"
      },
      {
       "warehouse_id": 23913902713000,
       "type": "SORTING_CENTER",
       "name": "МО_ПУШКИНО_ФБС"
      },
      {
       "warehouse_id": 1020001093370000,
       "type": "ORDERS_RECEIVING_POINT",
       "name": "ПУШКИНО_АППЗ_2"
      },
      {
       "warehouse_id": 1020001046616000,
       "type": "SORTING_CENTER",
       "name": "СЦ_ПУШКИНО_4_ХАБ"
      },
      {
       "warehouse_id": 18842715502000,
       "type": "SORTING_CENTER",
       "name": "СЦ_КОРОЛЕВ_НОВЫЙ"
      },
      {
       "warehouse_id": 20547966537000,
       "type": "SORTING_CENTER",
       "name": "ТСЦ_Москва_Пушкино"
      },
      {
       "warehouse_id": 1020000084403000,
       "type": "SORTING_CENTER",
       "name": "МО_ПУШКИНО_2_ХАБ"
      },
      {
       "warehouse_id": 23843917228000,
       "type": "FULL_FILLMENT",
       "name": "ПУШКИНО_1_РФЦ"
      },
      {
       "warehouse_id": 1020000949825000,
       "type": "SORTING_CENTER",
       "name": "МО_ПУШКИНО_3_ХАБ"
      },
      {
       "warehouse_id": 23824223499000,
       "type": "SORTING_CENTER",
       "name": "МО_ПУШКИНО_ХАБ"
      },
      {
       "warehouse_id": 23863997956000,
       "type": "CROSS_DOCK",
       "name": "ПУШКИНО_1_РФЦ_Кроссдокинг"
      },
      {
       "warehouse_id": 23962899615000,
       "type": "ORDERS_RECEIVING_POINT",
       "name": "МО_ПУШКИНО_СППЗ_ПИСАРЕВСКИЙ"
      },
      {
       "warehouse_id": 1020000409478000,
       "type": "CROSS_DOCK",
       "name": "ПУШКИНО_2_РФЦ_Кроссдокинг"
      }
     ]
    }
   ],
   "id": 154,
   "name": "Москва, МО и Дальние регионы",
   "type": "OZON"
  },
  {
   "logistic_clusters": [
    {
     "warehouses": [
      {
       "warehouse_id": 1020002174929000,
       "type": "SORTING_CENTER",
       "name": "ВОЛГОГРАД_ХАБ_СУМСКАЯ"
      },
      {
       "warehouse_id": 1020000922313000,
       "type": "SORTING_CENTER",
       "name": "ВОЛГОГРАД_МРФЦ_КГТ"
      },
      {
       "warehouse_id": 1020000068635000,
       "type": "ORDERS_RECEIVING_POINT",
       "name": "СРЕДНЯЯ_АХТУБА_АППЗ_1"
      },
      {
       "warehouse_id": 1020000310035000,
       "type": "FULL_FILLMENT",
       "name": "ВОЛГОГРАД_МРФЦ"
      },
      {
       "warehouse_id": 23964003163000,
       "type": "ORDERS_RECEIVING_POINT",
       "name": "ВОЛЖСКИЙ_СППЗ_АКАДЕМИКА_КОРОЛЁВА"
      },
      {
       "warehouse_id": 23963084037000,
       "type": "ORDERS_RECEIVING_POINT",
       "name": "ВОЛГОГРАД_СППЗ_8 ВОЗДУШНОЙ АРМИИ"
      },
      {
       "warehouse_id": 21704864692000,
       "type": "SORTING_CENTER",
       "name": "СЦ_Волгоград"
      },
      {
       "warehouse_id": 1020000938939000,
       "type": "SORTING_CENTER",
       "name": "ВОЛГОГРАД_ХАБ_ПРЖЕВАЛЬСКОГО_КГТ"
      },
      {
       "warehouse_id": 1020000310098000,
       "type": "CROSS_DOCK",
       "name": "ВОЛГОГРАД_МРФЦ_КРОССДОКИНГ"
      },
      {
       "warehouse_id": 20547966756000,
       "type": "SORTING_CENTER",
       "name": "ВОЛГОГРАД_ХАБ_ПРЖЕВАЛЬСКОГО"
      }
     ]
    },
    {
     "warehouses": [
      {
       "warehouse_id": 1020001853897000,
       "type": "FULL_FILLMENT",
       "name": "САРАТОВ_РФЦ"
      },
      {
       "warehouse_id": 1020003227869000,
       "type": "SORTING_CENTER",
       "name": "САРАТОВ_ХАБ_ЕЛШАНСКИЙ_Блок_2"
      },
      {
       "warehouse_id": 1020000984914000,
       "type": "SORTING_CENTER",
       "name": "СЦ_САРАТОВ_ХУТОР_Возвраты"
      },
      {
       "warehouse_id": 1020002459869000,
       "type": "SORTING_CENTER",
       "name": "САРАТОВ_ХАБ_ЕЛШАНСКИЙ"
      },
      {
       "warehouse_id": 22219745078000,
       "type": "SORTING_CENTER",
       "name": "СЦ_САРАТОВ_ПРОМЫШЛЕННАЯ"
      },
      {
       "warehouse_id": 1020001853933000,
       "type": "CROSS_DOCK",
       "name": "САРАТОВ_РФЦ_КРОССДОКИНГ"
      },
      {
       "warehouse_id": 1020002460098000,
       "type": "SORTING_CENTER",
       "name": "СЦ_ФФ_САРАТОВ_ХАБ_ЕЛШАНСКИЙ_ВОЗВРАТЫ"
      },
      {
       "warehouse_id": 1020001471062000,
       "type": "SORTING_CENTER",
       "name": "САРАТОВ_ХАБ_ХУТОР_КГТ"
      },
      {
       "warehouse_id": 1020002460090000,
       "type": "SORTING_CENTER",
       "name": "САРАТОВ_ХАБ_ЕЛШАНСКИЙ_КГТ"
      },
      {
       "warehouse_id": 1020000843936000,
       "type": "SORTING_CENTER",
       "name": "САРАТОВ_ХАБ_ХУТОР"
      }
     ]
    }
   ],
   "id": 171,
   "name": "Саратов",
   "type": "OZON"
  },
  {
   "logistic_clusters": [
    {
     "warehouses": [
      {
       "warehouse_id": 20547967177000,
       "type": "SORTING_CENTER",
       "name": "Пермь_КГТ"
      },
      {
       "warehouse_id": 1020003227887000,
       "type": "SORTING_CENTER",
       "name": "ПЕРМЬ_ХАБ_КУЛТАЕВО_БЛОК_2"
      },
      {
       "warehouse_id": 23967301431000,
       "type": "ORDERS_RECEIVING_POINT",
       "name": "ПЕРМЬ_СППЗ_СОВЕТСКАЯ"
      },
      {
       "warehouse_id": 1020002581291000,
       "type": "SORTING_CENTER",
       "name": "ПЕРМЬ_ХАБ_КУЛТАЕВО"
      },
      {
       "warehouse_id": 1020001853819000,
       "type": "FULL_FILLMENT",
       "name": "ПЕРМЬ_РФЦ"
      },
      {
       "warehouse_id": 1020002581541000,
       "type": "SORTING_CENTER",
       "name": "ПЕРМЬ_ХАБ_КУЛТАЕВО_КГТ"
      },
      {
       "warehouse_id": 1020002590474000,
       "type": "SORTING_CENTER",
       "name": "СЦ_ФФ_ПЕРМЬ_КУЛТАЕВО_ВОЗВРАТЫ"
      },
      {
       "warehouse_id": 1020001853873000,
       "type": "CROSS_DOCK",
       "name": "ПЕРМЬ_РФЦ_КРОССДОКИНГ"
      },
      {
       "warehouse_id": 23973761265000,
       "type": "ORDERS_RECEIVING_POINT",
       "name": "ПЕРМЬ_АППЗ_2"
      },
      {
       "warehouse_id": 16184778465000,
       "type": "SORTING_CENTER",
       "name": "СЦ_ПЕРМЬ_НОВЫЙ"
      },
      {
       "warehouse_id": 20547966807000,
       "type": "SORTING_CENTER",
       "name": "СЦ_ПЕРМЬ_ПРОМЫШЛЕННАЯ"
      },
      {
       "warehouse_id": 20547966941000,
       "type": "SORTING_CENTER",
       "name": "ПЕРМЬ_ХАБ_АЭЛИТА"
      },
      {
       "warehouse_id": 21704694055000,
       "type": "SORTING_CENTER",
       "name": "СЦ_Пермь"
      }
     ]
    },
    {
     "warehouses": [
      {
       "warehouse_id": 1020002119057000,
       "type": "SORTING_CENTER",
       "name": "СЦ_ЕКАТЕРИНБУРГ_ПЫШМА_Возвраты"
      },
      {
       "warehouse_id": 20547966706000,
       "type": "SORTING_CENTER",
       "name": "СЦ_ЕКАТЕРИНБУРГ_СЕВЕР"
      },
      {
       "warehouse_id": 23967619320000,
       "type": "ORDERS_RECEIVING_POINT",
       "name": "ЕКАТЕРИНБУРГ_СППЗ_МИЧУРИНА"
      },
      {
       "warehouse_id": 1020000119938000,
       "type": "ORDERS_RECEIVING_POINT",
       "name": "ПЕРВОУРАЛЬСК_АППЗ_1"
      },
      {
       "warehouse_id": 1020002118674000,
       "type": "SORTING_CENTER",
       "name": "ЕКАТЕРИНБУРГ_ХАБ_ПЫШМА"
      },
      {
       "warehouse_id": 23967557462000,
       "type": "ORDERS_RECEIVING_POINT",
       "name": "ЕКАТЕРИНБУРГ_СППЗ_ЛУНАЧАРСКОГО_21"
      },
      {
       "warehouse_id": 1020002474300000,
       "type": "FULL_FILLMENT",
       "name": "ЕКАТЕРИНБУРГ_ПЫШМА_РФЦ_НЕГАБАРИТ"
      },
      {
       "warehouse_id": 1020001041939000,
       "type": "ORDERS_RECEIVING_POINT",
       "name": "ЕКАТЕРИНБУРГ_АППЗ_4"
      },
      {
       "warehouse_id": 1020002474369000,
       "type": "CROSS_DOCK",
       "name": "ЕКАТЕРИНБУРГ_ПЫШМА_РФЦ_НЕГАБАРИТ_КРОССДОКИНГ"
      },
      {
       "warehouse_id": 23967336532000,
       "type": "ORDERS_RECEIVING_POINT",
       "name": "ЕКАТЕРИНБУРГ_СППЗ_МАШИНОСТРОИТЕЛЕЙ"
      },
      {
       "warehouse_id": 20547966639000,
       "type": "SORTING_CENTER",
       "name": "СЦ_ЕКАТЕРИНБУРГ_САДОВЫЙ"
      },
      {
       "warehouse_id": 20547966647000,
       "type": "SORTING_CENTER",
       "name": "ТСЦ_ЕКБ_САДОВЫЙ"
      }
     ]
    },
    {
     "warehouses": [
      {
       "warehouse_id": 1020001947018000,
       "type": "SORTING_CENTER",
       "name": "ЕКАТЕРИНБУРГ_ХАБ_ЧЕРНЯХОВСКОГО_Блок_1"
      },
      {
       "warehouse_id": 1020000993827000,
       "type": "SORTING_CENTER",
       "name": "ЕКАТЕРИНБУРГ_ХАБ_АЭРОПОРТ_Блок_1"
      },
      {
       "warehouse_id": 1020001008715000,
       "type": "SORTING_CENTER",
       "name": "ЕКАТЕРИНБУРГ_ХАБ_АЭРОПОРТ_БЛОК_2"
      },
      {
       "warehouse_id": 18044570445000,
       "type": "FULL_FILLMENT",
       "name": "Екатеринбург_РФЦ_НОВЫЙ"
      },
      {
       "warehouse_id": 20547967047000,
       "type": "SORTING_CENTER",
       "name": "ЕКАТЕРИНБУРГ_КГТ"
      },
      {
       "warehouse_id": 1020003087340000,
       "type": "SORTING_CENTER",
       "name": "ЕКАТЕРИНБУРГ_ХАБ_АПЕЛЬСИН"
      },
      {
       "warehouse_id": 1020001135261000,
       "type": "CROSS_DOCK",
       "name": "ЕКАТЕРИНБУРГ_РФЦ_НЕГАБАРИТ_КРОССДОКИНГ"
      },
      {
       "warehouse_id": 1020001884720000,
       "type": "CROSS_DOCK",
       "name": "ЕКАТЕРИНБУРГ_ЛЦ_КРОССДОКИНГ"
      },
      {
       "warehouse_id": 1020001008734000,
       "type": "SORTING_CENTER",
       "name": "ЕКАТЕРИНБУРГ_ХАБ_АЭРОПОРТ_БЛОК_3"
      },
      {
       "warehouse_id": 1020002307098000,
       "type": "CROSS_DOCK",
       "name": "ЕКАТЕРИНБУРГ_ЧЕРНЯХОВСКОГО_Кроссдокинг"
      },
      {
       "warehouse_id": 1020001351115000,
       "type": "FULL_FILLMENT",
       "name": "ЕКАТЕРИНБУРГ_РФЦ_ЮВЕЛИРНЫЙ"
      },
      {
       "warehouse_id": 1020003227864000,
       "type": "SORTING_CENTER",
       "name": "СЦ_ЕКАТЕРИНБУРГ_АПЕЛЬСИН_Возвраты"
      },
      {
       "warehouse_id": 1020005000266315,
       "type": "ORDERS_RECEIVING_POINT",
       "name": "ЕКАТЕРИНБУРГ_АППЗ_5"
      },
      {
       "warehouse_id": 1020001023054000,
       "type": "SORTING_CENTER",
       "name": "ЕКАТЕРИНБУРГ_ХАБ_АЭРОПОРТ_БЛОК_4"
      },
      {
       "warehouse_id": 20547966879000,
       "type": "SORTING_CENTER",
       "name": "СЦ_ЕКАТЕРИНБУРГ_ЮГ"
      },
      {
       "warehouse_id": 1020002222108000,
       "type": "SORTING_CENTER",
       "name": "ЕКАТЕРИНБУРГ_ХАБ_АЭРОПОРТ_КГТ"
      },
      {
       "warehouse_id": 23967625865000,
       "type": "ORDERS_RECEIVING_POINT",
       "name": "ЕКАТЕРИНБУРГ_СППЗ_ШАУМЯНА"
      },
      {
       "warehouse_id": 1020001023562000,
       "type": "SORTING_CENTER",
       "name": "СЦ_ЕКАТЕРИНБУРГ_АЭРОПОРТ_Возвраты"
      },
      {
       "warehouse_id": 1020001029577000,
       "type": "SORTING_CENTER",
       "name": "ЕКАТЕРИНБУРГ_ДО_Кольцово"
      },
      {
       "warehouse_id": 23888613613000,
       "type": "ORDERS_RECEIVING_POINT",
       "name": "ЕКАТЕРИНБУРГ_АППЗ_2"
      },
      {
       "warehouse_id": 21957500760000,
       "type": "CROSS_DOCK",
       "name": "ЕКАТЕРИНБУРГ_РФЦ_Кроссдокинг"
      },
      {
       "warehouse_id": 1020000185234000,
       "type": "SORTING_CENTER",
       "name": "ЕКАТЕРИНБУРГ_ТСЦ_КОЛЬЦОВО"
      },
      {
       "warehouse_id": 1020001135128000,
       "type": "FULL_FILLMENT",
       "name": "ЕКАТЕРИНБУРГ_РФЦ_НЕГАБАРИТ"
      },
      {
       "warehouse_id": 20547967114000,
       "type": "SORTING_CENTER",
       "name": "СЦ_ЕКАТЕРИНБУРГ_КОЛЬЦОВО"
      }
     ]
    }
   ],
   "id": 3,
   "name": "Урал",
   "type": "OZON"
  },
  {
   "logistic_clusters": [
    {
     "warehouses": [
      {
       "warehouse_id": 1020002042107000,
       "type": "SORTING_CENTER",
       "name": "ХАБАРОВСК_ХАБ_ИНДУСТРИАЛЬНАЯ"
      },
      {
       "warehouse_id": 20547966481000,
       "type": "SORTING_CENTER",
       "name": "СЦ_ХАБАРОВСК_ПУТЕВАЯ"
      },
      {
       "warehouse_id": 1020000890284000,
       "type": "CROSS_DOCK",
       "name": "ХАБАРОВСК_2_РФЦ_КРОССДОКИНГ"
      },
      {
       "warehouse_id": 1020003227925000,
       "type": "SORTING_CENTER",
       "name": "ХАБАРОВСК_ХАБ_РАКИТНОЕ"
      },
      {
       "warehouse_id": 1020001008722000,
       "type": "SORTING_CENTER",
       "name": "ХАБАРОВСК_КГТ"
      },
      {
       "warehouse_id": 1020000811274000,
       "type": "SORTING_CENTER",
       "name": "ХАБАРОВСК_ХАБ_СУВОРОВА"
      },
      {
       "warehouse_id": 21225173751000,
       "type": "FULL_FILLMENT",
       "name": "Хабаровск_РФЦ"
      },
      {
       "warehouse_id": 1020000890160000,
       "type": "FULL_FILLMENT",
       "name": "ХАБАРОВСК_2_РФЦ"
      },
      {
       "warehouse_id": 21957712892000,
       "type": "CROSS_DOCK",
       "name": "ХАБАРОВСК_РФЦ_Кроссдокинг"
      }
     ]
    }
   ],
   "id": 7,
   "name": "Дальний Восток",
   "type": "OZON"
  },
  {
   "logistic_clusters": [
    {
     "warehouses": [
      {
       "warehouse_id": 1020003227802000,
       "type": "SORTING_CENTER",
       "name": "КРАСНОЯРСК_СОЛОНЦЫ_КГТ"
      },
      {
       "warehouse_id": 1020002690706000,
       "type": "FULL_FILLMENT",
       "name": "КРАСНОЯРСК_СТАРЦЕВО_РФЦ"
      },
      {
       "warehouse_id": 1020002690770000,
       "type": "CROSS_DOCK",
       "name": "КРАСНОЯРСК_СТАРЦЕВО_РФЦ_КРОССДОКИНГ"
      },
      {
       "warehouse_id": 1020002365266000,
       "type": "ORDERS_RECEIVING_POINT",
       "name": "КРАСНОЯРСК_АППЗ_1"
      },
      {
       "warehouse_id": 20547966669000,
       "type": "SORTING_CENTER",
       "name": "СЦ_КРАСНОЯРСК_СЕВЕРНОЕ"
      },
      {
       "warehouse_id": 1020000808758000,
       "type": "SORTING_CENTER",
       "name": "КРАСНОЯРСК_ХАБ_СОЛОНЦЫ"
      }
     ]
    },
    {
     "warehouses": [
      {
       "warehouse_id": 22296628035000,
       "type": "FULL_FILLMENT",
       "name": "КРАСНОЯРСК_МРФЦ"
      },
      {
       "warehouse_id": 1020002915070000,
       "type": "SORTING_CENTER",
       "name": "КРАСНОЯРСК_ХАБ_КРАЗОВСКАЯ_БЛОК_2"
      },
      {
       "warehouse_id": 1020002910376000,
       "type": "SORTING_CENTER",
       "name": "КРАСНОЯРСК_ХАБ_КРАЗОВСКАЯ_БЛОК_1 "
      },
      {
       "warehouse_id": 1020001041555000,
       "type": "SORTING_CENTER",
       "name": "КРАСНОЯРСК_КГТ"
      },
      {
       "warehouse_id": 21705001607000,
       "type": "CROSS_DOCK",
       "name": "Красноярск_МРФЦ_Кроссдокинг"
      }
     ]
    }
   ],
   "id": 155,
   "name": "Красноярск",
   "type": "OZON"
  },
  {
   "logistic_clusters": [
    {
     "warehouses": [
      {
       "warehouse_id": 17717042026000,
       "type": "FULL_FILLMENT",
       "name": "Ростов_на_Дону_РФЦ"
      },
      {
       "warehouse_id": 1020003126172000,
       "type": "SORTING_CENTER",
       "name": "СЦ_РОСТОВ-НД_ЛОГОПАРК_Возвраты_3.0"
      },
      {
       "warehouse_id": 20547967143000,
       "type": "SORTING_CENTER",
       "name": "РОСТОВ_НД_ХАБ_ЛОГОПАРК"
      },
      {
       "warehouse_id": 20547967152000,
       "type": "SORTING_CENTER",
       "name": "РОСТОВ-НД_ХАБ_ЛОГОПАРК_КГТ"
      },
      {
       "warehouse_id": 1020003142300000,
       "type": "SORTING_CENTER",
       "name": "РОСТОВ-НД_ХАБ_ЛОГОПАРК_БЛОК_1"
      },
      {
       "warehouse_id": 1020003174455000,
       "type": "SORTING_CENTER",
       "name": "РОСТОВ-НД_ХАБ_ЛОГОПАРК_БЛОК_2"
      },
      {
       "warehouse_id": 1020003227762000,
       "type": "SORTING_CENTER",
       "name": "СЦ_Ростов-НД_Блок_Возвраты"
      },
      {
       "warehouse_id": 20547966424000,
       "type": "SORTING_CENTER",
       "name": "ТСЦ_РОСТОВ_НА_ДОНУ"
      },
      {
       "warehouse_id": 21957766623000,
       "type": "CROSS_DOCK",
       "name": "РОСТОВ-НА-ДОНУ_РФЦ_Кроссдокинг"
      },
      {
       "warehouse_id": 1020001828818000,
       "type": "SORTING_CENTER",
       "name": "СЦ_ЗАПАДНЫЙ_Кроссдок"
      },
      {
       "warehouse_id": 23964011546000,
       "type": "ORDERS_RECEIVING_POINT",
       "name": "РОСТОВ-НА-ДОНУ_СППЗ_2-Я КРАСНОДАРСКАЯ"
      },
      {
       "warehouse_id": 23966549743000,
       "type": "ORDERS_RECEIVING_POINT",
       "name": "РОСТОВ-НА-ДОНУ_СППЗ_ЛЕНИНА_90/1"
      }
     ]
    },
    {
     "warehouses": [
      {
       "warehouse_id": 20547966415000,
       "type": "SORTING_CENTER",
       "name": "СЦ_РОСТОВ_НА_ДОНУ"
      },
      {
       "warehouse_id": 1020003111357000,
       "type": "CROSS_DOCK",
       "name": "РОСТОВ_НА_ДОНУ_2_РФЦ_КРОССДОКИНГ"
      },
      {
       "warehouse_id": 16159343478000,
       "type": "SORTING_CENTER",
       "name": "РОСТОВ-НД_ХАБ_ОРСКАЯ"
      },
      {
       "warehouse_id": 1020000247818000,
       "type": "ORDERS_RECEIVING_POINT",
       "name": "РОСТОВ-НА-ДОНУ_АППЗ_1"
      },
      {
       "warehouse_id": 1020000729699000,
       "type": "SORTING_CENTER",
       "name": "РОСТОВ_НД_ХАБ_НОВОЧЕРКАССКОЕ"
      },
      {
       "warehouse_id": 1020003110535000,
       "type": "FULL_FILLMENT",
       "name": "РОСТОВ_НА_ДОНУ_2_РФЦ"
      },
      {
       "warehouse_id": 1020005000412845,
       "type": "ORDERS_RECEIVING_POINT",
       "name": "РОСТОВ-НА-ДОНУ_АППЗ_2"
      },
      {
       "warehouse_id": 1020001128942000,
       "type": "SORTING_CENTER",
       "name": "РОСТОВ_НД_ХАБ_АКСАЙСКАЯ"
      },
      {
       "warehouse_id": 23966604892000,
       "type": "ORDERS_RECEIVING_POINT",
       "name": "РОСТОВ-НА-ДОНУ_СППЗ_ЦИТРУСОВАЯ_36/9"
      },
      {
       "warehouse_id": 1020000290960000,
       "type": "ORDERS_RECEIVING_POINT",
       "name": "НОВОЧЕРКАССК_46"
      },
      {
       "warehouse_id": 1020001128993000,
       "type": "SORTING_CENTER",
       "name": "СЦ_РОСТОВ-НД_АКСАЙСКАЯ_Возвраты"
      }
     ]
    },
    {
     "warehouses": [
      {
       "warehouse_id": 1020001547284000,
       "type": "SORTING_CENTER",
       "name": "НОВОРОССИЙСК_ХАБ_ЛИНЕЙНЫЙ"
      },
      {
       "warehouse_id": 1020001626990000,
       "type": "SORTING_CENTER",
       "name": "НОВОРОССИЙСК_ХАБ_ЛИНЕЙНЫЙ_КГТ"
      },
      {
       "warehouse_id": 23839618566000,
       "type": "CROSS_DOCK",
       "name": "НОВОРОССИЙСК_МРФЦ_Кроссдокинг"
      },
      {
       "warehouse_id": 20547966609000,
       "type": "SORTING_CENTER",
       "name": "СЦ_НОВОРОССИЙСК_РАЕВСКАЯ"
      },
      {
       "warehouse_id": 23601604393000,
       "type": "FULL_FILLMENT",
       "name": "НОВОРОССИЙСК_МРФЦ"
      },
      {
       "warehouse_id": 1020000929222000,
       "type": "SORTING_CENTER",
       "name": "НОВОРОССИЙСК_МРФЦ_КГТ"
      }
     ]
    },
    {
     "warehouses": [
      {
       "warehouse_id": 17746132092000,
       "type": "SORTING_CENTER",
       "name": "СЦ_ТИМАШЕВСК"
      },
      {
       "warehouse_id": 1020003142349000,
       "type": "SORTING_CENTER",
       "name": "ЮЖНЫЙ_ОБХОД_ХАБ_БЛОК_1"
      },
      {
       "warehouse_id": 1020003227913000,
       "type": "DISTRIBUTION_CENTER",
       "name": "РЦ_КРАСНОДАР_ШАПСУГСКОЕ"
      },
      {
       "warehouse_id": 1020001210060000,
       "type": "SORTING_CENTER",
       "name": "КРАСНОДАР_ХАБ_ПОБЕДИТЕЛЬ"
      },
      {
       "warehouse_id": 8371492709000,
       "type": "SORTING_CENTER",
       "name": "КРАСНОДАР_РФЦ"
      },
      {
       "warehouse_id": 1020001828821000,
       "type": "SORTING_CENTER",
       "name": "СЦ_ МЕДИА_ПЛАЗА_Кроссдок"
      },
      {
       "warehouse_id": 21963467501000,
       "type": "CROSS_DOCK",
       "name": "СЦ_КРАСНОДАР_Кроссдокинг"
      },
      {
       "warehouse_id": 1020000948878000,
       "type": "SORTING_CENTER",
       "name": "АДЫГЕЙСК_РФЦ_КГТ"
      },
      {
       "warehouse_id": 1020001513671000,
       "type": "FULL_FILLMENT",
       "name": "ЮЖНЫЙ_ОБХОД_РФЦ_НЕГАБАРИТ"
      },
      {
       "warehouse_id": 1020003111808000,
       "type": "CROSS_DOCK",
       "name": "КРАСНОДАР_2_РФЦ_КРОССДОКИНГ"
      },
      {
       "warehouse_id": 1020001513761000,
       "type": "CROSS_DOCK",
       "name": "ЮЖНЫЙ_ОБХОД_РФЦ_НЕГАБАРИТ_КРОССДОКИНГ"
      },
      {
       "warehouse_id": 1020003227761000,
       "type": "SORTING_CENTER",
       "name": "СЦ_Южный_Обход_Возвраты"
      },
      {
       "warehouse_id": 1020000834743000,
       "type": "SORTING_CENTER",
       "name": "КРАСНОДАР_ХАБ_ОСОКИНА"
      },
      {
       "warehouse_id": 1020001056888000,
       "type": "SORTING_CENTER",
       "name": "КРАСНОДАР_ХАБ_ДРУЖЕЛЮБНЫЙ"
      },
      {
       "warehouse_id": 1020000761047000,
       "type": "SORTING_CENTER",
       "name": "КРАСНОДАР_ХАБ_ФБС"
      },
      {
       "warehouse_id": 1020005000334560,
       "type": "ORDERS_RECEIVING_POINT",
       "name": "КРАСНОДАР_АППЗ_3"
      },
      {
       "warehouse_id": 1020000974583000,
       "type": "FULL_FILLMENT",
       "name": "АДЫГЕЙСК_РФЦ_ЮВЕЛИРНЫЙ"
      },
      {
       "warehouse_id": 1020003174459000,
       "type": "SORTING_CENTER",
       "name": "ЮЖНЫЙ_ОБХОД_ХАБ_БЛОК_2"
      },
      {
       "warehouse_id": 20547967121000,
       "type": "SORTING_CENTER",
       "name": "КРАСНОДАР_РФЦ_КГТ"
      },
      {
       "warehouse_id": 1020001211383000,
       "type": "SORTING_CENTER",
       "name": "СЦ_Краснодар_Победитель_Возвраты"
      },
      {
       "warehouse_id": 1020001041814000,
       "type": "SORTING_CENTER",
       "name": "КРАСНОДАР_ХАБ_ОКТЯБРЬСКИЙ"
      },
      {
       "warehouse_id": 1020003111522000,
       "type": "FULL_FILLMENT",
       "name": "КРАСНОДАР_2_РФЦ"
      },
      {
       "warehouse_id": 1020001787154000,
       "type": "SORTING_CENTER",
       "name": "КУБАНЬ_ТСЦ"
      },
      {
       "warehouse_id": 23966490055000,
       "type": "ORDERS_RECEIVING_POINT",
       "name": "КРАСНОДАР_СППЗ_УРАЛЬСКАЯ"
      },
      {
       "warehouse_id": 1020000267736000,
       "type": "FULL_FILLMENT",
       "name": "АДЫГЕЙСК_РФЦ"
      },
      {
       "warehouse_id": 1020000268712000,
       "type": "CROSS_DOCK",
       "name": "АДЫГЕЙСК_РФЦ_КРОССДОКИНГ"
      }
     ]
    }
   ],
   "id": 6,
   "name": "Юг",
   "type": "OZON"
  },
  {
   "logistic_clusters": [
    {
     "warehouses": [
      {
       "warehouse_id": 1020002007577000,
       "type": "CROSS_DOCK",
       "name": "ТЮМЕНЬ_РФЦ_КРОССДОКИНГ"
      },
      {
       "warehouse_id": 1020000952580000,
       "type": "SORTING_CENTER",
       "name": "СЦ_ТЮМЕНЬ_ТОБОЛЬСКОГО_Возвраты"
      },
      {
       "warehouse_id": 1020003227894000,
       "type": "SORTING_CENTER",
       "name": "ТЮМЕНЬ_ХАБ_УСПЕНКА"
      },
      {
       "warehouse_id": 1020002007530000,
       "type": "FULL_FILLMENT",
       "name": "ТЮМЕНЬ_РФЦ"
      },
      {
       "warehouse_id": 1020000866625000,
       "type": "SORTING_CENTER",
       "name": "ТЮМЕНЬ_ХАБ_ТОБОЛЬСКОГО"
      }
     ]
    }
   ],
   "id": 144,
   "name": "Тюмень",
   "type": "OZON"
  },
  {
   "logistic_clusters": [
    {
     "warehouses": [
      {
       "warehouse_id": 1020001836200000,
       "type": "FULL_FILLMENT",
       "name": "ОРЕНБУРГ_РФЦ"
      },
      {
       "warehouse_id": 1020002170692000,
       "type": "SORTING_CENTER",
       "name": "ОРЕНБУРГ_ХАБ_ТИХАЯ"
      },
      {
       "warehouse_id": 1020002170824000,
       "type": "SORTING_CENTER",
       "name": "СЦ_ОРЕНБУРГ_ХАБ_ТИХАЯ_ВОЗВРАТЫ"
      },
      {
       "warehouse_id": 1020003169457000,
       "type": "SORTING_CENTER",
       "name": "ОРЕНБУРГ_ХАБ_ТИХАЯ_БЛОК_2"
      },
      {
       "warehouse_id": 20547966504000,
       "type": "SORTING_CENTER",
       "name": "ОРЕНБУРГ_ХАБ_БАЗОВАЯ"
      },
      {
       "warehouse_id": 1020000969487000,
       "type": "SORTING_CENTER",
       "name": "ОРЕНБУРГ_ХАБ_БАЗОВАЯ_КГТ"
      },
      {
       "warehouse_id": 1020001836227000,
       "type": "CROSS_DOCK",
       "name": "ОРЕНБУРГ_РФЦ_КРОССДОКИНГ"
      },
      {
       "warehouse_id": 1020002170772000,
       "type": "SORTING_CENTER",
       "name": "ОРЕНБУРГ_ХАБ_ТИХАЯ_КГТ"
      }
     ]
    },
    {
     "warehouses": [
      {
       "warehouse_id": 1020001836368000,
       "type": "CROSS_DOCK",
       "name": "УФА_РФЦ_КРОССДОКИНГ"
      },
      {
       "warehouse_id": 1020000985080000,
       "type": "SORTING_CENTER",
       "name": "ОКТЯБРЬСКИЙ_ХАБ_КОСМОНАВТОВ"
      },
      {
       "warehouse_id": 1020000986612000,
       "type": "SORTING_CENTER",
       "name": "СЦ_ОКТЯБРЬСКИЙ_КОСМОНАВТОВ_Возвраты"
      },
      {
       "warehouse_id": 1020001836298000,
       "type": "FULL_FILLMENT",
       "name": "УФА_РФЦ"
      },
      {
       "warehouse_id": 1020001639851000,
       "type": "SORTING_CENTER",
       "name": "ОКТЯБРЬСКИЙ_КГТ"
      },
      {
       "warehouse_id": 1020002389153000,
       "type": "ORDERS_RECEIVING_POINT",
       "name": "НЕФТЕКАМСК_АППЗ_1"
      }
     ]
    }
   ],
   "id": 148,
   "name": "Уфа",
   "type": "OZON"
  },
  {
   "logistic_clusters": [
    {
     "warehouses": [
      {
       "warehouse_id": 1020001351192000,
       "type": "FULL_FILLMENT",
       "name": "САМАРА_РФЦ_ЮВЕЛИРНЫЙ"
      },
      {
       "warehouse_id": 23268782971000,
       "type": "CROSS_DOCK",
       "name": "САМАРА_РФЦ_Кроссдокинг"
      },
      {
       "warehouse_id": 1020000833345000,
       "type": "SORTING_CENTER",
       "name": "САМАРА_ХАБ_ИНДУСТРИАЛЬНАЯ"
      },
      {
       "warehouse_id": 1020001443623000,
       "type": "FULL_FILLMENT",
       "name": "САМАРА_РФЦ_НЕГАБАРИТ"
      },
      {
       "warehouse_id": 1020001526953000,
       "type": "SORTING_CENTER",
       "name": "ЧАПАЕВСК_ТСЦ"
      },
      {
       "warehouse_id": 1020003227860000,
       "type": "SORTING_CENTER",
       "name": "САМАРА_ХАБ_КИЗИЛОВА_Блок_1"
      },
      {
       "warehouse_id": 1020003227861000,
       "type": "SORTING_CENTER",
       "name": "САМАРА_ХАБ_КИЗИЛОВА_Блок_2"
      },
      {
       "warehouse_id": 20547966400000,
       "type": "SORTING_CENTER",
       "name": "ТСЦ_САМАРА"
      },
      {
       "warehouse_id": 1020001443666000,
       "type": "CROSS_DOCK",
       "name": "САМАРА_РФЦ_НЕГАБАРИТ_КРОССДОКИНГ"
      },
      {
       "warehouse_id": 20547966388000,
       "type": "SORTING_CENTER",
       "name": "САМАРА_ХАБ_ПРЕОБРАЖЕНКА"
      },
      {
       "warehouse_id": 23678093223000,
       "type": "SORTING_CENTER",
       "name": "САМАРА_ХАБ_КГТ"
      },
      {
       "warehouse_id": 1020000987771000,
       "type": "SORTING_CENTER",
       "name": "СЦ_САМАРА_ИНДУСТРИАЛЬНАЯ_Возвраты"
      },
      {
       "warehouse_id": 1020001668512000,
       "type": "SORTING_CENTER",
       "name": "САМАРА_ЮЖНАЯ_ТСЦ"
      },
      {
       "warehouse_id": 23128509046000,
       "type": "FULL_FILLMENT",
       "name": "САМАРА_РФЦ"
      }
     ]
    }
   ],
   "id": 150,
   "name": "Самара",
   "type": "OZON"
  },
  {
   "logistic_clusters": [
    {
     "warehouses": [
      {
       "warehouse_id": 1020002162305000,
       "type": "SORTING_CENTER",
       "name": "ГРОЗНЫЙ_ХАБ"
      },
      {
       "warehouse_id": 1020000851710000,
       "type": "SORTING_CENTER",
       "name": "МАХАЧКАЛА_ХАБ_3PL"
      },
      {
       "warehouse_id": 1020003112090000,
       "type": "CROSS_DOCK",
       "name": "МАХАЧКАЛА_РФЦ_КРОССДОКИНГ"
      },
      {
       "warehouse_id": 1020002162504000,
       "type": "SORTING_CENTER",
       "name": "СЦ_Грозный_Хаб_Возвраты"
      },
      {
       "warehouse_id": 1020003220103000,
       "type": "SORTING_CENTER",
       "name": "МАХАЧКАЛА_ХАБ_ЗАВОДСКАЯ"
      },
      {
       "warehouse_id": 1020003111941000,
       "type": "FULL_FILLMENT",
       "name": "МАХАЧКАЛА_РФЦ"
      },
      {
       "warehouse_id": 1020003227750000,
       "type": "SORTING_CENTER",
       "name": "СЦ_Махачкала_Заводская_Возвраты"
      },
      {
       "warehouse_id": 1020002478583000,
       "type": "SORTING_CENTER",
       "name": "ГРОЗНЫЙ_ХАБ_КГТ"
      }
     ]
    },
    {
     "warehouses": [
      {
       "warehouse_id": 1020000950023000,
       "type": "SORTING_CENTER",
       "name": "СЦ_Ставрополь_Кулакова_Возвраты"
      },
      {
       "warehouse_id": 1020002495382000,
       "type": "SORTING_CENTER",
       "name": "НЕВИННОМЫССК_ХАБ"
      },
      {
       "warehouse_id": 1020002495388000,
       "type": "SORTING_CENTER",
       "name": "СЦ_Невинномысск_Возвраты"
      },
      {
       "warehouse_id": 16187533603000,
       "type": "SORTING_CENTER",
       "name": "СЦ_СТАВРОПОЛЬ"
      },
      {
       "warehouse_id": 1020000949962000,
       "type": "SORTING_CENTER",
       "name": "СТАВРОПОЛЬ_ХАБ_КУЛАКОВА"
      },
      {
       "warehouse_id": 1020001351249000,
       "type": "CROSS_DOCK",
       "name": "НЕВИННОМЫССК_РФЦ_КРОССДОКИНГ"
      },
      {
       "warehouse_id": 1020002220254000,
       "type": "ORDERS_RECEIVING_POINT",
       "name": "СТАВРОПОЛЬ_АППЗ_1"
      },
      {
       "warehouse_id": 1020000969743000,
       "type": "SORTING_CENTER",
       "name": "СТАВРОПОЛЬ_ХАБ_РАКИТНАЯ_КГТ"
      },
      {
       "warehouse_id": 1020002702559000,
       "type": "ORDERS_RECEIVING_POINT",
       "name": "СТАВРОПОЛЬ_АППЗ_2"
      },
      {
       "warehouse_id": 1020001351243000,
       "type": "FULL_FILLMENT",
       "name": "НЕВИННОМЫССК_РФЦ"
      },
      {
       "warehouse_id": 1020002541543000,
       "type": "SORTING_CENTER",
       "name": "НЕВИННОМЫССК_ХАБ_КГТ"
      },
      {
       "warehouse_id": 20547967105000,
       "type": "SORTING_CENTER",
       "name": "СТАВРОПОЛЬ_ХАБ_РАКИТНАЯ"
      }
     ]
    }
   ],
   "id": 153,
   "name": "Кавказ",
   "type": "OZON"
  },
  {
   "logistic_clusters": [
    {
     "warehouses": [
      {
       "warehouse_id": 1020000974650000,
       "type": "FULL_FILLMENT",
       "name": "СПБ_БУГРЫ_РФЦ_ЮВЕЛИРНЫЙ"
      },
      {
       "warehouse_id": 20547966787000,
       "type": "SORTING_CENTER",
       "name": "СЦ_СПБ_Юкки"
      },
      {
       "warehouse_id": 1020001478784000,
       "type": "SORTING_CENTER",
       "name": "СПБ_МИНИ_ТСЦ_ПАРНАС"
      },
      {
       "warehouse_id": 1020003052910000,
       "type": "DISTRIBUTION_CENTER",
       "name": "РЦ_БУГРЫ_ШОССЕЙНАЯ"
      },
      {
       "warehouse_id": 1020000843282000,
       "type": "SORTING_CENTER",
       "name": "СПБ_ХАБ_ПАРНАС_БЛОК_2"
      },
      {
       "warehouse_id": 1020000843285000,
       "type": "SORTING_CENTER",
       "name": "СПБ_ХАБ_ПАРНАС_БЛОК_4"
      },
      {
       "warehouse_id": 1020000811573000,
       "type": "SORTING_CENTER",
       "name": "СПБ_ХАБ_ПАРНАС_БЛОК_1"
      },
      {
       "warehouse_id": 1020000811776000,
       "type": "SORTING_CENTER",
       "name": "СПБ_ДО_Юкки_Возвраты"
      },
      {
       "warehouse_id": 1020003056184000,
       "type": "CROSS_DOCK",
       "name": "РЦ_БУГРЫ_ШОССЕЙНАЯ_КРОССДОК"
      },
      {
       "warehouse_id": 1020002265855000,
       "type": "SORTING_CENTER",
       "name": "СПБ_ХАБ_Парнас_Блок_5"
      },
      {
       "warehouse_id": 20547966299000,
       "type": "SORTING_CENTER",
       "name": "ТСЦ_СПБ_Осиновая Роща"
      },
      {
       "warehouse_id": 1020000326320000,
       "type": "ORDERS_RECEIVING_POINT",
       "name": "САНКТ-ПЕТЕРБУРГ_АППЗ_17"
      },
      {
       "warehouse_id": 1020000811777000,
       "type": "SORTING_CENTER",
       "name": "СПБ_ДО_Юкки"
      },
      {
       "warehouse_id": 1020000848662000,
       "type": "SORTING_CENTER",
       "name": "СЦ_Парнас_Возвраты"
      },
      {
       "warehouse_id": 23903599483000,
       "type": "FULL_FILLMENT",
       "name": "СПБ_БУГРЫ_РФЦ"
      },
      {
       "warehouse_id": 23964006565000,
       "type": "ORDERS_RECEIVING_POINT",
       "name": "СПБ_СППЗ_ШОСТАКОВИЧА_5"
      },
      {
       "warehouse_id": 1020000160743000,
       "type": "CROSS_DOCK",
       "name": "СПБ_БУГРЫ_РФЦ_КРОССДОКИНГ"
      },
      {
       "warehouse_id": 20547966842000,
       "type": "SORTING_CENTER",
       "name": "СЦ_СПБ_Бугры"
      },
      {
       "warehouse_id": 1020000843284000,
       "type": "SORTING_CENTER",
       "name": "СПБ_ХАБ_ПАРНАС_БЛОК_3"
      }
     ]
    },
    {
     "warehouses": [
      {
       "warehouse_id": 1020002417800000,
       "type": "FULL_FILLMENT",
       "name": "СПБ_ПОРОШКИНО_РФЦ"
      },
      {
       "warehouse_id": 1020002418002000,
       "type": "CROSS_DOCK",
       "name": "СПБ_ПОРОШКИНО_РФЦ_КРОССДОКИНГ"
      }
     ]
    },
    {
     "warehouses": [
      {
       "warehouse_id": 1020002065865000,
       "type": "FULL_FILLMENT",
       "name": "ВЕТАПТЕКА_ТРОИЦКИЙ"
      },
      {
       "warehouse_id": 18044249781000,
       "type": "FULL_FILLMENT",
       "name": "Санкт_Петербург_РФЦ"
      },
      {
       "warehouse_id": 1020000613947000,
       "type": "CROSS_DOCK",
       "name": "СПБ_ШУШАРЫ_РФЦ_КРОССДОКИНГ"
      },
      {
       "warehouse_id": 1020000691660000,
       "type": "SORTING_CENTER",
       "name": "СПБ_ДО_Московское_177_Возвраты"
      },
      {
       "warehouse_id": 22019797908000,
       "type": "SORTING_CENTER",
       "name": "СЦ_СПБ_Троицкий_кроссдокинг"
      },
      {
       "warehouse_id": 23920426985000,
       "type": "SORTING_CENTER",
       "name": "СЦ_Шушары_Возвраты"
      },
      {
       "warehouse_id": 1020000284626000,
       "type": "SORTING_CENTER",
       "name": "СПБ_ХАБ_МОСКОВСКОЕ_БЛОК_6"
      },
      {
       "warehouse_id": 1020001025487000,
       "type": "CROSS_DOCK",
       "name": "СПБ_ШУШАРЫ_РФЦ_НЕГАБАРИТ_КРОССДОКИНГ"
      },
      {
       "warehouse_id": 23786277208000,
       "type": "SORTING_CENTER",
       "name": "СПБ_ХАБ_МОСКОВСКОЕ_БЛОК_2"
      },
      {
       "warehouse_id": 1020001649180000,
       "type": "FULL_FILLMENT",
       "name": "СПБ_КОЛПИНО_РФЦ"
      },
      {
       "warehouse_id": 1020002464375000,
       "type": "SORTING_CENTER",
       "name": "СПБ_Шушары_ДО_Возвраты"
      },
      {
       "warehouse_id": 1020000613861000,
       "type": "FULL_FILLMENT",
       "name": "СПБ_ШУШАРЫ_РФЦ"
      },
      {
       "warehouse_id": 1020002000455000,
       "type": "SORTING_CENTER",
       "name": "СПБ_МИНИ_ТСЦ_ШУШАРЫ"
      },
      {
       "warehouse_id": 23961865028000,
       "type": "SORTING_CENTER",
       "name": "СПБ_ХАБ_МОСКОВСКОЕ_БЛОК_7"
      },
      {
       "warehouse_id": 1020000919557000,
       "type": "SORTING_CENTER",
       "name": "СЦ_Московское_Блок_4_Возвраты"
      },
      {
       "warehouse_id": 1020000919754000,
       "type": "SORTING_CENTER",
       "name": "СЦ_Московское_Блок_8_Возвраты"
      },
      {
       "warehouse_id": 20547966822000,
       "type": "SORTING_CENTER",
       "name": "СЦ_СПБ_Армада"
      },
      {
       "warehouse_id": 1020000919729000,
       "type": "SORTING_CENTER",
       "name": "СЦ_Московское_Блок_5_Возвраты"
      },
      {
       "warehouse_id": 1020001025471000,
       "type": "FULL_FILLMENT",
       "name": "СПБ_ШУШАРЫ_РФЦ_НЕГАБАРИТ"
      },
      {
       "warehouse_id": 1020002056763000,
       "type": "FULL_FILLMENT",
       "name": "ВЕТАПТЕКА_СПБ"
      },
      {
       "warehouse_id": 1020000918852000,
       "type": "SORTING_CENTER",
       "name": "СЦ_Московское_Блок_1_Возвраты"
      },
      {
       "warehouse_id": 1020000919550000,
       "type": "SORTING_CENTER",
       "name": "СЦ_Московское_Блок_3_Возвраты"
      },
      {
       "warehouse_id": 1020002127265000,
       "type": "SORTING_CENTER",
       "name": "СПБ_ХАБ_Московское_Блок_9"
      },
      {
       "warehouse_id": 20547966798000,
       "type": "SORTING_CENTER",
       "name": "СЦ_СПБ_ШУШАРЫ"
      },
      {
       "warehouse_id": 1020000988146000,
       "type": "SORTING_CENTER",
       "name": "СПБ_Шушары_КГТ"
      },
      {
       "warehouse_id": 1020002624297000,
       "type": "SORTING_CENTER",
       "name": "СПБ_ХАБ_Московское_Блок_10"
      },
      {
       "warehouse_id": 21896333622000,
       "type": "CROSS_DOCK",
       "name": "САНКТ-ПЕТЕРБУРГ_РФЦ_Кроссдокинг"
      },
      {
       "warehouse_id": 23641575982000,
       "type": "SORTING_CENTER",
       "name": "СПБ_ТСЦ_Шушары"
      },
      {
       "warehouse_id": 23759266951000,
       "type": "SORTING_CENTER",
       "name": "СПБ_ХАБ_МОСКОВСКОЕ_БЛОК_1"
      },
      {
       "warehouse_id": 1020000284655000,
       "type": "SORTING_CENTER",
       "name": "СПБ_ХАБ_МОСКОВСКОЕ_БЛОК_8"
      },
      {
       "warehouse_id": 1020001030021000,
       "type": "ORDERS_RECEIVING_POINT",
       "name": "САНКТ-ПЕТЕРБУРГ_АППЗ_21"
      },
      {
       "warehouse_id": 1020002252910000,
       "type": "SORTING_CENTER",
       "name": "СЦ_СПБ_Шушары_КГТ_Возвраты"
      },
      {
       "warehouse_id": 1020001649204000,
       "type": "CROSS_DOCK",
       "name": "СПБ_КОЛПИНО_РФЦ_КРОССДОКИНГ"
      },
      {
       "warehouse_id": 23961817402000,
       "type": "SORTING_CENTER",
       "name": "СПБ_ХАБ_МОСКОВСКОЕ_БЛОК_5"
      },
      {
       "warehouse_id": 1020000919533000,
       "type": "SORTING_CENTER",
       "name": "СЦ_Московское_Блок_2_Возвраты"
      },
      {
       "warehouse_id": 23786279659000,
       "type": "SORTING_CENTER",
       "name": "СПБ_ХАБ_МОСКОВСКОЕ_БЛОК_3"
      },
      {
       "warehouse_id": 23979852399000,
       "type": "ORDERS_RECEIVING_POINT",
       "name": "КОЛПИНО_АППЗ_1"
      },
      {
       "warehouse_id": 23786281445000,
       "type": "SORTING_CENTER",
       "name": "СПБ_ХАБ_МОСКОВСКОЕ_БЛОК_4"
      },
      {
       "warehouse_id": 23963987231000,
       "type": "ORDERS_RECEIVING_POINT",
       "name": "СПБ_СППЗ_БУХАРЕСТСКАЯ_67"
      },
      {
       "warehouse_id": 1020000685196000,
       "type": "SORTING_CENTER",
       "name": "СПБ_ДО_МОСКОВСКОЕ_177"
      },
      {
       "warehouse_id": 1020000919742000,
       "type": "SORTING_CENTER",
       "name": "СЦ_Московское_Блок_6_Возвраты"
      },
      {
       "warehouse_id": 1020000919747000,
       "type": "SORTING_CENTER",
       "name": "СЦ_Московское_Блок_7_Возвраты"
      }
     ]
    },
    {
     "warehouses": [
      {
       "warehouse_id": 1020001993642000,
       "type": "SORTING_CENTER",
       "name": "СПБ_МИНИ_ТСЦ_ВОЛХОНСКОЕ"
      },
      {
       "warehouse_id": 1020001993649000,
       "type": "SORTING_CENTER",
       "name": "СПБ_ТСЦ_ВОЛХОНСКОЕ"
      },
      {
       "warehouse_id": 1020001443754000,
       "type": "FULL_FILLMENT",
       "name": "СПБ_ВОЛХОНКА_РФЦ_НЕГАБАРИТ"
      },
      {
       "warehouse_id": 1020002458308000,
       "type": "FULL_FILLMENT",
       "name": "СПБ_ВОЛХОНКА_3_РФЦ_НЕГАБАРИТ"
      },
      {
       "warehouse_id": 1020002458319000,
       "type": "CROSS_DOCK",
       "name": "СПБ_ВОЛХОНКА_3_РФЦ_НЕГАБАРИТ_КРОССДОКИНГ"
      },
      {
       "warehouse_id": 1020001450768000,
       "type": "SORTING_CENTER",
       "name": "СЦ_ВОЛХОНСКОЕ_ТСЦ_Возвраты"
      },
      {
       "warehouse_id": 1020001993580000,
       "type": "SORTING_CENTER",
       "name": "СПБ_ХАБ_Волхонское_Блок_3"
      },
      {
       "warehouse_id": 1020001263027000,
       "type": "ORDERS_RECEIVING_POINT",
       "name": "КРАСНОЕ_СЕЛО_АППЗ_2"
      },
      {
       "warehouse_id": 1020001443783000,
       "type": "CROSS_DOCK",
       "name": "СПБ_ВОЛХОНКА_РФЦ_НЕГАБАРИТ_КРОССДОКИНГ"
      },
      {
       "warehouse_id": 1020002458103000,
       "type": "FULL_FILLMENT",
       "name": "СПБ_ВОЛХОНКА_2_РФЦ_ПАЛЛЕТНЫЙ"
      },
      {
       "warehouse_id": 1020001374462000,
       "type": "SORTING_CENTER",
       "name": "СПБ_ХАБ_Волхонское_Блок_1"
      },
      {
       "warehouse_id": 1020001374505000,
       "type": "SORTING_CENTER",
       "name": "СПБ_ХАБ_Волхонское_Блок_2"
      },
      {
       "warehouse_id": 1020001374506000,
       "type": "SORTING_CENTER",
       "name": "СЦ_Волхонское_Возвраты"
      }
     ]
    }
   ],
   "id": 2,
   "name": "Санкт-Петербург и СЗО",
   "type": "OZON"
  },
  {
   "logistic_clusters": [
    {
     "warehouses": [
      {
       "warehouse_id": 20547966580000,
       "type": "SORTING_CENTER",
       "name": "ТСЦ_КАЗАНЬ_АЭРОПОРТ"
      },
      {
       "warehouse_id": 1020003227902000,
       "type": "SORTING_CENTER",
       "name": "КАЗАНЬ_ХАБ_ВЗЛЁТНАЯ"
      },
      {
       "warehouse_id": 1020002066005000,
       "type": "FULL_FILLMENT",
       "name": "КЗН_СТОЛБИЩЕ_РФЦ_НЕГАБАРИТ"
      },
      {
       "warehouse_id": 16188790631000,
       "type": "SORTING_CENTER",
       "name": "СЦ_КАЗАНЬ_НОВЫЙ"
      },
      {
       "warehouse_id": 1020003068291000,
       "type": "SORTING_CENTER",
       "name": "СТОЛБИЩЕ_ТСЦ"
      },
      {
       "warehouse_id": 1020000844824000,
       "type": "SORTING_CENTER",
       "name": "КАЗАНЬ_ХАБ_АЭРОПОРТ"
      },
      {
       "warehouse_id": 1020002066136000,
       "type": "CROSS_DOCK",
       "name": "КЗН_СТОЛБИЩЕ_РФЦ_НЕГАБАРИТ_КРОССДОКИНГ"
      },
      {
       "warehouse_id": 1020003227903000,
       "type": "SORTING_CENTER",
       "name": "КАЗАНЬ_ХАБ_ДОСТАВКИ_ВЗЛЁТНАЯ_ВОЗВРАТЫ"
      },
      {
       "warehouse_id": 1020003227904000,
       "type": "SORTING_CENTER",
       "name": "КАЗАНЬ_ВЗЛЁТНАЯ_КРОССДОКИНГ"
      },
      {
       "warehouse_id": 1020002405059000,
       "type": "SORTING_CENTER",
       "name": "КАЗАНЬ_ХАБ_АЭРОПОРТ_КГТ"
      },
      {
       "warehouse_id": 21704470486000,
       "type": "SORTING_CENTER",
       "name": "СЦ_Казань_Столбище"
      }
     ]
    },
    {
     "warehouses": [
      {
       "warehouse_id": 21957475354000,
       "type": "CROSS_DOCK",
       "name": "КАЗАНЬ_РФЦ_Кроссдокинг"
      },
      {
       "warehouse_id": 23990514366000,
       "type": "SORTING_CENTER",
       "name": "КАЗАНЬ_ХАБ_ТЭЦЕВСКАЯ_КГТ"
      },
      {
       "warehouse_id": 1020002010287000,
       "type": "SORTING_CENTER",
       "name": "КАЗАНЬ_ХАБ_ЗЕЛЕНОДОЛЬСК"
      },
      {
       "warehouse_id": 23953666717000,
       "type": "ORDERS_RECEIVING_POINT",
       "name": "КАЗАНЬ_АППЗ_2"
      },
      {
       "warehouse_id": 1020002100622000,
       "type": "SORTING_CENTER",
       "name": "КАЗАНЬ_ХАБ_ЗЕЛЕНОДОЛЬСК_БЛОК_2"
      },
      {
       "warehouse_id": 1020005000283072,
       "type": "ORDERS_RECEIVING_POINT",
       "name": "КАЗАНЬ_АППЗ_5"
      },
      {
       "warehouse_id": 1020001415725000,
       "type": "SORTING_CENTER",
       "name": "ЗЕЛЕНОДОЛЬСК_ТСЦ"
      },
      {
       "warehouse_id": 1020002011879000,
       "type": "SORTING_CENTER",
       "name": "СЦ_КАЗАНЬ_ХАБ_ЗЕЛЕНОДОЛЬСК_Возвраты"
      },
      {
       "warehouse_id": 22216626852000,
       "type": "ORDERS_RECEIVING_POINT",
       "name": "ППЗ_КАЗАНЬ_ГАГАРИНА"
      },
      {
       "warehouse_id": 1020002079439000,
       "type": "SORTING_CENTER",
       "name": "КАЗАНЬ_ХАБ_ЗЕЛЕНОДОЛЬСК_КГТ"
      },
      {
       "warehouse_id": 23963011321000,
       "type": "ORDERS_RECEIVING_POINT",
       "name": "КАЗАНЬ_СППЗ_ГАГАРИНА"
      },
      {
       "warehouse_id": 23962971740000,
       "type": "ORDERS_RECEIVING_POINT",
       "name": "КАЗАНЬ_СППЗ_САЛИМЖАНОВА"
      },
      {
       "warehouse_id": 1020000986290000,
       "type": "SORTING_CENTER",
       "name": "КАЗАНЬ_ТСЦ_ТУРА"
      },
      {
       "warehouse_id": 1020000615395000,
       "type": "ORDERS_RECEIVING_POINT",
       "name": "КАЗАНЬ_АППЗ_4"
      },
      {
       "warehouse_id": 18044494830000,
       "type": "FULL_FILLMENT",
       "name": "Казань_РФЦ_НОВЫЙ"
      },
      {
       "warehouse_id": 1020000189638000,
       "type": "ORDERS_RECEIVING_POINT",
       "name": "КАЗАНЬ_АППЗ_3"
      }
     ]
    },
    {
     "warehouses": [
      {
       "warehouse_id": 1020003199729000,
       "type": "SORTING_CENTER",
       "name": "НИЖНИЙ_НОВГОРОД_ХАБ_БЛОК_2"
      },
      {
       "warehouse_id": 1020002418177000,
       "type": "CROSS_DOCK",
       "name": "НИНО_РФЦ_НЕГАБАРИТ_КРОССДОКИНГ"
      },
      {
       "warehouse_id": 1020000978608000,
       "type": "SORTING_CENTER",
       "name": "СЦ_НИЖНИЙ_НОВГОРОД_КРАСНЫЙ_ЯКОРЬ_Возвраты"
      },
      {
       "warehouse_id": 1020001625568000,
       "type": "SORTING_CENTER",
       "name": "ДЗЕРЖИНСК_ТСЦ"
      },
      {
       "warehouse_id": 1020005000363709,
       "type": "ORDERS_RECEIVING_POINT",
       "name": "НИЖНИЙ_НОВГОРОД_АППЗ_2"
      },
      {
       "warehouse_id": 1020005000363717,
       "type": "ORDERS_RECEIVING_POINT",
       "name": "НИЖНИЙ_НОВГОРОД_АППЗ_3"
      },
      {
       "warehouse_id": 1020001273589000,
       "type": "SORTING_CENTER",
       "name": "НИЖНИЙ_НОВГОРОД_ХАБ_ТЕПЛИЧНАЯ_Блок_1"
      },
      {
       "warehouse_id": 23839637911000,
       "type": "CROSS_DOCK",
       "name": "НИЖНИЙ_НОВГОРОД_РФЦ_Кроссдокинг"
      },
      {
       "warehouse_id": 1020003182899000,
       "type": "SORTING_CENTER",
       "name": "НИЖНИЙ_НОВГОРОД_ХАБ_БЛОК_1"
      },
      {
       "warehouse_id": 1020005000363679,
       "type": "ORDERS_RECEIVING_POINT",
       "name": "НИЖНИЙ_НОВГОРОД_АППЗ_1"
      },
      {
       "warehouse_id": 1020001280299000,
       "type": "SORTING_CENTER",
       "name": "СЦ_НИЖНИЙ_НОВГОРОД_ТЕПЛИЧНАЯ_Возвраты"
      },
      {
       "warehouse_id": 1020003194451000,
       "type": "SORTING_CENTER",
       "name": "СЦ_НИЖНИЙ_НОВГОРОД_ХАБ_ВОЗВРАТЫ"
      },
      {
       "warehouse_id": 1020002542735000,
       "type": "SORTING_CENTER",
       "name": "СЦ_НИЖНИЙ_НОВГОРОД_Возвраты"
      },
      {
       "warehouse_id": 20547966368000,
       "type": "SORTING_CENTER",
       "name": "НИЖНИЙ_НОВГОРОД_ХАБ_КУДЬМА"
      },
      {
       "warehouse_id": 1020002462483000,
       "type": "SORTING_CENTER",
       "name": "ДЗЕРЖИНСК _КГТ"
      },
      {
       "warehouse_id": 1020003105329000,
       "type": "FULL_FILLMENT",
       "name": "НИЖНИЙ_НОВГОРОД_2_РФЦ"
      },
      {
       "warehouse_id": 1020003105440000,
       "type": "CROSS_DOCK",
       "name": "НИЖНИЙ_НОВГОРОД_2_РФЦ_КРОССДОКИНГ"
      },
      {
       "warehouse_id": 1020000978396000,
       "type": "SORTING_CENTER",
       "name": "НИЖНИЙ_НОВГОРОД_ХАБ_КРАСНЫЙ_ ЯКОРЬ"
      },
      {
       "warehouse_id": 1020003227804000,
       "type": "SORTING_CENTER",
       "name": "НИЖНИЙ_НОВГОРОД_ВОЛГА_КГТ"
      },
      {
       "warehouse_id": 1020002630205000,
       "type": "FULL_FILLMENT",
       "name": "ВЕТАПТЕКА_НИНО"
      },
      {
       "warehouse_id": 1020003227803000,
       "type": "SORTING_CENTER",
       "name": "НИЖНИЙ_НОВГОРОД_ТСЦ_ВОЛГА"
      },
      {
       "warehouse_id": 1020002418138000,
       "type": "FULL_FILLMENT",
       "name": "НИНО_РФЦ_НЕГАБАРИТ"
      },
      {
       "warehouse_id": 23599177351000,
       "type": "FULL_FILLMENT",
       "name": "НИЖНИЙ_НОВГОРОД_РФЦ"
      },
      {
       "warehouse_id": 1020000471824000,
       "type": "SORTING_CENTER",
       "name": "СЦ_НИЖНИЙ_НОВГОРОД_ИНДУСТРИАЛЬНАЯ_Возвраты"
      },
      {
       "warehouse_id": 23555325921000,
       "type": "SORTING_CENTER",
       "name": "НИЖНИЙ_НОВГОРОД_КГТ"
      },
      {
       "warehouse_id": 1020001280810000,
       "type": "SORTING_CENTER",
       "name": "НИЖНИЙ_НОВГОРОД_ХАБ_ТЕПЛИЧНАЯ_КГТ"
      },
      {
       "warehouse_id": 23962981627000,
       "type": "ORDERS_RECEIVING_POINT",
       "name": "НИЖНИЙ НОВГОРОД_СППЗ_ГЕНКИНОЙ"
      },
      {
       "warehouse_id": 23963007458000,
       "type": "ORDERS_RECEIVING_POINT",
       "name": "НИЖНИЙ НОВГОРОД_СППЗ_ДОСТОЕВСКОГО"
      },
      {
       "warehouse_id": 1020001762016000,
       "type": "SORTING_CENTER",
       "name": "НИНО_ТСЦ_ТЕПЛИЧНАЯ"
      },
      {
       "warehouse_id": 23963040215000,
       "type": "ORDERS_RECEIVING_POINT",
       "name": "НИЖНИЙ НОВГОРОД_СППЗ_БУСЫГИНА_42"
      },
      {
       "warehouse_id": 20547966379000,
       "type": "SORTING_CENTER",
       "name": "ТСЦ_НИЖНИЙ_НОВГОРОД"
      },
      {
       "warehouse_id": 23927144565000,
       "type": "SORTING_CENTER",
       "name": "СЦ_НИЖНИЙ_НОВГОРОД_КУДЬМА_Возвраты"
      },
      {
       "warehouse_id": 23960969555000,
       "type": "SORTING_CENTER",
       "name": "НИЖНИЙ_НОВГОРОД_ХАБ_ИНДУСТРИАЛЬНАЯ"
      }
     ]
    }
   ],
   "id": 149,
   "name": "Казань",
   "type": "OZON"
  }
 ]
}
