    {
 "result": {
  "id": 1111588191,
  "name": "Комплект защитных плёнок для X3 NFC. Темный хлопок",
  "offer_id": "143210608",
  "barcode": "",
  "buybox_price": "",
  "category_id": 0,
  "created_at": "2024-07-15T06:19:47.810185Z",
  "images": [
   "https://github.com/Bayselonarrend/OpenIntegrations/raw/main/service/test_data/picture2.jpg"
  ],
  "marketing_price": "",
  "min_ozon_price": "",
  "old_price": "1100.0000",
  "premium_price": "",
  "price": "1000.0000",
  "recommended_price": "",
  "min_price": "",
  "sources": [],
  "stocks": {
   "coming": 0,
   "present": 0,
   "reserved": 0
  },
  "errors": [],
  "vat": "0.100000",
  "visible": false,
  "visibility_details": {
   "has_price": true,
   "has_stock": false,
   "active_product": false
  },
  "price_index": "0.00",
  "commissions": [],
  "volume_weight": 0.1,
  "is_prepayment": false,
  "is_prepayment_allowed": true,
  "images360": [],
  "color_image": "",
  "primary_image": "https://github.com/Bayselonarrend/OpenIntegrations/raw/main/service/test_data/picture.jpg",
  "status": {
   "state": "unmatched",
   "state_failed": "",
   "moderate_status": "",
   "decline_reasons": [],
   "validation_state": "pending",
   "state_name": "Не продается",
   "state_description": "Создается",
   "is_failed": false,
   "is_created": false,
   "state_tooltip": "",
   "item_errors": [],
   "state_updated_at": "2024-08-25T10:00:47.361287Z"
  },
  "state": "",
  "service_type": "IS_CODE_SERVICE",
  "fbo_sku": 0,
  "fbs_sku": 0,
  "currency_code": "RUB",
  "is_kgt": false,
  "discounted_stocks": {
   "coming": 0,
   "present": 0,
   "reserved": 0
  },
  "is_discounted": false,
  "has_discounted_item": false,
  "barcodes": [],
  "updated_at": "2024-08-25T10:00:19.746188Z",
  "price_indexes": {
   "price_index": "WITHOUT_INDEX",
   "external_index_data": null,
   "ozon_index_data": null,
   "self_marketplaces_index_data": null
  },
  "sku": 0,
  "description_category_id": 17028922,
  "type_id": 95911,
  "is_archived": false,
  "is_autoarchived": false
 }
}
