{
 "result": [
  {
   "id": 1977747,
   "title": "Эластичный бустинг. Без ограничения срока действия",
   "date_start": "2025-03-19T21:00:44Z",
   "date_end": "2025-12-31T20:59:59Z",
   "potential_products_count": 132,
   "is_participating": false,
   "participating_products_count": 0,
   "description": "<b>Эластичный бустинг. Без ограничения срока действия</b>\n\n<b>Даты:</b> 20 марта – 31 декабря 2025 г.\n\nНовая акция! За каждый дополнительный процент скидки вы получаете увеличение акционного бустинга.\n\n<b>Механика:</b>\n\nДля каждого товара рассчитали диапазон акционных цен с разными скидками.\n\nРазмер скидки в акции зависит от категории товара. Рассчитаем размер скидки от медианной цены за последние 30 дней.\n\nПри расчете медианной цены не будем учитывать цену товара, по которой он предлагался в акциях с механикой «Хочу скидку» и «Промокоды».\n\nЕсли за последние 30 дней товар участвовал в акции «Эластичный бустинг», будем считать скидку от прежней акционной цены, но она будет значительно меньше, чем от цены без участия в акции.\n\nУстановите цену по акции, тогда акционный бустинг рассчитается автоматически — чем больше скидка, тем выше бустинг.\n\n\nУчастие в акции сделает товар и выгоднее, и заметнее — будем показывать ваши предложения в поиске, каталоге и на странице распродажи.\n\n<b>За участие в акции товар получит:</b>\n\n• бустинг в поиске и категории — от минимального до максимального, в зависимости от установленной вами цены;\n\n• размещение товара в акционной подборке на странице распродажи;\n\n• яркий бейдж и счётчик остатков на карточке товара, если остаток акционных товаров будет менее 5 000 штук.\n\n<b>Условия участия:</b>\n\n• Участвовать в акции может любая продукция, кроме товаров для курения.\n\n• Добавить и удалить товары в акции можно в любой день акции.\n\n• Участие в акции будет влиять на расчет медианной цены за последние 30 дней.\n\nПодробнее про акцию «Эластичный бустинг» <a target=\"_blank\" href=\"https://seller-edu.ozon.ru/ceny-i-akcii/akcii-skidki-i-kupony/elastichnyi-busting\">здесь</a> . \n",
   "action_type": "MARKETPLACE_MULTI_LEVEL_DISCOUNT_ON_AMOUNT",
   "banned_products_count": 0,
   "with_targeting": false,
   "discount_type": "CURRENCY",
   "discount_value": 0,
   "order_amount": 0,
   "freeze_date": "",
   "is_voucher_action": false
  },
  {
   "id": 2726601,
   "title": "Максимальный бустинг.",
   "date_start": "2025-09-09T21:00:00Z",
   "date_end": "2025-10-02T20:59:59Z",
   "potential_products_count": 23,
   "is_participating": false,
   "participating_products_count": 0,
   "description": "<b>Максимальный бустинг</b>\n\n<b>Даты</b>: 10 сентября - 2 октября 2025 г.\n\nСпециальная акция с самым большим бустингом в поиске и категории. \n\nСкидка сделает товар и выгоднее, и заметнее — будем показывать ваши предложения в поиске, каталоге и на странице распродажи. \n\nДля участия в акции потребуются индивидуальные скидки для каждого товара. \n\n<b>За участие в акции:</b>\n\n•    дадим максимальный бустинг в поиске и категории — 55%;\n•    разместим товары в акционной подборке на странице распродажи;\n•    дадим яркий бейдж на карточке товаров, а счётчик остатков покажем, если остаток акционных товаров будет менее 5 000 штук.\n\n<b>Условия участия</b>\n\n•    Добавить и удалить товары в акции можно в любой день акции.",
   "action_type": "STOCK_DISCOUNT",
   "banned_products_count": 0,
   "with_targeting": false,
   "discount_type": "CURRENCY",
   "discount_value": 0,
   "order_amount": 0,
   "freeze_date": "",
   "is_voucher_action": false
  },
  {
   "id": 2748319,
   "title": "Максимальный бустинг: усиление",
   "date_start": "2025-09-14T21:00:00Z",
   "date_end": "2025-10-02T20:59:59Z",
   "potential_products_count": 0,
   "is_participating": true,
   "participating_products_count": 22,
   "description": "<b>Максимальный бустинг: усиление</b>\n\n<b>Даты</b>: 15 сентября - 02 октября  2025 г.\n\nСпециальная акция с самым большим бустингом в поиске и категории. \n\nСкидка сделает товар и выгоднее, и заметнее — будем показывать ваши предложения в поиске, каталоге и на странице распродажи. \n\nДля участия в акции потребуются индивидуальные скидки для каждого товара. \n\n<b>За участие в акции:</b>\n\n•\tдадим максимальный бустинг в поиске и категории — 55%;\n•\tразместим товары в акционной подборке на странице распродажи;\n•\tдадим яркий бейдж на карточке товаров, а счётчик остатков покажем, если остаток акционных товаров будет менее 5 000 штук.\n\n<b>Условия участия</b>\n\n•\tДобавить и удалить товары в акции можно в любой день акции.",
   "action_type": "STOCK_DISCOUNT",
   "banned_products_count": 0,
   "with_targeting": false,
   "discount_type": "CURRENCY",
   "discount_value": 0,
   "order_amount": 0,
   "freeze_date": "",
   "is_voucher_action": false
  },
  {
   "id": 2570713,
   "title": "Распродажа летнего",
   "date_start": "2025-07-30T21:00:00Z",
   "date_end": "2025-09-30T20:59:59Z",
   "potential_products_count": 4,
   "is_participating": false,
   "participating_products_count": 0,
   "description": "<b>Распродажа летнего</b>\n\nСпециальная акция для товаров уходящего летнего сезона: летняя одежда и обувь, садовая мебель, спортивные товары для летнего периода, все для отдыха на природе и многое другое. Успейте распродать!\n\n<b>Даты проведения</b>: 31 июля — 30 сентября 2025 года\n\n<b>Механика</b>: Рассчитали индивидуальные скидки для каждого товара.\n\n<b>Преимущества</b>\n\n•\tбустинг в поиске и категории — х3;\n•\tразмещение на странице с акционной подборкой товаров на главной Ozon; \n•\tяркий бейдж на карточке товара, а счётчик остатков покажем, если остаток акционных товаров будет менее 5 000 штук.\n\n<b>Условия участия</b>\n\n•\tДобавить и удалить товары в акции можно в любой день акции.\n•\tУчастие в акции будет влиять на расчет медианной цены за последние 30 дней.",
   "action_type": "STOCK_DISCOUNT",
   "banned_products_count": 0,
   "with_targeting": false,
   "discount_type": "CURRENCY",
   "discount_value": 0,
   "order_amount": 0,
   "freeze_date": "",
   "is_voucher_action": false
  },
  {
   "id": 1177259,
   "title": "Бустинг 25% (ранее — «Бустинг х4»)",
   "date_start": "2024-03-12T21:00:00Z",
   "date_end": "2025-10-14T20:59:59Z",
   "potential_products_count": 0,
   "is_participating": false,
   "participating_products_count": 0,
   "description": "<b>Бустинг 25%. До 14 октября 2025</b>\n\nСкидка сделает товар и выгоднее, и заметнее — участники получат яркий бейдж и счетчик остатков на карточке товара. Перейти к подборке с акционными товарами можно будет прямо с главной страницы сайта и приложения. \n\n<b>Механика</b>: Скидки от 9% в зависимости от категории. Считаем её от медианы цены за 30 дней до вступления в данную акцию: если в это время товар участвовал продолжительный период в акциях «Бустинг х2», «Бустинг х3», «Бустинг х4», будем считать скидку от прежней акционной цены, но она будет меньше, чем от цены без участия в этих акциях. \n\n<b>Преимущества</b>\n• бустинг в поиске и категории — 25%;\n• страница с акционными товарами — вход прямо с главной сайта и приложения;\n• яркий бейдж на карточке товара;\n• счетчик остатков, если остаток акционных товаров будет менее 5 000 штук.\n\n<b>Условия участия</b>\n• Участвовать в акции может любая продукция, кроме товаров для курения.\n• Добавить и удалить товары в акции можно в любой день акции.\n\nПодробнее про акции и распродажи <a target=\"_blank\" href=\"https://seller-edu.ozon.ru/how-to-sell-effectively/global-promo/rasprodazha\">здесь.</a>.",
   "action_type": "STOCK_DISCOUNT",
   "banned_products_count": 0,
   "with_targeting": false,
   "discount_type": "CURRENCY",
   "discount_value": 0,
   "order_amount": 0,
   "freeze_date": "",
   "is_voucher_action": false
  },
  {
   "id": 1177179,
   "title": "Бустинг 15% (ранее — «Бустинг х3»)",
   "date_start": "2024-03-12T21:00:00Z",
   "date_end": "2025-10-01T20:59:59Z",
   "potential_products_count": 0,
   "is_participating": false,
   "participating_products_count": 0,
   "description": "<b>Бустинг 15%. До 1 октября 2025</b>\n\nСкидка сделает товар и выгоднее, и заметнее — участники получат яркий бейдж и счетчик остатков на карточке товара. Перейти к подборке с акционными товарами можно будет прямо с главной страницы сайта и приложения.  \n\n<b>Механика</b>: Скидки от 7% в зависимости от категории. Считаем её от медианы цены за 30 дней до вступления в данную акцию: если в это время товар участвовал продолжительный период в акциях «Бустинг х2», «Бустинг х3»,  «Бустинг х4», будем считать скидку от прежней акционной цены, но она будет меньше, чем от цены без участия в этих акциях. \n\n<b>Преимущества</b>\n• бустинг в поиске и категории — 15%;\n• страница с акционными товарами — вход прямо с главной сайта и приложения;\n• яркий бейдж на карточке товара;\n• счетчик остатков, если остаток акционных товаров будет менее 5 000 штук.\n\n<b>Условия участия</b>\n• Участвовать в акции может любая продукция, кроме товаров для курения.\n• Добавить и удалить товары в акции можно в любой день акции.\n\nПодробнее про акции и распродажи <a target=\"_blank\" href=\"https://seller-edu.ozon.ru/how-to-sell-effectively/global-promo/rasprodazha\">здесь</a> . ",
   "action_type": "STOCK_DISCOUNT",
   "banned_products_count": 0,
   "with_targeting": false,
   "discount_type": "CURRENCY",
   "discount_value": 0,
   "order_amount": 0,
   "freeze_date": "",
   "is_voucher_action": false
  },
  {
   "id": 1139903,
   "title": "SH!",
   "date_start": "2024-02-06T21:00:00Z",
   "date_end": "2025-12-31T20:59:59Z",
   "potential_products_count": 10,
   "is_participating": false,
   "participating_products_count": 0,
   "description": "",
   "action_type": "STOCK_DISCOUNT",
   "banned_products_count": 0,
   "with_targeting": false,
   "discount_type": "CURRENCY",
   "discount_value": 0,
   "order_amount": 0,
   "freeze_date": "",
   "is_voucher_action": false
  }
 ]
}
