{
 "status": "CALCULATION_STATUS_SUCCESS",
 "clusters": [
  {
   "warehouses": [
    {
     "bundle_ids": [
      {
       "bundle_id": "01992ada-7885-716c-a8fd-6a4eaa1538b1",
       "is_docless": true
      }
     ],
     "supply_warehouse": {
      "warehouse_id": 1020001649180000,
      "name": "СПБ_КОЛПИНО_РФЦ",
      "address": "196627, Россия, г.Санкт-Петербург, п.Шушары, Колпинское шоссе, д.135, к.2, стр.1"
     },
     "status": {
      "state": "WAREHOUSE_SCORING_STATUS_FULL_AVAILABLE",
      "invalid_reason": "WAREHOUSE_SCORING_INVALID_REASON_NO_REASON",
      "is_available": true
     },
     "restricted_bundle_id": "",
     "travel_time_days": "0",
     "total_score": 0.823592614419848,
     "total_rank": 1
    },
    {
     "bundle_ids": [
      {
       "bundle_id": "01992ada-7885-76db-8903-15d0b268836d",
       "is_docless": true
      }
     ],
     "supply_warehouse": {
      "warehouse_id": 1020000613861000,
      "name": "СПБ_ШУШАРЫ_РФЦ",
      "address": "196158, Россия, Санкт-Петербург г., поселок Шушары  Вн.Тер.Г., Московское ш., д. 143, стр. 1"
     },
     "status": {
      "state": "WAREHOUSE_SCORING_STATUS_FULL_AVAILABLE",
      "invalid_reason": "WAREHOUSE_SCORING_INVALID_REASON_NO_REASON",
      "is_available": true
     },
     "restricted_bundle_id": "",
     "travel_time_days": "0",
     "total_score": 0.8235666313632,
     "total_rank": 2
    },
    {
     "bundle_ids": [
      {
       "bundle_id": "01992ada-7885-76dc-a174-2ad4960e2dfd",
       "is_docless": true
      }
     ],
     "supply_warehouse": {
      "warehouse_id": 18044249781000,
      "name": "Санкт_Петербург_РФЦ",
      "address": "196642, г. Санкт-Петербург, поселок Петро-Славянка, ул.Софийская, 118 корпус 4 строение 1"
     },
     "status": {
      "state": "WAREHOUSE_SCORING_STATUS_NOT_AVAILABLE",
      "invalid_reason": "WAREHOUSE_SCORING_INVALID_REASON_NOT_AVAILABLE_RANK",
      "is_available": false
     },
     "restricted_bundle_id": "",
     "travel_time_days": null,
     "total_score": 0.82269071885674,
     "total_rank": 3
    },
    {
     "bundle_ids": [
      {
       "bundle_id": "01992ada-7885-76da-9f5a-ba2afb01678a",
       "is_docless": true
      }
     ],
     "supply_warehouse": {
      "warehouse_id": 23903599483000,
      "name": "СПБ_БУГРЫ_РФЦ",
      "address": "Россия, Ленинградская Обл., Всеволожский м.р-н, Бугровское С.П., Бугры Массив тер., Шоссейная ул., зд. 50, к. 1."
     },
     "status": {
      "state": "WAREHOUSE_SCORING_STATUS_NOT_AVAILABLE",
      "invalid_reason": "WAREHOUSE_SCORING_INVALID_REASON_NOT_AVAILABLE_RANK",
      "is_available": false
     },
     "restricted_bundle_id": "",
     "travel_time_days": null,
     "total_score": 0.81771953582604,
     "total_rank": 4
    },
    {
     "bundle_ids": [],
     "supply_warehouse": {
      "warehouse_id": 1020001025471000,
      "name": "СПБ_ШУШАРЫ_РФЦ_НЕГАБАРИТ",
      "address": "г. Санкт-Петербург, пос. Шушары, ш. Московское, д. 141, корп. 2, стр. 1"
     },
     "status": {
      "state": "WAREHOUSE_SCORING_STATUS_NOT_AVAILABLE",
      "invalid_reason": "WAREHOUSE_SCORING_INVALID_REASON_NOT_AVAILABLE_MATRIX",
      "is_available": false
     },
     "restricted_bundle_id": "01992ada-7885-716e-9cbd-47d4ff8da8e7",
     "travel_time_days": null,
     "total_score": 0,
     "total_rank": 5
    },
    {
     "bundle_ids": [],
     "supply_warehouse": {
      "warehouse_id": 1020001443754000,
      "name": "СПБ_ВОЛХОНКА_РФЦ_НЕГАБАРИТ",
      "address": "198323, Россия, Санкт-Петербург., муниципальное образование города федерального значения Санкт-Петербурга муниципальный округ Горелово, Волхонское шоссе, дом 108, строение 5"
     },
     "status": {
      "state": "WAREHOUSE_SCORING_STATUS_NOT_AVAILABLE",
      "invalid_reason": "WAREHOUSE_SCORING_INVALID_REASON_NOT_AVAILABLE_MATRIX",
      "is_available": false
     },
     "restricted_bundle_id": "01992ada-7885-716d-bd2e-96ce4be1cdf7",
     "travel_time_days": null,
     "total_score": 0,
     "total_rank": 6
    }
   ],
   "cluster_id": 2,
   "cluster_name": "Санкт-Петербург и СЗО"
  }
 ],
 "draft_id": 67777577,
 "errors": []
}
