{
 "result": [
  {
   "description_category_id": 17027485,
   "category_name": "Хобби и творчество",
   "disabled": false,
   "children": [
    {
     "description_category_id": 88621580,
     "category_name": "Оборудование для творчества",
     "disabled": false,
     "children": [
      {
       "type_name": "Пленка для аэрографии",
       "type_id": 970849152,
       "disabled": false,
       "children": []
      },
      {
       "type_name": "Сопло для аэрографа",
       "type_id": 970849029,
       "disabled": false,
       "children": []
      },
      {
       "type_name": "Набор для чистки аэрографа",
       "type_id": 970849022,
       "disabled": false,
       "children": []
      },
  
      ...
     ]
    }
   ]
  }
 ]
}