 {
 "data": [
  {
   "email": "ltoderbrugge14@unicef.org",
   "first_name": "Lonny",
   "last_name": "Toderbrugge"
  },
  {
   "email": "jpeacock1a@yolasite.com",
   "first_name": "Jaimie",
   "last_name": "Peacock"
  },
  {
   "email": "amustony@networkadvertising.org",
   "first_name": "Adam",
   "last_name": "Muston"
  },
  {
   "email": "nrenshawt@yolasite.com",
   "first_name": "Noah",
   "last_name": "Renshaw"
  },
  {
   "email": "malmanm@ezinearticles.com",
   "first_name": "Mark",
   "last_name": "Alman"
  }
 ],
 "result": true
}
