{
 "args": {},
 "data": "",
 "files": {
  "file1": "..."
 },
 "form": {
  "Поле1": "Текст",
  "Поле2": "10"
 },
 "headers": {
  "Accept": "*/*",
  "Accept-Charset": "utf-8",
  "Accept-Encoding": "gzip",
  "Content-Length": "2114384",
  "Content-Type": "multipart/form-data; boundary=efac43043cae4b0a939696c1e53f0f0d",
  "Host": "httpbin.org",
  "User-Agent": "1Script v$2.0.0.0",
  "X-Amzn-Trace-Id": "Root=1-68beaae0-41f3740e07e46bed1e98f910"
 },
 "json": null,
 "origin": "***",
 "url": "https://httpbin.org/post"
}
