{
 "args": {},
 "data": "--55103e1382af4a559b46c70452cd799b\r\nContent-Type: application/json; charset=UTF-8\r\n\r\n{\r\n \"Поле1\": 10,\r\n \"Поле2\": \"Текст\",\r\n \"Поле3\": [\r\n  \"A\",\r\n  \"B\",\r\n  \"C\"\r\n ]\r\n}\r\n\r\n--55103e1382af4a559b46c70452cd799b--\r\n",
 "files": {},
 "form": {},
 "headers": {
  "Accept": "*/*",
  "Accept-Charset": "utf-8",
  "Accept-Encoding": "gzip",
  "Connection": "Keep-Alive",
  "Content-Length": "223",
  "Content-Type": "multipart/related; boundary=55103e1382af4a559b46c70452cd799b",
  "Host": "localhost:2424",
  "Max-Forwards": "10",
  "User-Agent": "1Script v$2.0.0.0",
  "X-Arr-Log-Id": "414ea000-5987-455b-bd56-ebc55c99859e",
  "X-Arr-Ssl": "2048|256|C=BE, O=GlobalSign nv-sa, CN=GlobalSign GCC R6 AlphaSSL CA 2025|CN=*.openintegrations.dev",
  "X-Forwarded-Host": "bin.openintegrations.dev",
  "X-Original-Url": "***"
 },
 "json": null,
 "origin": "***",
 "url": "https://bin.openintegrations.dev/post"
}
