{
 "args": {},
 "headers": {
  "Accept": "*/*",
  "Accept-Charset": "utf-8",
  "Accept-Encoding": "gzip",
  "Authorization": "Basic dXNlcjpwYXNzd29yZA==",
  "Connection": "Keep-Alive",
  "Content-Length": "0",
  "Host": "localhost:2424",
  "Max-Forwards": "10",
  "User-Agent": "1Script v$2.0.0.0",
  "X-Arr-Log-Id": "4a53fffe-8288-44b4-a015-155ae1a9c0d2",
  "X-Arr-Ssl": "2048|256|C=BE, O=GlobalSign nv-sa, CN=GlobalSign GCC R6 AlphaSSL CA 2025|CN=*.openintegrations.dev",
  "X-Forwarded-Host": "bin.openintegrations.dev",
  "X-Original-Url": "/get"
 },
 "origin": "***",
 "url": "https://bin.openintegrations.dev/get"
}
