{
 "args": {},
 "headers": {
  "Accept": "*/*",
  "Accept-Charset": "utf-8",
  "Accept-Encoding": "gzip",
  "Authorization": "AWS4-HMAC-SHA256 Credential=AccessKey/20251007/Region/s3/aws4_request, SignedHeaders=host;x-amz-content-sha256;x-amz-date, Signature=2db99337e781248b80c5d256ceac9e2436f77f53442b353e9a79b821a88dc23f",
  "Connection": "Keep-Alive",
  "Content-Length": "0",
  "Host": "localhost:2424",
  "Max-Forwards": "10",
  "User-Agent": "1Script v$2.0.0.0",
  "X-Amz-Content-Sha256": "e3b0c44298fc1c149afbf4c8996fb92427ae41e4649b934ca495991b7852b855",
  "X-Amz-Date": "20251007T212010Z",
  "X-Arr-Log-Id": "5817a9da-cf23-4649-8c2b-cedce5be4aed",
  "X-Arr-Ssl": "2048|256|C=BE, O=GlobalSign nv-sa, CN=GlobalSign GCC R6 AlphaSSL CA 2025|CN=*.openintegrations.dev",
  "X-Forwarded-Host": "bin.openintegrations.dev",
  "X-Original-Url": "/get"
 },
 "origin": "***",
 "url": "https://bin.openintegrations.dev/get"
}
