{
 "args": {},
 "data": "",
 "files": {
  "file1": "..."
 },
 "form": {
  "field1": "Текст",
  "field2": "10"
 },
 "headers": {
  "Accept": "*/*",
  "Accept-Charset": "utf-8",
  "Accept-Encoding": "gzip",
  "Authorization": "OAuth oauth_consumer_key=\"***\",oauth_token=\"***\",oauth_signature_method=\"HMAC-SHA256\",oauth_timestamp=\"1758196959\",oauth_nonce=\"1758196959\",oauth_version=\"1.0\",oauth_signature=1vx59zJcLyB94AEcQZN2eriz789aB4npI3EdjePBOg8%3D",
  "Content-Length": "2114378",
  "Content-Type": "multipart/form-data; boundary=7c40c1172fd04a928cad3dd16378fe14",
  "Host": "httpbin.org",
  "User-Agent": "1Script v$2.0.0.0",
  "X-Amzn-Trace-Id": "Root=1-68cbd8bf-200dde84023a1f2f62648550"
 },
 "json": null,
 "origin": "***",
 "url": "https://httpbin.org/post"
}
