{
 "args": {},
 "data": "",
 "files": {
  "file1": "..."
 },
 "form": {
  "Поле1": "Текст",
  "Поле2": "10"
 },
 "headers": {
  "Accept": "*/*",
  "Accept-Charset": "utf-8",
  "Accept-Encoding": "gzip",
  "Content-Length": "2114384",
  "Content-Type": "multipart/form-data; boundary=9ce86a0b5dd848bf912bd2cf64139fb1",
  "Host": "httpbin.org",
  "User-Agent": "1Script v$2.0.0.0",
  "X-Amzn-Trace-Id": "Root=1-68beaad4-618d3f93159692e9363961de"
 },
 "json": null,
 "origin": "***",
 "url": "https://httpbin.org/post"
}
