{
 "args": {},
 "headers": {
  "Accept": "*/*",
  "Accept-Charset": "utf-8",
  "Accept-Encoding": "gzip",
  "Authorization": "OAuth oauth_consumer_key=\"***\",oauth_token=\"***\",oauth_signature_method=\"HMAC-SHA1\",oauth_timestamp=\"1765449105\",oauth_nonce=\"1765449105\",oauth_version=\"1.0\",oauth_signature=5berkPChB1RMhPbgfaacIxB%2BE2c%3D",
  "Connection": "Keep-Alive",
  "Content-Length": "0",
  "Host": "localhost:2424",
  "Max-Forwards": "10",
  "User-Agent": "1Script v$2.0.0.0",
  "X-Arr-Log-Id": "ea812c93-c7cf-435f-80b8-654c75821e2a",
  "X-Arr-Ssl": "2048|256|C=BE, O=GlobalSign nv-sa, CN=GlobalSign GCC R6 AlphaSSL CA 2025|CN=*.openintegrations.dev",
  "X-Forwarded-Host": "bin.openintegrations.dev",
  "X-Original-Url": "***"
 },
 "origin": "***",
 "url": "https://bin.openintegrations.dev/get"
}
