{
 "args": {},
 "data": "{\r\n \"Поле1\": 10,\r\n \"Поле2\": \"Текст\",\r\n \"Поле3\": [\r\n  \"A\",\r\n  \"B\",\r\n  \"C\"\r\n ]\r\n}",
 "files": {},
 "form": {},
 "headers": {
  "Accept": "*/*",
  "Accept-Charset": "utf-8",
  "Accept-Encoding": "gzip",
  "Content-Length": "96",
  "Content-Type": "application/json; charset=utf-8",
  "Host": "httpbin.org",
  "User-Agent": "1Script v$2.0.0.0",
  "X-Amzn-Trace-Id": "Root=1-68c7d555-17c4cef810b2155f69456188"
 },
 "json": {
  "Поле1": 10,
  "Поле2": "Текст",
  "Поле3": [
   "A",
   "B",
   "C"
  ]
 },
 "origin": "***",
 "url": "https://httpbin.org/post"
}
