{
 "args": {},
 "data": "data:application/octet-stream;base64,z/Do4uXyIOzo8CE=",
 "files": {},
 "form": {},
 "headers": {
  "Accept": "*/*",
  "Accept-Charset": "utf-8",
  "Accept-Encoding": "gzip",
  "Connection": "Keep-Alive",
  "Content-Length": "11",
  "Content-Type": "text/plain; charset=Windows-1251",
  "Host": "localhost:2424",
  "Max-Forwards": "10",
  "User-Agent": "1Script v$2.0.0.0",
  "X-Arr-Log-Id": "40c010f7-9414-4938-9de5-d7b588cf6bfa",
  "X-Arr-Ssl": "2048|256|C=BE, O=GlobalSign nv-sa, CN=GlobalSign GCC R6 AlphaSSL CA 2025|CN=*.openintegrations.dev",
  "X-Forwarded-Host": "bin.openintegrations.dev",
  "X-Original-Url": "***"
 },
 "json": null,
 "origin": "***",
 "url": "https://bin.openintegrations.dev/post"
}
