{
 "title": "Test Atom feed",
 "id": "https://example.com/feed",
 "link": "https://example.com",
 "updated": "2026-05-26T14:40:23",
 "entries": [
  {
   "title": "First record",
   "id": "https://example.com/entry1",
   "link": "https://example.com/entry1",
   "updated": "2026-05-26T14:40:22",
   "summary": "First record summary",
   "content": "Full content of the first record",
   "author": "First Author",
   "published": "2026-05-26T14:40:22"
  },
  {
   "title": "Second record",
   "id": "https://example.com/entry2",
   "link": "https://example.com/entry2",
   "updated": "2026-05-26T14:40:23",
   "summary": "Second record summary",
   "content": "Full content of the second record",
   "author": "Second Author",
   "published": "2026-05-26T14:40:23"
  }
 ]
}
