 {
 "data": [
  {
   "email": "ctytcomb0@tinypic.com",
   "first_name": "Cornell",
   "gender": "Male",
   "id": 1,
   "ip_address": "127.0.0.1",
   "last_name": "Tytcomb"
  },
  {
   "email": "kjustice2@flickr.com",
   "first_name": "Kimble",
   "gender": "Male",
   "id": 3,
   "ip_address": "127.0.0.1",
   "last_name": "Justice"
  },
  {
   "email": "dmacevilly4@toplist.cz",
   "first_name": "Darn",
   "gender": "Male",
   "id": 5,
   "ip_address": "127.0.0.1",
   "last_name": "MacEvilly"
  },
  {
   "email": "ebjerkan5@spiegel.de",
   "first_name": "Edward",
   "gender": "Male",
   "id": 6,
   "ip_address": "127.0.0.1",
   "last_name": "Bjerkan"
  },
  {
   "email": "jkeelina@intel.com",
   "first_name": "Jarred",
   "gender": "Male",
   "id": 11,
   "ip_address": "127.0.0.1",
   "last_name": "Keelin"
  },
  {
   "email": "ebrowelle@gnu.org",
   "first_name": "Elbert",
   "gender": "Male",
   "id": 15,
   "ip_address": "127.0.0.1",
   "last_name": "Browell"
  },
  {
   "email": "ocourtonnef@abc.net.au",
   "first_name": "Otis",
   "gender": "Male",
   "id": 16,
   "ip_address": "127.0.0.1",
   "last_name": "Courtonne"
  },
  {
   "email": "gkhristyukhinh@wunderground.com",
   "first_name": "Gary",
   "gender": "Male",
   "id": 18,
   "ip_address": "127.0.0.1",
   "last_name": "Khristyukhin"
  },
  {
   "email": "sartzk@scientificamerican.com",
   "first_name": "Sinclair",
   "gender": "Male",
   "id": 21,
   "ip_address": "127.0.0.1",
   "last_name": "Artz"
  },
  {
   "email": "malmanm@ezinearticles.com",
   "first_name": "Mark",
   "gender": "Male",
   "id": 23,
   "ip_address": "127.0.0.1",
   "last_name": "Alman"
  },
  {
   "email": "nrenshawt@yolasite.com",
   "first_name": "Noah",
   "gender": "Male",
   "id": 30,
   "ip_address": "127.0.0.1",
   "last_name": "Renshaw"
  },
  {
   "email": "amustony@networkadvertising.org",
   "first_name": "Adam",
   "gender": "Male",
   "id": 35,
   "ip_address": "127.0.0.1",
   "last_name": "Muston"
  },
  {
   "email": "ipinard10@paginegialle.it",
   "first_name": "Isidro",
   "gender": "Male",
   "id": 37,
   "ip_address": "127.0.0.1",
   "last_name": "Pinard"
  },
  {
   "email": "bpankethman13@dell.com",
   "first_name": "Brooke",
   "gender": "Male",
   "id": 40,
   "ip_address": "127.0.0.1",
   "last_name": "Pankethman"
  },
  {
   "email": "ltoderbrugge14@unicef.org",
   "first_name": "Lonny",
   "gender": "Male",
   "id": 41,
   "ip_address": "127.0.0.1",
   "last_name": "Toderbrugge"
  },
  {
   "email": "ffawcus15@eventbrite.com",
   "first_name": "Finn",
   "gender": "Male",
   "id": 42,
   "ip_address": "127.0.0.1",
   "last_name": "Fawcus"
  },
  {
   "email": "jpeacock1a@yolasite.com",
   "first_name": "Jaimie",
   "gender": "Male",
   "id": 47,
   "ip_address": "127.0.0.1",
   "last_name": "Peacock"
  },
  {
   "email": "oleabeater1d@elegantthemes.com",
   "first_name": "Omar",
   "gender": "Male",
   "id": 50,
   "ip_address": "127.0.0.1",
   "last_name": "Leabeater"
  },
  {
   "email": "amichelle1e@rakuten.co.jp",
   "first_name": "Aylmar",
   "gender": "Male",
   "id": 51,
   "ip_address": "127.0.0.1",
   "last_name": "Michelle"
  },
  {
   "email": "hbeamand1f@cdbaby.com",
   "first_name": "Humphrey",
   "gender": "Male",
   "id": 52,
   "ip_address": "127.0.0.1",
   "last_name": "Beamand"
  },
  {
   "email": "bciccerale1g@imgur.com",
   "first_name": "Brnaba",
   "gender": "Male",
   "id": 53,
   "ip_address": "127.0.0.1",
   "last_name": "Ciccerale"
  },
  {
   "email": "fdarke1h@amazonaws.com",
   "first_name": "Frederich",
   "gender": "Male",
   "id": 54,
   "ip_address": "127.0.0.1",
   "last_name": "Darke"
  },
  {
   "email": "gregis1i@oaic.gov.au",
   "first_name": "Gustavus",
   "gender": "Male",
   "id": 55,
   "ip_address": "127.0.0.1",
   "last_name": "Regis"
  },
  {
   "email": "smelton1k@fc2.com",
   "first_name": "Seumas",
   "gender": "Male",
   "id": 57,
   "ip_address": "127.0.0.1",
   "last_name": "Melton"
  },
  {
   "email": "acowtherd1l@java.com",
   "first_name": "Aldon",
   "gender": "Male",
   "id": 58,
   "ip_address": "127.0.0.1",
   "last_name": "Cowtherd"
  },
  {
   "email": "fgregoraci1o@twitter.com",
   "first_name": "Far",
   "gender": "Male",
   "id": 61,
   "ip_address": "127.0.0.1",
   "last_name": "Gregoraci"
  },
  {
   "email": "cleiden1r@google.com.br",
   "first_name": "Cliff",
   "gender": "Male",
   "id": 64,
   "ip_address": "127.0.0.1",
   "last_name": "Leiden"
  },
  {
   "email": "dchadney1z@t-online.de",
   "first_name": "Dru",
   "gender": "Male",
   "id": 72,
   "ip_address": "127.0.0.1",
   "last_name": "Chadney"
  },
  {
   "email": "dlicas22@yale.edu",
   "first_name": "Dominic",
   "gender": "Male",
   "id": 75,
   "ip_address": "127.0.0.1",
   "last_name": "Licas"
  },
  {
   "email": "akleinberer24@hubpages.com",
   "first_name": "Arch",
   "gender": "Male",
   "id": 77,
   "ip_address": "127.0.0.1",
   "last_name": "Kleinberer"
  },
  {
   "email": "klasty25@unblog.fr",
   "first_name": "Kristofor",
   "gender": "Male",
   "id": 78,
   "ip_address": "127.0.0.1",
   "last_name": "Lasty"
  },
  {
   "email": "gduplantier28@washington.edu",
   "first_name": "Gerry",
   "gender": "Male",
   "id": 81,
   "ip_address": "127.0.0.1",
   "last_name": "Du Plantier"
  },
  {
   "email": "mdrain29@economist.com",
   "first_name": "Maxie",
   "gender": "Male",
   "id": 82,
   "ip_address": "127.0.0.1",
   "last_name": "Drain"
  },
  {
   "email": "budale2b@ftc.gov",
   "first_name": "Birk",
   "gender": "Male",
   "id": 84,
   "ip_address": "127.0.0.1",
   "last_name": "Udale"
  },
  {
   "email": "mbrokenshaw2d@gnu.org",
   "first_name": "Morly",
   "gender": "Male",
   "id": 86,
   "ip_address": "127.0.0.1",
   "last_name": "Brokenshaw"
  },
  {
   "email": "gfawson2e@weibo.com",
   "first_name": "Gage",
   "gender": "Male",
   "id": 87,
   "ip_address": "127.0.0.1",
   "last_name": "Fawson"
  },
  {
   "email": "dbiddwell2f@fda.gov",
   "first_name": "Dav",
   "gender": "Male",
   "id": 88,
   "ip_address": "127.0.0.1",
   "last_name": "Biddwell"
  },
  {
   "email": "msiggers2g@google.de",
   "first_name": "Mack",
   "gender": "Male",
   "id": 89,
   "ip_address": "127.0.0.1",
   "last_name": "Siggers"
  },
  {
   "email": "emcneachtain2h@flavors.me",
   "first_name": "Earlie",
   "gender": "Male",
   "id": 90,
   "ip_address": "127.0.0.1",
   "last_name": "McNeachtain"
  },
  {
   "email": "dbraven2j@themeforest.net",
   "first_name": "Daryle",
   "gender": "Male",
   "id": 92,
   "ip_address": "127.0.0.1",
   "last_name": "Braven"
  },
  {
   "email": "dcrapper2m@weebly.com",
   "first_name": "Delmore",
   "gender": "Male",
   "id": 95,
   "ip_address": "127.0.0.1",
   "last_name": "Crapper"
  },
  {
   "email": "bwingfield2n@ftc.gov",
   "first_name": "Buddie",
   "gender": "Male",
   "id": 96,
   "ip_address": "127.0.0.1",
   "last_name": "Wingfield"
  },
  {
   "email": "jtrowler2p@a8.net",
   "first_name": "Joel",
   "gender": "Male",
   "id": 98,
   "ip_address": "127.0.0.1",
   "last_name": "Trowler"
  },
  {
   "email": "lstelfox2q@engadget.com",
   "first_name": "Linus",
   "gender": "Male",
   "id": 99,
   "ip_address": "127.0.0.1",
   "last_name": "Stelfox"
  }
 ],
 "result": true
}
