{
 "result": true,
 "data": [
  {
   "is_directory": true,
   "is_symlink": false,
   "list_string": "drwxr-sr-x    3 1000     1000         4096 May 25 13:37 new_dir",
   "modified": "2026-05-25T13:37:00+00:00",
   "name": "new_dir",
   "size": 4096,
   "symlink_path": "",
   "path": "new_dir",
   "objects": [
    {
     "is_directory": true,
     "is_symlink": false,
     "list_string": "drwxr-sr-x    2 1000     1000         4096 May 25 13:37 another_one",
     "modified": "2026-05-25T13:37:00+00:00",
     "name": "another_one",
     "size": 4096,
     "symlink_path": "",
     "path": "new_dir/another_one",
     "objects": []
    }
   ]
  }
 ],
 "close_connection": {
  "result": true
 }
}
