 {
 "result": true,
 "data": [
  {
   "is_directory": true,
   "is_symlink": false,
   "list_string": "drwxr-sr-x    2 1000     1000         4096 Aug 10 10:30 new_dir",
   "modified": "2025-08-10T10:30:00+00:00",
   "name": "new_dir",
   "size": 4096,
   "symlink_path": "",
   "path": "new_dir",
   "objects": [
    {
     "is_directory": false,
     "is_symlink": false,
     "list_string": "-rw-r--r--    1 1000     1000     335944730 Aug 10 10:26 big.bin",
     "modified": "2025-08-10T10:26:00+00:00",
     "name": "big.bin",
     "size": 335944730,
     "symlink_path": "",
     "path": "new_dir/big.bin"
    },
    {
     "is_directory": false,
     "is_symlink": false,
     "list_string": "-rw-r--r--    1 1000     1000      2114023 Aug 10 10:25 pic_from_disk.png",
     "modified": "2025-08-10T10:25:00+00:00",
     "name": "pic_from_disk.png",
     "size": 2114023,
     "symlink_path": "",
     "path": "new_dir/pic_from_disk.png"
    }
   ]
  }
 ]
}
