{
 "uuid": "0d6825d9-482f-4808-b9ff-938cca5f59ee",
 "active": true,
 "id": 1,
 "userId": "superadmin",
 "email": "bayselonarrend@gmail.com",
 "photoId": "dXNlcnMvc3VwZXJhZG1pbg",
 "fullName": "bayselonarrend",
 "accountType": "INTERNAL",
 "userRole": "ADMINISTRATOR",
 "photoLoaded": true,
 "metadata": {
  "last_login": 1772732307428,
  "attachmentContentType": "image/jpeg"
 },
 "assignedProjects": {
  "superadmin_personal": {
   "projectId": 1,
   "projectRole": "PROJECT_MANAGER",
   "entryType": "PERSONAL"
  },
  "test": {
   "projectId": 3,
   "projectRole": "PROJECT_MANAGER",
   "entryType": "INTERNAL"
  }
 }
}
