{
 "id": 471131,
 "uuid": "53eb8cdd-9f48-4e90-aa0f-14c71f1bc21d",
 "name": "Test",
 "description": "Test launch",
 "parameters": [],
 "attributes": [],
 "type": "TEST",
 "startTime": "2026-01-01T10:00:00Z",
 "status": "IN_PROGRESS",
 "statistics": {
  "executions": {},
  "defects": {}
 },
 "pathNames": {
  "launchPathName": {
   "name": "Test",
   "number": 427
  }
 },
 "hasChildren": false,
 "hasStats": true,
 "launchId": 660,
 "uniqueId": "auto:293897e9b3e0f4d39b111586ac4a3985",
 "testCaseHash": 1545806777,
 "patternTemplates": [],
 "path": "471131",
 "hasNestedSteps": false
}
