{
 "content": [
  {
   "id": 1,
   "projectName": "superadmin_personal",
   "usersQuantity": 1,
   "launchesQuantity": 51,
   "launchesPerUser": null,
   "uniqueTickets": null,
   "launchesPerWeek": null,
   "lastRun": "2026-05-02T10:54:32Z",
   "creationDate": "2026-03-18T09:44:43.417341Z",
   "entryType": "PERSONAL",
   "organization": null
  },
  {
   "id": 4,
   "projectName": "test",
   "usersQuantity": 2,
   "launchesQuantity": 7,
   "launchesPerUser": null,
   "uniqueTickets": null,
   "launchesPerWeek": null,
   "lastRun": "2026-01-01T10:00:00Z",
   "creationDate": "2026-03-21T12:12:51.737289Z",
   "entryType": "INTERNAL",
   "organization": null
  },
  {
   "id": 8,
   "projectName": "default_personal",
   "usersQuantity": 1,
   "launchesQuantity": 0,
   "launchesPerUser": null,
   "uniqueTickets": null,
   "launchesPerWeek": null,
   "lastRun": null,
   "creationDate": "2026-03-21T12:14:42.494131Z",
   "entryType": "PERSONAL",
   "organization": null
  },
  {
   "id": 98,
   "projectName": "testproject",
   "usersQuantity": 1,
   "launchesQuantity": 0,
   "launchesPerUser": null,
   "uniqueTickets": null,
   "launchesPerWeek": null,
   "lastRun": null,
   "creationDate": "2026-05-02T11:12:07.328259Z",
   "entryType": "INTERNAL",
   "organization": null
  }
 ],
 "page": {
  "number": 1,
  "size": 30,
  "totalElements": 4,
  "totalPages": 1
 }
}
