{
 "content": [
  {
   "uuid": "0d6825d9-482f-4808-b9ff-938cca5f59ee",
   "active": true,
   "id": 1,
   "userId": "superadmin",
   "email": "bayselonarrend@gmail.com",
   "photoId": "dXNlcnMvc3VwZXJhZG1pbg",
   "fullName": "bayselonarrend",
   "accountType": "INTERNAL",
   "userRole": "ADMINISTRATOR",
   "photoLoaded": true,
   "metadata": {
    "last_login": 1772748337923,
    "attachmentContentType": "image/jpeg"
   },
   "assignedProjects": {
    "superadmin_personal": {
     "projectId": 1,
     "projectRole": "PROJECT_MANAGER",
     "entryType": "PERSONAL"
    },
    "test": {
     "projectId": 3,
     "projectRole": "PROJECT_MANAGER",
     "entryType": "INTERNAL"
    }
   }
  },
  {
   "uuid": "327cfc9f-8b72-4594-8a4d-480a847927b2",
   "active": true,
   "id": 11,
   "userId": "default",
   "email": "default@default.com",
   "fullName": "default",
   "accountType": "INTERNAL",
   "userRole": "USER",
   "photoLoaded": true,
   "metadata": {
    "last_login": 1772533189154
   },
   "assignedProjects": {
    "default_personal": {
     "projectId": 20,
     "projectRole": "PROJECT_MANAGER",
     "entryType": "PERSONAL"
    },
    "superadmin_personal": {
     "projectId": 1,
     "projectRole": "MEMBER",
     "entryType": "PERSONAL"
    }
   }
  },
  {
   "uuid": "7736f19d-b75b-4536-98f8-4a282c3ddfed",
   "active": true,
   "id": 21,
   "userId": "test",
   "email": "test@example.com",
   "fullName": "Test User",
   "accountType": "INTERNAL",
   "userRole": "USER",
   "photoLoaded": true,
   "metadata": {
    "last_login": 1772748379963
   },
   "assignedProjects": {
    "test": {
     "projectId": 3,
     "projectRole": "MEMBER",
     "entryType": "INTERNAL"
    },
    "test_personal": {
     "projectId": 40,
     "projectRole": "PROJECT_MANAGER",
     "entryType": "PERSONAL"
    }
   }
  }
 ],
 "page": {
  "number": 1,
  "size": 30,
  "totalElements": 3,
  "totalPages": 1
 }
}
