{
 "uuid": "37fc41ec-4f3d-4948-afd1-60ab4857b781",
 "active": true,
 "loaded": true,
 "id": 168,
 "userId": "test",
 "email": "test@example.com",
 "fullName": "Test User",
 "accountType": "INTERNAL",
 "userRole": "USER",
 "photoLoaded": true,
 "metadata": {
  "last_login": 1781800901009
 },
 "assignedProjects": {
  "test": {
   "projectId": 4,
   "projectRole": "MEMBER",
   "entryType": "INTERNAL"
  },
  "test_personal": {
   "projectId": 333,
   "projectRole": "PROJECT_MANAGER",
   "entryType": "PERSONAL"
  }
 }
}
