{
 "comments": [
  {
   "replies": [],
   "author": {
    "displayName": "Антон Титовец",
    "kind": "drive#user",
    "me": true,
    "photoLink": "//lh3.googleusercontent.com/a/ACg8ocJnbqA6yq1Q0s-yU0hen8H6NFa_chOdcC2wpT9q-BJj0q7MyPU=s50-c-k-no"
   },
   "kind": "drive#comment",
   "id": "AAAB9xzoFX8",
   "createdTime": "2026-06-18T17:27:01.909Z",
   "modifiedTime": "2026-06-18T17:27:01.909Z",
   "htmlContent": "Comment text",
   "content": "Comment text",
   "deleted": false
  }
 ],
 "kind": "drive#commentList"
}
