{
 "id": "tblGz7JO7E7qirTKp",
 "name": "Тестовая таблица 2 (изм.)",
 "description": "Новая таблица (изм.)",
 "primaryFieldId": "fldkXBCOn7w1f1WXV",
 "fields": [
  {
   "id": "fldkXBCOn7w1f1WXV",
   "name": "Номер",
   "type": "number",
   "options": {
    "precision": 0
   }
  },
  {
   "id": "fldagCPRW3EDgyEaO",
   "name": "Строковое",
   "type": "richText"
  },
  {
   "id": "fldthmrdW2uATx3Kb",
   "name": "Вложение",
   "type": "multipleAttachments",
   "options": {
    "isReversed": false
   }
  },
  {
   "id": "fldGeP40QuVh8tVwD",
   "name": "Флажок",
   "type": "checkbox",
   "options": {
    "icon": "check",
    "color": "yellowBright"
   }
  },
  {
   "id": "fldWHMGOW1jX8D6xU",
   "name": "Дата",
   "type": "date",
   "options": {
    "dateFormat": {
     "name": "iso",
     "format": "YYYY-MM-DD"
    }
   }
  },
  {
   "id": "fldWqyccQLJ2AdOAc",
   "name": "Телефон",
   "type": "phoneNumber"
  },
  {
   "id": "fld44mBBcK47Grxn8",
   "name": "Почта",
   "type": "email"
  },
  {
   "id": "fldltc3VrTXXmED08",
   "name": "Ссылка",
   "type": "url"
  }
 ],
 "views": [
  {
   "id": "viw4h5CGaZuNAQRcb",
   "name": "Grid view",
   "type": "grid"
  }
 ]
}
