  
  {
  "bases": [
  {
  "id": "appGarzKZ0lu3gzoa",
  "name": "Test",
  "permissionLevel": "create"
  },
  {
  "id": "app9WRfJirwn3yXuG",
  "name": "Product catalog",
  "permissionLevel": "create"
  },
  {
  "id": "app6gigUYTzlDEq4X",
  "name": "Тестовая база",
  "permissionLevel": "create"
  },
  {
  "id": "app5hJGyK8asYYe1Q",
  "name": "Тестовая база",
  "permissionLevel": "create"
  },
  {
  "id": "appRQ6VxxOZb40Uwi",
  "name": "Тестовая база",
  "permissionLevel": "create"
  },
  {
  "id": "appM6FaGofV2XSfFA",
  "name": "Тестовая база",
  "permissionLevel": "create"
  },
  {
  "id": "apptm8Xqo7TwMaipQ",
  "name": "Тестовая база",
  "permissionLevel": "create"
  },
  {
  "id": "appsyQyGrF8aVN2Wm",
  "name": "Тестовая база",
  "permissionLevel": "create"
  },
  {
  "id": "applEsyJmBRm12AuN",
  "name": "Тестовая база",
  "permissionLevel": "create"
  }
  ]
  }
  
