{
 "id": "app5aHxkcM4lI7QR4",
 "tables": [
  {
   "id": "tblzYuYwF4Ge2rpYl",
   "name": "Тестовая таблица",
   "primaryFieldId": "fldpsH9EYGykOTS0i",
   "fields": [
    {
     "type": "number",
     "options": {
      "precision": 0
     },
     "id": "fldpsH9EYGykOTS0i",
     "name": "Номер"
    },
    {
     "type": "richText",
     "id": "fldSv1PbRhjbxyPAw",
     "name": "Строковое"
    }
   ],
   "views": [
    {
     "id": "viwmBAKaegcR98Nb2",
     "name": "Grid view",
     "type": "grid"
    }
   ]
  }
 ]
}
