{
 "id": "tblzWhGPSsqGLxBEK",
 "name": "Тестовая таблица 2",
 "description": "Новая таблица",
 "primaryFieldId": "fldtW4O2o8Pp2GU08",
 "fields": [
  {
   "type": "number",
   "options": {
    "precision": 0
   },
   "id": "fldtW4O2o8Pp2GU08",
   "name": "Номер"
  },
  {
   "type": "richText",
   "id": "fldQbjCGD7iKGPQWJ",
   "name": "Строковое"
  },
  {
   "type": "multipleAttachments",
   "options": {
    "isReversed": false
   },
   "id": "fldrFJRp7waK7CMh1",
   "name": "Вложение"
  },
  {
   "type": "checkbox",
   "options": {
    "icon": "check",
    "color": "yellowBright"
   },
   "id": "fldBjdXXj46gPxyEd",
   "name": "Флажок"
  },
  {
   "type": "date",
   "options": {
    "dateFormat": {
     "name": "iso",
     "format": "YYYY-MM-DD"
    }
   },
   "id": "fldhmMOZaOaCbHRrL",
   "name": "Дата"
  },
  {
   "type": "phoneNumber",
   "id": "fldFG4B4ZCSwMR2h5",
   "name": "Телефон"
  },
  {
   "type": "email",
   "id": "fld3icUUnmumN9IIV",
   "name": "Почта"
  },
  {
   "type": "url",
   "id": "flduifG7nlo5ZbOlD",
   "name": "Ссылка"
  }
 ],
 "views": [
  {
   "id": "viwun6iTDA7fJwMHE",
   "name": "Grid view",
   "type": "grid"
  }
 ]
}
