{
 "result": "success",
 "files": [
  {
   "path": "test/gif.gif",
   "is_directory": false,
   "size": 315,
   "created_at": "Tue, 14 Jul 2026 05:57:46 -0000",
   "updated_at": "Tue, 14 Jul 2026 05:57:46 -0000",
   "sha1_hash": "a66898b36c94c53766e66c1a7aaeb149447ec083"
  },
  {
   "path": "test/pic1.png",
   "is_directory": false,
   "size": 315,
   "created_at": "Tue, 14 Jul 2026 05:57:46 -0000",
   "updated_at": "Tue, 14 Jul 2026 05:57:46 -0000",
   "sha1_hash": "a66898b36c94c53766e66c1a7aaeb149447ec083"
  }
 ]
}
