"MAIN ---" 
	linux-vdso.so.1 (0x00007ffd10300000)
	libssl.so.3 => not found
	libcrypto.so.3 => not found
	libm.so.6 => /lib64/libm.so.6 (0x00007f7d2e2af000)
	libpthread.so.0 => /lib64/libpthread.so.0 (0x00007f7d2e08f000)
	libc.so.6 => /lib64/libc.so.6 (0x00007f7d2dcb8000)
	libdl.so.2 => /lib64/libdl.so.2 (0x00007f7d2dab4000)
	/lib64/ld-linux-x86-64.so.2 (0x00007f7d2e858000)
GLIBC_2.2.5
GLIBC_2.3
GLIBC_2.3.4
GLIBC_2.14
GLIBC_2.17
"FOLV ---" 
	linux-vdso.so.1 (0x00007ffec1def000)
	libssl.so.1.1 => /lib64/libssl.so.1.1 (0x00007f936ec67000)
	libcrypto.so.1.1 => /lib64/libcrypto.so.1.1 (0x00007f936e77c000)
	libm.so.6 => /lib64/libm.so.6 (0x00007f936e3fa000)
	libpthread.so.0 => /lib64/libpthread.so.0 (0x00007f936e1da000)
	libc.so.6 => /lib64/libc.so.6 (0x00007f936de03000)
	libdl.so.2 => /lib64/libdl.so.2 (0x00007f936dbff000)
	/lib64/ld-linux-x86-64.so.2 (0x00007f936f123000)
	libz.so.1 => /lib64/libz.so.1 (0x00007f936d9e7000)
GLIBC_2.2.5
GLIBC_2.3
GLIBC_2.3.4
GLIBC_2.14
GLIBC_2.17
