{
 "object": "page",
 "id": "3a282aa7-fc4e-81ad-a1e4-f80f3f56e8a0",
 "created_time": "2026-07-19T16:28:00Z",
 "last_edited_time": "2026-07-19T16:28:00Z",
 "created_by": {
  "object": "user",
  "id": "8b07422e-eeea-40d1-8d5e-c784211825b0"
 },
 "last_edited_by": {
  "object": "user",
  "id": "8b07422e-eeea-40d1-8d5e-c784211825b0"
 },
 "cover": null,
 "icon": null,
 "parent": {
  "type": "database_id",
  "database_id": "3a282aa7-fc4e-81c6-a4a4-fba062ee99da"
 },
 "in_trash": false,
 "is_archived": false,
 "is_locked": false,
 "properties": {
  "Active": {
   "id": "%3Ai%3Bb",
   "type": "checkbox",
   "checkbox": true
  },
  "Phone": {
   "id": "%3BeQs",
   "type": "phone_number",
   "phone_number": "***"
  },
  "User": {
   "id": "Ae%5CP",
   "type": "people",
   "people": []
  },
  "Email": {
   "id": "V%7CW%60",
   "type": "rich_text",
   "rich_text": [
    {
     "type": "text",
     "text": {
      "content": "mail@vector.ru",
      "link": null
     },
     "annotations": {
      "bold": false,
      "italic": false,
      "strikethrough": false,
      "underline": false,
      "code": false,
      "color": "default"
     },
     "plain_text": "mail@vector.ru",
     "href": null
    }
   ]
  },
  "Number": {
   "id": "%5BrX%60",
   "type": "number",
   "number": 1
  },
  "CreationDate": {
   "id": "oehk",
   "type": "date",
   "date": {
    "start": "2026-07-19T04:28:00+00:00",
    "end": null,
    "time_zone": null
   }
  },
  "Image": {
   "id": "p%3F%3Cc",
   "type": "files",
   "files": [
    {
     "name": "Logo",
     "type": "external",
     "external": {
      "url": "https://releases.openintegrations.dev/test_data/picture.jpg"
     }
    }
   ]
  },
  "Status": {
   "id": "w~wD",
   "type": "select",
   "select": {
    "id": "74be6484-29a1-4ab6-8a83-1bd669e5a0f2",
    "name": "New",
    "color": "green"
   }
  },
  "Description": {
   "id": "zFC%3D",
   "type": "rich_text",
   "rich_text": [
    {
     "type": "text",
     "text": {
      "content": "OurFirstClient",
      "link": null
     },
     "annotations": {
      "bold": false,
      "italic": false,
      "strikethrough": false,
      "underline": false,
      "code": false,
      "color": "default"
     },
     "plain_text": "OurFirstClient",
     "href": null
    }
   ]
  },
  "Name": {
   "id": "title",
   "type": "title",
   "title": [
    {
     "type": "text",
     "text": {
      "content": "LLC Vector",
      "link": null
     },
     "annotations": {
      "bold": false,
      "italic": false,
      "strikethrough": false,
      "underline": false,
      "code": false,
      "color": "default"
     },
     "plain_text": "LLC Vector",
     "href": null
    }
   ]
  }
 },
 "url": "https://app.notion.com/p/LLC-Vector-3a282aa7fc4e81ada1e4f80f3f56e8a0",
 "public_url": null,
 "archived": false,
 "request_id": "b49f7a46-892a-44d1-bd07-f5faa129cd9a"
}
