{
 "object": "database",
 "id": "36c82aa7-fc4e-8179-80eb-e5aef68b68bb",
 "cover": null,
 "icon": null,
 "created_time": "2026-05-26T08:51:00Z",
 "created_by": {
  "object": "user",
  "id": "8b07422e-eeea-40d1-8d5e-c784211825b0"
 },
 "last_edited_by": {
  "object": "user",
  "id": "8b07422e-eeea-40d1-8d5e-c784211825b0"
 },
 "last_edited_time": "2026-05-26T08:51:00Z",
 "title": [
  {
   "type": "text",
   "text": {
    "content": "TestTitle",
    "link": null
   },
   "annotations": {
    "bold": false,
    "italic": false,
    "strikethrough": false,
    "underline": false,
    "code": false,
    "color": "default"
   },
   "plain_text": "TestTitle",
   "href": null
  }
 ],
 "description": [],
 "is_inline": false,
 "properties": {
  "Email": {
   "id": "%40%5Bpq",
   "name": "Email",
   "description": null,
   "type": "email",
   "email": {}
  },
  "User": {
   "id": "A%3F_A",
   "name": "User",
   "description": null,
   "type": "people",
   "people": {}
  },
  "Active": {
   "id": "GsKF",
   "name": "Active",
   "description": null,
   "type": "checkbox",
   "checkbox": {}
  },
  "Number": {
   "id": "LviB",
   "name": "Number",
   "description": null,
   "type": "number",
   "number": {
    "format": "number"
   }
  },
  "Website": {
   "id": "NKmh",
   "name": "Website",
   "description": null,
   "type": "url",
   "url": {}
  },
  "Phone": {
   "id": "Rvfw",
   "name": "Phone",
   "description": null,
   "type": "phone_number",
   "phone_number": {}
  },
  "Status": {
   "id": "%5CZ%7Cd",
   "name": "Status",
   "description": null,
   "type": "select",
   "select": {
    "options": [
     {
      "id": "2cd104b8-c8b2-462d-9b54-feac59c99adb",
      "name": "New",
      "color": "green",
      "description": null
     },
     {
      "id": "3bda826e-7a65-496a-bfcb-a24ede22cddb",
      "name": "InProgress",
      "color": "yellow",
      "description": null
     },
     {
      "id": "67164b4a-489d-441b-8bd7-b470de59dd40",
      "name": "Remote",
      "color": "red",
      "description": null
     }
    ]
   }
  },
  "Description": {
   "id": "%5CguS",
   "name": "Description",
   "description": null,
   "type": "rich_text",
   "rich_text": {}
  },
  "CreationDate": {
   "id": "f%5B~i",
   "name": "CreationDate",
   "description": null,
   "type": "date",
   "date": {}
  },
  "Image": {
   "id": "jLHD",
   "name": "Image",
   "description": null,
   "type": "files",
   "files": {}
  },
  "Name": {
   "id": "title",
   "name": "Name",
   "description": null,
   "type": "title",
   "title": {}
  }
 },
 "parent": {
  "type": "page_id",
  "page_id": "5dd94c34-fab0-4bff-986b-7511c0779f77"
 },
 "url": "https://www.notion.so/36c82aa7fc4e817980ebe5aef68b68bb",
 "public_url": null,
 "in_trash": false,
 "archived": false,
 "request_id": "df5f6cad-00a0-49be-96b8-8684f4bbeff7"
}
