{
 "object": "list",
 "results": [
  {
   "object": "block",
   "id": "38382aa7-fc4e-8180-8b50-ccfd1f9966e5",
   "parent": {
    "type": "page_id",
    "page_id": "5dd94c34-fab0-4bff-986b-7511c0779f77"
   },
   "created_time": "2026-06-18T16:39:00Z",
   "last_edited_time": "2026-06-18T16:39:00Z",
   "created_by": {
    "object": "user",
    "id": "8b07422e-eeea-40d1-8d5e-c784211825b0"
   },
   "last_edited_by": {
    "object": "user",
    "id": "8b07422e-eeea-40d1-8d5e-c784211825b0"
   },
   "has_children": false,
   "in_trash": false,
   "type": "to_do",
   "to_do": {
    "rich_text": [
     {
      "type": "text",
      "text": {
       "content": "YoYO",
       "link": null
      },
      "annotations": {
       "bold": false,
       "italic": false,
       "strikethrough": false,
       "underline": false,
       "code": false,
       "color": "default"
      },
      "plain_text": "YoYO",
      "href": null
     }
    ],
    "checked": false,
    "color": "default"
   },
   "archived": false
  }
 ],
 "next_cursor": null,
 "has_more": false,
 "type": "block",
 "block": {},
 "request_id": "959d0251-9d1f-46a7-944d-955d034b6be8"
}
