{
 "object": "page",
 "id": "3a282aa7-fc4e-81e9-8ba4-e1b3eec2c716",
 "created_time": "2026-07-19T17:05:00Z",
 "last_edited_time": "2026-07-19T17:05:00Z",
 "created_by": {
  "object": "user",
  "id": "8b07422e-eeea-40d1-8d5e-c784211825b0"
 },
 "last_edited_by": {
  "object": "user",
  "id": "8b07422e-eeea-40d1-8d5e-c784211825b0"
 },
 "cover": null,
 "icon": null,
 "parent": {
  "type": "page_id",
  "page_id": "5dd94c34-fab0-4bff-986b-7511c0779f77"
 },
 "in_trash": false,
 "is_archived": false,
 "is_locked": false,
 "properties": {
  "title": {
   "id": "title",
   "type": "title",
   "title": [
    {
     "type": "text",
     "text": {
      "content": "title",
      "link": null
     },
     "annotations": {
      "bold": false,
      "italic": false,
      "strikethrough": false,
      "underline": false,
      "code": false,
      "color": "default"
     },
     "plain_text": "title",
     "href": null
    }
   ]
  }
 },
 "url": "https://app.notion.com/p/title-3a282aa7fc4e81e98ba4e1b3eec2c716",
 "public_url": null,
 "archived": false,
 "request_id": "a4bc45d8-ca46-4c8c-b9d8-a6fecf5235ad"
}
