{
 "object": "block",
 "id": "38382aa7-fc4e-81f1-933b-fc7d167eaf01",
 "parent": {
  "type": "page_id",
  "page_id": "5dd94c34-fab0-4bff-986b-7511c0779f77"
 },
 "created_time": "2026-06-18T17:25:00Z",
 "last_edited_time": "2026-06-18T17:25:00Z",
 "created_by": {
  "object": "user",
  "id": "8b07422e-eeea-40d1-8d5e-c784211825b0"
 },
 "last_edited_by": {
  "object": "user",
  "id": "8b07422e-eeea-40d1-8d5e-c784211825b0"
 },
 "has_children": false,
 "in_trash": true,
 "type": "to_do",
 "to_do": {
  "rich_text": [
   {
    "type": "text",
    "text": {
     "content": "YoYO",
     "link": null
    },
    "annotations": {
     "bold": false,
     "italic": false,
     "strikethrough": false,
     "underline": false,
     "code": false,
     "color": "default"
    },
    "plain_text": "YoYO",
    "href": null
   }
  ],
  "checked": false,
  "color": "default"
 },
 "archived": true,
 "request_id": "b24da9b8-7dde-434c-a06b-259603d7caa5"
}
