{
 "object": "page",
 "id": "32e82aa7-fc4e-814c-a237-dbf7db0a6a0f",
 "created_time": "2026-03-25T14:24:00Z",
 "last_edited_time": "2026-03-25T14:24:00Z",
 "created_by": {
  "object": "user",
  "id": "8b07422e-eeea-40d1-8d5e-c784211825b0"
 },
 "last_edited_by": {
  "object": "user",
  "id": "8b07422e-eeea-40d1-8d5e-c784211825b0"
 },
 "cover": {
  "type": "external",
  "external": {
   "url": "https://hut.openintegrations.dev/test_data/picture2.jpg"
  }
 },
 "icon": {
  "type": "external",
  "external": {
   "url": "https://hut.openintegrations.dev/test_data/picture.jpg"
  }
 },
 "parent": {
  "type": "page_id",
  "page_id": "5dd94c34-fab0-4bff-986b-7511c0779f77"
 },
 "in_trash": false,
 "is_archived": false,
 "is_locked": false,
 "properties": {
  "title": {
   "id": "title",
   "type": "title",
   "title": [
    {
     "type": "text",
     "text": {
      "content": "title",
      "link": null
     },
     "annotations": {
      "bold": false,
      "italic": false,
      "strikethrough": false,
      "underline": false,
      "code": false,
      "color": "default"
     },
     "plain_text": "title",
     "href": null
    }
   ]
  }
 },
 "url": "https://www.notion.so/title-32e82aa7fc4e814ca237dbf7db0a6a0f",
 "public_url": null,
 "archived": false,
 "request_id": "59b7b653-c092-4331-b4d8-e3af6c44d21c"
}
