{
 "object": "database",
 "id": "3a282aa7-fc4e-81c6-a4a4-fba062ee99da",
 "cover": null,
 "icon": null,
 "created_time": "2026-07-19T16:28:00Z",
 "created_by": {
  "object": "user",
  "id": "8b07422e-eeea-40d1-8d5e-c784211825b0"
 },
 "last_edited_by": {
  "object": "user",
  "id": "8b07422e-eeea-40d1-8d5e-c784211825b0"
 },
 "last_edited_time": "2026-07-19T16:28:00Z",
 "title": [
  {
   "type": "text",
   "text": {
    "content": "TestTitle",
    "link": null
   },
   "annotations": {
    "bold": false,
    "italic": false,
    "strikethrough": false,
    "underline": false,
    "code": false,
    "color": "default"
   },
   "plain_text": "TestTitle",
   "href": null
  }
 ],
 "description": [
  {
   "type": "text",
   "text": {
    "content": "TestDescription",
    "link": null
   },
   "annotations": {
    "bold": false,
    "italic": false,
    "strikethrough": false,
    "underline": false,
    "code": false,
    "color": "default"
   },
   "plain_text": "TestDescription",
   "href": null
  }
 ],
 "is_inline": false,
 "properties": {
  "Active": {
   "id": "%3Ai%3Bb",
   "name": "Active",
   "description": null,
   "type": "checkbox",
   "checkbox": {}
  },
  "Phone": {
   "id": "%3BeQs",
   "name": "Phone",
   "description": null,
   "type": "phone_number",
   "phone_number": {}
  },
  "User": {
   "id": "Ae%5CP",
   "name": "User",
   "description": null,
   "type": "people",
   "people": {}
  },
  "Email": {
   "id": "V%7CW%60",
   "name": "Email",
   "description": null,
   "type": "rich_text",
   "rich_text": {}
  },
  "Number": {
   "id": "%5BrX%60",
   "name": "Number",
   "description": null,
   "type": "number",
   "number": {
    "format": "number"
   }
  },
  "CreationDate": {
   "id": "oehk",
   "name": "CreationDate",
   "description": null,
   "type": "date",
   "date": {}
  },
  "Image": {
   "id": "p%3F%3Cc",
   "name": "Image",
   "description": null,
   "type": "files",
   "files": {}
  },
  "Status": {
   "id": "w~wD",
   "name": "Status",
   "description": null,
   "type": "select",
   "select": {
    "options": [
     {
      "id": "74be6484-29a1-4ab6-8a83-1bd669e5a0f2",
      "name": "New",
      "color": "green",
      "description": null
     },
     {
      "id": "c4ed3a4a-fe72-4c16-a31c-7d57a891065e",
      "name": "InProgress",
      "color": "yellow",
      "description": null
     },
     {
      "id": "5eee87b2-f449-4e11-9304-0ff7db4d6552",
      "name": "Remote",
      "color": "red",
      "description": null
     }
    ]
   }
  },
  "Description": {
   "id": "zFC%3D",
   "name": "Description",
   "description": null,
   "type": "rich_text",
   "rich_text": {}
  },
  "Name": {
   "id": "title",
   "name": "Name",
   "description": null,
   "type": "title",
   "title": {}
  }
 },
 "parent": {
  "type": "page_id",
  "page_id": "5dd94c34-fab0-4bff-986b-7511c0779f77"
 },
 "url": "https://app.notion.com/p/3a282aa7fc4e81c6a4a4fba062ee99da",
 "public_url": null,
 "in_trash": false,
 "archived": false,
 "request_id": "e895edef-a1bd-4121-8469-0130adaf4ce7"
}
