{
 "object": "database",
 "id": "38382aa7-fc4e-8179-90ea-f13459ce219c",
 "cover": null,
 "icon": null,
 "created_time": "2026-06-18T17:39:00Z",
 "created_by": {
  "object": "user",
  "id": "8b07422e-eeea-40d1-8d5e-c784211825b0"
 },
 "last_edited_by": {
  "object": "user",
  "id": "8b07422e-eeea-40d1-8d5e-c784211825b0"
 },
 "last_edited_time": "2026-06-18T17:39:00Z",
 "title": [
  {
   "type": "text",
   "text": {
    "content": "TestTitle",
    "link": null
   },
   "annotations": {
    "bold": false,
    "italic": false,
    "strikethrough": false,
    "underline": false,
    "code": false,
    "color": "default"
   },
   "plain_text": "TestTitle",
   "href": null
  }
 ],
 "description": [
  {
   "type": "text",
   "text": {
    "content": "TestDescription",
    "link": null
   },
   "annotations": {
    "bold": false,
    "italic": false,
    "strikethrough": false,
    "underline": false,
    "code": false,
    "color": "default"
   },
   "plain_text": "TestDescription",
   "href": null
  }
 ],
 "is_inline": false,
 "properties": {
  "Active": {
   "id": "Iq%3DM",
   "name": "Active",
   "description": null,
   "type": "checkbox",
   "checkbox": {}
  },
  "Number": {
   "id": "OE_t",
   "name": "Number",
   "description": null,
   "type": "number",
   "number": {
    "format": "number"
   }
  },
  "Phone": {
   "id": "Yvth",
   "name": "Phone",
   "description": null,
   "type": "phone_number",
   "phone_number": {}
  },
  "Status": {
   "id": "cOp%7D",
   "name": "Status",
   "description": null,
   "type": "select",
   "select": {
    "options": [
     {
      "id": "df905083-b4e4-4f83-acfb-4d64c81b9930",
      "name": "New",
      "color": "green",
      "description": null
     },
     {
      "id": "e8a4b3c4-8f7a-4aed-a95e-0bfefc091e2f",
      "name": "InProgress",
      "color": "yellow",
      "description": null
     },
     {
      "id": "8f67e47c-f2cf-4ce9-811b-207b03576f4c",
      "name": "Remote",
      "color": "red",
      "description": null
     }
    ]
   }
  },
  "Description": {
   "id": "lT%3CO",
   "name": "Description",
   "description": null,
   "type": "rich_text",
   "rich_text": {}
  },
  "Email": {
   "id": "nJF_",
   "name": "Email",
   "description": null,
   "type": "rich_text",
   "rich_text": {}
  },
  "CreationDate": {
   "id": "q%3Ftm",
   "name": "CreationDate",
   "description": null,
   "type": "date",
   "date": {}
  },
  "User": {
   "id": "qbbF",
   "name": "User",
   "description": null,
   "type": "people",
   "people": {}
  },
  "Image": {
   "id": "%7CtKw",
   "name": "Image",
   "description": null,
   "type": "files",
   "files": {}
  },
  "Name": {
   "id": "title",
   "name": "Name",
   "description": null,
   "type": "title",
   "title": {}
  }
 },
 "parent": {
  "type": "page_id",
  "page_id": "5dd94c34-fab0-4bff-986b-7511c0779f77"
 },
 "url": "https://app.notion.com/p/38382aa7fc4e817990eaf13459ce219c",
 "public_url": null,
 "in_trash": false,
 "archived": false,
 "request_id": "68385a33-5384-47fb-a0c2-b0a259c56b76"
}
