{
 "object": "page",
 "id": "36b82aa7-fc4e-81b1-96b4-fc45693d1da3",
 "created_time": "2026-05-25T14:05:00Z",
 "last_edited_time": "2026-05-25T14:05:00Z",
 "created_by": {
  "object": "user",
  "id": "8b07422e-eeea-40d1-8d5e-c784211825b0"
 },
 "last_edited_by": {
  "object": "user",
  "id": "8b07422e-eeea-40d1-8d5e-c784211825b0"
 },
 "cover": null,
 "icon": null,
 "parent": {
  "type": "page_id",
  "page_id": "5dd94c34-fab0-4bff-986b-7511c0779f77"
 },
 "in_trash": false,
 "is_archived": false,
 "is_locked": false,
 "properties": {
  "title": {
   "id": "title",
   "type": "title",
   "title": [
    {
     "type": "text",
     "text": {
      "content": "title",
      "link": null
     },
     "annotations": {
      "bold": false,
      "italic": false,
      "strikethrough": false,
      "underline": false,
      "code": false,
      "color": "default"
     },
     "plain_text": "title",
     "href": null
    }
   ]
  }
 },
 "url": "https://www.notion.so/title-36b82aa7fc4e81b196b4fc45693d1da3",
 "public_url": null,
 "archived": false,
 "request_id": "871d1eb6-0dc7-4a24-8662-7424e236828c"
}
