"MAIN ---" 
	linux-vdso.so.1 (0x00007ffe9fd6f000)
	libm.so.6 => /lib64/libm.so.6 (0x0000726852a00000)
	libpthread.so.0 => /lib64/libpthread.so.0 (0x0000726852600000)
	libc.so.6 => /lib64/libc.so.6 (0x0000726852200000)
	libdl.so.2 => /lib64/libdl.so.2 (0x0000726851e00000)
	/lib64/ld-linux-x86-64.so.2 (0x0000726852e00000)
r2G.
DestroyObject
GetAttachType
GetClassNames
GetClassObject
SetPlatformCapabilities
memcpy
free
sched_yield
__tls_get_addr
syscall
__errno_location
memset
bcmp
memmove
posix_memalign
malloc
realloc
epoll_ctl
read
abort
write
pthread_key_create
pthread_key_delete
pthread_setspecific
__xpg_strerror_r
strlen
clock_gettime
open64
lseek64
close
statx
munmap
mmap64
realpath
calloc
readlink
getenv
__cxa_thread_atexit_impl
getcwd
dl_iterate_phdr
pthread_attr_init
pthread_attr_setstacksize
sysconf
pthread_create
pthread_attr_destroy
dlsym
pthread_self
pthread_setname_np
pthread_detach
getrandom
pthread_join
socketpair
__libc_current_sigrtmax
epoll_wait
recv
waitid
waitpid
sigaction
sched_getaffinity
epoll_create1
eventfd
fcntl
stderr
fprintf
fflush
pthread_rwlock_wrlock
pthread_rwlock_unlock
dladdr
snprintf
pthread_rwlock_rdlock
fwrite
__fxstat64
__xstat64
libm.so.6
GLIBC_2.2.5
libpthread.so.0
GLIBC_2.12
libc.so.6
GLIBC_2.3
GLIBC_2.3.2
GLIBC_2.3.4
GLIBC_2.7
GLIBC_2.9
GLIBC_2.14
GLIBC_2.17
libdl.so.2
ld-linux-x86-64.so.2
0E.gnu_debugaltlin
UUUUUUUUUUUUUUUUalloc/src/fmt.rs
assertion `left ) when slicing `connection resetentity not foundk
{invalid syntax}host unreachable.debug_types.dwoinvalid filenamerange end index signal too largecpu.cfs_quota_us
3333333333333333             at 
																core/src/time.rsPermissionDeniedStripPrefixErrorEOF on self-pipe
no storage space right` failed: AddrNotAvailable
0123456789abcdef
NotFoundTimedOut
Aextern "
? (bytes Deadlock
Adeadlockelapsed=thread 'NulErrorU
/rustc/90b35a6239c3d8bdabc530a6a0816f7ff89a0aaf/library/std/src/sync/mpmc/mod.rs/rustc/90b35a6239c3d8bdabc530a6a0816f7ff89a0aaf/library/std/src/sync/mpmc/list.rs/rustc/90b35a6239c3d8bdabc530a6a0816f7ff89a0aaf/library/std/src/sync/mpmc/zero.rs/rustc/90b35a6239c3d8bdabc530a6a0816f7ff89a0aaf/library/std/src/sync/mpmc/array.rs/rustc/90b35a6239c3d8bdabc530a6a0816f7ff89a0aaf/library/std/src/sync/mpmc/waker.rs/rustc/90b35a6239c3d8bdabc530a6a0816f7ff89a0aaf/library/std/src/sync/mpmc/context.rssending on a closed channelpoisoned lock: another task failed inside
core/src/unicode/unicode_data.rs
" must be valid unicode, error: index out of bounds: the len is 
assertion failed: idx < CAPACITYassertion failed: new_cap >= len
std/src/sys/sync/rwlock/futex.rsopi_mongodb_backendsrc/component/backend_core.rsBackend thread panicked: Sending error: Response receiver error: resultsrc/component/mod.rsClient already initialized!Empty connection string!Index out of bounds
alloc/src/raw_vec.rsalloc/src/ffi/c_str.rsswap_remove index (is ) should be < len (is removal index (is +cannot parse integer from empty stringinvalid digit found in stringnumber too large to fit in target typenumber too small to fit in target typenumber would be zero for non-zero type..AnyBorrowErrorBorrowMutErroralready borrowed: already mutably borrowed: called `Option::unwrap()` on a `None` valuecore/src/panicking.rsexplicit panic but the index is panic in a function that cannot unwindpanic in a destructor during cleanup==!= right` failed
  left: 
 right: 
  left: 
) = 
Zero
codeu128for<boolmut Kindkind/
nullSome <= truechar -> shimNone    i128 as dyn  {
 { .. }, .. }..
core/src/fmt/num.rscore/src/fmt/mod.rscore/src/slice/memchr.rsuser-provided comparison function does not correctly implement a total ordercore/src/slice/sort/shared/smallsort.rsrange start index  out of range for slice of length slice index starts at  but ends at attempted to index slice up to maximum usizesource slice length () does not match destination slice length (attempted to index str up to maximum usize
core/src/str/pattern.rscore/src/str/lossy.rs\x[...]begin <= end (`byte index  is not a char boundary; it is inside ) of ` is out of bounds of `core/src/str/mod.rsns
sms18446744073709551616core/src/unicode/printable.rs
';>NO
	6=>V
67VW
)14:EFIJNOde
;>fi
./'(U
:?EQ
"%>?
 #%&(38:HJLPSUVXZ\^`cefksx}
PI73
LG	t<
./?\]_
)147:;=IJ]
)14:;EFIJ^de
):;EIW[\^_de
EIde
INOWY^_
FGNOXZ\^~
NOZ[
no7=?BE
%_ m
attempt to divide by zeroattempt to calculate the remainder with a divisor of zero
, +*0
jaTOo
/rust/deps/gimli-0.29.0/src/read/abbrev.rs/home/bayselonarrend/.cargo/registry/src/index.crates.io-6f17d22bba15001f/hashbrown-0.15.2/src/raw/mod.rsHash table capacity overflow/rust/deps/hashbrown-0.15.0/src/raw/mod.rs/home/bayselonarrend/.cargo/registry/src/index.crates.io-6f17d22bba15001f/smallvec-1.13.2/src/lib.rsdest is out of bounds/rustc/90b35a6239c3d8bdabc530a6a0816f7ff89a0aaf/library/core/src/slice/index.rs/rust/deps/miniz_oxide-0.7.4/src/inflate/core.rs/rust/deps/miniz_oxide-0.7.4/src/inflate/output_buffer.rs
/rustc/90b35a6239c3d8bdabc530a6a0816f7ff89a0aaf/library/core/src/ops/function.rsEmptyInvalidDigitPosOverflowNegOverflowParseIntError/rust/deps/rustc-demangle-0.1.24/src/legacy.rs::C(><&*@/rust/deps/rustc-demangle-0.1.24/src/v0.rs`fmt::Error`s should be impossible without a `fmt::Formatter`punycode{-0internal error: entered unreachable code: str::from_utf8( was expected to have 1 char, but  chars were foundstri8i16i32i64isizeu8u16u32u64usizef32f64!_...{recursion limit reached}?'> , ::{closure# const ;  + unsafe " fn( =  {  }0x.llvm./rust/deps/rustc-demangle-0.1.24/src/lib.rs{size limit reached}`fmt::Error` from `SizeLimitedFmtAdapter` was discardedSizeLimitExhausted
	h"lxz
"6X8I
z<=f
Q]#B
[Zr.-
Ww'&l
`KSO1
`U,$
H~QA
867w
VXXr
nGV5}$ e
4#aM
G(SN\_T8h
C`SD[
6|;m
C`y;bs
dmAR
fDBI
9ayw
 yqa
|[vt
nXPO
p~,R
.UGH
Z"cd
dB23
}xt;Q
JNt3
QwqM
#J%b
f+i#
f|yL#
#&Gl
l#)_
X"+	}z
E[]c
xE/|(
m)y@z,`
Z`!a
\98/
*"R?'Co
?~I$
"N@\Ukj
h6:Y
c]@t
o-qBa
NjhM
=O@t
ZN,5
=YI4V
$iA7
$$yF
>1d]
C#)Ch
}hN6
}Iqs
Ym?M
Am%C
~3gW`
sluu
=I"[
+:>t
mA/sq
e.{nL
4AHx
~$|7
HWrDqA
|M$D
Bus[
]3".
(:W"
Ox}?
0*te
@BXV
b.M%[
sax~Z
H<HD
{D<N1
	nQoFOn
{*do^
$qE}
D%WW
m^W%Q
6Rw>iP
"@up
hg^Jp5|
>?V;=
 =U7el#|67
/u&^Y
[@JO
fg0@
6?^s
xt\)O8
/!x\+	l
hPMX
xR|C
a Display implementation returned an error unexpectedly/rustc/90b35a6239c3d8bdabc530a6a0816f7ff89a0aaf/library/alloc/src/string.rs00010203040506070809101112131415161718192021222324252627282930313233343536373839404142434445464748495051525354555657585960616263646566676869707172737475767778798081828384858687888990919293949596979899/home/bayselonarrend/.cargo/registry/src/index.crates.io-6f17d22bba15001f/indexmap-2.9.0/src/map/core.rsfalse/home/bayselonarrend/.cargo/registry/src/index.crates.io-6f17d22bba15001f/serde_json-1.0.145/src/ser.rs[],{},
uuuuuuuubtnufruuuuuuuuuuuuuuuuuu
assertion failed: edge.height == self.height - 1assertion failed: src.len() == dst.len()/rustc/90b35a6239c3d8bdabc530a6a0816f7ff89a0aaf/library/alloc/src/collections/btree/map.rsWe shall be set up alreadyassertion failed: old.is_null()Platform broken, got NULL as siginfo to signal handler. Aborting/rustc/90b35a6239c3d8bdabc530a6a0816f7ff89a0aaf/library/alloc/src/collections/btree/navigate.rs()/rustc/90b35a6239c3d8bdabc530a6a0816f7ff89a0aaf/library/core/src/str/pattern.rs
overflow in Duration::new/rustc/90b35a6239c3d8bdabc530a6a0816f7ff89a0aaf/library/core/src/time.rs/rustc/90b35a6239c3d8bdabc530a6a0816f7ff89a0aaf/library/core/src/slice/sort/stable/quicksort.rsmid > lenError/rust/deps/gimli-0.29.0/src/read/line.rs/rustc/90b35a6239c3d8bdabc530a6a0816f7ff89a0aaf/library/core/src/num/wrapping.rs/rust/deps/gimli-0.29.0/src/read/index.rs.debug_abbrev.debug_addr.debug_aranges.debug_cu_index.debug_info.debug_line.debug_line_str.debug_loc.debug_loclists.debug_ranges.debug_rnglists.debug_str.debug_str_offsets.debug_tu_index.debug_types:/rust/deps/addr2line-0.22.0/src/lib.rs/rust/deps/addr2line-0.22.0/src/function.rstoo many running threads in thread scopestd/src/thread/scoped.rsuse of std::thread::current() is not possible after the thread's
         local data has been destroyedstd/src/thread/current.rsfatal runtime error: 
            Attempted to access thread-local data while allocating said data.
            Do not access functions that allocate in the global allocator!
            This is a bug in the global allocator.
        
AccessErrorfatal runtime error: an irrecoverable error occurred while synchronizing threads
std/src/thread/mod.rsfailed to generate unique thread ID: bitspace exhaustedthread name may not contain interior null bytesRUST_BACKTRACEfailed to allocate read bufferstream did not contain valid UTF-8/permission deniedconnection refusednetwork unreachableconnection abortednot connectedaddress in useaddress not availablenetwork downbroken pipeentity already existsoperation would blocknot a directoryis a directorydirectory not emptyread-only filesystem or storage mediumfilesystem loop or indirection limit (e.g. symlink loop)stale network file handleinvalid input parameterinvalid datatimed outwrite zeroseek on unseekable filefilesystem quota exceededfile too largeresource busyexecutable file busycross-device link or renametoo many linksargument list too longoperation interruptedunsupportedunexpected end of fileout of memoryin progressother erroruncategorized errorOsmessageCustomerror (os error )std/src/io/stdio.rsfailed printing to : stderrstd/src/io/mod.rsfailed to fill whole bufferpanicked at :
std/src/path.rs.extension cannot contain path separators: receiving on a closed channelstd/src/sync/once.rslock count overflow in reentrant mutexstd/src/sync/reentrant_lock.rsfile name contained an unexpected NUL bytestack backtrace:
note: Some details are omitted, run with `RUST_BACKTRACE=full` for a verbose backtrace.
__rust_begin_short_backtrace__rust_end_short_backtraces      [... omitted  frame ...]
<unknown>
memory allocation of  bytes failed
<unnamed>' panicked at 
note: run with `RUST_BACKTRACE=1` environment variable to display a backtrace
Box<dyn Any>aborting due to panic at 
thread panicked while processing panic. aborting.
thread caused non-unwinding panic. aborting.
std/src/../../backtrace/src/symbolize/mod.rs -       ConnectionRefusedConnectionResetHostUnreachableNetworkUnreachableConnectionAbortedNotConnectedAddrInUseNetworkDownBrokenPipeAlreadyExistsWouldBlockNotADirectoryIsADirectoryDirectoryNotEmptyReadOnlyFilesystemFilesystemLoopStaleNetworkFileHandleInvalidInputInvalidDataWriteZeroStorageFullNotSeekableFilesystemQuotaExceededFileTooLargeResourceBusyExecutableFileBusyCrossesDevicesTooManyLinksInvalidFilenameArgumentListTooLongInterruptedUnsupportedUnexpectedEofOutOfMemoryInProgressOtherUncategorizedstrerror_r failurestd/src/sys/pal/unix/os.rsno /proc/self/exe available. Is /proc mounted?std/src/sys/pal/unix/thread.rsfailed to join thread: The number of hardware threads is not known for the target platform/proc/self/cgroupcpu/sys/fs/cgroupcgroup.controllerscpu.cfs_period_us/sys/fs/cgroup/cpu/sys/fs/cgroup/cpu,cpuacct/proc/self/mountinfoInvalid timestampstd/src/sys/pal/unix/time.rsstd/src/sys/pal/unix/process/process_unix.rsinternal error: entered unreachable code: waitid() should only return the above codesstd/src/sys/random/linux.rsfailed to generate random data/dev/urandomOnce instance has previously been poisonedtoo many active read locks on RwLockassertion failed: is_unlocked(state)fatal runtime error: the global allocator may not use TLS with destructors
std/src/sys/thread_local/destructors/list.rsstd/src/sys/thread_local/key/unix.rsfatal runtime error: assertion failed: key as usize != KEY_SENTVAL
std/src/../../backtrace/src/symbolize/gimli/stash.rs.debug_abbrev.dwo.debug_info.dwo.debug_line.dwo.debug_loc.dwo.debug_loclists.dwo.debug_rnglists.dwo.debug_str.dwo.debug_str_offsets.dwostd/src/../../backtrace/src/symbolize/gimli.rsstd/src/../../backtrace/src/symbolize/gimli/elf.rs/usr/lib/debug/usr/lib/debug/.build-id//proc/self/mapsinsufficient perms__pthread_get_minstack
capacity overflow/rustc/90b35a6239c3d8bdabc530a6a0816f7ff89a0aaf/library/alloc/src/vec/spec_from_iter_nested.rs
Attempted to register forbidden signal /home/bayselonarrend/.cargo/registry/src/index.crates.io-6f17d22bba15001f/signal-hook-registry-1.4.5/src/lib.rsassertion failed: occupied.get_mut().actions.insert(id, action).is_none()failed to write whole buffer/rustc/90b35a6239c3d8bdabc530a6a0816f7ff89a0aaf/library/std/src/io/mod.rsa formatting trait implementation returned an error when the underlying stream did notinternal error: entered unreachable code/rustc/90b35a6239c3d8bdabc530a6a0816f7ff89a0aaf/library/std/src/os/fd/owned.rs/rustc/90b35a6239c3d8bdabc530a6a0816f7ff89a0aaf/library/std/src/sync/once.rs/rustc/90b35a6239c3d8bdabc530a6a0816f7ff89a0aaf/library/std/src/thread/mod.rscannot access a Thread Local Storage value during or after destruction/rustc/90b35a6239c3d8bdabc530a6a0816f7ff89a0aaf/library/std/src/thread/local.rsmain
fatal runtime error: something here is badly broken!
RUST_MIN_STACKcalled `Result::unwrap()` on an `Err` value/rustc/90b35a6239c3d8bdabc530a6a0816f7ff89a0aaf/library/alloc/src/collections/btree/map/entry.rs/rustc/90b35a6239c3d8bdabc530a6a0816f7ff89a0aaf/library/alloc/src/collections/btree/node.rsassertion failed: edge.height == self.node.height - 1/rustc/90b35a6239c3d8bdabc530a6a0816f7ff89a0aaf/library/alloc/src/vec/mod.rsArc counter overflow/rustc/90b35a6239c3d8bdabc530a6a0816f7ff89a0aaf/library/alloc/src/sync.rsTried to shrink to a larger capacity/rustc/90b35a6239c3d8bdabc530a6a0816f7ff89a0aaf/library/alloc/src/raw_vec.rsPoisonErrorTOKIO_WORKER_THREADS/home/bayselonarrend/.cargo/registry/src/index.crates.io-6f17d22bba15001f/tokio-1.45.1/src/loom/std/mod.rs"" cannot be set to 0" must be usize, error: , value: /home/bayselonarrend/.cargo/registry/src/index.crates.io-6f17d22bba15001f/tokio-1.45.1/src/util/wake_list.rs/home/bayselonarrend/.cargo/registry/src/index.crates.io-6f17d22bba15001f/tokio-1.45.1/src/util/linked_list.rsassertion failed: self.tail.is_none()
/home/bayselonarrend/.cargo/registry/src/index.crates.io-6f17d22bba15001f/tokio-1.45.1/src/process/unix/orphan.rs/home/bayselonarrend/.cargo/registry/src/index.crates.io-6f17d22bba15001f/tokio-1.45.1/src/runtime/park.rsinconsistent park state; actual = inconsistent park_timeout state: inconsistent park_timeout state; actual = inconsistent state in unpark/home/bayselonarrend/.cargo/registry/src/index.crates.io-6f17d22bba15001f/tokio-1.45.1/src/runtime/context/current.rsreached max `enter` depth`EnterGuard` values dropped out of order. Guards returned by `tokio::runtime::Handle::enter()` must be dropped in the reverse order as they were acquired.Cannot start a runtime from within a runtime. This happens because a function (like `block_on`) attempted to block the current thread while the thread is being used to drive asynchronous tasks./home/bayselonarrend/.cargo/registry/src/index.crates.io-6f17d22bba15001f/tokio-1.45.1/src/runtime/context/runtime.rsassertion failed: c.runtime.get().is_entered()A Tokio 1.x context was found, but IO is disabled. Call `enable_io` on the runtime builder to enable IO.A Tokio 1.x context was found, but timers are disabled. Call `enable_time` on the runtime builder to enable timers.Oh no! We never placed the Core back, this is a bug!/home/bayselonarrend/.cargo/registry/src/index.crates.io-6f17d22bba15001f/tokio-1.45.1/src/runtime/scheduler/current_thread/mod.rsassertion failed: handle.shared.owned.is_empty()core missing/home/bayselonarrend/.cargo/registry/src/index.crates.io-6f17d22bba15001f/tokio-1.45.1/src/runtime/scheduler/defer.rs/home/bayselonarrend/.cargo/registry/src/index.crates.io-6f17d22bba15001f/tokio-1.45.1/src/runtime/scheduler/multi_thread/park.rsinconsistent state in unpark; actual = /home/bayselonarrend/.cargo/registry/src/index.crates.io-6f17d22bba15001f/tokio-1.45.1/src/runtime/scheduler/multi_thread/queue.rsassertion failed: len <= LOCAL_QUEUE_CAPACITYqueue is not full; tail = ; head = actual = queue not empty/home/bayselonarrend/.cargo/registry/src/index.crates.io-6f17d22bba15001f/tokio-1.45.1/src/runtime/scheduler/multi_thread/worker.rspark missingexpected MultiThread scheduler/home/bayselonarrend/.cargo/registry/src/index.crates.io-6f17d22bba15001f/tokio-1.45.1/src/runtime/scheduler/multi_thread/mod.rsnot a CurrentThread handle/home/bayselonarrend/.cargo/registry/src/index.crates.io-6f17d22bba15001f/tokio-1.45.1/src/runtime/scheduler/mod.rsexpected `CurrentThread::Context`expected `MultiThread::Context`/home/bayselonarrend/.cargo/registry/src/index.crates.io-6f17d22bba15001f/tokio-1.45.1/src/runtime/io/driver.rsunexpected error when polling the I/O driver: failed to wake I/O drivermark_pending called when the timer entry is in an invalid state/home/bayselonarrend/.cargo/registry/src/index.crates.io-6f17d22bba15001f/tokio-1.45.1/src/runtime/time/entry.rs/home/bayselonarrend/.cargo/registry/src/index.crates.io-6f17d22bba15001f/tokio-1.45.1/src/runtime/time/wheel/level.rs/home/bayselonarrend/.cargo/registry/src/index.crates.io-6f17d22bba15001f/tokio-1.45.1/src/runtime/time/wheel/mod.rs; when=/home/bayselonarrend/.cargo/registry/src/index.crates.io-6f17d22bba15001f/tokio-1.45.1/src/runtime/time/mod.rsassertion failed: !handle.is_shutdown()/home/bayselonarrend/.cargo/registry/src/index.crates.io-6f17d22bba15001f/tokio-1.45.1/src/runtime/signal/mod.rsBad read on self-pipe: signal driver goneinternal error: entered unreachable code: unexpected stage/home/bayselonarrend/.cargo/registry/src/index.crates.io-6f17d22bba15001f/tokio-1.45.1/src/runtime/task/core.rsJoinHandle polled after completionwaker missingassertion failed: snapshot.is_complete()/home/bayselonarrend/.cargo/registry/src/index.crates.io-6f17d22bba15001f/tokio-1.45.1/src/runtime/task/harness.rsassertion failed: snapshot.is_join_interested()assertion failed: !snapshot.is_join_waker_set()assertion failed: next.is_notified()/home/bayselonarrend/.cargo/registry/src/index.crates.io-6f17d22bba15001f/tokio-1.45.1/src/runtime/task/state.rsassertion failed: prev.is_running()assertion failed: !prev.is_complete()current: , sub: assertion failed: curr.is_join_interested()assertion failed: !curr.is_join_waker_set()assertion failed: curr.is_join_waker_set()assertion failed: prev.is_complete()assertion failed: prev.is_join_waker_set()assertion failed: prev.ref_count() >= 1assertion failed: prev.ref_count() >= 2assertion failed: self.ref_count() > 0OS can't spawn worker thread: assertion failed: shared.shutdown_tx.is_some()/home/bayselonarrend/.cargo/registry/src/index.crates.io-6f17d22bba15001f/tokio-1.45.1/src/runtime/blocking/pool.rsnum_idle_threads underflowed on thread exit/home/bayselonarrend/.cargo/registry/src/index.crates.io-6f17d22bba15001f/tokio-1.45.1/src/runtime/blocking/schedule.rs/home/bayselonarrend/.cargo/registry/src/index.crates.io-6f17d22bba15001f/tokio-1.45.1/src/runtime/blocking/shutdown.rsCannot drop a runtime in a context where blocking is not allowed. This happens when a runtime is dropped from within an asynchronous context.[internal exception] blocking task ran twice./home/bayselonarrend/.cargo/registry/src/index.crates.io-6f17d22bba15001f/tokio-1.45.1/src/runtime/blocking/task.rstokio-runtime-workerThe Tokio context thread-local variable has been destroyed./home/bayselonarrend/.cargo/registry/src/index.crates.io-6f17d22bba15001f/tokio-1.45.1/src/runtime/handle.rsthere is no reactor running, must be called from the context of a Tokio 1.x runtime/home/bayselonarrend/.cargo/registry/src/index.crates.io-6f17d22bba15001f/tokio-1.45.1/src/runtime/metrics/worker.rs/home/bayselonarrend/.cargo/registry/src/index.crates.io-6f17d22bba15001f/tokio-1.45.1/src/signal/registry.rsinvalid event_id: failed to create UnixStream/home/bayselonarrend/.cargo/registry/src/index.crates.io-6f17d22bba15001f/tokio-1.45.1/src/signal/unix.rsFailed to register signal handlerRefusing to register signal /home/bayselonarrend/.cargo/registry/src/index.crates.io-6f17d22bba15001f/tokio-1.45.1/src/sync/notify.rsassertion failed: actual_state == EMPTY || actual_state == NOTIFIEDcalled after complete/home/bayselonarrend/.cargo/registry/src/index.crates.io-6f17d22bba15001f/tokio-1.45.1/src/sync/oneshot.rsassertion failed: value <= self.max_value()/home/bayselonarrend/.cargo/registry/src/index.crates.io-6f17d22bba15001f/tokio-1.45.1/src/util/bit.rsassertion failed: sharded_size.is_power_of_two()/home/bayselonarrend/.cargo/registry/src/index.crates.io-6f17d22bba15001f/tokio-1.45.1/src/util/sharded_list.rsRNG seed generator is internally corrupt/home/bayselonarrend/.cargo/registry/src/index.crates.io-6f17d22bba15001f/tokio-1.45.1/src/util/rand/rt.rsgetFloatRegister
_dl_find_object
libunwind: %s - %s
DW_EH_PE_funcrel pointer encoding not supported
libunwind: malformed DW_CFA_def_cfa DWARF unwind, reg too big
libunwind: malformed DW_CFA_val_offset DWARF unwind, reg (%lu) out of range
xmm12
CIE version is not 1 or 3
_Unwind_Resume() can't return
libunwind: malformed DW_CFA_def_cfa_sf DWARF unwind, reg too big
Can't binary search on variable length encoded data.
xmm7
getULEB128
libunwind: malformed DW_CFA_offset_extended DWARF unwind, reg too big
xmm1
FDE has zero length
_Unwind_GetTextRelBase
libunwind: malformed DW_CFA_restore DWARF unwind, reg (%lu) out of range
truncated uleb128 expression
libunwind: unsupported .eh_frame_hdr version: %u at %lx
xmm13
unsupported restore location for register
getTableEntrySize
truncated sleb128 expression
DW_OP_piece not implemented
xmm14
evaluateExpression
_Unwind_GetDataRelBase() not implemented
unwind_phase2
malformed uleb128 expression
libunwind: malformed DW_CFA_register DWARF unwind, reg2 too big
DW_EH_PE_aligned pointer encoding not supported
getSavedRegister
_Unwind_Resume_or_Rethrow() called _Unwind_RaiseException() which unexpectedly returned
_Unwind_GetDataRelBase
getRegister
no x86_64 float registers
FDE is really a CIE
unsupported x86_64 register
setFloatRegister
libunwind: malformed DW_CFA_expression DWARF unwind, reg too big
xmm5
xmm15
libunwind: malformed DW_CFA_offset_extended_sf DWARF unwind, reg too big
libunwind: malformed DW_CFA_offset DWARF unwind, reg (%lu) out of range
xmm2
xmm3
xmm9
xmm11
unknown pointer encoding
getSLEB128
DW_OP_deref_size with bad size
xmm0
during phase1 personality function said it would stop here, but now in phase2 it did not stop here
libunwind: unsupported .eh_frame_hdr at %lx: need at least 4 bytes of data but only got %zd
setRegister
libunwind: malformed DW_CFA_restore_extended DWARF unwind, reg too big
DW_EH_PE_textrel pointer encoding not supported
DWARF opcode not implemented
libunwind: malformed DW_CFA_val_expression DWARF unwind, reg too big
unknown register
DW_EH_PE_datarel is invalid with a datarelBase of 0
Unknown DWARF encoding for search table.
_Unwind_GetTextRelBase() not implemented
libunwind: malformed DW_CFA_GNU_negative_offset_extended DWARF unwind, reg too big
libunwind: malformed DW_CFA_register DWARF unwind, reg too big
libunwind: malformed DW_CFA_def_cfa_register DWARF unwind, reg too big
xmm10
_Unwind_Resume
libunwind: malformed DW_CFA_undefined DWARF unwind, reg too big
CIE ID is not zero
xmm6
CIE start does not match
_Unwind_Resume_or_Rethrow
libunwind: malformed DW_CFA_val_offset_sf DWARF unwind, reg too big
getEncodedP
DW_OP_fbreg not implemented
libunwind: malformed DW_CFA_same_value DWARF unwind, reg too big
xmm4
xmm8
zPLR
UAWAVAUATSH
N)fA
t3H1
;t0L
|$@I
D$`H
D$ L
D$@H
D$`H
D$ L
t$@L
;t0L
|$@I
D$`H
D$ L
D$@H
D$`H
D$ L
t$@L
D$pf
D$`H
d$ L
s9Ii
j	ZH
L$PM
D$`H
D$@H
\$ L
t$(D
L$\H
D$`H
D$@H
\$ L
t$(D
d$0H
D$`H
D$@H
L$\H
j	YL
D$ A
d$Pt,D
t$P@
I9E(u
I9E 
t$Pj ^j
t$PI
|$0L
L$0I
[A\A]A^A_]
j+^H
AVSPH
AVSPH
AVSPH
AVSPH
AWAVAUATSH
|$ H
@[A\A]A^A_
AVSPH
UAWAVAUATSH
T$8f
|$ H
|$ H
t$8L
t$@H
[A\A]A^A_]
T$ H
T$ H
UAWAVAUATSH
l$8fA
|$ H
t$8H
t$@H
|$ H
t$8H
t$@H
[A\A]A^A_]
T$ H
T$ H
AWAVAUATSH
|$ H
@[A\A]A^A_
AWAVAUATSH
|$ H
@[A\A]A^A_
AWAVAUATSH
A]M9
[A\A]A^A_
AWAVSH
H9G(t
[A^A_
[A^A_
~MAWAVAUATSI
L;/u
[A\A]A^A_
AWAVATSH
Lkw(
[A\A^A_
UAVSH
0[A^]
T$ H
UAWAVATSH
0[A\A^A_]
T$ H
UAWAVATSH
0[A\A^A_]
0[A\A^A_]
T$ H
UAWAVAUATSH
([A\A]A^A_]
UAWAVAUATSH
t$8H
|$0H
D$@H
\$ j
D$@H
;u*H
|$8H9
D$ H
L$(j
D$0H
H[A\A]A^A_]
UAWAVAUATSH
;t3H
l$ H
d$`L
t$hH
D$pL
D$`H
D$ L
d$`L
t$hH
D$pL
\$ H
)D$0
)D$ H
)D$`H
\$pH
\$@@
\$pH
\$pH
|$pL
[A\A]A^A_]
D$ I
D$PI
|$`L
t$hH
|$hH
D$ H
D$PH
|$`H
D$ H
D$PH
\$`H
|$pL
T$`H
AVSPI
AVSH
T$(H
t$ H
h[A^
AVSH
H[A^
AVSPI
UAWAVAUATSPH
[A\A]A^A_]
[A\A]A^A_]
[A\A]A^A_]
UAWAVAUATSPH
[A\A]A^A_]
UAWAVAUATSPH
[A\A]A^A_]
AWAVSH
[A^A_
[A^A_
AVSPL
AWAVATSPI
[A\A^A_
Kpu!H
UAWAVAUATSPH
[A\A]A^A_]
[A\A]A^A_]
[A\A]A^A_]
j7^H
AWAVAUATSH
[A\A]A^A_
UAVSH
L;3u
[A^]
AWAVATSPH
[A\A^A_
AVSPH
UAWAVAUATSH
)D$pI
L$PH
D$`H
L$(H
L$ L
|$ I
d$8I
l$0H
|$PH
L$pu~L
[A\A]A^A_]
D$`H
D$0H
D$8H
l$@H
L$HL
|$ H
AVSPI
AVSPH
AWAVAUATSH
[A\A]A^A_
UAWAVAUATSH
|$(H
d$xj
D$(H
l$0I
t9H1
;t4L
D$0L
|$8H
D$@H
D$0L
D$0L
|$8H
D$@H
D%	H
d$8H
D$@H
D$0H
D$8H
l$ j
D$(@
\$0H
j	YL
[A\A]A^A_]
AWAVATSH
[A\A^A_
t5AVSH
AWAVSH
[A^A_
AVSPH
AWAVAUATSH
[A\A]A^A_
UAWAVAUATSH
l$ H
	rFH
l$ H
8[A\A]A^A_]
UAWAVAUATSH
d$hL
l$ j
l$ I
|$hH
j	YL
t$ L
[A\A]A^A_]
t$0L
USP@
AVSH
H[A^
UAWAVAUATSH
L$ H+D$
l$(I
D$ H
l$@H
L;t$(t
L$PH
D$HH+D$@H
A_E1
X[A\A]A^A_]
UAWAVAUATSH
t$ L
t$0M
|$`H
D$(L
L;l$ u
|$(C
D$ L)
|$ L
|$(L
l$0K
l$0L
\$ H
|$`u'
D$(H
D$0H
|$`I
|$ j
|$ H
h[A\A]A^A_]
UAWAVAUATSH
\$(L
d$hL
)D$PA
T$ L
d$(L
d$(I
d$0H
(D$P
j0_j
|$(H
j(_j
j@_j
D$(fA
D$*A
|$ M
l$(I
l$0M
t$8j0_H
jX_H
[A\A]A^A_]
T$(L
u,PH
AWAVATSPH
[A\A^A_
[A\A^A_
AWAVAUATSH
G:|%
M;&u
([A\A]A^A_]
AVSH
0[A^]
AVSI
[A^]
AWAVAUATSH
[A\A]A^A_]
AWAVSH
8[A^A_]
AWAVAUATSH
h[A\A]A^A_]
AWAVSH
x8E1
fffff.
fffff.
([A^A_]
AWAVATSH
[A\A^A_]
AWAVSPH
L;3u
[A^A_]
AVSH
0[A^]
AWAVATSH
[A\A^A_]
m4fff.
AWAVAUATSH
fffff.
8[A\A]A^A_]
8[A\A]A^A_]
H8E1
AWAVATSI
fff.
[A\A^A_]
AWAVATSL
[A\A^A_]
[A\A^A_]
AWAVAUATSH
tQE1
t/I9
[A\A]A^A_]
[A\A]A^A_]
AWAVAUATSH
X[A\A]A^A_]
ffffff.
fffff.
fff.
AWAVS1
ffff.
[A^A_]
AWAVAUATSH
x[A\A]A^A_]
AWAVAUATSH
w4L9
%ffffff.
([A\A]A^A_]
AWAVATSL
[A\A^A_]
[A\A^A_]
dr-@
AVSH
 [A^]
uHUH
AWAVAUATSH
h[A\A]A^A_]
AWAVATSH
p[A\A^A_]
AWAVSH
[A^A_]
AWAVAUATSH
t2I9
t!H9
u]H)
H[A\A]A^A_]
AVSH
 [A^]
AWAVATSH
|$ H
[A\A^A_]
AVSH
[A^]
[A^]
tED)
fffff.
AWAVATSL
uAI9
B8<8M
offf.
fffff.
0ff.
[A\A^A_]
uEUH
AVSH
[A^]
AVSL
t9I9
fffff.
fff.
[A^]
AWAVSPL
A88M
[A^A_]
AWAVAUATSH
*fffff.
<<C8<
fffff.
<.H9
<<C8<
$fff.
&fffff.
fff.
[A\A]A^A_]
AWAVAUATSH
fff.
ffffff.
ffffff.
[A\A]A^A_]
AVSH
[A^]
AWAVAUATSH
00000000H
ffff.
[A\A]A^A_]
AWAVATSH
t$ M
|$(H
[A\A^A_]
fff.
fff.
>+uSH
rIE1
>+uoH
<umH
fff.
AWAVAUATSH
[A\A]A^A_]
AWAVAUATSH
[A\A]A^A_]
AWAVAUATSH
[A\A]A^A_]
AWAVAUATSH
[A\A]A^A_]
AWAVATSH
[A\A^A_]
AWAVSPH
[A^A_]
AWAVATSH
0[A\A^A_]
AWAVATSI
[A\A^A_]
AWAVAUATSH
[A\A]A^A_]
t.E1
t.E1
M;/u
AWAVAUATSH
s4fffff.
skM9
Sffffff.
Mffff.
ffff.
s1ff.
ffff.
Offffff.
fff.
tmE1
sEE1
ffff.
fff.
u?L9
fff.
s&M9
s E1
[A\A]A^A_]
AWAVAUATSH
3333
3333B
UUUU
UUUUB
[A\A]A^A_]
s*H9
u;I9
s-L9
s5L)
rmL9
AWAVATSH
ffff.
0[A\A^A_]
AWAVSH
[A^A_
'w,H
oJ f
oB0f
AWAVAUATSH
s-M9
ffff.
w#M9
8[A\A]A^A_]
AWAVATSH
`[A\A^A_]
`[A\A^A_]
Mt4H
Su.H
AVSH
 [A^]
 [A^]
su#L
fff.
_tHD
<	wiI
t<H9
@umH
t*H9
AWAVAUATSH
[A\A]A^A_]
 t'H
$ff.
t&I)
ffff.
[A\A]A^A_]
s!UH
AWAVSH
[A^A_]
Au/H
[A^A_]
Rt%H
AWAVATSH
fffff.
EtAI
[A\A^A_]
Lu#L
_u.H
ffff.
_t@D
AWAVATSH
nu-H
[A\A^A_]
[A\A^A_]
Rt%H
AWAVAUATSH
o(M)
[A\A]A^A_]
[A\A]A^A_]
AWAVAUATSPH
_ucI
[A\A]A^A_]
[A\A]A^A_]
AVSH
 [A^]
 [A^]
AWAVATSH
[A\A^A_]
AWAVAUATSH
"u"H
ffffff.
[A\A]A^A_]
[A\A]A^A_]
AWAVAUATSH
8[A\A]A^A_]
8[A\A]A^A_]
8[A\A]A^A_]
AWAVATSH
fffff.
EtFI
[A\A^A_]
AWAVATSH
fffff.
EtLH
[A\A^A_]
AWAVAUATSH
<9_u
fff.
_t}D
H[A\A]A^A_]
AVSH
 [A^]
AWAVAUATSH
ffffff.
[A\A]A^A_]
AWAVAUATSH
FPH9
saM9
fff.
fffff.
8[A\A]A^A_]
AWAVAUATSPH
Gu*H
#ff.
[A\A]A^A_]
[A\A]A^A_]
_tID
D)c(H
[A\A]A^A_]
AVSH
fff.
_tuD
 [A^]
 [A^]
_tHD
AWAVATSH
fffff.
EtGH
[A\A^A_]
AWAVAUATSPH
Gu+H
$fff.
[A\A]A^A_]
9<_tdD
ffff.
tbE1
Et;I
D)s(D
[A\A]A^A_]
AWAVAUATSH
fff.
H[A\A]A^A_]
H[A\A]A^A_]
AWAVATSH
Bu4L
 [A\A^A_]
ffff.
_t@D
AWAVAUATSH
Ku*H
<1CuSH
[A\A]A^A_]
ffffff.
[A\A]A^A_]
AWAVAUATSH
<)H9
fff.
<)H9
4*G:4(t
ffffff.
fffff.
t1fA
;__ZN
t5L9
rRfA
;_RtzA
;RtZA
[A\A]A^A_]
AWAVAUATSH
.fff.
kff.
|$ I
.u;I
|$ I
|$ I
D$(L
|$ I
D$(L
|$ I
D$(L
|$ I
<$SPH
<$BPH
<$RFH
<$LTH
<$GTH
<$LPH
<$RPH
|$ I
:+uyI
|$ I
[A\A]A^A_]
AWAVATSPH
[A\A^A_
UAVSH
L;3u
[A^]
UAWAVAUATSH
Lct$PH
[A\A]A^A_]
43333333H
jdAZL
cv'jdY1
UAWAVAUATSPI
A]M)
C8M9
C8H1
4/L1s
L13I
[A\A]A^A_]
UAWAVAUATSH
D$(L
t$0H
\$@L
d$8I
t$0H
d$@L
L$8M
D$8L
T$ D
?sJj
D$0D
jdAXL
d$(v
H=PJ
H[A\A]A^A_]
AVSPL
AVSPH
ZjHY
AVSPH
ZjhY
AVSH
UAWAVAUATSPH
[A\A]A^A_]
t SH
cv!fA
cv"fA
AWAVSH
[A^A_
[A^A_
AVSH
j	^j
fmt erroI
UAWAVAUATSH
8[A\A]A^A_]
8[A\A]A^A_]
8[A\A]A^A_]
UAWAVAUATSH
l$0M
l$(D
T$ H
uu4D
\u00
8[A\A]A^A_]
AWAVATSH
jhZL
T$ H
L$0j
L$ H
8[A\A^A_
YjhAX
AWAVATSPI
[A\A^A_
UAWAVAUATSH
t$0H
T$8H
t$(s?L
t$`j
l$hH
\$pL
t$xH
d$XI
|$(M
D$ H
D$@H
L$@f
D$XH
l$HL
|$PI
|$PH
|$0H
l$ H
|$xj
@:4*q
T$ I
|$0L
L$ H
H+L$(I
[A\A]A^A_]
UAWAVAUATSH
L$ H
|$PH
uespemosH1
modnarodH1
arenegylH1
setybdetI1
\$pH
d$(M
d$ L
t$HH!
D$@f
L$`f
D$pH
L;l$
I;D/
oD$`H
D$0H
T$8f
oD$`f
D$(H
D$pj	YH
D$PL
(D$p
[A\A]A^A_]
t$(H
H)V(H
T$@A
T$(I
T$0H
j	YH
L$HH
AWAVATSPI
[A\A^A_
AVSPH
AVSPI
jF^H
uespemosI1
modnarodH1
arenegylH1
setybdetH1
H;t$
AVSPH
u)I9
UAWAVAUATSH
D$0H
T$(H
L$ M
L$HI
D$@I
|$PH
D$PH
\$`H
|$0H
t$(H
T$@H
L$HH
L$ H
h[A\A]A^A_]
AWAVAUATSH
 [A\A]A^A_
UAWAVAUATSH
|$`I
d$HM
L$0H
T$8j
L$ H
D$@H
D$@H
t$HH
T$PH
T$PL
t$HH
;H+|$
[A\A]A^A_]
[A\A]A^A_]
AVSPI
UAWAVAUATSH
l$0L
|$`A
L$8H
D$(f
T$0H
\$(H
t$8H
t$A9
h[A\A]A^A_]
_j@Z
AWAVSH
j@_j
jP_H
[A^A_
AVSPH
AWAVATSH
[A\A^A_
AWAVAUATSH
_Lc:H
Lc2H
H[A\A]A^A_]
AWAVATSH
@[A\A^A_]
AVSH
@[A^]
AWAVATSH
[A\A^A_]
[A\A^A_]
AWAVAUATSH
ffffff.
ffff.
fffff.
X[A\A]A^A_]
AWAVATSH
 [A\A^A_]
fffff.
AVSH
[A^]
[A^]
AWAVSH
ffff.
H[A^A_]
AWAVSH
[A^A_]
[A^A_]
[A^A_]
AWAVAUATSPH
t3M9
[A\A]A^A_]
AWAVAUATSH
"fffff.
t3M9
[A\A]A^A_]
AVSH
[A^]
AWAVATSH
[A\A^A_]
;sDH
]~[D
AVSH
[A^]
AVSH
 [A^]
AWAVAUATSH
[A\A]A^A_]
AWAVATSH
 [A\A^A_]
AWAVAUATSH
[A\A]A^A_]
E#&A	
AWAVATSH
[A\A^A_]
AWAVSPH
[A^A_]
AWAVAUATSH
 s&L
u*H;]
x[A\A]A^A_]
AWAVAUATSH
s,I9
ffff.
ffff.
w#I9
8[A\A]A^A_]
AVSH
0[A^]
AWAVATSH
[A\A^A_]
[A\A^A_]
AWAVAUATSH
[A\A]A^A_]
AWAVAUATSH
:/t"
[A\A]A^A_]
AWAVAUATSH
[A\A]A^A_]
ffff.
AWAVAUATSH
<;/t
fffff.
<;/t
[A\A]A^A_]
ffffff.
AWAVAUATSH
8[A\A]A^A_]
AVSI
.u+1
[A^]
AWAVSH
ffff.
0u%A
0u4A
[A^A_]
AWAVAUATSH
L$0I
[A\A]A^A_]
l$:I
D$ H
/t5I
D$0H
V H;S u
[A^]
AWAVSH
[A^A_]
[A^A_]
AVSH
[A^]
AWAVSH
[A^A_]
[A^A_]
AWAVAUATSH
w-M9
$ffffff.
Xffff.
cgro1
[A\A]A^A_]
AWAVAUATSH
V(H9
V(H9
ffffff.
V(H9
8[A\A]A^A_]
AWAVAUATSH
[A\A]A^A_]
AWAVSPH
[A^A_]
AWAVAUATSH
!sxH
([A\A]A^A_]
AWAVAUATSH
D#8A	
8[A\A]A^A_]
8[A\A]A^A_]
AWAVAUATSH
[A\A]A^A_]
AWAVAUATSH
?/u4H
h[A\A]A^A_]
h[A\A]A^A_]
AWAVAUATSH
[A\A]A^A_]
AVSH
[A^]
AWAVAUATSH
[A\A]A^A_]
AWAVAUATSH
[A\A]A^A_]
ELFu
T7 M
L+D0
AWAVAUATSPH
ffffff.
[A\A]A^A_]
[A\A]A^A_]
AWAVAUATSH
ffff.
UfA	
[A\A]A^A_]
AWAVAUATSH
vDE1
.debH
8[A\A]A^A_]
AWAVAUATSH
[A\A]A^A_]
[A\A]A^A_]
?/ujH
AWAVATSH
[A\A^A_]
AWAVAUATSH
G8:F8u_
[A\A]A^A_]
AWAVATSH
[A\A^A_]
AWAVATSH
[A\A^A_]
AWAVAUATSH
/.dwpI
:..u	
l$(M;l$
L$ L
L$ H
[A\A]A^A_]
AWAVAUATSH
?ffff.
t@L+
&fff.
[A\A]A^A_]
ffffff.
H;J s
t0E1
L9,8L
L9)H
=ffff.
V H;
I;T?
fff.
t=Hi
t:Hi
AWAVAUATSH
Ku"I
[A\A]A^A_]
AWAVAUATSH
T$ A
D$PH
l$0I
\$HM
t$ I
D$(H
|$8H
vJM;w
|$8I
r H9
|$8A
|$8E1
[A\A]A^A_]
<(O9d
L9?v
)M9d
w3r1L9:w,L9z
syL;e
AVSH
[A^]
[A^]
AVSH
[A^]
AWAVAUATSPH
<$/u
t7L9
[A\A]A^A_]
[A\A]A^A_]
AVSH
<uxL
0[A^]
AWAVAUATSH
.debH
bug_3J
[A\A]A^A_]
.zdebug_H90@
;ZLIB
tBUH
AWAVAUATSL
WIfD
[A\A]A^A_]
AWAVAUATSH
t+E1
<9Ku#L
fff.
ffffff.
"ff.
t"Hk
<KuNL
q~[=0!
t6=3!
PHH)
/tjH
[A\A]A^A_]
D2 H
AVSH
[A^]
AVS@
[A^]
[A^]
AWAVAUATSH
y(I)
s!Hk
t0E1
h.uH
\$(L
ffff.
I;0s
dN;,
f <K
ulE1
[A\A]A^A_]
ffff.
4RO9,
RO9,
fffff.
H;J H
sFHk
IL9,
t+E1
C H;S
AWAVAUATSH
GhE1
:uEH
[A\A]A^A_]
AWAVAUATSH
fff.
fffff.
ffff.
L9 u"L
[A\A]A^A_]
P0I;P
fffff.
.tzH
9fffff.
AWAVAUATSPL
[A\A]A^A_]
[A\A]A^A_]
t5E1
ffff.
@J94
AVSH
:uxL
0[A^]
AWAVAUATSH
s.E1
[A\A]A^A_]
[A\A]A^A_]
AVSH
0[A^]
AVSH
;uxL
0[A^]
AWAVAUATSPI
[A\A]A^A_]
[A\A]A^A_]
AWAVAUATSH
I;Eh
I9Eh
[A\A]A^A_]
AWAVAUATSPI
[A\A]A^A_]
[A\A]A^A_]
AWAVATSH
ffff.
[A\A^A_]
[A\A^A_]
FhH9
NxI)
@xH9
fffff.
FXH9
fff.
VhH9
AWAVAUATSH
w0H9
fffff.
fff.
ffff.
[A\A]A^A_]
[A\A]A^A_]
AWAVAUATSH
D$0I
L$pE1
I;D$
I;L$P@
D<0L
H;D9
D8pA
H;D9PA
T; D
\;0D
d;@D
l;PD
t;`D
D$ H
@sAI
fffff.
fffff.
t>M9
fff.
/fffff.
fff.
N;L1
[A\A]A^A_]
AWAVAUATSPI
4?Li
[A\A]A^A_]
AWAVATSH
s,E1
[A\A^A_]
[A\A^A_]
AWAVAUATSPI
v H=
ffff.
ffff.
fffff.
4)I!
[A\A]A^A_]
AWAVAUATSH
<Ku(H
([A\A]A^A_]
AVSH
0[A^]
AVSI
[A^]
AWAVAUATSM
+w*Oc4
fffff.
ffff.
t,L)
[A\A]A^A_]
AWAVAUATSPI
[A\A]A^A_]
[A\A]A^A_]
AWAVATSH
ffff.
[A\A^A_]
[A\A^A_]
AWAVAUATSPL
[A\A]A^A_]
[A\A]A^A_]
AWAVAUATSH
L$8H
L$0L
L$(H)
hJfD
s H;
t1E1
fffff.
t1E1
M;4$u
L;6u
L;&u
u ATAR
q(H)
[A\A]A^A_]
AWAVAUATSH
s.E1
[A\A]A^A_]
<unI
[A\A]A^A_]
AWAVSPL
r8E1
txIi
[A^A_]
AWAVAUATSH
~IE1
[A\A]A^A_]
I;B s
t+E1
1u(H
AWAVAUATSH
fffff.
W0H;W
w wJH;7sEA
[A\A]A^A_]
[A\A]A^A_]
AWAVAUATSH
!sML
D$ H
fffff.
H98@
ffffff.
tEM9
fffff.
I96@
*fffff.
I;;s
I;;r
[A\A]A^A_]
H9G 
WpH9
W`H9
L9O`
I98A
9H98
Np[]
AWAVAUATSPH
4?Li
r=wZI9
[A\A]A^A_]
AVSH
0[A^]
AWAVAUATSH
<6H)
ffffff.
[A\A]A^A_]
[A\A]A^A_]
AWAVAUATSH
F0I;N0L
L>HE1
\8HH
L;L90O
D;0A
@s0I
8I;}
tFM9
fff.
sBffffff.
H;0H
hffffff.
[A\A]A^A_]
AWAVAUATSPI
4?Li
[A\A]A^A_]
AVSH
[A^]
AWAVAUATSPH
[A\A]A^A_]
[A\A]A^A_]
?/tSH
AWAVSH
h[A^A_]
AWAVAUATSPI
rLfffff.
fff.
rPffffff.
[A\A]A^A_]
AWAVAUATSPH
[A\A]A^A_]
AWAVAUATSPH
[A\A]A^A_]
AWAVAUATSH
NPH)
J8E1
H+J0N
L+J(I
fffff.
D$0H
s=Hk
t+E1
h[A\A]A^A_]
AWAVAUATSH
X[A\A]A^A_]
AWAVAUATSH
h[A\A]A^A_]
AWAVAUATSH
h[A\A]A^A_]
AWAVAUATSL
[A\A]A^A_]
%wBH
t\=!
fff.
AVSH
>uyJ
0[A^]
AWAVATSH
M;>t
M;>u
[A\A^A_]
AWAVAUATSH
[A\A]A^A_]
AVSH
"fffff.
`[A^]
AWAVAUATSPI
rLfffff.
fff.
rPffffff.
[A\A]A^A_]
AVSH
 [A^]
AVSH
=uyJ
0[A^]
AWAVATSH
[A\A^A_]
r8t6I
AWAVAUATSH
s.E1
[A\A]A^A_]
=unI
[A\A]A^A_]
AVSH
0[A^]
AVSH
[A^]
[A^]
AWAVAUATSH
s.E1
[A\A]A^A_]
<unI
[A\A]A^A_]
AWAVAUATSPI
[A\A]A^A_]
[A\A]A^A_]
AWAVAUATSPI
[A\A]A^A_]
[A\A]A^A_]
AVSH
0[A^]
AVSH
[A^]
AWAVAUATSPI
[A\A]A^A_]
[A\A]A^A_]
tDUH
AWAVAUATSH
[A\A]A^A_]
tTE9
UUUUD
3333
3333D
AWAVAUATSPH
fffff.
[A\A]A^A_]
AVSH
[A^]
AWAVAUATSPH
&fffff.
[A\A]A^A_]
[A\A]A^A_]
fffff.
AWAVAUATSH
w H9
fff.
fffff.
fff.
ffffff.
[A\A]A^A_]
[A\A]A^A_]
AWAVAUATSH
D$ I
L$`E1
I;L$@@
D< E1
D8`A
H;D9@A
T; D
\;0D
d;@D
l;PD
t;`D
D$ H
fffff.
tEM9
H;0H
fffff.
[A\A]A^A_]
AWAVAUATSPI
4?Li
[A\A]A^A_]
AWAVAUATSH
ffffff.
<>H9
fffff.
fff.
[A\A]A^A_]
[A\A]A^A_]
AWAVAUATSH
ffff.
ffff.
s;ff.
tDM9
fff.
ffff.
ffffff.
H;0H
H;x 
H;p0H
H;0H
H0E1
H;H @
2I;3L
L00A
L;L0 A
d  K
[A\A]A^A_]
AWAVAUATSPH
O0E1
H;O A
OpE1
H;G@A
H;O`A
:I;?L
rpL9
<;E1
K;<&O
O;$3A
[A\A]A^A_]
AWAVAUATSPI
4?Lk
[A\A]A^A_]
AWAVSH
([A^A_]
AVSH
0[A^]
uMH9
AWAVAUATSH
[A\A]A^A_]
ffffff.
@s8I
M9(L
M9(L
fffff.
I;0L
I;0L
[A\A]A^A_]
AWAVAUATSH
WHE1
O0H;W0O
0H;D
 O;$
[A\A]A^A_]
AWAVAUATSPI
4?Li
[A\A]A^A_]
AWAVAUATSH
self/exeH
/proc/seH
fffff.
[A\A]A^A_]
AVSH
0[A^]
AWAVAUATSPI
[A\A]A^A_]
[A\A]A^A_]
AVSH
0[A^]
AVSH
ffffff.
0u!A
[A^]
teUH
7H;w
AWAVSH
H[A^A_]
AWAVSPH
[A^A_]
AWAVSH
x[A^A_]
AWAVAUATSH
[A\A]A^A_]
AWAVAUATSH
fffff.
@u!A
fffff.
ffff.
8[A\A]A^A_]
@ua1
AWAVAUATSH
T$ A
T$ A
[A\A]A^A_]
AWAVSPI
[A^A_]
[A^A_]
AWAVATSH
[A\A^A_]
AWAVSPH
L;3u
[A^A_]
AWAVSPH
[A^A_]
AWAVAUATSPH
t2M9
[A\A]A^A_]
AWAVSPI
[A^A_]
AWAVSPH
[A^A_]
AVSH
[A^]
AWAVATSH
@[A\A^A_]
@[A\A^A_]
AVSH
[A^]
AWAVATSH
@[A\A^A_]
AWAVATSH
[A\A^A_]
AWAVSP
[A^A_]
AWAVSH
([A^A_]
AWAVSH
([A^A_]
AVSH
[A^]
AWAVAUATSH
Lc I
Lc I
[A\A]A^A_]
AWAVAUATSH
fff.
.gnu_debH1
ebuglinkH1
fff.
vBI9w
M;'v
D$(H
D$,H
@@I)
q8E1
ffffff.
fff.
LtqA
<Ku'I
T$ L
fff.
t"H;H
[A\A]A^A_]
tHL9
tTL9
;.debL
tGH9
ib/debugK
/usr/libK
tHL9
tGH9
AWAVAUATSH
[A\A]A^A_]
AWAVAUATSH
fff.
sDM9
$*G:$(t
ffff.
ffffff.
[A\A]A^A_]
ffffff.
xfff.
A;D8
AVSH
 [A^]
AWAVATSH
P[A\A^A_]
AWAVATSH
p[A\A^A_]
AWAVAUATSH
j	XH
?full
j	XH
AVSH
[A^]
q=UH
AWAVATSH
P[A\A^A_]
AWAVATSH
[A\A^A_]
AWAVSPH
[A^A_]
AWAVAUATSH
t1L9
H[A\A]A^A_]
AWAVAUATSH
([A\A]A^A_]
AVSH
D$ A
T$/A
T$BA
D$3A
D$FA
T$UA
D$YA
T$hA
T${A
D$lA
AVSPH
UAWAVAUATSH
[A\A]A^A_]
|$0I
 s5H
\$0H
[A\A]A^A_]
AWAVSH
[A^A_
AVSPH
AVSPI
AVSPH
AVSPH
AWAVAUATSH
[A\A]A^A_
[A\A]A^A_
AVSPH
AWAVSH
{PH)
[A^A_
[A^A_
AWAVATSH
d$ I
d$ H
j ^j
;H+|$
([A\A^A_
([A\A^A_
AWAVSH
[A^A_
[A^A_
AWAVAUATSH
[A\A]A^A_
[A\A]A^A_
AVSPI
AVSPH
AVSPH
AVSPH
UAWAVAUATSH
[A\A]A^A_]
AWAVSH
[A^A_
AWAVSH
0[A^A_
$9V t:D
AWAVATSH
8[A\A^A_
t?AWAVSH
[A^A_
AWAVSH
[A^A_
UAWAVAUATSH
|$8H
D$@H
L$HL
d$PH
L$8H
L$XH
t$@H
T$HH
|$hH
L$@L
D$HH
|$pL
[A\A]A^A_]
D$PH
d$`H
t$@H
T$HH
|$8H
|$hH
T$@L
t$Hf
t$PH
T$0s
l$pL
|$pL
T$0L
D$pH
\$0H
|$ H
|$pH
l$pL
\$0A
|$ H
|$ H
|$pH
l$pL
|$xH
|$ H
|$pH
l$pL
D$0H
|$xL
\$8H
D$8H
AWAVATSPI
[A\A^A_
UAWAVAUATSPM
D$@I
[A\A]A^A_]
UAWAVAUATSH
t$0M
D$@L
L$(H
L$ H
|$@I
D$8L)
D$0L
L$(H
L$ H
H[A\A]A^A_]
AWAVATSPM
[A\A^A_
AWAVATSPL
[A\A^A_
UAWAVAUATSPL
[A\A]A^A_]
UAWAVAUATSH
)D$0A
)D$ L
(D$0
(D$ 
)C0H
H[A\A]A^A_]
?Hc@
UAWAVAUATSH
D$8H
D$HH
|$PH
L$XH
T$xH
t$(H
D$ L
l$ I
|$(L
|$`I
[A\A]A^A_]
AWAVAUATSH
=uvH
 [A\A]A^A_
AVSH
H+|$
UAWAVAUATSH
T$0H
t$(H
L$ H
|$(H
T$0I
t$ L
8[A\A]A^A_]
UAWAVAUATSH
t$ H
([A\A]A^A_]
Pj(_j
UAWAVAUATSH
|$8M
L;#t,A
D$@H
oD$@f
L$PA
)D$@I
(D$ A
\$pH
D$PH
(D$@
\$8H
|$@H
[A\A]A^A_]
T$@L
|$@H
AVSH
`0AWAVATSH
H[A\A^A_
AWAVAUATSH
@[A\A]A^A_
jF^H
uespemosH1
modnarodH1
arenegylI1
setybdetI1
UAWAVAUATSPI
A]M)
C8M9
C8H1
4/L1s
L13I
[A\A]A^A_]
AVSH
([A^
AWAVATSH
[A\A^A_
UAWAVAUATSH
8[A\A]A^A_]
UAWAVAUATSH
l$(I
8[A\A]A^A_]
UAWAVAUATSH
|$pL
D$HH
T$PH
t$dL
l$XH
T$ I9
|$ E
t$XH
t$ H9t$
[A\A]A^A_]
d$Hj
AWAVSH
[A^A_
AVSH
j+^H
AVSPH
uespemosH1
modnarodH1
arenegylH1
setybdetI1
AWAVSH
[A^A_
AWAVSI
L;?u
[A^A_
UAWAVAUATSH
([A\A]A^A_]
A]E1
L;<$u
|$ H
A^j?A_L
d$ I9
l$ L
([A\A]A^A_]
UAWAVSH
[A^A_]
UAVSH
;t\L
t$(L
@[A^]
UAWAVAUATSH
;uK1
OPuwj
l$(E1
T$8H
X[A\A]A^A_]
L$8H
T$(H
|$(H
|$(H
|$(H
L8 H
AVSPH
UAWAVAUATSH
[A\A]A^A_]
AWAVS
[A^A_
shI9
[A^A_
[A^A_
AWAVSH
[A^A_
|$ H
T$ H
AWAVAUATSH
`[A\A]A^A_
t$0H
UAWAVAUATSH
D$(A
;t21
8[A\A]A^A_]
AVSPH
UAWAVAUATSH
L$ H
\$(H
D$HH
D$PH
L$XH
T$`M
l$8L
\$PH
I9N u
D$8H
\$(H
L$ H
D$0H
x[A\A]A^A_]
L$8H
|$HH
UAWAVAUATSH
|$ H
|$ H
D$(L
@s6I
[A\A]A^A_]
L$PH
|$ H
UAWAVATSH
t$PH
|$(L
D$ H
|$HH
[A\A^A_]
t$PH
L$ H
T$(H
L$(H
|$PH
AWAVAUATSH
P[A\A]A^A_
P[A\A]A^A_
T$@H
T$8H
D$@H
UAWAVAUATSH
t$,I
|$0H
D$ H
)D$p
)D$`
)D$P
)D$@j
T$@j
D$XH
t$@j
D$@j
l$0H
t$,L
[A\A]A^A_]
UAWAVAUATSH
j _j
L$@H
t$ H
t$(H
|$0L
d$8H
l$ I
l$ I
\$`L
t$hH
D$pH
L$xH
d$8H
|$0H
)D$pf
D$`H
9,9t,
(D$`
(L$p
j@_j
l$X1
[A\A]A^A_]
t$HL
D$8L
l$ L
|$(M
|$8H
D$@1
t$ H
\$Xu
\$`L
t$hH
H)L$pH
D$xL
|$`L
D$LH
t$j@XI
AVSH
\$ H
8[A^
UAWAVAUATSH
H[A\A]A^A_]
H[A\A]A^A_]
H[A\A]A^A_]
UAWAVAUATSH
\$ j
d$PH
|$0H
l$HL;l$ 
|$8H
L$@L
D$PL
\$`H
[A\A]A^A_]
|$`H
j@^H
|$(H
t%PH
jdYL
UAWAVSH
[A^A_]
UAWAVAUATSH
A]H;l$
sHH9
T$ L
([A\A]A^A_]
AWAVSH
@[A^A_
AWAVSH
u/I)
[A^A_
[A^A_
AWAVAUATSI
M;.u
[A\A]A^A_
AVSPH
UAWAVAUATSH
D$8H
j YH
t$@j ^L
D$HH
|$PH
L$XH
T$xH
t$(H
D$ L
l$ I
|$(L
|$`I
[A\A]A^A_]
AWAVATSPA
[A\A^A_
AWAVAUATSH
[A\A]A^A_
j0_j
UAWAVAUATSH
t$ L
|$ A
L$ H
|$ I
D$@H
D$8H
T$`A
l$<E
t$@L
t$ j
D$`A
)D$pI
(D$p
D$@H
L$(f
D$0H
D$`L
d$(I
l$(H
t$(H
l$(A
D$pH
^E(f
d$(1
d$(A
I;T$
pxH9
R A9
D$hA
d$(t
d$(H
H9D$@
d$(I
d$(I
d$(H
D$(H
d$(H9
t$(H
D: H
L:(L
t$(H
D$(I
[A\A]A^A_]
[A\A]A^A_]
D$(L
]L;l$
L8 I
L8(H
D$(L
I;L$x
D$pH
L$xL
L$pH
D$pH
D$`H
t$(L
[A\A]A^A_]
T$pH
|$lH
jF^H
|$ H
|$ H
D$hH
|$pH
|$pH
AWAVATSH
8[A\A^A_
NpH1
AVSPH
$r=u
D$@H
rkerH
AWAVAUATSH
L$hH
oS f
D$pf
T$XH
D$(H
T$8I
T$PA
D$0A
D$@A
D$gA
D$fL
|$(H
t$ H
ED$@
D$0A
D$@A
D$(I
D$8I
D$PI
D$gA
D$fA
D$ I
j@_j
L$hH
(D$pf
D$ H
D$XH
t(jT_
D$(H
L$ H
oS f
D$pf
T$PH
D$0H
T$@I
L$0H
L$@H
jX_j
L$(H
L$ H
oD$pf
D$XH
T$hH
j(_j
D$XH
d$ H
j=Xt
D$@D
jx_j
L$(H
L$PH
d$ L;
D$hM
D$hJ
D$0H
T$@f
D$ H
T$(H
D$8H
t$hH
L$XH9
D$pH
D$hI
D$xH
D$XI
D$0I
D$@I
D$ I
D$(I
D$8I
D$PI
t$8L
d$PH
|$ H
L$(H
j(_j
f L;
T$PH
D$8H
D$8N
|$ H
\$ H
D$(H
D$ H
D$(H
D$8H
G H9
D$ H
D$(H
l$0t
L$@H
T$ht
H;D$(u
D$XH
|$XH
L;l$(L
j0_j
t$XH
D$(t
j8_j
L$(H
L$@H
L$hH
L$ H
|$XH
l$0D
d$(fA
Xt8L
L$@L
T$hf
T$hf
oL$@L
L$ f
l$0D
t$8L
I)G8H
L$(A
D$PH
[A\A]A^A_]
D$(L
L$@M
<8:t
:t#H
L9D$@
L$XL
L$PH
L9D$@
D$@H
D$@A
:t4H
L$PD
L$XM
D$@H
\$hL
l$0L
D$(H
l$0H
D$(H
L$@H
s/cgroupH
/sys/fs/H
|$pj
\$xL
t$0L
|$pj
D$pH
\$xB
L$@L
L$@L
D$xH
t$0H
T$hH
L$(H9
D$8H
D$PL
H9T$pH
T$Xs
|$p1
t$xK
t$8H
\$XH
t=L9
|$pL
t$xL
D$pL)
|$pL
t$xK
t$PL
D$(H
|$8A
D$pE1
|$pj
l$pL
d$XH
|$xH
T$8L
D$xH
D$(H
D$ptGL9
|$pL
D$pL
d$xC
D$pE1
|$pL
T$xB
.maxB
*cpu.I
d$xL
|$8H
D$ I
D$ I
D$ I
D$ I
D$ I
D$ I
D$ H
D$(H
D$ H
D$@H
UAWAVAUATSH
|$0H
t$8H
l$ H
t$8H
|$0D
L$(H
(D$`
(L$p
[A\A]A^A_]
l$@L
t$HH
|$X1
L$\H
)D$`
)L$p
UAWAVAUATSH
t$8I
j@_j
l$(E
l$0H
D$0H
T$(I
D$@H
)D$@I
|$XI
D$ H
|$hI
(D$@
L$0H
L$(H
L$ H
L$8H
X[A\A]A^A_]
T$8H
AWAVSH
D$(j
0[A^A_
AWAVSI
[A^A_
@u!H
AWAVATSH
[A\A^A_]
AWAVAUATSH
X[A\A]A^A_]
AWAVAUATSH
H[A\A]A^A_]
AWAVATSH
[A\A^A_]
AWAVSPH
[A^A_]
AWAVSH
H[A^A_]
AWAVSPH
[A^A_]
AVSH
[A^]
AVSH
L;5,
s(f.
 L;5
[A^]
AWAVAUATSH
[A\A]A^A_]
AWAVAUATSH
[A\A]A^A_]
AWAVAUATSH
D0(M
([A\A]A^A_]
AWAVAUATSH
t6I97tEH
([A\A]A^A_]
AWAVAUATSH
.wmIcD
L+#L
[A\A]A^A_]
AWAVATS1
[A\A^A_]
AWAVAUATSH
([A\A]A^A_]
AWAVATSH
[A\A^A_]
AWAVAUATSH
tKI9
[A\A]A^A_]
AWAVAUATSH
IcN,H
IcN,I
IcV,I
IcN,H
IcN,I
IcN,D
[A\A]A^A_]
AWAVSP
[A^A_]
ydH9
y@H9
y H9
~uIH
AWAVAUATSH
[A\A]A^A_]
AWAVAUATSH
L98u
[A\A]A^A_]
AWAVAUATSPI
[A\A]A^A_]
AWAVAUATSH
([A\A]A^A_]
AWAVAUATSH
H9K w
h[A\A]A^A_]
AWAVSH
[A^A_]
AWAVATSH
[A\A^A_]
AWAVATSH
[A\A^A_]
AVSH
[A^]
g8_Y
rustc version 1.83.0 (90b35a623 2024-11-26)
clang version 19.1.7 (https://github.com/ziglang/zig-bootstrap 1c3c59435891bc9caf8cd1d3783773369d191c5f)
Linker: LLD 19.1.7 (https://github.com/ziglang/zig-bootstrap 1c3c59435891bc9caf8cd1d3783773369d191c5f)
.dynsym
.gnu.version
.gnu.version_r
.gnu.hash
.hash
.dynstr
.rela.dyn
.rela.plt
.rodata
.gcc_except_table
.eh_frame_hdr
.eh_frame
.text
.plt
.tdata
.tbss
.data.rel.ro
.init_array
.dynamic
.got
.got.plt
.relro_padding
.data
.bss
.comment
.shstrtab
