{
 "data": [
  {
   "CHARACTER_MAXIMUM_LENGTH": 5,
   "COLUMN_DEFAULT": null,
   "COLUMN_NAME": "char_field",
   "DATA_TYPE": "char",
   "IS_NULLABLE": "YES"
  },
  {
   "CHARACTER_MAXIMUM_LENGTH": 255,
   "COLUMN_DEFAULT": null,
   "COLUMN_NAME": "varchar_field",
   "DATA_TYPE": "varchar",
   "IS_NULLABLE": "YES"
  },
  {
   "CHARACTER_MAXIMUM_LENGTH": 255,
   "COLUMN_DEFAULT": null,
   "COLUMN_NAME": "tinytext_field",
   "DATA_TYPE": "tinytext",
   "IS_NULLABLE": "YES"
  },
  {
   "CHARACTER_MAXIMUM_LENGTH": 65535,
   "COLUMN_DEFAULT": null,
   "COLUMN_NAME": "text_field",
   "DATA_TYPE": "text",
   "IS_NULLABLE": "YES"
  },
  {
   "CHARACTER_MAXIMUM_LENGTH": 16777215,
   "COLUMN_DEFAULT": null,
   "COLUMN_NAME": "mediumtext_field",
   "DATA_TYPE": "mediumtext",
   "IS_NULLABLE": "YES"
  },
  {
   "CHARACTER_MAXIMUM_LENGTH": 4294967295,
   "COLUMN_DEFAULT": null,
   "COLUMN_NAME": "longtext_field",
   "DATA_TYPE": "longtext",
   "IS_NULLABLE": "YES"
  },
  {
   "CHARACTER_MAXIMUM_LENGTH": null,
   "COLUMN_DEFAULT": null,
   "COLUMN_NAME": "tinyint_field",
   "DATA_TYPE": "tinyint",
   "IS_NULLABLE": "YES"
  },
  {
   "CHARACTER_MAXIMUM_LENGTH": null,
   "COLUMN_DEFAULT": null,
   "COLUMN_NAME": "smallint_field",
   "DATA_TYPE": "smallint",
   "IS_NULLABLE": "YES"
  },
  {
   "CHARACTER_MAXIMUM_LENGTH": null,
   "COLUMN_DEFAULT": null,
   "COLUMN_NAME": "mediumint_field",
   "DATA_TYPE": "mediumint",
   "IS_NULLABLE": "YES"
  },
  {
   "CHARACTER_MAXIMUM_LENGTH": null,
   "COLUMN_DEFAULT": null,
   "COLUMN_NAME": "int_field",
   "DATA_TYPE": "int",
   "IS_NULLABLE": "YES"
  },
  {
   "CHARACTER_MAXIMUM_LENGTH": null,
   "COLUMN_DEFAULT": null,
   "COLUMN_NAME": "uint_field",
   "DATA_TYPE": "int",
   "IS_NULLABLE": "YES"
  },
  {
   "CHARACTER_MAXIMUM_LENGTH": null,
   "COLUMN_DEFAULT": null,
   "COLUMN_NAME": "bigint_field",
   "DATA_TYPE": "bigint",
   "IS_NULLABLE": "YES"
  },
  {
   "CHARACTER_MAXIMUM_LENGTH": null,
   "COLUMN_DEFAULT": null,
   "COLUMN_NAME": "float_field",
   "DATA_TYPE": "float",
   "IS_NULLABLE": "YES"
  },
  {
   "CHARACTER_MAXIMUM_LENGTH": null,
   "COLUMN_DEFAULT": null,
   "COLUMN_NAME": "double_field",
   "DATA_TYPE": "double",
   "IS_NULLABLE": "YES"
  },
  {
   "CHARACTER_MAXIMUM_LENGTH": null,
   "COLUMN_DEFAULT": null,
   "COLUMN_NAME": "date_field",
   "DATA_TYPE": "date",
   "IS_NULLABLE": "YES"
  },
  {
   "CHARACTER_MAXIMUM_LENGTH": null,
   "COLUMN_DEFAULT": null,
   "COLUMN_NAME": "time_field",
   "DATA_TYPE": "time",
   "IS_NULLABLE": "YES"
  },
  {
   "CHARACTER_MAXIMUM_LENGTH": null,
   "COLUMN_DEFAULT": null,
   "COLUMN_NAME": "datetime_field",
   "DATA_TYPE": "datetime",
   "IS_NULLABLE": "YES"
  },
  {
   "CHARACTER_MAXIMUM_LENGTH": null,
   "COLUMN_DEFAULT": null,
   "COLUMN_NAME": "timestamp_field",
   "DATA_TYPE": "timestamp",
   "IS_NULLABLE": "YES"
  },
  {
   "CHARACTER_MAXIMUM_LENGTH": 16777215,
   "COLUMN_DEFAULT": null,
   "COLUMN_NAME": "mediumblob_field",
   "DATA_TYPE": "mediumblob",
   "IS_NULLABLE": "YES"
  },
  {
   "CHARACTER_MAXIMUM_LENGTH": 13,
   "COLUMN_DEFAULT": null,
   "COLUMN_NAME": "set_field",
   "DATA_TYPE": "set",
   "IS_NULLABLE": "YES"
  }
 ],
 "result": true
}
