{
 "spreadsheetId": "1Dz51_uVHvmmRAOoPNLcfEV3Xzp9PoJTxAPQhrTFSdd0",
 "totalUpdatedRows": 4,
 "totalUpdatedColumns": 2,
 "totalUpdatedCells": 8,
 "totalUpdatedSheets": 1,
 "responses": [
  {
   "spreadsheetId": "1Dz51_uVHvmmRAOoPNLcfEV3Xzp9PoJTxAPQhrTFSdd0",
   "updatedRange": "Sheet2!A1",
   "updatedRows": 1,
   "updatedColumns": 1,
   "updatedCells": 1
  },
  {
   "spreadsheetId": "1Dz51_uVHvmmRAOoPNLcfEV3Xzp9PoJTxAPQhrTFSdd0",
   "updatedRange": "Sheet2!A2",
   "updatedRows": 1,
   "updatedColumns": 1,
   "updatedCells": 1
  },
  {
   "spreadsheetId": "1Dz51_uVHvmmRAOoPNLcfEV3Xzp9PoJTxAPQhrTFSdd0",
   "updatedRange": "Sheet2!B2",
   "updatedRows": 1,
   "updatedColumns": 1,
   "updatedCells": 1
  },
  {
   "spreadsheetId": "1Dz51_uVHvmmRAOoPNLcfEV3Xzp9PoJTxAPQhrTFSdd0",
   "updatedRange": "Sheet2!B3",
   "updatedRows": 1,
   "updatedColumns": 1,
   "updatedCells": 1
  },
  {
   "spreadsheetId": "1Dz51_uVHvmmRAOoPNLcfEV3Xzp9PoJTxAPQhrTFSdd0",
   "updatedRange": "Sheet2!A3",
   "updatedRows": 1,
   "updatedColumns": 1,
   "updatedCells": 1
  },
  {
   "spreadsheetId": "1Dz51_uVHvmmRAOoPNLcfEV3Xzp9PoJTxAPQhrTFSdd0",
   "updatedRange": "Sheet2!A4",
   "updatedRows": 1,
   "updatedColumns": 1,
   "updatedCells": 1
  },
  {
   "spreadsheetId": "1Dz51_uVHvmmRAOoPNLcfEV3Xzp9PoJTxAPQhrTFSdd0",
   "updatedRange": "Sheet2!B1",
   "updatedRows": 1,
   "updatedColumns": 1,
   "updatedCells": 1
  },
  {
   "spreadsheetId": "1Dz51_uVHvmmRAOoPNLcfEV3Xzp9PoJTxAPQhrTFSdd0",
   "updatedRange": "Sheet2!B4",
   "updatedRows": 1,
   "updatedColumns": 1,
   "updatedCells": 1
  }
 ]
}
