{
 "object": "list",
 "data": [
  {
   "id": "parler-tts-mini-v0.1",
   "object": "model"
  },
  {
   "id": "sd-1.5-ggml",
   "object": "model"
  },
  {
   "id": "smolvlm-256m-instruct",
   "object": "model"
  },
  {
   "id": "whisper-1",
   "object": "model"
  },
  {
   "id": "arcee-ai_afm-4.5b",
   "object": "model"
  },
  {
   "id": "bark-cpp-small",
   "object": "model"
  },
  {
   "id": "kitten-tts",
   "object": "model"
  },
  {
   "id": "moondream2-20250414",
   "object": "model"
  },
  {
   "id": "mmproj-SmolVLM-256M-Instruct-Q8_0.gguf",
   "object": "model"
  },
  {
   "id": "moondream2-mmproj-f16-20250414.gguf",
   "object": "model"
  }
 ]
}
