{
 "data": [
  {
   "id": "file-4",
   "object": "file",
   "bytes": 2114025,
   "created_at": "2025-09-22T21:38:17.818948353Z",
   "filename": "2f18d680-0fff-4901-a7b5-2a3d8ce00b2b.png",
   "purpose": "user_data"
  },
  {
   "id": "file-7",
   "object": "file",
   "bytes": 2114025,
   "created_at": "2025-09-23T08:30:38.604724817Z",
   "filename": "e6556794-cc1b-41d6-aa2b-24ad4894d99e.png",
   "purpose": "user_data"
  },
  {
   "id": "file-3",
   "object": "file",
   "bytes": 2114025,
   "created_at": "2025-09-23T11:47:29.088061903Z",
   "filename": "c0ed51f1-0b5c-4484-b7f7-e558498e8dda.png",
   "purpose": "assistants"
  }
 ],
 "object": "list"
}
