    {
 "result": true,
 "data": [
  {
   "is_directory": true,
   "is_symlink": false,
   "list_string": "drwxr-xr-x    3 1000     1000         4096 Aug 06 18:52 brand_new_dir",
   "modified": "2025-08-06T18:52:00+00:00",
   "name": "brand_new_dir",
   "size": 4096,
   "symlink_path": "",
   "path": "brand_new_dir",
   "objects": [
    {
     "is_directory": true,
     "is_symlink": false,
     "list_string": "drwxr-xr-x    2 1000     1000         4096 Aug 06 18:34 another_one",
     "modified": "2025-08-06T18:34:00+00:00",
     "name": "another_one",
     "size": 4096,
     "symlink_path": "",
     "path": "brand_new_dir/another_one",
     "objects": []
    },
    {
     "is_directory": false,
     "is_symlink": false,
     "list_string": "-rw-r--r--    1 1000     1000     335944730 Aug 06 18:43 giant.bin",
     "modified": "2025-08-06T18:43:00+00:00",
     "name": "giant.bin",
     "size": 335944730,
     "symlink_path": "",
     "path": "brand_new_dir/giant.bin"
    },
    {
     "is_directory": false,
     "is_symlink": false,
     "list_string": "-rw-r--r--    1 1000     1000      2114023 Aug 06 18:41 pic_from_disk.png",
     "modified": "2025-08-06T18:41:00+00:00",
     "name": "pic_from_disk.png",
     "size": 2114023,
     "symlink_path": "",
     "path": "brand_new_dir/pic_from_disk.png"
    }
   ]
  }
 ]
}
