 {
 "response": [
  {
   "album_id": 304530610,
   "date": 1717343171,
   "id": 457244181,
   "owner_id": -218861756,
   "sizes": [
    {
     "height": 56,
     "type": "s",
     "width": 75,
     "url": "https://sun9-38.userapi.com/impg/ejNe0jcXKF-JoKZdXKCs97GJjsJh4ZGE0iH8KQ/C27bUt_3Uvk.jpg?size=75x56&quality=96&sign=4b395111c68c4f7a6c205cd395832304&c_uniq_tag=s5ufZ6Xr9j_Zxz5OkGj6hcEaq2Lh8ZtU-hjQaErgNUc&type=album"
    },
    {
     "height": 97,
     "type": "m",
     "width": 130,
     "url": "https://sun9-38.userapi.com/impg/ejNe0jcXKF-JoKZdXKCs97GJjsJh4ZGE0iH8KQ/C27bUt_3Uvk.jpg?size=130x97&quality=96&sign=22cad4c0a6b676d5e9b1ae5f5f50c8b2&c_uniq_tag=nXo-voIBr5GUgn1omLkghYGE7JCjZd1CiGr5ee8i_Hs&type=album"
    },
    {
     "height": 453,
     "type": "x",
     "width": 604,
     "url": "https://sun9-38.userapi.com/impg/ejNe0jcXKF-JoKZdXKCs97GJjsJh4ZGE0iH8KQ/C27bUt_3Uvk.jpg?size=604x453&quality=96&sign=6f2566c4181efd6e91d2a2b5f823460d&c_uniq_tag=tFQNXFHFGlxg3Qti2owSjqik4CEbFzs_4Nd3BNvpiyU&type=album"
    },
    {
     "height": 605,
     "type": "y",
     "width": 807,
     "url": "https://sun9-38.userapi.com/impg/ejNe0jcXKF-JoKZdXKCs97GJjsJh4ZGE0iH8KQ/C27bUt_3Uvk.jpg?size=807x605&quality=96&sign=a2743fa8542ffc0b0075d305bd02f3f3&c_uniq_tag=2qry1KRc8sxnTTgwesT95YyTHsKCMWH35dqN1qeW-jQ&type=album"
    },
    {
     "height": 960,
     "type": "z",
     "width": 1280,
     "url": "https://sun9-38.userapi.com/impg/ejNe0jcXKF-JoKZdXKCs97GJjsJh4ZGE0iH8KQ/C27bUt_3Uvk.jpg?size=1280x960&quality=96&sign=5e5b875e6bb4dd4bd5f7c95be1d27e49&c_uniq_tag=cedUnp8Wx29WL3OrQQUPYUROkTpG_Mbo96jM4y3tgPg&type=album"
    },
    {
     "height": 1920,
     "type": "w",
     "width": 2560,
     "url": "https://sun9-38.userapi.com/impg/ejNe0jcXKF-JoKZdXKCs97GJjsJh4ZGE0iH8KQ/C27bUt_3Uvk.jpg?size=2560x1920&quality=96&sign=2abe07579b7dad5e4c83e350206a1817&c_uniq_tag=YiN6vpd7eS8_stcYM9bo4Znx9O1cTSMHWpMhMqO3t7o&type=album"
    },
    {
     "height": 97,
     "type": "o",
     "width": 130,
     "url": "https://sun9-38.userapi.com/impg/ejNe0jcXKF-JoKZdXKCs97GJjsJh4ZGE0iH8KQ/C27bUt_3Uvk.jpg?size=130x97&quality=96&sign=22cad4c0a6b676d5e9b1ae5f5f50c8b2&c_uniq_tag=nXo-voIBr5GUgn1omLkghYGE7JCjZd1CiGr5ee8i_Hs&type=album"
    },
    {
     "height": 150,
     "type": "p",
     "width": 200,
     "url": "https://sun9-38.userapi.com/impg/ejNe0jcXKF-JoKZdXKCs97GJjsJh4ZGE0iH8KQ/C27bUt_3Uvk.jpg?size=200x150&quality=96&sign=5bf6dfb6bc826a55fd8a0513994915b2&c_uniq_tag=OKYXuH_0LTnvjWy1tqE9mKZMWAzkztkrxNrjB1XwUOY&type=album"
    },
    {
     "height": 240,
     "type": "q",
     "width": 320,
     "url": "https://sun9-38.userapi.com/impg/ejNe0jcXKF-JoKZdXKCs97GJjsJh4ZGE0iH8KQ/C27bUt_3Uvk.jpg?size=320x240&quality=96&sign=58d7d2b1c1be6c6b20949ada09c6a4a8&c_uniq_tag=QVXri7tMytA8q3-O49uYlPV30KNFvM8p9gRZLWD9_V4&type=album"
    },
    {
     "height": 382,
     "type": "r",
     "width": 510,
     "url": "https://sun9-38.userapi.com/impg/ejNe0jcXKF-JoKZdXKCs97GJjsJh4ZGE0iH8KQ/C27bUt_3Uvk.jpg?size=510x382&quality=96&sign=d03b682e59bfd8a98b093ada3b9a820c&c_uniq_tag=9IVTGR3t4ZtNKNNtcZ91EN2Q_nMdLsyFRiFVAyM29YU&type=album"
    }
   ],
   "text": "AutoTestImage",
   "user_id": 100,
   "web_view_token": "2531bd8fa6c7886407",
   "has_tags": false
  }
 ]
}
