 {
 "ok": true,
 "result": [
  {
   "update_id": 291369010,
   "channel_post": {
    "message_id": 9419,
    "sender_chat": {
     "id": -1001893407333,
     "title": "Тестовый канал",
     "username": "testsichee",
     "type": "channel"
    },
    "chat": {
     "id": -1001893407333,
     "title": "Тестовый канал",
     "username": "testsichee",
     "type": "channel"
    },
    "date": 1728408425,
    "pinned_message": {
     "message_id": 9400,
     "sender_chat": {
      "id": -1001893407333,
      "title": "Тестовый канал",
      "username": "testsichee",
      "type": "channel"
     },
     "chat": {
      "id": -1001893407333,
      "title": "Тестовый канал",
      "username": "testsichee",
      "type": "channel"
     },
     "date": 1728408204,
     "text": "Строковое значение"
    }
   }
  },
  {
   "update_id": 291369011,
   "message": {
    "message_id": 5385,
    "from": {
     "id": 6129457865,
     "is_bot": true,
     "first_name": "Бот Виталий",
     "username": "sicheebot"
    },
    "chat": {
     "id": -1001971186208,
     "title": "Тест",
     "is_forum": true,
     "type": "supergroup"
    },
    "date": 1728408458,
    "message_thread_id": 5385,
    "forum_topic_created": {
     "name": "Тестовая тема 6ff88eef-fb83-4761-9cdd-315c7420af44",
     "icon_color": 7322096,
     "icon_custom_emoji_id": "5357419403325481346"
    },
    "is_topic_message": true
   }
  },
  {
   "update_id": 291369012,
   "message": {
    "message_id": 5387,
    "from": {
     "id": 6129457865,
     "is_bot": true,
     "first_name": "Бот Виталий",
     "username": "sicheebot"
    },
    "chat": {
     "id": -1001971186208,
     "title": "Тест",
     "is_forum": true,
     "type": "supergroup"
    },
    "date": 1728408459,
    "message_thread_id": 5385,
    "reply_to_message": {
     "message_id": 5385,
     "from": {
      "id": 6129457865,
      "is_bot": true,
      "first_name": "Бот Виталий",
      "username": "sicheebot"
     },
     "chat": {
      "id": -1001971186208,
      "title": "Тест",
      "is_forum": true,
      "type": "supergroup"
     },
     "date": 1728408458,
     "message_thread_id": 5385,
     "forum_topic_created": {
      "name": "Тестовая тема 6ff88eef-fb83-4761-9cdd-315c7420af44",
      "icon_color": 7322096,
      "icon_custom_emoji_id": "5357419403325481346"
     },
     "is_topic_message": true
    },
    "forum_topic_edited": {
     "name": "Новый тестовый заголовок",
     "icon_custom_emoji_id": "5310132165583840589"
    },
    "is_topic_message": true
   }
  },
  {
   "update_id": 291369013,
   "message": {
    "message_id": 5388,
    "from": {
     "id": 6129457865,
     "is_bot": true,
     "first_name": "Бот Виталий",
     "username": "sicheebot"
    },
    "chat": {
     "id": -1001971186208,
     "title": "Тест",
     "is_forum": true,
     "type": "supergroup"
    },
    "date": 1728408464,
    "forum_topic_reopened": {}
   }
  },
  {
   "update_id": 291369014,
   "message": {
    "message_id": 5389,
    "from": {
     "id": 6129457865,
     "is_bot": true,
     "first_name": "Бот Виталий",
     "username": "sicheebot"
    },
    "chat": {
     "id": -1001971186208,
     "title": "Тест",
     "is_forum": true,
     "type": "supergroup"
    },
    "date": 1728408464,
    "forum_topic_closed": {}
   }
  },
  {
   "update_id": 291369015,
   "message": {
    "message_id": 5390,
    "from": {
     "id": 6129457865,
     "is_bot": true,
     "first_name": "Бот Виталий",
     "username": "sicheebot"
    },
    "chat": {
     "id": -1001971186208,
     "title": "Тест",
     "is_forum": true,
     "type": "supergroup"
    },
    "date": 1728408464,
    "message_thread_id": 5385,
    "reply_to_message": {
     "message_id": 5385,
     "from": {
      "id": 6129457865,
      "is_bot": true,
      "first_name": "Бот Виталий",
      "username": "sicheebot"
     },
     "chat": {
      "id": -1001971186208,
      "title": "Тест",
      "is_forum": true,
      "type": "supergroup"
     },
     "date": 1728408458,
     "message_thread_id": 5385,
     "forum_topic_created": {
      "name": "Тестовая тема 6ff88eef-fb83-4761-9cdd-315c7420af44",
      "icon_color": 7322096,
      "icon_custom_emoji_id": "5357419403325481346"
     },
     "is_topic_message": true
    },
    "forum_topic_closed": {},
    "is_topic_message": true
   }
  },
  {
   "update_id": 291369016,
   "message": {
    "message_id": 5391,
    "from": {
     "id": 6129457865,
     "is_bot": true,
     "first_name": "Бот Виталий",
     "username": "sicheebot"
    },
    "chat": {
     "id": -1001971186208,
     "title": "Тест",
     "is_forum": true,
     "type": "supergroup"
    },
    "date": 1728408485,
    "forum_topic_reopened": {}
   }
  },
  {
   "update_id": 291369017,
   "message": {
    "message_id": 5392,
    "from": {
     "id": 6129457865,
     "is_bot": true,
     "first_name": "Бот Виталий",
     "username": "sicheebot"
    },
    "chat": {
     "id": -1001971186208,
     "title": "Тест",
     "is_forum": true,
     "type": "supergroup"
    },
    "date": 1728408486,
    "message_thread_id": 5385,
    "reply_to_message": {
     "message_id": 5385,
     "from": {
      "id": 6129457865,
      "is_bot": true,
      "first_name": "Бот Виталий",
      "username": "sicheebot"
     },
     "chat": {
      "id": -1001971186208,
      "title": "Тест",
      "is_forum": true,
      "type": "supergroup"
     },
     "date": 1728408458,
     "message_thread_id": 5385,
     "forum_topic_created": {
      "name": "Тестовая тема 6ff88eef-fb83-4761-9cdd-315c7420af44",
      "icon_color": 7322096,
      "icon_custom_emoji_id": "5357419403325481346"
     },
     "is_topic_message": true
    },
    "forum_topic_reopened": {},
    "is_topic_message": true
   }
  },
  {
   "update_id": 291369018,
   "message": {
    "message_id": 5393,
    "from": {
     "id": 6129457865,
     "is_bot": true,
     "first_name": "Бот Виталий",
     "username": "sicheebot"
    },
    "chat": {
     "id": -1001971186208,
     "title": "Тест",
     "is_forum": true,
     "type": "supergroup"
    },
    "date": 1728408537,
    "forum_topic_edited": {
     "name": "Новое имя главной темы bc0fec19-f6b5-498b-a8cb-215ea9eab0fc"
    }
   }
  },
  {
   "update_id": 291369019,
   "message": {
    "message_id": 5394,
    "from": {
     "id": 6129457865,
     "is_bot": true,
     "first_name": "Бот Виталий",
     "username": "sicheebot"
    },
    "chat": {
     "id": -1001971186208,
     "title": "Тест",
     "is_forum": true,
     "type": "supergroup"
    },
    "date": 1728408545,
    "general_forum_topic_hidden": {}
   }
  },
  {
   "update_id": 291369020,
   "message": {
    "message_id": 5395,
    "from": {
     "id": 6129457865,
     "is_bot": true,
     "first_name": "Бот Виталий",
     "username": "sicheebot"
    },
    "chat": {
     "id": -1001971186208,
     "title": "Тест",
     "is_forum": true,
     "type": "supergroup"
    },
    "date": 1728408550,
    "general_forum_topic_unhidden": {}
   }
  }
 ]
}
