{
 "ok": true,
 "result": {
  "message_id": 21744,
  "from": {
   "id": 6129457865,
   "is_bot": true,
   "first_name": "Бот Виталий",
   "username": "sicheebot"
  },
  "chat": {
   "id": 461699897,
   "first_name": "Anton",
   "last_name": "Titovets",
   "username": "bayselonarrend",
   "type": "private"
  },
  "date": 1779801629,
  "edit_date": 1779801638,
  "text": "Строковое значение",
  "reply_markup": {
   "inline_keyboard": [
    [
     {
      "text": "New button 3",
      "callback_data": "New button 3"
     },
     {
      "text": "New button 2",
      "callback_data": "New button 2"
     },
     {
      "text": "New button 1",
      "callback_data": "New button 1"
     }
    ]
   ]
  }
 }
}
