{
 "ok": true,
 "result": {
  "message_id": 24356,
  "from": {
   "id": 6129457865,
   "is_bot": true,
   "first_name": "Бот Виталий",
   "username": "sicheebot"
  },
  "chat": {
   "id": 461699897,
   "first_name": "Anton",
   "last_name": "Titovets",
   "username": "bayselonarrend",
   "type": "private"
  },
  "date": 1784480881,
  "edit_date": 1784480930,
  "photo": [
   {
    "file_id": "AgACAgIAAxkDAAJdvGpaVPvZdG8AAbvA9S38U1j7Dy-_tgACfxprG3-z2UoHiccCrLehQAEAAwIAA3MAAz0E",
    "file_unique_id": "AQADfxprG3-z2Up4",
    "file_size": 1569,
    "width": "***",
    "height": 67
   },
   {
    "file_id": "AgACAgIAAxkDAAJdvGpaVPvZdG8AAbvA9S38U1j7Dy-_tgACfxprG3-z2UoHiccCrLehQAEAAwIAA20AAz0E",
    "file_unique_id": "AQADfxprG3-z2Upy",
    "file_size": 21511,
    "width": "***",
    "height": 240
   },
   {
    "file_id": "AgACAgIAAxkDAAJdvGpaVPvZdG8AAbvA9S38U1j7Dy-_tgACfxprG3-z2UoHiccCrLehQAEAAwIAA3gAAz0E",
    "file_unique_id": "AQADfxprG3-z2Up9",
    "file_size": 98652,
    "width": "***",
    "height": 600
   },
   {
    "file_id": "AgACAgIAAxkDAAJdvGpaVPvZdG8AAbvA9S38U1j7Dy-_tgACfxprG3-z2UoHiccCrLehQAEAAwIAA3kAAz0E",
    "file_unique_id": "AQADfxprG3-z2Up-",
    "file_size": 217083,
    "width": "***",
    "height": 960
   },
   {
    "file_id": "AgACAgIAAxkDAAJdvGpaVPvZdG8AAbvA9S38U1j7Dy-_tgACfxprG3-z2UoHiccCrLehQAEAAwIAA3cAAz0E",
    "file_unique_id": "AQADfxprG3-z2Up8",
    "file_size": 645868,
    "width": "***",
    "height": 1920
   }
  ],
  "caption": "New picture description"
 }
}
