{
 "ok": true,
 "result": {
  "message_id": 21163,
  "from": {
   "id": 6129457865,
   "is_bot": true,
   "first_name": "Бот Виталий",
   "username": "sicheebot"
  },
  "chat": {
   "id": 461699897,
   "first_name": "Anton",
   "last_name": "Titovets",
   "username": "bayselonarrend",
   "type": "private"
  },
  "date": 1777720751,
  "poll": {
   "id": "5453996347180978545",
   "question": "What's your favorite color??",
   "options": [
    {
     "persistent_id": "0",
     "text": "Red",
     "voter_count": 0
    },
    {
     "persistent_id": "1",
     "text": "Yellow",
     "voter_count": 0
    },
    {
     "persistent_id": "2",
     "text": "Green",
     "voter_count": 0
    },
    {
     "persistent_id": "3",
     "text": "Blue",
     "voter_count": 0
    }
   ],
   "total_voter_count": 0,
   "is_closed": false,
   "is_anonymous": false,
   "allows_multiple_answers": false,
   "allows_revoting": true,
   "type": "regular"
  }
 }
}
