 {
 "ok": true,
 "result": [
  {
   "message_id": 9393,
   "sender_chat": {
    "id": -1001893407333,
    "title": "Тестовый канал",
    "username": "testsichee",
    "type": "channel"
   },
   "chat": {
    "id": -1001893407333,
    "title": "Тестовый канал",
    "username": "testsichee",
    "type": "channel"
   },
   "date": 1728327750,
   "media_group_id": "13826622004746386",
   "document": {
    "file_name": "document.docx",
    "mime_type": "application/vnd.openxmlformats-officedocument.wordprocessingml.document",
    "file_id": "BQACAgIAAxUHZwQwRl3sl_4mTWbv3HJDNiWOxUsAAqlbAAJw4yBIQ8QmgEmjxp82BA",
    "file_unique_id": "AgADqVsAAnDjIEg",
    "file_size": 24069
   },
   "caption": "Строковое значение"
  },
  {
   "message_id": 9394,
   "sender_chat": {
    "id": -1001893407333,
    "title": "Тестовый канал",
    "username": "testsichee",
    "type": "channel"
   },
   "chat": {
    "id": -1001893407333,
    "title": "Тестовый канал",
    "username": "testsichee",
    "type": "channel"
   },
   "date": 1728327750,
   "media_group_id": "13826622004746386",
   "document": {
    "file_name": "bvnwhblbowj.docx",
    "mime_type": "application/vnd.openxmlformats-officedocument.wordprocessingml.document",
    "file_id": "BQACAgIAAxUHZwQwRioG6kj4GQ_bf2ElauNNcfIAAqhbAAJw4yBImlA_U4NTr1Q2BA",
    "file_unique_id": "AgADqFsAAnDjIEg",
    "file_size": 24069
   }
  }
 ]
}
