{
 "ok": true,
 "result": {
  "message_id": 24363,
  "from": {
   "id": 6129457865,
   "is_bot": true,
   "first_name": "Бот Виталий",
   "username": "sicheebot"
  },
  "chat": {
   "id": 461699897,
   "first_name": "Anton",
   "last_name": "Titovets",
   "username": "bayselonarrend",
   "type": "private"
  },
  "date": 1784481041,
  "animation": {
   "file_name": "animation.gif.mp4",
   "mime_type": "video/mp4",
   "duration": 3,
   "width": "***",
   "height": 220,
   "thumbnail": {
    "file_id": "AAMCAgADGQMAAl8ral0FEey_b7NSLUsXgEUMLx3hG2wAAs2tAAJpselKtgpN8e4syt0BAAdtAAM9BA",
    "file_unique_id": "AQADza0AAmmx6Upy",
    "file_size": 11342,
    "width": "***",
    "height": 220
   },
   "thumb": {
    "file_id": "AAMCAgADGQMAAl8ral0FEey_b7NSLUsXgEUMLx3hG2wAAs2tAAJpselKtgpN8e4syt0BAAdtAAM9BA",
    "file_unique_id": "AQADza0AAmmx6Upy",
    "file_size": 11342,
    "width": "***",
    "height": 220
   },
   "file_id": "CgACAgIAAxkDAAJfK2pdBRHsv2-zUi1LF4BFDC8d4RtsAALNrQACabHpSrYKTfHuLMrdPQQ",
   "file_unique_id": "AgADza0AAmmx6Uo",
   "file_size": 84979
  },
  "document": {
   "file_name": "animation.gif.mp4",
   "mime_type": "video/mp4",
   "thumbnail": {
    "file_id": "AAMCAgADGQMAAl8ral0FEey_b7NSLUsXgEUMLx3hG2wAAs2tAAJpselKtgpN8e4syt0BAAdtAAM9BA",
    "file_unique_id": "AQADza0AAmmx6Upy",
    "file_size": 11342,
    "width": "***",
    "height": 220
   },
   "thumb": {
    "file_id": "AAMCAgADGQMAAl8ral0FEey_b7NSLUsXgEUMLx3hG2wAAs2tAAJpselKtgpN8e4syt0BAAdtAAM9BA",
    "file_unique_id": "AQADza0AAmmx6Upy",
    "file_size": 11342,
    "width": "***",
    "height": 220
   },
   "file_id": "CgACAgIAAxkDAAJfK2pdBRHsv2-zUi1LF4BFDC8d4RtsAALNrQACabHpSrYKTfHuLMrdPQQ",
   "file_unique_id": "AgADza0AAmmx6Uo",
   "file_size": 84979
  },
  "caption": "Строковое значение"
 }
}
