{
 "ok": true,
 "result": {
  "message_id": 18399,
  "from": {
   "id": 6129457865,
   "is_bot": true,
   "first_name": "Бот Виталий",
   "username": "sicheebot"
  },
  "chat": {
   "id": 461699897,
   "first_name": "Anton",
   "last_name": "Titovets",
   "username": "bayselonarrend",
   "type": "private"
  },
  "date": 1765390280,
  "text": "Строковое значение",
  "reply_markup": {
   "inline_keyboard": [
    [
     {
      "text": "Button1",
      "callback_data": "Button1"
     }
    ],
    [
     {
      "text": "Button2",
      "callback_data": "Button2"
     }
    ]
   ]
  }
 }
}
