{
 "ok": true,
 "result": {
  "message_id": 24324,
  "from": {
   "id": 6129457865,
   "is_bot": true,
   "first_name": "Бот Виталий",
   "username": "sicheebot"
  },
  "chat": {
   "id": 461699897,
   "first_name": "Anton",
   "last_name": "Titovets",
   "username": "bayselonarrend",
   "type": "private"
  },
  "date": 1784478701,
  "audio": {
   "duration": 228,
   "file_name": "audio",
   "mime_type": "audio/mpeg",
   "title": "Dogs",
   "performer": "Motorhead",
   "file_id": "CQACAgIAAxkDAAJfBGpc--xS-CalpxBnX9qPoi2alvVNAAJjrQACabHpSiHF2evInRlSPQQ",
   "file_unique_id": "AgADY60AAmmx6Uo",
   "file_size": 9229352
  },
  "caption": "Строковое значение"
 }
}
