 {
 "ok": true,
 "result": {
  "message_id": 8266,
  "from": {
   "id": 6129457865,
   "is_bot": true,
   "first_name": "Бот Виталий",
   "username": "sicheebot"
  },
  "chat": {
   "id": 461699897,
   "first_name": "Anton",
   "last_name": "Titowets",
   "username": "JKIee",
   "type": "private"
  },
  "date": 1728327720,
  "document": {
   "file_name": "customname.docx",
   "mime_type": "application/vnd.openxmlformats-officedocument.wordprocessingml.document",
   "file_id": "BQACAgIAAxkDAAIgSmcEMCh3vGx7Nz-dEx7L8fqOoyrpAAKRYgACA2UhSMy2B-t-GCI0NgQ",
   "file_unique_id": "AgADkWIAAgNlIUg",
   "file_size": 24069
  },
  "caption": "Строковое значение"
 }
}
