{
 "ok": true,
 "result": [
  {
   "message_id": 22448,
   "from": {
    "id": 6129457865,
    "is_bot": true,
    "first_name": "Бот Виталий",
    "username": "sicheebot"
   },
   "chat": {
    "id": 461699897,
    "first_name": "Anton",
    "last_name": "Titovets",
    "username": "bayselonarrend",
    "type": "private"
   },
   "date": 1781534076,
   "media_group_id": "14252272610309170",
   "photo": [
    {
     "file_id": "AgACAgIAAxkDAAJW7GotCow-Ni5fR6REIZ7vx6ywd-7vAAK8G2sbzO9oSdv0bz_ND6ThAQADAgADcwADPAQ",
     "file_unique_id": "AQADvBtrG8zvaEl4",
     "file_size": 1569,
     "width": "***",
     "height": 67
    },
    {
     "file_id": "AgACAgIAAxkDAAJW7GotCow-Ni5fR6REIZ7vx6ywd-7vAAK8G2sbzO9oSdv0bz_ND6ThAQADAgADbQADPAQ",
     "file_unique_id": "AQADvBtrG8zvaEly",
     "file_size": 21511,
     "width": "***",
     "height": 240
    },
    {
     "file_id": "AgACAgIAAxkDAAJW7GotCow-Ni5fR6REIZ7vx6ywd-7vAAK8G2sbzO9oSdv0bz_ND6ThAQADAgADeAADPAQ",
     "file_unique_id": "AQADvBtrG8zvaEl9",
     "file_size": 98652,
     "width": "***",
     "height": 600
    },
    {
     "file_id": "AgACAgIAAxkDAAJW7GotCow-Ni5fR6REIZ7vx6ywd-7vAAK8G2sbzO9oSdv0bz_ND6ThAQADAgADeQADPAQ",
     "file_unique_id": "AQADvBtrG8zvaEl-",
     "file_size": 217083,
     "width": "***",
     "height": 960
    },
    {
     "file_id": "AgACAgIAAxkDAAJW7GotCow-Ni5fR6REIZ7vx6ywd-7vAAK8G2sbzO9oSdv0bz_ND6ThAQADAgADdwADPAQ",
     "file_unique_id": "AQADvBtrG8zvaEl8",
     "file_size": 645868,
     "width": "***",
     "height": 1920
    }
   ],
   "caption": "Строковое значение"
  },
  {
   "message_id": 22449,
   "from": {
    "id": 6129457865,
    "is_bot": true,
    "first_name": "Бот Виталий",
    "username": "sicheebot"
   },
   "chat": {
    "id": 461699897,
    "first_name": "Anton",
    "last_name": "Titovets",
    "username": "bayselonarrend",
    "type": "private"
   },
   "date": 1781534076,
   "media_group_id": "14252272610309170",
   "video": {
    "duration": 5,
    "width": "***",
    "height": 480,
    "file_name": "video1",
    "mime_type": "video/mp4",
    "thumbnail": {
     "file_id": "AAMCAgADFQdqMA1891iGdggrbNSNojCwxOrP2gAC76cAAtowgUl_tNcmwGbycgEAB20AAzwE",
     "file_unique_id": "AQAD76cAAtowgUly",
     "file_size": 19807,
     "width": "***",
     "height": 240
    },
    "thumb": {
     "file_id": "AAMCAgADFQdqMA1891iGdggrbNSNojCwxOrP2gAC76cAAtowgUl_tNcmwGbycgEAB20AAzwE",
     "file_unique_id": "AQAD76cAAtowgUly",
     "file_size": 19807,
     "width": "***",
     "height": 240
    },
    "file_id": "BAACAgIAAxUHajANfPdYhnYIK2zUjaIwsMTqz9oAAu-nAALaMIFJf7TXJsBm8nI8BA",
    "file_unique_id": "AgAD76cAAtowgUk",
    "file_size": 1137878
   }
  }
 ]
}
