 {
 "rows": 1,
 "counters": [
  {
   "id": 98905589,
   "status": "Active",
   "owner_login": "bayselonarrend",
   "code_status": "CS_ERR_UNKNOWN",
   "activity_status": "low",
   "type": "simple",
   "favorite": 0,
   "hide_address": 0,
   "pro": 0,
   "permission": "own",
   "webvisor": {
    "arch_enabled": 0,
    "arch_type": "none",
    "load_player_type": "proxy",
    "wv_version": 2,
    "allow_wv2": true,
    "wv_forms": 1
   },
   "code_options": {
    "async": 0,
    "informer": {
     "enabled": 1,
     "type": "ext",
     "size": 2,
     "indicator": "uniques",
     "color_start": "EEEEEEEE",
     "color_end": "EFEFEFFE",
     "color_text": 0,
     "color_arrow": 1
    },
    "visor": 1,
    "track_hash": 1,
    "xml_site": 0,
    "clickmap": 1,
    "in_one_line": 0,
    "ecommerce": 1,
    "alternative_cdn": 1,
    "ecommerce_object": "dataLayer",
    "ytm": false
   },
   "create_time": "2024-11-13T10:44:59+03:00",
   "time_zone_name": "Europe/Moscow",
   "time_zone_offset": 180,
   "partner_id": 0,
   "site": "openintegrations.dev",
   "site2": {
    "site": "openintegrations.dev",
    "domain": "openintegrations.dev"
   },
   "gdpr_agreement_accepted": 1
  }
 ]
}
