    {
 "status": 400,
 "response": {
  "Error": {
   "Code": "EntityTooSmall",
   "Message": "Your proposed upload is smaller than the minimum allowed object size.",
   "Key": "pictureMulti.jpg",
   "BucketName": "opi-gpbucket3",
   "Resource": "/pictureMulti.jpg",
   "RequestId": "1809AD160A63D323",
   "HostId": "0757065d17b69556603743b9ea63f04bc7b9f349245bbff6b0ba901258e9c169"
  }
 },
 "headers": {
  "Accept-Ranges": "bytes",
  "Content-Length": "392",
  "Content-Type": "application/xml",
  "Date": "Wed, 20 Nov 2024 12:30:41 GMT",
  "Server": "MinIO",
  "Strict-Transport-Security": "max-age=31536000; includeSubDomains",
  "Vary": "Origin,Accept-Encoding",
  "X-Amz-Id-2": "0757065d17b69556603743b9ea63f04bc7b9f349245bbff6b0ba901258e9c169",
  "X-Amz-Request-Id": "1809AD160A63D323",
  "X-Content-Type-Options": "nosniff",
  "X-Xss-Protection": "1; mode=block"
 }
}
