{
 "status": 200,
 "response": {},
 "headers": {
  "Accept-Ranges": "bytes",
  "ETag": "\"adb76a9a9ff8226ed08fb6f343102908\"",
  "Vary": "Accept-Encoding",
  "Server": "Microsoft-IIS/10.0",
  "Strict-Transport-Security": "max-age=31536000; includeSubDomains",
  "X-Amz-Id-2": "dd9025bab4ad464b049177c95eb6ebf374d3b3fd1af9251148b658df7ac2e3e8",
  "X-Amz-Request-Id": "189080F25E3773BF",
  "X-Content-Type-Options": "nosniff",
  "X-Ratelimit-Limit": "3169",
  "X-Ratelimit-Remaining": "3169",
  "X-XSS-Protection": "1; mode=block",
  "X-Powered-By": "ARR/3.0",
  "Date": "Mon, 02 Feb 2026 18:20:32 GMT",
  "Content-Length": "0"
 }
}
