{
 "status": 200,
 "response": {
  "InitiateMultipartUploadResult": {
   "Bucket": "f03d2e19",
   "Key": "***",
   "UploadId": "MGI2Y2U2YTAtMDYxZC00NzkwLTk3YmEtOTM0NDY2MWFjZGYwLjIwODBhNmI5LTJiZDUtNGRjMy05NDZkLTVhYmFiN2VkMDdiZXgxNzg0MDA5MTE5Njc3MTcyNzAw"
  }
 },
 "headers": {
  "Accept-Ranges": "bytes",
  "Vary": "Accept-Encoding",
  "Server": "Microsoft-IIS/10.0",
  "Strict-Transport-Security": "max-age=31536000; includeSubDomains",
  "X-Amz-Id-2": "dd9025bab4ad464b049177c95eb6ebf374d3b3fd1af9251148b658df7ac2e3e8",
  "X-Amz-Request-Id": "18C212D79E67915C",
  "X-Content-Type-Options": "nosniff",
  "X-Ratelimit-Limit": "6329",
  "X-Ratelimit-Remaining": "6329",
  "X-XSS-Protection": "1; mode=block",
  "X-Powered-By": "ARR/3.0",
  "Date": "Tue, 14 Jul 2026 06:05:18 GMT",
  "Content-Type": "application/xml",
  "Content-Length": "346"
 }
}
