    {
 "status": 200,
 "response": {
  "InitiateMultipartUploadResult": {
   "Bucket": "opi-gpbucket3",
   "Key": "fileChunked.mp3",
   "UploadId": "MDk2NGE5MDUtNDcxZS00ZDljLTkzYjMtODM5ZDM4NGMyMWVhLmFjMmU5ZTIyLTIzMTUtNDcxNy1iNTA5LWI1MGIwZjViNDcyMg"
  }
 },
 "headers": {
  "Accept-Ranges": "bytes",
  "Content-Length": "325",
  "Content-Type": "application/xml",
  "Date": "Fri, 22 Nov 2024 09:35:10 GMT",
  "Server": "MinIO",
  "Strict-Transport-Security": "max-age=31536000; includeSubDomains",
  "Vary": "Origin,Accept-Encoding",
  "X-Amz-Id-2": "93c576aa54c960b355da9e2934476635fe3243f5df9dbb4db8b7c0d94bec7cd1",
  "X-Amz-Request-Id": "180A40AB1FEEF121",
  "X-Content-Type-Options": "nosniff",
  "X-Xss-Protection": "1; mode=block"
 }
}
