{
 "status": 200,
 "response": {
  "CopyObjectResult": {
   "LastModified": "2026-06-27T17:43:06.459Z",
   "ETag": "\"9e0176f87f6565a22f78e0f9b39a4d78\""
  }
 },
 "headers": {
  "Accept-Ranges": "bytes",
  "ETag": "\"9e0176f87f6565a22f78e0f9b39a4d78\"",
  "Vary": "Accept-Encoding",
  "Server": "Microsoft-IIS/10.0",
  "Strict-Transport-Security": "max-age=31536000; includeSubDomains",
  "X-Amz-Checksum-Crc64nvme": "p+vCtK1YeeU=",
  "X-Amz-Checksum-Type": "FULL_OBJECT",
  "X-Amz-Id-2": "dd9025bab4ad464b049177c95eb6ebf374d3b3fd1af9251148b658df7ac2e3e8",
  "X-Amz-Request-Id": "18BD010DD60C221E",
  "X-Content-Type-Options": "nosniff",
  "X-Ratelimit-Limit": "6126",
  "X-Ratelimit-Remaining": "6126",
  "X-XSS-Protection": "1; mode=block",
  "X-Powered-By": "ARR/3.0",
  "Date": "Sat, 27 Jun 2026 17:43:06 GMT",
  "Content-Type": "application/xml",
  "Content-Length": "232"
 }
}
