{
 "status": 200,
 "response": {
  "ListBucketResult": {
   "Name": "fe7abaa6",
   "Prefix": {},
   "KeyCount": "***",
   "MaxKeys": "***",
   "IsTruncated": "false",
   "Contents": {
    "Key": "***",
    "LastModified": "2026-06-15T18:07:55.386Z",
    "ETag": "\"9e0176f87f6565a22f78e0f9b39a4d78\"",
    "Size": "2114023",
    "StorageClass": "STANDARD"
   }
  }
 },
 "headers": {
  "Accept-Ranges": "bytes",
  "Vary": "Accept-Encoding",
  "Server": "Microsoft-IIS/10.0",
  "Strict-Transport-Security": "max-age=31536000; includeSubDomains",
  "X-Amz-Id-2": "dd9025bab4ad464b049177c95eb6ebf374d3b3fd1af9251148b658df7ac2e3e8",
  "X-Amz-Request-Id": "18B95376E42133A0",
  "X-Content-Type-Options": "nosniff",
  "X-Ratelimit-Limit": "6476",
  "X-Ratelimit-Remaining": "6476",
  "X-XSS-Protection": "1; mode=block",
  "X-Powered-By": "ARR/3.0",
  "Date": "Mon, 15 Jun 2026 18:08:17 GMT",
  "Content-Type": "application/xml",
  "Content-Length": "446"
 }
}
