{
 "status": 200,
 "response": {
  "VersioningConfiguration": {
   "Status": "Enabled"
  }
 },
 "headers": {
  "Accept-Ranges": "bytes",
  "Vary": "Accept-Encoding",
  "Server": "Microsoft-IIS/10.0",
  "Strict-Transport-Security": "max-age=31536000; includeSubDomains",
  "X-Amz-Id-2": "dd9025bab4ad464b049177c95eb6ebf374d3b3fd1af9251148b658df7ac2e3e8",
  "X-Amz-Request-Id": "18A654D4A1E976EC",
  "X-Content-Type-Options": "nosniff",
  "X-Ratelimit-Limit": "6237",
  "X-Ratelimit-Remaining": "6237",
  "X-XSS-Protection": "1; mode=block",
  "X-Powered-By": "ARR/3.0",
  "Date": "Tue, 14 Apr 2026 20:59:35 GMT",
  "Content-Type": "application/xml",
  "Content-Length": "123"
 }
}
