{
 "status": 200,
 "response": {},
 "headers": {
  "Accept-Ranges": "bytes",
  "ETag": "\"9e0176f87f6565a22f78e0f9b39a4d78\"",
  "Vary": "Accept-Encoding",
  "Server": "Microsoft-IIS/10.0",
  "Strict-Transport-Security": "max-age=31536000; includeSubDomains",
  "X-Amz-Id-2": "dd9025bab4ad464b049177c95eb6ebf374d3b3fd1af9251148b658df7ac2e3e8",
  "X-Amz-Request-Id": "18BDA5779C0AAC3C",
  "X-Content-Type-Options": "nosniff",
  "X-Ratelimit-Limit": "6126",
  "X-Ratelimit-Remaining": "6126",
  "X-XSS-Protection": "1; mode=block",
  "X-Powered-By": "ARR/3.0",
  "Date": "Mon, 29 Jun 2026 19:56:00 GMT",
  "Content-Length": "2114023",
  "Content-Type": "application/octet-stream",
  "Last-Modified": "Mon, 29 Jun 2026 19:55:37 GMT"
 }
}
