{
 "status": 200,
 "response": {
  "ListAllMyBucketsResult": {
   "Owner": {
    "ID": "02d6176db174dc93cb1b899f7c6078f08654445fe8cf1b6ce98d8855f66bdbf4",
    "DisplayName": "minio"
   },
   "Buckets": {
    "Bucket": [
     {
      "Name": "081c646b",
      "CreationDate": "2026-03-20T17:07:29.446Z"
     },
     {
      "Name": "19bf88a2",
      "CreationDate": "2026-06-14T13:14:24.619Z"
     },
     {
      "Name": "29533e93",
      "CreationDate": "2026-06-14T13:13:42.120Z"
     },
     {
      "Name": "2c3ab0b1",
      "CreationDate": "2026-03-20T17:00:33.999Z"
     },
     {
      "Name": "537aa1d3",
      "CreationDate": "2026-06-17T06:12:04.495Z"
     },
     {
      "Name": "551bd767",
      "CreationDate": "2026-03-19T19:54:05.932Z"
     },
     {
      "Name": "63f225a4",
      "CreationDate": "2026-06-16T17:07:56.161Z"
     },
     {
      "Name": "6bcd1097",
      "CreationDate": "2026-06-15T14:31:57.675Z"
     },
     {
      "Name": "6c4b209f",
      "CreationDate": "2026-06-16T10:17:37.785Z"
     },
     {
      "Name": "7ac5b7a4",
      "CreationDate": "2026-03-20T17:01:25.968Z"
     },
     {
      "Name": "8ff18c7d",
      "CreationDate": "2026-07-14T08:45:10.806Z"
     },
     {
      "Name": "9ac86ba7",
      "CreationDate": "2026-06-14T15:44:29.385Z"
     },
     {
      "Name": "a8c84b01",
      "CreationDate": "2026-06-14T15:44:05.791Z"
     },
     {
      "Name": "af771a8d",
      "CreationDate": "2026-05-18T18:07:46.174Z"
     },
     {
      "Name": "b04c715a",
      "CreationDate": "2026-03-20T17:02:26.746Z"
     },
     {
      "Name": "f095d254",
      "CreationDate": "2026-03-19T20:37:17.899Z"
     },
     {
      "Name": "newbucket2",
      "CreationDate": "2026-03-20T16:56:31.758Z"
     }
    ]
   }
  }
 },
 "headers": {
  "Vary": "Accept-Encoding",
  "Server": "Microsoft-IIS/10.0",
  "Strict-Transport-Security": "max-age=31536000; includeSubDomains",
  "X-Amz-Id-2": "dd9025bab4ad464b049177c95eb6ebf374d3b3fd1af9251148b658df7ac2e3e8",
  "X-Amz-Request-Id": "18C21B90DE414F3A",
  "X-Content-Type-Options": "nosniff",
  "X-Ratelimit-Limit": "6329",
  "X-Ratelimit-Remaining": "6329",
  "X-XSS-Protection": "1; mode=block",
  "X-Powered-By": "ARR/3.0",
  "Date": "Tue, 14 Jul 2026 08:45:11 GMT",
  "Content-Type": "application/xml",
  "Content-Length": 1824
 }
}
