{
 "status": 200,
 "response": {
  "VersioningConfiguration": {
   "Status": "Enabled"
  }
 },
 "headers": {
  "Accept-Ranges": "bytes",
  "Date": "Wed, 10 Sep 2025 18:47:28 GMT",
  "Server": "MinIO",
  "Strict-Transport-Security": "max-age=31536000; includeSubDomains",
  "Vary": "Origin, Accept-Encoding",
  "X-Amz-Id-2": "057275ee0636b36a8256f409a6ff665de46bfaa1f0d5faf2d1b4f312e55c34fa",
  "X-Amz-Request-Id": "1864004465F6FACF",
  "X-Content-Type-Options": "nosniff",
  "X-XSS-Protection": "1; mode=block",
  "Content-Length": "123",
  "Content-Type": "application/xml"
 }
}
