{
 "status": 200,
 "response": {},
 "headers": {
  "Accept-Ranges": "bytes",
  "Vary": "Accept-Encoding",
  "Server": "Microsoft-IIS/10.0",
  "Strict-Transport-Security": "max-age=31536000; includeSubDomains",
  "X-Amz-Id-2": "dd9025bab4ad464b049177c95eb6ebf374d3b3fd1af9251148b658df7ac2e3e8",
  "X-Amz-Request-Id": "18883BBDB04DEEB5",
  "X-Content-Type-Options": "nosniff",
  "X-Ratelimit-Limit": "2955",
  "X-Ratelimit-Remaining": "2955",
  "X-XSS-Protection": "1; mode=block",
  "X-Powered-By": "ARR/3.0",
  "Date": "Tue, 06 Jan 2026 19:42:19 GMT",
  "Content-Length": "0",
  "Content-Type": "application/xml"
 }
}
