    {
 "status": 409,
 "response": {
  "Error": {
   "Code": "BucketAlreadyOwnedByYou",
   "Message": "Your previous request to create the named bucket succeeded and you already own it.",
   "BucketName": "opi-dirbucket3",
   "Resource": "/opi-dirbucket3/",
   "RequestId": "18085FB843ADC76F",
   "HostId": "93c576aa54c960b355da9e2934476635fe3243f5df9dbb4db8b7c0d94bec7cd1"
  }
 },
 "headers": {
  "Accept-Ranges": "bytes",
  "Content-Length": "387",
  "Content-Type": "application/xml",
  "Date": "Sat, 16 Nov 2024 06:41:41 GMT",
  "Server": "MinIO",
  "Strict-Transport-Security": "max-age=31536000; includeSubDomains",
  "Vary": "Origin,Accept-Encoding",
  "X-Amz-Id-2": "93c576aa54c960b355da9e2934476635fe3243f5df9dbb4db8b7c0d94bec7cd1",
  "X-Amz-Request-Id": "18085FB843ADC76F",
  "X-Content-Type-Options": "nosniff",
  "X-Xss-Protection": "1; mode=block"
 }
}
