{
 "status": 200,
 "response": {},
 "headers": {
  "Accept-Ranges": "bytes",
  "Location": "/ab901d3d",
  "Vary": "Accept-Encoding",
  "Server": "Microsoft-IIS/10.0",
  "Strict-Transport-Security": "max-age=31536000; includeSubDomains",
  "X-Amz-Id-2": "dd9025bab4ad464b049177c95eb6ebf374d3b3fd1af9251148b658df7ac2e3e8",
  "X-Amz-Request-Id": "18BDA571F5CD0A4B",
  "X-Content-Type-Options": "nosniff",
  "X-Ratelimit-Limit": "6126",
  "X-Ratelimit-Remaining": "6126",
  "X-XSS-Protection": "1; mode=block",
  "X-Powered-By": "ARR/3.0",
  "Date": "Mon, 29 Jun 2026 19:55:35 GMT",
  "Content-Length": "0"
 }
}
