{
 "result": [
  {
   "id": 5056737,
   "value": "Essence",
   "info": "Красота и здоровье",
   "picture": "https://cdn1.ozonusercontent.com/s3/product-service-meta-media/f73260bb-af9d-4a2f-a9e9-f89783cf2191.jpg"
  },
  {
   "id": 5057962,
   "value": "Hot",
   "info": "",
   "picture": "https://cdn1.ozonusercontent.com/s3/product-service-meta-media/0ae303ad-ef55-4c34-948d-08f1c4ca1e61.jpg"
  },
  {
   "id": 5058518,
   "value": "CS",
   "info": "",
   "picture": ""
  },
  {
   "id": 5059837,
   "value": "Каскад",
   "info": "Зоотовары",
   "picture": "https://cdn1.ozonusercontent.com/s3/product-service-meta-media/fd049f5a-6fb4-4ba2-9fde-159a21279e67.jpg"
  },
  {
   "id": 5062537,
   "value": "Enigma",
   "info": "",
   "picture": "https://cdn1.ozonusercontent.com/s3/product-service-meta-media/7d409738-3ef1-4afa-b636-ccddffe77518.jpg"
  },
  {
   "id": 5062790,
   "value": "Kitfort",
   "info": "",
   "picture": "https://cdn1.ozonusercontent.com/s3/product-service-meta-media/ca15a553-8d45-4784-b0d7-d58c8ba95b00.jpg"
  },
  {
   "id": 5064843,
   "value": "Parlux",
   "info": "",
   "picture": "https://cdn1.ozonusercontent.com/s3/product-service-meta-media/128e2aa9-9933-4991-b52f-8c87d759d6e6.jpg"
  },
  {
   "id": 5066816,
   "value": "Carioca",
   "info": "",
   "picture": "https://cdn1.ozonusercontent.com/s3/product-service-meta-media/5219a52f-cf16-44be-be9c-aa74858f4edd.jpg"
  },
  {
   "id": 5068632,
   "value": "Bawi",
   "info": "",
   "picture": ""
  },
  {
   "id": 5069237,
   "value": "Kodak",
   "info": "",
   "picture": "https://cdn1.ozonusercontent.com/s3/product-service-meta-media/783fa6cc-b6ac-4857-ad4b-128bc3ecce5e.jpg"
  },
  {
   "id": 5069442,
   "value": "Mattel",
   "info": "Детские игрушки",
   "picture": "https://cdn1.ozonusercontent.com/s3/product-service-meta-media/ac8c9fab-7cd3-4c95-bc09-8797aa2e4499.jpg"
  },
  {
   "id": 5071003,
   "value": "Ivo",
   "info": "",
   "picture": ""
  },
  {
   "id": 5071289,
   "value": "HTC",
   "info": "",
   "picture": "https://cdn1.ozonusercontent.com/s3/product-service-meta-media/205966dd-9b29-4c78-ae7d-8d673a6c5dee.jpg"
  },
  {
   "id": 5073069,
   "value": "Ghost",
   "info": "",
   "picture": ""
  },
  {
   "id": 5073089,
   "value": "Oleg Cassini",
   "info": "",
   "picture": ""
  },
  {
   "id": 5073356,
   "value": "Ritzenhoff & Breker",
   "info": "",
   "picture": ""
  },
  {
   "id": 5073389,
   "value": "William Levene",
   "info": "",
   "picture": ""
  },
  {
   "id": 5074417,
   "value": "KEF",
   "info": "",
   "picture": ""
  },
  {
   "id": 5074684,
   "value": "Cutipol",
   "info": "",
   "picture": "https://cdn1.ozonusercontent.com/s3/product-service-meta-media/6c20f672-894e-4efe-82b9-71b66b42e1f6.jpg"
  },
  {
   "id": 5075889,
   "value": "Jacob Zeidler & Co",
   "info": "",
   "picture": ""
  },
  {
   "id": 5076255,
   "value": "The Original Book Works Limited",
   "info": "",
   "picture": ""
  },
  {
   "id": 5076787,
   "value": "Ocean Extreme",
   "info": "",
   "picture": ""
  },
  {
   "id": 5077287,
   "value": "Народное искусство",
   "info": "",
   "picture": ""
  },
  {
   "id": 5077379,
   "value": "Zyliss",
   "info": "",
   "picture": ""
  },
  {
   "id": 5078091,
   "value": "VITEK",
   "info": "Бытовая техника, Электроника",
   "picture": "https://cdn1.ozonusercontent.com/s3/product-service-meta-media/57f95e0b-f35d-4f69-9e0c-cc5792df84b1.jpg"
  },
  {
   "id": 5078102,
   "value": "Федоскино",
   "info": "",
   "picture": ""
  },
  {
   "id": 5078283,
   "value": "Purederm",
   "info": "",
   "picture": "https://cdn1.ozonusercontent.com/s3/product-service-meta-media/3f860e3f-c298-4e18-8a2c-13b01a0f1755.jpg"
  },
  {
   "id": 5078351,
   "value": "Euro Album",
   "info": "",
   "picture": ""
  },
  {
   "id": 5078936,
   "value": "Ted Lapidus",
   "info": "",
   "picture": ""
  },
  {
   "id": 5079064,
   "value": "Planter's",
   "info": "",
   "picture": "https://cdn1.ozonusercontent.com/s3/product-service-meta-media/f09fcc4a-1d2f-41c5-9668-b0f5b3587b96.jpg"
  },
  {
   "id": 5079161,
   "value": "Raphael Tuck & Sons \"Oilette\"",
   "info": "",
   "picture": ""
  },
  {
   "id": 5079257,
   "value": "Rouge Bunny Rouge",
   "info": "",
   "picture": "https://cdn1.ozonusercontent.com/s3/product-service-meta-media/9e9cea73-5159-453a-9b61-90c3d3c808f1.jpg"
  },
  {
   "id": 5079313,
   "value": "Clinique",
   "info": "Косметика",
   "picture": "https://cdn1.ozonusercontent.com/s3/product-service-meta-media/2741a1b2-e52d-436e-ac9d-1b2108430e88.jpg"
  },
  {
   "id": 5079395,
   "value": "Dormann",
   "info": "",
   "picture": ""
  },
  {
   "id": 5079789,
   "value": "Alessandro Dell'Acqua",
   "info": "",
   "picture": "https://cdn1.ozonusercontent.com/s3/product-service-meta-media/6fd899a5-3564-49eb-b52d-2a2868bae1a9.jpg"
  },
  {
   "id": 5079886,
   "value": "Объект мечты",
   "info": "",
   "picture": "https://cdn1.ozonusercontent.com/s3/product-service-meta-media/14c5d5c8-f1c0-4496-bc57-9f82eeb34f8b.jpg"
  },
  {
   "id": 5079944,
   "value": "Blaupunkt",
   "info": "",
   "picture": "https://cdn1.ozonusercontent.com/s3/product-service-meta-media/034f46e8-9b34-4186-b13d-b3c41047a249.jpg"
  },
  {
   "id": 5080060,
   "value": "Skin Benefits",
   "info": "",
   "picture": ""
  },
  {
   "id": 5080275,
   "value": "Hivox",
   "info": "",
   "picture": ""
  },
  {
   "id": 5080453,
   "value": "Sheffield",
   "info": "",
   "picture": ""
  },
  {
   "id": 5080743,
   "value": "Маэста",
   "info": "",
   "picture": ""
  },
  {
   "id": 5081104,
   "value": "Moranduzzo",
   "info": "",
   "picture": ""
  },
  {
   "id": 5081589,
   "value": "Fellowes",
   "info": "",
   "picture": ""
  },
  {
   "id": 5082449,
   "value": "Paul Hartmann",
   "info": "Медицинские расходные материалы",
   "picture": "https://cdn1.ozonusercontent.com/s3/product-service-meta-media/c6bc7200-50b7-4198-9bfe-70dae0dd604f.jpg"
  },
  {
   "id": 5082500,
   "value": "Красный монетный двор",
   "info": "",
   "picture": ""
  },
  {
   "id": 5082508,
   "value": "Аннинский монетный двор",
   "info": "",
   "picture": ""
  },
  {
   "id": 5082535,
   "value": "Jardin d'Ete",
   "info": "",
   "picture": "https://cdn1.ozonusercontent.com/s3/product-service-meta-media/da01971f-8ab7-4023-b873-ef6a7e629eb5.jpg"
  },
  {
   "id": 5082729,
   "value": "Dream Girlfriend",
   "info": "",
   "picture": ""
  },
  {
   "id": 5082840,
   "value": "Waterflow",
   "info": "",
   "picture": ""
  },
  {
   "id": 5083016,
   "value": "Silampos",
   "info": "",
   "picture": "https://cdn1.ozonusercontent.com/s3/product-service-meta-media/6849f95e-25de-4d4d-b297-e3c6fef4df4f.jpg"
  },
  {
   "id": 5083036,
   "value": "Sifra",
   "info": "",
   "picture": ""
  },
  {
   "id": 5083282,
   "value": "Интурист",
   "info": "",
   "picture": ""
  },
  {
   "id": 5083580,
   "value": "Cowbrand",
   "info": "",
   "picture": ""
  },
  {
   "id": 5084781,
   "value": "Laban",
   "info": "",
   "picture": ""
  },
  {
   "id": 5084822,
   "value": "Diadora",
   "info": "Спортивные одежда и обувь",
   "picture": "https://cdn1.ozonusercontent.com/s3/product-service-meta-media/b8fbe261-02aa-49c8-a2df-9bd86dcad445.jpg"
  },
  {
   "id": 5085003,
   "value": "Biolustre",
   "info": "",
   "picture": "https://cdn1.ozonusercontent.com/s3/product-service-meta-media/45604471-1599-46c3-8e04-ee6f9b0f27dc.jpg"
  },
  {
   "id": 5085054,
   "value": "Zobele Holding Spa",
   "info": "",
   "picture": ""
  },
  {
   "id": 5085207,
   "value": "Beauty Style",
   "info": "Косметическая продукция",
   "picture": "https://cdn1.ozonusercontent.com/s3/product-service-meta-media/ef086602-ab1f-42a5-85b4-fa1e47bd10ff.jpg"
  },
  {
   "id": 5085496,
   "value": "Enzo professional",
   "info": "Техника для красоты и здоровья",
   "picture": "https://cdn1.ozonusercontent.com/s3/product-service-meta-media/ff2c0c76-201b-48b8-b74c-5c9bec143b7d.jpg"
  },
  {
   "id": 5085630,
   "value": "ЛинкГрупп Трейд",
   "info": "",
   "picture": ""
  },
  {
   "id": 5085660,
   "value": "Teana",
   "info": "",
   "picture": "https://cdn1.ozonusercontent.com/s3/product-service-meta-media/00b3be64-60ab-4d94-b32c-f8143b14f58d.jpg"
  },
  {
   "id": 5086561,
   "value": "Charriol",
   "info": "",
   "picture": "https://cdn1.ozonusercontent.com/s3/product-service-meta-media/1e07a0dc-0ba1-44e4-9a05-85d0a73308f9.jpg"
  },
  {
   "id": 5086948,
   "value": "Green Mama",
   "info": "",
   "picture": "https://cdn1.ozonusercontent.com/s3/product-service-meta-media/210a9c21-2902-46dc-af84-030b578e5d92.jpg"
  },
  {
   "id": 5087382,
   "value": "Framar",
   "info": "",
   "picture": "https://cdn1.ozonusercontent.com/s3/product-service-meta-media/1f6d9dde-e2f3-4fed-977f-c43e8f7b392f.jpg"
  },
  {
   "id": 5087452,
   "value": "Interno Stile",
   "info": "",
   "picture": ""
  },
  {
   "id": 5087488,
   "value": "Euroline",
   "info": "",
   "picture": ""
  },
  {
   "id": 5087563,
   "value": "Ped Egg",
   "info": "",
   "picture": ""
  },
  {
   "id": 5087584,
   "value": "Moony",
   "info": "",
   "picture": "https://cdn1.ozonusercontent.com/s3/product-service-meta-media/e0608c5e-8a0c-487c-85bf-af71afa0def5.jpg"
  },
  {
   "id": 5087587,
   "value": "Le Vele",
   "info": "",
   "picture": ""
  },
  {
   "id": 5087591,
   "value": "GreenPan",
   "info": "",
   "picture": ""
  },
  {
   "id": 5087958,
   "value": "EuroNOVA",
   "info": "",
   "picture": ""
  },
  {
   "id": 5088271,
   "value": "Now Fresh",
   "info": "",
   "picture": "https://cdn1.ozonusercontent.com/s3/product-service-meta-media/bc314b39-02e8-4298-ab43-f45a096418a8.jpg"
  },
  {
   "id": 5088272,
   "value": "Aster",
   "info": "Бумажно-гигиеническая продукция",
   "picture": "https://cdn1.ozonusercontent.com/s3/product-service-meta-media/cd0a0c81-9572-4948-b4f2-8086a6d2fa72.jpg"
  },
  {
   "id": 5088319,
   "value": "Bubchen",
   "info": "Детская косметика",
   "picture": "https://cdn1.ozonusercontent.com/s3/product-service-meta-media/3f83a490-abd5-49c3-8399-c04bd8393fb7.jpg"
  },
  {
   "id": 5088546,
   "value": "Helan",
   "info": "",
   "picture": "https://cdn1.ozonusercontent.com/s3/product-service-meta-media/e76c0f9b-621c-4c6f-bc99-862c57aa5598.jpg"
  },
  {
   "id": 5088659,
   "value": "Brabantia",
   "info": "Товары для дома",
   "picture": "https://cdn1.ozonusercontent.com/s3/product-service-meta-media/700b6143-345b-4426-b0bd-943f28b8e66c.jpg"
  },
  {
   "id": 5088826,
   "value": "Bohemia",
   "info": "",
   "picture": "https://cdn1.ozonusercontent.com/s3/product-service-meta-media/fea917dc-3c25-47ce-8239-6c6e904a533f.jpg"
  },
  {
   "id": 5088876,
   "value": "Rainbow S.p.A.",
   "info": "",
   "picture": ""
  },
  {
   "id": 5089016,
   "value": "Aisen",
   "info": "",
   "picture": ""
  },
  {
   "id": 5089042,
   "value": "BodyKraft",
   "info": "",
   "picture": "https://cdn1.ozonusercontent.com/s3/product-service-meta-media/16dad435-8ef4-41c6-9fc9-eb8267547252.jpg"
  },
  {
   "id": 5089253,
   "value": "ДАРЛИНГ",
   "info": "",
   "picture": "https://cdn1.ozonusercontent.com/s3/product-service-meta-media/88006e59-bf1b-4a00-b109-786715297246.jpg"
  },
  {
   "id": 5089278,
   "value": "Baby Nova",
   "info": "",
   "picture": ""
  },
  {
   "id": 5089313,
   "value": "Clingo",
   "info": "",
   "picture": ""
  },
  {
   "id": 5089370,
   "value": "X-Bond",
   "info": "",
   "picture": "https://cdn1.ozonusercontent.com/s3/product-service-meta-media/2b0b45f3-cdfe-4f4d-83e4-5939e93b894d.jpg"
  },
  {
   "id": 5089461,
   "value": "Welton",
   "info": "",
   "picture": ""
  },
  {
   "id": 5089488,
   "value": "Морская сказка",
   "info": "",
   "picture": "https://cdn1.ozonusercontent.com/s3/product-service-meta-media/112c0df9-d3c8-4132-9d30-2232b02f8860.jpg"
  },
  {
   "id": 5089521,
   "value": "C-thru",
   "info": "",
   "picture": "https://cdn1.ozonusercontent.com/s3/product-service-meta-media/dd08d912-5bf5-43a2-bf81-15a1bab3c06e.jpg"
  },
  {
   "id": 5089562,
   "value": "Str8",
   "info": "",
   "picture": "https://cdn1.ozonusercontent.com/s3/product-service-meta-media/f0395505-d4d4-4e55-9391-01a0f391548c.jpg"
  },
  {
   "id": 5089612,
   "value": "Till",
   "info": "",
   "picture": ""
  },
  {
   "id": 5089809,
   "value": "Pittards",
   "info": "",
   "picture": ""
  },
  {
   "id": 5090109,
   "value": "Ziver",
   "info": "",
   "picture": "https://cdn1.ozonusercontent.com/s3/product-service-meta-media/b9d081d7-52d1-4289-9915-03f276586a29.jpg"
  },
  {
   "id": 5090180,
   "value": "Scarlett",
   "info": "Бытовая техника",
   "picture": "https://cdn1.ozonusercontent.com/s3/product-service-meta-media/29df26b0-3958-4a27-a85a-e9fa0058cabc.jpg"
  },
  {
   "id": 5090219,
   "value": "Diax",
   "info": "",
   "picture": ""
  },
  {
   "id": 5090528,
   "value": "Emily Style",
   "info": "",
   "picture": "https://cdn1.ozonusercontent.com/s3/product-service-meta-media/4bd13619-fa28-44c4-9f87-f623a9ed23f9.jpg"
  },
  {
   "id": 5090669,
   "value": "BLOCH",
   "info": "",
   "picture": ""
  },
  {
   "id": 5090698,
   "value": "Elmonte",
   "info": "",
   "picture": ""
  },
  {
   "id": 5090706,
   "value": "Quiksilver",
   "info": "Одежда",
   "picture": "https://cdn1.ozonusercontent.com/s3/product-service-meta-media/2aa697aa-1560-42b4-802a-1ba4608caec0.jpg"
  },
  {
   "id": 5090713,
   "value": "Wapiti",
   "info": "",
   "picture": ""
  },
  {
   "id": 5090749,
   "value": "COXX Borba",
   "info": "",
   "picture": ""
  },
  {
   "id": 5090799,
   "value": "Dicarra",
   "info": "",
   "picture": ""
  },
  {
   "id": 5090824,
   "value": "Eliza di Venezia",
   "info": "",
   "picture": ""
  },
  {
   "id": 5090837,
   "value": "Liu Jo",
   "info": "",
   "picture": "https://cdn1.ozonusercontent.com/s3/product-service-meta-media/2b88daf2-1279-47cb-a419-d97d1c4dae4f.jpg"
  },
  {
   "id": 5090865,
   "value": "Paul & Betty",
   "info": "",
   "picture": ""
  },
  {
   "id": 5090891,
   "value": "Kalliste",
   "info": "",
   "picture": "https://cdn1.ozonusercontent.com/s3/product-service-meta-media/bb72a595-defc-40b5-b17d-caf313f53f06.jpg"
  },
  {
   "id": 5090898,
   "value": "Milano",
   "info": "",
   "picture": "https://cdn1.ozonusercontent.com/s3/product-service-meta-media/a9c7d943-4bfd-476f-bbca-b1a4017a93b1.jpg"
  },
  {
   "id": 5090935,
   "value": "Popushier",
   "info": "",
   "picture": ""
  },
  {
   "id": 5090956,
   "value": "Rieker",
   "info": "",
   "picture": "https://cdn1.ozonusercontent.com/s3/product-service-meta-media/68775c01-5dd1-487a-a76e-d8c64f285b90.jpg"
  },
  {
   "id": 5090960,
   "value": "K&S",
   "info": "",
   "picture": ""
  },
  {
   "id": 5090965,
   "value": "Alex Mazurin",
   "info": "",
   "picture": ""
  },
  {
   "id": 5090972,
   "value": "Shepherd's Life",
   "info": "",
   "picture": ""
  },
  {
   "id": 5090982,
   "value": "S. Velani",
   "info": "",
   "picture": ""
  },
  {
   "id": 5091004,
   "value": "Lacal",
   "info": "",
   "picture": ""
  },
  {
   "id": 5091014,
   "value": "Paul Green",
   "info": "",
   "picture": ""
  },
  {
   "id": 5091018,
   "value": "Cosy Image",
   "info": "",
   "picture": ""
  },
  {
   "id": 5091019,
   "value": "Jana A+W",
   "info": "",
   "picture": ""
  },
  {
   "id": 5091319,
   "value": "Laboratories Biocos",
   "info": "",
   "picture": "https://cdn1.ozonusercontent.com/s3/product-service-meta-media/261d9702-81fe-4667-a636-779e3b61720d.jpg"
  },
  {
   "id": 5091516,
   "value": "Louis Feraud",
   "info": "",
   "picture": "https://cdn1.ozonusercontent.com/s3/product-service-meta-media/160150da-19e2-42e4-a9fc-56e0c05c9dea.jpg"
  },
  {
   "id": 5091721,
   "value": "AVE",
   "info": "Бытовая химия",
   "picture": "https://cdn1.ozonusercontent.com/s3/product-service-meta-media/515458a4-af80-433a-b611-c853883c7d35.jpg"
  },
  {
   "id": 5091937,
   "value": "Черный жемчуг",
   "info": "Косметика для кожи и волос",
   "picture": "https://cdn1.ozonusercontent.com/s3/product-service-meta-media/c02eaa5f-0274-4848-b954-29f0c63f1748.jpg"
  },
  {
   "id": 5092013,
   "value": "Phyto Expert",
   "info": "",
   "picture": ""
  },
  {
   "id": 5092086,
   "value": "Ko san yo",
   "info": "",
   "picture": ""
  },
  {
   "id": 5092320,
   "value": "Neo Way",
   "info": "",
   "picture": "https://cdn1.ozonusercontent.com/s3/product-service-meta-media/4f927356-88bb-4f66-a448-34ba485e0d40.jpg"
  },
  {
   "id": 5092392,
   "value": "Vuokkoset",
   "info": "",
   "picture": "https://cdn1.ozonusercontent.com/s3/product-service-meta-media/26a3397c-65f7-4efa-8972-60a30f6be7b4.jpg"
  },
  {
   "id": 5092405,
   "value": "Martini SPA",
   "info": "",
   "picture": "https://cdn1.ozonusercontent.com/s3/product-service-meta-media/0979f80a-c8cc-4471-8e57-ea506a24fbcc.jpg"
  },
  {
   "id": 5092425,
   "value": "Evinal",
   "info": "",
   "picture": "https://cdn1.ozonusercontent.com/s3/product-service-meta-media/e13d0748-dc16-4a0b-a929-589ea4700ffd.jpg"
  },
  {
   "id": 5092456,
   "value": "Subastus",
   "info": "",
   "picture": "https://cdn1.ozonusercontent.com/s3/product-service-meta-media/8bf956c5-0e5d-48e4-b109-c4db5911c71f.jpg"
  },
  {
   "id": 5092461,
   "value": "Autrepart",
   "info": "",
   "picture": ""
  },
  {
   "id": 5092462,
   "value": "Lavatelli",
   "info": "",
   "picture": ""
  },
  {
   "id": 5092502,
   "value": "Kunming Yongbin",
   "info": "",
   "picture": ""
  },
  {
   "id": 5092504,
   "value": "Polaris",
   "info": "Бытовая техника, посуда",
   "picture": "https://cdn1.ozonusercontent.com/s3/product-service-meta-media/e7ed9ac8-5f0b-4dd8-a8d0-ea2a0ce38dc4.jpg"
  },
  {
   "id": 5092515,
   "value": "Detalle",
   "info": "",
   "picture": ""
  },
  {
   "id": 5092560,
   "value": "Herbal Essences",
   "info": "",
   "picture": "https://cdn1.ozonusercontent.com/s3/product-service-meta-media/8e6e4907-327f-4f19-81a4-79f3a64b2de7.jpg"
  },
  {
   "id": 5092561,
   "value": "Fruttini",
   "info": "",
   "picture": "https://cdn1.ozonusercontent.com/s3/product-service-meta-media/c07cc251-dda5-4307-bd98-f48271b133c2.jpg"
  },
  {
   "id": 5092572,
   "value": "Domex",
   "info": "",
   "picture": ""
  },
  {
   "id": 5092580,
   "value": "Aquolina",
   "info": "",
   "picture": "https://cdn1.ozonusercontent.com/s3/product-service-meta-media/80076e77-8a22-4af9-80c7-85d5fb35baa0.jpg"
  },
  {
   "id": 5092584,
   "value": "Mediterranean SPA",
   "info": "",
   "picture": "https://cdn1.ozonusercontent.com/s3/product-service-meta-media/be14bc79-293b-4f37-8b8c-c830712f5983.jpg"
  },
  {
   "id": 5092599,
   "value": "Experimenta Firenze",
   "info": "",
   "picture": ""
  },
  {
   "id": 5092705,
   "value": "Bobino",
   "info": "",
   "picture": ""
  },
  {
   "id": 5092718,
   "value": "Leif Lowe",
   "info": "",
   "picture": ""
  },
  {
   "id": 5092769,
   "value": "Теско",
   "info": "",
   "picture": "https://cdn1.ozonusercontent.com/s3/product-service-meta-media/8b81c5b2-36c9-4063-9cd5-969040431ea3.jpg"
  },
  {
   "id": 5092815,
   "value": "Zibo Nolan Arts & Crafts Co., Ltd",
   "info": "",
   "picture": ""
  },
  {
   "id": 5092846,
   "value": "Relax Master",
   "info": "",
   "picture": "https://cdn1.ozonusercontent.com/s3/product-service-meta-media/418a8abc-a010-4693-ae90-bc1665345550.jpg"
  },
  {
   "id": 5092872,
   "value": "Cell-Plus",
   "info": "",
   "picture": "https://cdn1.ozonusercontent.com/s3/product-service-meta-media/cb4d2402-5931-4aa0-852b-e4441f58cd01.jpg"
  },
  {
   "id": 5092898,
   "value": "Skin Doctors",
   "info": "",
   "picture": "https://cdn1.ozonusercontent.com/s3/product-service-meta-media/e99ec860-368e-4fa1-999a-4129b92d8b97.jpg"
  },
  {
   "id": 5092915,
   "value": "Road Sign",
   "info": "",
   "picture": ""
  },
  {
   "id": 5092998,
   "value": "Tinta",
   "info": "",
   "picture": ""
  },
  {
   "id": 5093006,
   "value": "Good Garment",
   "info": "",
   "picture": ""
  },
  {
   "id": 5093043,
   "value": "Medisana",
   "info": "",
   "picture": "https://cdn1.ozonusercontent.com/s3/product-service-meta-media/662cee10-2b0e-45b3-bfdd-3309e005240d.jpg"
  },
  {
   "id": 5093053,
   "value": "Silex",
   "info": "",
   "picture": ""
  },
  {
   "id": 5093054,
   "value": "Biomed",
   "info": "Средства для ухода за полостью рта",
   "picture": "https://cdn1.ozonusercontent.com/s3/product-service-meta-media/bbea71d1-4b76-41af-b9ed-29677587eae1.jpg"
  },
  {
   "id": 5093092,
   "value": "Mariella Rossi",
   "info": "",
   "picture": ""
  },
  {
   "id": 5093099,
   "value": "Clearasil",
   "info": "",
   "picture": "https://cdn1.ozonusercontent.com/s3/product-service-meta-media/5b22afb3-a6e4-4c5b-b154-8d4948fb3392.jpg"
  },
  {
   "id": 5093105,
   "value": "Biehl",
   "info": "",
   "picture": "https://cdn1.ozonusercontent.com/s3/product-service-meta-media/522ac68f-245d-48e8-8b2a-f3dc7e0fa57f.jpg"
  },
  {
   "id": 5093111,
   "value": "Essential Color",
   "info": "",
   "picture": ""
  },
  {
   "id": 5093129,
   "value": "Tebe",
   "info": "",
   "picture": ""
  },
  {
   "id": 5093143,
   "value": "Brilard",
   "info": "",
   "picture": "https://cdn1.ozonusercontent.com/s3/product-service-meta-media/e90bb194-cfce-47a8-a3df-e6462693b530.jpg"
  },
  {
   "id": 5093150,
   "value": "Hair Pro",
   "info": "",
   "picture": ""
  },
  {
   "id": 5093161,
   "value": "Доктор Беляков",
   "info": "",
   "picture": "https://cdn1.ozonusercontent.com/s3/product-service-meta-media/4a3d6a5b-e05a-4dd8-94ce-379557918d57.jpg"
  },
  {
   "id": 5093166,
   "value": "Alan Bray",
   "info": "",
   "picture": "https://cdn1.ozonusercontent.com/s3/product-service-meta-media/51b972a6-9515-4198-9425-e2222fd1af7c.jpg"
  },
  {
   "id": 5093170,
   "value": "Brillance",
   "info": "",
   "picture": "https://cdn1.ozonusercontent.com/s3/product-service-meta-media/30920b1f-1aee-4c5f-b433-0c116eb50891.jpg"
  },
  {
   "id": 5093179,
   "value": "Dacron Comforel",
   "info": "",
   "picture": ""
  },
  {
   "id": 5093198,
   "value": "Gallaz",
   "info": "",
   "picture": "https://cdn1.ozonusercontent.com/s3/product-service-meta-media/57fc06ae-1359-4a4b-8b2d-65ead19622ed.jpg"
  },
  {
   "id": 5093231,
   "value": "Sea Breeze",
   "info": "",
   "picture": ""
  },
  {
   "id": 5093247,
   "value": "Ommassage",
   "info": "",
   "picture": "https://cdn1.ozonusercontent.com/s3/product-service-meta-media/cb74839d-b913-4743-b431-69f634920843.jpg"
  },
  {
   "id": 5093262,
   "value": "Parodontax",
   "info": "",
   "picture": "https://cdn1.ozonusercontent.com/s3/product-service-meta-media/55639cb7-9230-4f22-839a-da75bc721a4a.jpg"
  },
  {
   "id": 5093266,
   "value": "Silium",
   "info": "",
   "picture": "https://cdn1.ozonusercontent.com/s3/product-service-meta-media/cff5ad05-cec3-4c8a-8dbd-3b669af6891d.jpg"
  },
  {
   "id": 5093287,
   "value": "Wessen",
   "info": "",
   "picture": ""
  },
  {
   "id": 5093298,
   "value": "Банные штучки",
   "info": "",
   "picture": "https://cdn1.ozonusercontent.com/s3/product-service-meta-media/bfb0ebb6-703b-45b0-9f1a-b6e48c9a3f29.jpg"
  },
  {
   "id": 5093337,
   "value": "Divage Internation",
   "info": "",
   "picture": ""
  },
  {
   "id": 5093377,
   "value": "Gwen Stefani",
   "info": "",
   "picture": ""
  },
  {
   "id": 5093394,
   "value": "Ice",
   "info": "",
   "picture": ""
  },
  {
   "id": 5093398,
   "value": "BALMAIN",
   "info": "Одежда, аксессуары, косметика",
   "picture": "https://cdn1.ozonusercontent.com/s3/product-service-meta-media/61543a69-e28f-4853-b9d7-e014d32c2590.jpg"
  },
  {
   "id": 5093412,
   "value": "AlcoSafe",
   "info": "",
   "picture": ""
  },
  {
   "id": 5093420,
   "value": "Love-Love",
   "info": "",
   "picture": "https://cdn1.ozonusercontent.com/s3/product-service-meta-media/7fe5f4e5-511c-40fd-9086-7bfb52f4bc94.jpg"
  },
  {
   "id": 5093437,
   "value": "Men",
   "info": "",
   "picture": ""
  },
  {
   "id": 5093440,
   "value": "Mineral Care SPA",
   "info": "",
   "picture": ""
  },
  {
   "id": 5093469,
   "value": "Kylie Minogue",
   "info": "Красота и здоровье",
   "picture": "https://cdn1.ozonusercontent.com/s3/product-service-meta-media/663fd0f6-cc2f-48ee-8065-9f1f37f01113.jpg"
  },
  {
   "id": 5093479,
   "value": "Pink Sugar",
   "info": "",
   "picture": ""
  },
  {
   "id": 5093587,
   "value": "Resche",
   "info": "",
   "picture": ""
  },
  {
   "id": 5093593,
   "value": "Rodier",
   "info": "",
   "picture": ""
  },
  {
   "id": 5093612,
   "value": "Sexy Lace",
   "info": "",
   "picture": ""
  },
  {
   "id": 5093632,
   "value": "Syumitect",
   "info": "",
   "picture": ""
  },
  {
   "id": 5093647,
   "value": "Terre&Mer by Thalgo",
   "info": "",
   "picture": ""
  },
  {
   "id": 5093660,
   "value": "TRUEFITT&HILL",
   "info": "Красота и здоровье",
   "picture": "https://cdn1.ozonusercontent.com/s3/product-service-meta-media/745e552b-64b2-45f3-942a-7f3397329bfd.jpg"
  },
  {
   "id": 5093685,
   "value": "Zact",
   "info": "",
   "picture": ""
  },
  {
   "id": 5093693,
   "value": "Alkmene",
   "info": "Средства для ухода за полостью рта",
   "picture": "https://cdn1.ozonusercontent.com/s3/product-service-meta-media/e5d9ab2a-0365-429c-8b98-2644af6f3ee4.jpg"
  },
  {
   "id": 5093704,
   "value": "Compeed",
   "info": "",
   "picture": "https://cdn1.ozonusercontent.com/s3/product-service-meta-media/1ae586ed-80b4-4dc3-b21d-8d128a5e5ca5.jpg"
  },
  {
   "id": 5093796,
   "value": "Фа",
   "info": "Средства для тела",
   "picture": "https://cdn1.ozonusercontent.com/s3/product-service-meta-media/0de0e294-4dba-4610-909d-e5837a60e221.jpg"
  },
  {
   "id": 5093855,
   "value": "Perfect Cooking",
   "info": "",
   "picture": ""
  },
  {
   "id": 5093913,
   "value": "Mekar Agung",
   "info": "",
   "picture": ""
  },
  {
   "id": 5093986,
   "value": "Тонтту Тутто / Tonttu Tytto",
   "info": "",
   "picture": ""
  },
  {
   "id": 5094076,
   "value": "Blessing",
   "info": "",
   "picture": ""
  },
  {
   "id": 5094220,
   "value": "Salon Professional",
   "info": "",
   "picture": "https://cdn1.ozonusercontent.com/s3/product-service-meta-media/50b571d8-f18d-4994-8f6b-b9aa4b2a24cd.jpg"
  },
  {
   "id": 5094241,
   "value": "Ладомир",
   "info": "",
   "picture": "https://cdn1.ozonusercontent.com/s3/product-service-meta-media/c912ee5b-721e-4085-bb5e-015fd312e947.jpg"
  },
  {
   "id": 5094272,
   "value": "Solid",
   "info": "Одежда",
   "picture": "https://cdn1.ozonusercontent.com/s3/product-service-meta-media/884babdd-be88-4812-b914-a1dd36062b21.jpg"
  },
  {
   "id": 5094370,
   "value": "Al Raffination",
   "info": "",
   "picture": ""
  },
  {
   "id": 5094392,
   "value": "Nisshinbo",
   "info": "",
   "picture": ""
  },
  {
   "id": 5094438,
   "value": "Lanza",
   "info": "health and beauty",
   "picture": "https://cdn1.ozonusercontent.com/s3/product-service-meta-media/5a2a67dd-1160-4208-8497-f68f4a3b8fc6.jpg"
  },
  {
   "id": 5094485,
   "value": "Hanfa Art",
   "info": "",
   "picture": ""
  },
  {
   "id": 5094509,
   "value": "Ren",
   "info": "health and beauty",
   "picture": "https://cdn1.ozonusercontent.com/s3/product-service-meta-media/78fcce99-455a-43bd-bbd6-d8d0b1a2916e.jpg"
  }
 ],
 "has_next": true
}
