{
 "result": [
  {
   "id": 4191,
   "attribute_complex_id": 0,
   "name": "Аннотация",
   "description": "Описание товара, маркетинговый текст",
   "type": "String",
   "is_collection": false,
   "is_required": false,
   "is_aspect": false,
   "max_value_count": 0,
   "group_name": "",
   "group_id": 0,
   "dictionary_id": 0,
   "category_dependent": false,
   "complex_is_collection": false
  },
  {
   "id": 4383,
   "attribute_complex_id": 0,
   "name": "Вес товара, г",
   "description": "Вес товара без упаковки (нетто) в граммах в расчете на 1 SKU. Можно указать только целое число или десятичную дробь. Разделитель - точка.",
   "type": "Decimal",
   "is_collection": false,
   "is_required": false,
   "is_aspect": false,
   "max_value_count": 0,
   "group_name": "",
   "group_id": 0,
   "dictionary_id": 0,
   "category_dependent": false,
   "complex_is_collection": false
  },
  {
   "id": 22232,
   "attribute_complex_id": 0,
   "name": "ТН ВЭД коды ЕАЭС",
   "description": "Выберите одно значение из списка. Если вы не знаете, какой код нужно указать, то вам необходимо обратиться к таможенной службе или таможенному представителю.",
   "type": "String",
   "is_collection": false,
   "is_required": true,
   "is_aspect": false,
   "max_value_count": 0,
   "group_name": "",
   "group_id": 0,
   "dictionary_id": 124412395,
   "category_dependent": true,
   "complex_is_collection": false
  },
  {
   "id": 4389,
   "attribute_complex_id": 0,
   "name": "Страна-изготовитель",
   "description": "Выберите из списка или укажите вручную. Можно добавить несколько значений через точку с запятой. Если точка с запятой есть в значении атрибута, поместите знак в кавычки \";\".",
   "type": "String",
   "is_collection": true,
   "is_required": false,
   "is_aspect": false,
   "max_value_count": 0,
   "group_name": "",
   "group_id": 0,
   "dictionary_id": 1935,
   "category_dependent": false,
   "complex_is_collection": false
  },
  {
   "id": 23249,
   "attribute_complex_id": 0,
   "name": "Количество товара в УЕИ",
   "description": "УЕИ – унифицированная единица измерения. Необходимо указывать для продажи товаров на территории Республики Беларусь согласно локальному законодательству. Указывается количество пар либо штук в единице товара. \nМожно указать только целое число.",
   "type": "Decimal",
   "is_collection": false,
   "is_required": false,
   "is_aspect": false,
   "max_value_count": 0,
   "group_name": "",
   "group_id": 0,
   "dictionary_id": 0,
   "category_dependent": false,
   "complex_is_collection": false
  },
  {
   "id": 8249,
   "attribute_complex_id": 0,
   "name": "Число знаков шрифта для выделения",
   "description": "Можно указать только целое число.",
   "type": "Integer",
   "is_collection": false,
   "is_required": false,
   "is_aspect": false,
   "max_value_count": 0,
   "group_name": "",
   "group_id": 0,
   "dictionary_id": 0,
   "category_dependent": false,
   "complex_is_collection": false
  },
  {
   "id": 8789,
   "attribute_complex_id": 8788,
   "name": "Название файла PDF",
   "description": "",
   "type": "String",
   "is_collection": false,
   "is_required": false,
   "is_aspect": false,
   "max_value_count": 0,
   "group_name": "",
   "group_id": 0,
   "dictionary_id": 0,
   "category_dependent": false,
   "complex_is_collection": true
  },
  {
   "id": 85,
   "attribute_complex_id": 0,
   "name": "Бренд",
   "description": "Наименование бренда, под которым произведен товар. Если товар не имеет бренда, используйте значение \"Нет бренда\".",
   "type": "String",
   "is_collection": false,
   "is_required": true,
   "is_aspect": false,
   "max_value_count": 0,
   "group_name": "",
   "group_id": 0,
   "dictionary_id": 28732849,
   "category_dependent": true,
   "complex_is_collection": false
  },
  {
   "id": 8790,
   "attribute_complex_id": 8788,
   "name": "Документ PDF",
   "description": "",
   "type": "URL",
   "is_collection": false,
   "is_required": false,
   "is_aspect": false,
   "max_value_count": 0,
   "group_name": "",
   "group_id": 0,
   "dictionary_id": 0,
   "category_dependent": false,
   "complex_is_collection": true
  },
  {
   "id": 9024,
   "attribute_complex_id": 0,
   "name": "Код продавца",
   "description": "Цифро-буквенный код товара для его учета, является уникальным среди товаров. Не является EAN/серийным номером/штрихкодом, не равен названию модели товара - для этих параметров есть отдельные характеристики. Код продавца не выводится в карточке товара на сайте. Может использоваться при автоматическом формировании названия товара.",
   "type": "String",
   "is_collection": false,
   "is_required": false,
   "is_aspect": false,
   "max_value_count": 0,
   "group_name": "",
   "group_id": 0,
   "dictionary_id": 0,
   "category_dependent": false,
   "complex_is_collection": false
  },
  {
   "id": 23171,
   "attribute_complex_id": 0,
   "name": "#Хештеги",
   "description": "Хештеги работают так же, как в соцсетях: покупатели могут нажать на них в карточке или написать в поиске. Укажите тут тренд, стиль или тематику. Например, для одежды #oldmoney #kpop #бохо, для мебели #скандинавский_стиль #минимализм #лофт. Не добавляйте бренды, параметры или название товара.  Хештег должен начинаться со знака # и содержать только буквы и цифры. Если хештег состоит из 2+ слов, соедините их нижним подчеркиванием. Длина — не более 30 символов. Укажите не больше 30 хештегов, разделяйте пробелом",
   "type": "String",
   "is_collection": false,
   "is_required": false,
   "is_aspect": false,
   "max_value_count": 0,
   "group_name": "",
   "group_id": 0,
   "dictionary_id": 0,
   "category_dependent": false,
   "complex_is_collection": false
  },
  {
   "id": 22390,
   "attribute_complex_id": 0,
   "name": "Название группы",
   "description": "Введите одинаковое значение в этом атрибуте для объединения товаров в группу \"Похожие\". Обратите внимание, что товары в группе собираются в рамках одной категории второго уровня в личном кабинете. Если у товаров будет указано одно Название группы, но они находятся в разных категориях - вы получите несколько объединений товаров. Подробнее об объединении в Похожие можно прочитать здесь: https://seller-edu.ozon.ru/work-with-goods/zagruzka-tovarov/obedinenie-tovarov/pohojie-tovary",
   "type": "String",
   "is_collection": false,
   "is_required": false,
   "is_aspect": false,
   "max_value_count": 0,
   "group_name": "",
   "group_id": 0,
   "dictionary_id": 0,
   "category_dependent": false,
   "complex_is_collection": false
  },
  {
   "id": 8229,
   "attribute_complex_id": 0,
   "name": "Тип",
   "description": "Выберите из списка наиболее подходящий тип товара. Типы участвуют в распределении товаров по категориям на сайте Ozon. Чтобы правильно указать тип, найдите на сайте Ozon товары, похожие на ваш, и укажите в этом поле такой же тип.",
   "type": "String",
   "is_collection": false,
   "is_required": true,
   "is_aspect": false,
   "max_value_count": 0,
   "group_name": "",
   "group_id": 0,
   "dictionary_id": 1960,
   "category_dependent": true,
   "complex_is_collection": false
  },
  {
   "id": 10096,
   "attribute_complex_id": 0,
   "name": "Цвет товара",
   "description": "Основной или доминирующий цвет товара. Если точного соответствия нет, используйте ближайшие цвета. Сложные цвета нужно описывать перечислением простых цветов. Например, если в товаре преобладают черный, желтый и белый цвета, то укажите их все простым перечислением. Атрибут \"Цвет товара\" — это основной цвет. Все остальные цвета можно перечислить в атрибуте \"Название цвета\", если он доступен в категории.",
   "type": "String",
   "is_collection": true,
   "is_required": false,
   "is_aspect": true,
   "max_value_count": 0,
   "group_name": "",
   "group_id": 0,
   "dictionary_id": 1494,
   "category_dependent": true,
   "complex_is_collection": false
  },
  {
   "id": 11254,
   "attribute_complex_id": 0,
   "name": "Rich-контент JSON",
   "description": "Добавьте расширенное описание товара с фото и видео по шаблону в формате JSON. Подробнее о заполнении этой характеристики можно узнать в статье \"Rich-контент\" в \"Базе знаний\".",
   "type": "String",
   "is_collection": false,
   "is_required": false,
   "is_aspect": false,
   "max_value_count": 0,
   "group_name": "",
   "group_id": 0,
   "dictionary_id": 0,
   "category_dependent": false,
   "complex_is_collection": false
  },
  {
   "id": 8245,
   "attribute_complex_id": 0,
   "name": "Число строк",
   "description": "Выберите из списка. Можно указать только одно значение.",
   "type": "String",
   "is_collection": false,
   "is_required": false,
   "is_aspect": false,
   "max_value_count": 0,
   "group_name": "",
   "group_id": 0,
   "dictionary_id": 1324,
   "category_dependent": true,
   "complex_is_collection": false
  },
  {
   "id": 11650,
   "attribute_complex_id": 0,
   "name": "Количество заводских упаковок",
   "description": "Сколько заводских упаковок продаёте под этим SKU. Пример: 24 банки детского пюре запаяны в 1 упаковку на заводе и в таком же виде продаются в других магазинах — укажите значение 1. \nДругой пример: завод выпускает лампочки в упаковках по 1 или 10 штук, а вы решили продавать по 3 лампочки и запаяли их в одну упаковку — значение атрибута будет 3",
   "type": "Integer",
   "is_collection": false,
   "is_required": false,
   "is_aspect": false,
   "max_value_count": 0,
   "group_name": "",
   "group_id": 0,
   "dictionary_id": 0,
   "category_dependent": false,
   "complex_is_collection": false
  },
  {
   "id": 22273,
   "attribute_complex_id": 100001,
   "name": "Озон.Видео: товары на видео",
   "description": "Укажите товары, которые демонстрируются в вашем видео. Перечислите SKU через запятую (не более 5).",
   "type": "String",
   "is_collection": false,
   "is_required": false,
   "is_aspect": false,
   "max_value_count": 0,
   "group_name": "",
   "group_id": 0,
   "dictionary_id": 0,
   "category_dependent": false,
   "complex_is_collection": true
  },
  {
   "id": 21845,
   "attribute_complex_id": 100002,
   "name": "Озон.Видеообложка: ссылка",
   "description": "Укажите ссылку на видео (MP4, MOV). Продолжительность от 8 до 30 секунд, размер файла не более 20МБ",
   "type": "String",
   "is_collection": false,
   "is_required": false,
   "is_aspect": false,
   "max_value_count": 0,
   "group_name": "",
   "group_id": 0,
   "dictionary_id": 0,
   "category_dependent": false,
   "complex_is_collection": false
  },
  {
   "id": 6548,
   "attribute_complex_id": 0,
   "name": "Материал",
   "description": "Выберите из списка или укажите вручную. Можно добавить несколько значений через точку с запятой. Если точка с запятой есть в значении атрибута, поместите знак в кавычки \";\".",
   "type": "String",
   "is_collection": true,
   "is_required": false,
   "is_aspect": false,
   "max_value_count": 0,
   "group_name": "",
   "group_id": 0,
   "dictionary_id": 1503,
   "category_dependent": true,
   "complex_is_collection": false
  },
  {
   "id": 4180,
   "attribute_complex_id": 0,
   "name": "Название",
   "description": "Название пишется по принципу: Тип + Бренд + Модель (серия + пояснение) + Артикул производителя + , (запятая) + Атрибут Название не пишется большими буквами (не используем caps lock). Перед атрибутом ставится запятая. Если атрибутов несколько, они так же разделяются запятыми. Если какой-то составной части названия нет - пропускаем её. Атрибутом может быть: цвет, вес, объём, количество штук в упаковке и т.д. Цвет пишется с маленькой буквы, в мужском роде, единственном числе. Слово цвет в названии не пишем. Точка в конце не ставится. Никаких знаков препинания, кроме запятой, не используем. Кавычки используем только для названий на русском языке. Примеры корректных названий: Смартфон Apple iPhone XS MT572RU/A, space black Кеды Dr. Martens Киноклассика, бело-черные, размер 43 Стиральный порошок Ariel Магия белого с мерной ложкой, 15 кг Соус Heinz Xtreme Tabasco суперострый, 10 мл Игрушка для животных Четыре лапы \"Бегающая мышка\" БММ, белый",
   "type": "String",
   "is_collection": false,
   "is_required": false,
   "is_aspect": false,
   "max_value_count": 0,
   "group_name": "",
   "group_id": 0,
   "dictionary_id": 0,
   "category_dependent": false,
   "complex_is_collection": false
  },
  {
   "id": 21841,
   "attribute_complex_id": 100001,
   "name": "Озон.Видео: ссылка",
   "description": "Укажите ссылку на видео (MP4, MOV). Продолжительность от 8 сек до 5 минут, размер файла не более 2ГБ",
   "type": "String",
   "is_collection": false,
   "is_required": false,
   "is_aspect": false,
   "max_value_count": 0,
   "group_name": "",
   "group_id": 0,
   "dictionary_id": 0,
   "category_dependent": false,
   "complex_is_collection": true
  },
  {
   "id": 4385,
   "attribute_complex_id": 0,
   "name": "Гарантийный срок",
   "description": "Период, в течение которого производитель отвечает за качество товара. А покупатель может оформить заявку на возврат по гарантийному случаю. Укажите срок в формате: количество лет, месяцев или дней. Например, 2 года или 3 месяца.",
   "type": "String",
   "is_collection": false,
   "is_required": false,
   "is_aspect": false,
   "max_value_count": 0,
   "group_name": "",
   "group_id": 0,
   "dictionary_id": 0,
   "category_dependent": false,
   "complex_is_collection": false
  },
  {
   "id": 21837,
   "attribute_complex_id": 100001,
   "name": "Озон.Видео: название",
   "description": "Укажите название для видео",
   "type": "String",
   "is_collection": false,
   "is_required": false,
   "is_aspect": false,
   "max_value_count": 0,
   "group_name": "",
   "group_id": 0,
   "dictionary_id": 0,
   "category_dependent": false,
   "complex_is_collection": true
  },
  {
   "id": 9048,
   "attribute_complex_id": 0,
   "name": "Название модели (для объединения в одну карточку)",
   "description": "Заполните данное поле любым одинаковым значением на товарах, которые хотите объединить. И по разному, если товары нужно разъединить. Объединение произойдет при условии, что товары имеют одинаковый Тип и Бренд, и хотя бы одна вариативная характеристика заполнена по разному на всех товарах в объединении.",
   "type": "String",
   "is_collection": false,
   "is_required": true,
   "is_aspect": false,
   "max_value_count": 0,
   "group_name": "",
   "group_id": 0,
   "dictionary_id": 0,
   "category_dependent": false,
   "complex_is_collection": false
  }
 ]
}
