{
 "result": {
  "items": [
   {
    "offer_id": "143210609",
    "product_id": 2716859169,
    "status": "imported",
    "errors": [
     {
      "code": "error_attribute_values_empty",
      "field": "",
      "attribute_id": 22232,
      "state": "new",
      "level": "error",
      "description": "Это обязательное поле — без него нельзя продавать товар. Заполните поле и пересохраните карточку. Если редактируете через XLS-шаблон, скачайте его заново",
      "attribute_name": "ТН ВЭД коды ЕАЭС",
      "message": "Это обязательное поле — без него нельзя продавать товар. Заполните поле и пересохраните карточку. Если редактируете через XLS-шаблон, скачайте его заново"
     }
    ]
   }
  ],
  "total": 1
 }
}
