 {
 "result": {
  "items": [
   {
    "id": 1215763512,
    "name": "Protective film set for X3 NFC. Dark cotton",
    "offer_id": "143210609",
    "barcode": "",
    "buybox_price": "",
    "category_id": 0,
    "created_at": "2024-10-09T06:25:24.931356Z",
    "images": [
     "https://github.com/Bayselonarrend/OpenIntegrations/raw/main/service/test_data/picture2.jpg"
    ],
    "marketing_price": "",
    "min_ozon_price": "",
    "old_price": "1300.0000",
    "premium_price": "",
    "price": "1300.0000",
    "recommended_price": "",
    "min_price": "",
    "sources": [],
    "stocks": {
     "coming": 0,
     "present": 0,
     "reserved": 0
    },
    "errors": [],
    "vat": "0.100000",
    "visible": false,
    "visibility_details": {
     "has_price": false,
     "has_stock": false,
     "active_product": false,
     "reasons": {}
    },
    "price_index": "0.00",
    "images360": [],
    "color_image": "",
    "primary_image": "https://github.com/Bayselonarrend/OpenIntegrations/raw/main/service/test_data/picture.jpg",
    "status": {
     "state": "imported",
     "state_failed": "unmatched",
     "moderate_status": "",
     "decline_reasons": [],
     "validation_state": "pending",
     "state_name": "Не продается",
     "state_description": "Не создан",
     "is_failed": true,
     "is_created": false,
     "state_tooltip": "Не прошел валидацию",
     "item_errors": [
      {
       "code": "SELLER_NO_CONTRACT_FAILED",
       "field": "",
       "attribute_id": 0,
       "state": "unmatched",
       "level": "error",
       "description": "Истек срок договора. Чтобы загрузить товар, возобновите договор в личном кабинете.",
       "optional_description_elements": {},
       "attribute_name": ""
      }
     ],
     "state_updated_at": "2024-10-09T06:26:09.61423Z"
    },
    "state": "",
    "service_type": "IS_CODE_SERVICE",
    "fbo_sku": 0,
    "fbs_sku": 0,
    "currency_code": "RUB",
    "is_kgt": false,
    "rating": "",
    "discounted_stocks": {
     "coming": 0,
     "present": 0,
     "reserved": 0
    },
    "is_discounted": false,
    "has_discounted_item": false,
    "barcodes": [],
    "updated_at": "2024-10-09T06:26:07.502714Z",
    "price_indexes": {
     "price_index": "WITHOUT_INDEX",
     "external_index_data": null,
     "ozon_index_data": null,
     "self_marketplaces_index_data": null
    },
    "sku": 0,
    "description_category_id": 17028922,
    "type_id": 95911,
    "is_archived": false,
    "is_autoarchived": false
   }
  ]
 }
}
