 {
 "result": {
  "items": [
   {
    "offer_id": "91132",
    "product_id": 1156646653,
    "status": "imported",
    "errors": [
     {
      "code": "SELLER_NO_CONTRACT_FAILED",
      "field": "",
      "attribute_id": 0,
      "state": "unmatched",
      "level": "error",
      "description": "Истек срок договора. Чтобы загрузить товар, возобновите договор в личном кабинете.",
      "optional_description_elements": {},
      "attribute_name": "",
      "message": "Истек срок договора. Чтобы загрузить товар, возобновите договор в личном кабинете."
     }
    ]
   }
  ],
  "total": 1
 }
}
