{
 "result": [
  {
   "id": 5055881,
   "value": "Sunshine",
   "info": "",
   "picture": "https://cdn1.ozonusercontent.com/s3/product-service-meta-media/ddf21fd5-fd7f-4c65-9ec9-c6c68db7b80a.jpg"
  },
  {
   "id": 971026862,
   "value": "SUNSHINE",
   "info": "Спорт и отдых",
   "picture": ""
  },
  {
   "id": 971719299,
   "value": "Sunshine",
   "info": "",
   "picture": "https://cdn1.ozonusercontent.com/s3/product-service-meta-media/07f9f8a2-f22d-4d4c-8df3-3c3cef5fdffb.jpg"
  },
  {
   "id": 971818888,
   "value": "Sunshine",
   "info": "",
   "picture": "https://cdn1.ozonusercontent.com/s3/product-service-meta-media/5527aaf5-310f-4701-99d1-b940152e27bd.jpg"
  },
  {
   "id": 972176200,
   "value": "sunshine",
   "info": "",
   "picture": "https://cdn1.ozonusercontent.com/s3/product-service-meta-media/e6dcf5aa-eb30-442d-afa0-5812652d2816.png"
  },
  {
   "id": 972202223,
   "value": "SUNSHINE",
   "info": "",
   "picture": "https://cdn1.ozonusercontent.com/s3/product-service-meta-media/68384d8e-4b49-4f99-a045-3403c1f10f0f.jpg"
  },
  {
   "id": 972209240,
   "value": "SUNSHINE",
   "info": "",
   "picture": "https://cdn1.ozonusercontent.com/s3/product-service-meta-media/a7cf1512-ce39-48bf-97f2-71ecc4af098f.jpg"
  },
  {
   "id": 972832148,
   "value": "Sunshine",
   "info": "",
   "picture": "https://cdn1.ozonusercontent.com/s3/product-service-meta-media/bb95cb89-da69-487d-bdd9-e5e749eee8b5.jpg"
  },
  {
   "id": 971227292,
   "value": "Sunshine Baby",
   "info": "",
   "picture": "https://cdn1.ozonusercontent.com/s3/product-service-meta-media/1d102d56-f0c3-47ba-8b55-121b9ca598cf.jpg"
  },
  {
   "id": 972029069,
   "value": "Sunshine Beams",
   "info": "",
   "picture": ""
  },
  {
   "id": 971168926,
   "value": "Sunshine-Craft",
   "info": "",
   "picture": "https://cdn1.ozonusercontent.com/s3/product-service-meta-media/d12e225d-bcba-433b-be9d-039937a6de43.jpg"
  },
  {
   "id": 972173064,
   "value": "Sunshine Day",
   "info": "",
   "picture": ""
  },
  {
   "id": 970974258,
   "value": "sunshinefilm",
   "info": "Защитная пленка на экран смартфона, гидрогелевая",
   "picture": "https://cdn1.ozonusercontent.com/s3/product-service-meta-media/30f95bc7-c975-43a6-b72d-5f9c18f4d409.jpg"
  },
  {
   "id": 972831741,
   "value": "Sunshine Fishing",
   "info": "",
   "picture": "https://cdn1.ozonusercontent.com/s3/product-service-meta-media/6c2ad517-66a2-4832-8ab3-c677abf3c04d.jpg"
  },
  {
   "id": 972066951,
   "value": "SunShineFox",
   "info": "",
   "picture": ""
  },
  {
   "id": 972172514,
   "value": "SUNSHINEFXY",
   "info": "",
   "picture": "https://cdn1.ozonusercontent.com/s3/product-service-meta-media/d48c1614-b9c4-4785-b9ef-3142f5cfb12c.png"
  },
  {
   "id": 971110891,
   "value": "Sunshine Habibi",
   "info": "",
   "picture": "https://cdn1.ozonusercontent.com/s3/product-service-meta-media/af425149-776a-494c-8f40-1b1fab6a827b.jpg"
  },
  {
   "id": 971896068,
   "value": "Sunshine House",
   "info": "",
   "picture": "https://cdn1.ozonusercontent.com/s3/product-service-meta-media/84e219dd-450e-4bba-b2f4-2012ba0fe9bf.jpg"
  },
  {
   "id": 971967921,
   "value": "SunShine in me",
   "info": "",
   "picture": "https://cdn1.ozonusercontent.com/s3/product-service-meta-media/e90184bb-56f0-43b7-b017-f730a12e8fba.jpg"
  },
  {
   "id": 970712762,
   "value": "Sunshine Innovations",
   "info": "",
   "picture": ""
  },
  {
   "id": 5115939,
   "value": "Sunshine Kids",
   "info": "",
   "picture": ""
  },
  {
   "id": 972209966,
   "value": "sunshinelady",
   "info": "",
   "picture": "https://cdn1.ozonusercontent.com/s3/product-service-meta-media/1c0476d6-9353-4c8d-a369-7f5e78fcfb45.png"
  },
  {
   "id": 971303326,
   "value": "Sunshine Lady",
   "info": "",
   "picture": "https://cdn1.ozonusercontent.com/s3/product-service-meta-media/07e3981b-862c-4806-b708-4140bb1703f2.jpg"
  },
  {
   "id": 972131760,
   "value": "Sunshineland",
   "info": "",
   "picture": "https://cdn1.ozonusercontent.com/s3/product-service-meta-media/63bfd44b-6338-4fa6-8843-39b1c7827099.jpg"
  },
  {
   "id": 972259469,
   "value": "Sunshine Nutrition",
   "info": "",
   "picture": "https://cdn1.ozonusercontent.com/s3/product-service-meta-media/b593ae21-84e5-4e37-bc2f-857dd774582a.jpg"
  },
  {
   "id": 5142226,
   "value": "Sunshine Optics",
   "info": "",
   "picture": ""
  },
  {
   "id": 972026686,
   "value": "SUNSHINE PANDI",
   "info": "",
   "picture": "https://cdn1.ozonusercontent.com/s3/product-service-meta-media/dc6577e8-a0dc-4d46-a47e-23610f836823.jpg"
  },
  {
   "id": 972788383,
   "value": "Sunshine Paradise",
   "info": "",
   "picture": "https://cdn1.ozonusercontent.com/s3/product-service-meta-media/7dddb42b-cd11-4fe0-b21a-6fa56b3c11db.jpg"
  },
  {
   "id": 970954160,
   "value": "SUNSHINE PEARL",
   "info": "Соль для ванны",
   "picture": "https://cdn1.ozonusercontent.com/s3/product-service-meta-media/13a7822f-d4c2-4d0c-bafa-29e33e4058b3.jpg"
  },
  {
   "id": 970697481,
   "value": "SunShines",
   "info": "",
   "picture": ""
  },
  {
   "id": 972077059,
   "value": "Sunshine shop",
   "info": "",
   "picture": "https://cdn1.ozonusercontent.com/s3/product-service-meta-media/5038fb0b-ed1c-4150-b774-5276af9847df.jpg"
  },
  {
   "id": 972271858,
   "value": "SunshineStore",
   "info": "",
   "picture": "https://cdn1.ozonusercontent.com/s3/product-service-meta-media/1b1ff05e-728f-4b80-824f-f71db8f220e9.jpg"
  },
  {
   "id": 971419123,
   "value": "Sunshine Supboard",
   "info": "",
   "picture": "https://cdn1.ozonusercontent.com/s3/product-service-meta-media/32486701-b605-4c9d-97c4-f7c933fb7596.jpg"
  },
  {
   "id": 971907049,
   "value": "Sunshine-sz",
   "info": "",
   "picture": "https://cdn1.ozonusercontent.com/s3/product-service-meta-media/d662a96b-a799-4f83-a781-897a32904c54.jpg"
  },
  {
   "id": 972041847,
   "value": "SunShineTea",
   "info": "",
   "picture": "https://cdn1.ozonusercontent.com/s3/product-service-meta-media/8f7699b4-fc40-46c4-83bf-5a979b187317.jpg"
  },
  {
   "id": 972118999,
   "value": "Sunshine Tree",
   "info": "",
   "picture": "https://cdn1.ozonusercontent.com/s3/product-service-meta-media/23655caa-e4fd-4688-83a0-768eee363dde.jpg"
  },
  {
   "id": 971303507,
   "value": "Sunshine wall",
   "info": "",
   "picture": "https://cdn1.ozonusercontent.com/s3/product-service-meta-media/c7ca8fd3-d98d-4704-a6d0-b72b755849c2.jpg"
  },
  {
   "id": 972144681,
   "value": "SunShine X",
   "info": "",
   "picture": "https://cdn1.ozonusercontent.com/s3/product-service-meta-media/b4fd7a21-72c4-43bf-ac4c-3fad1d1f80e8.png"
  },
  {
   "id": 972835094,
   "value": "A ray of sunshine",
   "info": "",
   "picture": ""
  },
  {
   "id": 971940092,
   "value": "BabySunshine",
   "info": "",
   "picture": "https://cdn1.ozonusercontent.com/s3/product-service-meta-media/d3b91f82-3d5d-480e-a557-4440e95cc845.jpg"
  },
  {
   "id": 971344650,
   "value": "Eternal Sunshine Creations",
   "info": "",
   "picture": ""
  },
  {
   "id": 971991466,
   "value": "G.SUNSHINE8",
   "info": "",
   "picture": "https://cdn1.ozonusercontent.com/s3/product-service-meta-media/4218d2e2-f1f7-4f66-9088-83d2122cd96f.jpg"
  },
  {
   "id": 972809715,
   "value": "Liadona Sunshine",
   "info": "",
   "picture": "https://cdn1.ozonusercontent.com/s3/product-service-meta-media/086c8364-1b08-443f-b129-b1dcbe7d52db.jpg"
  },
  {
   "id": 971432528,
   "value": "MySunshine",
   "info": "",
   "picture": ""
  },
  {
   "id": 970861688,
   "value": "NailSunShine",
   "info": "Маникюрные принадлежности",
   "picture": "https://cdn1.ozonusercontent.com/s3/product-service-meta-media/50acab1d-408a-4488-8749-b99dd27a955e.jpg"
  },
  {
   "id": 971348915,
   "value": "Nail SunShine",
   "info": "",
   "picture": ""
  },
  {
   "id": 971011190,
   "value": "Nature's Sunshine",
   "info": "БАД (биологически активные добавки)",
   "picture": "https://cdn1.ozonusercontent.com/s3/product-service-meta-media/489e6a4a-ead0-4bf8-a596-97da66c18a7a.jpg"
  },
  {
   "id": 972791859,
   "value": "Nordic SunShine",
   "info": "",
   "picture": "https://cdn1.ozonusercontent.com/s3/product-service-meta-media/3f1e37e8-3104-403c-8392-648c3a7efb6a.jpg"
  },
  {
   "id": 972214062,
   "value": "oho sunshine",
   "info": "",
   "picture": "https://cdn1.ozonusercontent.com/s3/product-service-meta-media/fa60c357-c341-4e77-ae06-315a68e36705.jpg"
  },
  {
   "id": 971282329,
   "value": "Oh,Sunshine",
   "info": "",
   "picture": "https://cdn1.ozonusercontent.com/s3/product-service-meta-media/469063d5-6229-4cd0-a0bf-cb46d8fcca24.jpg"
  },
  {
   "id": 972022110,
   "value": "Rising Sunshine",
   "info": "",
   "picture": "https://cdn1.ozonusercontent.com/s3/product-service-meta-media/6b0a980c-0e69-4e38-8814-308034f93601.jpg"
  },
  {
   "id": 971948406,
   "value": "Sweet Sunshine",
   "info": "",
   "picture": ""
  },
  {
   "id": 972262892,
   "value": "Trust sunshine",
   "info": "",
   "picture": "https://cdn1.ozonusercontent.com/s3/product-service-meta-media/f52d45b9-f717-4da0-b485-33e92d74fa85.jpg"
  }
 ]
}
