 {
 "result": {
  "pictures": [
   {
    "product_id": 1215222918,
    "url": "GREEN",
    "state": "imported",
    "is_primary": false,
    "is_360": false,
    "is_color": true
   },
   {
    "product_id": 1215222918,
    "url": "https://github.com/Bayselonarrend/OpenIntegrations/raw/main/service/test_data/picture.jpg",
    "state": "imported",
    "is_primary": true,
    "is_360": false,
    "is_color": false
   },
   {
    "product_id": 1215222918,
    "url": "https://github.com/Bayselonarrend/OpenIntegrations/raw/main/service/test_data/picture2.jpg",
    "state": "imported",
    "is_primary": false,
    "is_360": false,
    "is_color": false
   }
  ]
 }
}
