{
 "account_id": "dbid:AAA4WKMCfgoW5LwuNQFeLOyp-X4omQiNDhE",
 "account_type": {
  ".tag": "basic"
 },
 "country": "BY",
 "disabled": false,
 "email": "bayselonarrend@gmail.com",
 "email_verified": true,
 "is_paired": false,
 "locale": "en",
 "name": {
  "abbreviated_name": "АТ",
  "display_name": "Антон Титовец",
  "familiar_name": "Антон",
  "given_name": "Антон",
  "surname": "Титовец"
 },
 "referral_link": "https://www.dropbox.com/referrals/AACWH0jNi5xVzVyJcFcxNKwuP-C1XleEFQY?src=app9-2724483",
 "root_info": {
  ".tag": "user",
  "home_namespace_id": "3179550035",
  "root_namespace_id": "3179550035"
 }
}
