{
 ".tag": "file",
 "client_modified": "***",
 "content_hash": "0f3b18c255b0f252bd326cacc04c15c3aa57bd6b8234adb65aa7bb2987a65492",
 "id": "id:kJU6-a-pT48AAAAAAAByng",
 "is_downloadable": true,
 "name": "pic.png",
 "parent_shared_folder_id": "14261075587",
 "path_display": "/New/pic.png",
 "path_lower": "/new/pic.png",
 "property_groups": [],
 "rev": "01652592bcbe8de000000035206be83",
 "server_modified": "2026-05-21T19:46:40Z",
 "sharing_info": {
  "modified_by": "dbid:AAA4WKMCfgoW5LwuNQFeLOyp-X4omQiNDhE",
  "parent_shared_folder_id": "14261075587",
  "read_only": false
 },
 "size": 2114023
}
