{
 "cursor": "AAXapmng8tS6F6F1Wa4HW89_ebngw7byB_6_Mkjepj-6JlbsBJ0WvlY8bqDVFCcXMygPPqcINcmNYn1oWqxymQSDLGyeBgG4CBzM...",
 "entries": [
  {
   ".tag": "file",
   "client_modified": "***",
   "content_hash": "376f728ef041d9cef08406f16debc12de89d83130e69c66a817fd834d2d82dc2",
   "id": "id:kJU6-a-pT48AAAAAAAAACA",
   "is_downloadable": true,
   "name": "Dogs.mp3",
   "path_display": "/New/Dogs.mp3",
   "path_lower": "/new/dogs.mp3",
   "property_groups": [],
   "rev": "652b5b05ecba2bd841553",
   "server_modified": "2026-05-26T10:09:21Z",
   "size": 9229352
  },
  {
   ".tag": "file",
   "client_modified": "***",
   "content_hash": "8d63c5989ceec1a90f3fde2ffaa76efcd2c050191e6b55a1761e4e352590bd8c",
   "id": "id:kJU6-a-pT48AAAAAAAALvg",
   "is_downloadable": true,
   "name": "url_doc (1).docx",
   "path_display": "/New/url_doc (1).docx",
   "path_lower": "/new/url_doc (1).docx",
   "property_groups": [],
   "rev": "652b5b05ecba3bd841553",
   "server_modified": "2026-05-26T10:09:21Z",
   "size": 24069
  },
  {
   ".tag": "file",
   "client_modified": "***",
   "content_hash": "8d63c5989ceec1a90f3fde2ffaa76efcd2c050191e6b55a1761e4e352590bd8c",
   "id": "id:kJU6-a-pT48AAAAAAAA24g",
   "is_downloadable": true,
   "name": "url_doc (2).docx",
   "path_display": "/New/url_doc (2).docx",
   "path_lower": "/new/url_doc (2).docx",
   "property_groups": [],
   "rev": "652b5b05ecba4bd841553",
   "server_modified": "2026-05-26T10:09:21Z",
   "size": 24069
  },
  {
   ".tag": "file",
   "client_modified": "***",
   "content_hash": "8d63c5989ceec1a90f3fde2ffaa76efcd2c050191e6b55a1761e4e352590bd8c",
   "id": "id:kJU6-a-pT48AAAAAAABDNA",
   "is_downloadable": true,
   "name": "url_doc (3).docx",
   "path_display": "/New/url_doc (3).docx",
   "path_lower": "/new/url_doc (3).docx",
   "property_groups": [],
   "rev": "652b5b05ecba5bd841553",
   "server_modified": "2026-05-26T10:09:21Z",
   "size": 24069
  },
  {
   ".tag": "file",
   "client_modified": "***",
   "content_hash": "8d63c5989ceec1a90f3fde2ffaa76efcd2c050191e6b55a1761e4e352590bd8c",
   "id": "id:kJU6-a-pT48AAAAAAABJpA",
   "is_downloadable": true,
   "name": "url_doc (4).docx",
   "path_display": "/New/url_doc (4).docx",
   "path_lower": "/new/url_doc (4).docx",
   "property_groups": [],
   "rev": "652b5b05ecba6bd841553",
   "server_modified": "2026-05-26T10:09:21Z",
   "size": 24069
  },
  {
   ".tag": "file",
   "client_modified": "***",
   "content_hash": "8d63c5989ceec1a90f3fde2ffaa76efcd2c050191e6b55a1761e4e352590bd8c",
   "id": "id:kJU6-a-pT48AAAAAAABSFA",
   "is_downloadable": true,
   "name": "url_doc (5).docx",
   "path_display": "/New/url_doc (5).docx",
   "path_lower": "/new/url_doc (5).docx",
   "property_groups": [],
   "rev": "652b5b05ecba7bd841553",
   "server_modified": "2026-05-26T10:09:21Z",
   "size": 24069
  },
  {
   ".tag": "file",
   "client_modified": "***",
   "content_hash": "8d63c5989ceec1a90f3fde2ffaa76efcd2c050191e6b55a1761e4e352590bd8c",
   "id": "id:kJU6-a-pT48AAAAAAABSTA",
   "is_downloadable": true,
   "name": "url_doc (6).docx",
   "path_display": "/New/url_doc (6).docx",
   "path_lower": "/new/url_doc (6).docx",
   "property_groups": [],
   "rev": "652b5b05ecba8bd841553",
   "server_modified": "2026-05-26T10:09:21Z",
   "size": 24069
  },
  {
   ".tag": "file",
   "client_modified": "***",
   "content_hash": "8d63c5989ceec1a90f3fde2ffaa76efcd2c050191e6b55a1761e4e352590bd8c",
   "id": "id:kJU6-a-pT48AAAAAAABSaA",
   "is_downloadable": true,
   "name": "url_doc (7).docx",
   "path_display": "/New/url_doc (7).docx",
   "path_lower": "/new/url_doc (7).docx",
   "property_groups": [],
   "rev": "652b5b05ecba9bd841553",
   "server_modified": "2026-05-26T10:09:21Z",
   "size": 24069
  },
  {
   ".tag": "file",
   "client_modified": "***",
   "content_hash": "8d63c5989ceec1a90f3fde2ffaa76efcd2c050191e6b55a1761e4e352590bd8c",
   "id": "id:kJU6-a-pT48AAAAAAABShA",
   "is_downloadable": true,
   "name": "url_doc (8).docx",
   "path_display": "/New/url_doc (8).docx",
   "path_lower": "/new/url_doc (8).docx",
   "property_groups": [],
   "rev": "652b5b05ecbaabd841553",
   "server_modified": "2026-05-26T10:09:21Z",
   "size": 24069
  },
  {
   ".tag": "file",
   "client_modified": "***",
   "content_hash": "8d63c5989ceec1a90f3fde2ffaa76efcd2c050191e6b55a1761e4e352590bd8c",
   "id": "id:kJU6-a-pT48AAAAAAABUqg",
   "is_downloadable": true,
   "name": "url_doc (9).docx",
   "path_display": "/New/url_doc (9).docx",
   "path_lower": "/new/url_doc (9).docx",
   "property_groups": [],
   "rev": "652b5b05ecbabbd841553",
   "server_modified": "2026-05-26T10:09:21Z",
   "size": 24069
  },
  {
   ".tag": "file",
   "client_modified": "***",
   "content_hash": "8d63c5989ceec1a90f3fde2ffaa76efcd2c050191e6b55a1761e4e352590bd8c",
   "id": "id:kJU6-a-pT48AAAAAAABpLw",
   "is_downloadable": true,
   "name": "url_doc (10).docx",
   "path_display": "/New/url_doc (10).docx",
   "path_lower": "/new/url_doc (10).docx",
   "property_groups": [],
   "rev": "652b5b05ecbacbd841553",
   "server_modified": "2026-05-26T10:09:21Z",
   "size": 24069
  },
  {
   ".tag": "file",
   "client_modified": "***",
   "content_hash": "8d63c5989ceec1a90f3fde2ffaa76efcd2c050191e6b55a1761e4e352590bd8c",
   "id": "id:kJU6-a-pT48AAAAAAAAABw",
   "is_downloadable": true,
   "name": "mydoc.docx",
   "path_display": "/New/mydoc.docx",
   "path_lower": "/new/mydoc.docx",
   "property_groups": [],
   "rev": "652b5b05ecbadbd841553",
   "server_modified": "2026-05-26T10:09:21Z",
   "size": 24069
  }
 ],
 "has_more": false
}
