{
 "data": [
  {
   "accessed": 1767726672,
   "extension": "",
   "gid": 1000,
   "is_directory": true,
   "is_symlink": false,
   "modified": 1758718863,
   "name": "test_folder2",
   "path": "test_folder\\test_folder2",
   "permissions": "40777",
   "size": 512,
   "uid": 1000,
   "objects": [
    {
     "accessed": 1758718863,
     "extension": "txt",
     "gid": 1000,
     "is_directory": false,
     "is_symlink": false,
     "modified": 1758718863,
     "name": "3.txt",
     "path": "test_folder\\test_folder2\\3.txt",
     "permissions": "100777",
     "size": 0,
     "uid": 1000
    },
    {
     "accessed": 1767726672,
     "extension": "",
     "gid": 1000,
     "is_directory": true,
     "is_symlink": false,
     "modified": 1758718868,
     "name": "test_folder3",
     "path": "test_folder\\test_folder2\\test_folder3",
     "permissions": "40777",
     "size": 512,
     "uid": 1000,
     "objects": [
      {
       "accessed": 1758718867,
       "extension": "txt",
       "gid": 1000,
       "is_directory": false,
       "is_symlink": false,
       "modified": 1758718867,
       "name": "4.txt",
       "path": "test_folder\\test_folder2\\test_folder3\\4.txt",
       "permissions": "100777",
       "size": 0,
       "uid": 1000
      }
     ]
    },
    {
     "accessed": 1767726672,
     "extension": "",
     "gid": 1000,
     "is_directory": true,
     "is_symlink": false,
     "modified": 1758718856,
     "name": "test_folder4",
     "path": "test_folder\\test_folder2\\test_folder4",
     "permissions": "40777",
     "size": 512,
     "uid": 1000,
     "objects": [
      {
       "accessed": 1758718851,
       "extension": "txt",
       "gid": 1000,
       "is_directory": false,
       "is_symlink": false,
       "modified": 1758718851,
       "name": "1.txt",
       "path": "test_folder\\test_folder2\\test_folder4\\1.txt",
       "permissions": "100777",
       "size": 0,
       "uid": 1000
      },
      {
       "accessed": 1758718856,
       "extension": "txt",
       "gid": 1000,
       "is_directory": false,
       "is_symlink": false,
       "modified": 1758718856,
       "name": "2.txt",
       "path": "test_folder\\test_folder2\\test_folder4\\2.txt",
       "permissions": "100777",
       "size": 0,
       "uid": 1000
      }
     ]
    }
   ]
  }
 ],
 "result": true
}
