{
 "data": [
  {
   "bigint_field": 20000000000,
   "bit_field": 1,
   "date_field": "2026-06-07",
   "datetime_field": "2026-06-07T00:07:00",
   "dto_field": "2026-06-07T01:07:00+03:00",
   "float24_field": 10.1234569549561,
   "float53_field": 10.1234567891235,
   "int_field": 200000,
   "numeric_field": 5.333,
   "nvarchar_field": "Some text",
   "smallint_field": 2000,
   "time_field": "00:07:00",
   "tinyint_field": 5,
   "uid_field": "5befb823-caa8-46d5-991e-8327f24ce0c2",
   "varbinary_field": "Binary",
   "xml_field": "<root><element><name>Пример</name><value>123</value></element><element><name>Тест</name><value>456</..."
  }
 ],
 "result": true
}
