    {
 "data": [
  {
   "email": "glovett1@google.es",
   "first_name": "Georgena",
   "gender": "Female",
   "id": 2,
   "ip_address": "17.137.193.43",
   "last_name": "Lovett"
  },
  {
   "email": "jtalkington3@intel.com",
   "first_name": "Joete",
   "gender": "Female",
   "id": 4,
   "ip_address": "30.145.6.74",
   "last_name": "Talkington"
  },
  {
   "email": "ccrinidge6@google.es",
   "first_name": "Camila",
   "gender": "Female",
   "id": 7,
   "ip_address": "3.78.63.198",
   "last_name": "Crinidge"
  },
  {
   "email": "smullis7@google.ru",
   "first_name": "Shawnee",
   "gender": "Female",
   "id": 8,
   "ip_address": "21.228.221.78",
   "last_name": "Mullis"
  },
  {
   "email": "mgamett8@jimdo.com",
   "first_name": "Mei",
   "gender": "Female",
   "id": 9,
   "ip_address": "145.85.109.8",
   "last_name": "Gamett"
  },
  {
   "email": "lgeere9@pen.io",
   "first_name": "Lyn",
   "gender": "Non-binary",
   "id": 10,
   "ip_address": "176.241.236.9",
   "last_name": "Geere"
  },
  {
   "email": "nmcmoniesb@salon.com",
   "first_name": "Natividad",
   "gender": "Female",
   "id": 12,
   "ip_address": "185.248.246.64",
   "last_name": "McMonies"
  },
  {
   "email": "agilletc@mapy.cz",
   "first_name": "Aeriell",
   "gender": "Female",
   "id": 13,
   "ip_address": "97.242.207.184",
   "last_name": "Gillet"
  },
  {
   "email": "vwraithd@walmart.com",
   "first_name": "Valaree",
   "gender": "Female",
   "id": 14,
   "ip_address": "225.94.101.143",
   "last_name": "Wraith"
  },
  {
   "email": "wduffetg@berkeley.edu",
   "first_name": "Winnah",
   "gender": "Polygender",
   "id": 17,
   "ip_address": "126.24.85.123",
   "last_name": "Duffet"
  },
  {
   "email": "ceddingtoni@amazon.co.jp",
   "first_name": "Corie",
   "gender": "Female",
   "id": 19,
   "ip_address": "15.229.240.151",
   "last_name": "Eddington"
  },
  {
   "email": "mclerkj@4shared.com",
   "first_name": "Mirna",
   "gender": "Female",
   "id": 20,
   "ip_address": "26.164.25.161",
   "last_name": "Clerk"
  },
  {
   "email": "ggrooml@cpanel.net",
   "first_name": "Ginny",
   "gender": "Female",
   "id": 22,
   "ip_address": "72.189.19.195",
   "last_name": "Groom"
  },
  {
   "email": "ltodeon@blogs.com",
   "first_name": "Lacey",
   "gender": "Female",
   "id": 24,
   "ip_address": "77.205.239.54",
   "last_name": "Todeo"
  },
  {
   "email": "alarchero@tmall.com",
   "first_name": "Ardyce",
   "gender": "Female",
   "id": 25,
   "ip_address": "11.213.127.58",
   "last_name": "L'Archer"
  },
  {
   "email": "kmorterp@discuz.net",
   "first_name": "Kameko",
   "gender": "Female",
   "id": 26,
   "ip_address": "168.91.45.51",
   "last_name": "Morter"
  },
  {
   "email": "mhulanceq@mozilla.org",
   "first_name": "Melisa",
   "gender": "Female",
   "id": 27,
   "ip_address": "88.218.70.22",
   "last_name": "Hulance"
  },
  {
   "email": "csivesr@ted.com",
   "first_name": "Cathi",
   "gender": "Non-binary",
   "id": 28,
   "ip_address": "89.50.14.51",
   "last_name": "Sives"
  },
  {
   "email": "dbruckmanns@goodreads.com",
   "first_name": "Darla",
   "gender": "Female",
   "id": 29,
   "ip_address": "241.224.57.34",
   "last_name": "Bruckmann"
  },
  {
   "email": "aalfwyu@xing.com",
   "first_name": "Anna-maria",
   "gender": "Female",
   "id": 31,
   "ip_address": "43.204.252.150",
   "last_name": "Alfwy"
  },
  {
   "email": "dmccrossanv@seesaa.net",
   "first_name": "Deny",
   "gender": "Female",
   "id": 32,
   "ip_address": "168.47.152.166",
   "last_name": "McCrossan"
  },
  {
   "email": "spardiew@reference.com",
   "first_name": "Sunny",
   "gender": "Female",
   "id": 33,
   "ip_address": "198.192.127.23",
   "last_name": "Pardie"
  },
  {
   "email": "lreynoolldsx@indiatimes.com",
   "first_name": "Lynnett",
   "gender": "Female",
   "id": 34,
   "ip_address": "86.225.158.94",
   "last_name": "Reynoollds"
  },
  {
   "email": "dbreitz@symantec.com",
   "first_name": "Denys",
   "gender": "Female",
   "id": 36,
   "ip_address": "223.255.118.172",
   "last_name": "Breit"
  },
  {
   "email": "ahartshorne11@csmonitor.com",
   "first_name": "Adrian",
   "gender": "Female",
   "id": 38,
   "ip_address": "130.253.237.253",
   "last_name": "Hartshorne"
  },
  {
   "email": "lkleinsmuntz12@ebay.com",
   "first_name": "Leese",
   "gender": "Female",
   "id": 39,
   "ip_address": "73.104.43.91",
   "last_name": "Kleinsmuntz"
  },
  {
   "email": "vlarsen16@amazon.co.uk",
   "first_name": "Viviyan",
   "gender": "Agender",
   "id": 43,
   "ip_address": "131.129.252.162",
   "last_name": "Larsen"
  },
  {
   "email": "plamasna17@china.com.cn",
   "first_name": "Penelopa",
   "gender": "Agender",
   "id": 44,
   "ip_address": "15.244.146.209",
   "last_name": "Lamasna"
  },
  {
   "email": "rbilney18@fda.gov",
   "first_name": "Rosabel",
   "gender": "Female",
   "id": 45,
   "ip_address": "236.54.193.241",
   "last_name": "Bilney"
  },
  {
   "email": "skoppeck19@blogtalkradio.com",
   "first_name": "Shalna",
   "gender": "Genderfluid",
   "id": 46,
   "ip_address": "28.198.65.91",
   "last_name": "Koppeck"
  },
  {
   "email": "seadmead1b@free.fr",
   "first_name": "Susanne",
   "gender": "Female",
   "id": 48,
   "ip_address": "255.244.60.154",
   "last_name": "Eadmead"
  },
  {
   "email": "jpigden1c@shop-pro.jp",
   "first_name": "Jessica",
   "gender": "Female",
   "id": 49,
   "ip_address": "117.125.201.147",
   "last_name": "Pigden"
  },
  {
   "email": "fseide1j@vimeo.com",
   "first_name": "Ferrel",
   "gender": "Agender",
   "id": 56,
   "ip_address": "225.122.56.210",
   "last_name": "Seide"
  },
  {
   "email": "hphilippe1m@tripod.com",
   "first_name": "Hortensia",
   "gender": "Female",
   "id": 59,
   "ip_address": "181.94.22.199",
   "last_name": "Philippe"
  },
  {
   "email": "zsafell1n@mediafire.com",
   "first_name": "Zaria",
   "gender": "Female",
   "id": 60,
   "ip_address": "4.10.31.173",
   "last_name": "Safell"
  },
  {
   "email": "cpollen1p@xinhuanet.com",
   "first_name": "Crissie",
   "gender": "Female",
   "id": 62,
   "ip_address": "242.197.141.174",
   "last_name": "Pollen"
  },
  {
   "email": "peddis1q@soup.io",
   "first_name": "Peggie",
   "gender": "Female",
   "id": 63,
   "ip_address": "47.224.156.35",
   "last_name": "Eddis"
  },
  {
   "email": "jreinhart1s@go.com",
   "first_name": "Jessamyn",
   "gender": "Female",
   "id": 65,
   "ip_address": "72.41.111.125",
   "last_name": "Reinhart"
  },
  {
   "email": "lboken1t@stanford.edu",
   "first_name": "Linn",
   "gender": "Female",
   "id": 66,
   "ip_address": "122.141.34.12",
   "last_name": "Boken"
  },
  {
   "email": "upolack1u@goo.gl",
   "first_name": "Ulla",
   "gender": "Female",
   "id": 67,
   "ip_address": "145.183.139.243",
   "last_name": "Polack"
  },
  {
   "email": "odunkirk1v@bigcartel.com",
   "first_name": "Odella",
   "gender": "Female",
   "id": 68,
   "ip_address": "62.161.156.206",
   "last_name": "Dunkirk"
  },
  {
   "email": "kmcmanaman1w@oakley.com",
   "first_name": "Kerstin",
   "gender": "Female",
   "id": 69,
   "ip_address": "29.157.211.26",
   "last_name": "Mcmanaman"
  },
  {
   "email": "vobeirne1x@cnet.com",
   "first_name": "Vale",
   "gender": "Female",
   "id": 70,
   "ip_address": "246.91.188.244",
   "last_name": "O'Beirne"
  },
  {
   "email": "ktarling1y@slashdot.org",
   "first_name": "Kelila",
   "gender": "Female",
   "id": 71,
   "ip_address": "157.126.1.94",
   "last_name": "Tarling"
  },
  {
   "email": "kblurton20@amazon.co.jp",
   "first_name": "Kristi",
   "gender": "Female",
   "id": 73,
   "ip_address": "253.213.185.244",
   "last_name": "Blurton"
  },
  {
   "email": "fpassler21@theatlantic.com",
   "first_name": "Fanechka",
   "gender": "Female",
   "id": 74,
   "ip_address": "22.77.65.15",
   "last_name": "Passler"
  },
  {
   "email": "emil23@mozilla.org",
   "first_name": "Emmalynn",
   "gender": "Female",
   "id": 76,
   "ip_address": "122.76.182.240",
   "last_name": "Mil"
  },
  {
   "email": "gladel26@pcworld.com",
   "first_name": "Golda",
   "gender": "Female",
   "id": 79,
   "ip_address": "112.182.65.25",
   "last_name": "Ladel"
  },
  {
   "email": "cstathor27@ca.gov",
   "first_name": "Carolan",
   "gender": "Non-binary",
   "id": 80,
   "ip_address": "108.42.126.29",
   "last_name": "Stathor"
  },
  {
   "email": "aarckoll2a@ox.ac.uk",
   "first_name": "Aigneis",
   "gender": "Genderqueer",
   "id": 83,
   "ip_address": "14.157.105.25",
   "last_name": "Arckoll"
  },
  {
   "email": "msudlow2c@washingtonpost.com",
   "first_name": "Marianne",
   "gender": "Female",
   "id": 85,
   "ip_address": "222.238.207.169",
   "last_name": "Sudlow"
  },
  {
   "email": "whanster2i@over-blog.com",
   "first_name": "Waylen",
   "gender": "Genderqueer",
   "id": 91,
   "ip_address": "136.164.136.123",
   "last_name": "Hanster"
  },
  {
   "email": "cashby2k@europa.eu",
   "first_name": "Cara",
   "gender": "Female",
   "id": 93,
   "ip_address": "253.242.134.66",
   "last_name": "Ashby"
  },
  {
   "email": "abenfield2l@sakura.ne.jp",
   "first_name": "Auroora",
   "gender": "Female",
   "id": 94,
   "ip_address": "58.242.9.67",
   "last_name": "Benfield"
  },
  {
   "email": "dcomini2o@oaic.gov.au",
   "first_name": "Dulcinea",
   "gender": "Female",
   "id": 97,
   "ip_address": "133.74.89.30",
   "last_name": "Comini"
  },
  {
   "email": "nhayzer2r@wp.com",
   "first_name": "Nessie",
   "gender": "Female",
   "id": 100,
   "ip_address": "215.25.37.240",
   "last_name": "Hayzer"
  }
 ],
 "result": true
}
