{
 "kind": "drive#file",
 "copyRequiresWriterPermission": false,
 "writersCanShare": true,
 "viewedByMe": true,
 "mimeType": "application/vnd.google-apps.folder",
 "parents": [
  "0AN2vrbrhqfJrUk9PVA"
 ],
 "iconLink": "https://drive-thirdparty.googleusercontent.com/16/type/application/vnd.google-apps.folder",
 "shared": false,
 "lastModifyingUser": {
  "displayName": "Антон Титовец",
  "kind": "drive#user",
  "me": true,
  "permissionId": "07468399490707249352",
  "emailAddress": "bayselonarrend@gmail.com",
  "photoLink": "https://lh3.googleusercontent.com/a/ACg8ocKYttNv2CZ-cTTuE90Zmht_PwnGc0YnjM1IUllXsTVORfZFVPU=s64"
 },
 "owners": [
  {
   "displayName": "Антон Титовец",
   "kind": "drive#user",
   "me": true,
   "permissionId": "07468399490707249352",
   "emailAddress": "bayselonarrend@gmail.com",
   "photoLink": "https://lh3.googleusercontent.com/a/ACg8ocKYttNv2CZ-cTTuE90Zmht_PwnGc0YnjM1IUllXsTVORfZFVPU=s64"
  }
 ],
 "webViewLink": "https://drive.google.com/drive/folders/191iyaa6-2BCNRPOF0F8mQ0TuNWPNesdM",
 "viewersCanCopyContent": true,
 "permissions": [
  {
   "id": "07468399490707249352",
   "displayName": "Антон Титовец",
   "type": "user",
   "kind": "drive#permission",
   "photoLink": "https://lh3.googleusercontent.com/a/ACg8ocKYttNv2CZ-cTTuE90Zmht_PwnGc0YnjM1IUllXsTVORfZFVPU=s64",
   "emailAddress": "bayselonarrend@gmail.com",
   "role": "owner",
   "deleted": false,
   "pendingOwner": false
  }
 ],
 "hasThumbnail": false,
 "spaces": [
  "drive"
 ],
 "folderColorRgb": "#8f8f8f",
 "id": "191iyaa6-2BCNRPOF0F8mQ0TuNWPNesdM",
 "name": "Тестовая папка",
 "starred": false,
 "trashed": false,
 "explicitlyTrashed": false,
 "createdTime": "2024-05-30T07:31:43.495Z",
 "modifiedTime": "2024-05-30T07:31:44.676Z",
 "modifiedByMeTime": "2024-05-30T07:31:44.676Z",
 "viewedByMeTime": "2025-11-22T09:13:52.672Z",
 "quotaBytesUsed": "0",
 "version": "3",
 "ownedByMe": true,
 "isAppAuthorized": false,
 "capabilities": {
  "canChangeViewersCanCopyContent": false,
  "canEdit": true,
  "canCopy": false,
  "canComment": true,
  "canAddChildren": true,
  "canDelete": true,
  "canDownload": true,
  "canListChildren": true,
  "canRemoveChildren": true,
  "canRename": true,
  "canTrash": true,
  "canReadRevisions": false,
  "canChangeCopyRequiresWriterPermission": false,
  "canMoveItemIntoTeamDrive": true,
  "canUntrash": true,
  "canModifyContent": true,
  "canMoveItemOutOfDrive": true,
  "canAddMyDriveParent": false,
  "canRemoveMyDriveParent": true,
  "canMoveItemWithinDrive": true,
  "canShare": true,
  "canMoveChildrenWithinDrive": true,
  "canModifyContentRestriction": false,
  "canChangeSecurityUpdateEnabled": false,
  "canAcceptOwnership": false,
  "canReadLabels": false,
  "canModifyLabels": false,
  "canModifyEditorContentRestriction": false,
  "canModifyOwnerContentRestriction": false,
  "canRemoveContentRestriction": false,
  "canDisableInheritedPermissions": true,
  "canEnableInheritedPermissions": true,
  "canChangeItemDownloadRestriction": false,
  "canStartApproval": false,
  "canAccessViaGenAi": true
 },
 "thumbnailVersion": "0",
 "modifiedByMe": true,
 "permissionIds": [
  "07468399490707249352"
 ],
 "linkShareMetadata": {
  "securityUpdateEligible": false,
  "securityUpdateEnabled": true
 },
 "inheritedPermissionsDisabled": false,
 "downloadRestrictions": {
  "itemDownloadRestriction": {
   "restrictedForReaders": false,
   "restrictedForWriters": false
  },
  "effectiveDownloadRestrictionWithContext": {
   "restrictedForReaders": false,
   "restrictedForWriters": false
  }
 },
 "clientEncryptionDetails": {
  "decryptionMetadata": {}
 },
 "files": [
  {
   "kind": "drive#file",
   "fileExtension": "jpg",
   "copyRequiresWriterPermission": false,
   "md5Checksum": "85b6518b95b58536480354d9d5fc3d8b",
   "writersCanShare": true,
   "viewedByMe": false,
   "mimeType": "image/jpeg",
   "parents": [
    "191iyaa6-2BCNRPOF0F8mQ0TuNWPNesdM"
   ],
   "thumbnailLink": "https://lh3.googleusercontent.com/drive-storage/AJQWtBO3J8h4quRkVxRJr_EMsHaZrykGP2IpI9P6axWFYUivaBoiSuFpDHh062w49OpeHjU4CMQBv9wp3m8LaMfXRmWXgEo5NVz1sF64S16VqWnSCI24-A=s220",
   "iconLink": "https://drive-thirdparty.googleusercontent.com/16/type/image/jpeg",
   "shared": false,
   "lastModifyingUser": {
    "displayName": "Антон Титовец",
    "kind": "drive#user",
    "me": true,
    "permissionId": "07468399490707249352",
    "emailAddress": "bayselonarrend@gmail.com",
    "photoLink": "https://lh3.googleusercontent.com/a/ACg8ocKYttNv2CZ-cTTuE90Zmht_PwnGc0YnjM1IUllXsTVORfZFVPU=s64"
   },
   "owners": [
    {
     "displayName": "Антон Титовец",
     "kind": "drive#user",
     "me": true,
     "permissionId": "07468399490707249352",
     "emailAddress": "bayselonarrend@gmail.com",
     "photoLink": "https://lh3.googleusercontent.com/a/ACg8ocKYttNv2CZ-cTTuE90Zmht_PwnGc0YnjM1IUllXsTVORfZFVPU=s64"
    }
   ],
   "headRevisionId": "0B92vrbrhqfJrYUprQnZ4T3dxaTBoUUFaTmpDejJZOG5zQkVJPQ",
   "webViewLink": "https://drive.google.com/file/d/1Lb1zlNjLV9YCJ0xn4BGE27QFFl8RLzJL/view?usp=drivesdk",
   "webContentLink": "https://drive.google.com/uc?id=1Lb1zlNjLV9YCJ0xn4BGE27QFFl8RLzJL&export=download",
   "size": "2114025",
   "viewersCanCopyContent": true,
   "permissions": [
    {
     "id": "07468399490707249352",
     "displayName": "Антон Титовец",
     "type": "user",
     "kind": "drive#permission",
     "photoLink": "https://lh3.googleusercontent.com/a/ACg8ocKYttNv2CZ-cTTuE90Zmht_PwnGc0YnjM1IUllXsTVORfZFVPU=s64",
     "emailAddress": "bayselonarrend@gmail.com",
     "role": "owner",
     "deleted": false,
     "pendingOwner": false
    }
   ],
   "hasThumbnail": true,
   "spaces": [
    "drive"
   ],
   "id": "1Lb1zlNjLV9YCJ0xn4BGE27QFFl8RLzJL",
   "name": "Новый файл.jpg",
   "description": "Это новый файл",
   "starred": false,
   "trashed": false,
   "explicitlyTrashed": false,
   "createdTime": "2026-06-17T06:57:09.672Z",
   "modifiedTime": "2026-06-17T06:57:09.672Z",
   "modifiedByMeTime": "2026-06-17T06:57:09.672Z",
   "quotaBytesUsed": "2114025",
   "version": "2",
   "originalFilename": "***",
   "ownedByMe": true,
   "fullFileExtension": "jpg",
   "isAppAuthorized": true,
   "capabilities": {
    "canChangeViewersCanCopyContent": true,
    "canEdit": true,
    "canCopy": true,
    "canComment": true,
    "canAddChildren": false,
    "canDelete": true,
    "canDownload": true,
    "canListChildren": false,
    "canRemoveChildren": false,
    "canRename": true,
    "canTrash": true,
    "canReadRevisions": true,
    "canChangeCopyRequiresWriterPermission": true,
    "canMoveItemIntoTeamDrive": true,
    "canUntrash": true,
    "canModifyContent": true,
    "canMoveItemOutOfDrive": true,
    "canAddMyDriveParent": false,
    "canRemoveMyDriveParent": true,
    "canMoveItemWithinDrive": true,
    "canShare": true,
    "canMoveChildrenWithinDrive": false,
    "canModifyContentRestriction": true,
    "canChangeSecurityUpdateEnabled": false,
    "canAcceptOwnership": false,
    "canReadLabels": false,
    "canModifyLabels": false,
    "canModifyEditorContentRestriction": true,
    "canModifyOwnerContentRestriction": true,
    "canRemoveContentRestriction": false,
    "canDisableInheritedPermissions": false,
    "canEnableInheritedPermissions": true,
    "canChangeItemDownloadRestriction": true,
    "canStartApproval": false,
    "canAccessViaGenAi": true
   },
   "thumbnailVersion": "1",
   "modifiedByMe": true,
   "permissionIds": [
    "07468399490707249352"
   ],
   "imageMediaMetadata": {
    "flashUsed": true,
    "meteringMode": "Pattern",
    "exposureMode": "Auto",
    "colorSpace": "sRGB",
    "whiteBalance": "Auto",
    "width": "***",
    "height": 2448,
    "rotation": 0,
    "time": "2012:08:03 08:21:50",
    "cameraMake": "SONY",
    "cameraModel": "DSC-H7",
    "exposureTime": 0.00125,
    "aperture": 5.6,
    "focalLength": 5.2,
    "isoSpeed": 100,
    "exposureBias": 0,
    "maxApertureValue": 2.875
   },
   "linkShareMetadata": {
    "securityUpdateEligible": false,
    "securityUpdateEnabled": true
   },
   "sha1Checksum": "ebdbaf8ed7fe21f6562fde438a2bb12ba49750f2",
   "sha256Checksum": "1a03612de72929ef42a272cb17123871bf9b7723c89f9659765a49f744b6162b",
   "inheritedPermissionsDisabled": false,
   "downloadRestrictions": {
    "itemDownloadRestriction": {
     "restrictedForReaders": false,
     "restrictedForWriters": false
    },
    "effectiveDownloadRestrictionWithContext": {
     "restrictedForReaders": false,
     "restrictedForWriters": false
    }
   },
   "clientEncryptionDetails": {
    "decryptionMetadata": {
     "wrappedKey": "***",
     "kaclsId": "0",
     "aes256GcmChunkSize": "unset",
     "keyFormat": "***",
     "encryptionResourceKeyHash": "***"
    }
   }
  },
  {
   "kind": "drive#file",
   "fileExtension": "jpg",
   "copyRequiresWriterPermission": false,
   "md5Checksum": "85b6518b95b58536480354d9d5fc3d8b",
   "writersCanShare": true,
   "viewedByMe": false,
   "mimeType": "image/jpeg",
   "parents": [
    "191iyaa6-2BCNRPOF0F8mQ0TuNWPNesdM"
   ],
   "thumbnailLink": "https://lh3.googleusercontent.com/drive-storage/AJQWtBMrByl5owIsLOiUwd9NTlYIr35sNSPPQLFFW0CzQUnQ_FxFvLP9BDwcE1A6jSyTHY06LVrJMx1A9cMz6ui3Yvk0Gh9Qr9Gn-p0PKGRDgQPc6yFgrw=s220",
   "iconLink": "https://drive-thirdparty.googleusercontent.com/16/type/image/jpeg",
   "shared": false,
   "lastModifyingUser": {
    "displayName": "Антон Титовец",
    "kind": "drive#user",
    "me": true,
    "permissionId": "07468399490707249352",
    "emailAddress": "bayselonarrend@gmail.com",
    "photoLink": "https://lh3.googleusercontent.com/a/ACg8ocKYttNv2CZ-cTTuE90Zmht_PwnGc0YnjM1IUllXsTVORfZFVPU=s64"
   },
   "owners": [
    {
     "displayName": "Антон Титовец",
     "kind": "drive#user",
     "me": true,
     "permissionId": "07468399490707249352",
     "emailAddress": "bayselonarrend@gmail.com",
     "photoLink": "https://lh3.googleusercontent.com/a/ACg8ocKYttNv2CZ-cTTuE90Zmht_PwnGc0YnjM1IUllXsTVORfZFVPU=s64"
    }
   ],
   "headRevisionId": "0B92vrbrhqfJrTnpwYmNzaFJlbzhZS0o0SGNSYjAxSldTbk5JPQ",
   "webViewLink": "https://drive.google.com/file/d/1TVsja3E77kJ1W43vKZTfHaYPrkb43ro-/view?usp=drivesdk",
   "webContentLink": "https://drive.google.com/uc?id=1TVsja3E77kJ1W43vKZTfHaYPrkb43ro-&export=download",
   "size": "2114025",
   "viewersCanCopyContent": true,
   "permissions": [
    {
     "id": "07468399490707249352",
     "displayName": "Антон Титовец",
     "type": "user",
     "kind": "drive#permission",
     "photoLink": "https://lh3.googleusercontent.com/a/ACg8ocKYttNv2CZ-cTTuE90Zmht_PwnGc0YnjM1IUllXsTVORfZFVPU=s64",
     "emailAddress": "bayselonarrend@gmail.com",
     "role": "owner",
     "deleted": false,
     "pendingOwner": false
    }
   ],
   "hasThumbnail": true,
   "spaces": [
    "drive"
   ],
   "id": "1TVsja3E77kJ1W43vKZTfHaYPrkb43ro-",
   "name": "Новый файл.jpg",
   "description": "Это новый файл",
   "starred": false,
   "trashed": false,
   "explicitlyTrashed": false,
   "createdTime": "2026-06-17T06:13:37.413Z",
   "modifiedTime": "2026-06-17T06:13:37.413Z",
   "modifiedByMeTime": "2026-06-17T06:13:37.413Z",
   "quotaBytesUsed": "2114025",
   "version": "2",
   "originalFilename": "***",
   "ownedByMe": true,
   "fullFileExtension": "jpg",
   "isAppAuthorized": true,
   "capabilities": {
    "canChangeViewersCanCopyContent": true,
    "canEdit": true,
    "canCopy": true,
    "canComment": true,
    "canAddChildren": false,
    "canDelete": true,
    "canDownload": true,
    "canListChildren": false,
    "canRemoveChildren": false,
    "canRename": true,
    "canTrash": true,
    "canReadRevisions": true,
    "canChangeCopyRequiresWriterPermission": true,
    "canMoveItemIntoTeamDrive": true,
    "canUntrash": true,
    "canModifyContent": true,
    "canMoveItemOutOfDrive": true,
    "canAddMyDriveParent": false,
    "canRemoveMyDriveParent": true,
    "canMoveItemWithinDrive": true,
    "canShare": true,
    "canMoveChildrenWithinDrive": false,
    "canModifyContentRestriction": true,
    "canChangeSecurityUpdateEnabled": false,
    "canAcceptOwnership": false,
    "canReadLabels": false,
    "canModifyLabels": false,
    "canModifyEditorContentRestriction": true,
    "canModifyOwnerContentRestriction": true,
    "canRemoveContentRestriction": false,
    "canDisableInheritedPermissions": false,
    "canEnableInheritedPermissions": true,
    "canChangeItemDownloadRestriction": true,
    "canStartApproval": false,
    "canAccessViaGenAi": true
   },
   "thumbnailVersion": "1",
   "modifiedByMe": true,
   "permissionIds": [
    "07468399490707249352"
   ],
   "imageMediaMetadata": {
    "flashUsed": true,
    "meteringMode": "Pattern",
    "exposureMode": "Auto",
    "colorSpace": "sRGB",
    "whiteBalance": "Auto",
    "width": "***",
    "height": 2448,
    "rotation": 0,
    "time": "2012:08:03 08:21:50",
    "cameraMake": "SONY",
    "cameraModel": "DSC-H7",
    "exposureTime": 0.00125,
    "aperture": 5.6,
    "focalLength": 5.2,
    "isoSpeed": 100,
    "exposureBias": 0,
    "maxApertureValue": 2.875
   },
   "linkShareMetadata": {
    "securityUpdateEligible": false,
    "securityUpdateEnabled": true
   },
   "sha1Checksum": "ebdbaf8ed7fe21f6562fde438a2bb12ba49750f2",
   "sha256Checksum": "1a03612de72929ef42a272cb17123871bf9b7723c89f9659765a49f744b6162b",
   "inheritedPermissionsDisabled": false,
   "downloadRestrictions": {
    "itemDownloadRestriction": {
     "restrictedForReaders": false,
     "restrictedForWriters": false
    },
    "effectiveDownloadRestrictionWithContext": {
     "restrictedForReaders": false,
     "restrictedForWriters": false
    }
   },
   "clientEncryptionDetails": {
    "decryptionMetadata": {
     "wrappedKey": "***",
     "kaclsId": "0",
     "aes256GcmChunkSize": "unset",
     "keyFormat": "***",
     "encryptionResourceKeyHash": "***"
    }
   }
  },
  {
   "kind": "drive#file",
   "fileExtension": "jpg",
   "copyRequiresWriterPermission": false,
   "md5Checksum": "85b6518b95b58536480354d9d5fc3d8b",
   "writersCanShare": true,
   "viewedByMe": false,
   "mimeType": "image/jpeg",
   "parents": [
    "191iyaa6-2BCNRPOF0F8mQ0TuNWPNesdM"
   ],
   "thumbnailLink": "https://lh3.googleusercontent.com/drive-storage/AJQWtBMxPJkIkS5fWmegT6tvZrpj5-kafeTAxcfOsEovlNsskcRN6hDI8W2dArpJPO2HOQ4ahURSKzvpxq5hguEiJbZOtDCsLppEO2xjGxRiGkA0ZoWhIA=s220",
   "iconLink": "https://drive-thirdparty.googleusercontent.com/16/type/image/jpeg",
   "shared": false,
   "lastModifyingUser": {
    "displayName": "Антон Титовец",
    "kind": "drive#user",
    "me": true,
    "permissionId": "07468399490707249352",
    "emailAddress": "bayselonarrend@gmail.com",
    "photoLink": "https://lh3.googleusercontent.com/a/ACg8ocKYttNv2CZ-cTTuE90Zmht_PwnGc0YnjM1IUllXsTVORfZFVPU=s64"
   },
   "owners": [
    {
     "displayName": "Антон Титовец",
     "kind": "drive#user",
     "me": true,
     "permissionId": "07468399490707249352",
     "emailAddress": "bayselonarrend@gmail.com",
     "photoLink": "https://lh3.googleusercontent.com/a/ACg8ocKYttNv2CZ-cTTuE90Zmht_PwnGc0YnjM1IUllXsTVORfZFVPU=s64"
    }
   ],
   "headRevisionId": "0B92vrbrhqfJrK0FNN0VxTWxaYmp1VHFhd0h1Rm1pd1hWV2dZPQ",
   "webViewLink": "https://drive.google.com/file/d/1z-zxrINm8rHNolKnQGJ3xWIFX9_EeQiA/view?usp=drivesdk",
   "webContentLink": "https://drive.google.com/uc?id=1z-zxrINm8rHNolKnQGJ3xWIFX9_EeQiA&export=download",
   "size": "2114025",
   "viewersCanCopyContent": true,
   "permissions": [
    {
     "id": "07468399490707249352",
     "displayName": "Антон Титовец",
     "type": "user",
     "kind": "drive#permission",
     "photoLink": "https://lh3.googleusercontent.com/a/ACg8ocKYttNv2CZ-cTTuE90Zmht_PwnGc0YnjM1IUllXsTVORfZFVPU=s64",
     "emailAddress": "bayselonarrend@gmail.com",
     "role": "owner",
     "deleted": false,
     "pendingOwner": false
    }
   ],
   "hasThumbnail": true,
   "spaces": [
    "drive"
   ],
   "id": "1z-zxrINm8rHNolKnQGJ3xWIFX9_EeQiA",
   "name": "Новый файл.jpg",
   "description": "Это новый файл",
   "starred": false,
   "trashed": false,
   "explicitlyTrashed": false,
   "createdTime": "2026-06-16T17:29:51.201Z",
   "modifiedTime": "2026-06-16T17:29:51.201Z",
   "modifiedByMeTime": "2026-06-16T17:29:51.201Z",
   "quotaBytesUsed": "2114025",
   "version": "2",
   "originalFilename": "***",
   "ownedByMe": true,
   "fullFileExtension": "jpg",
   "isAppAuthorized": true,
   "capabilities": {
    "canChangeViewersCanCopyContent": true,
    "canEdit": true,
    "canCopy": true,
    "canComment": true,
    "canAddChildren": false,
    "canDelete": true,
    "canDownload": true,
    "canListChildren": false,
    "canRemoveChildren": false,
    "canRename": true,
    "canTrash": true,
    "canReadRevisions": true,
    "canChangeCopyRequiresWriterPermission": true,
    "canMoveItemIntoTeamDrive": true,
    "canUntrash": true,
    "canModifyContent": true,
    "canMoveItemOutOfDrive": true,
    "canAddMyDriveParent": false,
    "canRemoveMyDriveParent": true,
    "canMoveItemWithinDrive": true,
    "canShare": true,
    "canMoveChildrenWithinDrive": false,
    "canModifyContentRestriction": true,
    "canChangeSecurityUpdateEnabled": false,
    "canAcceptOwnership": false,
    "canReadLabels": false,
    "canModifyLabels": false,
    "canModifyEditorContentRestriction": true,
    "canModifyOwnerContentRestriction": true,
    "canRemoveContentRestriction": false,
    "canDisableInheritedPermissions": false,
    "canEnableInheritedPermissions": true,
    "canChangeItemDownloadRestriction": true,
    "canStartApproval": false,
    "canAccessViaGenAi": true
   },
   "thumbnailVersion": "1",
   "modifiedByMe": true,
   "permissionIds": [
    "07468399490707249352"
   ],
   "imageMediaMetadata": {
    "flashUsed": true,
    "meteringMode": "Pattern",
    "exposureMode": "Auto",
    "colorSpace": "sRGB",
    "whiteBalance": "Auto",
    "width": "***",
    "height": 2448,
    "rotation": 0,
    "time": "2012:08:03 08:21:50",
    "cameraMake": "SONY",
    "cameraModel": "DSC-H7",
    "exposureTime": 0.00125,
    "aperture": 5.6,
    "focalLength": 5.2,
    "isoSpeed": 100,
    "exposureBias": 0,
    "maxApertureValue": 2.875
   },
   "linkShareMetadata": {
    "securityUpdateEligible": false,
    "securityUpdateEnabled": true
   },
   "sha1Checksum": "ebdbaf8ed7fe21f6562fde438a2bb12ba49750f2",
   "sha256Checksum": "1a03612de72929ef42a272cb17123871bf9b7723c89f9659765a49f744b6162b",
   "inheritedPermissionsDisabled": false,
   "downloadRestrictions": {
    "itemDownloadRestriction": {
     "restrictedForReaders": false,
     "restrictedForWriters": false
    },
    "effectiveDownloadRestrictionWithContext": {
     "restrictedForReaders": false,
     "restrictedForWriters": false
    }
   },
   "clientEncryptionDetails": {
    "decryptionMetadata": {
     "wrappedKey": "***",
     "kaclsId": "0",
     "aes256GcmChunkSize": "unset",
     "keyFormat": "***",
     "encryptionResourceKeyHash": "***"
    }
   }
  },
  {
   "kind": "drive#file",
   "fileExtension": "rar",
   "copyRequiresWriterPermission": false,
   "md5Checksum": "400f02e4983a1bafefff78b1e2c05f5a",
   "writersCanShare": true,
   "viewedByMe": false,
   "mimeType": "image/jpeg",
   "parents": [
    "191iyaa6-2BCNRPOF0F8mQ0TuNWPNesdM"
   ],
   "iconLink": "https://drive-thirdparty.googleusercontent.com/16/type/image/jpeg",
   "shared": false,
   "lastModifyingUser": {
    "displayName": "Антон Титовец",
    "kind": "drive#user",
    "me": true,
    "permissionId": "07468399490707249352",
    "emailAddress": "bayselonarrend@gmail.com",
    "photoLink": "https://lh3.googleusercontent.com/a/ACg8ocKYttNv2CZ-cTTuE90Zmht_PwnGc0YnjM1IUllXsTVORfZFVPU=s64"
   },
   "owners": [
    {
     "displayName": "Антон Титовец",
     "kind": "drive#user",
     "me": true,
     "permissionId": "07468399490707249352",
     "emailAddress": "bayselonarrend@gmail.com",
     "photoLink": "https://lh3.googleusercontent.com/a/ACg8ocKYttNv2CZ-cTTuE90Zmht_PwnGc0YnjM1IUllXsTVORfZFVPU=s64"
    }
   ],
   "headRevisionId": "0B92vrbrhqfJrRWlZTnhQeFBTWHRLNTk3TG1YaEhaN3VVUmw4PQ",
   "webViewLink": "https://drive.google.com/file/d/1iRM5saNVVoXn0LpLh9ydMtQwatwlZu1o/view?usp=drivesdk",
   "webContentLink": "https://drive.google.com/uc?id=1iRM5saNVVoXn0LpLh9ydMtQwatwlZu1o&export=download",
   "size": "358207628",
   "viewersCanCopyContent": true,
   "permissions": [
    {
     "id": "07468399490707249352",
     "displayName": "Антон Титовец",
     "type": "user",
     "kind": "drive#permission",
     "photoLink": "https://lh3.googleusercontent.com/a/ACg8ocKYttNv2CZ-cTTuE90Zmht_PwnGc0YnjM1IUllXsTVORfZFVPU=s64",
     "emailAddress": "bayselonarrend@gmail.com",
     "role": "owner",
     "deleted": false,
     "pendingOwner": false
    }
   ],
   "hasThumbnail": false,
   "spaces": [
    "drive"
   ],
   "id": "1iRM5saNVVoXn0LpLh9ydMtQwatwlZu1o",
   "name": "big.rar",
   "description": "Это новый файл",
   "starred": false,
   "trashed": false,
   "explicitlyTrashed": false,
   "createdTime": "2026-06-16T17:08:10.175Z",
   "modifiedTime": "2026-06-16T17:08:10.175Z",
   "modifiedByMeTime": "2026-06-16T17:08:10.175Z",
   "quotaBytesUsed": "358207628",
   "version": "1",
   "originalFilename": "***",
   "ownedByMe": true,
   "fullFileExtension": "rar",
   "isAppAuthorized": true,
   "capabilities": {
    "canChangeViewersCanCopyContent": true,
    "canEdit": true,
    "canCopy": true,
    "canComment": true,
    "canAddChildren": false,
    "canDelete": true,
    "canDownload": true,
    "canListChildren": false,
    "canRemoveChildren": false,
    "canRename": true,
    "canTrash": true,
    "canReadRevisions": true,
    "canChangeCopyRequiresWriterPermission": true,
    "canMoveItemIntoTeamDrive": true,
    "canUntrash": true,
    "canModifyContent": true,
    "canMoveItemOutOfDrive": true,
    "canAddMyDriveParent": false,
    "canRemoveMyDriveParent": true,
    "canMoveItemWithinDrive": true,
    "canShare": true,
    "canMoveChildrenWithinDrive": false,
    "canModifyContentRestriction": true,
    "canChangeSecurityUpdateEnabled": false,
    "canAcceptOwnership": false,
    "canReadLabels": false,
    "canModifyLabels": false,
    "canModifyEditorContentRestriction": true,
    "canModifyOwnerContentRestriction": true,
    "canRemoveContentRestriction": false,
    "canDisableInheritedPermissions": false,
    "canEnableInheritedPermissions": true,
    "canChangeItemDownloadRestriction": true,
    "canStartApproval": false,
    "canAccessViaGenAi": true
   },
   "thumbnailVersion": "0",
   "modifiedByMe": true,
   "permissionIds": [
    "07468399490707249352"
   ],
   "imageMediaMetadata": {
    "width": "***",
    "height": 0
   },
   "linkShareMetadata": {
    "securityUpdateEligible": false,
    "securityUpdateEnabled": true
   },
   "sha1Checksum": "63a4ab1f9f81be60f2ffe5d0f798a9e1d7d8f93f",
   "sha256Checksum": "5159df6551ee86c78269e5ff5aa3d287111fee223f8e2bdbf47ecd86c8f013c1",
   "inheritedPermissionsDisabled": false,
   "downloadRestrictions": {
    "itemDownloadRestriction": {
     "restrictedForReaders": false,
     "restrictedForWriters": false
    },
    "effectiveDownloadRestrictionWithContext": {
     "restrictedForReaders": false,
     "restrictedForWriters": false
    }
   },
   "clientEncryptionDetails": {
    "decryptionMetadata": {
     "wrappedKey": "***",
     "kaclsId": "0",
     "aes256GcmChunkSize": "unset",
     "keyFormat": "***",
     "encryptionResourceKeyHash": "***"
    }
   }
  },
  {
   "kind": "drive#file",
   "fileExtension": "jpg",
   "copyRequiresWriterPermission": false,
   "md5Checksum": "85b6518b95b58536480354d9d5fc3d8b",
   "writersCanShare": true,
   "viewedByMe": false,
   "mimeType": "image/jpeg",
   "parents": [
    "191iyaa6-2BCNRPOF0F8mQ0TuNWPNesdM"
   ],
   "thumbnailLink": "https://lh3.googleusercontent.com/drive-storage/AJQWtBOp017M9UQjW7NbSN8ui7kLB3P2J5ocBnQlu0cShvCDGB7jI9Tiqkj4KefuJ-GxRXMiCYRhDMMhGFH_Q00hi7ua8P8tn0-H9XFectFZzjredwpiiQ=s220",
   "iconLink": "https://drive-thirdparty.googleusercontent.com/16/type/image/jpeg",
   "shared": false,
   "lastModifyingUser": {
    "displayName": "Антон Титовец",
    "kind": "drive#user",
    "me": true,
    "permissionId": "07468399490707249352",
    "emailAddress": "bayselonarrend@gmail.com",
    "photoLink": "https://lh3.googleusercontent.com/a/ACg8ocKYttNv2CZ-cTTuE90Zmht_PwnGc0YnjM1IUllXsTVORfZFVPU=s64"
   },
   "owners": [
    {
     "displayName": "Антон Титовец",
     "kind": "drive#user",
     "me": true,
     "permissionId": "07468399490707249352",
     "emailAddress": "bayselonarrend@gmail.com",
     "photoLink": "https://lh3.googleusercontent.com/a/ACg8ocKYttNv2CZ-cTTuE90Zmht_PwnGc0YnjM1IUllXsTVORfZFVPU=s64"
    }
   ],
   "headRevisionId": "0B92vrbrhqfJrTko5WGt1em94RDBjRUdMRFpXU2Y3OGFPZnVvPQ",
   "webViewLink": "https://drive.google.com/file/d/1SS0vb8ZCwzKmWC11HW3tx1edOp-xpuH-/view?usp=drivesdk",
   "webContentLink": "https://drive.google.com/uc?id=1SS0vb8ZCwzKmWC11HW3tx1edOp-xpuH-&export=download",
   "size": "2114025",
   "viewersCanCopyContent": true,
   "permissions": [
    {
     "id": "07468399490707249352",
     "displayName": "Антон Титовец",
     "type": "user",
     "kind": "drive#permission",
     "photoLink": "https://lh3.googleusercontent.com/a/ACg8ocKYttNv2CZ-cTTuE90Zmht_PwnGc0YnjM1IUllXsTVORfZFVPU=s64",
     "emailAddress": "bayselonarrend@gmail.com",
     "role": "owner",
     "deleted": false,
     "pendingOwner": false
    }
   ],
   "hasThumbnail": true,
   "spaces": [
    "drive"
   ],
   "id": "1SS0vb8ZCwzKmWC11HW3tx1edOp-xpuH-",
   "name": "Новый файл.jpg",
   "description": "Это новый файл",
   "starred": false,
   "trashed": false,
   "explicitlyTrashed": false,
   "createdTime": "2026-06-16T16:58:43.601Z",
   "modifiedTime": "2026-06-16T16:58:43.601Z",
   "modifiedByMeTime": "2026-06-16T16:58:43.601Z",
   "quotaBytesUsed": "2114025",
   "version": "2",
   "originalFilename": "***",
   "ownedByMe": true,
   "fullFileExtension": "jpg",
   "isAppAuthorized": true,
   "capabilities": {
    "canChangeViewersCanCopyContent": true,
    "canEdit": true,
    "canCopy": true,
    "canComment": true,
    "canAddChildren": false,
    "canDelete": true,
    "canDownload": true,
    "canListChildren": false,
    "canRemoveChildren": false,
    "canRename": true,
    "canTrash": true,
    "canReadRevisions": true,
    "canChangeCopyRequiresWriterPermission": true,
    "canMoveItemIntoTeamDrive": true,
    "canUntrash": true,
    "canModifyContent": true,
    "canMoveItemOutOfDrive": true,
    "canAddMyDriveParent": false,
    "canRemoveMyDriveParent": true,
    "canMoveItemWithinDrive": true,
    "canShare": true,
    "canMoveChildrenWithinDrive": false,
    "canModifyContentRestriction": true,
    "canChangeSecurityUpdateEnabled": false,
    "canAcceptOwnership": false,
    "canReadLabels": false,
    "canModifyLabels": false,
    "canModifyEditorContentRestriction": true,
    "canModifyOwnerContentRestriction": true,
    "canRemoveContentRestriction": false,
    "canDisableInheritedPermissions": false,
    "canEnableInheritedPermissions": true,
    "canChangeItemDownloadRestriction": true,
    "canStartApproval": false,
    "canAccessViaGenAi": true
   },
   "thumbnailVersion": "1",
   "modifiedByMe": true,
   "permissionIds": [
    "07468399490707249352"
   ],
   "imageMediaMetadata": {
    "flashUsed": true,
    "meteringMode": "Pattern",
    "exposureMode": "Auto",
    "colorSpace": "sRGB",
    "whiteBalance": "Auto",
    "width": "***",
    "height": 2448,
    "rotation": 0,
    "time": "2012:08:03 08:21:50",
    "cameraMake": "SONY",
    "cameraModel": "DSC-H7",
    "exposureTime": 0.00125,
    "aperture": 5.6,
    "focalLength": 5.2,
    "isoSpeed": 100,
    "exposureBias": 0,
    "maxApertureValue": 2.875
   },
   "linkShareMetadata": {
    "securityUpdateEligible": false,
    "securityUpdateEnabled": true
   },
   "sha1Checksum": "ebdbaf8ed7fe21f6562fde438a2bb12ba49750f2",
   "sha256Checksum": "1a03612de72929ef42a272cb17123871bf9b7723c89f9659765a49f744b6162b",
   "inheritedPermissionsDisabled": false,
   "downloadRestrictions": {
    "itemDownloadRestriction": {
     "restrictedForReaders": false,
     "restrictedForWriters": false
    },
    "effectiveDownloadRestrictionWithContext": {
     "restrictedForReaders": false,
     "restrictedForWriters": false
    }
   },
   "clientEncryptionDetails": {
    "decryptionMetadata": {
     "wrappedKey": "***",
     "kaclsId": "0",
     "aes256GcmChunkSize": "unset",
     "keyFormat": "***",
     "encryptionResourceKeyHash": "***"
    }
   }
  },
  {
   "kind": "drive#file",
   "fileExtension": "rar",
   "copyRequiresWriterPermission": false,
   "md5Checksum": "d41c2dd4f6628b98e30ca7bdb4b777b5",
   "writersCanShare": true,
   "viewedByMe": false,
   "mimeType": "image/jpeg",
   "parents": [
    "191iyaa6-2BCNRPOF0F8mQ0TuNWPNesdM"
   ],
   "iconLink": "https://drive-thirdparty.googleusercontent.com/16/type/image/jpeg",
   "shared": false,
   "lastModifyingUser": {
    "displayName": "Антон Титовец",
    "kind": "drive#user",
    "me": true,
    "permissionId": "07468399490707249352",
    "emailAddress": "bayselonarrend@gmail.com",
    "photoLink": "https://lh3.googleusercontent.com/a/ACg8ocKYttNv2CZ-cTTuE90Zmht_PwnGc0YnjM1IUllXsTVORfZFVPU=s64"
   },
   "owners": [
    {
     "displayName": "Антон Титовец",
     "kind": "drive#user",
     "me": true,
     "permissionId": "07468399490707249352",
     "emailAddress": "bayselonarrend@gmail.com",
     "photoLink": "https://lh3.googleusercontent.com/a/ACg8ocKYttNv2CZ-cTTuE90Zmht_PwnGc0YnjM1IUllXsTVORfZFVPU=s64"
    }
   ],
   "headRevisionId": "0B92vrbrhqfJraGpEa0sveFF5ZjhTVXl1YXJwT3VEN1dxVkdNPQ",
   "webViewLink": "https://drive.google.com/file/d/1Ke6YUQ2Y_MocSa04x7YQeSD3rSNVOlHW/view?usp=drivesdk",
   "webContentLink": "https://drive.google.com/uc?id=1Ke6YUQ2Y_MocSa04x7YQeSD3rSNVOlHW&export=download",
   "size": "1247",
   "viewersCanCopyContent": true,
   "permissions": [
    {
     "id": "07468399490707249352",
     "displayName": "Антон Титовец",
     "type": "user",
     "kind": "drive#permission",
     "photoLink": "https://lh3.googleusercontent.com/a/ACg8ocKYttNv2CZ-cTTuE90Zmht_PwnGc0YnjM1IUllXsTVORfZFVPU=s64",
     "emailAddress": "bayselonarrend@gmail.com",
     "role": "owner",
     "deleted": false,
     "pendingOwner": false
    }
   ],
   "hasThumbnail": false,
   "spaces": [
    "drive"
   ],
   "id": "1Ke6YUQ2Y_MocSa04x7YQeSD3rSNVOlHW",
   "name": "big.rar",
   "description": "Это новый файл",
   "starred": false,
   "trashed": false,
   "explicitlyTrashed": false,
   "createdTime": "2026-06-16T14:13:46.389Z",
   "modifiedTime": "2026-06-16T14:13:46.389Z",
   "modifiedByMeTime": "2026-06-16T14:13:46.389Z",
   "quotaBytesUsed": "1247",
   "version": "2",
   "originalFilename": "***",
   "ownedByMe": true,
   "fullFileExtension": "rar",
   "isAppAuthorized": true,
   "capabilities": {
    "canChangeViewersCanCopyContent": true,
    "canEdit": true,
    "canCopy": true,
    "canComment": true,
    "canAddChildren": false,
    "canDelete": true,
    "canDownload": true,
    "canListChildren": false,
    "canRemoveChildren": false,
    "canRename": true,
    "canTrash": true,
    "canReadRevisions": true,
    "canChangeCopyRequiresWriterPermission": true,
    "canMoveItemIntoTeamDrive": true,
    "canUntrash": true,
    "canModifyContent": true,
    "canMoveItemOutOfDrive": true,
    "canAddMyDriveParent": false,
    "canRemoveMyDriveParent": true,
    "canMoveItemWithinDrive": true,
    "canShare": true,
    "canMoveChildrenWithinDrive": false,
    "canModifyContentRestriction": true,
    "canChangeSecurityUpdateEnabled": false,
    "canAcceptOwnership": false,
    "canReadLabels": false,
    "canModifyLabels": false,
    "canModifyEditorContentRestriction": true,
    "canModifyOwnerContentRestriction": true,
    "canRemoveContentRestriction": false,
    "canDisableInheritedPermissions": false,
    "canEnableInheritedPermissions": true,
    "canChangeItemDownloadRestriction": true,
    "canStartApproval": false,
    "canAccessViaGenAi": true
   },
   "thumbnailVersion": "0",
   "modifiedByMe": true,
   "permissionIds": [
    "07468399490707249352"
   ],
   "imageMediaMetadata": {
    "width": "***",
    "height": 0
   },
   "linkShareMetadata": {
    "securityUpdateEligible": false,
    "securityUpdateEnabled": true
   },
   "sha1Checksum": "2d998e8127bc80600cfbb4b89a1802f6f8e9e395",
   "sha256Checksum": "586d2cdf2b55380a17c6d3af55f77f09ba702d3a6812b41eeaf36608f5d4a2c1",
   "inheritedPermissionsDisabled": false,
   "downloadRestrictions": {
    "itemDownloadRestriction": {
     "restrictedForReaders": false,
     "restrictedForWriters": false
    },
    "effectiveDownloadRestrictionWithContext": {
     "restrictedForReaders": false,
     "restrictedForWriters": false
    }
   },
   "clientEncryptionDetails": {
    "decryptionMetadata": {
     "wrappedKey": "***",
     "kaclsId": "0",
     "aes256GcmChunkSize": "unset",
     "keyFormat": "***",
     "encryptionResourceKeyHash": "***"
    }
   }
  },
  {
   "kind": "drive#file",
   "fileExtension": "jpg",
   "copyRequiresWriterPermission": false,
   "md5Checksum": "85b6518b95b58536480354d9d5fc3d8b",
   "writersCanShare": true,
   "viewedByMe": false,
   "mimeType": "image/jpeg",
   "parents": [
    "191iyaa6-2BCNRPOF0F8mQ0TuNWPNesdM"
   ],
   "thumbnailLink": "https://lh3.googleusercontent.com/drive-storage/AJQWtBOIhIdyzMRRbymInkCUV9iUTV375QyoPMSuL6pudyR5oR2zUYrCUQidtyfAGBDLJHSx_ztgDQgsyk7K5ADrQjzohbaEOaXckX26RXH4qEHOTK74UQ=s220",
   "iconLink": "https://drive-thirdparty.googleusercontent.com/16/type/image/jpeg",
   "shared": false,
   "lastModifyingUser": {
    "displayName": "Антон Титовец",
    "kind": "drive#user",
    "me": true,
    "permissionId": "07468399490707249352",
    "emailAddress": "bayselonarrend@gmail.com",
    "photoLink": "https://lh3.googleusercontent.com/a/ACg8ocKYttNv2CZ-cTTuE90Zmht_PwnGc0YnjM1IUllXsTVORfZFVPU=s64"
   },
   "owners": [
    {
     "displayName": "Антон Титовец",
     "kind": "drive#user",
     "me": true,
     "permissionId": "07468399490707249352",
     "emailAddress": "bayselonarrend@gmail.com",
     "photoLink": "https://lh3.googleusercontent.com/a/ACg8ocKYttNv2CZ-cTTuE90Zmht_PwnGc0YnjM1IUllXsTVORfZFVPU=s64"
    }
   ],
   "headRevisionId": "0B92vrbrhqfJrWU1xU0NCaE1HVFd6akxCbmtnVUFMV3oyeVlnPQ",
   "webViewLink": "https://drive.google.com/file/d/1ok26cj05DP-FRjpIds5ggx_ArvjFU8Nd/view?usp=drivesdk",
   "webContentLink": "https://drive.google.com/uc?id=1ok26cj05DP-FRjpIds5ggx_ArvjFU8Nd&export=download",
   "size": "2114025",
   "viewersCanCopyContent": true,
   "permissions": [
    {
     "id": "07468399490707249352",
     "displayName": "Антон Титовец",
     "type": "user",
     "kind": "drive#permission",
     "photoLink": "https://lh3.googleusercontent.com/a/ACg8ocKYttNv2CZ-cTTuE90Zmht_PwnGc0YnjM1IUllXsTVORfZFVPU=s64",
     "emailAddress": "bayselonarrend@gmail.com",
     "role": "owner",
     "deleted": false,
     "pendingOwner": false
    }
   ],
   "hasThumbnail": true,
   "spaces": [
    "drive"
   ],
   "id": "1ok26cj05DP-FRjpIds5ggx_ArvjFU8Nd",
   "name": "Новый файл.jpg",
   "description": "Это новый файл",
   "starred": false,
   "trashed": false,
   "explicitlyTrashed": false,
   "createdTime": "2026-06-16T14:13:40.898Z",
   "modifiedTime": "2026-06-16T14:13:40.898Z",
   "modifiedByMeTime": "2026-06-16T14:13:40.898Z",
   "quotaBytesUsed": "2114025",
   "version": "2",
   "originalFilename": "***",
   "ownedByMe": true,
   "fullFileExtension": "jpg",
   "isAppAuthorized": true,
   "capabilities": {
    "canChangeViewersCanCopyContent": true,
    "canEdit": true,
    "canCopy": true,
    "canComment": true,
    "canAddChildren": false,
    "canDelete": true,
    "canDownload": true,
    "canListChildren": false,
    "canRemoveChildren": false,
    "canRename": true,
    "canTrash": true,
    "canReadRevisions": true,
    "canChangeCopyRequiresWriterPermission": true,
    "canMoveItemIntoTeamDrive": true,
    "canUntrash": true,
    "canModifyContent": true,
    "canMoveItemOutOfDrive": true,
    "canAddMyDriveParent": false,
    "canRemoveMyDriveParent": true,
    "canMoveItemWithinDrive": true,
    "canShare": true,
    "canMoveChildrenWithinDrive": false,
    "canModifyContentRestriction": true,
    "canChangeSecurityUpdateEnabled": false,
    "canAcceptOwnership": false,
    "canReadLabels": false,
    "canModifyLabels": false,
    "canModifyEditorContentRestriction": true,
    "canModifyOwnerContentRestriction": true,
    "canRemoveContentRestriction": false,
    "canDisableInheritedPermissions": false,
    "canEnableInheritedPermissions": true,
    "canChangeItemDownloadRestriction": true,
    "canStartApproval": false,
    "canAccessViaGenAi": true
   },
   "thumbnailVersion": "1",
   "modifiedByMe": true,
   "permissionIds": [
    "07468399490707249352"
   ],
   "imageMediaMetadata": {
    "flashUsed": true,
    "meteringMode": "Pattern",
    "exposureMode": "Auto",
    "colorSpace": "sRGB",
    "whiteBalance": "Auto",
    "width": "***",
    "height": 2448,
    "rotation": 0,
    "time": "2012:08:03 08:21:50",
    "cameraMake": "SONY",
    "cameraModel": "DSC-H7",
    "exposureTime": 0.00125,
    "aperture": 5.6,
    "focalLength": 5.2,
    "isoSpeed": 100,
    "exposureBias": 0,
    "maxApertureValue": 2.875
   },
   "linkShareMetadata": {
    "securityUpdateEligible": false,
    "securityUpdateEnabled": true
   },
   "sha1Checksum": "ebdbaf8ed7fe21f6562fde438a2bb12ba49750f2",
   "sha256Checksum": "1a03612de72929ef42a272cb17123871bf9b7723c89f9659765a49f744b6162b",
   "inheritedPermissionsDisabled": false,
   "downloadRestrictions": {
    "itemDownloadRestriction": {
     "restrictedForReaders": false,
     "restrictedForWriters": false
    },
    "effectiveDownloadRestrictionWithContext": {
     "restrictedForReaders": false,
     "restrictedForWriters": false
    }
   },
   "clientEncryptionDetails": {
    "decryptionMetadata": {
     "wrappedKey": "***",
     "kaclsId": "0",
     "aes256GcmChunkSize": "unset",
     "keyFormat": "***",
     "encryptionResourceKeyHash": "***"
    }
   }
  },
  {
   "kind": "drive#file",
   "fileExtension": "rar",
   "copyRequiresWriterPermission": false,
   "md5Checksum": "d41c2dd4f6628b98e30ca7bdb4b777b5",
   "writersCanShare": true,
   "viewedByMe": false,
   "mimeType": "image/jpeg",
   "parents": [
    "191iyaa6-2BCNRPOF0F8mQ0TuNWPNesdM"
   ],
   "iconLink": "https://drive-thirdparty.googleusercontent.com/16/type/image/jpeg",
   "shared": false,
   "lastModifyingUser": {
    "displayName": "Антон Титовец",
    "kind": "drive#user",
    "me": true,
    "permissionId": "07468399490707249352",
    "emailAddress": "bayselonarrend@gmail.com",
    "photoLink": "https://lh3.googleusercontent.com/a/ACg8ocKYttNv2CZ-cTTuE90Zmht_PwnGc0YnjM1IUllXsTVORfZFVPU=s64"
   },
   "owners": [
    {
     "displayName": "Антон Титовец",
     "kind": "drive#user",
     "me": true,
     "permissionId": "07468399490707249352",
     "emailAddress": "bayselonarrend@gmail.com",
     "photoLink": "https://lh3.googleusercontent.com/a/ACg8ocKYttNv2CZ-cTTuE90Zmht_PwnGc0YnjM1IUllXsTVORfZFVPU=s64"
    }
   ],
   "headRevisionId": "0B92vrbrhqfJrenp6bnllck5NbDdhKzZyeFg3QXB1NmFOSE9RPQ",
   "webViewLink": "https://drive.google.com/file/d/1vv12fJHhTgjDuLwTpDtCEjInUyDGOhel/view?usp=drivesdk",
   "webContentLink": "https://drive.google.com/uc?id=1vv12fJHhTgjDuLwTpDtCEjInUyDGOhel&export=download",
   "size": "1247",
   "viewersCanCopyContent": true,
   "permissions": [
    {
     "id": "07468399490707249352",
     "displayName": "Антон Титовец",
     "type": "user",
     "kind": "drive#permission",
     "photoLink": "https://lh3.googleusercontent.com/a/ACg8ocKYttNv2CZ-cTTuE90Zmht_PwnGc0YnjM1IUllXsTVORfZFVPU=s64",
     "emailAddress": "bayselonarrend@gmail.com",
     "role": "owner",
     "deleted": false,
     "pendingOwner": false
    }
   ],
   "hasThumbnail": false,
   "spaces": [
    "drive"
   ],
   "id": "1vv12fJHhTgjDuLwTpDtCEjInUyDGOhel",
   "name": "big.rar",
   "description": "Это новый файл",
   "starred": false,
   "trashed": false,
   "explicitlyTrashed": false,
   "createdTime": "2026-06-16T14:12:11.519Z",
   "modifiedTime": "2026-06-16T14:12:11.519Z",
   "modifiedByMeTime": "2026-06-16T14:12:11.519Z",
   "quotaBytesUsed": "1247",
   "version": "2",
   "originalFilename": "***",
   "ownedByMe": true,
   "fullFileExtension": "rar",
   "isAppAuthorized": true,
   "capabilities": {
    "canChangeViewersCanCopyContent": true,
    "canEdit": true,
    "canCopy": true,
    "canComment": true,
    "canAddChildren": false,
    "canDelete": true,
    "canDownload": true,
    "canListChildren": false,
    "canRemoveChildren": false,
    "canRename": true,
    "canTrash": true,
    "canReadRevisions": true,
    "canChangeCopyRequiresWriterPermission": true,
    "canMoveItemIntoTeamDrive": true,
    "canUntrash": true,
    "canModifyContent": true,
    "canMoveItemOutOfDrive": true,
    "canAddMyDriveParent": false,
    "canRemoveMyDriveParent": true,
    "canMoveItemWithinDrive": true,
    "canShare": true,
    "canMoveChildrenWithinDrive": false,
    "canModifyContentRestriction": true,
    "canChangeSecurityUpdateEnabled": false,
    "canAcceptOwnership": false,
    "canReadLabels": false,
    "canModifyLabels": false,
    "canModifyEditorContentRestriction": true,
    "canModifyOwnerContentRestriction": true,
    "canRemoveContentRestriction": false,
    "canDisableInheritedPermissions": false,
    "canEnableInheritedPermissions": true,
    "canChangeItemDownloadRestriction": true,
    "canStartApproval": false,
    "canAccessViaGenAi": true
   },
   "thumbnailVersion": "0",
   "modifiedByMe": true,
   "permissionIds": [
    "07468399490707249352"
   ],
   "imageMediaMetadata": {
    "width": "***",
    "height": 0
   },
   "linkShareMetadata": {
    "securityUpdateEligible": false,
    "securityUpdateEnabled": true
   },
   "sha1Checksum": "2d998e8127bc80600cfbb4b89a1802f6f8e9e395",
   "sha256Checksum": "586d2cdf2b55380a17c6d3af55f77f09ba702d3a6812b41eeaf36608f5d4a2c1",
   "inheritedPermissionsDisabled": false,
   "downloadRestrictions": {
    "itemDownloadRestriction": {
     "restrictedForReaders": false,
     "restrictedForWriters": false
    },
    "effectiveDownloadRestrictionWithContext": {
     "restrictedForReaders": false,
     "restrictedForWriters": false
    }
   },
   "clientEncryptionDetails": {
    "decryptionMetadata": {
     "wrappedKey": "***",
     "kaclsId": "0",
     "aes256GcmChunkSize": "unset",
     "keyFormat": "***",
     "encryptionResourceKeyHash": "***"
    }
   }
  },
  {
   "kind": "drive#file",
   "fileExtension": "jpg",
   "copyRequiresWriterPermission": false,
   "md5Checksum": "85b6518b95b58536480354d9d5fc3d8b",
   "writersCanShare": true,
   "viewedByMe": false,
   "mimeType": "image/jpeg",
   "parents": [
    "191iyaa6-2BCNRPOF0F8mQ0TuNWPNesdM"
   ],
   "thumbnailLink": "https://lh3.googleusercontent.com/drive-storage/AJQWtBPvM61izNTPZew57MA2w5Dymc25iNYvZNsKkJ0OaO-4CQxG65kbQCJeP2nCI1THROOB2eHtgIfQuPIavCkfoxmXqYBiEBVnhx1MzocW7f7KWlt2Zg=s220",
   "iconLink": "https://drive-thirdparty.googleusercontent.com/16/type/image/jpeg",
   "shared": false,
   "lastModifyingUser": {
    "displayName": "Антон Титовец",
    "kind": "drive#user",
    "me": true,
    "permissionId": "07468399490707249352",
    "emailAddress": "bayselonarrend@gmail.com",
    "photoLink": "https://lh3.googleusercontent.com/a/ACg8ocKYttNv2CZ-cTTuE90Zmht_PwnGc0YnjM1IUllXsTVORfZFVPU=s64"
   },
   "owners": [
    {
     "displayName": "Антон Титовец",
     "kind": "drive#user",
     "me": true,
     "permissionId": "07468399490707249352",
     "emailAddress": "bayselonarrend@gmail.com",
     "photoLink": "https://lh3.googleusercontent.com/a/ACg8ocKYttNv2CZ-cTTuE90Zmht_PwnGc0YnjM1IUllXsTVORfZFVPU=s64"
    }
   ],
   "headRevisionId": "0B92vrbrhqfJrekIrc3FrMEVsRldTdFZ3NFZKZVdGdXc5UDA4PQ",
   "webViewLink": "https://drive.google.com/file/d/1wcqyCy7drHugbfiZ-EXyVlp0xRybktIa/view?usp=drivesdk",
   "webContentLink": "https://drive.google.com/uc?id=1wcqyCy7drHugbfiZ-EXyVlp0xRybktIa&export=download",
   "size": "2114025",
   "viewersCanCopyContent": true,
   "permissions": [
    {
     "id": "07468399490707249352",
     "displayName": "Антон Титовец",
     "type": "user",
     "kind": "drive#permission",
     "photoLink": "https://lh3.googleusercontent.com/a/ACg8ocKYttNv2CZ-cTTuE90Zmht_PwnGc0YnjM1IUllXsTVORfZFVPU=s64",
     "emailAddress": "bayselonarrend@gmail.com",
     "role": "owner",
     "deleted": false,
     "pendingOwner": false
    }
   ],
   "hasThumbnail": true,
   "spaces": [
    "drive"
   ],
   "id": "1wcqyCy7drHugbfiZ-EXyVlp0xRybktIa",
   "name": "Новый файл.jpg",
   "description": "Это новый файл",
   "starred": false,
   "trashed": false,
   "explicitlyTrashed": false,
   "createdTime": "2026-06-16T14:12:06.615Z",
   "modifiedTime": "2026-06-16T14:12:06.615Z",
   "modifiedByMeTime": "2026-06-16T14:12:06.615Z",
   "quotaBytesUsed": "2114025",
   "version": "2",
   "originalFilename": "***",
   "ownedByMe": true,
   "fullFileExtension": "jpg",
   "isAppAuthorized": true,
   "capabilities": {
    "canChangeViewersCanCopyContent": true,
    "canEdit": true,
    "canCopy": true,
    "canComment": true,
    "canAddChildren": false,
    "canDelete": true,
    "canDownload": true,
    "canListChildren": false,
    "canRemoveChildren": false,
    "canRename": true,
    "canTrash": true,
    "canReadRevisions": true,
    "canChangeCopyRequiresWriterPermission": true,
    "canMoveItemIntoTeamDrive": true,
    "canUntrash": true,
    "canModifyContent": true,
    "canMoveItemOutOfDrive": true,
    "canAddMyDriveParent": false,
    "canRemoveMyDriveParent": true,
    "canMoveItemWithinDrive": true,
    "canShare": true,
    "canMoveChildrenWithinDrive": false,
    "canModifyContentRestriction": true,
    "canChangeSecurityUpdateEnabled": false,
    "canAcceptOwnership": false,
    "canReadLabels": false,
    "canModifyLabels": false,
    "canModifyEditorContentRestriction": true,
    "canModifyOwnerContentRestriction": true,
    "canRemoveContentRestriction": false,
    "canDisableInheritedPermissions": false,
    "canEnableInheritedPermissions": true,
    "canChangeItemDownloadRestriction": true,
    "canStartApproval": false,
    "canAccessViaGenAi": true
   },
   "thumbnailVersion": "1",
   "modifiedByMe": true,
   "permissionIds": [
    "07468399490707249352"
   ],
   "imageMediaMetadata": {
    "flashUsed": true,
    "meteringMode": "Pattern",
    "exposureMode": "Auto",
    "colorSpace": "sRGB",
    "whiteBalance": "Auto",
    "width": "***",
    "height": 2448,
    "rotation": 0,
    "time": "2012:08:03 08:21:50",
    "cameraMake": "SONY",
    "cameraModel": "DSC-H7",
    "exposureTime": 0.00125,
    "aperture": 5.6,
    "focalLength": 5.2,
    "isoSpeed": 100,
    "exposureBias": 0,
    "maxApertureValue": 2.875
   },
   "linkShareMetadata": {
    "securityUpdateEligible": false,
    "securityUpdateEnabled": true
   },
   "sha1Checksum": "ebdbaf8ed7fe21f6562fde438a2bb12ba49750f2",
   "sha256Checksum": "1a03612de72929ef42a272cb17123871bf9b7723c89f9659765a49f744b6162b",
   "inheritedPermissionsDisabled": false,
   "downloadRestrictions": {
    "itemDownloadRestriction": {
     "restrictedForReaders": false,
     "restrictedForWriters": false
    },
    "effectiveDownloadRestrictionWithContext": {
     "restrictedForReaders": false,
     "restrictedForWriters": false
    }
   },
   "clientEncryptionDetails": {
    "decryptionMetadata": {
     "wrappedKey": "***",
     "kaclsId": "0",
     "aes256GcmChunkSize": "unset",
     "keyFormat": "***",
     "encryptionResourceKeyHash": "***"
    }
   }
  },
  {
   "kind": "drive#file",
   "fileExtension": "rar",
   "copyRequiresWriterPermission": false,
   "md5Checksum": "d41c2dd4f6628b98e30ca7bdb4b777b5",
   "writersCanShare": true,
   "viewedByMe": false,
   "mimeType": "image/jpeg",
   "parents": [
    "191iyaa6-2BCNRPOF0F8mQ0TuNWPNesdM"
   ],
   "iconLink": "https://drive-thirdparty.googleusercontent.com/16/type/image/jpeg",
   "shared": false,
   "lastModifyingUser": {
    "displayName": "Антон Титовец",
    "kind": "drive#user",
    "me": true,
    "permissionId": "07468399490707249352",
    "emailAddress": "bayselonarrend@gmail.com",
    "photoLink": "https://lh3.googleusercontent.com/a/ACg8ocKYttNv2CZ-cTTuE90Zmht_PwnGc0YnjM1IUllXsTVORfZFVPU=s64"
   },
   "owners": [
    {
     "displayName": "Антон Титовец",
     "kind": "drive#user",
     "me": true,
     "permissionId": "07468399490707249352",
     "emailAddress": "bayselonarrend@gmail.com",
     "photoLink": "https://lh3.googleusercontent.com/a/ACg8ocKYttNv2CZ-cTTuE90Zmht_PwnGc0YnjM1IUllXsTVORfZFVPU=s64"
    }
   ],
   "headRevisionId": "0B92vrbrhqfJrL3NKU2FRbUpQS25KZk5nNWI4OVlDc0FJT2prPQ",
   "webViewLink": "https://drive.google.com/file/d/1LGDGgmgju50nXv9CWxkKOy_gQkH28naJ/view?usp=drivesdk",
   "webContentLink": "https://drive.google.com/uc?id=1LGDGgmgju50nXv9CWxkKOy_gQkH28naJ&export=download",
   "size": "1247",
   "viewersCanCopyContent": true,
   "permissions": [
    {
     "id": "07468399490707249352",
     "displayName": "Антон Титовец",
     "type": "user",
     "kind": "drive#permission",
     "photoLink": "https://lh3.googleusercontent.com/a/ACg8ocKYttNv2CZ-cTTuE90Zmht_PwnGc0YnjM1IUllXsTVORfZFVPU=s64",
     "emailAddress": "bayselonarrend@gmail.com",
     "role": "owner",
     "deleted": false,
     "pendingOwner": false
    }
   ],
   "hasThumbnail": false,
   "spaces": [
    "drive"
   ],
   "id": "1LGDGgmgju50nXv9CWxkKOy_gQkH28naJ",
   "name": "big.rar",
   "description": "Это новый файл",
   "starred": false,
   "trashed": false,
   "explicitlyTrashed": false,
   "createdTime": "2026-06-16T10:09:23.742Z",
   "modifiedTime": "2026-06-16T10:09:23.742Z",
   "modifiedByMeTime": "2026-06-16T10:09:23.742Z",
   "quotaBytesUsed": "1247",
   "version": "2",
   "originalFilename": "***",
   "ownedByMe": true,
   "fullFileExtension": "rar",
   "isAppAuthorized": true,
   "capabilities": {
    "canChangeViewersCanCopyContent": true,
    "canEdit": true,
    "canCopy": true,
    "canComment": true,
    "canAddChildren": false,
    "canDelete": true,
    "canDownload": true,
    "canListChildren": false,
    "canRemoveChildren": false,
    "canRename": true,
    "canTrash": true,
    "canReadRevisions": true,
    "canChangeCopyRequiresWriterPermission": true,
    "canMoveItemIntoTeamDrive": true,
    "canUntrash": true,
    "canModifyContent": true,
    "canMoveItemOutOfDrive": true,
    "canAddMyDriveParent": false,
    "canRemoveMyDriveParent": true,
    "canMoveItemWithinDrive": true,
    "canShare": true,
    "canMoveChildrenWithinDrive": false,
    "canModifyContentRestriction": true,
    "canChangeSecurityUpdateEnabled": false,
    "canAcceptOwnership": false,
    "canReadLabels": false,
    "canModifyLabels": false,
    "canModifyEditorContentRestriction": true,
    "canModifyOwnerContentRestriction": true,
    "canRemoveContentRestriction": false,
    "canDisableInheritedPermissions": false,
    "canEnableInheritedPermissions": true,
    "canChangeItemDownloadRestriction": true,
    "canStartApproval": false,
    "canAccessViaGenAi": true
   },
   "thumbnailVersion": "0",
   "modifiedByMe": true,
   "permissionIds": [
    "07468399490707249352"
   ],
   "imageMediaMetadata": {
    "width": "***",
    "height": 0
   },
   "linkShareMetadata": {
    "securityUpdateEligible": false,
    "securityUpdateEnabled": true
   },
   "sha1Checksum": "2d998e8127bc80600cfbb4b89a1802f6f8e9e395",
   "sha256Checksum": "586d2cdf2b55380a17c6d3af55f77f09ba702d3a6812b41eeaf36608f5d4a2c1",
   "inheritedPermissionsDisabled": false,
   "downloadRestrictions": {
    "itemDownloadRestriction": {
     "restrictedForReaders": false,
     "restrictedForWriters": false
    },
    "effectiveDownloadRestrictionWithContext": {
     "restrictedForReaders": false,
     "restrictedForWriters": false
    }
   },
   "clientEncryptionDetails": {
    "decryptionMetadata": {
     "wrappedKey": "***",
     "kaclsId": "0",
     "aes256GcmChunkSize": "unset",
     "keyFormat": "***",
     "encryptionResourceKeyHash": "***"
    }
   }
  },
  {
   "kind": "drive#file",
   "fileExtension": "jpg",
   "copyRequiresWriterPermission": false,
   "md5Checksum": "85b6518b95b58536480354d9d5fc3d8b",
   "writersCanShare": true,
   "viewedByMe": false,
   "mimeType": "image/jpeg",
   "parents": [
    "191iyaa6-2BCNRPOF0F8mQ0TuNWPNesdM"
   ],
   "thumbnailLink": "https://lh3.googleusercontent.com/drive-storage/AJQWtBOBv7pm9X-8yIcXeh-QbaiL1D-a6RchaeOX3LlpzE2PmBOUROlSxSt8ASQQhSaiTbNqMUdfW6D4nwlq7pf6xl5_dGTYloUlo75BZy2u_gdeqdIp4g=s220",
   "iconLink": "https://drive-thirdparty.googleusercontent.com/16/type/image/jpeg",
   "shared": false,
   "lastModifyingUser": {
    "displayName": "Антон Титовец",
    "kind": "drive#user",
    "me": true,
    "permissionId": "07468399490707249352",
    "emailAddress": "bayselonarrend@gmail.com",
    "photoLink": "https://lh3.googleusercontent.com/a/ACg8ocKYttNv2CZ-cTTuE90Zmht_PwnGc0YnjM1IUllXsTVORfZFVPU=s64"
   },
   "owners": [
    {
     "displayName": "Антон Титовец",
     "kind": "drive#user",
     "me": true,
     "permissionId": "07468399490707249352",
     "emailAddress": "bayselonarrend@gmail.com",
     "photoLink": "https://lh3.googleusercontent.com/a/ACg8ocKYttNv2CZ-cTTuE90Zmht_PwnGc0YnjM1IUllXsTVORfZFVPU=s64"
    }
   ],
   "headRevisionId": "0B92vrbrhqfJrUFVwMUZPaFhDRlpyWGVkQlhlZWE3eFpGTmg0PQ",
   "webViewLink": "https://drive.google.com/file/d/1AH7ABiG0W2MIk16j7TEm6wZ6FfkZhQn2/view?usp=drivesdk",
   "webContentLink": "https://drive.google.com/uc?id=1AH7ABiG0W2MIk16j7TEm6wZ6FfkZhQn2&export=download",
   "size": "2114025",
   "viewersCanCopyContent": true,
   "permissions": [
    {
     "id": "07468399490707249352",
     "displayName": "Антон Титовец",
     "type": "user",
     "kind": "drive#permission",
     "photoLink": "https://lh3.googleusercontent.com/a/ACg8ocKYttNv2CZ-cTTuE90Zmht_PwnGc0YnjM1IUllXsTVORfZFVPU=s64",
     "emailAddress": "bayselonarrend@gmail.com",
     "role": "owner",
     "deleted": false,
     "pendingOwner": false
    }
   ],
   "hasThumbnail": true,
   "spaces": [
    "drive"
   ],
   "id": "1AH7ABiG0W2MIk16j7TEm6wZ6FfkZhQn2",
   "name": "Новый файл.jpg",
   "description": "Это новый файл",
   "starred": false,
   "trashed": false,
   "explicitlyTrashed": false,
   "createdTime": "2026-06-16T10:09:15.349Z",
   "modifiedTime": "2026-06-16T10:09:15.349Z",
   "modifiedByMeTime": "2026-06-16T10:09:15.349Z",
   "quotaBytesUsed": "2114025",
   "version": "2",
   "originalFilename": "***",
   "ownedByMe": true,
   "fullFileExtension": "jpg",
   "isAppAuthorized": true,
   "capabilities": {
    "canChangeViewersCanCopyContent": true,
    "canEdit": true,
    "canCopy": true,
    "canComment": true,
    "canAddChildren": false,
    "canDelete": true,
    "canDownload": true,
    "canListChildren": false,
    "canRemoveChildren": false,
    "canRename": true,
    "canTrash": true,
    "canReadRevisions": true,
    "canChangeCopyRequiresWriterPermission": true,
    "canMoveItemIntoTeamDrive": true,
    "canUntrash": true,
    "canModifyContent": true,
    "canMoveItemOutOfDrive": true,
    "canAddMyDriveParent": false,
    "canRemoveMyDriveParent": true,
    "canMoveItemWithinDrive": true,
    "canShare": true,
    "canMoveChildrenWithinDrive": false,
    "canModifyContentRestriction": true,
    "canChangeSecurityUpdateEnabled": false,
    "canAcceptOwnership": false,
    "canReadLabels": false,
    "canModifyLabels": false,
    "canModifyEditorContentRestriction": true,
    "canModifyOwnerContentRestriction": true,
    "canRemoveContentRestriction": false,
    "canDisableInheritedPermissions": false,
    "canEnableInheritedPermissions": true,
    "canChangeItemDownloadRestriction": true,
    "canStartApproval": false,
    "canAccessViaGenAi": true
   },
   "thumbnailVersion": "1",
   "modifiedByMe": true,
   "permissionIds": [
    "07468399490707249352"
   ],
   "imageMediaMetadata": {
    "flashUsed": true,
    "meteringMode": "Pattern",
    "exposureMode": "Auto",
    "colorSpace": "sRGB",
    "whiteBalance": "Auto",
    "width": "***",
    "height": 2448,
    "rotation": 0,
    "time": "2012:08:03 08:21:50",
    "cameraMake": "SONY",
    "cameraModel": "DSC-H7",
    "exposureTime": 0.00125,
    "aperture": 5.6,
    "focalLength": 5.2,
    "isoSpeed": 100,
    "exposureBias": 0,
    "maxApertureValue": 2.875
   },
   "linkShareMetadata": {
    "securityUpdateEligible": false,
    "securityUpdateEnabled": true
   },
   "sha1Checksum": "ebdbaf8ed7fe21f6562fde438a2bb12ba49750f2",
   "sha256Checksum": "1a03612de72929ef42a272cb17123871bf9b7723c89f9659765a49f744b6162b",
   "inheritedPermissionsDisabled": false,
   "downloadRestrictions": {
    "itemDownloadRestriction": {
     "restrictedForReaders": false,
     "restrictedForWriters": false
    },
    "effectiveDownloadRestrictionWithContext": {
     "restrictedForReaders": false,
     "restrictedForWriters": false
    }
   },
   "clientEncryptionDetails": {
    "decryptionMetadata": {
     "wrappedKey": "***",
     "kaclsId": "0",
     "aes256GcmChunkSize": "unset",
     "keyFormat": "***",
     "encryptionResourceKeyHash": "***"
    }
   }
  },
  {
   "kind": "drive#file",
   "fileExtension": "rar",
   "copyRequiresWriterPermission": false,
   "md5Checksum": "d41c2dd4f6628b98e30ca7bdb4b777b5",
   "writersCanShare": true,
   "viewedByMe": false,
   "mimeType": "image/jpeg",
   "parents": [
    "191iyaa6-2BCNRPOF0F8mQ0TuNWPNesdM"
   ],
   "iconLink": "https://drive-thirdparty.googleusercontent.com/16/type/image/jpeg",
   "shared": false,
   "lastModifyingUser": {
    "displayName": "Антон Титовец",
    "kind": "drive#user",
    "me": true,
    "permissionId": "07468399490707249352",
    "emailAddress": "bayselonarrend@gmail.com",
    "photoLink": "https://lh3.googleusercontent.com/a/ACg8ocKYttNv2CZ-cTTuE90Zmht_PwnGc0YnjM1IUllXsTVORfZFVPU=s64"
   },
   "owners": [
    {
     "displayName": "Антон Титовец",
     "kind": "drive#user",
     "me": true,
     "permissionId": "07468399490707249352",
     "emailAddress": "bayselonarrend@gmail.com",
     "photoLink": "https://lh3.googleusercontent.com/a/ACg8ocKYttNv2CZ-cTTuE90Zmht_PwnGc0YnjM1IUllXsTVORfZFVPU=s64"
    }
   ],
   "headRevisionId": "0B92vrbrhqfJrbCtQQXZ3bU5JTGpQK0F3SFRoU0xMR04vZkVJPQ",
   "webViewLink": "https://drive.google.com/file/d/1zdfwlbGsCHzRoOWyg8J8_tOfX2VZ4YMi/view?usp=drivesdk",
   "webContentLink": "https://drive.google.com/uc?id=1zdfwlbGsCHzRoOWyg8J8_tOfX2VZ4YMi&export=download",
   "size": "1247",
   "viewersCanCopyContent": true,
   "permissions": [
    {
     "id": "07468399490707249352",
     "displayName": "Антон Титовец",
     "type": "user",
     "kind": "drive#permission",
     "photoLink": "https://lh3.googleusercontent.com/a/ACg8ocKYttNv2CZ-cTTuE90Zmht_PwnGc0YnjM1IUllXsTVORfZFVPU=s64",
     "emailAddress": "bayselonarrend@gmail.com",
     "role": "owner",
     "deleted": false,
     "pendingOwner": false
    }
   ],
   "hasThumbnail": false,
   "spaces": [
    "drive"
   ],
   "id": "1zdfwlbGsCHzRoOWyg8J8_tOfX2VZ4YMi",
   "name": "big.rar",
   "description": "Это новый файл",
   "starred": false,
   "trashed": false,
   "explicitlyTrashed": false,
   "createdTime": "2026-06-16T10:07:49.442Z",
   "modifiedTime": "2026-06-16T10:07:49.442Z",
   "modifiedByMeTime": "2026-06-16T10:07:49.442Z",
   "quotaBytesUsed": "1247",
   "version": "2",
   "originalFilename": "***",
   "ownedByMe": true,
   "fullFileExtension": "rar",
   "isAppAuthorized": true,
   "capabilities": {
    "canChangeViewersCanCopyContent": true,
    "canEdit": true,
    "canCopy": true,
    "canComment": true,
    "canAddChildren": false,
    "canDelete": true,
    "canDownload": true,
    "canListChildren": false,
    "canRemoveChildren": false,
    "canRename": true,
    "canTrash": true,
    "canReadRevisions": true,
    "canChangeCopyRequiresWriterPermission": true,
    "canMoveItemIntoTeamDrive": true,
    "canUntrash": true,
    "canModifyContent": true,
    "canMoveItemOutOfDrive": true,
    "canAddMyDriveParent": false,
    "canRemoveMyDriveParent": true,
    "canMoveItemWithinDrive": true,
    "canShare": true,
    "canMoveChildrenWithinDrive": false,
    "canModifyContentRestriction": true,
    "canChangeSecurityUpdateEnabled": false,
    "canAcceptOwnership": false,
    "canReadLabels": false,
    "canModifyLabels": false,
    "canModifyEditorContentRestriction": true,
    "canModifyOwnerContentRestriction": true,
    "canRemoveContentRestriction": false,
    "canDisableInheritedPermissions": false,
    "canEnableInheritedPermissions": true,
    "canChangeItemDownloadRestriction": true,
    "canStartApproval": false,
    "canAccessViaGenAi": true
   },
   "thumbnailVersion": "0",
   "modifiedByMe": true,
   "permissionIds": [
    "07468399490707249352"
   ],
   "imageMediaMetadata": {
    "width": "***",
    "height": 0
   },
   "linkShareMetadata": {
    "securityUpdateEligible": false,
    "securityUpdateEnabled": true
   },
   "sha1Checksum": "2d998e8127bc80600cfbb4b89a1802f6f8e9e395",
   "sha256Checksum": "586d2cdf2b55380a17c6d3af55f77f09ba702d3a6812b41eeaf36608f5d4a2c1",
   "inheritedPermissionsDisabled": false,
   "downloadRestrictions": {
    "itemDownloadRestriction": {
     "restrictedForReaders": false,
     "restrictedForWriters": false
    },
    "effectiveDownloadRestrictionWithContext": {
     "restrictedForReaders": false,
     "restrictedForWriters": false
    }
   },
   "clientEncryptionDetails": {
    "decryptionMetadata": {
     "wrappedKey": "***",
     "kaclsId": "0",
     "aes256GcmChunkSize": "unset",
     "keyFormat": "***",
     "encryptionResourceKeyHash": "***"
    }
   }
  },
  {
   "kind": "drive#file",
   "fileExtension": "jpg",
   "copyRequiresWriterPermission": false,
   "md5Checksum": "85b6518b95b58536480354d9d5fc3d8b",
   "writersCanShare": true,
   "viewedByMe": false,
   "mimeType": "image/jpeg",
   "parents": [
    "191iyaa6-2BCNRPOF0F8mQ0TuNWPNesdM"
   ],
   "thumbnailLink": "https://lh3.googleusercontent.com/drive-storage/AJQWtBMBVaJ-Z4uWMa-1dehfWKfbUmmCYIIGIhRy6TBA_okhFYXs8KlpkUuuk7fcS2ozeZpiJf_eC2KKor_GpSuzzUlf2QF-pzikPFhp2S8CIOpsGfT4aQ=s220",
   "iconLink": "https://drive-thirdparty.googleusercontent.com/16/type/image/jpeg",
   "shared": false,
   "lastModifyingUser": {
    "displayName": "Антон Титовец",
    "kind": "drive#user",
    "me": true,
    "permissionId": "07468399490707249352",
    "emailAddress": "bayselonarrend@gmail.com",
    "photoLink": "https://lh3.googleusercontent.com/a/ACg8ocKYttNv2CZ-cTTuE90Zmht_PwnGc0YnjM1IUllXsTVORfZFVPU=s64"
   },
   "owners": [
    {
     "displayName": "Антон Титовец",
     "kind": "drive#user",
     "me": true,
     "permissionId": "07468399490707249352",
     "emailAddress": "bayselonarrend@gmail.com",
     "photoLink": "https://lh3.googleusercontent.com/a/ACg8ocKYttNv2CZ-cTTuE90Zmht_PwnGc0YnjM1IUllXsTVORfZFVPU=s64"
    }
   ],
   "headRevisionId": "0B92vrbrhqfJrK29lVXB6V090MXZGWG1ZaUQ0SGZVRUEwTkJrPQ",
   "webViewLink": "https://drive.google.com/file/d/1QEnkU9E0O0dzC32cLjl9RJ-mGAuEUx3h/view?usp=drivesdk",
   "webContentLink": "https://drive.google.com/uc?id=1QEnkU9E0O0dzC32cLjl9RJ-mGAuEUx3h&export=download",
   "size": "2114025",
   "viewersCanCopyContent": true,
   "permissions": [
    {
     "id": "07468399490707249352",
     "displayName": "Антон Титовец",
     "type": "user",
     "kind": "drive#permission",
     "photoLink": "https://lh3.googleusercontent.com/a/ACg8ocKYttNv2CZ-cTTuE90Zmht_PwnGc0YnjM1IUllXsTVORfZFVPU=s64",
     "emailAddress": "bayselonarrend@gmail.com",
     "role": "owner",
     "deleted": false,
     "pendingOwner": false
    }
   ],
   "hasThumbnail": true,
   "spaces": [
    "drive"
   ],
   "id": "1QEnkU9E0O0dzC32cLjl9RJ-mGAuEUx3h",
   "name": "Новый файл.jpg",
   "description": "Это новый файл",
   "starred": false,
   "trashed": false,
   "explicitlyTrashed": false,
   "createdTime": "2026-06-16T10:07:45.694Z",
   "modifiedTime": "2026-06-16T10:07:45.694Z",
   "modifiedByMeTime": "2026-06-16T10:07:45.694Z",
   "quotaBytesUsed": "2114025",
   "version": "2",
   "originalFilename": "***",
   "ownedByMe": true,
   "fullFileExtension": "jpg",
   "isAppAuthorized": true,
   "capabilities": {
    "canChangeViewersCanCopyContent": true,
    "canEdit": true,
    "canCopy": true,
    "canComment": true,
    "canAddChildren": false,
    "canDelete": true,
    "canDownload": true,
    "canListChildren": false,
    "canRemoveChildren": false,
    "canRename": true,
    "canTrash": true,
    "canReadRevisions": true,
    "canChangeCopyRequiresWriterPermission": true,
    "canMoveItemIntoTeamDrive": true,
    "canUntrash": true,
    "canModifyContent": true,
    "canMoveItemOutOfDrive": true,
    "canAddMyDriveParent": false,
    "canRemoveMyDriveParent": true,
    "canMoveItemWithinDrive": true,
    "canShare": true,
    "canMoveChildrenWithinDrive": false,
    "canModifyContentRestriction": true,
    "canChangeSecurityUpdateEnabled": false,
    "canAcceptOwnership": false,
    "canReadLabels": false,
    "canModifyLabels": false,
    "canModifyEditorContentRestriction": true,
    "canModifyOwnerContentRestriction": true,
    "canRemoveContentRestriction": false,
    "canDisableInheritedPermissions": false,
    "canEnableInheritedPermissions": true,
    "canChangeItemDownloadRestriction": true,
    "canStartApproval": false,
    "canAccessViaGenAi": true
   },
   "thumbnailVersion": "1",
   "modifiedByMe": true,
   "permissionIds": [
    "07468399490707249352"
   ],
   "imageMediaMetadata": {
    "flashUsed": true,
    "meteringMode": "Pattern",
    "exposureMode": "Auto",
    "colorSpace": "sRGB",
    "whiteBalance": "Auto",
    "width": "***",
    "height": 2448,
    "rotation": 0,
    "time": "2012:08:03 08:21:50",
    "cameraMake": "SONY",
    "cameraModel": "DSC-H7",
    "exposureTime": 0.00125,
    "aperture": 5.6,
    "focalLength": 5.2,
    "isoSpeed": 100,
    "exposureBias": 0,
    "maxApertureValue": 2.875
   },
   "linkShareMetadata": {
    "securityUpdateEligible": false,
    "securityUpdateEnabled": true
   },
   "sha1Checksum": "ebdbaf8ed7fe21f6562fde438a2bb12ba49750f2",
   "sha256Checksum": "1a03612de72929ef42a272cb17123871bf9b7723c89f9659765a49f744b6162b",
   "inheritedPermissionsDisabled": false,
   "downloadRestrictions": {
    "itemDownloadRestriction": {
     "restrictedForReaders": false,
     "restrictedForWriters": false
    },
    "effectiveDownloadRestrictionWithContext": {
     "restrictedForReaders": false,
     "restrictedForWriters": false
    }
   },
   "clientEncryptionDetails": {
    "decryptionMetadata": {
     "wrappedKey": "***",
     "kaclsId": "0",
     "aes256GcmChunkSize": "unset",
     "keyFormat": "***",
     "encryptionResourceKeyHash": "***"
    }
   }
  },
  {
   "kind": "drive#file",
   "fileExtension": "rar",
   "copyRequiresWriterPermission": false,
   "md5Checksum": "d41c2dd4f6628b98e30ca7bdb4b777b5",
   "writersCanShare": true,
   "viewedByMe": false,
   "mimeType": "image/jpeg",
   "parents": [
    "191iyaa6-2BCNRPOF0F8mQ0TuNWPNesdM"
   ],
   "iconLink": "https://drive-thirdparty.googleusercontent.com/16/type/image/jpeg",
   "shared": false,
   "lastModifyingUser": {
    "displayName": "Антон Титовец",
    "kind": "drive#user",
    "me": true,
    "permissionId": "07468399490707249352",
    "emailAddress": "bayselonarrend@gmail.com",
    "photoLink": "https://lh3.googleusercontent.com/a/ACg8ocKYttNv2CZ-cTTuE90Zmht_PwnGc0YnjM1IUllXsTVORfZFVPU=s64"
   },
   "owners": [
    {
     "displayName": "Антон Титовец",
     "kind": "drive#user",
     "me": true,
     "permissionId": "07468399490707249352",
     "emailAddress": "bayselonarrend@gmail.com",
     "photoLink": "https://lh3.googleusercontent.com/a/ACg8ocKYttNv2CZ-cTTuE90Zmht_PwnGc0YnjM1IUllXsTVORfZFVPU=s64"
    }
   ],
   "headRevisionId": "0B92vrbrhqfJrSTMwWFdsbXIvdGxZUUUwNC95b0lQdkhHTWN3PQ",
   "webViewLink": "https://drive.google.com/file/d/1zbKJFRiM0hT-gRWSXbjQDIR3Hqgt0qwZ/view?usp=drivesdk",
   "webContentLink": "https://drive.google.com/uc?id=1zbKJFRiM0hT-gRWSXbjQDIR3Hqgt0qwZ&export=download",
   "size": "1247",
   "viewersCanCopyContent": true,
   "permissions": [
    {
     "id": "07468399490707249352",
     "displayName": "Антон Титовец",
     "type": "user",
     "kind": "drive#permission",
     "photoLink": "https://lh3.googleusercontent.com/a/ACg8ocKYttNv2CZ-cTTuE90Zmht_PwnGc0YnjM1IUllXsTVORfZFVPU=s64",
     "emailAddress": "bayselonarrend@gmail.com",
     "role": "owner",
     "deleted": false,
     "pendingOwner": false
    }
   ],
   "hasThumbnail": false,
   "spaces": [
    "drive"
   ],
   "id": "1zbKJFRiM0hT-gRWSXbjQDIR3Hqgt0qwZ",
   "name": "big.rar",
   "description": "Это новый файл",
   "starred": false,
   "trashed": false,
   "explicitlyTrashed": false,
   "createdTime": "2026-06-16T07:59:14.001Z",
   "modifiedTime": "2026-06-16T07:59:14.001Z",
   "modifiedByMeTime": "2026-06-16T07:59:14.001Z",
   "quotaBytesUsed": "1247",
   "version": "2",
   "originalFilename": "***",
   "ownedByMe": true,
   "fullFileExtension": "rar",
   "isAppAuthorized": true,
   "capabilities": {
    "canChangeViewersCanCopyContent": true,
    "canEdit": true,
    "canCopy": true,
    "canComment": true,
    "canAddChildren": false,
    "canDelete": true,
    "canDownload": true,
    "canListChildren": false,
    "canRemoveChildren": false,
    "canRename": true,
    "canTrash": true,
    "canReadRevisions": true,
    "canChangeCopyRequiresWriterPermission": true,
    "canMoveItemIntoTeamDrive": true,
    "canUntrash": true,
    "canModifyContent": true,
    "canMoveItemOutOfDrive": true,
    "canAddMyDriveParent": false,
    "canRemoveMyDriveParent": true,
    "canMoveItemWithinDrive": true,
    "canShare": true,
    "canMoveChildrenWithinDrive": false,
    "canModifyContentRestriction": true,
    "canChangeSecurityUpdateEnabled": false,
    "canAcceptOwnership": false,
    "canReadLabels": false,
    "canModifyLabels": false,
    "canModifyEditorContentRestriction": true,
    "canModifyOwnerContentRestriction": true,
    "canRemoveContentRestriction": false,
    "canDisableInheritedPermissions": false,
    "canEnableInheritedPermissions": true,
    "canChangeItemDownloadRestriction": true,
    "canStartApproval": false,
    "canAccessViaGenAi": true
   },
   "thumbnailVersion": "0",
   "modifiedByMe": true,
   "permissionIds": [
    "07468399490707249352"
   ],
   "imageMediaMetadata": {
    "width": "***",
    "height": 0
   },
   "linkShareMetadata": {
    "securityUpdateEligible": false,
    "securityUpdateEnabled": true
   },
   "sha1Checksum": "2d998e8127bc80600cfbb4b89a1802f6f8e9e395",
   "sha256Checksum": "586d2cdf2b55380a17c6d3af55f77f09ba702d3a6812b41eeaf36608f5d4a2c1",
   "inheritedPermissionsDisabled": false,
   "downloadRestrictions": {
    "itemDownloadRestriction": {
     "restrictedForReaders": false,
     "restrictedForWriters": false
    },
    "effectiveDownloadRestrictionWithContext": {
     "restrictedForReaders": false,
     "restrictedForWriters": false
    }
   },
   "clientEncryptionDetails": {
    "decryptionMetadata": {
     "wrappedKey": "***",
     "kaclsId": "0",
     "aes256GcmChunkSize": "unset",
     "keyFormat": "***",
     "encryptionResourceKeyHash": "***"
    }
   }
  },
  {
   "kind": "drive#file",
   "fileExtension": "jpg",
   "copyRequiresWriterPermission": false,
   "md5Checksum": "85b6518b95b58536480354d9d5fc3d8b",
   "writersCanShare": true,
   "viewedByMe": false,
   "mimeType": "image/jpeg",
   "parents": [
    "191iyaa6-2BCNRPOF0F8mQ0TuNWPNesdM"
   ],
   "thumbnailLink": "https://lh3.googleusercontent.com/drive-storage/AJQWtBP3YplfhHlFJcz3VjB5sK2kJ6tX5SK8hdp3Wv787cNaToI8nmoufb9ME_GQ-MTzCz3-5lB2j9J1pxV-gobdKTIhhruR4VS9cZFEtpdfHd6LFRHcHQ=s220",
   "iconLink": "https://drive-thirdparty.googleusercontent.com/16/type/image/jpeg",
   "shared": false,
   "lastModifyingUser": {
    "displayName": "Антон Титовец",
    "kind": "drive#user",
    "me": true,
    "permissionId": "07468399490707249352",
    "emailAddress": "bayselonarrend@gmail.com",
    "photoLink": "https://lh3.googleusercontent.com/a/ACg8ocKYttNv2CZ-cTTuE90Zmht_PwnGc0YnjM1IUllXsTVORfZFVPU=s64"
   },
   "owners": [
    {
     "displayName": "Антон Титовец",
     "kind": "drive#user",
     "me": true,
     "permissionId": "07468399490707249352",
     "emailAddress": "bayselonarrend@gmail.com",
     "photoLink": "https://lh3.googleusercontent.com/a/ACg8ocKYttNv2CZ-cTTuE90Zmht_PwnGc0YnjM1IUllXsTVORfZFVPU=s64"
    }
   ],
   "headRevisionId": "0B92vrbrhqfJrUjEzTTVnMFIxdG5GU2dFZmxYTnNOcWl2dXYwPQ",
   "webViewLink": "https://drive.google.com/file/d/1olR2ItF3pQpCfgOzPC5fnVZfbn3gk0dv/view?usp=drivesdk",
   "webContentLink": "https://drive.google.com/uc?id=1olR2ItF3pQpCfgOzPC5fnVZfbn3gk0dv&export=download",
   "size": "2114025",
   "viewersCanCopyContent": true,
   "permissions": [
    {
     "id": "07468399490707249352",
     "displayName": "Антон Титовец",
     "type": "user",
     "kind": "drive#permission",
     "photoLink": "https://lh3.googleusercontent.com/a/ACg8ocKYttNv2CZ-cTTuE90Zmht_PwnGc0YnjM1IUllXsTVORfZFVPU=s64",
     "emailAddress": "bayselonarrend@gmail.com",
     "role": "owner",
     "deleted": false,
     "pendingOwner": false
    }
   ],
   "hasThumbnail": true,
   "spaces": [
    "drive"
   ],
   "id": "1olR2ItF3pQpCfgOzPC5fnVZfbn3gk0dv",
   "name": "Новый файл.jpg",
   "description": "Это новый файл",
   "starred": false,
   "trashed": false,
   "explicitlyTrashed": false,
   "createdTime": "2026-06-16T07:59:11.309Z",
   "modifiedTime": "2026-06-16T07:59:11.309Z",
   "modifiedByMeTime": "2026-06-16T07:59:11.309Z",
   "quotaBytesUsed": "2114025",
   "version": "2",
   "originalFilename": "***",
   "ownedByMe": true,
   "fullFileExtension": "jpg",
   "isAppAuthorized": true,
   "capabilities": {
    "canChangeViewersCanCopyContent": true,
    "canEdit": true,
    "canCopy": true,
    "canComment": true,
    "canAddChildren": false,
    "canDelete": true,
    "canDownload": true,
    "canListChildren": false,
    "canRemoveChildren": false,
    "canRename": true,
    "canTrash": true,
    "canReadRevisions": true,
    "canChangeCopyRequiresWriterPermission": true,
    "canMoveItemIntoTeamDrive": true,
    "canUntrash": true,
    "canModifyContent": true,
    "canMoveItemOutOfDrive": true,
    "canAddMyDriveParent": false,
    "canRemoveMyDriveParent": true,
    "canMoveItemWithinDrive": true,
    "canShare": true,
    "canMoveChildrenWithinDrive": false,
    "canModifyContentRestriction": true,
    "canChangeSecurityUpdateEnabled": false,
    "canAcceptOwnership": false,
    "canReadLabels": false,
    "canModifyLabels": false,
    "canModifyEditorContentRestriction": true,
    "canModifyOwnerContentRestriction": true,
    "canRemoveContentRestriction": false,
    "canDisableInheritedPermissions": false,
    "canEnableInheritedPermissions": true,
    "canChangeItemDownloadRestriction": true,
    "canStartApproval": false,
    "canAccessViaGenAi": true
   },
   "thumbnailVersion": "1",
   "modifiedByMe": true,
   "permissionIds": [
    "07468399490707249352"
   ],
   "imageMediaMetadata": {
    "flashUsed": true,
    "meteringMode": "Pattern",
    "exposureMode": "Auto",
    "colorSpace": "sRGB",
    "whiteBalance": "Auto",
    "width": "***",
    "height": 2448,
    "rotation": 0,
    "time": "2012:08:03 08:21:50",
    "cameraMake": "SONY",
    "cameraModel": "DSC-H7",
    "exposureTime": 0.00125,
    "aperture": 5.6,
    "focalLength": 5.2,
    "isoSpeed": 100,
    "exposureBias": 0,
    "maxApertureValue": 2.875
   },
   "linkShareMetadata": {
    "securityUpdateEligible": false,
    "securityUpdateEnabled": true
   },
   "sha1Checksum": "ebdbaf8ed7fe21f6562fde438a2bb12ba49750f2",
   "sha256Checksum": "1a03612de72929ef42a272cb17123871bf9b7723c89f9659765a49f744b6162b",
   "inheritedPermissionsDisabled": false,
   "downloadRestrictions": {
    "itemDownloadRestriction": {
     "restrictedForReaders": false,
     "restrictedForWriters": false
    },
    "effectiveDownloadRestrictionWithContext": {
     "restrictedForReaders": false,
     "restrictedForWriters": false
    }
   },
   "clientEncryptionDetails": {
    "decryptionMetadata": {
     "wrappedKey": "***",
     "kaclsId": "0",
     "aes256GcmChunkSize": "unset",
     "keyFormat": "***",
     "encryptionResourceKeyHash": "***"
    }
   }
  }
 ]
}
