[
 {
  "kind": "drive#file",
  "fileExtension": "json",
  "copyRequiresWriterPermission": false,
  "md5Checksum": "8905e26128f63f366b33c984c9e61544",
  "writersCanShare": true,
  "viewedByMe": true,
  "mimeType": "application/json",
  "parents": [
   "0AN2vrbrhqfJrUk9PVA"
  ],
  "iconLink": "https://drive-thirdparty.googleusercontent.com/16/type/application/json",
  "shared": false,
  "lastModifyingUser": {
   "displayName": "Антон Титовец",
   "kind": "drive#user",
   "me": true,
   "permissionId": "07468399490707249352",
   "emailAddress": "bayselonarrend@gmail.com",
   "photoLink": "https://lh3.googleusercontent.com/a/ACg8ocKYttNv2CZ-cTTuE90Zmht_PwnGc0YnjM1IUllXsTVORfZFVPU=s64"
  },
  "owners": [
   {
    "displayName": "Антон Титовец",
    "kind": "drive#user",
    "me": true,
    "permissionId": "07468399490707249352",
    "emailAddress": "bayselonarrend@gmail.com",
    "photoLink": "https://lh3.googleusercontent.com/a/ACg8ocKYttNv2CZ-cTTuE90Zmht_PwnGc0YnjM1IUllXsTVORfZFVPU=s64"
   }
  ],
  "headRevisionId": "0B92vrbrhqfJrbVBDaXR2ZmpXOVZVSnhKN0pySHFENi90ODVBPQ",
  "webViewLink": "https://drive.google.com/file/d/1NKMmj4SJh3WUw74nhLuMofW7dfpUR520/view?usp=drivesdk",
  "webContentLink": "https://drive.google.com/uc?id=1NKMmj4SJh3WUw74nhLuMofW7dfpUR520&export=download",
  "size": "23712",
  "viewersCanCopyContent": true,
  "permissions": [
   {
    "id": "07468399490707249352",
    "displayName": "Антон Титовец",
    "type": "user",
    "kind": "drive#permission",
    "photoLink": "https://lh3.googleusercontent.com/a/ACg8ocKYttNv2CZ-cTTuE90Zmht_PwnGc0YnjM1IUllXsTVORfZFVPU=s64",
    "emailAddress": "bayselonarrend@gmail.com",
    "role": "owner",
    "deleted": false,
    "pendingOwner": false
   }
  ],
  "hasThumbnail": false,
  "spaces": [
   "drive"
  ],
  "id": "1NKMmj4SJh3WUw74nhLuMofW7dfpUR520",
  "name": "data.json",
  "starred": false,
  "trashed": false,
  "explicitlyTrashed": false,
  "createdTime": "2024-02-29T19:22:49.616Z",
  "modifiedTime": "2026-05-24T15:10:05.79Z",
  "modifiedByMeTime": "2026-05-24T15:10:05.79Z",
  "viewedByMeTime": "2026-05-24T15:10:05.79Z",
  "quotaBytesUsed": "23712",
  "version": "26247",
  "originalFilename": "***",
  "ownedByMe": true,
  "fullFileExtension": "json",
  "isAppAuthorized": false,
  "capabilities": {
   "canChangeViewersCanCopyContent": true,
   "canEdit": true,
   "canCopy": true,
   "canComment": true,
   "canAddChildren": false,
   "canDelete": true,
   "canDownload": true,
   "canListChildren": false,
   "canRemoveChildren": false,
   "canRename": true,
   "canTrash": true,
   "canReadRevisions": true,
   "canChangeCopyRequiresWriterPermission": true,
   "canMoveItemIntoTeamDrive": true,
   "canUntrash": true,
   "canModifyContent": true,
   "canMoveItemOutOfDrive": true,
   "canAddMyDriveParent": false,
   "canRemoveMyDriveParent": true,
   "canMoveItemWithinDrive": true,
   "canShare": true,
   "canMoveChildrenWithinDrive": false,
   "canModifyContentRestriction": true,
   "canChangeSecurityUpdateEnabled": false,
   "canAcceptOwnership": false,
   "canReadLabels": false,
   "canModifyLabels": false,
   "canModifyEditorContentRestriction": true,
   "canModifyOwnerContentRestriction": true,
   "canRemoveContentRestriction": false,
   "canDisableInheritedPermissions": false,
   "canEnableInheritedPermissions": true,
   "canChangeItemDownloadRestriction": true,
   "canStartApproval": false
  },
  "thumbnailVersion": "0",
  "modifiedByMe": true,
  "permissionIds": [
   "07468399490707249352"
  ],
  "linkShareMetadata": {
   "securityUpdateEligible": false,
   "securityUpdateEnabled": true
  },
  "sha1Checksum": "a7f2ff9da97190ea874387cd6644be751684c00b",
  "sha256Checksum": "27cbff7f0a07fc476b72018f495ba51c4eb57313ea0aab42d2dbacc072ab7aeb",
  "inheritedPermissionsDisabled": false,
  "downloadRestrictions": {
   "itemDownloadRestriction": {
    "restrictedForReaders": false,
    "restrictedForWriters": false
   },
   "effectiveDownloadRestrictionWithContext": {
    "restrictedForReaders": false,
    "restrictedForWriters": false
   }
  },
  "clientEncryptionDetails": {
   "decryptionMetadata": {
    "wrappedKey": "***",
    "kaclsId": "0",
    "aes256GcmChunkSize": "unset",
    "keyFormat": "***",
    "encryptionResourceKeyHash": "***"
   }
  }
 }
]
