{
 "comments": [
  {
   "replies": [],
   "author": {
    "displayName": "Антон Титовец",
    "kind": "drive#user",
    "me": true,
    "photoLink": "//lh3.googleusercontent.com/a/ACg8ocJnbqA6yq1Q0s-yU0hen8H6NFa_chOdcC2wpT9q-BJj0q7MyPU=s50-c-k-no"
   },
   "kind": "drive#comment",
   "id": "AAACDPqLDvg",
   "createdTime": "2026-07-19T17:19:05.033Z",
   "modifiedTime": "2026-07-19T17:19:05.033Z",
   "htmlContent": "Текст комментария",
   "content": "Текст комментария",
   "deleted": false
  }
 ],
 "kind": "drive#commentList"
}
