{
 "ok": true,
 "channel": {
  "id": "C0B64HCF954",
  "created": 1779797759,
  "creator": "U06UG1CAYH2",
  "is_org_shared": false,
  "is_im": false,
  "context_team_id": "T06UD92BS3C",
  "updated": 1779797760630,
  "name": "testconvc20037e1-399d-42e5-bad0-ff81b9f4985a",
  "name_normalized": "testconvc20037e1-399d-42e5-bad0-ff81b9f4985a",
  "is_channel": true,
  "is_group": false,
  "is_mpim": false,
  "is_private": false,
  "is_archived": false,
  "is_general": false,
  "is_shared": false,
  "is_ext_shared": false,
  "unlinked": 0,
  "is_pending_ext_shared": false,
  "pending_shared": [],
  "parent_conversation": null,
  "purpose": {
   "value": "TestGoal",
   "creator": "U06UG1CAYH2",
   "last_set": 1779797760
  },
  "topic": {
   "value": "TestTopic",
   "creator": "U06UG1CAYH2",
   "last_set": 1779797760
  },
  "shared_team_ids": [
   "T06UD92BS3C"
  ],
  "pending_connected_team_ids": [],
  "is_member": true,
  "last_read": "0000000000.000000",
  "previous_names": []
 }
}
