{
 "ok": true,
 "messages": [
  {
   "subtype": "channel_join",
   "user": "U06UABH3APP",
   "text": "<@U06UABH3APP> has joined the channel",
   "inviter": "***",
   "type": "message",
   "ts": "1779797761.673269"
  },
  {
   "subtype": "channel_purpose",
   "user": "U06UG1CAYH2",
   "purpose": "TestGoal",
   "text": "set the channel description: TestGoal",
   "type": "message",
   "ts": "1779797760.657809"
  },
  {
   "subtype": "channel_topic",
   "user": "U06UG1CAYH2",
   "topic": "TestTopic",
   "text": "set the channel topic: TestTopic",
   "type": "message",
   "ts": "1779797760.087369"
  },
  {
   "subtype": "channel_join",
   "user": "U06UG1CAYH2",
   "text": "<@U06UG1CAYH2> has joined the channel",
   "type": "message",
   "ts": "1779797759.458749"
  }
 ],
 "has_more": false,
 "is_limited": false,
 "pin_count": 0,
 "channel_actions_ts": null,
 "channel_actions_count": 0
}
