{
 "ok": true,
 "messages": [
  {
   "user": "U06UG1CAYH2",
   "type": "message",
   "ts": "1767708893.409169",
   "edited": {
    "user": "B06TZ0MJV5M",
    "ts": "1767708902.000000"
   },
   "bot_id": "B06TZ0MJV5M",
   "app_id": "A06TYNH45RV",
   "text": "TestMessage2",
   "team": "T06UD92BS3C",
   "bot_profile": {
    "id": "B06TZ0MJV5M",
    "deleted": false,
    "name": "OpenIntegrations",
    "updated": 1713205238,
    "app_id": "A06TYNH45RV",
    "user_id": "U06UG1CAYH2",
    "icons": {
     "image_36": "https://a.slack-edge.com/80588/img/plugins/app/bot_36.png",
     "image_48": "https://a.slack-edge.com/80588/img/plugins/app/bot_48.png",
     "image_72": "https://a.slack-edge.com/80588/img/plugins/app/service_72.png"
    },
    "team_id": "T06UD92BS3C"
   },
   "blocks": [
    {
     "type": "rich_text",
     "block_id": "DyKz",
     "elements": [
      {
       "type": "rich_text_section",
       "elements": [
        {
         "type": "text",
         "text": "TestMessage2"
        }
       ]
      }
     ]
    }
   ]
  }
 ],
 "has_more": false
}
