{
 "ok": true,
 "channel": {
  "id": "C0AN9HS28NB",
  "created": 1774429962,
  "creator": "U06UG1CAYH2",
  "is_org_shared": false,
  "is_im": false,
  "context_team_id": "T06UD92BS3C",
  "updated": 1774429963801,
  "name": "testconveaf0ab1e-248d-4e84-a3dc-5d365bba2948",
  "name_normalized": "testconveaf0ab1e-248d-4e84-a3dc-5d365bba2948",
  "is_channel": true,
  "is_group": false,
  "is_mpim": false,
  "is_private": false,
  "is_archived": false,
  "is_general": false,
  "is_shared": false,
  "is_ext_shared": false,
  "unlinked": 0,
  "is_pending_ext_shared": false,
  "pending_shared": [],
  "parent_conversation": null,
  "purpose": {
   "value": "TestGoal",
   "creator": "U06UG1CAYH2",
   "last_set": 1774429963
  },
  "topic": {
   "value": "TestTopic",
   "creator": "U06UG1CAYH2",
   "last_set": 1774429963
  },
  "shared_team_ids": [
   "T06UD92BS3C"
  ],
  "pending_connected_team_ids": [],
  "is_member": true,
  "last_read": "0000000000.000000",
  "previous_names": []
 }
}
