{
 "ok": true,
 "channel": {
  "id": "C0BJ8F1KRMK",
  "created": 1784478545,
  "creator": "U06UG1CAYH2",
  "is_org_shared": false,
  "is_im": false,
  "context_team_id": "T06UD92BS3C",
  "updated": 1784478554480,
  "name": "testconv7f47cb78-a96d-4141-8a74-4c9b8bafd448",
  "name_normalized": "testconv7f47cb78-a96d-4141-8a74-4c9b8bafd448",
  "is_channel": true,
  "is_group": false,
  "is_mpim": false,
  "is_private": false,
  "is_archived": false,
  "is_general": false,
  "is_shared": false,
  "is_ext_shared": false,
  "unlinked": 0,
  "is_pending_ext_shared": false,
  "pending_shared": [],
  "parent_conversation": null,
  "purpose": {
   "value": "TestGoal",
   "creator": "U06UG1CAYH2",
   "last_set": 1784478554
  },
  "topic": {
   "value": "TestTopic",
   "creator": "U06UG1CAYH2",
   "last_set": 1784478551
  },
  "shared_team_ids": [
   "T06UD92BS3C"
  ],
  "pending_connected_team_ids": [],
  "is_member": true,
  "last_read": "1784478564.314249",
  "priority": 0,
  "previous_names": []
 }
}
