{
 "ok": true,
 "channel": {
  "id": "C0B65EDL7U6",
  "created": 1779804380,
  "creator": "U06UG1CAYH2",
  "is_org_shared": false,
  "is_im": false,
  "context_team_id": "T06UD92BS3C",
  "updated": 1779804392176,
  "name": "testconv13606d2b-114e-4709-a22f-600521206514",
  "name_normalized": "testconv13606d2b-114e-4709-a22f-600521206514",
  "is_channel": true,
  "is_group": false,
  "is_mpim": false,
  "is_private": false,
  "is_archived": false,
  "is_general": false,
  "is_shared": false,
  "is_ext_shared": false,
  "unlinked": 0,
  "is_pending_ext_shared": false,
  "pending_shared": [],
  "parent_conversation": null,
  "purpose": {
   "value": "TestGoal",
   "creator": "U06UG1CAYH2",
   "last_set": 1779804383
  },
  "topic": {
   "value": "TestTopic",
   "creator": "U06UG1CAYH2",
   "last_set": 1779804382
  },
  "shared_team_ids": [
   "T06UD92BS3C"
  ],
  "pending_connected_team_ids": [],
  "is_member": true,
  "last_read": "1779804385.615599",
  "previous_names": [
   "testconv13888255-875a-478d-96e9-4d3cfc72d1cc"
  ]
 }
}
