{
 "ok": true,
 "file": {
  "id": "F0B5X6R2MNH",
  "created": 1779718063,
  "timestamp": 1779718063,
  "mimetype": "application/vnd.slack-remote",
  "filetype": "remote",
  "pretty_type": "Remote",
  "user": "U06UG1CAYH2",
  "user_team": "T06UD92BS3C",
  "editable": false,
  "size": 0,
  "mode": "external",
  "is_external": true,
  "external_type": "app",
  "is_public": true,
  "public_url_shared": false,
  "display_as_bot": false,
  "username": "",
  "name": "NewFile",
  "title": "NewFile",
  "is_modified_by_ai": false,
  "external_id": "f0e6dbfc-cb8f-4d94-99da-aa9913f1965c",
  "external_url": "https://hut.openintegrations.dev/test_data/document.docx",
  "url_private": "https://hut.openintegrations.dev/test_data/document.docx",
  "media_display_type": "unknown",
  "permalink": "https://openintegrationsgroup.slack.com/files/U06UG1CAYH2/F0B5X6R2MNH/newfile",
  "comments_count": 0,
  "is_starred": false,
  "shares": {
   "public": {
    "C06UFNUTKUL": [
     {
      "reply_users": [],
      "reply_users_count": 0,
      "reply_count": 0,
      "ts": "1779718065.764949",
      "channel_name": "slack-api-librarry",
      "team_id": "T06UD92BS3C",
      "share_user_id": "U06UG1CAYH2",
      "source": "UNKNOWN",
      "is_silent_share": false
     }
    ]
   }
  },
  "channels": [
   "C06UFNUTKUL"
  ],
  "groups": [],
  "ims": [],
  "has_more_shares": false,
  "app_id": "A06TYNH45RV",
  "app_provides_file_work_objects": false,
  "has_rich_preview": false,
  "file_access": "visible"
 }
}
