{
 "ok": true,
 "channel": {
  "id": "C0BBNDSRZ4Z",
  "created": 1781804434,
  "creator": "U06UG1CAYH2",
  "is_org_shared": false,
  "is_im": false,
  "context_team_id": "T06UD92BS3C",
  "updated": 1781804437288,
  "name": "testconveb624fed-a0e3-4e55-9582-ac70b01296cb",
  "name_normalized": "testconveb624fed-a0e3-4e55-9582-ac70b01296cb",
  "is_channel": true,
  "is_group": false,
  "is_mpim": false,
  "is_private": false,
  "is_archived": false,
  "is_general": false,
  "is_shared": false,
  "is_ext_shared": false,
  "unlinked": 0,
  "is_pending_ext_shared": false,
  "pending_shared": [],
  "parent_conversation": null,
  "purpose": {
   "value": "",
   "creator": "",
   "last_set": 0
  },
  "topic": {
   "value": "TestTopic",
   "creator": "U06UG1CAYH2",
   "last_set": 1781804437
  },
  "shared_team_ids": [
   "T06UD92BS3C"
  ],
  "pending_connected_team_ids": [],
  "is_member": false,
  "previous_names": []
 }
}
