{
 "ok": true,
 "channel": {
  "id": "C0B6USH5EL8",
  "created": 1779718025,
  "creator": "U06UG1CAYH2",
  "is_org_shared": false,
  "is_im": false,
  "context_team_id": "T06UD92BS3C",
  "updated": 1779718028358,
  "name": "testconv0e9221aa-906e-411f-ac48-32712bc83574",
  "name_normalized": "testconv0e9221aa-906e-411f-ac48-32712bc83574",
  "is_channel": true,
  "is_group": false,
  "is_mpim": false,
  "is_private": false,
  "is_archived": false,
  "is_general": false,
  "is_shared": false,
  "is_ext_shared": false,
  "unlinked": 0,
  "is_pending_ext_shared": false,
  "pending_shared": [],
  "parent_conversation": null,
  "purpose": {
   "value": "TestGoal",
   "creator": "U06UG1CAYH2",
   "last_set": 1779718028
  },
  "topic": {
   "value": "TestTopic",
   "creator": "U06UG1CAYH2",
   "last_set": 1779718027
  },
  "shared_team_ids": [
   "T06UD92BS3C"
  ],
  "pending_connected_team_ids": [],
  "is_member": false,
  "previous_names": []
 }
}
