{
 "message": {
  "f_bool": true,
  "f_bools": [],
  "f_bytes": {
   "BYTES": "<base64 string>
  },
  "f_bytess": [
   {
    "BYTES": "<base64 string>
   },
   {
    "BYTES": "<base64 string>
   }
  ],
  "f_enum": "ENUM_1",
  "f_enums": [],
  "f_float": 123.220001220703,
  "f_floats": [],
  "f_int32": 123,
  "f_int32s": [
   1,
   10,
   100
  ],
  "f_int64": 123,
  "f_int64s": [],
  "f_string": "Test message",
  "f_strings": [
   "one",
   "two",
   "three"
  ],
  "f_sub": {
   "f_string": "Nested value"
  },
  "f_subs": []
 },
 "result": true
}
